09:13:50 **** Build of project MB0_n_bsp ****
make -k all 
"Running Make include in microblaze_0/libsrc/bram_v4_1/src"
C:/Xilinx/SDK/2016.4/gnuwin/bin/make -C microblaze_0/libsrc/bram_v4_1/src -s include  "SHELL=CMD" "COMPILER=mb-gcc" "ARCHIVER=mb-ar" "COMPILER_FLAGS= -O2 -c -mcpu=v9.6 -mhard-float -mlittle-endian -mno-xl-reorder -mno-xl-soft-div -mno-xl-soft-mul -mxl-barrel-shift" "EXTRA_COMPILER_FLAGS=-g"
"Running Make include in microblaze_0/libsrc/cpu_v2_5/src"
C:/Xilinx/SDK/2016.4/gnuwin/bin/make -C microblaze_0/libsrc/cpu_v2_5/src -s include  "SHELL=CMD" "COMPILER=mb-gcc" "ARCHIVER=mb-ar" "COMPILER_FLAGS= -O2 -c -mcpu=v9.6 -mhard-float -mlittle-endian -mno-xl-reorder -mno-xl-soft-div -mno-xl-soft-mul -mxl-barrel-shift" "EXTRA_COMPILER_FLAGS=-g"
"Running Make include in microblaze_0/libsrc/gpio_v4_1/src"
C:/Xilinx/SDK/2016.4/gnuwin/bin/make -C microblaze_0/libsrc/gpio_v4_1/src -s include  "SHELL=CMD" "COMPILER=mb-gcc" "ARCHIVER=mb-ar" "COMPILER_FLAGS= -O2 -c -mcpu=v9.6 -mhard-float -mlittle-endian -mno-xl-reorder -mno-xl-soft-div -mno-xl-soft-mul -mxl-barrel-shift" "EXTRA_COMPILER_FLAGS=-g"
"Running Make include in microblaze_0/libsrc/intc_v3_5/src"
C:/Xilinx/SDK/2016.4/gnuwin/bin/make -C microblaze_0/libsrc/intc_v3_5/src -s include  "SHELL=CMD" "COMPILER=mb-gcc" "ARCHIVER=mb-ar" "COMPILER_FLAGS= -O2 -c -mcpu=v9.6 -mhard-float -mlittle-endian -mno-xl-reorder -mno-xl-soft-div -mno-xl-soft-mul -mxl-barrel-shift" "EXTRA_COMPILER_FLAGS=-g"
"Running Make include in microblaze_0/libsrc/PmodWIFI_v1_0/src"
C:/Xilinx/SDK/2016.4/gnuwin/bin/make -C microblaze_0/libsrc/PmodWIFI_v1_0/src -s include  "SHELL=CMD" "COMPILER=mb-gcc" "ARCHIVER=mb-ar" "COMPILER_FLAGS= -O2 -c -mcpu=v9.6 -mhard-float -mlittle-endian -mno-xl-reorder -mno-xl-soft-div -mno-xl-soft-mul -mxl-barrel-shift" "EXTRA_COMPILER_FLAGS=-g"
"Running Make include in microblaze_0/libsrc/standalone_v5_5/src"
C:/Xilinx/SDK/2016.4/gnuwin/bin/make -C microblaze_0/libsrc/standalone_v5_5/src -s include  "SHELL=CMD" "COMPILER=mb-gcc" "ARCHIVER=mb-ar" "COMPILER_FLAGS= -O2 -c -mcpu=v9.6 -mhard-float -mlittle-endian -mno-xl-reorder -mno-xl-soft-div -mno-xl-soft-mul -mxl-barrel-shift" "EXTRA_COMPILER_FLAGS=-g"
"Running Make include in microblaze_0/libsrc/uartlite_v3_2/src"
C:/Xilinx/SDK/2016.4/gnuwin/bin/make -C microblaze_0/libsrc/uartlite_v3_2/src -s include  "SHELL=CMD" "COMPILER=mb-gcc" "ARCHIVER=mb-ar" "COMPILER_FLAGS= -O2 -c -mcpu=v9.6 -mhard-float -mlittle-endian -mno-xl-reorder -mno-xl-soft-div -mno-xl-soft-mul -mxl-barrel-shift" "EXTRA_COMPILER_FLAGS=-g"
"Running Make libs in microblaze_0/libsrc/bram_v4_1/src"
C:/Xilinx/SDK/2016.4/gnuwin/bin/make -C microblaze_0/libsrc/bram_v4_1/src -s libs  "SHELL=CMD" "COMPILER=mb-gcc" "ARCHIVER=mb-ar" "COMPILER_FLAGS= -O2 -c -mcpu=v9.6 -mhard-float -mlittle-endian -mno-xl-reorder -mno-xl-soft-div -mno-xl-soft-mul -mxl-barrel-shift" "EXTRA_COMPILER_FLAGS=-g"
"Compiling bram"
"Running Make libs in microblaze_0/libsrc/cpu_v2_5/src"
C:/Xilinx/SDK/2016.4/gnuwin/bin/make -C microblaze_0/libsrc/cpu_v2_5/src -s libs  "SHELL=CMD" "COMPILER=mb-gcc" "ARCHIVER=mb-ar" "COMPILER_FLAGS= -O2 -c -mcpu=v9.6 -mhard-float -mlittle-endian -mno-xl-reorder -mno-xl-soft-div -mno-xl-soft-mul -mxl-barrel-shift" "EXTRA_COMPILER_FLAGS=-g"
"Compiling cpu"
"Running Make libs in microblaze_0/libsrc/gpio_v4_1/src"
C:/Xilinx/SDK/2016.4/gnuwin/bin/make -C microblaze_0/libsrc/gpio_v4_1/src -s libs  "SHELL=CMD" "COMPILER=mb-gcc" "ARCHIVER=mb-ar" "COMPILER_FLAGS= -O2 -c -mcpu=v9.6 -mhard-float -mlittle-endian -mno-xl-reorder -mno-xl-soft-div -mno-xl-soft-mul -mxl-barrel-shift" "EXTRA_COMPILER_FLAGS=-g"
"Compiling gpio"
"Running Make libs in microblaze_0/libsrc/intc_v3_5/src"
C:/Xilinx/SDK/2016.4/gnuwin/bin/make -C microblaze_0/libsrc/intc_v3_5/src -s libs  "SHELL=CMD" "COMPILER=mb-gcc" "ARCHIVER=mb-ar" "COMPILER_FLAGS= -O2 -c -mcpu=v9.6 -mhard-float -mlittle-endian -mno-xl-reorder -mno-xl-soft-div -mno-xl-soft-mul -mxl-barrel-shift" "EXTRA_COMPILER_FLAGS=-g"
"Compiling intc"
"Running Make libs in microblaze_0/libsrc/PmodWIFI_v1_0/src"
C:/Xilinx/SDK/2016.4/gnuwin/bin/make -C microblaze_0/libsrc/PmodWIFI_v1_0/src -s libs  "SHELL=CMD" "COMPILER=mb-gcc" "ARCHIVER=mb-ar" "COMPILER_FLAGS= -O2 -c -mcpu=v9.6 -mhard-float -mlittle-endian -mno-xl-reorder -mno-xl-soft-div -mno-xl-soft-mul -mxl-barrel-shift" "EXTRA_COMPILER_FLAGS=-g"
"Compiling PmodWIFI..."
"Running Make libs in microblaze_0/libsrc/standalone_v5_5/src"
C:/Xilinx/SDK/2016.4/gnuwin/bin/make -C microblaze_0/libsrc/standalone_v5_5/src -s libs  "SHELL=CMD" "COMPILER=mb-gcc" "ARCHIVER=mb-ar" "COMPILER_FLAGS= -O2 -c -mcpu=v9.6 -mhard-float -mlittle-endian -mno-xl-reorder -mno-xl-soft-div -mno-xl-soft-mul -mxl-barrel-shift" "EXTRA_COMPILER_FLAGS=-g"
"Compiling standalone";
"Running Make libs in microblaze_0/libsrc/uartlite_v3_2/src"
C:/Xilinx/SDK/2016.4/gnuwin/bin/make -C microblaze_0/libsrc/uartlite_v3_2/src -s libs  "SHELL=CMD" "COMPILER=mb-gcc" "ARCHIVER=mb-ar" "COMPILER_FLAGS= -O2 -c -mcpu=v9.6 -mhard-float -mlittle-endian -mno-xl-reorder -mno-xl-soft-div -mno-xl-soft-mul -mxl-barrel-shift" "EXTRA_COMPILER_FLAGS=-g"
"Compiling uartlite"
'Finished building libraries'

09:14:13 Build Finished (took 22s.314ms)

