
*** Running vivado
    with args -log PmodWIFI_pmod_bridge_0_0.vds -m64 -mode batch -messageDb vivado.pb -notrace -source PmodWIFI_pmod_bridge_0_0.tcl


****** Vivado v2016.2 (64-bit)
  **** SW Build 1577090 on Thu Jun  2 16:32:40 MDT 2016
  **** IP Build 1577682 on Fri Jun  3 12:00:54 MDT 2016
    ** Copyright 1986-2016 Xilinx, Inc. All Rights Reserved.

source PmodWIFI_pmod_bridge_0_0.tcl -notrace
Command: synth_design -top PmodWIFI_pmod_bridge_0_0 -part xc7a100tcsg324-1 -mode out_of_context
Starting synth_design
Attempting to get a license for feature 'Synthesis' and/or device 'xc7a100t'
INFO: [Common 17-349] Got license for feature 'Synthesis' and/or device 'xc7a100t'
INFO: Launching helper process for spawning children vivado processes
INFO: Helper process launched with PID 6016 
---------------------------------------------------------------------------------
Starting RTL Elaboration : Time (s): cpu = 00:00:06 ; elapsed = 00:00:10 . Memory (MB): peak = 287.297 ; gain = 77.531
---------------------------------------------------------------------------------
INFO: [Synth 8-638] synthesizing module 'PmodWIFI_pmod_bridge_0_0' [c:/Users/IBM_ADMIN/Desktop/yy/project_1/project_1.srcs/sources_1/ip/PmodWIFI_pmod_bridge_0_0/synth/PmodWIFI_pmod_bridge_0_0.v:56]
INFO: [Synth 8-638] synthesizing module 'pmod_concat' [c:/Users/IBM_ADMIN/Desktop/yy/project_1/project_1.srcs/sources_1/ip/PmodWIFI_pmod_bridge_0_0/src/pmod_concat.v:12]
	Parameter Top_Row_Interface bound to: SPI - type: string 
	Parameter Bottom_Row_Interface bound to: GPIO - type: string 
WARNING: [Synth 8-3848] Net in_top_bus_I in module/entity pmod_concat does not have driver. [c:/Users/IBM_ADMIN/Desktop/yy/project_1/project_1.srcs/sources_1/ip/PmodWIFI_pmod_bridge_0_0/src/pmod_concat.v:84]
WARNING: [Synth 8-3848] Net in_top_uart_gpio_bus_I in module/entity pmod_concat does not have driver. [c:/Users/IBM_ADMIN/Desktop/yy/project_1/project_1.srcs/sources_1/ip/PmodWIFI_pmod_bridge_0_0/src/pmod_concat.v:87]
WARNING: [Synth 8-3848] Net in_top_i2c_gpio_bus_I in module/entity pmod_concat does not have driver. [c:/Users/IBM_ADMIN/Desktop/yy/project_1/project_1.srcs/sources_1/ip/PmodWIFI_pmod_bridge_0_0/src/pmod_concat.v:90]
WARNING: [Synth 8-3848] Net in_bottom_uart_gpio_bus_I in module/entity pmod_concat does not have driver. [c:/Users/IBM_ADMIN/Desktop/yy/project_1/project_1.srcs/sources_1/ip/PmodWIFI_pmod_bridge_0_0/src/pmod_concat.v:97]
WARNING: [Synth 8-3848] Net in_bottom_i2c_gpio_bus_I in module/entity pmod_concat does not have driver. [c:/Users/IBM_ADMIN/Desktop/yy/project_1/project_1.srcs/sources_1/ip/PmodWIFI_pmod_bridge_0_0/src/pmod_concat.v:100]
WARNING: [Synth 8-3848] Net in4_I in module/entity pmod_concat does not have driver. [c:/Users/IBM_ADMIN/Desktop/yy/project_1/project_1.srcs/sources_1/ip/PmodWIFI_pmod_bridge_0_0/src/pmod_concat.v:108]
WARNING: [Synth 8-3848] Net in5_I in module/entity pmod_concat does not have driver. [c:/Users/IBM_ADMIN/Desktop/yy/project_1/project_1.srcs/sources_1/ip/PmodWIFI_pmod_bridge_0_0/src/pmod_concat.v:109]
WARNING: [Synth 8-3848] Net in6_I in module/entity pmod_concat does not have driver. [c:/Users/IBM_ADMIN/Desktop/yy/project_1/project_1.srcs/sources_1/ip/PmodWIFI_pmod_bridge_0_0/src/pmod_concat.v:110]
WARNING: [Synth 8-3848] Net in7_I in module/entity pmod_concat does not have driver. [c:/Users/IBM_ADMIN/Desktop/yy/project_1/project_1.srcs/sources_1/ip/PmodWIFI_pmod_bridge_0_0/src/pmod_concat.v:111]
INFO: [Synth 8-256] done synthesizing module 'pmod_concat' (1#1) [c:/Users/IBM_ADMIN/Desktop/yy/project_1/project_1.srcs/sources_1/ip/PmodWIFI_pmod_bridge_0_0/src/pmod_concat.v:12]
INFO: [Synth 8-256] done synthesizing module 'PmodWIFI_pmod_bridge_0_0' (2#1) [c:/Users/IBM_ADMIN/Desktop/yy/project_1/project_1.srcs/sources_1/ip/PmodWIFI_pmod_bridge_0_0/synth/PmodWIFI_pmod_bridge_0_0.v:56]
WARNING: [Synth 8-3331] design pmod_concat has unconnected port in_top_bus_I[3]
WARNING: [Synth 8-3331] design pmod_concat has unconnected port in_top_bus_I[2]
WARNING: [Synth 8-3331] design pmod_concat has unconnected port in_top_bus_I[1]
WARNING: [Synth 8-3331] design pmod_concat has unconnected port in_top_bus_I[0]
WARNING: [Synth 8-3331] design pmod_concat has unconnected port in_top_uart_gpio_bus_I[1]
WARNING: [Synth 8-3331] design pmod_concat has unconnected port in_top_uart_gpio_bus_I[0]
WARNING: [Synth 8-3331] design pmod_concat has unconnected port in_top_i2c_gpio_bus_I[1]
WARNING: [Synth 8-3331] design pmod_concat has unconnected port in_top_i2c_gpio_bus_I[0]
WARNING: [Synth 8-3331] design pmod_concat has unconnected port in_bottom_uart_gpio_bus_I[1]
WARNING: [Synth 8-3331] design pmod_concat has unconnected port in_bottom_uart_gpio_bus_I[0]
WARNING: [Synth 8-3331] design pmod_concat has unconnected port in_bottom_i2c_gpio_bus_I[1]
WARNING: [Synth 8-3331] design pmod_concat has unconnected port in_bottom_i2c_gpio_bus_I[0]
WARNING: [Synth 8-3331] design pmod_concat has unconnected port in4_I
WARNING: [Synth 8-3331] design pmod_concat has unconnected port in5_I
WARNING: [Synth 8-3331] design pmod_concat has unconnected port in6_I
WARNING: [Synth 8-3331] design pmod_concat has unconnected port in7_I
WARNING: [Synth 8-3331] design pmod_concat has unconnected port in_top_bus_O[3]
WARNING: [Synth 8-3331] design pmod_concat has unconnected port in_top_bus_O[2]
WARNING: [Synth 8-3331] design pmod_concat has unconnected port in_top_bus_O[1]
WARNING: [Synth 8-3331] design pmod_concat has unconnected port in_top_bus_O[0]
WARNING: [Synth 8-3331] design pmod_concat has unconnected port in_top_bus_T[3]
WARNING: [Synth 8-3331] design pmod_concat has unconnected port in_top_bus_T[2]
WARNING: [Synth 8-3331] design pmod_concat has unconnected port in_top_bus_T[1]
WARNING: [Synth 8-3331] design pmod_concat has unconnected port in_top_bus_T[0]
WARNING: [Synth 8-3331] design pmod_concat has unconnected port in_top_uart_gpio_bus_O[1]
WARNING: [Synth 8-3331] design pmod_concat has unconnected port in_top_uart_gpio_bus_O[0]
WARNING: [Synth 8-3331] design pmod_concat has unconnected port in_top_uart_gpio_bus_T[1]
WARNING: [Synth 8-3331] design pmod_concat has unconnected port in_top_uart_gpio_bus_T[0]
WARNING: [Synth 8-3331] design pmod_concat has unconnected port in_top_i2c_gpio_bus_O[1]
WARNING: [Synth 8-3331] design pmod_concat has unconnected port in_top_i2c_gpio_bus_O[0]
WARNING: [Synth 8-3331] design pmod_concat has unconnected port in_top_i2c_gpio_bus_T[1]
WARNING: [Synth 8-3331] design pmod_concat has unconnected port in_top_i2c_gpio_bus_T[0]
WARNING: [Synth 8-3331] design pmod_concat has unconnected port in_bottom_uart_gpio_bus_O[1]
WARNING: [Synth 8-3331] design pmod_concat has unconnected port in_bottom_uart_gpio_bus_O[0]
WARNING: [Synth 8-3331] design pmod_concat has unconnected port in_bottom_uart_gpio_bus_T[1]
WARNING: [Synth 8-3331] design pmod_concat has unconnected port in_bottom_uart_gpio_bus_T[0]
WARNING: [Synth 8-3331] design pmod_concat has unconnected port in_bottom_i2c_gpio_bus_O[1]
WARNING: [Synth 8-3331] design pmod_concat has unconnected port in_bottom_i2c_gpio_bus_O[0]
WARNING: [Synth 8-3331] design pmod_concat has unconnected port in_bottom_i2c_gpio_bus_T[1]
WARNING: [Synth 8-3331] design pmod_concat has unconnected port in_bottom_i2c_gpio_bus_T[0]
WARNING: [Synth 8-3331] design pmod_concat has unconnected port in4_O
WARNING: [Synth 8-3331] design pmod_concat has unconnected port in5_O
WARNING: [Synth 8-3331] design pmod_concat has unconnected port in6_O
WARNING: [Synth 8-3331] design pmod_concat has unconnected port in7_O
WARNING: [Synth 8-3331] design pmod_concat has unconnected port in4_T
WARNING: [Synth 8-3331] design pmod_concat has unconnected port in5_T
WARNING: [Synth 8-3331] design pmod_concat has unconnected port in6_T
WARNING: [Synth 8-3331] design pmod_concat has unconnected port in7_T
---------------------------------------------------------------------------------
Finished RTL Elaboration : Time (s): cpu = 00:00:07 ; elapsed = 00:00:11 . Memory (MB): peak = 325.199 ; gain = 115.434
---------------------------------------------------------------------------------

Report Check Netlist: 
+------+------------------+-------+---------+-------+------------------+
|      |Item              |Errors |Warnings |Status |Description       |
+------+------------------+-------+---------+-------+------------------+
|1     |multi_driven_nets |      0|        0|Passed |Multi driven nets |
+------+------------------+-------+---------+-------+------------------+
---------------------------------------------------------------------------------
Finished RTL Optimization Phase 1 : Time (s): cpu = 00:00:07 ; elapsed = 00:00:11 . Memory (MB): peak = 325.199 ; gain = 115.434
---------------------------------------------------------------------------------
INFO: [Device 21-403] Loading part xc7a100tcsg324-1
INFO: [Project 1-570] Preparing netlist for logic optimization

Processing XDC Constraints
Initializing timing engine
WARNING: [Designutils 20-1758] instance inst wraps a black box. Constraint reading is skipped for elaborated designs in this case. Skipping constraint file 'c:/Users/IBM_ADMIN/Desktop/yy/project_1/project_1.srcs/sources_1/ip/PmodWIFI_pmod_bridge_0_0/src/pmod_concat_ooc.xdc'.
WARNING: [Designutils 20-1758] instance inst wraps a black box. Constraint reading is skipped for elaborated designs in this case. Skipping constraint file 'c:/Users/IBM_ADMIN/Desktop/yy/project_1/project_1.srcs/sources_1/ip/PmodWIFI_pmod_bridge_0_0/PmodWIFI_pmod_bridge_0_0_board.xdc'.
Parsing XDC File [C:/Users/IBM_ADMIN/Desktop/yy/project_1/project_1.runs/PmodWIFI_pmod_bridge_0_0_synth_1/dont_touch.xdc]
Finished Parsing XDC File [C:/Users/IBM_ADMIN/Desktop/yy/project_1/project_1.runs/PmodWIFI_pmod_bridge_0_0_synth_1/dont_touch.xdc]
Completed Processing XDC Constraints

INFO: [Project 1-111] Unisim Transformation Summary:
No Unisim elements were transformed.

Constraint Validation Runtime : Time (s): cpu = 00:00:00 ; elapsed = 00:00:00.016 . Memory (MB): peak = 528.234 ; gain = 0.000
---------------------------------------------------------------------------------
Finished Constraint Validation : Time (s): cpu = 00:00:16 ; elapsed = 00:00:21 . Memory (MB): peak = 528.234 ; gain = 318.469
---------------------------------------------------------------------------------
---------------------------------------------------------------------------------
Start Loading Part and Timing Information
---------------------------------------------------------------------------------
Loading part: xc7a100tcsg324-1
---------------------------------------------------------------------------------
Finished Loading Part and Timing Information : Time (s): cpu = 00:00:16 ; elapsed = 00:00:21 . Memory (MB): peak = 528.234 ; gain = 318.469
---------------------------------------------------------------------------------
---------------------------------------------------------------------------------
Start Applying 'set_property' XDC Constraints
---------------------------------------------------------------------------------
Applied set_property DONT_TOUCH = true for inst. (constraint file  auto generated constraint, line ).
---------------------------------------------------------------------------------
Finished applying 'set_property' XDC Constraints : Time (s): cpu = 00:00:16 ; elapsed = 00:00:21 . Memory (MB): peak = 528.234 ; gain = 318.469
---------------------------------------------------------------------------------
---------------------------------------------------------------------------------
Finished RTL Optimization Phase 2 : Time (s): cpu = 00:00:16 ; elapsed = 00:00:21 . Memory (MB): peak = 528.234 ; gain = 318.469
---------------------------------------------------------------------------------

Report RTL Partitions: 
+-+--------------+------------+----------+
| |RTL Partition |Replication |Instances |
+-+--------------+------------+----------+
+-+--------------+------------+----------+
---------------------------------------------------------------------------------
Start RTL Component Statistics 
---------------------------------------------------------------------------------
Detailed RTL Component Info : 
---------------------------------------------------------------------------------
Finished RTL Component Statistics 
---------------------------------------------------------------------------------
---------------------------------------------------------------------------------
Start RTL Hierarchical Component Statistics 
---------------------------------------------------------------------------------
Hierarchical RTL Component report 
---------------------------------------------------------------------------------
Finished RTL Hierarchical Component Statistics
---------------------------------------------------------------------------------
---------------------------------------------------------------------------------
Start Part Resource Summary
---------------------------------------------------------------------------------
Part Resources:
DSPs: 240 (col length:80)
BRAMs: 270 (col length: RAMB18 80 RAMB36 40)
---------------------------------------------------------------------------------
Finished Part Resource Summary
---------------------------------------------------------------------------------
Start Parallel Synthesis Optimization  : Time (s): cpu = 00:00:17 ; elapsed = 00:00:21 . Memory (MB): peak = 528.234 ; gain = 318.469
---------------------------------------------------------------------------------
Start Cross Boundary Optimization
---------------------------------------------------------------------------------
WARNING: [Synth 8-3331] design pmod_concat has unconnected port in_top_bus_I[3]
WARNING: [Synth 8-3331] design pmod_concat has unconnected port in_top_bus_I[2]
WARNING: [Synth 8-3331] design pmod_concat has unconnected port in_top_bus_I[1]
WARNING: [Synth 8-3331] design pmod_concat has unconnected port in_top_bus_I[0]
WARNING: [Synth 8-3331] design pmod_concat has unconnected port in_top_uart_gpio_bus_I[1]
WARNING: [Synth 8-3331] design pmod_concat has unconnected port in_top_uart_gpio_bus_I[0]
WARNING: [Synth 8-3331] design pmod_concat has unconnected port in_top_i2c_gpio_bus_I[1]
WARNING: [Synth 8-3331] design pmod_concat has unconnected port in_top_i2c_gpio_bus_I[0]
WARNING: [Synth 8-3331] design pmod_concat has unconnected port in_bottom_uart_gpio_bus_I[1]
WARNING: [Synth 8-3331] design pmod_concat has unconnected port in_bottom_uart_gpio_bus_I[0]
WARNING: [Synth 8-3331] design pmod_concat has unconnected port in_bottom_i2c_gpio_bus_I[1]
WARNING: [Synth 8-3331] design pmod_concat has unconnected port in_bottom_i2c_gpio_bus_I[0]
WARNING: [Synth 8-3331] design pmod_concat has unconnected port in4_I
WARNING: [Synth 8-3331] design pmod_concat has unconnected port in5_I
WARNING: [Synth 8-3331] design pmod_concat has unconnected port in6_I
WARNING: [Synth 8-3331] design pmod_concat has unconnected port in7_I
WARNING: [Synth 8-3331] design pmod_concat has unconnected port in_top_bus_O[3]
WARNING: [Synth 8-3331] design pmod_concat has unconnected port in_top_bus_O[2]
WARNING: [Synth 8-3331] design pmod_concat has unconnected port in_top_bus_O[1]
WARNING: [Synth 8-3331] design pmod_concat has unconnected port in_top_bus_O[0]
WARNING: [Synth 8-3331] design pmod_concat has unconnected port in_top_bus_T[3]
WARNING: [Synth 8-3331] design pmod_concat has unconnected port in_top_bus_T[2]
WARNING: [Synth 8-3331] design pmod_concat has unconnected port in_top_bus_T[1]
WARNING: [Synth 8-3331] design pmod_concat has unconnected port in_top_bus_T[0]
WARNING: [Synth 8-3331] design pmod_concat has unconnected port in_top_uart_gpio_bus_O[1]
WARNING: [Synth 8-3331] design pmod_concat has unconnected port in_top_uart_gpio_bus_O[0]
WARNING: [Synth 8-3331] design pmod_concat has unconnected port in_top_uart_gpio_bus_T[1]
WARNING: [Synth 8-3331] design pmod_concat has unconnected port in_top_uart_gpio_bus_T[0]
WARNING: [Synth 8-3331] design pmod_concat has unconnected port in_top_i2c_gpio_bus_O[1]
WARNING: [Synth 8-3331] design pmod_concat has unconnected port in_top_i2c_gpio_bus_O[0]
WARNING: [Synth 8-3331] design pmod_concat has unconnected port in_top_i2c_gpio_bus_T[1]
WARNING: [Synth 8-3331] design pmod_concat has unconnected port in_top_i2c_gpio_bus_T[0]
WARNING: [Synth 8-3331] design pmod_concat has unconnected port in_bottom_uart_gpio_bus_O[1]
WARNING: [Synth 8-3331] design pmod_concat has unconnected port in_bottom_uart_gpio_bus_O[0]
WARNING: [Synth 8-3331] design pmod_concat has unconnected port in_bottom_uart_gpio_bus_T[1]
WARNING: [Synth 8-3331] design pmod_concat has unconnected port in_bottom_uart_gpio_bus_T[0]
WARNING: [Synth 8-3331] design pmod_concat has unconnected port in_bottom_i2c_gpio_bus_O[1]
WARNING: [Synth 8-3331] design pmod_concat has unconnected port in_bottom_i2c_gpio_bus_O[0]
WARNING: [Synth 8-3331] design pmod_concat has unconnected port in_bottom_i2c_gpio_bus_T[1]
WARNING: [Synth 8-3331] design pmod_concat has unconnected port in_bottom_i2c_gpio_bus_T[0]
WARNING: [Synth 8-3331] design pmod_concat has unconnected port in4_O
WARNING: [Synth 8-3331] design pmod_concat has unconnected port in5_O
WARNING: [Synth 8-3331] design pmod_concat has unconnected port in6_O
WARNING: [Synth 8-3331] design pmod_concat has unconnected port in7_O
WARNING: [Synth 8-3331] design pmod_concat has unconnected port in4_T
WARNING: [Synth 8-3331] design pmod_concat has unconnected port in5_T
WARNING: [Synth 8-3331] design pmod_concat has unconnected port in6_T
WARNING: [Synth 8-3331] design pmod_concat has unconnected port in7_T
---------------------------------------------------------------------------------
Finished Cross Boundary Optimization : Time (s): cpu = 00:00:17 ; elapsed = 00:00:21 . Memory (MB): peak = 528.234 ; gain = 318.469
---------------------------------------------------------------------------------
Finished Parallel Reinference  : Time (s): cpu = 00:00:17 ; elapsed = 00:00:21 . Memory (MB): peak = 528.234 ; gain = 318.469

Report RTL Partitions: 
+-+--------------+------------+----------+
| |RTL Partition |Replication |Instances |
+-+--------------+------------+----------+
+-+--------------+------------+----------+
---------------------------------------------------------------------------------
Start Area Optimization
---------------------------------------------------------------------------------
---------------------------------------------------------------------------------
Finished Area Optimization : Time (s): cpu = 00:00:17 ; elapsed = 00:00:21 . Memory (MB): peak = 528.234 ; gain = 318.469
---------------------------------------------------------------------------------
Finished Parallel Area Optimization  : Time (s): cpu = 00:00:17 ; elapsed = 00:00:21 . Memory (MB): peak = 528.234 ; gain = 318.469

Report RTL Partitions: 
+-+--------------+------------+----------+
| |RTL Partition |Replication |Instances |
+-+--------------+------------+----------+
+-+--------------+------------+----------+
---------------------------------------------------------------------------------
Start Timing Optimization
---------------------------------------------------------------------------------
---------------------------------------------------------------------------------
Start Applying XDC Timing Constraints
---------------------------------------------------------------------------------
---------------------------------------------------------------------------------
Finished Applying XDC Timing Constraints : Time (s): cpu = 00:00:28 ; elapsed = 00:00:32 . Memory (MB): peak = 562.996 ; gain = 353.230
---------------------------------------------------------------------------------
---------------------------------------------------------------------------------
Finished Timing Optimization : Time (s): cpu = 00:00:28 ; elapsed = 00:00:32 . Memory (MB): peak = 562.996 ; gain = 353.230
---------------------------------------------------------------------------------

Report RTL Partitions: 
+-+--------------+------------+----------+
| |RTL Partition |Replication |Instances |
+-+--------------+------------+----------+
+-+--------------+------------+----------+
---------------------------------------------------------------------------------
Start Technology Mapping
---------------------------------------------------------------------------------
---------------------------------------------------------------------------------
Finished Technology Mapping : Time (s): cpu = 00:00:28 ; elapsed = 00:00:33 . Memory (MB): peak = 572.625 ; gain = 362.859
---------------------------------------------------------------------------------
Finished Parallel Technology Mapping Optimization  : Time (s): cpu = 00:00:28 ; elapsed = 00:00:33 . Memory (MB): peak = 572.625 ; gain = 362.859

Report RTL Partitions: 
+-+--------------+------------+----------+
| |RTL Partition |Replication |Instances |
+-+--------------+------------+----------+
+-+--------------+------------+----------+
Finished Parallel Synthesis Optimization  : Time (s): cpu = 00:00:28 ; elapsed = 00:00:33 . Memory (MB): peak = 572.625 ; gain = 362.859
---------------------------------------------------------------------------------
Start IO Insertion
---------------------------------------------------------------------------------
---------------------------------------------------------------------------------
Start Flattening Before IO Insertion
---------------------------------------------------------------------------------
---------------------------------------------------------------------------------
Finished Flattening Before IO Insertion
---------------------------------------------------------------------------------
---------------------------------------------------------------------------------
Start Final Netlist Cleanup
---------------------------------------------------------------------------------
---------------------------------------------------------------------------------
Finished Final Netlist Cleanup
---------------------------------------------------------------------------------
---------------------------------------------------------------------------------
Finished IO Insertion : Time (s): cpu = 00:00:29 ; elapsed = 00:00:33 . Memory (MB): peak = 572.625 ; gain = 362.859
---------------------------------------------------------------------------------

Report Check Netlist: 
+------+------------------+-------+---------+-------+------------------+
|      |Item              |Errors |Warnings |Status |Description       |
+------+------------------+-------+---------+-------+------------------+
|1     |multi_driven_nets |      0|        0|Passed |Multi driven nets |
+------+------------------+-------+---------+-------+------------------+
---------------------------------------------------------------------------------
Start Renaming Generated Instances
---------------------------------------------------------------------------------
---------------------------------------------------------------------------------
Finished Renaming Generated Instances : Time (s): cpu = 00:00:29 ; elapsed = 00:00:33 . Memory (MB): peak = 572.625 ; gain = 362.859
---------------------------------------------------------------------------------

Report RTL Partitions: 
+-+--------------+------------+----------+
| |RTL Partition |Replication |Instances |
+-+--------------+------------+----------+
+-+--------------+------------+----------+
---------------------------------------------------------------------------------
Start Rebuilding User Hierarchy
---------------------------------------------------------------------------------
---------------------------------------------------------------------------------
Finished Rebuilding User Hierarchy : Time (s): cpu = 00:00:29 ; elapsed = 00:00:33 . Memory (MB): peak = 572.625 ; gain = 362.859
---------------------------------------------------------------------------------
---------------------------------------------------------------------------------
Start Renaming Generated Ports
---------------------------------------------------------------------------------
---------------------------------------------------------------------------------
Finished Renaming Generated Ports : Time (s): cpu = 00:00:29 ; elapsed = 00:00:33 . Memory (MB): peak = 572.625 ; gain = 362.859
---------------------------------------------------------------------------------
---------------------------------------------------------------------------------
Start Handling Custom Attributes
---------------------------------------------------------------------------------
---------------------------------------------------------------------------------
Finished Handling Custom Attributes : Time (s): cpu = 00:00:29 ; elapsed = 00:00:33 . Memory (MB): peak = 572.625 ; gain = 362.859
---------------------------------------------------------------------------------
---------------------------------------------------------------------------------
Start Renaming Generated Nets
---------------------------------------------------------------------------------
---------------------------------------------------------------------------------
Finished Renaming Generated Nets : Time (s): cpu = 00:00:29 ; elapsed = 00:00:33 . Memory (MB): peak = 572.625 ; gain = 362.859
---------------------------------------------------------------------------------
---------------------------------------------------------------------------------
Start Writing Synthesis Report
---------------------------------------------------------------------------------

Report BlackBoxes: 
+-+--------------+----------+
| |BlackBox name |Instances |
+-+--------------+----------+
+-+--------------+----------+

Report Cell Usage: 
+-+-----+------+
| |Cell |Count |
+-+-----+------+
+-+-----+------+

Report Instance Areas: 
+------+---------+------------+------+
|      |Instance |Module      |Cells |
+------+---------+------------+------+
|1     |top      |            |     0|
|2     |  inst   |pmod_concat |     0|
+------+---------+------------+------+
---------------------------------------------------------------------------------
Finished Writing Synthesis Report : Time (s): cpu = 00:00:29 ; elapsed = 00:00:33 . Memory (MB): peak = 572.625 ; gain = 362.859
---------------------------------------------------------------------------------
Synthesis finished with 0 errors, 0 critical warnings and 48 warnings.
Synthesis Optimization Runtime : Time (s): cpu = 00:00:16 ; elapsed = 00:00:21 . Memory (MB): peak = 572.625 ; gain = 158.863
Synthesis Optimization Complete : Time (s): cpu = 00:00:29 ; elapsed = 00:00:33 . Memory (MB): peak = 572.625 ; gain = 362.859
INFO: [Project 1-571] Translating synthesized netlist
INFO: [Project 1-570] Preparing netlist for logic optimization
Parsing XDC File [c:/Users/IBM_ADMIN/Desktop/yy/project_1/project_1.srcs/sources_1/ip/PmodWIFI_pmod_bridge_0_0/src/pmod_concat_ooc.xdc] for cell 'inst'
Finished Parsing XDC File [c:/Users/IBM_ADMIN/Desktop/yy/project_1/project_1.srcs/sources_1/ip/PmodWIFI_pmod_bridge_0_0/src/pmod_concat_ooc.xdc] for cell 'inst'
Parsing XDC File [c:/Users/IBM_ADMIN/Desktop/yy/project_1/project_1.srcs/sources_1/ip/PmodWIFI_pmod_bridge_0_0/PmodWIFI_pmod_bridge_0_0_board.xdc] for cell 'inst'
Finished Parsing XDC File [c:/Users/IBM_ADMIN/Desktop/yy/project_1/project_1.srcs/sources_1/ip/PmodWIFI_pmod_bridge_0_0/PmodWIFI_pmod_bridge_0_0_board.xdc] for cell 'inst'
INFO: [Opt 31-138] Pushed 0 inverter(s) to 0 load pin(s).
INFO: [Project 1-111] Unisim Transformation Summary:
No Unisim elements were transformed.

INFO: [Common 17-83] Releasing license: Synthesis
13 Infos, 107 Warnings, 0 Critical Warnings and 0 Errors encountered.
synth_design completed successfully
synth_design: Time (s): cpu = 00:00:27 ; elapsed = 00:00:28 . Memory (MB): peak = 591.820 ; gain = 381.094
report_utilization: Time (s): cpu = 00:00:00 ; elapsed = 00:00:00.016 . Memory (MB): peak = 591.820 ; gain = 0.000
INFO: [Common 17-206] Exiting Vivado at Sat Mar 18 23:38:48 2017...
