INFO: [VRFC 10-2263] Analyzing SystemVerilog file "C:/Xilinx/Vivado/2016.2/data/ip/xpm/xpm_cdc/hdl/xpm_cdc.sv" into library xil_defaultlib
INFO: [VRFC 10-311] analyzing module xpm_cdc_single
INFO: [VRFC 10-311] analyzing module xpm_cdc_gray
INFO: [VRFC 10-311] analyzing module xpm_cdc_handshake
INFO: [VRFC 10-311] analyzing module xpm_cdc_pulse
INFO: [VRFC 10-311] analyzing module xpm_cdc_array_single
INFO: [VRFC 10-311] analyzing module xpm_cdc_sync_rst
INFO: [VRFC 10-311] analyzing module xpm_cdc_async_rst
INFO: [VRFC 10-2263] Analyzing SystemVerilog file "C:/Xilinx/Vivado/2016.2/data/ip/xpm/xpm_memory/hdl/xpm_memory_base.sv" into library xil_defaultlib
INFO: [VRFC 10-311] analyzing module xpm_memory_base
INFO: [VRFC 10-2263] Analyzing SystemVerilog file "C:/Xilinx/Vivado/2016.2/data/ip/xpm/xpm_memory/hdl/xpm_memory_dpdistram.sv" into library xil_defaultlib
INFO: [VRFC 10-311] analyzing module xpm_memory_dpdistram
INFO: [VRFC 10-2263] Analyzing SystemVerilog file "C:/Xilinx/Vivado/2016.2/data/ip/xpm/xpm_memory/hdl/xpm_memory_dprom.sv" into library xil_defaultlib
INFO: [VRFC 10-311] analyzing module xpm_memory_dprom
INFO: [VRFC 10-2263] Analyzing SystemVerilog file "C:/Xilinx/Vivado/2016.2/data/ip/xpm/xpm_memory/hdl/xpm_memory_sdpram.sv" into library xil_defaultlib
INFO: [VRFC 10-311] analyzing module xpm_memory_sdpram
INFO: [VRFC 10-2263] Analyzing SystemVerilog file "C:/Xilinx/Vivado/2016.2/data/ip/xpm/xpm_memory/hdl/xpm_memory_spram.sv" into library xil_defaultlib
INFO: [VRFC 10-311] analyzing module xpm_memory_spram
INFO: [VRFC 10-2263] Analyzing SystemVerilog file "C:/Xilinx/Vivado/2016.2/data/ip/xpm/xpm_memory/hdl/xpm_memory_sprom.sv" into library xil_defaultlib
INFO: [VRFC 10-311] analyzing module xpm_memory_sprom
INFO: [VRFC 10-2263] Analyzing SystemVerilog file "C:/Xilinx/Vivado/2016.2/data/ip/xpm/xpm_memory/hdl/xpm_memory_tdpram.sv" into library xil_defaultlib
INFO: [VRFC 10-311] analyzing module xpm_memory_tdpram
INFO: [VRFC 10-2263] Analyzing Verilog file "C:/Users/IBM_ADMIN/Desktop/yy/project_1/project_1.ip_user_files/ipstatic/PmodWIFI_pmod_bridge_0_0/src/pmod_concat.v" into library xil_defaultlib
INFO: [VRFC 10-311] analyzing module pmod_concat
INFO: [VRFC 10-2263] Analyzing Verilog file "C:/Users/IBM_ADMIN/Desktop/yy/project_1/project_1.ip_user_files/ip/PmodWIFI_pmod_bridge_0_0/sim/PmodWIFI_pmod_bridge_0_0.v" into library xil_defaultlib
INFO: [VRFC 10-311] analyzing module PmodWIFI_pmod_bridge_0_0
INFO: [VRFC 10-2263] Analyzing Verilog file "C:/Users/IBM_ADMIN/Desktop/yy/project_1/project_1.ip_user_files/ipstatic/blk_mem_gen_v8_3/simulation/blk_mem_gen_v8_3.v" into library blk_mem_gen_v8_3_3
INFO: [VRFC 10-311] analyzing module STATE_LOGIC_v8_3
INFO: [VRFC 10-311] analyzing module beh_vlog_muxf7_v8_3
INFO: [VRFC 10-311] analyzing module beh_vlog_ff_clr_v8_3
INFO: [VRFC 10-311] analyzing module beh_vlog_ff_pre_v8_3
INFO: [VRFC 10-311] analyzing module beh_vlog_ff_ce_clr_v8_3
INFO: [VRFC 10-311] analyzing module write_netlist_v8_3
INFO: [VRFC 10-311] analyzing module read_netlist_v8_3
INFO: [VRFC 10-311] analyzing module blk_mem_axi_write_wrapper_beh_v8_3
INFO: [VRFC 10-311] analyzing module blk_mem_axi_read_wrapper_beh_v8_3
INFO: [VRFC 10-311] analyzing module blk_mem_axi_regs_fwd_v8_3
INFO: [VRFC 10-311] analyzing module blk_mem_gen_v8_3_3_output_stage
INFO: [VRFC 10-311] analyzing module blk_mem_gen_v8_3_3_softecc_output_reg_stage
INFO: [VRFC 10-311] analyzing module blk_mem_gen_v8_3_3_mem_module
INFO: [VRFC 10-311] analyzing module blk_mem_gen_v8_3_3
INFO: [VRFC 10-2263] Analyzing Verilog file "C:/Users/IBM_ADMIN/Desktop/yy/project_1/project_1.ip_user_files/bd/design_1/ip/design_1_lmb_bram_0/sim/design_1_lmb_bram_0.v" into library xil_defaultlib
INFO: [VRFC 10-311] analyzing module design_1_lmb_bram_0
INFO: [VRFC 10-2263] Analyzing Verilog file "C:/Users/IBM_ADMIN/Desktop/yy/project_1/project_1.ip_user_files/bd/design_1/ipshared/xilinx.com/xlconcat_v2_1/xlconcat.v" into library xil_defaultlib
INFO: [VRFC 10-311] analyzing module xlconcat
INFO: [VRFC 10-2263] Analyzing Verilog file "C:/Users/IBM_ADMIN/Desktop/yy/project_1/project_1.ip_user_files/bd/design_1/ip/design_1_microblaze_0_xlconcat_0/sim/design_1_microblaze_0_xlconcat_0.v" into library xil_defaultlib
INFO: [VRFC 10-311] analyzing module design_1_microblaze_0_xlconcat_0
INFO: [VRFC 10-2263] Analyzing Verilog file "C:/Users/IBM_ADMIN/Desktop/yy/project_1/project_1.ip_user_files/bd/design_1/ip/design_1_clk_wiz_1_0/design_1_clk_wiz_1_0_clk_wiz.v" into library xil_defaultlib
INFO: [VRFC 10-311] analyzing module design_1_clk_wiz_1_0_clk_wiz
INFO: [VRFC 10-2263] Analyzing Verilog file "C:/Users/IBM_ADMIN/Desktop/yy/project_1/project_1.ip_user_files/bd/design_1/ip/design_1_clk_wiz_1_0/design_1_clk_wiz_1_0.v" into library xil_defaultlib
INFO: [VRFC 10-311] analyzing module design_1_clk_wiz_1_0
INFO: [VRFC 10-2263] Analyzing Verilog file "C:/Users/IBM_ADMIN/Desktop/yy/project_1/project_1.ip_user_files/bd/design_1/ip/design_1_mig_7series_0_0/design_1_mig_7series_0_0/user_design/rtl/axi/mig_7series_v4_0_axi_ctrl_addr_decode.v" into library xil_defaultlib
INFO: [VRFC 10-311] analyzing module mig_7series_v4_0_axi_ctrl_addr_decode
INFO: [VRFC 10-2263] Analyzing Verilog file "C:/Users/IBM_ADMIN/Desktop/yy/project_1/project_1.ip_user_files/bd/design_1/ip/design_1_mig_7series_0_0/design_1_mig_7series_0_0/user_design/rtl/axi/mig_7series_v4_0_axi_ctrl_read.v" into library xil_defaultlib
INFO: [VRFC 10-311] analyzing module mig_7series_v4_0_axi_ctrl_read
INFO: [VRFC 10-2263] Analyzing Verilog file "C:/Users/IBM_ADMIN/Desktop/yy/project_1/project_1.ip_user_files/bd/design_1/ip/design_1_mig_7series_0_0/design_1_mig_7series_0_0/user_design/rtl/axi/mig_7series_v4_0_axi_ctrl_reg.v" into library xil_defaultlib
INFO: [VRFC 10-311] analyzing module mig_7series_v4_0_axi_ctrl_reg
INFO: [VRFC 10-2263] Analyzing Verilog file "C:/Users/IBM_ADMIN/Desktop/yy/project_1/project_1.ip_user_files/bd/design_1/ip/design_1_mig_7series_0_0/design_1_mig_7series_0_0/user_design/rtl/axi/mig_7series_v4_0_axi_ctrl_reg_bank.v" into library xil_defaultlib
INFO: [VRFC 10-311] analyzing module mig_7series_v4_0_axi_ctrl_reg_bank
INFO: [VRFC 10-2263] Analyzing Verilog file "C:/Users/IBM_ADMIN/Desktop/yy/project_1/project_1.ip_user_files/bd/design_1/ip/design_1_mig_7series_0_0/design_1_mig_7series_0_0/user_design/rtl/axi/mig_7series_v4_0_axi_ctrl_top.v" into library xil_defaultlib
INFO: [VRFC 10-311] analyzing module mig_7series_v4_0_axi_ctrl_top
INFO: [VRFC 10-2263] Analyzing Verilog file "C:/Users/IBM_ADMIN/Desktop/yy/project_1/project_1.ip_user_files/bd/design_1/ip/design_1_mig_7series_0_0/design_1_mig_7series_0_0/user_design/rtl/axi/mig_7series_v4_0_axi_ctrl_write.v" into library xil_defaultlib
INFO: [VRFC 10-311] analyzing module mig_7series_v4_0_axi_ctrl_write
INFO: [VRFC 10-2263] Analyzing Verilog file "C:/Users/IBM_ADMIN/Desktop/yy/project_1/project_1.ip_user_files/bd/design_1/ip/design_1_mig_7series_0_0/design_1_mig_7series_0_0/user_design/rtl/axi/mig_7series_v4_0_axi_mc.v" into library xil_defaultlib
INFO: [VRFC 10-311] analyzing module mig_7series_v4_0_axi_mc
INFO: [VRFC 10-2263] Analyzing Verilog file "C:/Users/IBM_ADMIN/Desktop/yy/project_1/project_1.ip_user_files/bd/design_1/ip/design_1_mig_7series_0_0/design_1_mig_7series_0_0/user_design/rtl/axi/mig_7series_v4_0_axi_mc_ar_channel.v" into library xil_defaultlib
INFO: [VRFC 10-311] analyzing module mig_7series_v4_0_axi_mc_ar_channel
INFO: [VRFC 10-2263] Analyzing Verilog file "C:/Users/IBM_ADMIN/Desktop/yy/project_1/project_1.ip_user_files/bd/design_1/ip/design_1_mig_7series_0_0/design_1_mig_7series_0_0/user_design/rtl/axi/mig_7series_v4_0_axi_mc_aw_channel.v" into library xil_defaultlib
INFO: [VRFC 10-311] analyzing module mig_7series_v4_0_axi_mc_aw_channel
INFO: [VRFC 10-2263] Analyzing Verilog file "C:/Users/IBM_ADMIN/Desktop/yy/project_1/project_1.ip_user_files/bd/design_1/ip/design_1_mig_7series_0_0/design_1_mig_7series_0_0/user_design/rtl/axi/mig_7series_v4_0_axi_mc_b_channel.v" into library xil_defaultlib
INFO: [VRFC 10-311] analyzing module mig_7series_v4_0_axi_mc_b_channel
INFO: [VRFC 10-2263] Analyzing Verilog file "C:/Users/IBM_ADMIN/Desktop/yy/project_1/project_1.ip_user_files/bd/design_1/ip/design_1_mig_7series_0_0/design_1_mig_7series_0_0/user_design/rtl/axi/mig_7series_v4_0_axi_mc_cmd_arbiter.v" into library xil_defaultlib
INFO: [VRFC 10-311] analyzing module mig_7series_v4_0_axi_mc_cmd_arbiter
INFO: [VRFC 10-2263] Analyzing Verilog file "C:/Users/IBM_ADMIN/Desktop/yy/project_1/project_1.ip_user_files/bd/design_1/ip/design_1_mig_7series_0_0/design_1_mig_7series_0_0/user_design/rtl/axi/mig_7series_v4_0_axi_mc_cmd_fsm.v" into library xil_defaultlib
INFO: [VRFC 10-311] analyzing module mig_7series_v4_0_axi_mc_cmd_fsm
INFO: [VRFC 10-2263] Analyzing Verilog file "C:/Users/IBM_ADMIN/Desktop/yy/project_1/project_1.ip_user_files/bd/design_1/ip/design_1_mig_7series_0_0/design_1_mig_7series_0_0/user_design/rtl/axi/mig_7series_v4_0_axi_mc_cmd_translator.v" into library xil_defaultlib
INFO: [VRFC 10-311] analyzing module mig_7series_v4_0_axi_mc_cmd_translator
INFO: [VRFC 10-2263] Analyzing Verilog file "C:/Users/IBM_ADMIN/Desktop/yy/project_1/project_1.ip_user_files/bd/design_1/ip/design_1_mig_7series_0_0/design_1_mig_7series_0_0/user_design/rtl/axi/mig_7series_v4_0_axi_mc_fifo.v" into library xil_defaultlib
INFO: [VRFC 10-311] analyzing module mig_7series_v4_0_axi_mc_fifo
INFO: [VRFC 10-2263] Analyzing Verilog file "C:/Users/IBM_ADMIN/Desktop/yy/project_1/project_1.ip_user_files/bd/design_1/ip/design_1_mig_7series_0_0/design_1_mig_7series_0_0/user_design/rtl/axi/mig_7series_v4_0_axi_mc_incr_cmd.v" into library xil_defaultlib
INFO: [VRFC 10-311] analyzing module mig_7series_v4_0_axi_mc_incr_cmd
INFO: [VRFC 10-2263] Analyzing Verilog file "C:/Users/IBM_ADMIN/Desktop/yy/project_1/project_1.ip_user_files/bd/design_1/ip/design_1_mig_7series_0_0/design_1_mig_7series_0_0/user_design/rtl/axi/mig_7series_v4_0_axi_mc_r_channel.v" into library xil_defaultlib
INFO: [VRFC 10-311] analyzing module mig_7series_v4_0_axi_mc_r_channel
INFO: [VRFC 10-2263] Analyzing Verilog file "C:/Users/IBM_ADMIN/Desktop/yy/project_1/project_1.ip_user_files/bd/design_1/ip/design_1_mig_7series_0_0/design_1_mig_7series_0_0/user_design/rtl/axi/mig_7series_v4_0_axi_mc_simple_fifo.v" into library xil_defaultlib
INFO: [VRFC 10-311] analyzing module mig_7series_v4_0_axi_mc_simple_fifo
INFO: [VRFC 10-2263] Analyzing Verilog file "C:/Users/IBM_ADMIN/Desktop/yy/project_1/project_1.ip_user_files/bd/design_1/ip/design_1_mig_7series_0_0/design_1_mig_7series_0_0/user_design/rtl/axi/mig_7series_v4_0_axi_mc_wrap_cmd.v" into library xil_defaultlib
INFO: [VRFC 10-311] analyzing module mig_7series_v4_0_axi_mc_wrap_cmd
INFO: [VRFC 10-2263] Analyzing Verilog file "C:/Users/IBM_ADMIN/Desktop/yy/project_1/project_1.ip_user_files/bd/design_1/ip/design_1_mig_7series_0_0/design_1_mig_7series_0_0/user_design/rtl/axi/mig_7series_v4_0_axi_mc_wr_cmd_fsm.v" into library xil_defaultlib
INFO: [VRFC 10-311] analyzing module mig_7series_v4_0_axi_mc_wr_cmd_fsm
INFO: [VRFC 10-2263] Analyzing Verilog file "C:/Users/IBM_ADMIN/Desktop/yy/project_1/project_1.ip_user_files/bd/design_1/ip/design_1_mig_7series_0_0/design_1_mig_7series_0_0/user_design/rtl/axi/mig_7series_v4_0_axi_mc_w_channel.v" into library xil_defaultlib
INFO: [VRFC 10-311] analyzing module mig_7series_v4_0_axi_mc_w_channel
INFO: [VRFC 10-2263] Analyzing Verilog file "C:/Users/IBM_ADMIN/Desktop/yy/project_1/project_1.ip_user_files/bd/design_1/ip/design_1_mig_7series_0_0/design_1_mig_7series_0_0/user_design/rtl/axi/mig_7series_v4_0_ddr_axic_register_slice.v" into library xil_defaultlib
INFO: [VRFC 10-311] analyzing module mig_7series_v4_0_ddr_axic_register_slice
INFO: [VRFC 10-2263] Analyzing Verilog file "C:/Users/IBM_ADMIN/Desktop/yy/project_1/project_1.ip_user_files/bd/design_1/ip/design_1_mig_7series_0_0/design_1_mig_7series_0_0/user_design/rtl/axi/mig_7series_v4_0_ddr_axi_register_slice.v" into library xil_defaultlib
INFO: [VRFC 10-311] analyzing module mig_7series_v4_0_ddr_axi_register_slice
INFO: [VRFC 10-2263] Analyzing Verilog file "C:/Users/IBM_ADMIN/Desktop/yy/project_1/project_1.ip_user_files/bd/design_1/ip/design_1_mig_7series_0_0/design_1_mig_7series_0_0/user_design/rtl/axi/mig_7series_v4_0_ddr_axi_upsizer.v" into library xil_defaultlib
INFO: [VRFC 10-311] analyzing module mig_7series_v4_0_ddr_axi_upsizer
INFO: [VRFC 10-2263] Analyzing Verilog file "C:/Users/IBM_ADMIN/Desktop/yy/project_1/project_1.ip_user_files/bd/design_1/ip/design_1_mig_7series_0_0/design_1_mig_7series_0_0/user_design/rtl/axi/mig_7series_v4_0_ddr_a_upsizer.v" into library xil_defaultlib
INFO: [VRFC 10-311] analyzing module mig_7series_v4_0_ddr_a_upsizer
INFO: [VRFC 10-2263] Analyzing Verilog file "C:/Users/IBM_ADMIN/Desktop/yy/project_1/project_1.ip_user_files/bd/design_1/ip/design_1_mig_7series_0_0/design_1_mig_7series_0_0/user_design/rtl/axi/mig_7series_v4_0_ddr_carry_and.v" into library xil_defaultlib
INFO: [VRFC 10-311] analyzing module mig_7series_v4_0_ddr_carry_and
INFO: [VRFC 10-2263] Analyzing Verilog file "C:/Users/IBM_ADMIN/Desktop/yy/project_1/project_1.ip_user_files/bd/design_1/ip/design_1_mig_7series_0_0/design_1_mig_7series_0_0/user_design/rtl/axi/mig_7series_v4_0_ddr_carry_latch_and.v" into library xil_defaultlib
INFO: [VRFC 10-311] analyzing module mig_7series_v4_0_ddr_carry_latch_and
INFO: [VRFC 10-2263] Analyzing Verilog file "C:/Users/IBM_ADMIN/Desktop/yy/project_1/project_1.ip_user_files/bd/design_1/ip/design_1_mig_7series_0_0/design_1_mig_7series_0_0/user_design/rtl/axi/mig_7series_v4_0_ddr_carry_latch_or.v" into library xil_defaultlib
INFO: [VRFC 10-311] analyzing module mig_7series_v4_0_ddr_carry_latch_or
INFO: [VRFC 10-2263] Analyzing Verilog file "C:/Users/IBM_ADMIN/Desktop/yy/project_1/project_1.ip_user_files/bd/design_1/ip/design_1_mig_7series_0_0/design_1_mig_7series_0_0/user_design/rtl/axi/mig_7series_v4_0_ddr_carry_or.v" into library xil_defaultlib
INFO: [VRFC 10-311] analyzing module mig_7series_v4_0_ddr_carry_or
INFO: [VRFC 10-2263] Analyzing Verilog file "C:/Users/IBM_ADMIN/Desktop/yy/project_1/project_1.ip_user_files/bd/design_1/ip/design_1_mig_7series_0_0/design_1_mig_7series_0_0/user_design/rtl/axi/mig_7series_v4_0_ddr_command_fifo.v" into library xil_defaultlib
INFO: [VRFC 10-311] analyzing module mig_7series_v4_0_ddr_command_fifo
INFO: [VRFC 10-2263] Analyzing Verilog file "C:/Users/IBM_ADMIN/Desktop/yy/project_1/project_1.ip_user_files/bd/design_1/ip/design_1_mig_7series_0_0/design_1_mig_7series_0_0/user_design/rtl/axi/mig_7series_v4_0_ddr_comparator.v" into library xil_defaultlib
INFO: [VRFC 10-311] analyzing module mig_7series_v4_0_ddr_comparator
INFO: [VRFC 10-2263] Analyzing Verilog file "C:/Users/IBM_ADMIN/Desktop/yy/project_1/project_1.ip_user_files/bd/design_1/ip/design_1_mig_7series_0_0/design_1_mig_7series_0_0/user_design/rtl/axi/mig_7series_v4_0_ddr_comparator_sel.v" into library xil_defaultlib
INFO: [VRFC 10-311] analyzing module mig_7series_v4_0_ddr_comparator_sel
INFO: [VRFC 10-2263] Analyzing Verilog file "C:/Users/IBM_ADMIN/Desktop/yy/project_1/project_1.ip_user_files/bd/design_1/ip/design_1_mig_7series_0_0/design_1_mig_7series_0_0/user_design/rtl/axi/mig_7series_v4_0_ddr_comparator_sel_static.v" into library xil_defaultlib
INFO: [VRFC 10-311] analyzing module mig_7series_v4_0_ddr_comparator_sel_static
INFO: [VRFC 10-2263] Analyzing Verilog file "C:/Users/IBM_ADMIN/Desktop/yy/project_1/project_1.ip_user_files/bd/design_1/ip/design_1_mig_7series_0_0/design_1_mig_7series_0_0/user_design/rtl/axi/mig_7series_v4_0_ddr_r_upsizer.v" into library xil_defaultlib
INFO: [VRFC 10-311] analyzing module mig_7series_v4_0_ddr_r_upsizer
INFO: [VRFC 10-2263] Analyzing Verilog file "C:/Users/IBM_ADMIN/Desktop/yy/project_1/project_1.ip_user_files/bd/design_1/ip/design_1_mig_7series_0_0/design_1_mig_7series_0_0/user_design/rtl/axi/mig_7series_v4_0_ddr_w_upsizer.v" into library xil_defaultlib
INFO: [VRFC 10-311] analyzing module mig_7series_v4_0_ddr_w_upsizer
INFO: [VRFC 10-2263] Analyzing Verilog file "C:/Users/IBM_ADMIN/Desktop/yy/project_1/project_1.ip_user_files/bd/design_1/ip/design_1_mig_7series_0_0/design_1_mig_7series_0_0/user_design/rtl/clocking/mig_7series_v4_0_clk_ibuf.v" into library xil_defaultlib
INFO: [VRFC 10-311] analyzing module mig_7series_v4_0_clk_ibuf
INFO: [VRFC 10-2263] Analyzing Verilog file "C:/Users/IBM_ADMIN/Desktop/yy/project_1/project_1.ip_user_files/bd/design_1/ip/design_1_mig_7series_0_0/design_1_mig_7series_0_0/user_design/rtl/clocking/mig_7series_v4_0_infrastructure.v" into library xil_defaultlib
INFO: [VRFC 10-311] analyzing module mig_7series_v4_0_infrastructure
INFO: [VRFC 10-2458] undeclared symbol pll_clkfbout, assumed default net type wire [C:/Users/IBM_ADMIN/Desktop/yy/project_1/project_1.ip_user_files/bd/design_1/ip/design_1_mig_7series_0_0/design_1_mig_7series_0_0/user_design/rtl/clocking/mig_7series_v4_0_infrastructure.v:308]
INFO: [VRFC 10-2458] undeclared symbol clk_pll_i, assumed default net type wire [C:/Users/IBM_ADMIN/Desktop/yy/project_1/project_1.ip_user_files/bd/design_1/ip/design_1_mig_7series_0_0/design_1_mig_7series_0_0/user_design/rtl/clocking/mig_7series_v4_0_infrastructure.v:342]
INFO: [VRFC 10-2263] Analyzing Verilog file "C:/Users/IBM_ADMIN/Desktop/yy/project_1/project_1.ip_user_files/bd/design_1/ip/design_1_mig_7series_0_0/design_1_mig_7series_0_0/user_design/rtl/clocking/mig_7series_v4_0_iodelay_ctrl.v" into library xil_defaultlib
INFO: [VRFC 10-311] analyzing module mig_7series_v4_0_iodelay_ctrl
INFO: [VRFC 10-2263] Analyzing Verilog file "C:/Users/IBM_ADMIN/Desktop/yy/project_1/project_1.ip_user_files/bd/design_1/ip/design_1_mig_7series_0_0/design_1_mig_7series_0_0/user_design/rtl/clocking/mig_7series_v4_0_tempmon.v" into library xil_defaultlib
INFO: [VRFC 10-311] analyzing module mig_7series_v4_0_tempmon
INFO: [VRFC 10-2263] Analyzing Verilog file "C:/Users/IBM_ADMIN/Desktop/yy/project_1/project_1.ip_user_files/bd/design_1/ip/design_1_mig_7series_0_0/design_1_mig_7series_0_0/user_design/rtl/controller/mig_7series_v4_0_arb_mux.v" into library xil_defaultlib
INFO: [VRFC 10-311] analyzing module mig_7series_v4_0_arb_mux
INFO: [VRFC 10-2263] Analyzing Verilog file "C:/Users/IBM_ADMIN/Desktop/yy/project_1/project_1.ip_user_files/bd/design_1/ip/design_1_mig_7series_0_0/design_1_mig_7series_0_0/user_design/rtl/controller/mig_7series_v4_0_arb_row_col.v" into library xil_defaultlib
INFO: [VRFC 10-311] analyzing module mig_7series_v4_0_arb_row_col
INFO: [VRFC 10-2263] Analyzing Verilog file "C:/Users/IBM_ADMIN/Desktop/yy/project_1/project_1.ip_user_files/bd/design_1/ip/design_1_mig_7series_0_0/design_1_mig_7series_0_0/user_design/rtl/controller/mig_7series_v4_0_arb_select.v" into library xil_defaultlib
INFO: [VRFC 10-311] analyzing module mig_7series_v4_0_arb_select
INFO: [VRFC 10-2263] Analyzing Verilog file "C:/Users/IBM_ADMIN/Desktop/yy/project_1/project_1.ip_user_files/bd/design_1/ip/design_1_mig_7series_0_0/design_1_mig_7series_0_0/user_design/rtl/controller/mig_7series_v4_0_bank_cntrl.v" into library xil_defaultlib
INFO: [VRFC 10-311] analyzing module mig_7series_v4_0_bank_cntrl
INFO: [VRFC 10-2263] Analyzing Verilog file "C:/Users/IBM_ADMIN/Desktop/yy/project_1/project_1.ip_user_files/bd/design_1/ip/design_1_mig_7series_0_0/design_1_mig_7series_0_0/user_design/rtl/controller/mig_7series_v4_0_bank_common.v" into library xil_defaultlib
INFO: [VRFC 10-311] analyzing module mig_7series_v4_0_bank_common
INFO: [VRFC 10-2263] Analyzing Verilog file "C:/Users/IBM_ADMIN/Desktop/yy/project_1/project_1.ip_user_files/bd/design_1/ip/design_1_mig_7series_0_0/design_1_mig_7series_0_0/user_design/rtl/controller/mig_7series_v4_0_bank_compare.v" into library xil_defaultlib
INFO: [VRFC 10-311] analyzing module mig_7series_v4_0_bank_compare
INFO: [VRFC 10-2263] Analyzing Verilog file "C:/Users/IBM_ADMIN/Desktop/yy/project_1/project_1.ip_user_files/bd/design_1/ip/design_1_mig_7series_0_0/design_1_mig_7series_0_0/user_design/rtl/controller/mig_7series_v4_0_bank_mach.v" into library xil_defaultlib
INFO: [VRFC 10-311] analyzing module mig_7series_v4_0_bank_mach
INFO: [VRFC 10-2263] Analyzing Verilog file "C:/Users/IBM_ADMIN/Desktop/yy/project_1/project_1.ip_user_files/bd/design_1/ip/design_1_mig_7series_0_0/design_1_mig_7series_0_0/user_design/rtl/controller/mig_7series_v4_0_bank_queue.v" into library xil_defaultlib
INFO: [VRFC 10-311] analyzing module mig_7series_v4_0_bank_queue
INFO: [VRFC 10-2263] Analyzing Verilog file "C:/Users/IBM_ADMIN/Desktop/yy/project_1/project_1.ip_user_files/bd/design_1/ip/design_1_mig_7series_0_0/design_1_mig_7series_0_0/user_design/rtl/controller/mig_7series_v4_0_bank_state.v" into library xil_defaultlib
INFO: [VRFC 10-311] analyzing module mig_7series_v4_0_bank_state
INFO: [VRFC 10-2263] Analyzing Verilog file "C:/Users/IBM_ADMIN/Desktop/yy/project_1/project_1.ip_user_files/bd/design_1/ip/design_1_mig_7series_0_0/design_1_mig_7series_0_0/user_design/rtl/controller/mig_7series_v4_0_col_mach.v" into library xil_defaultlib
INFO: [VRFC 10-311] analyzing module mig_7series_v4_0_col_mach
INFO: [VRFC 10-2263] Analyzing Verilog file "C:/Users/IBM_ADMIN/Desktop/yy/project_1/project_1.ip_user_files/bd/design_1/ip/design_1_mig_7series_0_0/design_1_mig_7series_0_0/user_design/rtl/controller/mig_7series_v4_0_mc.v" into library xil_defaultlib
INFO: [VRFC 10-311] analyzing module mig_7series_v4_0_mc
INFO: [VRFC 10-2263] Analyzing Verilog file "C:/Users/IBM_ADMIN/Desktop/yy/project_1/project_1.ip_user_files/bd/design_1/ip/design_1_mig_7series_0_0/design_1_mig_7series_0_0/user_design/rtl/controller/mig_7series_v4_0_rank_cntrl.v" into library xil_defaultlib
INFO: [VRFC 10-311] analyzing module mig_7series_v4_0_rank_cntrl
INFO: [VRFC 10-2263] Analyzing Verilog file "C:/Users/IBM_ADMIN/Desktop/yy/project_1/project_1.ip_user_files/bd/design_1/ip/design_1_mig_7series_0_0/design_1_mig_7series_0_0/user_design/rtl/controller/mig_7series_v4_0_rank_common.v" into library xil_defaultlib
INFO: [VRFC 10-311] analyzing module mig_7series_v4_0_rank_common
INFO: [VRFC 10-2263] Analyzing Verilog file "C:/Users/IBM_ADMIN/Desktop/yy/project_1/project_1.ip_user_files/bd/design_1/ip/design_1_mig_7series_0_0/design_1_mig_7series_0_0/user_design/rtl/controller/mig_7series_v4_0_rank_mach.v" into library xil_defaultlib
INFO: [VRFC 10-311] analyzing module mig_7series_v4_0_rank_mach
INFO: [VRFC 10-2263] Analyzing Verilog file "C:/Users/IBM_ADMIN/Desktop/yy/project_1/project_1.ip_user_files/bd/design_1/ip/design_1_mig_7series_0_0/design_1_mig_7series_0_0/user_design/rtl/controller/mig_7series_v4_0_round_robin_arb.v" into library xil_defaultlib
INFO: [VRFC 10-311] analyzing module mig_7series_v4_0_round_robin_arb
INFO: [VRFC 10-2263] Analyzing Verilog file "C:/Users/IBM_ADMIN/Desktop/yy/project_1/project_1.ip_user_files/bd/design_1/ip/design_1_mig_7series_0_0/design_1_mig_7series_0_0/user_design/rtl/ecc/mig_7series_v4_0_ecc_buf.v" into library xil_defaultlib
INFO: [VRFC 10-311] analyzing module mig_7series_v4_0_ecc_buf
INFO: [VRFC 10-2263] Analyzing Verilog file "C:/Users/IBM_ADMIN/Desktop/yy/project_1/project_1.ip_user_files/bd/design_1/ip/design_1_mig_7series_0_0/design_1_mig_7series_0_0/user_design/rtl/ecc/mig_7series_v4_0_ecc_dec_fix.v" into library xil_defaultlib
INFO: [VRFC 10-311] analyzing module mig_7series_v4_0_ecc_dec_fix
INFO: [VRFC 10-2263] Analyzing Verilog file "C:/Users/IBM_ADMIN/Desktop/yy/project_1/project_1.ip_user_files/bd/design_1/ip/design_1_mig_7series_0_0/design_1_mig_7series_0_0/user_design/rtl/ecc/mig_7series_v4_0_ecc_gen.v" into library xil_defaultlib
INFO: [VRFC 10-311] analyzing module mig_7series_v4_0_ecc_gen
INFO: [VRFC 10-2263] Analyzing Verilog file "C:/Users/IBM_ADMIN/Desktop/yy/project_1/project_1.ip_user_files/bd/design_1/ip/design_1_mig_7series_0_0/design_1_mig_7series_0_0/user_design/rtl/ecc/mig_7series_v4_0_ecc_merge_enc.v" into library xil_defaultlib
INFO: [VRFC 10-311] analyzing module mig_7series_v4_0_ecc_merge_enc
INFO: [VRFC 10-2263] Analyzing Verilog file "C:/Users/IBM_ADMIN/Desktop/yy/project_1/project_1.ip_user_files/bd/design_1/ip/design_1_mig_7series_0_0/design_1_mig_7series_0_0/user_design/rtl/ecc/mig_7series_v4_0_fi_xor.v" into library xil_defaultlib
INFO: [VRFC 10-311] analyzing module mig_7series_v4_0_fi_xor
INFO: [VRFC 10-2263] Analyzing Verilog file "C:/Users/IBM_ADMIN/Desktop/yy/project_1/project_1.ip_user_files/bd/design_1/ip/design_1_mig_7series_0_0/design_1_mig_7series_0_0/user_design/rtl/ip_top/mig_7series_v4_0_memc_ui_top_axi.v" into library xil_defaultlib
INFO: [VRFC 10-311] analyzing module mig_7series_v4_0_memc_ui_top_axi
INFO: [VRFC 10-2263] Analyzing Verilog file "C:/Users/IBM_ADMIN/Desktop/yy/project_1/project_1.ip_user_files/bd/design_1/ip/design_1_mig_7series_0_0/design_1_mig_7series_0_0/user_design/rtl/ip_top/mig_7series_v4_0_mem_intfc.v" into library xil_defaultlib
INFO: [VRFC 10-311] analyzing module mig_7series_v4_0_mem_intfc
INFO: [VRFC 10-2263] Analyzing Verilog file "C:/Users/IBM_ADMIN/Desktop/yy/project_1/project_1.ip_user_files/bd/design_1/ip/design_1_mig_7series_0_0/design_1_mig_7series_0_0/user_design/rtl/phy/mig_7series_v4_0_ddr_byte_group_io.v" into library xil_defaultlib
INFO: [VRFC 10-311] analyzing module mig_7series_v4_0_ddr_byte_group_io
INFO: [VRFC 10-2263] Analyzing Verilog file "C:/Users/IBM_ADMIN/Desktop/yy/project_1/project_1.ip_user_files/bd/design_1/ip/design_1_mig_7series_0_0/design_1_mig_7series_0_0/user_design/rtl/phy/mig_7series_v4_0_ddr_byte_lane.v" into library xil_defaultlib
INFO: [VRFC 10-311] analyzing module mig_7series_v4_0_ddr_byte_lane
INFO: [VRFC 10-2263] Analyzing Verilog file "C:/Users/IBM_ADMIN/Desktop/yy/project_1/project_1.ip_user_files/bd/design_1/ip/design_1_mig_7series_0_0/design_1_mig_7series_0_0/user_design/rtl/phy/mig_7series_v4_0_ddr_calib_top.v" into library xil_defaultlib
INFO: [VRFC 10-311] analyzing module mig_7series_v4_0_ddr_calib_top
INFO: [VRFC 10-2263] Analyzing Verilog file "C:/Users/IBM_ADMIN/Desktop/yy/project_1/project_1.ip_user_files/bd/design_1/ip/design_1_mig_7series_0_0/design_1_mig_7series_0_0/user_design/rtl/phy/mig_7series_v4_0_ddr_if_post_fifo.v" into library xil_defaultlib
INFO: [VRFC 10-311] analyzing module mig_7series_v4_0_ddr_if_post_fifo
INFO: [VRFC 10-2263] Analyzing Verilog file "C:/Users/IBM_ADMIN/Desktop/yy/project_1/project_1.ip_user_files/bd/design_1/ip/design_1_mig_7series_0_0/design_1_mig_7series_0_0/user_design/rtl/phy/mig_7series_v4_0_ddr_mc_phy.v" into library xil_defaultlib
INFO: [VRFC 10-311] analyzing module mig_7series_v4_0_ddr_mc_phy
INFO: [VRFC 10-2263] Analyzing Verilog file "C:/Users/IBM_ADMIN/Desktop/yy/project_1/project_1.ip_user_files/bd/design_1/ip/design_1_mig_7series_0_0/design_1_mig_7series_0_0/user_design/rtl/phy/mig_7series_v4_0_ddr_mc_phy_wrapper.v" into library xil_defaultlib
INFO: [VRFC 10-311] analyzing module mig_7series_v4_0_ddr_mc_phy_wrapper
INFO: [VRFC 10-2263] Analyzing Verilog file "C:/Users/IBM_ADMIN/Desktop/yy/project_1/project_1.ip_user_files/bd/design_1/ip/design_1_mig_7series_0_0/design_1_mig_7series_0_0/user_design/rtl/phy/mig_7series_v4_0_ddr_of_pre_fifo.v" into library xil_defaultlib
INFO: [VRFC 10-311] analyzing module mig_7series_v4_0_ddr_of_pre_fifo
INFO: [VRFC 10-2263] Analyzing Verilog file "C:/Users/IBM_ADMIN/Desktop/yy/project_1/project_1.ip_user_files/bd/design_1/ip/design_1_mig_7series_0_0/design_1_mig_7series_0_0/user_design/rtl/phy/mig_7series_v4_0_ddr_phy_4lanes.v" into library xil_defaultlib
INFO: [VRFC 10-311] analyzing module mig_7series_v4_0_ddr_phy_4lanes
INFO: [VRFC 10-2263] Analyzing Verilog file "C:/Users/IBM_ADMIN/Desktop/yy/project_1/project_1.ip_user_files/bd/design_1/ip/design_1_mig_7series_0_0/design_1_mig_7series_0_0/user_design/rtl/phy/mig_7series_v4_0_ddr_phy_ck_addr_cmd_delay.v" into library xil_defaultlib
INFO: [VRFC 10-311] analyzing module mig_7series_v4_0_ddr_phy_ck_addr_cmd_delay
INFO: [VRFC 10-2263] Analyzing Verilog file "C:/Users/IBM_ADMIN/Desktop/yy/project_1/project_1.ip_user_files/bd/design_1/ip/design_1_mig_7series_0_0/design_1_mig_7series_0_0/user_design/rtl/phy/mig_7series_v4_0_ddr_phy_dqs_found_cal.v" into library xil_defaultlib
INFO: [VRFC 10-311] analyzing module mig_7series_v4_0_ddr_phy_dqs_found_cal
INFO: [VRFC 10-2263] Analyzing Verilog file "C:/Users/IBM_ADMIN/Desktop/yy/project_1/project_1.ip_user_files/bd/design_1/ip/design_1_mig_7series_0_0/design_1_mig_7series_0_0/user_design/rtl/phy/mig_7series_v4_0_ddr_phy_dqs_found_cal_hr.v" into library xil_defaultlib
INFO: [VRFC 10-311] analyzing module mig_7series_v4_0_ddr_phy_dqs_found_cal_hr
INFO: [VRFC 10-2263] Analyzing Verilog file "C:/Users/IBM_ADMIN/Desktop/yy/project_1/project_1.ip_user_files/bd/design_1/ip/design_1_mig_7series_0_0/design_1_mig_7series_0_0/user_design/rtl/phy/mig_7series_v4_0_ddr_phy_init.v" into library xil_defaultlib
INFO: [VRFC 10-311] analyzing module mig_7series_v4_0_ddr_phy_init
INFO: [VRFC 10-2263] Analyzing Verilog file "C:/Users/IBM_ADMIN/Desktop/yy/project_1/project_1.ip_user_files/bd/design_1/ip/design_1_mig_7series_0_0/design_1_mig_7series_0_0/user_design/rtl/phy/mig_7series_v4_0_ddr_phy_ocd_cntlr.v" into library xil_defaultlib
INFO: [VRFC 10-311] analyzing module mig_7series_v4_0_ddr_phy_ocd_cntlr
INFO: [VRFC 10-2263] Analyzing Verilog file "C:/Users/IBM_ADMIN/Desktop/yy/project_1/project_1.ip_user_files/bd/design_1/ip/design_1_mig_7series_0_0/design_1_mig_7series_0_0/user_design/rtl/phy/mig_7series_v4_0_ddr_phy_ocd_data.v" into library xil_defaultlib
INFO: [VRFC 10-311] analyzing module mig_7series_v4_0_ddr_phy_ocd_data
INFO: [VRFC 10-2263] Analyzing Verilog file "C:/Users/IBM_ADMIN/Desktop/yy/project_1/project_1.ip_user_files/bd/design_1/ip/design_1_mig_7series_0_0/design_1_mig_7series_0_0/user_design/rtl/phy/mig_7series_v4_0_ddr_phy_ocd_edge.v" into library xil_defaultlib
INFO: [VRFC 10-311] analyzing module mig_7series_v4_0_ddr_phy_ocd_edge
INFO: [VRFC 10-2263] Analyzing Verilog file "C:/Users/IBM_ADMIN/Desktop/yy/project_1/project_1.ip_user_files/bd/design_1/ip/design_1_mig_7series_0_0/design_1_mig_7series_0_0/user_design/rtl/phy/mig_7series_v4_0_ddr_phy_ocd_lim.v" into library xil_defaultlib
INFO: [VRFC 10-311] analyzing module mig_7series_v4_0_ddr_phy_ocd_lim
INFO: [VRFC 10-2263] Analyzing Verilog file "C:/Users/IBM_ADMIN/Desktop/yy/project_1/project_1.ip_user_files/bd/design_1/ip/design_1_mig_7series_0_0/design_1_mig_7series_0_0/user_design/rtl/phy/mig_7series_v4_0_ddr_phy_ocd_mux.v" into library xil_defaultlib
INFO: [VRFC 10-311] analyzing module mig_7series_v4_0_ddr_phy_ocd_mux
INFO: [VRFC 10-2263] Analyzing Verilog file "C:/Users/IBM_ADMIN/Desktop/yy/project_1/project_1.ip_user_files/bd/design_1/ip/design_1_mig_7series_0_0/design_1_mig_7series_0_0/user_design/rtl/phy/mig_7series_v4_0_ddr_phy_ocd_po_cntlr.v" into library xil_defaultlib
INFO: [VRFC 10-311] analyzing module mig_7series_v4_0_ddr_phy_ocd_po_cntlr
INFO: [VRFC 10-2263] Analyzing Verilog file "C:/Users/IBM_ADMIN/Desktop/yy/project_1/project_1.ip_user_files/bd/design_1/ip/design_1_mig_7series_0_0/design_1_mig_7series_0_0/user_design/rtl/phy/mig_7series_v4_0_ddr_phy_ocd_samp.v" into library xil_defaultlib
INFO: [VRFC 10-311] analyzing module mig_7series_v4_0_ddr_phy_ocd_samp
INFO: [VRFC 10-2263] Analyzing Verilog file "C:/Users/IBM_ADMIN/Desktop/yy/project_1/project_1.ip_user_files/bd/design_1/ip/design_1_mig_7series_0_0/design_1_mig_7series_0_0/user_design/rtl/phy/mig_7series_v4_0_ddr_phy_oclkdelay_cal.v" into library xil_defaultlib
INFO: [VRFC 10-311] analyzing module mig_7series_v4_0_ddr_phy_oclkdelay_cal
INFO: [VRFC 10-2263] Analyzing Verilog file "C:/Users/IBM_ADMIN/Desktop/yy/project_1/project_1.ip_user_files/bd/design_1/ip/design_1_mig_7series_0_0/design_1_mig_7series_0_0/user_design/rtl/phy/mig_7series_v4_0_ddr_phy_prbs_rdlvl.v" into library xil_defaultlib
INFO: [VRFC 10-311] analyzing module mig_7series_v4_0_ddr_phy_prbs_rdlvl
INFO: [VRFC 10-2263] Analyzing Verilog file "C:/Users/IBM_ADMIN/Desktop/yy/project_1/project_1.ip_user_files/bd/design_1/ip/design_1_mig_7series_0_0/design_1_mig_7series_0_0/user_design/rtl/phy/mig_7series_v4_0_ddr_phy_rdlvl.v" into library xil_defaultlib
INFO: [VRFC 10-311] analyzing module mig_7series_v4_0_ddr_phy_rdlvl
INFO: [VRFC 10-2263] Analyzing Verilog file "C:/Users/IBM_ADMIN/Desktop/yy/project_1/project_1.ip_user_files/bd/design_1/ip/design_1_mig_7series_0_0/design_1_mig_7series_0_0/user_design/rtl/phy/mig_7series_v4_0_ddr_phy_tempmon.v" into library xil_defaultlib
INFO: [VRFC 10-311] analyzing module mig_7series_v4_0_ddr_phy_tempmon
INFO: [VRFC 10-2263] Analyzing Verilog file "C:/Users/IBM_ADMIN/Desktop/yy/project_1/project_1.ip_user_files/bd/design_1/ip/design_1_mig_7series_0_0/design_1_mig_7series_0_0/user_design/rtl/phy/mig_7series_v4_0_ddr_phy_top.v" into library xil_defaultlib
INFO: [VRFC 10-311] analyzing module mig_7series_v4_0_ddr_phy_top
INFO: [VRFC 10-2263] Analyzing Verilog file "C:/Users/IBM_ADMIN/Desktop/yy/project_1/project_1.ip_user_files/bd/design_1/ip/design_1_mig_7series_0_0/design_1_mig_7series_0_0/user_design/rtl/phy/mig_7series_v4_0_ddr_phy_wrcal.v" into library xil_defaultlib
INFO: [VRFC 10-311] analyzing module mig_7series_v4_0_ddr_phy_wrcal
INFO: [VRFC 10-2263] Analyzing Verilog file "C:/Users/IBM_ADMIN/Desktop/yy/project_1/project_1.ip_user_files/bd/design_1/ip/design_1_mig_7series_0_0/design_1_mig_7series_0_0/user_design/rtl/phy/mig_7series_v4_0_ddr_phy_wrlvl.v" into library xil_defaultlib
INFO: [VRFC 10-311] analyzing module mig_7series_v4_0_ddr_phy_wrlvl
INFO: [VRFC 10-2263] Analyzing Verilog file "C:/Users/IBM_ADMIN/Desktop/yy/project_1/project_1.ip_user_files/bd/design_1/ip/design_1_mig_7series_0_0/design_1_mig_7series_0_0/user_design/rtl/phy/mig_7series_v4_0_ddr_phy_wrlvl_off_delay.v" into library xil_defaultlib
INFO: [VRFC 10-311] analyzing module mig_7series_v4_0_ddr_phy_wrlvl_off_delay
INFO: [VRFC 10-2263] Analyzing Verilog file "C:/Users/IBM_ADMIN/Desktop/yy/project_1/project_1.ip_user_files/bd/design_1/ip/design_1_mig_7series_0_0/design_1_mig_7series_0_0/user_design/rtl/phy/mig_7series_v4_0_ddr_prbs_gen.v" into library xil_defaultlib
INFO: [VRFC 10-311] analyzing module mig_7series_v4_0_ddr_prbs_gen
INFO: [VRFC 10-2263] Analyzing Verilog file "C:/Users/IBM_ADMIN/Desktop/yy/project_1/project_1.ip_user_files/bd/design_1/ip/design_1_mig_7series_0_0/design_1_mig_7series_0_0/user_design/rtl/phy/mig_7series_v4_0_poc_cc.v" into library xil_defaultlib
INFO: [VRFC 10-311] analyzing module mig_7series_v4_0_poc_cc
INFO: [VRFC 10-2263] Analyzing Verilog file "C:/Users/IBM_ADMIN/Desktop/yy/project_1/project_1.ip_user_files/bd/design_1/ip/design_1_mig_7series_0_0/design_1_mig_7series_0_0/user_design/rtl/phy/mig_7series_v4_0_poc_edge_store.v" into library xil_defaultlib
INFO: [VRFC 10-311] analyzing module mig_7series_v4_0_poc_edge_store
INFO: [VRFC 10-2263] Analyzing Verilog file "C:/Users/IBM_ADMIN/Desktop/yy/project_1/project_1.ip_user_files/bd/design_1/ip/design_1_mig_7series_0_0/design_1_mig_7series_0_0/user_design/rtl/phy/mig_7series_v4_0_poc_meta.v" into library xil_defaultlib
INFO: [VRFC 10-311] analyzing module mig_7series_v4_0_poc_meta
INFO: [VRFC 10-2263] Analyzing Verilog file "C:/Users/IBM_ADMIN/Desktop/yy/project_1/project_1.ip_user_files/bd/design_1/ip/design_1_mig_7series_0_0/design_1_mig_7series_0_0/user_design/rtl/phy/mig_7series_v4_0_poc_pd.v" into library xil_defaultlib
INFO: [VRFC 10-311] analyzing module mig_7series_v4_0_poc_pd
INFO: [VRFC 10-2263] Analyzing Verilog file "C:/Users/IBM_ADMIN/Desktop/yy/project_1/project_1.ip_user_files/bd/design_1/ip/design_1_mig_7series_0_0/design_1_mig_7series_0_0/user_design/rtl/phy/mig_7series_v4_0_poc_tap_base.v" into library xil_defaultlib
INFO: [VRFC 10-311] analyzing module mig_7series_v4_0_poc_tap_base
INFO: [VRFC 10-2263] Analyzing Verilog file "C:/Users/IBM_ADMIN/Desktop/yy/project_1/project_1.ip_user_files/bd/design_1/ip/design_1_mig_7series_0_0/design_1_mig_7series_0_0/user_design/rtl/phy/mig_7series_v4_0_poc_top.v" into library xil_defaultlib
INFO: [VRFC 10-311] analyzing module mig_7series_v4_0_poc_top
INFO: [VRFC 10-2263] Analyzing Verilog file "C:/Users/IBM_ADMIN/Desktop/yy/project_1/project_1.ip_user_files/bd/design_1/ip/design_1_mig_7series_0_0/design_1_mig_7series_0_0/user_design/rtl/ui/mig_7series_v4_0_ui_cmd.v" into library xil_defaultlib
INFO: [VRFC 10-311] analyzing module mig_7series_v4_0_ui_cmd
INFO: [VRFC 10-2263] Analyzing Verilog file "C:/Users/IBM_ADMIN/Desktop/yy/project_1/project_1.ip_user_files/bd/design_1/ip/design_1_mig_7series_0_0/design_1_mig_7series_0_0/user_design/rtl/ui/mig_7series_v4_0_ui_rd_data.v" into library xil_defaultlib
INFO: [VRFC 10-311] analyzing module mig_7series_v4_0_ui_rd_data
INFO: [VRFC 10-2263] Analyzing Verilog file "C:/Users/IBM_ADMIN/Desktop/yy/project_1/project_1.ip_user_files/bd/design_1/ip/design_1_mig_7series_0_0/design_1_mig_7series_0_0/user_design/rtl/ui/mig_7series_v4_0_ui_top.v" into library xil_defaultlib
INFO: [VRFC 10-311] analyzing module mig_7series_v4_0_ui_top
INFO: [VRFC 10-2263] Analyzing Verilog file "C:/Users/IBM_ADMIN/Desktop/yy/project_1/project_1.ip_user_files/bd/design_1/ip/design_1_mig_7series_0_0/design_1_mig_7series_0_0/user_design/rtl/ui/mig_7series_v4_0_ui_wr_data.v" into library xil_defaultlib
INFO: [VRFC 10-311] analyzing module mig_7series_v4_0_ui_wr_data
INFO: [VRFC 10-2263] Analyzing Verilog file "C:/Users/IBM_ADMIN/Desktop/yy/project_1/project_1.ip_user_files/bd/design_1/ip/design_1_mig_7series_0_0/design_1_mig_7series_0_0/user_design/rtl/design_1_mig_7series_0_0_mig_sim.v" into library xil_defaultlib
INFO: [VRFC 10-311] analyzing module design_1_mig_7series_0_0_mig
INFO: [VRFC 10-2458] undeclared symbol dbg_sel_po_incdec, assumed default net type wire [C:/Users/IBM_ADMIN/Desktop/yy/project_1/project_1.ip_user_files/bd/design_1/ip/design_1_mig_7series_0_0/design_1_mig_7series_0_0/user_design/rtl/design_1_mig_7series_0_0_mig_sim.v:1144]
INFO: [VRFC 10-2458] undeclared symbol dbg_po_f_inc, assumed default net type wire [C:/Users/IBM_ADMIN/Desktop/yy/project_1/project_1.ip_user_files/bd/design_1/ip/design_1_mig_7series_0_0/design_1_mig_7series_0_0/user_design/rtl/design_1_mig_7series_0_0_mig_sim.v:1148]
INFO: [VRFC 10-2458] undeclared symbol dbg_po_f_stg23_sel, assumed default net type wire [C:/Users/IBM_ADMIN/Desktop/yy/project_1/project_1.ip_user_files/bd/design_1/ip/design_1_mig_7series_0_0/design_1_mig_7series_0_0/user_design/rtl/design_1_mig_7series_0_0_mig_sim.v:1149]
INFO: [VRFC 10-2458] undeclared symbol dbg_po_f_dec, assumed default net type wire [C:/Users/IBM_ADMIN/Desktop/yy/project_1/project_1.ip_user_files/bd/design_1/ip/design_1_mig_7series_0_0/design_1_mig_7series_0_0/user_design/rtl/design_1_mig_7series_0_0_mig_sim.v:1150]
INFO: [VRFC 10-2458] undeclared symbol dbg_poc, assumed default net type wire [C:/Users/IBM_ADMIN/Desktop/yy/project_1/project_1.ip_user_files/bd/design_1/ip/design_1_mig_7series_0_0/design_1_mig_7series_0_0/user_design/rtl/design_1_mig_7series_0_0_mig_sim.v:1277]
INFO: [VRFC 10-2263] Analyzing Verilog file "C:/Users/IBM_ADMIN/Desktop/yy/project_1/project_1.ip_user_files/bd/design_1/ip/design_1_mig_7series_0_0/design_1_mig_7series_0_0/user_design/rtl/design_1_mig_7series_0_0.v" into library xil_defaultlib
INFO: [VRFC 10-311] analyzing module design_1_mig_7series_0_0
INFO: [VRFC 10-2263] Analyzing Verilog file "C:/Users/IBM_ADMIN/Desktop/yy/project_1/project_1.ip_user_files/ipstatic/generic_baseblocks_v2_1/hdl/verilog/generic_baseblocks_v2_1_carry_and.v" into library generic_baseblocks_v2_1_0
INFO: [VRFC 10-311] analyzing module generic_baseblocks_v2_1_0_carry_and
INFO: [VRFC 10-2263] Analyzing Verilog file "C:/Users/IBM_ADMIN/Desktop/yy/project_1/project_1.ip_user_files/ipstatic/generic_baseblocks_v2_1/hdl/verilog/generic_baseblocks_v2_1_carry_latch_and.v" into library generic_baseblocks_v2_1_0
INFO: [VRFC 10-311] analyzing module generic_baseblocks_v2_1_0_carry_latch_and
INFO: [VRFC 10-2263] Analyzing Verilog file "C:/Users/IBM_ADMIN/Desktop/yy/project_1/project_1.ip_user_files/ipstatic/generic_baseblocks_v2_1/hdl/verilog/generic_baseblocks_v2_1_carry_latch_or.v" into library generic_baseblocks_v2_1_0
INFO: [VRFC 10-311] analyzing module generic_baseblocks_v2_1_0_carry_latch_or
INFO: [VRFC 10-2263] Analyzing Verilog file "C:/Users/IBM_ADMIN/Desktop/yy/project_1/project_1.ip_user_files/ipstatic/generic_baseblocks_v2_1/hdl/verilog/generic_baseblocks_v2_1_carry_or.v" into library generic_baseblocks_v2_1_0
INFO: [VRFC 10-311] analyzing module generic_baseblocks_v2_1_0_carry_or
INFO: [VRFC 10-2263] Analyzing Verilog file "C:/Users/IBM_ADMIN/Desktop/yy/project_1/project_1.ip_user_files/ipstatic/generic_baseblocks_v2_1/hdl/verilog/generic_baseblocks_v2_1_carry.v" into library generic_baseblocks_v2_1_0
INFO: [VRFC 10-311] analyzing module generic_baseblocks_v2_1_0_carry
INFO: [VRFC 10-2263] Analyzing Verilog file "C:/Users/IBM_ADMIN/Desktop/yy/project_1/project_1.ip_user_files/ipstatic/generic_baseblocks_v2_1/hdl/verilog/generic_baseblocks_v2_1_command_fifo.v" into library generic_baseblocks_v2_1_0
INFO: [VRFC 10-311] analyzing module generic_baseblocks_v2_1_0_command_fifo
INFO: [VRFC 10-2263] Analyzing Verilog file "C:/Users/IBM_ADMIN/Desktop/yy/project_1/project_1.ip_user_files/ipstatic/generic_baseblocks_v2_1/hdl/verilog/generic_baseblocks_v2_1_comparator_mask_static.v" into library generic_baseblocks_v2_1_0
INFO: [VRFC 10-311] analyzing module generic_baseblocks_v2_1_0_comparator_mask_static
INFO: [VRFC 10-2263] Analyzing Verilog file "C:/Users/IBM_ADMIN/Desktop/yy/project_1/project_1.ip_user_files/ipstatic/generic_baseblocks_v2_1/hdl/verilog/generic_baseblocks_v2_1_comparator_mask.v" into library generic_baseblocks_v2_1_0
INFO: [VRFC 10-311] analyzing module generic_baseblocks_v2_1_0_comparator_mask
INFO: [VRFC 10-2263] Analyzing Verilog file "C:/Users/IBM_ADMIN/Desktop/yy/project_1/project_1.ip_user_files/ipstatic/generic_baseblocks_v2_1/hdl/verilog/generic_baseblocks_v2_1_comparator_sel_mask_static.v" into library generic_baseblocks_v2_1_0
INFO: [VRFC 10-311] analyzing module generic_baseblocks_v2_1_0_comparator_sel_mask_static
INFO: [VRFC 10-2263] Analyzing Verilog file "C:/Users/IBM_ADMIN/Desktop/yy/project_1/project_1.ip_user_files/ipstatic/generic_baseblocks_v2_1/hdl/verilog/generic_baseblocks_v2_1_comparator_sel_mask.v" into library generic_baseblocks_v2_1_0
INFO: [VRFC 10-311] analyzing module generic_baseblocks_v2_1_0_comparator_sel_mask
INFO: [VRFC 10-2263] Analyzing Verilog file "C:/Users/IBM_ADMIN/Desktop/yy/project_1/project_1.ip_user_files/ipstatic/generic_baseblocks_v2_1/hdl/verilog/generic_baseblocks_v2_1_comparator_sel_static.v" into library generic_baseblocks_v2_1_0
INFO: [VRFC 10-311] analyzing module generic_baseblocks_v2_1_0_comparator_sel_static
INFO: [VRFC 10-2263] Analyzing Verilog file "C:/Users/IBM_ADMIN/Desktop/yy/project_1/project_1.ip_user_files/ipstatic/generic_baseblocks_v2_1/hdl/verilog/generic_baseblocks_v2_1_comparator_sel.v" into library generic_baseblocks_v2_1_0
INFO: [VRFC 10-311] analyzing module generic_baseblocks_v2_1_0_comparator_sel
INFO: [VRFC 10-2263] Analyzing Verilog file "C:/Users/IBM_ADMIN/Desktop/yy/project_1/project_1.ip_user_files/ipstatic/generic_baseblocks_v2_1/hdl/verilog/generic_baseblocks_v2_1_comparator_static.v" into library generic_baseblocks_v2_1_0
INFO: [VRFC 10-311] analyzing module generic_baseblocks_v2_1_0_comparator_static
INFO: [VRFC 10-2263] Analyzing Verilog file "C:/Users/IBM_ADMIN/Desktop/yy/project_1/project_1.ip_user_files/ipstatic/generic_baseblocks_v2_1/hdl/verilog/generic_baseblocks_v2_1_comparator.v" into library generic_baseblocks_v2_1_0
INFO: [VRFC 10-311] analyzing module generic_baseblocks_v2_1_0_comparator
INFO: [VRFC 10-2263] Analyzing Verilog file "C:/Users/IBM_ADMIN/Desktop/yy/project_1/project_1.ip_user_files/ipstatic/generic_baseblocks_v2_1/hdl/verilog/generic_baseblocks_v2_1_mux_enc.v" into library generic_baseblocks_v2_1_0
INFO: [VRFC 10-311] analyzing module generic_baseblocks_v2_1_0_mux_enc
INFO: [VRFC 10-2263] Analyzing Verilog file "C:/Users/IBM_ADMIN/Desktop/yy/project_1/project_1.ip_user_files/ipstatic/generic_baseblocks_v2_1/hdl/verilog/generic_baseblocks_v2_1_mux.v" into library generic_baseblocks_v2_1_0
INFO: [VRFC 10-311] analyzing module generic_baseblocks_v2_1_0_mux
INFO: [VRFC 10-2263] Analyzing Verilog file "C:/Users/IBM_ADMIN/Desktop/yy/project_1/project_1.ip_user_files/ipstatic/generic_baseblocks_v2_1/hdl/verilog/generic_baseblocks_v2_1_nto1_mux.v" into library generic_baseblocks_v2_1_0
INFO: [VRFC 10-311] analyzing module generic_baseblocks_v2_1_0_nto1_mux
INFO: [VRFC 10-2263] Analyzing Verilog file "C:/Users/IBM_ADMIN/Desktop/yy/project_1/project_1.ip_user_files/ipstatic/axi_infrastructure_v1_1/hdl/verilog/axi_infrastructure_v1_1_axi2vector.v" into library axi_infrastructure_v1_1_0
INFO: [VRFC 10-311] analyzing module axi_infrastructure_v1_1_0_axi2vector
INFO: [VRFC 10-2263] Analyzing Verilog file "C:/Users/IBM_ADMIN/Desktop/yy/project_1/project_1.ip_user_files/ipstatic/axi_infrastructure_v1_1/hdl/verilog/axi_infrastructure_v1_1_axic_srl_fifo.v" into library axi_infrastructure_v1_1_0
INFO: [VRFC 10-311] analyzing module axi_infrastructure_v1_1_0_axic_srl_fifo
INFO: [VRFC 10-2263] Analyzing Verilog file "C:/Users/IBM_ADMIN/Desktop/yy/project_1/project_1.ip_user_files/ipstatic/axi_infrastructure_v1_1/hdl/verilog/axi_infrastructure_v1_1_vector2axi.v" into library axi_infrastructure_v1_1_0
INFO: [VRFC 10-311] analyzing module axi_infrastructure_v1_1_0_vector2axi
INFO: [VRFC 10-2263] Analyzing Verilog file "C:/Users/IBM_ADMIN/Desktop/yy/project_1/project_1.ip_user_files/ipstatic/axi_register_slice_v2_1/hdl/verilog/axi_register_slice_v2_1_axic_register_slice.v" into library axi_register_slice_v2_1_9
INFO: [VRFC 10-311] analyzing module axi_register_slice_v2_1_9_srl_rtl
INFO: [VRFC 10-311] analyzing module axi_register_slice_v2_1_9_axic_register_slice
INFO: [VRFC 10-2263] Analyzing Verilog file "C:/Users/IBM_ADMIN/Desktop/yy/project_1/project_1.ip_user_files/ipstatic/axi_register_slice_v2_1/hdl/verilog/axi_register_slice_v2_1_axi_register_slice.v" into library axi_register_slice_v2_1_9
INFO: [VRFC 10-311] analyzing module axi_register_slice_v2_1_9_axi_register_slice
INFO: [VRFC 10-2263] Analyzing Verilog file "C:/Users/IBM_ADMIN/Desktop/yy/project_1/project_1.ip_user_files/ipstatic/fifo_generator_v13_1/simulation/fifo_generator_vlog_beh.v" into library fifo_generator_v13_1_1
INFO: [VRFC 10-311] analyzing module fifo_generator_vlog_beh
INFO: [VRFC 10-2458] undeclared symbol wr_eop_ad, assumed default net type wire [C:/Users/IBM_ADMIN/Desktop/yy/project_1/project_1.ip_user_files/ipstatic/fifo_generator_v13_1/simulation/fifo_generator_vlog_beh.v:1321]
INFO: [VRFC 10-2458] undeclared symbol rd_eop_ad, assumed default net type wire [C:/Users/IBM_ADMIN/Desktop/yy/project_1/project_1.ip_user_files/ipstatic/fifo_generator_v13_1/simulation/fifo_generator_vlog_beh.v:1322]
INFO: [VRFC 10-2458] undeclared symbol wr_rst_busy_axis, assumed default net type wire [C:/Users/IBM_ADMIN/Desktop/yy/project_1/project_1.ip_user_files/ipstatic/fifo_generator_v13_1/simulation/fifo_generator_vlog_beh.v:1561]
INFO: [VRFC 10-2458] undeclared symbol rd_rst_busy_axis, assumed default net type wire [C:/Users/IBM_ADMIN/Desktop/yy/project_1/project_1.ip_user_files/ipstatic/fifo_generator_v13_1/simulation/fifo_generator_vlog_beh.v:1562]
INFO: [VRFC 10-2458] undeclared symbol wr_rst_busy_wach, assumed default net type wire [C:/Users/IBM_ADMIN/Desktop/yy/project_1/project_1.ip_user_files/ipstatic/fifo_generator_v13_1/simulation/fifo_generator_vlog_beh.v:2087]
INFO: [VRFC 10-2458] undeclared symbol rd_rst_busy_wach, assumed default net type wire [C:/Users/IBM_ADMIN/Desktop/yy/project_1/project_1.ip_user_files/ipstatic/fifo_generator_v13_1/simulation/fifo_generator_vlog_beh.v:2088]
INFO: [VRFC 10-2458] undeclared symbol wr_rst_busy_wdch, assumed default net type wire [C:/Users/IBM_ADMIN/Desktop/yy/project_1/project_1.ip_user_files/ipstatic/fifo_generator_v13_1/simulation/fifo_generator_vlog_beh.v:2307]
INFO: [VRFC 10-2458] undeclared symbol rd_rst_busy_wdch, assumed default net type wire [C:/Users/IBM_ADMIN/Desktop/yy/project_1/project_1.ip_user_files/ipstatic/fifo_generator_v13_1/simulation/fifo_generator_vlog_beh.v:2308]
INFO: [VRFC 10-2458] undeclared symbol wr_rst_busy_wrch, assumed default net type wire [C:/Users/IBM_ADMIN/Desktop/yy/project_1/project_1.ip_user_files/ipstatic/fifo_generator_v13_1/simulation/fifo_generator_vlog_beh.v:2474]
INFO: [VRFC 10-2458] undeclared symbol rd_rst_busy_wrch, assumed default net type wire [C:/Users/IBM_ADMIN/Desktop/yy/project_1/project_1.ip_user_files/ipstatic/fifo_generator_v13_1/simulation/fifo_generator_vlog_beh.v:2475]
INFO: [VRFC 10-2458] undeclared symbol wr_rst_busy_rach, assumed default net type wire [C:/Users/IBM_ADMIN/Desktop/yy/project_1/project_1.ip_user_files/ipstatic/fifo_generator_v13_1/simulation/fifo_generator_vlog_beh.v:2854]
INFO: [VRFC 10-2458] undeclared symbol rd_rst_busy_rach, assumed default net type wire [C:/Users/IBM_ADMIN/Desktop/yy/project_1/project_1.ip_user_files/ipstatic/fifo_generator_v13_1/simulation/fifo_generator_vlog_beh.v:2855]
INFO: [VRFC 10-2458] undeclared symbol wr_rst_busy_rdch, assumed default net type wire [C:/Users/IBM_ADMIN/Desktop/yy/project_1/project_1.ip_user_files/ipstatic/fifo_generator_v13_1/simulation/fifo_generator_vlog_beh.v:3087]
INFO: [VRFC 10-2458] undeclared symbol rd_rst_busy_rdch, assumed default net type wire [C:/Users/IBM_ADMIN/Desktop/yy/project_1/project_1.ip_user_files/ipstatic/fifo_generator_v13_1/simulation/fifo_generator_vlog_beh.v:3088]
INFO: [VRFC 10-311] analyzing module fifo_generator_v13_1_1_CONV_VER
INFO: [VRFC 10-311] analyzing module fifo_generator_v13_1_1_sync_stage
INFO: [VRFC 10-311] analyzing module fifo_generator_v13_1_1_bhv_ver_as
INFO: [VRFC 10-311] analyzing module fifo_generator_v13_1_1_beh_ver_ll_afifo
INFO: [VRFC 10-311] analyzing module fifo_generator_v13_1_1_bhv_ver_ss
INFO: [VRFC 10-2458] undeclared symbol srst_wrst_busy, assumed default net type wire [C:/Users/IBM_ADMIN/Desktop/yy/project_1/project_1.ip_user_files/ipstatic/fifo_generator_v13_1/simulation/fifo_generator_vlog_beh.v:7752]
INFO: [VRFC 10-311] analyzing module fifo_generator_v13_1_1_bhv_ver_preload0
INFO: [VRFC 10-311] analyzing module fifo_generator_v13_1_1_axic_reg_slice
INFO: [VRFC 10-2263] Analyzing Verilog file "C:/Users/IBM_ADMIN/Desktop/yy/project_1/project_1.ip_user_files/ipstatic/fifo_generator_v13_1/hdl/fifo_generator_v13_1_rfs.v" into library fifo_generator_v13_1_1
INFO: [VRFC 10-311] analyzing module fifo_generator_v13_1_1
INFO: [VRFC 10-2458] undeclared symbol sleep_i, assumed default net type wire [C:/Users/IBM_ADMIN/Desktop/yy/project_1/project_1.ip_user_files/ipstatic/fifo_generator_v13_1/hdl/fifo_generator_v13_1_rfs.v:519]
INFO: [VRFC 10-2263] Analyzing Verilog file "C:/Users/IBM_ADMIN/Desktop/yy/project_1/project_1.ip_user_files/ipstatic/axi_data_fifo_v2_1/hdl/verilog/axi_data_fifo_v2_1_axic_fifo.v" into library axi_data_fifo_v2_1_8
INFO: [VRFC 10-311] analyzing module axi_data_fifo_v2_1_8_axic_fifo
INFO: [VRFC 10-2263] Analyzing Verilog file "C:/Users/IBM_ADMIN/Desktop/yy/project_1/project_1.ip_user_files/ipstatic/axi_data_fifo_v2_1/hdl/verilog/axi_data_fifo_v2_1_fifo_gen.v" into library axi_data_fifo_v2_1_8
INFO: [VRFC 10-311] analyzing module axi_data_fifo_v2_1_8_fifo_gen
INFO: [VRFC 10-2263] Analyzing Verilog file "C:/Users/IBM_ADMIN/Desktop/yy/project_1/project_1.ip_user_files/ipstatic/axi_data_fifo_v2_1/hdl/verilog/axi_data_fifo_v2_1_axic_srl_fifo.v" into library axi_data_fifo_v2_1_8
INFO: [VRFC 10-311] analyzing module axi_data_fifo_v2_1_8_axic_srl_fifo
INFO: [VRFC 10-2263] Analyzing Verilog file "C:/Users/IBM_ADMIN/Desktop/yy/project_1/project_1.ip_user_files/ipstatic/axi_data_fifo_v2_1/hdl/verilog/axi_data_fifo_v2_1_axic_reg_srl_fifo.v" into library axi_data_fifo_v2_1_8
INFO: [VRFC 10-311] analyzing module axi_data_fifo_v2_1_8_axic_reg_srl_fifo
INFO: [VRFC 10-2263] Analyzing Verilog file "C:/Users/IBM_ADMIN/Desktop/yy/project_1/project_1.ip_user_files/ipstatic/axi_data_fifo_v2_1/hdl/verilog/axi_data_fifo_v2_1_ndeep_srl.v" into library axi_data_fifo_v2_1_8
INFO: [VRFC 10-311] analyzing module axi_data_fifo_v2_1_8_ndeep_srl
INFO: [VRFC 10-2263] Analyzing Verilog file "C:/Users/IBM_ADMIN/Desktop/yy/project_1/project_1.ip_user_files/ipstatic/axi_data_fifo_v2_1/hdl/verilog/axi_data_fifo_v2_1_axi_data_fifo.v" into library axi_data_fifo_v2_1_8
INFO: [VRFC 10-311] analyzing module axi_data_fifo_v2_1_8_axi_data_fifo
INFO: [VRFC 10-2263] Analyzing Verilog file "C:/Users/IBM_ADMIN/Desktop/yy/project_1/project_1.ip_user_files/ipstatic/axi_crossbar_v2_1/hdl/verilog/axi_crossbar_v2_1_addr_arbiter_sasd.v" into library axi_crossbar_v2_1_10
INFO: [VRFC 10-311] analyzing module axi_crossbar_v2_1_10_addr_arbiter_sasd
INFO: [VRFC 10-2263] Analyzing Verilog file "C:/Users/IBM_ADMIN/Desktop/yy/project_1/project_1.ip_user_files/ipstatic/axi_crossbar_v2_1/hdl/verilog/axi_crossbar_v2_1_addr_arbiter.v" into library axi_crossbar_v2_1_10
INFO: [VRFC 10-311] analyzing module axi_crossbar_v2_1_10_addr_arbiter
INFO: [VRFC 10-2263] Analyzing Verilog file "C:/Users/IBM_ADMIN/Desktop/yy/project_1/project_1.ip_user_files/ipstatic/axi_crossbar_v2_1/hdl/verilog/axi_crossbar_v2_1_addr_decoder.v" into library axi_crossbar_v2_1_10
INFO: [VRFC 10-311] analyzing module axi_crossbar_v2_1_10_addr_decoder
INFO: [VRFC 10-2263] Analyzing Verilog file "C:/Users/IBM_ADMIN/Desktop/yy/project_1/project_1.ip_user_files/ipstatic/axi_crossbar_v2_1/hdl/verilog/axi_crossbar_v2_1_arbiter_resp.v" into library axi_crossbar_v2_1_10
INFO: [VRFC 10-311] analyzing module axi_crossbar_v2_1_10_arbiter_resp
INFO: [VRFC 10-2263] Analyzing Verilog file "C:/Users/IBM_ADMIN/Desktop/yy/project_1/project_1.ip_user_files/ipstatic/axi_crossbar_v2_1/hdl/verilog/axi_crossbar_v2_1_crossbar_sasd.v" into library axi_crossbar_v2_1_10
INFO: [VRFC 10-311] analyzing module axi_crossbar_v2_1_10_crossbar_sasd
INFO: [VRFC 10-2263] Analyzing Verilog file "C:/Users/IBM_ADMIN/Desktop/yy/project_1/project_1.ip_user_files/ipstatic/axi_crossbar_v2_1/hdl/verilog/axi_crossbar_v2_1_crossbar.v" into library axi_crossbar_v2_1_10
INFO: [VRFC 10-311] analyzing module axi_crossbar_v2_1_10_crossbar
INFO: [VRFC 10-2263] Analyzing Verilog file "C:/Users/IBM_ADMIN/Desktop/yy/project_1/project_1.ip_user_files/ipstatic/axi_crossbar_v2_1/hdl/verilog/axi_crossbar_v2_1_decerr_slave.v" into library axi_crossbar_v2_1_10
INFO: [VRFC 10-311] analyzing module axi_crossbar_v2_1_10_decerr_slave
INFO: [VRFC 10-2263] Analyzing Verilog file "C:/Users/IBM_ADMIN/Desktop/yy/project_1/project_1.ip_user_files/ipstatic/axi_crossbar_v2_1/hdl/verilog/axi_crossbar_v2_1_si_transactor.v" into library axi_crossbar_v2_1_10
INFO: [VRFC 10-311] analyzing module axi_crossbar_v2_1_10_si_transactor
INFO: [VRFC 10-2263] Analyzing Verilog file "C:/Users/IBM_ADMIN/Desktop/yy/project_1/project_1.ip_user_files/ipstatic/axi_crossbar_v2_1/hdl/verilog/axi_crossbar_v2_1_splitter.v" into library axi_crossbar_v2_1_10
INFO: [VRFC 10-311] analyzing module axi_crossbar_v2_1_10_splitter
INFO: [VRFC 10-2263] Analyzing Verilog file "C:/Users/IBM_ADMIN/Desktop/yy/project_1/project_1.ip_user_files/ipstatic/axi_crossbar_v2_1/hdl/verilog/axi_crossbar_v2_1_wdata_mux.v" into library axi_crossbar_v2_1_10
INFO: [VRFC 10-311] analyzing module axi_crossbar_v2_1_10_wdata_mux
INFO: [VRFC 10-2263] Analyzing Verilog file "C:/Users/IBM_ADMIN/Desktop/yy/project_1/project_1.ip_user_files/ipstatic/axi_crossbar_v2_1/hdl/verilog/axi_crossbar_v2_1_wdata_router.v" into library axi_crossbar_v2_1_10
INFO: [VRFC 10-311] analyzing module axi_crossbar_v2_1_10_wdata_router
INFO: [VRFC 10-2263] Analyzing Verilog file "C:/Users/IBM_ADMIN/Desktop/yy/project_1/project_1.ip_user_files/ipstatic/axi_crossbar_v2_1/hdl/verilog/axi_crossbar_v2_1_axi_crossbar.v" into library axi_crossbar_v2_1_10
INFO: [VRFC 10-311] analyzing module axi_crossbar_v2_1_10_axi_crossbar
INFO: [VRFC 10-2263] Analyzing Verilog file "C:/Users/IBM_ADMIN/Desktop/yy/project_1/project_1.ip_user_files/bd/design_1/ip/design_1_xbar_0/sim/design_1_xbar_0.v" into library xil_defaultlib
INFO: [VRFC 10-311] analyzing module design_1_xbar_0
INFO: [VRFC 10-2263] Analyzing Verilog file "C:/Users/IBM_ADMIN/Desktop/yy/project_1/project_1.ip_user_files/bd/design_1/ipshared/user/stream_jpg_yy_nv_mn_v1_0_wed2_v1_0/jpeg.srcs/sources_1/edge_detector.v" into library xil_defaultlib
INFO: [VRFC 10-311] analyzing module edge_detector
INFO: [VRFC 10-2263] Analyzing Verilog file "C:/Users/IBM_ADMIN/Desktop/yy/project_1/project_1.ip_user_files/bd/design_1/ipshared/user/stream_jpg_yy_nv_mn_v1_0_wed2_v1_0/jpeg.srcs/sources_1/vga_controller.v" into library xil_defaultlib
INFO: [VRFC 10-311] analyzing module vga_controller
WARNING: [VRFC 10-756] identifier row is used before its declaration [C:/Users/IBM_ADMIN/Desktop/yy/project_1/project_1.ip_user_files/bd/design_1/ipshared/user/stream_jpg_yy_nv_mn_v1_0_wed2_v1_0/jpeg.srcs/sources_1/vga_controller.v:52]
INFO: [VRFC 10-2263] Analyzing Verilog file "C:/Users/IBM_ADMIN/Desktop/yy/project_1/project_1.ip_user_files/bd/design_1/ipshared/user/stream_jpg_yy_nv_mn_v1_0_wed2_v1_0/jpeg.srcs/sources_1/image_processor.v" into library xil_defaultlib
INFO: [VRFC 10-311] analyzing module image_processor
INFO: [VRFC 10-2263] Analyzing Verilog file "C:/Users/IBM_ADMIN/Desktop/yy/project_1/project_1.ip_user_files/bd/design_1/ipshared/user/stream_jpg_yy_nv_mn_v1_0_wed2_v1_0/jpeg.srcs/sources_1/stream_jpg_yy_nv_mn_v1_0.v" into library xil_defaultlib
INFO: [VRFC 10-311] analyzing module stream_jpg_yy_nv_mn_v1_0
INFO: [VRFC 10-2263] Analyzing Verilog file "C:/Users/IBM_ADMIN/Desktop/yy/project_1/project_1.ip_user_files/bd/design_1/ip/design_1_stream_jpg_yy_nv_mn_v1_0_wed2_0_0/sim/design_1_stream_jpg_yy_nv_mn_v1_0_wed2_0_0.v" into library xil_defaultlib
INFO: [VRFC 10-311] analyzing module design_1_stream_jpg_yy_nv_mn_v1_0_wed2_0_0
INFO: [VRFC 10-2263] Analyzing Verilog file "C:/Users/IBM_ADMIN/Desktop/yy/project_1/project_1.ip_user_files/bd/design_1/hdl/design_1.v" into library xil_defaultlib
INFO: [VRFC 10-311] analyzing module design_1
INFO: [VRFC 10-311] analyzing module design_1_microblaze_0_axi_periph_0
INFO: [VRFC 10-311] analyzing module m00_couplers_imp_8RVYHO
INFO: [VRFC 10-311] analyzing module m01_couplers_imp_1UTB3Y5
INFO: [VRFC 10-311] analyzing module m02_couplers_imp_7ANRHB
INFO: [VRFC 10-311] analyzing module m03_couplers_imp_1W07O72
INFO: [VRFC 10-311] analyzing module m04_couplers_imp_5LX7BU
INFO: [VRFC 10-311] analyzing module m05_couplers_imp_1XR4ZAZ
INFO: [VRFC 10-311] analyzing module m06_couplers_imp_4YOIXL
INFO: [VRFC 10-311] analyzing module microblaze_0_local_memory_imp_1K0VQXK
INFO: [VRFC 10-311] analyzing module s00_couplers_imp_1RZP34U
INFO: [VRFC 10-311] analyzing module s01_couplers_imp_2REGHR
INFO: [VRFC 10-2263] Analyzing Verilog file "C:/Users/IBM_ADMIN/Desktop/yy/project_1/project_1.ip_user_files/bd/design_1/ip/design_1_fifo_generator_0_0/sim/design_1_fifo_generator_0_0.v" into library xil_defaultlib
INFO: [VRFC 10-311] analyzing module design_1_fifo_generator_0_0
INFO: [VRFC 10-2263] Analyzing Verilog file "C:/Users/IBM_ADMIN/Desktop/yy/project_1/project_1.srcs/sources_1/bd/design_1/ip/design_1_PmodWIFI_0_2/ipshared/digilentinc.com/pmod_bridge_v1_0/src/pmod_concat.v" into library xil_defaultlib
INFO: [VRFC 10-311] analyzing module pmod_concat
WARNING: [VRFC 10-1195] overwriting previous definition of module pmod_concat [C:/Users/IBM_ADMIN/Desktop/yy/project_1/project_1.srcs/sources_1/bd/design_1/ip/design_1_PmodWIFI_0_2/ipshared/digilentinc.com/pmod_bridge_v1_0/src/pmod_concat.v:12]
INFO: [VRFC 10-2263] Analyzing Verilog file "C:/Users/IBM_ADMIN/Desktop/yy/project_1/project_1.ip_user_files/bd/design_1/ip/design_1_PmodWIFI_0_2/src/PmodWIFI_pmod_bridge_0_0/sim/PmodWIFI_pmod_bridge_0_0.v" into library xil_defaultlib
INFO: [VRFC 10-311] analyzing module PmodWIFI_pmod_bridge_0_0
WARNING: [VRFC 10-1195] overwriting previous definition of module PmodWIFI_pmod_bridge_0_0 [C:/Users/IBM_ADMIN/Desktop/yy/project_1/project_1.ip_user_files/bd/design_1/ip/design_1_PmodWIFI_0_2/src/PmodWIFI_pmod_bridge_0_0/sim/PmodWIFI_pmod_bridge_0_0.v:56]
INFO: [VRFC 10-2263] Analyzing Verilog file "C:/Users/IBM_ADMIN/Desktop/yy/project_1/project_1.ip_user_files/ipstatic/dist_mem_gen_v8_0/simulation/dist_mem_gen_v8_0.v" into library dist_mem_gen_v8_0_10
INFO: [VRFC 10-311] analyzing module dist_mem_gen_v8_0_10
INFO: [VRFC 10-2263] Analyzing Verilog file "C:/Users/IBM_ADMIN/Desktop/yy/project_1/project_1.ip_user_files/bd/design_1/ipshared/digilentinc.com/pmodwifi_v1_0/src/PmodWIFI.v" into library xil_defaultlib
INFO: [VRFC 10-311] analyzing module PmodWIFI
INFO: [VRFC 10-2458] undeclared symbol ext_spi_clk_1, assumed default net type wire [C:/Users/IBM_ADMIN/Desktop/yy/project_1/project_1.ip_user_files/bd/design_1/ipshared/digilentinc.com/pmodwifi_v1_0/src/PmodWIFI.v:409]
INFO: [VRFC 10-2263] Analyzing Verilog file "C:/Users/IBM_ADMIN/Desktop/yy/project_1/project_1.ip_user_files/bd/design_1/ip/design_1_PmodWIFI_0_2/sim/design_1_PmodWIFI_0_2.v" into library xil_defaultlib
INFO: [VRFC 10-311] analyzing module design_1_PmodWIFI_0_2
INFO: [VRFC 10-2263] Analyzing Verilog file "C:/Users/IBM_ADMIN/Desktop/yy/project_1/project_1.ip_user_files/ipstatic/axi_protocol_converter_v2_1/hdl/verilog/axi_protocol_converter_v2_1_a_axi3_conv.v" into library axi_protocol_converter_v2_1_9
INFO: [VRFC 10-311] analyzing module axi_protocol_converter_v2_1_9_a_axi3_conv
INFO: [VRFC 10-2263] Analyzing Verilog file "C:/Users/IBM_ADMIN/Desktop/yy/project_1/project_1.ip_user_files/ipstatic/axi_protocol_converter_v2_1/hdl/verilog/axi_protocol_converter_v2_1_axi3_conv.v" into library axi_protocol_converter_v2_1_9
INFO: [VRFC 10-311] analyzing module axi_protocol_converter_v2_1_9_axi3_conv
INFO: [VRFC 10-2263] Analyzing Verilog file "C:/Users/IBM_ADMIN/Desktop/yy/project_1/project_1.ip_user_files/ipstatic/axi_protocol_converter_v2_1/hdl/verilog/axi_protocol_converter_v2_1_axilite_conv.v" into library axi_protocol_converter_v2_1_9
INFO: [VRFC 10-311] analyzing module axi_protocol_converter_v2_1_9_axilite_conv
INFO: [VRFC 10-2263] Analyzing Verilog file "C:/Users/IBM_ADMIN/Desktop/yy/project_1/project_1.ip_user_files/ipstatic/axi_protocol_converter_v2_1/hdl/verilog/axi_protocol_converter_v2_1_r_axi3_conv.v" into library axi_protocol_converter_v2_1_9
INFO: [VRFC 10-311] analyzing module axi_protocol_converter_v2_1_9_r_axi3_conv
INFO: [VRFC 10-2263] Analyzing Verilog file "C:/Users/IBM_ADMIN/Desktop/yy/project_1/project_1.ip_user_files/ipstatic/axi_protocol_converter_v2_1/hdl/verilog/axi_protocol_converter_v2_1_w_axi3_conv.v" into library axi_protocol_converter_v2_1_9
INFO: [VRFC 10-311] analyzing module axi_protocol_converter_v2_1_9_w_axi3_conv
INFO: [VRFC 10-2263] Analyzing Verilog file "C:/Users/IBM_ADMIN/Desktop/yy/project_1/project_1.ip_user_files/ipstatic/axi_protocol_converter_v2_1/hdl/verilog/axi_protocol_converter_v2_1_b_downsizer.v" into library axi_protocol_converter_v2_1_9
INFO: [VRFC 10-311] analyzing module axi_protocol_converter_v2_1_9_b_downsizer
INFO: [VRFC 10-2263] Analyzing Verilog file "C:/Users/IBM_ADMIN/Desktop/yy/project_1/project_1.ip_user_files/ipstatic/axi_protocol_converter_v2_1/hdl/verilog/axi_protocol_converter_v2_1_decerr_slave.v" into library axi_protocol_converter_v2_1_9
INFO: [VRFC 10-311] analyzing module axi_protocol_converter_v2_1_9_decerr_slave
INFO: [VRFC 10-2263] Analyzing Verilog file "C:/Users/IBM_ADMIN/Desktop/yy/project_1/project_1.ip_user_files/ipstatic/axi_protocol_converter_v2_1/hdl/verilog/axi_protocol_converter_v2_1_b2s_simple_fifo.v" into library axi_protocol_converter_v2_1_9
INFO: [VRFC 10-311] analyzing module axi_protocol_converter_v2_1_9_b2s_simple_fifo
INFO: [VRFC 10-2263] Analyzing Verilog file "C:/Users/IBM_ADMIN/Desktop/yy/project_1/project_1.ip_user_files/ipstatic/axi_protocol_converter_v2_1/hdl/verilog/axi_protocol_converter_v2_1_b2s_wrap_cmd.v" into library axi_protocol_converter_v2_1_9
INFO: [VRFC 10-311] analyzing module axi_protocol_converter_v2_1_9_b2s_wrap_cmd
INFO: [VRFC 10-2263] Analyzing Verilog file "C:/Users/IBM_ADMIN/Desktop/yy/project_1/project_1.ip_user_files/ipstatic/axi_protocol_converter_v2_1/hdl/verilog/axi_protocol_converter_v2_1_b2s_incr_cmd.v" into library axi_protocol_converter_v2_1_9
INFO: [VRFC 10-311] analyzing module axi_protocol_converter_v2_1_9_b2s_incr_cmd
INFO: [VRFC 10-2263] Analyzing Verilog file "C:/Users/IBM_ADMIN/Desktop/yy/project_1/project_1.ip_user_files/ipstatic/axi_protocol_converter_v2_1/hdl/verilog/axi_protocol_converter_v2_1_b2s_wr_cmd_fsm.v" into library axi_protocol_converter_v2_1_9
INFO: [VRFC 10-311] analyzing module axi_protocol_converter_v2_1_9_b2s_wr_cmd_fsm
INFO: [VRFC 10-2263] Analyzing Verilog file "C:/Users/IBM_ADMIN/Desktop/yy/project_1/project_1.ip_user_files/ipstatic/axi_protocol_converter_v2_1/hdl/verilog/axi_protocol_converter_v2_1_b2s_rd_cmd_fsm.v" into library axi_protocol_converter_v2_1_9
INFO: [VRFC 10-311] analyzing module axi_protocol_converter_v2_1_9_b2s_rd_cmd_fsm
INFO: [VRFC 10-2263] Analyzing Verilog file "C:/Users/IBM_ADMIN/Desktop/yy/project_1/project_1.ip_user_files/ipstatic/axi_protocol_converter_v2_1/hdl/verilog/axi_protocol_converter_v2_1_b2s_cmd_translator.v" into library axi_protocol_converter_v2_1_9
INFO: [VRFC 10-311] analyzing module axi_protocol_converter_v2_1_9_b2s_cmd_translator
INFO: [VRFC 10-2263] Analyzing Verilog file "C:/Users/IBM_ADMIN/Desktop/yy/project_1/project_1.ip_user_files/ipstatic/axi_protocol_converter_v2_1/hdl/verilog/axi_protocol_converter_v2_1_b2s_b_channel.v" into library axi_protocol_converter_v2_1_9
INFO: [VRFC 10-311] analyzing module axi_protocol_converter_v2_1_9_b2s_b_channel
INFO: [VRFC 10-2263] Analyzing Verilog file "C:/Users/IBM_ADMIN/Desktop/yy/project_1/project_1.ip_user_files/ipstatic/axi_protocol_converter_v2_1/hdl/verilog/axi_protocol_converter_v2_1_b2s_r_channel.v" into library axi_protocol_converter_v2_1_9
INFO: [VRFC 10-311] analyzing module axi_protocol_converter_v2_1_9_b2s_r_channel
INFO: [VRFC 10-2263] Analyzing Verilog file "C:/Users/IBM_ADMIN/Desktop/yy/project_1/project_1.ip_user_files/ipstatic/axi_protocol_converter_v2_1/hdl/verilog/axi_protocol_converter_v2_1_b2s_aw_channel.v" into library axi_protocol_converter_v2_1_9
INFO: [VRFC 10-311] analyzing module axi_protocol_converter_v2_1_9_b2s_aw_channel
INFO: [VRFC 10-2263] Analyzing Verilog file "C:/Users/IBM_ADMIN/Desktop/yy/project_1/project_1.ip_user_files/ipstatic/axi_protocol_converter_v2_1/hdl/verilog/axi_protocol_converter_v2_1_b2s_ar_channel.v" into library axi_protocol_converter_v2_1_9
INFO: [VRFC 10-311] analyzing module axi_protocol_converter_v2_1_9_b2s_ar_channel
INFO: [VRFC 10-2263] Analyzing Verilog file "C:/Users/IBM_ADMIN/Desktop/yy/project_1/project_1.ip_user_files/ipstatic/axi_protocol_converter_v2_1/hdl/verilog/axi_protocol_converter_v2_1_b2s.v" into library axi_protocol_converter_v2_1_9
INFO: [VRFC 10-311] analyzing module axi_protocol_converter_v2_1_9_b2s
INFO: [VRFC 10-2263] Analyzing Verilog file "C:/Users/IBM_ADMIN/Desktop/yy/project_1/project_1.ip_user_files/ipstatic/axi_protocol_converter_v2_1/hdl/verilog/axi_protocol_converter_v2_1_axi_protocol_converter.v" into library axi_protocol_converter_v2_1_9
INFO: [VRFC 10-311] analyzing module axi_protocol_converter_v2_1_9_axi_protocol_converter
INFO: [VRFC 10-2263] Analyzing Verilog file "C:/Users/IBM_ADMIN/Desktop/yy/project_1/project_1.ip_user_files/ipstatic/axi_clock_converter_v2_1/hdl/verilog/axi_clock_converter_v2_1_axic_sync_clock_converter.v" into library axi_clock_converter_v2_1_8
INFO: [VRFC 10-311] analyzing module axi_clock_converter_v2_1_8_axic_sync_clock_converter
INFO: [VRFC 10-2263] Analyzing Verilog file "C:/Users/IBM_ADMIN/Desktop/yy/project_1/project_1.ip_user_files/ipstatic/axi_clock_converter_v2_1/hdl/verilog/axi_clock_converter_v2_1_axic_sample_cycle_ratio.v" into library axi_clock_converter_v2_1_8
INFO: [VRFC 10-311] analyzing module axi_clock_converter_v2_1_8_axic_sample_cycle_ratio
INFO: [VRFC 10-2263] Analyzing Verilog file "C:/Users/IBM_ADMIN/Desktop/yy/project_1/project_1.ip_user_files/ipstatic/axi_clock_converter_v2_1/hdl/verilog/axi_clock_converter_v2_1_axi_clock_converter.v" into library axi_clock_converter_v2_1_8
INFO: [VRFC 10-311] analyzing module axi_clock_converter_v2_1_8_axi_clock_converter
INFO: [VRFC 10-2263] Analyzing Verilog file "C:/Users/IBM_ADMIN/Desktop/yy/project_1/project_1.ip_user_files/ipstatic/axi_dwidth_converter_v2_1/hdl/verilog/axi_dwidth_converter_v2_1_a_downsizer.v" into library axi_dwidth_converter_v2_1_9
INFO: [VRFC 10-311] analyzing module axi_dwidth_converter_v2_1_9_a_downsizer
INFO: [VRFC 10-2263] Analyzing Verilog file "C:/Users/IBM_ADMIN/Desktop/yy/project_1/project_1.ip_user_files/ipstatic/axi_dwidth_converter_v2_1/hdl/verilog/axi_dwidth_converter_v2_1_b_downsizer.v" into library axi_dwidth_converter_v2_1_9
INFO: [VRFC 10-311] analyzing module axi_dwidth_converter_v2_1_9_b_downsizer
INFO: [VRFC 10-2263] Analyzing Verilog file "C:/Users/IBM_ADMIN/Desktop/yy/project_1/project_1.ip_user_files/ipstatic/axi_dwidth_converter_v2_1/hdl/verilog/axi_dwidth_converter_v2_1_r_downsizer.v" into library axi_dwidth_converter_v2_1_9
INFO: [VRFC 10-311] analyzing module axi_dwidth_converter_v2_1_9_r_downsizer
INFO: [VRFC 10-2263] Analyzing Verilog file "C:/Users/IBM_ADMIN/Desktop/yy/project_1/project_1.ip_user_files/ipstatic/axi_dwidth_converter_v2_1/hdl/verilog/axi_dwidth_converter_v2_1_w_downsizer.v" into library axi_dwidth_converter_v2_1_9
INFO: [VRFC 10-311] analyzing module axi_dwidth_converter_v2_1_9_w_downsizer
INFO: [VRFC 10-2263] Analyzing Verilog file "C:/Users/IBM_ADMIN/Desktop/yy/project_1/project_1.ip_user_files/ipstatic/axi_dwidth_converter_v2_1/hdl/verilog/axi_dwidth_converter_v2_1_axi_downsizer.v" into library axi_dwidth_converter_v2_1_9
INFO: [VRFC 10-311] analyzing module axi_dwidth_converter_v2_1_9_axi_downsizer
INFO: [VRFC 10-2263] Analyzing Verilog file "C:/Users/IBM_ADMIN/Desktop/yy/project_1/project_1.ip_user_files/ipstatic/axi_dwidth_converter_v2_1/hdl/verilog/axi_dwidth_converter_v2_1_axi4lite_downsizer.v" into library axi_dwidth_converter_v2_1_9
INFO: [VRFC 10-311] analyzing module axi_dwidth_converter_v2_1_9_axi4lite_downsizer
INFO: [VRFC 10-2263] Analyzing Verilog file "C:/Users/IBM_ADMIN/Desktop/yy/project_1/project_1.ip_user_files/ipstatic/axi_dwidth_converter_v2_1/hdl/verilog/axi_dwidth_converter_v2_1_axi4lite_upsizer.v" into library axi_dwidth_converter_v2_1_9
INFO: [VRFC 10-311] analyzing module axi_dwidth_converter_v2_1_9_axi4lite_upsizer
INFO: [VRFC 10-2263] Analyzing Verilog file "C:/Users/IBM_ADMIN/Desktop/yy/project_1/project_1.ip_user_files/ipstatic/axi_dwidth_converter_v2_1/hdl/verilog/axi_dwidth_converter_v2_1_a_upsizer.v" into library axi_dwidth_converter_v2_1_9
INFO: [VRFC 10-311] analyzing module axi_dwidth_converter_v2_1_9_a_upsizer
INFO: [VRFC 10-2263] Analyzing Verilog file "C:/Users/IBM_ADMIN/Desktop/yy/project_1/project_1.ip_user_files/ipstatic/axi_dwidth_converter_v2_1/hdl/verilog/axi_dwidth_converter_v2_1_r_upsizer.v" into library axi_dwidth_converter_v2_1_9
INFO: [VRFC 10-311] analyzing module axi_dwidth_converter_v2_1_9_r_upsizer
INFO: [VRFC 10-2263] Analyzing Verilog file "C:/Users/IBM_ADMIN/Desktop/yy/project_1/project_1.ip_user_files/ipstatic/axi_dwidth_converter_v2_1/hdl/verilog/axi_dwidth_converter_v2_1_w_upsizer.v" into library axi_dwidth_converter_v2_1_9
INFO: [VRFC 10-311] analyzing module axi_dwidth_converter_v2_1_9_w_upsizer
INFO: [VRFC 10-2263] Analyzing Verilog file "C:/Users/IBM_ADMIN/Desktop/yy/project_1/project_1.ip_user_files/ipstatic/axi_dwidth_converter_v2_1/hdl/verilog/axi_dwidth_converter_v2_1_w_upsizer_pktfifo.v" into library axi_dwidth_converter_v2_1_9
INFO: [VRFC 10-311] analyzing module axi_dwidth_converter_v2_1_9_w_upsizer_pktfifo
INFO: [VRFC 10-2263] Analyzing Verilog file "C:/Users/IBM_ADMIN/Desktop/yy/project_1/project_1.ip_user_files/ipstatic/axi_dwidth_converter_v2_1/hdl/verilog/axi_dwidth_converter_v2_1_r_upsizer_pktfifo.v" into library axi_dwidth_converter_v2_1_9
INFO: [VRFC 10-311] analyzing module axi_dwidth_converter_v2_1_9_r_upsizer_pktfifo
INFO: [VRFC 10-2263] Analyzing Verilog file "C:/Users/IBM_ADMIN/Desktop/yy/project_1/project_1.ip_user_files/ipstatic/axi_dwidth_converter_v2_1/hdl/verilog/axi_dwidth_converter_v2_1_axi_upsizer.v" into library axi_dwidth_converter_v2_1_9
INFO: [VRFC 10-311] analyzing module axi_dwidth_converter_v2_1_9_axi_upsizer
INFO: [VRFC 10-2263] Analyzing Verilog file "C:/Users/IBM_ADMIN/Desktop/yy/project_1/project_1.ip_user_files/ipstatic/axi_dwidth_converter_v2_1/hdl/verilog/axi_dwidth_converter_v2_1_top.v" into library axi_dwidth_converter_v2_1_9
INFO: [VRFC 10-311] analyzing module axi_dwidth_converter_v2_1_9_top
INFO: [VRFC 10-2263] Analyzing Verilog file "C:/Users/IBM_ADMIN/Desktop/yy/project_1/project_1.ip_user_files/bd/design_1/ip/design_1_auto_ds_0/sim/design_1_auto_ds_0.v" into library xil_defaultlib
INFO: [VRFC 10-311] analyzing module design_1_auto_ds_0
INFO: [VRFC 10-2263] Analyzing Verilog file "C:/Users/IBM_ADMIN/Desktop/yy/project_1/project_1.ip_user_files/bd/design_1/ip/design_1_auto_ds_1/sim/design_1_auto_ds_1.v" into library xil_defaultlib
INFO: [VRFC 10-311] analyzing module design_1_auto_ds_1
INFO: [VRFC 10-2263] Analyzing Verilog file "C:/Users/IBM_ADMIN/Desktop/yy/project_1/project_1.ip_user_files/bd/design_1/ip/design_1_auto_ds_2/sim/design_1_auto_ds_2.v" into library xil_defaultlib
INFO: [VRFC 10-311] analyzing module design_1_auto_ds_2
INFO: [VRFC 10-2263] Analyzing Verilog file "C:/Users/IBM_ADMIN/Desktop/yy/project_1/project_1.ip_user_files/bd/design_1/ip/design_1_auto_ds_3/sim/design_1_auto_ds_3.v" into library xil_defaultlib
INFO: [VRFC 10-311] analyzing module design_1_auto_ds_3
INFO: [VRFC 10-2263] Analyzing Verilog file "C:/Users/IBM_ADMIN/Desktop/yy/project_1/project_1.ip_user_files/bd/design_1/ip/design_1_auto_ds_4/sim/design_1_auto_ds_4.v" into library xil_defaultlib
INFO: [VRFC 10-311] analyzing module design_1_auto_ds_4
INFO: [VRFC 10-2263] Analyzing Verilog file "C:/Users/IBM_ADMIN/Desktop/yy/project_1/project_1.ip_user_files/bd/design_1/ip/design_1_auto_cc_0/sim/design_1_auto_cc_0.v" into library xil_defaultlib
INFO: [VRFC 10-311] analyzing module design_1_auto_cc_0
INFO: [VRFC 10-2263] Analyzing Verilog file "C:/Users/IBM_ADMIN/Desktop/yy/project_1/project_1.ip_user_files/bd/design_1/ip/design_1_auto_pc_0/sim/design_1_auto_pc_0.v" into library xil_defaultlib
INFO: [VRFC 10-311] analyzing module design_1_auto_pc_0
INFO: [VRFC 10-2263] Analyzing Verilog file "C:/Users/IBM_ADMIN/Desktop/yy/project_1/project_1.ip_user_files/bd/design_1/ip/design_1_auto_us_0/sim/design_1_auto_us_0.v" into library xil_defaultlib
INFO: [VRFC 10-311] analyzing module design_1_auto_us_0
INFO: [VRFC 10-2263] Analyzing Verilog file "C:/Users/IBM_ADMIN/Desktop/yy/project_1/project_1.ip_user_files/bd/design_1/ip/design_1_auto_us_1/sim/design_1_auto_us_1.v" into library xil_defaultlib
INFO: [VRFC 10-311] analyzing module design_1_auto_us_1
INFO: [VRFC 10-2263] Analyzing Verilog file "C:/Users/IBM_ADMIN/Desktop/yy/project_1/project_1.srcs/sources_1/bd/design_1/hdl/design_1_wrapper.v" into library xil_defaultlib
INFO: [VRFC 10-311] analyzing module design_1_wrapper
INFO: [VRFC 10-2263] Analyzing Verilog file "C:/Users/IBM_ADMIN/Desktop/yy/project_1/project_1.ip_user_files/ipstatic/PmodWIFI_axi_quad_spi_0_0/dist_mem_gen_v8_0_10/simulation/dist_mem_gen_v8_0.v" into library dist_mem_gen_v8_0_10
INFO: [VRFC 10-311] analyzing module dist_mem_gen_v8_0_10
WARNING: [VRFC 10-1195] overwriting previous definition of module dist_mem_gen_v8_0_10 [C:/Users/IBM_ADMIN/Desktop/yy/project_1/project_1.ip_user_files/ipstatic/PmodWIFI_axi_quad_spi_0_0/dist_mem_gen_v8_0_10/simulation/dist_mem_gen_v8_0.v:78]
INFO: [VRFC 10-2263] Analyzing Verilog file "C:/Users/IBM_ADMIN/Desktop/yy/project_1/project_1.ip_user_files/ipstatic/PmodWIFI_axi_quad_spi_0_0/fifo_generator_v13_1_1/simulation/fifo_generator_vlog_beh.v" into library fifo_generator_v13_1_1
INFO: [VRFC 10-311] analyzing module fifo_generator_vlog_beh
INFO: [VRFC 10-2458] undeclared symbol wr_eop_ad, assumed default net type wire [C:/Users/IBM_ADMIN/Desktop/yy/project_1/project_1.ip_user_files/ipstatic/PmodWIFI_axi_quad_spi_0_0/fifo_generator_v13_1_1/simulation/fifo_generator_vlog_beh.v:1321]
INFO: [VRFC 10-2458] undeclared symbol rd_eop_ad, assumed default net type wire [C:/Users/IBM_ADMIN/Desktop/yy/project_1/project_1.ip_user_files/ipstatic/PmodWIFI_axi_quad_spi_0_0/fifo_generator_v13_1_1/simulation/fifo_generator_vlog_beh.v:1322]
INFO: [VRFC 10-2458] undeclared symbol wr_rst_busy_axis, assumed default net type wire [C:/Users/IBM_ADMIN/Desktop/yy/project_1/project_1.ip_user_files/ipstatic/PmodWIFI_axi_quad_spi_0_0/fifo_generator_v13_1_1/simulation/fifo_generator_vlog_beh.v:1561]
INFO: [VRFC 10-2458] undeclared symbol rd_rst_busy_axis, assumed default net type wire [C:/Users/IBM_ADMIN/Desktop/yy/project_1/project_1.ip_user_files/ipstatic/PmodWIFI_axi_quad_spi_0_0/fifo_generator_v13_1_1/simulation/fifo_generator_vlog_beh.v:1562]
INFO: [VRFC 10-2458] undeclared symbol wr_rst_busy_wach, assumed default net type wire [C:/Users/IBM_ADMIN/Desktop/yy/project_1/project_1.ip_user_files/ipstatic/PmodWIFI_axi_quad_spi_0_0/fifo_generator_v13_1_1/simulation/fifo_generator_vlog_beh.v:2087]
INFO: [VRFC 10-2458] undeclared symbol rd_rst_busy_wach, assumed default net type wire [C:/Users/IBM_ADMIN/Desktop/yy/project_1/project_1.ip_user_files/ipstatic/PmodWIFI_axi_quad_spi_0_0/fifo_generator_v13_1_1/simulation/fifo_generator_vlog_beh.v:2088]
INFO: [VRFC 10-2458] undeclared symbol wr_rst_busy_wdch, assumed default net type wire [C:/Users/IBM_ADMIN/Desktop/yy/project_1/project_1.ip_user_files/ipstatic/PmodWIFI_axi_quad_spi_0_0/fifo_generator_v13_1_1/simulation/fifo_generator_vlog_beh.v:2307]
INFO: [VRFC 10-2458] undeclared symbol rd_rst_busy_wdch, assumed default net type wire [C:/Users/IBM_ADMIN/Desktop/yy/project_1/project_1.ip_user_files/ipstatic/PmodWIFI_axi_quad_spi_0_0/fifo_generator_v13_1_1/simulation/fifo_generator_vlog_beh.v:2308]
INFO: [VRFC 10-2458] undeclared symbol wr_rst_busy_wrch, assumed default net type wire [C:/Users/IBM_ADMIN/Desktop/yy/project_1/project_1.ip_user_files/ipstatic/PmodWIFI_axi_quad_spi_0_0/fifo_generator_v13_1_1/simulation/fifo_generator_vlog_beh.v:2474]
INFO: [VRFC 10-2458] undeclared symbol rd_rst_busy_wrch, assumed default net type wire [C:/Users/IBM_ADMIN/Desktop/yy/project_1/project_1.ip_user_files/ipstatic/PmodWIFI_axi_quad_spi_0_0/fifo_generator_v13_1_1/simulation/fifo_generator_vlog_beh.v:2475]
INFO: [VRFC 10-2458] undeclared symbol wr_rst_busy_rach, assumed default net type wire [C:/Users/IBM_ADMIN/Desktop/yy/project_1/project_1.ip_user_files/ipstatic/PmodWIFI_axi_quad_spi_0_0/fifo_generator_v13_1_1/simulation/fifo_generator_vlog_beh.v:2854]
INFO: [VRFC 10-2458] undeclared symbol rd_rst_busy_rach, assumed default net type wire [C:/Users/IBM_ADMIN/Desktop/yy/project_1/project_1.ip_user_files/ipstatic/PmodWIFI_axi_quad_spi_0_0/fifo_generator_v13_1_1/simulation/fifo_generator_vlog_beh.v:2855]
INFO: [VRFC 10-2458] undeclared symbol wr_rst_busy_rdch, assumed default net type wire [C:/Users/IBM_ADMIN/Desktop/yy/project_1/project_1.ip_user_files/ipstatic/PmodWIFI_axi_quad_spi_0_0/fifo_generator_v13_1_1/simulation/fifo_generator_vlog_beh.v:3087]
INFO: [VRFC 10-2458] undeclared symbol rd_rst_busy_rdch, assumed default net type wire [C:/Users/IBM_ADMIN/Desktop/yy/project_1/project_1.ip_user_files/ipstatic/PmodWIFI_axi_quad_spi_0_0/fifo_generator_v13_1_1/simulation/fifo_generator_vlog_beh.v:3088]
WARNING: [VRFC 10-1195] overwriting previous definition of module fifo_generator_vlog_beh [C:/Users/IBM_ADMIN/Desktop/yy/project_1/project_1.ip_user_files/ipstatic/PmodWIFI_axi_quad_spi_0_0/fifo_generator_v13_1_1/simulation/fifo_generator_vlog_beh.v:98]
INFO: [VRFC 10-311] analyzing module fifo_generator_v13_1_1_CONV_VER
WARNING: [VRFC 10-1195] overwriting previous definition of module fifo_generator_v13_1_1_CONV_VER [C:/Users/IBM_ADMIN/Desktop/yy/project_1/project_1.ip_user_files/ipstatic/PmodWIFI_axi_quad_spi_0_0/fifo_generator_v13_1_1/simulation/fifo_generator_vlog_beh.v:3355]
INFO: [VRFC 10-311] analyzing module fifo_generator_v13_1_1_sync_stage
WARNING: [VRFC 10-1195] overwriting previous definition of module fifo_generator_v13_1_1_sync_stage [C:/Users/IBM_ADMIN/Desktop/yy/project_1/project_1.ip_user_files/ipstatic/PmodWIFI_axi_quad_spi_0_0/fifo_generator_v13_1_1/simulation/fifo_generator_vlog_beh.v:4938]
INFO: [VRFC 10-311] analyzing module fifo_generator_v13_1_1_bhv_ver_as
WARNING: [VRFC 10-1195] overwriting previous definition of module fifo_generator_v13_1_1_bhv_ver_as [C:/Users/IBM_ADMIN/Desktop/yy/project_1/project_1.ip_user_files/ipstatic/PmodWIFI_axi_quad_spi_0_0/fifo_generator_v13_1_1/simulation/fifo_generator_vlog_beh.v:4959]
INFO: [VRFC 10-311] analyzing module fifo_generator_v13_1_1_beh_ver_ll_afifo
WARNING: [VRFC 10-1195] overwriting previous definition of module fifo_generator_v13_1_1_beh_ver_ll_afifo [C:/Users/IBM_ADMIN/Desktop/yy/project_1/project_1.ip_user_files/ipstatic/PmodWIFI_axi_quad_spi_0_0/fifo_generator_v13_1_1/simulation/fifo_generator_vlog_beh.v:6894]
INFO: [VRFC 10-311] analyzing module fifo_generator_v13_1_1_bhv_ver_ss
INFO: [VRFC 10-2458] undeclared symbol srst_wrst_busy, assumed default net type wire [C:/Users/IBM_ADMIN/Desktop/yy/project_1/project_1.ip_user_files/ipstatic/PmodWIFI_axi_quad_spi_0_0/fifo_generator_v13_1_1/simulation/fifo_generator_vlog_beh.v:7752]
WARNING: [VRFC 10-1195] overwriting previous definition of module fifo_generator_v13_1_1_bhv_ver_ss [C:/Users/IBM_ADMIN/Desktop/yy/project_1/project_1.ip_user_files/ipstatic/PmodWIFI_axi_quad_spi_0_0/fifo_generator_v13_1_1/simulation/fifo_generator_vlog_beh.v:7022]
INFO: [VRFC 10-311] analyzing module fifo_generator_v13_1_1_bhv_ver_preload0
WARNING: [VRFC 10-1195] overwriting previous definition of module fifo_generator_v13_1_1_bhv_ver_preload0 [C:/Users/IBM_ADMIN/Desktop/yy/project_1/project_1.ip_user_files/ipstatic/PmodWIFI_axi_quad_spi_0_0/fifo_generator_v13_1_1/simulation/fifo_generator_vlog_beh.v:9135]
INFO: [VRFC 10-311] analyzing module fifo_generator_v13_1_1_axic_reg_slice
WARNING: [VRFC 10-1195] overwriting previous definition of module fifo_generator_v13_1_1_axic_reg_slice [C:/Users/IBM_ADMIN/Desktop/yy/project_1/project_1.ip_user_files/ipstatic/PmodWIFI_axi_quad_spi_0_0/fifo_generator_v13_1_1/simulation/fifo_generator_vlog_beh.v:10198]
INFO: [VRFC 10-2263] Analyzing Verilog file "C:/Users/IBM_ADMIN/Desktop/yy/project_1/project_1.ip_user_files/ipstatic/PmodWIFI_axi_quad_spi_0_0/fifo_generator_v13_1_1/hdl/fifo_generator_v13_1_rfs.v" into library fifo_generator_v13_1_1
INFO: [VRFC 10-311] analyzing module fifo_generator_v13_1_1
INFO: [VRFC 10-2458] undeclared symbol sleep_i, assumed default net type wire [C:/Users/IBM_ADMIN/Desktop/yy/project_1/project_1.ip_user_files/ipstatic/PmodWIFI_axi_quad_spi_0_0/fifo_generator_v13_1_1/hdl/fifo_generator_v13_1_rfs.v:519]
WARNING: [VRFC 10-1195] overwriting previous definition of module fifo_generator_v13_1_1 [C:/Users/IBM_ADMIN/Desktop/yy/project_1/project_1.ip_user_files/ipstatic/PmodWIFI_axi_quad_spi_0_0/fifo_generator_v13_1_1/hdl/fifo_generator_v13_1_rfs.v:74]
INFO: [VRFC 10-2263] Analyzing Verilog file "C:/Users/IBM_ADMIN/Desktop/yy/project_1/project_1.srcs/sim_1/imports/tb_top.v" into library xil_defaultlib
INFO: [VRFC 10-311] analyzing module tb_top
INFO: [VRFC 10-2263] Analyzing Verilog file "C:/Users/IBM_ADMIN/Desktop/yy/project_1/project_1.sim/sim_1/behav/glbl.v" into library xil_defaultlib
INFO: [VRFC 10-311] analyzing module glbl
INFO: [VRFC 10-163] Analyzing VHDL file "C:/Xilinx/Vivado/2016.2/data/ip/xpm/xpm_VCOMP.vhd" into library xpm
INFO: [VRFC 10-163] Analyzing VHDL file "C:/Users/IBM_ADMIN/Desktop/yy/project_1/project_1.srcs/sources_1/imports/coregen/upsampling_buffer/jpeg_upsampling_buffer.vhd" into library xil_defaultlib
INFO: [VRFC 10-307] analyzing entity jpeg_upsampling_buffer
ERROR: [VRFC 10-149] 'blk_mem_gen_v1_1' is not compiled in library xilinxcorelib [C:/Users/IBM_ADMIN/Desktop/yy/project_1/project_1.srcs/sources_1/imports/coregen/upsampling_buffer/jpeg_upsampling_buffer.vhd:68]
ERROR: [VRFC 10-1504] unit jpeg_upsampling_buffer_a ignored due to previous errors [C:/Users/IBM_ADMIN/Desktop/yy/project_1/project_1.srcs/sources_1/imports/coregen/upsampling_buffer/jpeg_upsampling_buffer.vhd:54]
INFO: [VRFC 10-240] VHDL file C:/Users/IBM_ADMIN/Desktop/yy/project_1/project_1.srcs/sources_1/imports/coregen/upsampling_buffer/jpeg_upsampling_buffer.vhd ignored due to errors
