
*** Running vivado
    with args -log PWM_v1_0.vds -m64 -mode batch -messageDb vivado.pb -notrace -source PWM_v1_0.tcl


****** Vivado v2016.2 (64-bit)
  **** SW Build 1577090 on Thu Jun  2 16:32:40 MDT 2016
  **** IP Build 1577682 on Fri Jun  3 12:00:54 MDT 2016
    ** Copyright 1986-2016 Xilinx, Inc. All Rights Reserved.

source PWM_v1_0.tcl -notrace
Command: synth_design -top PWM_v1_0 -part xc7a100tcsg324-1
Starting synth_design
Attempting to get a license for feature 'Synthesis' and/or device 'xc7a100t'
INFO: [Common 17-349] Got license for feature 'Synthesis' and/or device 'xc7a100t'
INFO: Launching helper process for spawning children vivado processes
INFO: Helper process launched with PID 12620 
---------------------------------------------------------------------------------
Starting Synthesize : Time (s): cpu = 00:00:07 ; elapsed = 00:00:19 . Memory (MB): peak = 303.781 ; gain = 97.258
---------------------------------------------------------------------------------
INFO: [Synth 8-638] synthesizing module 'PWM_v1_0' [e:/ECE532/PWM/IP/ip_repo/PWM_1.0/hdl/PWM_v1_0.v:4]
	Parameter C_S00_AXI_DATA_WIDTH bound to: 32 - type: integer 
	Parameter C_S00_AXI_ADDR_WIDTH bound to: 4 - type: integer 
INFO: [Synth 8-638] synthesizing module 'PWM_v1_0_S00_AXI' [e:/ECE532/PWM/IP/ip_repo/PWM_1.0/hdl/PWM_v1_0_S00_AXI.v:4]
	Parameter C_S_AXI_DATA_WIDTH bound to: 32 - type: integer 
	Parameter C_S_AXI_ADDR_WIDTH bound to: 4 - type: integer 
	Parameter ADDR_LSB bound to: 2 - type: integer 
	Parameter OPT_MEM_ADDR_BITS bound to: 1 - type: integer 
INFO: [Synth 8-226] default block is never used [e:/ECE532/PWM/IP/ip_repo/PWM_1.0/hdl/PWM_v1_0_S00_AXI.v:223]
INFO: [Synth 8-226] default block is never used [e:/ECE532/PWM/IP/ip_repo/PWM_1.0/hdl/PWM_v1_0_S00_AXI.v:364]
INFO: [Synth 8-638] synthesizing module 'PWM_Module' [e:/ece532/pwm/ip/ip_repo/edit_PWM_v1_0.srcs/sources_1/new/PWM_Module.v:23]
INFO: [Synth 8-638] synthesizing module 'PWM_Core' [e:/ece532/pwm/ip/ip_repo/edit_PWM_v1_0.srcs/sources_1/new/PWM_Module.v:45]
INFO: [Synth 8-256] done synthesizing module 'PWM_Core' (1#1) [e:/ece532/pwm/ip/ip_repo/edit_PWM_v1_0.srcs/sources_1/new/PWM_Module.v:45]
INFO: [Synth 8-256] done synthesizing module 'PWM_Module' (2#1) [e:/ece532/pwm/ip/ip_repo/edit_PWM_v1_0.srcs/sources_1/new/PWM_Module.v:23]
INFO: [Synth 8-256] done synthesizing module 'PWM_v1_0_S00_AXI' (3#1) [e:/ECE532/PWM/IP/ip_repo/PWM_1.0/hdl/PWM_v1_0_S00_AXI.v:4]
INFO: [Synth 8-256] done synthesizing module 'PWM_v1_0' (4#1) [e:/ECE532/PWM/IP/ip_repo/PWM_1.0/hdl/PWM_v1_0.v:4]
WARNING: [Synth 8-3331] design PWM_v1_0_S00_AXI has unconnected port S_AXI_AWPROT[2]
WARNING: [Synth 8-3331] design PWM_v1_0_S00_AXI has unconnected port S_AXI_AWPROT[1]
WARNING: [Synth 8-3331] design PWM_v1_0_S00_AXI has unconnected port S_AXI_AWPROT[0]
WARNING: [Synth 8-3331] design PWM_v1_0_S00_AXI has unconnected port S_AXI_ARPROT[2]
WARNING: [Synth 8-3331] design PWM_v1_0_S00_AXI has unconnected port S_AXI_ARPROT[1]
WARNING: [Synth 8-3331] design PWM_v1_0_S00_AXI has unconnected port S_AXI_ARPROT[0]
---------------------------------------------------------------------------------
Finished Synthesize : Time (s): cpu = 00:00:09 ; elapsed = 00:00:20 . Memory (MB): peak = 341.211 ; gain = 134.688
---------------------------------------------------------------------------------
---------------------------------------------------------------------------------
Finished Constraint Validation : Time (s): cpu = 00:00:09 ; elapsed = 00:00:20 . Memory (MB): peak = 341.211 ; gain = 134.688
---------------------------------------------------------------------------------
---------------------------------------------------------------------------------
Start Loading Part and Timing Information
---------------------------------------------------------------------------------
Loading part: xc7a100tcsg324-1
---------------------------------------------------------------------------------
Finished Loading Part and Timing Information : Time (s): cpu = 00:00:09 ; elapsed = 00:00:20 . Memory (MB): peak = 341.211 ; gain = 134.688
---------------------------------------------------------------------------------
INFO: [Device 21-403] Loading part xc7a100tcsg324-1
---------------------------------------------------------------------------------
Finished RTL Optimization Phase 2 : Time (s): cpu = 00:00:09 ; elapsed = 00:00:20 . Memory (MB): peak = 347.613 ; gain = 141.090
---------------------------------------------------------------------------------

Report RTL Partitions: 
+-+--------------+------------+----------+
| |RTL Partition |Replication |Instances |
+-+--------------+------------+----------+
+-+--------------+------------+----------+
No constraint files found.
---------------------------------------------------------------------------------
Start RTL Component Statistics 
---------------------------------------------------------------------------------
Detailed RTL Component Info : 
+---Registers : 
	               32 Bit    Registers := 5     
	                4 Bit    Registers := 2     
	                2 Bit    Registers := 2     
	                1 Bit    Registers := 5     
+---Muxes : 
	   2 Input     32 Bit        Muxes := 4     
	   4 Input     32 Bit        Muxes := 5     
	   2 Input      1 Bit        Muxes := 4     
---------------------------------------------------------------------------------
Finished RTL Component Statistics 
---------------------------------------------------------------------------------
---------------------------------------------------------------------------------
Start RTL Hierarchical Component Statistics 
---------------------------------------------------------------------------------
Hierarchical RTL Component report 
Module PWM_v1_0_S00_AXI 
Detailed RTL Component Info : 
+---Registers : 
	               32 Bit    Registers := 5     
	                4 Bit    Registers := 2     
	                2 Bit    Registers := 2     
	                1 Bit    Registers := 5     
+---Muxes : 
	   2 Input     32 Bit        Muxes := 4     
	   4 Input     32 Bit        Muxes := 5     
	   2 Input      1 Bit        Muxes := 4     
---------------------------------------------------------------------------------
Finished RTL Hierarchical Component Statistics
---------------------------------------------------------------------------------
---------------------------------------------------------------------------------
Start Part Resource Summary
---------------------------------------------------------------------------------
Part Resources:
DSPs: 240 (col length:80)
BRAMs: 270 (col length: RAMB18 80 RAMB36 40)
---------------------------------------------------------------------------------
Finished Part Resource Summary
---------------------------------------------------------------------------------
Start Parallel Synthesis Optimization  : Time (s): cpu = 00:00:13 ; elapsed = 00:00:26 . Memory (MB): peak = 445.461 ; gain = 238.938
---------------------------------------------------------------------------------
Start Cross Boundary Optimization
---------------------------------------------------------------------------------
WARNING: [Synth 8-3331] design PWM_v1_0 has unconnected port s00_axi_awprot[2]
WARNING: [Synth 8-3331] design PWM_v1_0 has unconnected port s00_axi_awprot[1]
WARNING: [Synth 8-3331] design PWM_v1_0 has unconnected port s00_axi_awprot[0]
WARNING: [Synth 8-3331] design PWM_v1_0 has unconnected port s00_axi_arprot[2]
WARNING: [Synth 8-3331] design PWM_v1_0 has unconnected port s00_axi_arprot[1]
WARNING: [Synth 8-3331] design PWM_v1_0 has unconnected port s00_axi_arprot[0]
---------------------------------------------------------------------------------
Finished Cross Boundary Optimization : Time (s): cpu = 00:00:13 ; elapsed = 00:00:26 . Memory (MB): peak = 446.355 ; gain = 239.832
---------------------------------------------------------------------------------
Finished Parallel Reinference  : Time (s): cpu = 00:00:13 ; elapsed = 00:00:26 . Memory (MB): peak = 446.355 ; gain = 239.832

Report RTL Partitions: 
+-+--------------+------------+----------+
| |RTL Partition |Replication |Instances |
+-+--------------+------------+----------+
+-+--------------+------------+----------+
No constraint files found.
---------------------------------------------------------------------------------
Start Area Optimization
---------------------------------------------------------------------------------
INFO: [Synth 8-3886] merging instance 'PWM_v1_0_S00_AXI_inst/axi_rresp_reg[0]' (FDRE) to 'PWM_v1_0_S00_AXI_inst/axi_rresp_reg[1]'
INFO: [Synth 8-3333] propagating constant 0 across sequential element (\PWM_v1_0_S00_AXI_inst/axi_rresp_reg[1] )
INFO: [Synth 8-3886] merging instance 'PWM_v1_0_S00_AXI_inst/axi_bresp_reg[0]' (FDRE) to 'PWM_v1_0_S00_AXI_inst/axi_bresp_reg[1]'
INFO: [Synth 8-3333] propagating constant 0 across sequential element (\PWM_v1_0_S00_AXI_inst/axi_bresp_reg[1] )
WARNING: [Synth 8-3332] Sequential element (PWM_v1_0_S00_AXI_inst/axi_awaddr_reg[1]) is unused and will be removed from module PWM_v1_0.
WARNING: [Synth 8-3332] Sequential element (PWM_v1_0_S00_AXI_inst/axi_awaddr_reg[0]) is unused and will be removed from module PWM_v1_0.
WARNING: [Synth 8-3332] Sequential element (PWM_v1_0_S00_AXI_inst/axi_bresp_reg[1]) is unused and will be removed from module PWM_v1_0.
WARNING: [Synth 8-3332] Sequential element (PWM_v1_0_S00_AXI_inst/axi_bresp_reg[0]) is unused and will be removed from module PWM_v1_0.
WARNING: [Synth 8-3332] Sequential element (PWM_v1_0_S00_AXI_inst/axi_araddr_reg[1]) is unused and will be removed from module PWM_v1_0.
WARNING: [Synth 8-3332] Sequential element (PWM_v1_0_S00_AXI_inst/axi_araddr_reg[0]) is unused and will be removed from module PWM_v1_0.
WARNING: [Synth 8-3332] Sequential element (PWM_v1_0_S00_AXI_inst/axi_rresp_reg[1]) is unused and will be removed from module PWM_v1_0.
WARNING: [Synth 8-3332] Sequential element (PWM_v1_0_S00_AXI_inst/axi_rresp_reg[0]) is unused and will be removed from module PWM_v1_0.
---------------------------------------------------------------------------------
Finished Area Optimization : Time (s): cpu = 00:00:13 ; elapsed = 00:00:27 . Memory (MB): peak = 468.113 ; gain = 261.590
---------------------------------------------------------------------------------
Finished Parallel Area Optimization  : Time (s): cpu = 00:00:13 ; elapsed = 00:00:27 . Memory (MB): peak = 468.113 ; gain = 261.590

Report RTL Partitions: 
+-+--------------+------------+----------+
| |RTL Partition |Replication |Instances |
+-+--------------+------------+----------+
+-+--------------+------------+----------+
---------------------------------------------------------------------------------
Start Timing Optimization
---------------------------------------------------------------------------------
No constraint files found.
---------------------------------------------------------------------------------
Finished Timing Optimization : Time (s): cpu = 00:00:13 ; elapsed = 00:00:27 . Memory (MB): peak = 468.113 ; gain = 261.590
---------------------------------------------------------------------------------

Report RTL Partitions: 
+-+--------------+------------+----------+
| |RTL Partition |Replication |Instances |
+-+--------------+------------+----------+
+-+--------------+------------+----------+
---------------------------------------------------------------------------------
Start Technology Mapping
---------------------------------------------------------------------------------
---------------------------------------------------------------------------------
Finished Technology Mapping : Time (s): cpu = 00:00:13 ; elapsed = 00:00:27 . Memory (MB): peak = 468.430 ; gain = 261.906
---------------------------------------------------------------------------------
Finished Parallel Technology Mapping Optimization  : Time (s): cpu = 00:00:13 ; elapsed = 00:00:27 . Memory (MB): peak = 468.430 ; gain = 261.906

Report RTL Partitions: 
+-+--------------+------------+----------+
| |RTL Partition |Replication |Instances |
+-+--------------+------------+----------+
+-+--------------+------------+----------+
Finished Parallel Synthesis Optimization  : Time (s): cpu = 00:00:13 ; elapsed = 00:00:27 . Memory (MB): peak = 468.430 ; gain = 261.906
---------------------------------------------------------------------------------
Start IO Insertion
---------------------------------------------------------------------------------
---------------------------------------------------------------------------------
Start Flattening Before IO Insertion
---------------------------------------------------------------------------------
---------------------------------------------------------------------------------
Finished Flattening Before IO Insertion
---------------------------------------------------------------------------------
---------------------------------------------------------------------------------
Start Final Netlist Cleanup
---------------------------------------------------------------------------------
---------------------------------------------------------------------------------
Finished Final Netlist Cleanup
---------------------------------------------------------------------------------
---------------------------------------------------------------------------------
Finished IO Insertion : Time (s): cpu = 00:00:14 ; elapsed = 00:00:28 . Memory (MB): peak = 468.430 ; gain = 261.906
---------------------------------------------------------------------------------

Report Check Netlist: 
+------+------------------+-------+---------+-------+------------------+
|      |Item              |Errors |Warnings |Status |Description       |
+------+------------------+-------+---------+-------+------------------+
|1     |multi_driven_nets |      0|        0|Passed |Multi driven nets |
+------+------------------+-------+---------+-------+------------------+
---------------------------------------------------------------------------------
Start Renaming Generated Instances
---------------------------------------------------------------------------------
---------------------------------------------------------------------------------
Finished Renaming Generated Instances : Time (s): cpu = 00:00:14 ; elapsed = 00:00:28 . Memory (MB): peak = 468.430 ; gain = 261.906
---------------------------------------------------------------------------------

Report RTL Partitions: 
+-+--------------+------------+----------+
| |RTL Partition |Replication |Instances |
+-+--------------+------------+----------+
+-+--------------+------------+----------+
---------------------------------------------------------------------------------
Start Rebuilding User Hierarchy
---------------------------------------------------------------------------------
---------------------------------------------------------------------------------
Finished Rebuilding User Hierarchy : Time (s): cpu = 00:00:14 ; elapsed = 00:00:28 . Memory (MB): peak = 468.430 ; gain = 261.906
---------------------------------------------------------------------------------
---------------------------------------------------------------------------------
Start Renaming Generated Ports
---------------------------------------------------------------------------------
---------------------------------------------------------------------------------
Finished Renaming Generated Ports : Time (s): cpu = 00:00:14 ; elapsed = 00:00:28 . Memory (MB): peak = 468.430 ; gain = 261.906
---------------------------------------------------------------------------------
---------------------------------------------------------------------------------
Start Handling Custom Attributes
---------------------------------------------------------------------------------
---------------------------------------------------------------------------------
Finished Handling Custom Attributes : Time (s): cpu = 00:00:14 ; elapsed = 00:00:28 . Memory (MB): peak = 468.430 ; gain = 261.906
---------------------------------------------------------------------------------
---------------------------------------------------------------------------------
Start Renaming Generated Nets
---------------------------------------------------------------------------------
---------------------------------------------------------------------------------
Finished Renaming Generated Nets : Time (s): cpu = 00:00:14 ; elapsed = 00:00:28 . Memory (MB): peak = 468.430 ; gain = 261.906
---------------------------------------------------------------------------------
---------------------------------------------------------------------------------
Start Writing Synthesis Report
---------------------------------------------------------------------------------

Report BlackBoxes: 
+-+--------------+----------+
| |BlackBox name |Instances |
+-+--------------+----------+
+-+--------------+----------+

Report Cell Usage: 
+------+-------+------+
|      |Cell   |Count |
+------+-------+------+
|1     |BUFG   |     1|
|2     |CARRY4 |    12|
|3     |LUT1   |    17|
|4     |LUT2   |     5|
|5     |LUT3   |     3|
|6     |LUT4   |    82|
|7     |LUT6   |    33|
|8     |FDCE   |    16|
|9     |FDRE   |   169|
|10    |IBUF   |    47|
|11    |OBUF   |    45|
+------+-------+------+

Report Instance Areas: 
+------+------------------------+-----------------+------+
|      |Instance                |Module           |Cells |
+------+------------------------+-----------------+------+
|1     |top                     |                 |   430|
|2     |  PWM_v1_0_S00_AXI_inst |PWM_v1_0_S00_AXI |   337|
|3     |    Module              |PWM_Module       |   109|
|4     |      Core1             |PWM_Core         |     2|
|5     |      Core2             |PWM_Core_0       |     2|
|6     |      Core3             |PWM_Core_1       |     2|
|7     |      Core4             |PWM_Core_2       |     2|
+------+------------------------+-----------------+------+
---------------------------------------------------------------------------------
Finished Writing Synthesis Report : Time (s): cpu = 00:00:14 ; elapsed = 00:00:28 . Memory (MB): peak = 468.430 ; gain = 261.906
---------------------------------------------------------------------------------
Synthesis finished with 0 errors, 0 critical warnings and 20 warnings.
Synthesis Optimization Runtime : Time (s): cpu = 00:00:11 ; elapsed = 00:00:15 . Memory (MB): peak = 468.430 ; gain = 241.500
Synthesis Optimization Complete : Time (s): cpu = 00:00:14 ; elapsed = 00:00:28 . Memory (MB): peak = 468.430 ; gain = 261.906
INFO: [Project 1-571] Translating synthesized netlist
INFO: [Netlist 29-17] Analyzing 59 Unisim elements for replacement
INFO: [Netlist 29-28] Unisim Transformation completed in 0 CPU seconds
INFO: [Project 1-570] Preparing netlist for logic optimization
INFO: [Opt 31-138] Pushed 0 inverter(s) to 0 load pin(s).
INFO: [Project 1-111] Unisim Transformation Summary:
No Unisim elements were transformed.

INFO: [Common 17-83] Releasing license: Synthesis
23 Infos, 20 Warnings, 0 Critical Warnings and 0 Errors encountered.
synth_design completed successfully
synth_design: Time (s): cpu = 00:00:14 ; elapsed = 00:00:23 . Memory (MB): peak = 549.676 ; gain = 325.992
report_utilization: Time (s): cpu = 00:00:00 ; elapsed = 00:00:00.292 . Memory (MB): peak = 549.676 ; gain = 0.000
INFO: [Common 17-206] Exiting Vivado at Sun Feb 05 00:21:38 2017...
