#
# A fatal error has been detected by the Java Runtime Environment:
#
#  EXCEPTION_UNCAUGHT_CXX_EXCEPTION (0xe06d7363) at pc=0x000007fefd04a06d, pid=2348, tid=3020
#
# JRE version: Java(TM) SE Runtime Environment (8.0_66-b18) (build 1.8.0_66-b18)
# Java VM: Java HotSpot(TM) 64-Bit Server VM (25.66-b18 mixed mode windows-amd64 compressed oops)
# Problematic frame:
# C  [KERNELBASE.dll+0x1a06d]
#
# Failed to write core dump. Minidumps are not enabled by default on client versions of Windows
#
# If you would like to submit a bug report, please visit:
#   http://bugreport.java.com/bugreport/crash.jsp
#

---------------  T H R E A D  ---------------

Current thread (0x0000000014de2800):  VMThread [stack: 0x0000000015d30000,0x0000000015e30000] [id=3020]

siginfo: ExceptionCode=0xe06d7363, ExceptionInformation=0x0000000019930520 0x0000000015e2f4c8 0x000007feec3d2cb8 0x000007feec320000 

Registers:
RAX=0x0000000060fe281f, RBX=0x000007feec3d2cb8, RCX=0x0000000015e2ed10, RDX=0x00000000000000d0
RSP=0x0000000015e2f320, RBP=0x0000000015e2f450, RSI=0x00000000ffffffff, RDI=0x00000000173f0720
R8 =0x0000000000000000, R9 =0x0000000000000000, R10=0x000007feec320000, R11=0x0000000015e2f360
R12=0x0000000000000001, R13=0x0000000000000008, R14=0x0000000000000000, R15=0xffffffffffffffff
RIP=0x000007fefd04a06d, EFLAGS=0x0000000000000202

Top of Stack: (sp=0x0000000015e2f320)
0x0000000015e2f320:   000007feec3d2cb8 00000000ffffffff
0x0000000015e2f330:   00000000173f0720 0000000000267140
0x0000000015e2f340:   00000001e06d7363 0000000000000000
0x0000000015e2f350:   000007fefd04a06d 000007fe00000004
0x0000000015e2f360:   0000000019930520 0000000015e2f4c8
0x0000000015e2f370:   000007feec3d2cb8 000007feec320000
0x0000000015e2f380:   0000000000000000 0000000015e2f408
0x0000000015e2f390:   0000000000000028 00000000173f0710
0x0000000015e2f3a0:   0000000000279150 0000000000000000
0x0000000015e2f3b0:   000007fffffa8000 000000007706f2d3
0x0000000015e2f3c0:   0000000000000000 0000000000000008
0x0000000015e2f3d0:   0000000000000001 00000000173f0720
0x0000000015e2f3e0:   00000000ffffffff 000007feec37e92c
0x0000000015e2f3f0:   000007feec3d2cb8 0000000015e2f460
0x0000000015e2f400:   0000000000000001 000007feec3200f8
0x0000000015e2f410:   00000001e06d7363 0000000000000000 

Instructions: (pc=0x000007fefd04a06d)
0x000007fefd04a04d:   54 24 24 48 89 4c 24 28 4d 85 c9 0f 85 6a 03 00
0x000007fefd04a05d:   00 89 4c 24 38 48 8d 4c 24 20 ff 15 33 02 03 00
0x000007fefd04a06d:   48 81 c4 c8 00 00 00 c3 90 90 90 90 90 90 90 90
0x000007fefd04a07d:   90 90 90 48 83 ec 28 65 48 8b 04 25 30 00 00 00 


Register to memory mapping:

RAX=0x0000000060fe281f is an unknown value
RBX=0x000007feec3d2cb8 is an unknown value
RCX=0x0000000015e2ed10 is an unknown value
RDX=0x00000000000000d0 is an unknown value
RSP=0x0000000015e2f320 is an unknown value
RBP=0x0000000015e2f450 is an unknown value
RSI=0x00000000ffffffff is an unallocated location in the heap
RDI=0x00000000173f0720 is an unknown value
R8 =0x0000000000000000 is an unknown value
R9 =0x0000000000000000 is an unknown value
R10=0x000007feec320000 is an unknown value
R11=0x0000000015e2f360 is an unknown value
R12=0x0000000000000001 is an unknown value
R13=0x0000000000000008 is an unknown value
R14=0x0000000000000000 is an unknown value
R15=0xffffffffffffffff is an unknown value


Stack: [0x0000000015d30000,0x0000000015e30000],  sp=0x0000000015e2f320,  free space=1020k
Native frames: (J=compiled Java code, j=interpreted, Vv=VM code, C=native code)
C  [KERNELBASE.dll+0x1a06d]
C  [MSVCR110.dll+0x5e92c]
C  [MSVCR110.dll+0x1315c]
C  [MSVCR110.dll+0x136a9]
C  [MSVCR110.dll+0x13e9c]
C  [MSVCR110.dll+0x239e]
C  [MSVCR110.dll+0xaf9e]
C  [MSVCP110.dll+0x397b9]
C  [librdi_common.dll+0x182316]
C  [librdi_common.dll+0x180fab]
C  [librdi_target_manager.dll+0x2400]
C  [librdi_target_manager.dll+0x2682]
C  [ntdll.dll+0x229b1]
C  [ntdll.dll+0x227c0]
C  [MSVCR100.dll+0x20ccd]
V  [jvm.dll+0x210cc5]
V  [jvm.dll+0x249897]
V  [jvm.dll+0x248b36]
V  [jvm.dll+0x248fd1]
V  [jvm.dll+0x2491ee]
V  [jvm.dll+0x29a0fa]
C  [MSVCR100.dll+0x21d9f]
C  [MSVCR100.dll+0x21e3b]
C  [kernel32.dll+0x159bd]
C  [ntdll.dll+0x2a2e1]

VM_Operation (0x000000000012f4c0): Exit, mode: safepoint, requested by thread 0x00000000021d8000


---------------  P R O C E S S  ---------------

Java Threads: ( => current thread )
  0x000000001ac1a000 JavaThread "pool-2-thread-10" [_thread_blocked, id=1908, stack(0x00000000292e0000,0x00000000293e0000)]
  0x00000000198a8800 JavaThread "pool-2-thread-9" [_thread_blocked, id=1796, stack(0x0000000024e20000,0x0000000024f20000)]
  0x000000001ad19000 JavaThread "pool-2-thread-8" [_thread_blocked, id=4452, stack(0x00000000295e0000,0x00000000296e0000)]
  0x000000001ad15800 JavaThread "pool-2-thread-7" [_thread_blocked, id=4836, stack(0x0000000025a70000,0x0000000025b70000)]
  0x000000001ad17800 JavaThread "pool-2-thread-6" [_thread_blocked, id=2196, stack(0x00000000293e0000,0x00000000294e0000)]
  0x000000001ad16000 JavaThread "pool-2-thread-5" [_thread_blocked, id=4816, stack(0x0000000027800000,0x0000000027900000)]
  0x00000000198a7000 JavaThread "pool-2-thread-4" [_thread_blocked, id=2228, stack(0x00000000291e0000,0x00000000292e0000)]
  0x00000000196e7800 JavaThread "pool-2-thread-3" [_thread_blocked, id=4880, stack(0x0000000028fe0000,0x00000000290e0000)]
  0x0000000016c62000 JavaThread "pool-2-thread-2" [_thread_blocked, id=2332, stack(0x00000000289e0000,0x0000000028ae0000)]
  0x0000000016c61800 JavaThread "EventThread COM1" [_thread_in_native, id=4824, stack(0x00000000288e0000,0x00000000289e0000)]
  0x0000000016c60800 JavaThread "EventThread COM5" [_thread_blocked, id=4496, stack(0x0000000028620000,0x0000000028720000)]
  0x0000000016c60000 JavaThread "pool-2-thread-1" [_thread_blocked, id=4112, stack(0x0000000028100000,0x0000000028200000)]
  0x0000000016c5e800 JavaThread "Thread-53" daemon [_thread_blocked, id=620, stack(0x0000000028000000,0x0000000028100000)]
  0x000000001fa43800 JavaThread "TCF Channel Transmitter" daemon [_thread_blocked, id=3608, stack(0x0000000027400000,0x0000000027500000)]
  0x000000001fa44000 JavaThread "TCF Channel Receiver" daemon [_thread_in_native, id=3204, stack(0x0000000027300000,0x0000000027400000)]
  0x000000001fa41000 JavaThread "Process monitor" daemon [_thread_in_native, id=2404, stack(0x0000000024190000,0x0000000024290000)]
  0x000000001fa40800 JavaThread "Input Stream Monitor" daemon [_thread_blocked, id=176, stack(0x0000000023fa0000,0x00000000240a0000)]
  0x000000001fa3f800 JavaThread "Output Stream Monitor" daemon [_thread_in_native, id=3808, stack(0x0000000023b10000,0x0000000023c10000)]
  0x000000001fa3f000 JavaThread "Output Stream Monitor" daemon [_thread_in_native, id=748, stack(0x0000000023520000,0x0000000023620000)]
  0x00000000198a5800 JavaThread "TCF Locator DNS Lookup" daemon [_thread_blocked, id=3108, stack(0x0000000022950000,0x0000000022a50000)]
  0x00000000198a5000 JavaThread "TCF Locator Timer" daemon [_thread_blocked, id=304, stack(0x0000000022850000,0x0000000022950000)]
  0x00000000198a4000 JavaThread "TCF Locator Receiver" daemon [_thread_in_native, id=4072, stack(0x0000000022540000,0x0000000022640000)]
  0x00000000198a2800 JavaThread "TCF Timer Dispatcher" daemon [_thread_blocked, id=1684, stack(0x0000000022650000,0x0000000022750000)]
  0x000000001989c800 JavaThread "EMF Reference Cleaner" daemon [_thread_blocked, id=2096, stack(0x000000001bc60000,0x000000001bd60000)]
  0x0000000014ed0800 JavaThread "Service Thread" daemon [_thread_blocked, id=2436, stack(0x00000000166f0000,0x00000000167f0000)]
  0x0000000014e68000 JavaThread "C1 CompilerThread3" daemon [_thread_blocked, id=3544, stack(0x00000000165f0000,0x00000000166f0000)]
  0x0000000014e47000 JavaThread "C2 CompilerThread2" daemon [_thread_blocked, id=3620, stack(0x00000000164f0000,0x00000000165f0000)]
  0x0000000014e3c000 JavaThread "C2 CompilerThread1" daemon [_thread_blocked, id=3596, stack(0x00000000163f0000,0x00000000164f0000)]
  0x0000000014e35000 JavaThread "C2 CompilerThread0" daemon [_thread_blocked, id=4052, stack(0x00000000162f0000,0x00000000163f0000)]
  0x0000000014e31000 JavaThread "Attach Listener" daemon [_thread_blocked, id=1856, stack(0x00000000161f0000,0x00000000162f0000)]
  0x0000000014e30000 JavaThread "Signal Dispatcher" daemon [_thread_blocked, id=3284, stack(0x00000000160f0000,0x00000000161f0000)]
  0x0000000013c6f000 JavaThread "Finalizer" daemon [_thread_blocked, id=904, stack(0x0000000015f30000,0x0000000016030000)]
  0x0000000013c68800 JavaThread "Reference Handler" daemon [_thread_blocked, id=1228, stack(0x0000000015e30000,0x0000000015f30000)]
  0x00000000021d8000 JavaThread "main" [_thread_blocked, id=3692, stack(0x0000000000030000,0x0000000000130000)]

Other Threads:
=>0x0000000014de2800 VMThread [stack: 0x0000000015d30000,0x0000000015e30000] [id=3020]

VM state:at safepoint (shutting down)

VM Mutex/Monitor currently owned by a thread:  ([mutex/lock_event])
[0x000000000227e3b0] Threads_lock - owner thread: 0x0000000014de2800

Heap:
 PSYoungGen      total 29184K, used 20125K [0x00000000f5580000, 0x00000000f7380000, 0x0000000100000000)
  eden space 28672K, 68% used [0x00000000f5580000,0x00000000f68ab720,0x00000000f7180000)
  from space 512K, 96% used [0x00000000f7280000,0x00000000f72fc010,0x00000000f7300000)
  to   space 1024K, 0% used [0x00000000f7180000,0x00000000f7180000,0x00000000f7280000)
 ParOldGen       total 121344K, used 72941K [0x00000000e0000000, 0x00000000e7680000, 0x00000000f5580000)
  object space 121344K, 60% used [0x00000000e0000000,0x00000000e473b598,0x00000000e7680000)
 Metaspace       used 94870K, capacity 102158K, committed 102232K, reserved 1138688K
  class space    used 11168K, capacity 13673K, committed 13696K, reserved 1048576K

Card table byte_map: [0x0000000002330000,0x0000000002440000] byte_map_base: 0x0000000001c30000

Marking Bits: (ParMarkBitMap*) 0x0000000070c6a5b0
 Begin Bits: [0x0000000012180000, 0x0000000012980000)
 End Bits:   [0x0000000012980000, 0x0000000013180000)

Polling page: 0x0000000002280000

CodeCache: size=245760Kb used=51231Kb max_used=51518Kb free=194528Kb
 bounds [0x0000000002510000, 0x00000000057d0000, 0x0000000011510000]
 total_blobs=14605 nmethods=13693 adapters=818
 compilation: enabled

Compilation events (10 events):
Event: 10743.294 Thread 0x0000000014e68000 nmethod 17462 0x000000000348a490 code [0x000000000348a660, 0x000000000348ad68]
Event: 10743.294 Thread 0x0000000014e68000 17465       3       org.eclipse.osgi.internal.serviceregistry.ServiceUse::ungetService (36 bytes)
Event: 10743.294 Thread 0x0000000014e68000 nmethod 17465 0x00000000037fe890 code [0x00000000037fea00, 0x00000000037fedd0]
Event: 10743.299 Thread 0x0000000014e68000 17466   !   3       org.eclipse.osgi.storage.BundleInfo$Generation::close (34 bytes)
Event: 10743.300 Thread 0x0000000014e68000 nmethod 17466 0x00000000045ac710 code [0x00000000045ac880, 0x00000000045acca8]
Event: 10743.301 Thread 0x0000000014e68000 17467       3       java.util.TimSort::mergeLo (659 bytes)
Event: 10743.301 Thread 0x0000000014e3c000 17468       4       org.eclipse.osgi.container.ModuleDatabase::readLock (11 bytes)
Event: 10743.302 Thread 0x0000000014e68000 nmethod 17467 0x00000000044da1d0 code [0x00000000044da500, 0x00000000044dc698]
Event: 10743.303 Thread 0x0000000014e68000 17479       1       java.util.concurrent.atomic.AtomicLong::get (5 bytes)
Event: 10743.303 Thread 0x0000000014e68000 nmethod 17479 0x00000000037c8ad0 code [0x00000000037c8c20, 0x00000000037c8d30]

GC Heap History (10 events):
Event: 10740.987 GC heap before
{Heap before GC invocations=8408 (full 32):
 PSYoungGen      total 29184K, used 28848K [0x00000000f5580000, 0x00000000f7300000, 0x0000000100000000)
  eden space 28672K, 100% used [0x00000000f5580000,0x00000000f7180000,0x00000000f7180000)
  from space 512K, 34% used [0x00000000f7200000,0x00000000f722c010,0x00000000f7280000)
  to   space 512K, 0% used [0x00000000f7280000,0x00000000f7280000,0x00000000f7300000)
 ParOldGen       total 121344K, used 71537K [0x00000000e0000000, 0x00000000e7680000, 0x00000000f5580000)
  object space 121344K, 58% used [0x00000000e0000000,0x00000000e45dc7c0,0x00000000e7680000)
 Metaspace       used 94070K, capacity 101422K, committed 101592K, reserved 1136640K
  class space    used 11071K, capacity 13477K, committed 13568K, reserved 1048576K
Event: 10740.989 GC heap after
Heap after GC invocations=8408 (full 32):
 PSYoungGen      total 29184K, used 176K [0x00000000f5580000, 0x00000000f7300000, 0x0000000100000000)
  eden space 28672K, 0% used [0x00000000f5580000,0x00000000f5580000,0x00000000f7180000)
  from space 512K, 34% used [0x00000000f7280000,0x00000000f72ac010,0x00000000f7300000)
  to   space 512K, 0% used [0x00000000f7200000,0x00000000f7200000,0x00000000f7280000)
 ParOldGen       total 121344K, used 71537K [0x00000000e0000000, 0x00000000e7680000, 0x00000000f5580000)
  object space 121344K, 58% used [0x00000000e0000000,0x00000000e45dc7c0,0x00000000e7680000)
 Metaspace       used 94070K, capacity 101422K, committed 101592K, reserved 1136640K
  class space    used 11071K, capacity 13477K, committed 13568K, reserved 1048576K
}
Event: 10741.530 GC heap before
{Heap before GC invocations=8409 (full 32):
 PSYoungGen      total 29184K, used 28848K [0x00000000f5580000, 0x00000000f7300000, 0x0000000100000000)
  eden space 28672K, 100% used [0x00000000f5580000,0x00000000f7180000,0x00000000f7180000)
  from space 512K, 34% used [0x00000000f7280000,0x00000000f72ac010,0x00000000f7300000)
  to   space 512K, 0% used [0x00000000f7200000,0x00000000f7200000,0x00000000f7280000)
 ParOldGen       total 121344K, used 71537K [0x00000000e0000000, 0x00000000e7680000, 0x00000000f5580000)
  object space 121344K, 58% used [0x00000000e0000000,0x00000000e45dc7c0,0x00000000e7680000)
 Metaspace       used 94076K, capacity 101422K, committed 101592K, reserved 1136640K
  class space    used 11073K, capacity 13477K, committed 13568K, reserved 1048576K
Event: 10741.532 GC heap after
Heap after GC invocations=8409 (full 32):
 PSYoungGen      total 29184K, used 192K [0x00000000f5580000, 0x00000000f7300000, 0x0000000100000000)
  eden space 28672K, 0% used [0x00000000f5580000,0x00000000f5580000,0x00000000f7180000)
  from space 512K, 37% used [0x00000000f7200000,0x00000000f7230000,0x00000000f7280000)
  to   space 512K, 0% used [0x00000000f7280000,0x00000000f7280000,0x00000000f7300000)
 ParOldGen       total 121344K, used 71537K [0x00000000e0000000, 0x00000000e7680000, 0x00000000f5580000)
  object space 121344K, 58% used [0x00000000e0000000,0x00000000e45dc7c0,0x00000000e7680000)
 Metaspace       used 94076K, capacity 101422K, committed 101592K, reserved 1136640K
  class space    used 11073K, capacity 13477K, committed 13568K, reserved 1048576K
}
Event: 10742.163 GC heap before
{Heap before GC invocations=8410 (full 32):
 PSYoungGen      total 29184K, used 28864K [0x00000000f5580000, 0x00000000f7300000, 0x0000000100000000)
  eden space 28672K, 100% used [0x00000000f5580000,0x00000000f7180000,0x00000000f7180000)
  from space 512K, 37% used [0x00000000f7200000,0x00000000f7230000,0x00000000f7280000)
  to   space 512K, 0% used [0x00000000f7280000,0x00000000f7280000,0x00000000f7300000)
 ParOldGen       total 121344K, used 71537K [0x00000000e0000000, 0x00000000e7680000, 0x00000000f5580000)
  object space 121344K, 58% used [0x00000000e0000000,0x00000000e45dc7c0,0x00000000e7680000)
 Metaspace       used 94076K, capacity 101422K, committed 101592K, reserved 1136640K
  class space    used 11073K, capacity 13477K, committed 13568K, reserved 1048576K
Event: 10742.165 GC heap after
Heap after GC invocations=8410 (full 32):
 PSYoungGen      total 29184K, used 128K [0x00000000f5580000, 0x00000000f7300000, 0x0000000100000000)
  eden space 28672K, 0% used [0x00000000f5580000,0x00000000f5580000,0x00000000f7180000)
  from space 512K, 25% used [0x00000000f7280000,0x00000000f72a0000,0x00000000f7300000)
  to   space 512K, 0% used [0x00000000f7200000,0x00000000f7200000,0x00000000f7280000)
 ParOldGen       total 121344K, used 71553K [0x00000000e0000000, 0x00000000e7680000, 0x00000000f5580000)
  object space 121344K, 58% used [0x00000000e0000000,0x00000000e45e07c0,0x00000000e7680000)
 Metaspace       used 94076K, capacity 101422K, committed 101592K, reserved 1136640K
  class space    used 11073K, capacity 13477K, committed 13568K, reserved 1048576K
}
Event: 10742.385 GC heap before
{Heap before GC invocations=8411 (full 32):
 PSYoungGen      total 29184K, used 28800K [0x00000000f5580000, 0x00000000f7300000, 0x0000000100000000)
  eden space 28672K, 100% used [0x00000000f5580000,0x00000000f7180000,0x00000000f7180000)
  from space 512K, 25% used [0x00000000f7280000,0x00000000f72a0000,0x00000000f7300000)
  to   space 512K, 0% used [0x00000000f7200000,0x00000000f7200000,0x00000000f7280000)
 ParOldGen       total 121344K, used 71553K [0x00000000e0000000, 0x00000000e7680000, 0x00000000f5580000)
  object space 121344K, 58% used [0x00000000e0000000,0x00000000e45e07c0,0x00000000e7680000)
 Metaspace       used 94310K, capacity 101710K, committed 101976K, reserved 1138688K
  class space    used 11107K, capacity 13573K, committed 13696K, reserved 1048576K
Event: 10742.388 GC heap after
Heap after GC invocations=8411 (full 32):
 PSYoungGen      total 29184K, used 512K [0x00000000f5580000, 0x00000000f7300000, 0x0000000100000000)
  eden space 28672K, 0% used [0x00000000f5580000,0x00000000f5580000,0x00000000f7180000)
  from space 512K, 100% used [0x00000000f7200000,0x00000000f7280000,0x00000000f7280000)
  to   space 512K, 0% used [0x00000000f7280000,0x00000000f7280000,0x00000000f7300000)
 ParOldGen       total 121344K, used 71816K [0x00000000e0000000, 0x00000000e7680000, 0x00000000f5580000)
  object space 121344K, 59% used [0x00000000e0000000,0x00000000e46221b8,0x00000000e7680000)
 Metaspace       used 94310K, capacity 101710K, committed 101976K, reserved 1138688K
  class space    used 11107K, capacity 13573K, committed 13696K, reserved 1048576K
}
Event: 10742.763 GC heap before
{Heap before GC invocations=8412 (full 32):
 PSYoungGen      total 29184K, used 29184K [0x00000000f5580000, 0x00000000f7300000, 0x0000000100000000)
  eden space 28672K, 100% used [0x00000000f5580000,0x00000000f7180000,0x00000000f7180000)
  from space 512K, 100% used [0x00000000f7200000,0x00000000f7280000,0x00000000f7280000)
  to   space 512K, 0% used [0x00000000f7280000,0x00000000f7280000,0x00000000f7300000)
 ParOldGen       total 121344K, used 71816K [0x00000000e0000000, 0x00000000e7680000, 0x00000000f5580000)
  object space 121344K, 59% used [0x00000000e0000000,0x00000000e46221b8,0x00000000e7680000)
 Metaspace       used 94706K, capacity 102094K, committed 102232K, reserved 1138688K
  class space    used 11149K, capacity 13673K, committed 13696K, reserved 1048576K
Event: 10742.767 GC heap after
Heap after GC invocations=8412 (full 32):
 PSYoungGen      total 29184K, used 496K [0x00000000f5580000, 0x00000000f7380000, 0x0000000100000000)
  eden space 28672K, 0% used [0x00000000f5580000,0x00000000f5580000,0x00000000f7180000)
  from space 512K, 96% used [0x00000000f7280000,0x00000000f72fc010,0x00000000f7300000)
  to   space 1024K, 0% used [0x00000000f7180000,0x00000000f7180000,0x00000000f7280000)
 ParOldGen       total 121344K, used 72941K [0x00000000e0000000, 0x00000000e7680000, 0x00000000f5580000)
  object space 121344K, 60% used [0x00000000e0000000,0x00000000e473b598,0x00000000e7680000)
 Metaspace       used 94706K, capacity 102094K, committed 102232K, reserved 1138688K
  class space    used 11149K, capacity 13673K, committed 13696K, reserved 1048576K
}

Deoptimization events (10 events):
Event: 10743.282 Thread 0x00000000190e0000 Uncommon trap: reason=unstable_if action=reinterpret pc=0x0000000003438584 method=org.eclipse.osgi.internal.framework.BundleContextImpl.dispatchEvent(Ljava/lang/Object;Ljava/lang/Object;ILjava/lang/Object;)V @ 16
Event: 10743.282 Thread 0x000000001ad17000 Uncommon trap: reason=unstable_if action=reinterpret pc=0x0000000004035e6c method=org.eclipse.core.internal.jobs.JobManager.nextJob()Lorg/eclipse/core/runtime/jobs/Job; @ 80
Event: 10743.282 Thread 0x000000001ad17000 Uncommon trap: reason=unstable_if action=reinterpret pc=0x00000000050f0d10 method=org.eclipse.core.internal.jobs.WorkerPool.startJob(Lorg/eclipse/core/internal/jobs/Worker;)Lorg/eclipse/core/internal/jobs/InternalJob; @ 177
Event: 10743.283 Thread 0x000000001989f800 Uncommon trap: reason=unstable_if action=reinterpret pc=0x00000000050f0d10 method=org.eclipse.core.internal.jobs.WorkerPool.startJob(Lorg/eclipse/core/internal/jobs/Worker;)Lorg/eclipse/core/internal/jobs/InternalJob; @ 177
Event: 10743.283 Thread 0x000000001ad18800 Uncommon trap: reason=unstable_if action=reinterpret pc=0x00000000050f0d10 method=org.eclipse.core.internal.jobs.WorkerPool.startJob(Lorg/eclipse/core/internal/jobs/Worker;)Lorg/eclipse/core/internal/jobs/InternalJob; @ 177
Event: 10743.283 Thread 0x00000000196c9800 Uncommon trap: reason=unstable_if action=reinterpret pc=0x00000000050f0d10 method=org.eclipse.core.internal.jobs.WorkerPool.startJob(Lorg/eclipse/core/internal/jobs/Worker;)Lorg/eclipse/core/internal/jobs/InternalJob; @ 177
Event: 10743.283 Thread 0x00000000196ca000 Uncommon trap: reason=unstable_if action=reinterpret pc=0x00000000050f0d10 method=org.eclipse.core.internal.jobs.WorkerPool.startJob(Lorg/eclipse/core/internal/jobs/Worker;)Lorg/eclipse/core/internal/jobs/InternalJob; @ 177
Event: 10743.283 Thread 0x00000000198aa000 Uncommon trap: reason=unstable_if action=reinterpret pc=0x00000000050f0d10 method=org.eclipse.core.internal.jobs.WorkerPool.startJob(Lorg/eclipse/core/internal/jobs/Worker;)Lorg/eclipse/core/internal/jobs/InternalJob; @ 177
Event: 10743.283 Thread 0x000000001ad1b800 Uncommon trap: reason=unstable_if action=reinterpret pc=0x00000000050f0d10 method=org.eclipse.core.internal.jobs.WorkerPool.startJob(Lorg/eclipse/core/internal/jobs/Worker;)Lorg/eclipse/core/internal/jobs/InternalJob; @ 177
Event: 10743.296 Thread 0x00000000196c8800 Uncommon trap: reason=unstable_if action=reinterpret pc=0x00000000043e5598 method=sun.reflect.UnsafeStaticObjectFieldAccessorImpl.set(Ljava/lang/Object;Ljava/lang/Object;)V @ 13

Internal exceptions (10 events):
Event: 10742.425 Thread 0x00000000021d8000 Exception <a 'java/io/IOException'> (0x00000000f5b876f0) thrown at [C:\re\workspace\8-2-build-windows-amd64-cygwin\jdk8u66\5298\hotspot\src\share\vm\prims\jni.cpp, line 709]
Event: 10742.457 Thread 0x00000000021d8000 Implicit null exception at 0x000000000574e2cf to 0x000000000574e369
Event: 10742.458 Thread 0x00000000021d8000 Implicit null exception at 0x0000000004ba94cd to 0x0000000004ba97a5
Event: 10742.481 Thread 0x00000000021d8000 Implicit null exception at 0x0000000005205420 to 0x00000000052058dd
Event: 10742.581 Thread 0x0000000016c5c000 Exception <a 'java/lang/InterruptedException'> (0x00000000f6b470e8) thrown at [C:\re\workspace\8-2-build-windows-amd64-cygwin\jdk8u66\5298\hotspot\src\share\vm\runtime\objectMonitor.cpp, line 1683]
Event: 10743.281 Thread 0x000000001989e000 Exception <a 'java/lang/InterruptedException'> (0x00000000f665e658) thrown at [C:\re\workspace\8-2-build-windows-amd64-cygwin\jdk8u66\5298\hotspot\src\share\vm\runtime\objectMonitor.cpp, line 1683]
Event: 10743.296 Thread 0x00000000196c8800 Implicit null exception at 0x00000000043e5197 to 0x00000000043e5585
Event: 10743.296 Thread 0x00000000190e0000 Exception <a 'java/lang/InterruptedException'> (0x00000000f65c64a0) thrown at [C:\re\workspace\8-2-build-windows-amd64-cygwin\jdk8u66\5298\hotspot\src\share\vm\runtime\objectMonitor.cpp, line 1683]
Event: 10743.300 Thread 0x000000001989f000 Exception <a 'java/lang/InterruptedException'> (0x00000000f63cfce0) thrown at [C:\re\workspace\8-2-build-windows-amd64-cygwin\jdk8u66\5298\hotspot\src\share\vm\runtime\objectMonitor.cpp, line 1683]
Event: 10743.301 Thread 0x0000000018ef0000 Exception <a 'java/lang/InterruptedException'> (0x00000000f683c968) thrown at [C:\re\workspace\8-2-build-windows-amd64-cygwin\jdk8u66\5298\hotspot\src\share\vm\runtime\objectMonitor.cpp, line 1683]

Events (10 events):
Event: 10743.302 Thread 0x0000000014e68000 flushing nmethod 0x00000000027e8f90
Event: 10743.303 Thread 0x00000000196c8800 Thread exited: 0x00000000196c8800
Event: 10743.303 loading class java/util/IdentityHashMap$KeyIterator
Event: 10743.303 loading class java/util/IdentityHashMap$IdentityHashMapIterator
Event: 10743.303 loading class java/util/IdentityHashMap$IdentityHashMapIterator done
Event: 10743.303 loading class java/util/IdentityHashMap$KeyIterator done
Event: 10743.303 Thread 0x00000000196c8800 Thread added: 0x00000000196c8800
Event: 10743.304 Thread 0x0000000014e68000 flushing nmethod 0x0000000002a7f810
Event: 10743.304 Thread 0x00000000196c8800 Thread exited: 0x00000000196c8800
Event: 10743.304 Executing VM operation: Exit


Dynamic libraries:
0x0000000000400000 - 0x000000000044f000 	C:\Xilinx\SDK\2016.2\eclipse\win64.o\eclipse.exe
0x0000000077020000 - 0x00000000771ca000 	C:\Windows\SYSTEM32\ntdll.dll
0x0000000076e00000 - 0x0000000076f1f000 	C:\Windows\system32\kernel32.dll
0x000007fefd030000 - 0x000007fefd09a000 	C:\Windows\system32\KERNELBASE.dll
0x0000000076f20000 - 0x000000007701a000 	C:\Windows\system32\USER32.dll
0x000007fefeb70000 - 0x000007fefebd7000 	C:\Windows\system32\GDI32.dll
0x000007fefdb00000 - 0x000007fefdb0e000 	C:\Windows\system32\LPK.dll
0x000007fefd2c0000 - 0x000007fefd38a000 	C:\Windows\system32\USP10.dll
0x000007fefd120000 - 0x000007fefd1bf000 	C:\Windows\system32\msvcrt.dll
0x000007fefb670000 - 0x000007fefb864000 	C:\Windows\WinSxS\amd64_microsoft.windows.common-controls_6595b64144ccf1df_6.0.7601.18837_none_fa3b1e3d17594757\COMCTL32.dll
0x000007fefebe0000 - 0x000007fefec51000 	C:\Windows\system32\SHLWAPI.dll
0x000007feff150000 - 0x000007feff17e000 	C:\Windows\system32\IMM32.DLL
0x000007feff180000 - 0x000007feff289000 	C:\Windows\system32\MSCTF.dll
0x0000000072000000 - 0x0000000072012000 	C:\Xilinx\SDK\2016.2\eclipse\win64.o\plugins\org.eclipse.equinox.launcher.win32.win32.x86_64_1.1.300.v20150602-1417\eclipse_1611.dll
0x000007fefec60000 - 0x000007fefed3b000 	C:\Windows\system32\ADVAPI32.dll
0x000007fefeff0000 - 0x000007feff00f000 	C:\Windows\SYSTEM32\sechost.dll
0x000007fefd570000 - 0x000007fefd69d000 	C:\Windows\system32\RPCRT4.dll
0x000007fefbdf0000 - 0x000007fefbdfc000 	C:\Windows\system32\VERSION.dll
0x000007fefb610000 - 0x000007fefb666000 	C:\Windows\system32\UxTheme.dll
0x0000000070460000 - 0x0000000070ce9000 	C:\Xilinx\SDK\2016.2\tps\win64\jre\bin\server\jvm.dll
0x000007fefae00000 - 0x000007fefae09000 	C:\Windows\system32\WSOCK32.dll
0x000007feff100000 - 0x000007feff14d000 	C:\Windows\system32\WS2_32.dll
0x000007feff0f0000 - 0x000007feff0f8000 	C:\Windows\system32\NSI.dll
0x000007fef9af0000 - 0x000007fef9b2b000 	C:\Windows\system32\WINMM.dll
0x00000000771e0000 - 0x00000000771e7000 	C:\Windows\system32\PSAPI.DLL
0x0000000072650000 - 0x0000000072722000 	C:\Windows\system32\MSVCR100.dll
0x0000000073f80000 - 0x0000000073f8f000 	C:\Xilinx\SDK\2016.2\tps\win64\jre\bin\verify.dll
0x0000000071ae0000 - 0x0000000071b09000 	C:\Xilinx\SDK\2016.2\tps\win64\jre\bin\java.dll
0x00000000723d0000 - 0x00000000723e6000 	C:\Xilinx\SDK\2016.2\tps\win64\jre\bin\zip.dll
0x000007fefdb10000 - 0x000007fefe899000 	C:\Windows\system32\SHELL32.dll
0x000007fefed40000 - 0x000007fefef43000 	C:\Windows\system32\ole32.dll
0x000007fefcd60000 - 0x000007fefcd6f000 	C:\Windows\system32\profapi.dll
0x000007fefc560000 - 0x000007fefc578000 	C:\Windows\system32\CRYPTSP.dll
0x000007fefc260000 - 0x000007fefc2a7000 	C:\Windows\system32\rsaenh.dll
0x000007fefce40000 - 0x000007fefce5e000 	C:\Windows\system32\USERENV.dll
0x000007fefcbc0000 - 0x000007fefcbcf000 	C:\Windows\system32\CRYPTBASE.dll
0x0000000071ac0000 - 0x0000000071ada000 	C:\Xilinx\SDK\2016.2\tps\win64\jre\bin\net.dll
0x000007fefc500000 - 0x000007fefc555000 	C:\Windows\system32\mswsock.dll
0x000007fefc4f0000 - 0x000007fefc4f7000 	C:\Windows\System32\wship6.dll
0x000007fefa670000 - 0x000007fefa697000 	C:\Windows\system32\IPHLPAPI.DLL
0x000007fefa660000 - 0x000007fefa66b000 	C:\Windows\system32\WINNSI.DLL
0x000007fefa490000 - 0x000007fefa4a1000 	C:\Windows\system32\dhcpcsvc6.DLL
0x000007fefa470000 - 0x000007fefa488000 	C:\Windows\system32\dhcpcsvc.DLL
0x0000000071aa0000 - 0x0000000071ab1000 	C:\Xilinx\SDK\2016.2\tps\win64\jre\bin\nio.dll
0x000007fef9800000 - 0x000007fef9815000 	C:\Windows\system32\NLAapi.dll
0x000007fef9be0000 - 0x000007fef9bf5000 	C:\Windows\system32\napinsp.dll
0x000007fef9c00000 - 0x000007fef9c19000 	C:\Windows\system32\pnrpnsp.dll
0x000007fefc380000 - 0x000007fefc3db000 	C:\Windows\system32\DNSAPI.dll
0x000007fef9da0000 - 0x000007fef9dab000 	C:\Windows\System32\winrnr.dll
0x000007fefbec0000 - 0x000007fefbec7000 	C:\Windows\System32\wshtcpip.dll
0x000007fef9e40000 - 0x000007fef9e48000 	C:\Windows\system32\rasadhlp.dll
0x000007fefa520000 - 0x000007fefa573000 	C:\Windows\System32\fwpuclnt.dll
0x0000000018690000 - 0x0000000018738000 	C:\Users\milwidya\.Xilinx\SDK\2016.2\org.eclipse.osgi\312\0\.cp\swt-win32-4527.dll
0x000007feff010000 - 0x000007feff0e8000 	C:\Windows\system32\OLEAUT32.dll
0x000007fefd1c0000 - 0x000007fefd257000 	C:\Windows\system32\comdlg32.dll
0x000007fef5ca0000 - 0x000007fef5d11000 	C:\Windows\system32\WINSPOOL.DRV
0x000007fefd830000 - 0x000007fefdaf5000 	C:\Windows\system32\WININET.dll
0x000007fefd0d0000 - 0x000007fefd0d4000 	C:\Windows\system32\api-ms-win-downlevel-user32-l1-1-0.dll
0x000007fefd0c0000 - 0x000007fefd0c4000 	C:\Windows\system32\api-ms-win-downlevel-shlwapi-l1-1-0.dll
0x000007fefcfd0000 - 0x000007fefcfd4000 	C:\Windows\system32\api-ms-win-downlevel-version-l1-1-0.dll
0x000007fefd020000 - 0x000007fefd023000 	C:\Windows\system32\api-ms-win-downlevel-normaliz-l1-1-0.dll
0x00000000771f0000 - 0x00000000771f3000 	C:\Windows\system32\normaliz.DLL
0x000007fefe8a0000 - 0x000007fefeb69000 	C:\Windows\system32\iertutil.dll
0x000007fefd0a0000 - 0x000007fefd0a5000 	C:\Windows\system32\api-ms-win-downlevel-advapi32-l1-1-0.dll
0x000007fefce60000 - 0x000007fefcfcd000 	C:\Windows\system32\CRYPT32.dll
0x000007fefcd70000 - 0x000007fefcd7f000 	C:\Windows\system32\MSASN1.dll
0x000007fefb0e0000 - 0x000007fefb20c000 	C:\Windows\system32\propsys.dll
0x000007fefef50000 - 0x000007fefefe9000 	C:\Windows\system32\CLBCatQ.DLL
0x00000000172b0000 - 0x00000000172ce000 	C:\Users\milwidya\.Xilinx\SDK\2016.2\org.eclipse.osgi\312\0\.cp\swt-gdip-win32-4527.dll
0x000007fefb3f0000 - 0x000007fefb606000 	C:\Windows\WinSxS\amd64_microsoft.windows.gdiplus_6595b64144ccf1df_1.1.7601.23508_none_145555328b95eaaa\gdiplus.dll
0x000007fefaf10000 - 0x000007fefb071000 	C:\Windows\system32\WindowsCodecs.dll
0x0000000180000000 - 0x0000000180012000 	C:\Users\milwidya\.Xilinx\SDK\2016.2\org.eclipse.osgi\126\0\.cp\os\win32\x86_64\localfile_1_0_0.dll
0x000007feef090000 - 0x000007feef0e4000 	C:\Windows\system32\oleacc.dll
0x000007fef8d30000 - 0x000007fef8d37000 	C:\Windows\system32\msimg32.dll
0x000007fefccb0000 - 0x000007fefccc4000 	C:\Windows\system32\RpcRtRemote.dll
0x000007fefcb60000 - 0x000007fefcbb7000 	C:\Windows\system32\apphelp.dll
0x000007fef21a0000 - 0x000007fef21b1000 	C:\Users\milwidya\.Xilinx\SDK\2016.2\org.eclipse.osgi\129\0\.cp\jWinHttp-1.0.0.dll
0x000007fef9230000 - 0x000007fef92a1000 	C:\Windows\system32\WINHTTP.dll
0x000007fef91c0000 - 0x000007fef9224000 	C:\Windows\system32\webio.dll
0x000007fefcb30000 - 0x000007fefcb55000 	C:\Windows\system32\SspiCli.dll
0x000007fefc120000 - 0x000007fefc12a000 	C:\Windows\system32\credssp.dll
0x000007fefcfe0000 - 0x000007fefd016000 	C:\Windows\system32\CFGMGR32.dll
0x000007fef49b0000 - 0x000007fef49bf000 	C:\Xilinx\SDK\2016.2\lib\win64.o\librdi_repo_manager.dll
0x000007fef20f0000 - 0x000007fef211a000 	C:\Xilinx\SDK\2016.2\lib\win64.o\libisl_sysinfo.dll
0x000007feec320000 - 0x000007feec3f4000 	C:\Windows\system32\MSVCR110.dll
0x000007feec270000 - 0x000007feec317000 	C:\Windows\system32\MSVCP110.dll
0x000007fec30d0000 - 0x000007fec3b10000 	C:\Xilinx\SDK\2016.2\lib\win64.o\librdi_common.dll
0x000007fec2d60000 - 0x000007fec30ce000 	C:\Xilinx\SDK\2016.2\lib\win64.o\libCOIN-all.dll
0x000007fec2b40000 - 0x000007fec2d5f000 	C:\Xilinx\SDK\2016.2\lib\win64.o\libXil_lmgr11.dll
0x000007fefadd0000 - 0x000007fefade6000 	C:\Windows\system32\NETAPI32.dll
0x000007fefc190000 - 0x000007fefc19c000 	C:\Windows\system32\netutils.dll
0x000007fefc7e0000 - 0x000007fefc803000 	C:\Windows\system32\srvcli.dll
0x000007fefadb0000 - 0x000007fefadc5000 	C:\Windows\system32\wkscli.dll
0x000007fefd0e0000 - 0x000007fefd11b000 	C:\Windows\system32\WINTRUST.dll
0x000007fef4880000 - 0x000007fef4890000 	C:\Xilinx\SDK\2016.2\lib\win64.o\libboost_date_time.dll
0x000007fec2b10000 - 0x000007fec2b34000 	C:\Xilinx\SDK\2016.2\lib\win64.o\libboost_filesystem.dll
0x000007fef8d20000 - 0x000007fef8d29000 	C:\Xilinx\SDK\2016.2\lib\win64.o\libboost_system.dll
0x000007fec2a90000 - 0x000007fec2b07000 	C:\Xilinx\SDK\2016.2\lib\win64.o\libboost_program_options.dll
0x000007fec2980000 - 0x000007fec2a86000 	C:\Xilinx\SDK\2016.2\lib\win64.o\libboost_regex.dll
0x000007fef2180000 - 0x000007fef2193000 	C:\Xilinx\SDK\2016.2\lib\win64.o\libboost_signals.dll
0x000007fec2960000 - 0x000007fec297d000 	C:\Xilinx\SDK\2016.2\lib\win64.o\libboost_thread.dll
0x000007fef4610000 - 0x000007fef461b000 	C:\Xilinx\SDK\2016.2\lib\win64.o\libboost_chrono.dll
0x000007fef3fa0000 - 0x000007fef3fab000 	C:\Xilinx\SDK\2016.2\lib\win64.o\libboost_xilinx.dll
0x000007fec28e0000 - 0x000007fec2960000 	C:\Xilinx\SDK\2016.2\lib\win64.o\libhdlpsolve.dll
0x000007fec2840000 - 0x000007fec28da000 	C:\Xilinx\SDK\2016.2\lib\win64.o\libhdxml.dll
0x000007fec23d0000 - 0x000007fec2835e00 	C:\Xilinx\SDK\2016.2\lib\win64.o\libisl_iostreams.dll
0x000007fec23b0000 - 0x000007fec23c6000 	C:\Xilinx\SDK\2016.2\lib\win64.o\libboost_iostreams.dll
0x000007fec2380000 - 0x000007fec23a3000 	C:\Xilinx\SDK\2016.2\lib\win64.o\librdizlib.dll
0x000007fec2350000 - 0x000007fec2373000 	C:\Xilinx\SDK\2016.2\lib\win64.o\libisl_iosutils.dll
0x000007fec2330000 - 0x000007fec2345000 	C:\Xilinx\SDK\2016.2\lib\win64.o\pthreadVC2.dll
0x000007fec22d0000 - 0x000007fec2324000 	C:\Xilinx\SDK\2016.2\lib\win64.o\librdi_commonxillic.dll
0x000007fec21a0000 - 0x000007fec22d0000 	C:\Xilinx\SDK\2016.2\lib\win64.o\librdi_curl.dll
0x000007fec2180000 - 0x000007fec2198000 	C:\Xilinx\SDK\2016.2\lib\win64.o\librdiconfig.dll
0x0000000070200000 - 0x0000000070327000 	C:\Xilinx\SDK\2016.2\lib\win64.o\tcl85t.dll
0x0000000025400000 - 0x0000000025663000 	C:\Xilinx\SDK\2016.2\lib\win64.o\xerces-c_3_1.dll
0x000007fefd6a0000 - 0x000007fefd826000 	C:\Windows\system32\urlmon.dll
0x000007fefd0b0000 - 0x000007fefd0b4000 	C:\Windows\system32\api-ms-win-downlevel-ole32-l1-1-0.dll
0x000007feea4b0000 - 0x000007feea4d3000 	C:\Windows\system32\VCOMP110.DLL
0x000007fec1f80000 - 0x000007fec2172000 	C:\Xilinx\SDK\2016.2\lib\win64.o\librdi_hsm.dll
0x000007fec1f30000 - 0x000007fec1f73000 	C:\Xilinx\SDK\2016.2\lib\win64.o\librdi_hdf.dll
0x000007fec1ca0000 - 0x000007fec1f21000 	C:\Xilinx\SDK\2016.2\lib\win64.o\librdi_ippcw.dll
0x000007fec1c80000 - 0x000007fec1c96000 	C:\Xilinx\SDK\2016.2\eclipse\win64.o\plugins\org.eclipse.cdt.core.win32.x86_64_5.4.0.201509131935\os\win32\x86_64\spawner.dll
0x0000000071080000 - 0x00000000710a6000 	C:\Xilinx\SDK\2016.2\eclipse\win64.o\plugins\gnu.io.rxtx.win32.x86_64_2.1.7.3_v20071015\os\win32\x86_64\rxtxSerial.dll
0x000007fefad20000 - 0x000007fefad2a000 	C:\Xilinx\SDK\2016.2\lib\win64.o\librdi_jtag_settings.dll
0x000007fef96e0000 - 0x000007fef9709000 	C:\Xilinx\SDK\2016.2\lib\win64.o\librdi_debug_dialog.dll
0x000007fefad10000 - 0x000007fefad18000 	C:\Xilinx\SDK\2016.2\lib\win64.o\librdi_target_manager.dll
0x0000000071100000 - 0x0000000071125000 	C:\Users\milwidya\.jssc\windows\jSSC-2.8_x86_64.dll
0x000007feb65c0000 - 0x000007feb6dd0000 	C:\Xilinx\SDK\2016.2\lib\win64.o\libXil_lmgr11FNP.dll

VM Arguments:
jvm_args: -Dcom.xilinx.sdk.args.hwspec=C:/temp532/project_1/project_1.sdk/design_1_wrapper.hdf -Xms64m -Xmx512m & 
java_command: <unknown>
java_class_path (initial): C:\Xilinx\SDK\2016.2\eclipse\win64.o\\plugins/org.eclipse.equinox.launcher_1.3.100.v20150511-1540.jar
Launcher Type: generic

Environment Variables:
PATH=C:/Xilinx/SDK/2016.2/tps/win64/jre/bin/server;C:/Xilinx/SDK/2016.2/tps/win64/jre/bin;C:/Xilinx/SDK/2016.2/tps/win64/jre/lib/amd64;C:\Xilinx\SDK\2016.2\gnuwin\bin;C:\Xilinx\SDK\2016.2\gnu\microblaze\nt\bin;C:\Xilinx\SDK\2016.2\gnu\microblaze\linux_toolchain\nt64_le\bin;C:\Xilinx\SDK\2016.2\gnu\microblaze\linux_toolchain\nt64_be\bin;C:\Xilinx\SDK\2016.2\gnu\arm\nt\bin;C:\Xilinx\SDK\2016.2\gnu\aarch64\nt\aarch64-none\bin;C:\Xilinx\SDK\2016.2\gnu\aarch64\nt\aarch64-linux\bin;C:\Xilinx\SDK\2016.2\gnu\armr5\nt\gcc-arm-none-eabi\bin;C:\Xilinx\SDK\2016.2\gnu\aarch32\nt\gcc-arm-none-eabi\bin;C:\Xilinx\SDK\2016.2\gnu\aarch32\nt\gcc-arm-linux-gnueabi\bin;C:\Xilinx\SDK\2016.2\tps\win64\cmake-3.3.2\bin;;C:\Xilinx\SDK\2016.2\bin;C:\Xilinx\SDK\2016.2\lib\win64.o;C:\Xilinx\SDK\2016.2\tps\win64\jre\bin\server;C:\Xilinx\SDK\2016.2\tps\win64\jre\bin;C:\Xilinx\Vivado\2016.2\ids_lite\ISE\bin\nt64;C:\Xilinx\Vivado\2016.2\ids_lite\ISE\lib\nt64;C:\Xilinx\Vivado\2016.2\bin;C:\Xilinx\Vivado\2016.2\lib\win64.o;C:\Xilinx\Vivado\2016.2\tps\win64\jre\bin\server;C:\Xilinx\Vivado\2016.2\tps\win64\jre\bin;C:\Xilinx\Vivado_HLS\2016.2\bin;C:\Windows\system32;C:\Windows;C:\Windows\System32\Wbem;C:\Windows\System32\WindowsPowerShell\v1.0\;C:\Program Files (x86)\Java\jre6\bin;C:\Program Files (x86)\eclipse;C:\altera\16.0\quartus\bin64;c:\altera\16.0\quartus\bin64\jre64\bin;C:\temp532\project_1;
USERNAME=milwidya
OS=Windows_NT
PROCESSOR_IDENTIFIER=Intel64 Family 6 Model 60 Stepping 3, GenuineIntel



---------------  S Y S T E M  ---------------

OS: Windows 7 , 64 bit Build 7601 (6.1.7601.23418)

CPU:total 8 (4 cores per cpu, 2 threads per core) family 6 model 60 stepping 3, cmov, cx8, fxsr, mmx, sse, sse2, sse3, ssse3, sse4.1, sse4.2, popcnt, avx, avx2, aes, clmul, erms, lzcnt, ht, tsc, tscinvbit, bmi1, bmi2

Memory: 4k page, physical 16683160k(10585520k free), swap 33364460k(27032064k free)

vm_info: Java HotSpot(TM) 64-Bit Server VM (25.66-b18) for windows-amd64 JRE (1.8.0_66-b18), built on Nov  9 2015 10:51:13 by "java_re" with MS VC++ 10.0 (VS2010)

time: Wed Mar 29 12:29:24 2017
elapsed time: 10744 seconds (0d 2h 59m 4s)

