#
# A fatal error has been detected by the Java Runtime Environment:
#
#  EXCEPTION_UNCAUGHT_CXX_EXCEPTION (0xe06d7363) at pc=0x000007fefd98a06d, pid=3584, tid=4780
#
# JRE version: Java(TM) SE Runtime Environment (8.0_66-b18) (build 1.8.0_66-b18)
# Java VM: Java HotSpot(TM) 64-Bit Server VM (25.66-b18 mixed mode windows-amd64 compressed oops)
# Problematic frame:
# C  [KERNELBASE.dll+0x1a06d]
#
# Failed to write core dump. Minidumps are not enabled by default on client versions of Windows
#
# If you would like to submit a bug report, please visit:
#   http://bugreport.java.com/bugreport/crash.jsp
#

---------------  T H R E A D  ---------------

Current thread (0x0000000014e02800):  VMThread [stack: 0x0000000015d50000,0x0000000015e50000] [id=4780]

siginfo: ExceptionCode=0xe06d7363, ExceptionInformation=0x0000000019930520 0x0000000015e4f6c8 0x000007feec682cb8 0x000007feec5d0000 

Registers:
RAX=0x0000000061248d1f, RBX=0x000007feec682cb8, RCX=0x0000000015e4ef10, RDX=0x00000000000000d0
RSP=0x0000000015e4f520, RBP=0x0000000015e4f650, RSI=0x00000000ffffffff, RDI=0x00000000174974c0
R8 =0x0000000000000000, R9 =0x0000000000000000, R10=0x000007feec5d0000, R11=0x0000000015e4f560
R12=0x0000000000000001, R13=0x0000000000000008, R14=0x0000000000000000, R15=0xffffffffffffffff
RIP=0x000007fefd98a06d, EFLAGS=0x0000000000000202

Top of Stack: (sp=0x0000000015e4f520)
0x0000000015e4f520:   000007feec682cb8 00000000ffffffff
0x0000000015e4f530:   00000000174974c0 00000000002b3030
0x0000000015e4f540:   00000001e06d7363 0000000000000000
0x0000000015e4f550:   000007fefd98a06d 000007fe00000004
0x0000000015e4f560:   0000000019930520 0000000015e4f6c8
0x0000000015e4f570:   000007feec682cb8 000007feec5d0000
0x0000000015e4f580:   0000000000000000 0000000015e4f608
0x0000000015e4f590:   0000000000000028 00000000174974b0
0x0000000015e4f5a0:   00000000002ccc80 0000000000000000
0x0000000015e4f5b0:   000007fffffa8000 0000000077abf2d3
0x0000000015e4f5c0:   0000000000000000 0000000000000008
0x0000000015e4f5d0:   0000000000000001 00000000174974c0
0x0000000015e4f5e0:   00000000ffffffff 000007feec62e92c
0x0000000015e4f5f0:   000007feec682cb8 0000000015e4f660
0x0000000015e4f600:   0000000000000001 000007feec5d00f8
0x0000000015e4f610:   00000001e06d7363 0000000000000000 

Instructions: (pc=0x000007fefd98a06d)
0x000007fefd98a04d:   54 24 24 48 89 4c 24 28 4d 85 c9 0f 85 6a 03 00
0x000007fefd98a05d:   00 89 4c 24 38 48 8d 4c 24 20 ff 15 33 02 03 00
0x000007fefd98a06d:   48 81 c4 c8 00 00 00 c3 90 90 90 90 90 90 90 90
0x000007fefd98a07d:   90 90 90 48 83 ec 28 65 48 8b 04 25 30 00 00 00 


Register to memory mapping:

RAX=0x0000000061248d1f is an unknown value
RBX=0x000007feec682cb8 is an unknown value
RCX=0x0000000015e4ef10 is an unknown value
RDX=0x00000000000000d0 is an unknown value
RSP=0x0000000015e4f520 is an unknown value
RBP=0x0000000015e4f650 is an unknown value
RSI=0x00000000ffffffff is an unallocated location in the heap
RDI=0x00000000174974c0 is an unknown value
R8 =0x0000000000000000 is an unknown value
R9 =0x0000000000000000 is an unknown value
R10=0x000007feec5d0000 is an unknown value
R11=0x0000000015e4f560 is an unknown value
R12=0x0000000000000001 is an unknown value
R13=0x0000000000000008 is an unknown value
R14=0x0000000000000000 is an unknown value
R15=0xffffffffffffffff is an unknown value


Stack: [0x0000000015d50000,0x0000000015e50000],  sp=0x0000000015e4f520,  free space=1021k
Native frames: (J=compiled Java code, j=interpreted, Vv=VM code, C=native code)
C  [KERNELBASE.dll+0x1a06d]
C  [MSVCR110.dll+0x5e92c]
C  [MSVCR110.dll+0x1315c]
C  [MSVCR110.dll+0x136a9]
C  [MSVCR110.dll+0x13e9c]
C  [MSVCR110.dll+0x239e]
C  [MSVCR110.dll+0xaf9e]
C  [MSVCP110.dll+0x397b9]
C  [librdi_common.dll+0x182316]
C  [librdi_common.dll+0x180fab]
C  [librdi_target_manager.dll+0x2400]
C  [librdi_target_manager.dll+0x2682]
C  [ntdll.dll+0x229b1]
C  [ntdll.dll+0x227c0]
C  [MSVCR100.dll+0x20ccd]
V  [jvm.dll+0x210cc5]
V  [jvm.dll+0x249897]
V  [jvm.dll+0x248b36]
V  [jvm.dll+0x248fd1]
V  [jvm.dll+0x2491ee]
V  [jvm.dll+0x29a0fa]
C  [MSVCR100.dll+0x21d9f]
C  [MSVCR100.dll+0x21e3b]
C  [kernel32.dll+0x159bd]
C  [ntdll.dll+0x2a2e1]

VM_Operation (0x000000000012f4c0): Exit, mode: safepoint, requested by thread 0x0000000002368000


---------------  P R O C E S S  ---------------

Java Threads: ( => current thread )
  0x000000001aeb5000 JavaThread "pool-2-thread-4" [_thread_blocked, id=1216, stack(0x0000000025120000,0x0000000025220000)]
  0x000000001e2db800 JavaThread "Thread-71" [_thread_in_native, id=4136, stack(0x0000000024bb0000,0x0000000024cb0000)]
  0x000000001aeb4000 JavaThread "pool-2-thread-3" [_thread_blocked, id=3784, stack(0x0000000028cf0000,0x0000000028df0000)]
  0x000000001aeb1000 JavaThread "pool-2-thread-2" [_thread_blocked, id=2332, stack(0x00000000284f0000,0x00000000285f0000)]
  0x000000001aeb0000 JavaThread "EventThread COM1" [_thread_in_native, id=4396, stack(0x00000000283f0000,0x00000000284f0000)]
  0x000000001e2dc000 JavaThread "pool-2-thread-1" [_thread_blocked, id=5112, stack(0x00000000281f0000,0x00000000282f0000)]
  0x000000001e2da000 JavaThread "Thread-34" daemon [_thread_blocked, id=5068, stack(0x0000000027ef0000,0x0000000027ff0000)]
  0x000000001ab74800 JavaThread "TCF Channel Transmitter" daemon [_thread_blocked, id=876, stack(0x0000000026970000,0x0000000026a70000)]
  0x000000001ab75800 JavaThread "TCF Channel Receiver" daemon [_thread_in_native, id=4772, stack(0x00000000263c0000,0x00000000264c0000)]
  0x000000001ab74000 JavaThread "Process monitor" daemon [_thread_in_native, id=4712, stack(0x00000000260c0000,0x00000000261c0000)]
  0x000000001ab73000 JavaThread "Input Stream Monitor" daemon [_thread_blocked, id=1616, stack(0x0000000025920000,0x0000000025a20000)]
  0x000000001ab72800 JavaThread "Output Stream Monitor" daemon [_thread_in_native, id=4388, stack(0x0000000024a00000,0x0000000024b00000)]
  0x000000001ab71800 JavaThread "Output Stream Monitor" daemon [_thread_in_native, id=3620, stack(0x0000000024620000,0x0000000024720000)]
  0x0000000016c4f800 JavaThread "TCF Locator DNS Lookup" daemon [_thread_blocked, id=3500, stack(0x0000000023c20000,0x0000000023d20000)]
  0x0000000016c4f000 JavaThread "TCF Locator Timer" daemon [_thread_blocked, id=1472, stack(0x0000000023b20000,0x0000000023c20000)]
  0x0000000016c4e000 JavaThread "TCF Locator Receiver" daemon [_thread_blocked, id=4140, stack(0x00000000237f0000,0x00000000238f0000)]
  0x0000000016c4c800 JavaThread "TCF Timer Dispatcher" daemon [_thread_blocked, id=2452, stack(0x000000001dbf0000,0x000000001dcf0000)]
  0x0000000017929000 JavaThread "EMF Reference Cleaner" daemon [_thread_blocked, id=2516, stack(0x0000000019670000,0x0000000019770000)]
  0x0000000014ec4000 JavaThread "Service Thread" daemon [_thread_blocked, id=4156, stack(0x0000000016710000,0x0000000016810000)]
  0x0000000014e7e000 JavaThread "C1 CompilerThread3" daemon [_thread_blocked, id=3068, stack(0x0000000016610000,0x0000000016710000)]
  0x0000000014e63800 JavaThread "C2 CompilerThread2" daemon [_thread_blocked, id=4208, stack(0x0000000016510000,0x0000000016610000)]
  0x0000000014e5c800 JavaThread "C2 CompilerThread1" daemon [_thread_blocked, id=4972, stack(0x0000000016410000,0x0000000016510000)]
  0x0000000014e55000 JavaThread "C2 CompilerThread0" daemon [_thread_blocked, id=4172, stack(0x0000000016310000,0x0000000016410000)]
  0x0000000014e51000 JavaThread "Attach Listener" daemon [_thread_blocked, id=3860, stack(0x0000000016210000,0x0000000016310000)]
  0x0000000014e50000 JavaThread "Signal Dispatcher" daemon [_thread_blocked, id=5008, stack(0x0000000016110000,0x0000000016210000)]
  0x0000000013c8f800 JavaThread "Finalizer" daemon [_thread_blocked, id=4976, stack(0x0000000015f50000,0x0000000016050000)]
  0x0000000013c89000 JavaThread "Reference Handler" daemon [_thread_blocked, id=3076, stack(0x0000000015e50000,0x0000000015f50000)]
  0x0000000002368000 JavaThread "main" [_thread_blocked, id=1376, stack(0x0000000000030000,0x0000000000130000)]

Other Threads:
=>0x0000000014e02800 VMThread [stack: 0x0000000015d50000,0x0000000015e50000] [id=4780]

VM state:at safepoint (shutting down)

VM Mutex/Monitor currently owned by a thread:  ([mutex/lock_event])
[0x00000000024ce3b0] Threads_lock - owner thread: 0x0000000014e02800

Heap:
 PSYoungGen      total 107520K, used 29463K [0x00000000f5580000, 0x00000000ff780000, 0x0000000100000000)
  eden space 101376K, 23% used [0x00000000f5580000,0x00000000f6ca2690,0x00000000fb880000)
  from space 6144K, 93% used [0x00000000fbb80000,0x00000000fc1235f8,0x00000000fc180000)
  to   space 32256K, 0% used [0x00000000fd800000,0x00000000fd800000,0x00000000ff780000)
 ParOldGen       total 108032K, used 61647K [0x00000000e0000000, 0x00000000e6980000, 0x00000000f5580000)
  object space 108032K, 57% used [0x00000000e0000000,0x00000000e3c33ec0,0x00000000e6980000)
 Metaspace       used 89659K, capacity 97078K, committed 97192K, reserved 1132544K
  class space    used 10771K, capacity 13192K, committed 13232K, reserved 1048576K

Card table byte_map: [0x0000000011890000,0x00000000119a0000] byte_map_base: 0x0000000011190000

Marking Bits: (ParMarkBitMap*) 0x0000000070d2a5b0
 Begin Bits: [0x00000000121a0000, 0x00000000129a0000)
 End Bits:   [0x00000000129a0000, 0x00000000131a0000)

Polling page: 0x0000000000320000

CodeCache: size=245760Kb used=39462Kb max_used=40047Kb free=206297Kb
 bounds [0x00000000024d0000, 0x0000000004c70000, 0x00000000114d0000]
 total_blobs=11559 nmethods=10653 adapters=814
 compilation: enabled

Compilation events (10 events):
Event: 516.430 Thread 0x0000000014e7e000 nmethod 13341 0x0000000004bc8f90 code [0x0000000004bc9100, 0x0000000004bc9350]
Event: 516.430 Thread 0x0000000014e7e000 13348   !   3       org.eclipse.osgi.storage.BundleInfo$Generation::clearManifestCache (30 bytes)
Event: 516.430 Thread 0x0000000014e5c800 13349       4       java.util.concurrent.locks.AbstractQueuedSynchronizer::release (33 bytes)
Event: 516.431 Thread 0x0000000014e7e000 nmethod 13348 0x00000000048ed010 code [0x00000000048ed1a0, 0x00000000048ed7e8]
Event: 516.431 Thread 0x0000000014e7e000 13342       3       java.util.concurrent.atomic.AtomicReference::getAndSet (12 bytes)
Event: 516.431 Thread 0x0000000014e7e000 nmethod 13342 0x0000000004ad40d0 code [0x0000000004ad4220, 0x0000000004ad4390]
Event: 516.431 Thread 0x0000000014e7e000 13344       3       org.eclipse.osgi.internal.framework.EquinoxContainerAdaptor::invalidateWiring (186 bytes)
Event: 516.431 Thread 0x0000000014e5c800 nmethod 13349 0x0000000004ad3dd0 code [0x0000000004ad3f20, 0x0000000004ad3fe8]
Event: 516.432 Thread 0x0000000014e7e000 nmethod 13344 0x00000000039d9ed0 code [0x00000000039da2a0, 0x00000000039dcc18]
Event: 516.432 Thread 0x0000000014e7e000 13345   !   3       org.eclipse.osgi.container.ModuleDatabase::getRevisionsTimestamp (25 bytes)

GC Heap History (10 events):
Event: 131.247 GC heap before
{Heap before GC invocations=16 (full 5):
 PSYoungGen      total 138752K, used 5509K [0x00000000f5580000, 0x0000000100000000, 0x0000000100000000)
  eden space 102912K, 0% used [0x00000000f5580000,0x00000000f5580000,0x00000000fba00000)
  from space 35840K, 15% used [0x00000000fba00000,0x00000000fbf615b0,0x00000000fdd00000)
  to   space 35328K, 0% used [0x00000000fdd80000,0x00000000fdd80000,0x0000000100000000)
 ParOldGen       total 108032K, used 59496K [0x00000000e0000000, 0x00000000e6980000, 0x00000000f5580000)
  object space 108032K, 55% used [0x00000000e0000000,0x00000000e3a1a298,0x00000000e6980000)
 Metaspace       used 84017K, capacity 90794K, committed 91048K, reserved 1128448K
  class space    used 10206K, capacity 12413K, committed 12464K, reserved 1048576K
Event: 131.581 GC heap after
Heap after GC invocations=16 (full 5):
 PSYoungGen      total 138752K, used 0K [0x00000000f5580000, 0x0000000100000000, 0x0000000100000000)
  eden space 102912K, 0% used [0x00000000f5580000,0x00000000f5580000,0x00000000fba00000)
  from space 35840K, 0% used [0x00000000fba00000,0x00000000fba00000,0x00000000fdd00000)
  to   space 35328K, 0% used [0x00000000fdd80000,0x00000000fdd80000,0x0000000100000000)
 ParOldGen       total 108032K, used 61551K [0x00000000e0000000, 0x00000000e6980000, 0x00000000f5580000)
  object space 108032K, 56% used [0x00000000e0000000,0x00000000e3c1beb0,0x00000000e6980000)
 Metaspace       used 84017K, capacity 90794K, committed 91048K, reserved 1128448K
  class space    used 10206K, capacity 12413K, committed 12464K, reserved 1048576K
}
Event: 172.670 GC heap before
{Heap before GC invocations=17 (full 5):
 PSYoungGen      total 138752K, used 102912K [0x00000000f5580000, 0x0000000100000000, 0x0000000100000000)
  eden space 102912K, 100% used [0x00000000f5580000,0x00000000fba00000,0x00000000fba00000)
  from space 35840K, 0% used [0x00000000fba00000,0x00000000fba00000,0x00000000fdd00000)
  to   space 35328K, 0% used [0x00000000fdd80000,0x00000000fdd80000,0x0000000100000000)
 ParOldGen       total 108032K, used 61551K [0x00000000e0000000, 0x00000000e6980000, 0x00000000f5580000)
  object space 108032K, 56% used [0x00000000e0000000,0x00000000e3c1beb0,0x00000000e6980000)
 Metaspace       used 84936K, capacity 91952K, committed 92200K, reserved 1128448K
  class space    used 10277K, capacity 12499K, committed 12592K, reserved 1048576K
Event: 172.675 GC heap after
Heap after GC invocations=17 (full 5):
 PSYoungGen      total 138240K, used 3262K [0x00000000f5580000, 0x00000000fff80000, 0x0000000100000000)
  eden space 103424K, 0% used [0x00000000f5580000,0x00000000f5580000,0x00000000fba80000)
  from space 34816K, 9% used [0x00000000fdd80000,0x00000000fe0af958,0x00000000fff80000)
  to   space 35328K, 0% used [0x00000000fba80000,0x00000000fba80000,0x00000000fdd00000)
 ParOldGen       total 108032K, used 61559K [0x00000000e0000000, 0x00000000e6980000, 0x00000000f5580000)
  object space 108032K, 56% used [0x00000000e0000000,0x00000000e3c1deb0,0x00000000e6980000)
 Metaspace       used 84936K, capacity 91952K, committed 92200K, reserved 1128448K
  class space    used 10277K, capacity 12499K, committed 12592K, reserved 1048576K
}
Event: 225.789 GC heap before
{Heap before GC invocations=18 (full 5):
 PSYoungGen      total 138240K, used 106686K [0x00000000f5580000, 0x00000000fff80000, 0x0000000100000000)
  eden space 103424K, 100% used [0x00000000f5580000,0x00000000fba80000,0x00000000fba80000)
  from space 34816K, 9% used [0x00000000fdd80000,0x00000000fe0af958,0x00000000fff80000)
  to   space 35328K, 0% used [0x00000000fba80000,0x00000000fba80000,0x00000000fdd00000)
 ParOldGen       total 108032K, used 61559K [0x00000000e0000000, 0x00000000e6980000, 0x00000000f5580000)
  object space 108032K, 56% used [0x00000000e0000000,0x00000000e3c1deb0,0x00000000e6980000)
 Metaspace       used 86444K, capacity 93824K, committed 93992K, reserved 1130496K
  class space    used 10432K, capacity 12732K, committed 12848K, reserved 1048576K
Event: 225.796 GC heap after
Heap after GC invocations=18 (full 5):
 PSYoungGen      total 138752K, used 6798K [0x00000000f5580000, 0x00000000fff80000, 0x0000000100000000)
  eden space 103424K, 0% used [0x00000000f5580000,0x00000000f5580000,0x00000000fba80000)
  from space 35328K, 19% used [0x00000000fba80000,0x00000000fc1239d8,0x00000000fdd00000)
  to   space 34816K, 0% used [0x00000000fdd80000,0x00000000fdd80000,0x00000000fff80000)
 ParOldGen       total 108032K, used 61567K [0x00000000e0000000, 0x00000000e6980000, 0x00000000f5580000)
  object space 108032K, 56% used [0x00000000e0000000,0x00000000e3c1feb0,0x00000000e6980000)
 Metaspace       used 86444K, capacity 93824K, committed 93992K, reserved 1130496K
  class space    used 10432K, capacity 12732K, committed 12848K, reserved 1048576K
}
Event: 360.427 GC heap before
{Heap before GC invocations=19 (full 5):
 PSYoungGen      total 138752K, used 110222K [0x00000000f5580000, 0x00000000fff80000, 0x0000000100000000)
  eden space 103424K, 100% used [0x00000000f5580000,0x00000000fba80000,0x00000000fba80000)
  from space 35328K, 19% used [0x00000000fba80000,0x00000000fc1239d8,0x00000000fdd00000)
  to   space 34816K, 0% used [0x00000000fdd80000,0x00000000fdd80000,0x00000000fff80000)
 ParOldGen       total 108032K, used 61567K [0x00000000e0000000, 0x00000000e6980000, 0x00000000f5580000)
  object space 108032K, 56% used [0x00000000e0000000,0x00000000e3c1feb0,0x00000000e6980000)
 Metaspace       used 88468K, capacity 95994K, committed 96296K, reserved 1132544K
  class space    used 10635K, capacity 13028K, committed 13104K, reserved 1048576K
Event: 360.435 GC heap after
Heap after GC invocations=19 (full 5):
 PSYoungGen      total 136192K, used 8720K [0x00000000f5580000, 0x00000000ffc80000, 0x0000000100000000)
  eden space 104448K, 0% used [0x00000000f5580000,0x00000000f5580000,0x00000000fbb80000)
  from space 31744K, 27% used [0x00000000fdd80000,0x00000000fe604388,0x00000000ffc80000)
  to   space 33280K, 0% used [0x00000000fbb80000,0x00000000fbb80000,0x00000000fdc00000)
 ParOldGen       total 108032K, used 61639K [0x00000000e0000000, 0x00000000e6980000, 0x00000000f5580000)
  object space 108032K, 57% used [0x00000000e0000000,0x00000000e3c31ec0,0x00000000e6980000)
 Metaspace       used 88468K, capacity 95994K, committed 96296K, reserved 1132544K
  class space    used 10635K, capacity 13028K, committed 13104K, reserved 1048576K
}
Event: 515.170 GC heap before
{Heap before GC invocations=20 (full 5):
 PSYoungGen      total 136192K, used 113168K [0x00000000f5580000, 0x00000000ffc80000, 0x0000000100000000)
  eden space 104448K, 100% used [0x00000000f5580000,0x00000000fbb80000,0x00000000fbb80000)
  from space 31744K, 27% used [0x00000000fdd80000,0x00000000fe604388,0x00000000ffc80000)
  to   space 33280K, 0% used [0x00000000fbb80000,0x00000000fbb80000,0x00000000fdc00000)
 ParOldGen       total 108032K, used 61639K [0x00000000e0000000, 0x00000000e6980000, 0x00000000f5580000)
  object space 108032K, 57% used [0x00000000e0000000,0x00000000e3c31ec0,0x00000000e6980000)
 Metaspace       used 89087K, capacity 96538K, committed 96680K, reserved 1132544K
  class space    used 10709K, capacity 13124K, committed 13232K, reserved 1048576K
Event: 515.176 GC heap after
Heap after GC invocations=20 (full 5):
 PSYoungGen      total 107520K, used 5773K [0x00000000f5580000, 0x00000000ff780000, 0x0000000100000000)
  eden space 101376K, 0% used [0x00000000f5580000,0x00000000f5580000,0x00000000fb880000)
  from space 6144K, 93% used [0x00000000fbb80000,0x00000000fc1235f8,0x00000000fc180000)
  to   space 32256K, 0% used [0x00000000fd800000,0x00000000fd800000,0x00000000ff780000)
 ParOldGen       total 108032K, used 61647K [0x00000000e0000000, 0x00000000e6980000, 0x00000000f5580000)
  object space 108032K, 57% used [0x00000000e0000000,0x00000000e3c33ec0,0x00000000e6980000)
 Metaspace       used 89087K, capacity 96538K, committed 96680K, reserved 1132544K
  class space    used 10709K, capacity 13124K, committed 13232K, reserved 1048576K
}

Deoptimization events (10 events):
Event: 515.811 Thread 0x0000000016e95000 Uncommon trap: reason=array_check action=maybe_recompile pc=0x0000000002c2d638 method=java.util.Arrays.fill([Ljava/lang/Object;Ljava/lang/Object;)V @ 13
Event: 515.811 Thread 0x0000000016e95000 Uncommon trap: reason=array_check action=maybe_recompile pc=0x0000000002c2d638 method=java.util.Arrays.fill([Ljava/lang/Object;Ljava/lang/Object;)V @ 13
Event: 515.816 Thread 0x0000000016c4b000 Uncommon trap: reason=unstable_if action=reinterpret pc=0x00000000045c5ce4 method=org.eclipse.swt.graphics.Resource.dispose()V @ 15
Event: 516.345 Thread 0x0000000016c52800 Uncommon trap: reason=unstable_if action=reinterpret pc=0x0000000003203d44 method=org.eclipse.core.internal.jobs.JobManager.startJob(Lorg/eclipse/core/internal/jobs/Worker;)Lorg/eclipse/core/runtime/jobs/Job; @ 20
Event: 516.354 Thread 0x0000000016c4b000 Uncommon trap: reason=unstable_if action=reinterpret pc=0x0000000003311ae8 method=org.eclipse.osgi.internal.hooks.EclipseLazyStarter.shouldActivateFor(Ljava/lang/String;Lorg/eclipse/osgi/container/Module;Lorg/eclipse/osgi/container/ModuleRevision;Lorg/ecli
Event: 516.385 Thread 0x0000000016c4b000 Uncommon trap: reason=null_check action=maybe_recompile pc=0x00000000032d673c method=com.xilinx.sdk.targetmanager.internal.json.XMDJSONProcess.issueCommand(Ljava/lang/String;)Lcom/xilinx/sdk/targetmanager/internal/IXMDResult; @ 3
Event: 516.392 Thread 0x0000000016c4b000 Uncommon trap: reason=unstable_if action=reinterpret pc=0x00000000049f6954 method=org.eclipse.core.internal.dtree.AbstractDataTreeNode.assembleWith([Lorg/eclipse/core/internal/dtree/AbstractDataTreeNode;[Lorg/eclipse/core/internal/dtree/AbstractDataTreeNodJŠq/#€@
Event: 516.398 Thread 0x0000000016c4b000 Uncommon trap: reason=unstable_if action=reinterpret pc=0x00000000049319a4 method=org.eclipse.core.internal.jobs.DeadlockDetector.reduceGraph(ILorg/eclipse/core/runtime/jobs/ISchedulingRule;)V @ 341
Event: 516.412 Thread 0x0000000016c55000 Uncommon trap: reason=unstable_if action=reinterpret pc=0x0000000004351da0 method=org.eclipse.core.internal.jobs.JobManager.nextJob()Lorg/eclipse/core/runtime/jobs/Job; @ 80
Event: 516.426 Thread 0x0000000016c4b000 Uncommon trap: reason=unstable_if action=reinterpret pc=0x00000000045b457c method=sun.reflect.UnsafeStaticObjectFieldAccessorImpl.set(Ljava/lang/Object;Ljava/lang/Object;)V @ 13

Internal exceptions (10 events):
Event: 515.387 Thread 0x0000000002368000 Implicit null exception at 0x0000000004591a09 to 0x0000000004591d31
Event: 515.397 Thread 0x0000000002368000 Implicit null exception at 0x0000000003156170 to 0x00000000031561c9
Event: 515.800 Thread 0x000000001e2d7800 Exception <a 'java/lang/InterruptedException'> (0x00000000f66407e0) thrown at [C:\re\workspace\8-2-build-windows-amd64-cygwin\jdk8u66\5298\hotspot\src\share\vm\runtime\objectMonitor.cpp, line 1683]
Event: 516.385 Thread 0x0000000016c4b000 Implicit null exception at 0x00000000032d5ee4 to 0x00000000032d672d
Event: 516.385 Thread 0x0000000016c4b000 Exception <a 'java/lang/NullPointerException'> (0x00000000f68d3918) thrown at [C:\re\workspace\8-2-build-windows-amd64-cygwin\jdk8u66\5298\hotspot\src\share\vm\prims\jvm.cpp, line 1390]
Event: 516.412 Thread 0x0000000016c49800 Exception <a 'java/lang/InterruptedException'> (0x00000000f621db40) thrown at [C:\re\workspace\8-2-build-windows-amd64-cygwin\jdk8u66\5298\hotspot\src\share\vm\runtime\objectMonitor.cpp, line 1683]
Event: 516.426 Thread 0x0000000016c4b000 Implicit null exception at 0x00000000045b4197 to 0x00000000045b4569
Event: 516.426 Thread 0x0000000016e95000 Exception <a 'java/lang/InterruptedException'> (0x00000000f69f3978) thrown at [C:\re\workspace\8-2-build-windows-amd64-cygwin\jdk8u66\5298\hotspot\src\share\vm\runtime\objectMonitor.cpp, line 1683]
Event: 516.428 Thread 0x0000000016c4a800 Exception <a 'java/lang/InterruptedException'> (0x00000000f5f9b9d0) thrown at [C:\re\workspace\8-2-build-windows-amd64-cygwin\jdk8u66\5298\hotspot\src\share\vm\runtime\objectMonitor.cpp, line 1683]
Event: 516.429 Thread 0x00000000169fd000 Exception <a 'java/lang/InterruptedException'> (0x00000000f6b821f8) thrown at [C:\re\workspace\8-2-build-windows-amd64-cygwin\jdk8u66\5298\hotspot\src\share\vm\runtime\objectMonitor.cpp, line 1683]

Events (10 events):
Event: 516.431 loading class java/util/IdentityHashMap$KeyIterator done
Event: 516.431 Thread 0x0000000016c4b000 Thread added: 0x0000000016c4b000
Event: 516.432 Executing VM operation: RevokeBias
Event: 516.432 Executing VM operation: RevokeBias done
Event: 516.432 Executing VM operation: RevokeBias
Event: 516.432 Executing VM operation: RevokeBias done
Event: 516.432 Executing VM operation: RevokeBias
Event: 516.432 Executing VM operation: RevokeBias done
Event: 516.432 Thread 0x0000000016c4b000 Thread exited: 0x0000000016c4b000
Event: 516.432 Executing VM operation: Exit


Dynamic libraries:
0x0000000000400000 - 0x000000000044f000 	C:\Xilinx\SDK\2016.2\eclipse\win64.o\eclipse.exe
0x0000000077a70000 - 0x0000000077c1a000 	C:\Windows\SYSTEM32\ntdll.dll
0x0000000077850000 - 0x000000007796f000 	C:\Windows\system32\kernel32.dll
0x000007fefd970000 - 0x000007fefd9da000 	C:\Windows\system32\KERNELBASE.dll
0x0000000077970000 - 0x0000000077a6a000 	C:\Windows\system32\USER32.dll
0x000007feffbc0000 - 0x000007feffc27000 	C:\Windows\system32\GDI32.dll
0x000007fefe610000 - 0x000007fefe61e000 	C:\Windows\system32\LPK.dll
0x000007feff690000 - 0x000007feff75a000 	C:\Windows\system32\USP10.dll
0x000007fefe4c0000 - 0x000007fefe55f000 	C:\Windows\system32\msvcrt.dll
0x000007fefc0c0000 - 0x000007fefc2b4000 	C:\Windows\WinSxS\amd64_microsoft.windows.common-controls_6595b64144ccf1df_6.0.7601.18837_none_fa3b1e3d17594757\COMCTL32.dll
0x000007fefe780000 - 0x000007fefe7f1000 	C:\Windows\system32\SHLWAPI.dll
0x000007fefe750000 - 0x000007fefe77e000 	C:\Windows\system32\IMM32.DLL
0x000007fefdb70000 - 0x000007fefdc79000 	C:\Windows\system32\MSCTF.dll
0x0000000072000000 - 0x0000000072012000 	C:\Xilinx\SDK\2016.2\eclipse\win64.o\plugins\org.eclipse.equinox.launcher.win32.win32.x86_64_1.1.300.v20150602-1417\eclipse_1611.dll
0x000007fefdc80000 - 0x000007fefdd5b000 	C:\Windows\system32\ADVAPI32.dll
0x000007feffc80000 - 0x000007feffc9f000 	C:\Windows\SYSTEM32\sechost.dll
0x000007fefe620000 - 0x000007fefe74d000 	C:\Windows\system32\RPCRT4.dll
0x000007fefc840000 - 0x000007fefc84c000 	C:\Windows\system32\VERSION.dll
0x000007fefc060000 - 0x000007fefc0b6000 	C:\Windows\system32\UxTheme.dll
0x0000000070520000 - 0x0000000070da9000 	C:\Xilinx\SDK\2016.2\tps\win64\jre\bin\server\jvm.dll
0x000007fefaba0000 - 0x000007fefaba9000 	C:\Windows\system32\WSOCK32.dll
0x000007feffc30000 - 0x000007feffc7d000 	C:\Windows\system32\WS2_32.dll
0x000007fefe560000 - 0x000007fefe568000 	C:\Windows\system32\NSI.dll
0x000007fefb0f0000 - 0x000007fefb12b000 	C:\Windows\system32\WINMM.dll
0x0000000077c40000 - 0x0000000077c47000 	C:\Windows\system32\PSAPI.DLL
0x0000000073d70000 - 0x0000000073e42000 	C:\Windows\system32\MSVCR100.dll
0x0000000073960000 - 0x000000007396f000 	C:\Xilinx\SDK\2016.2\tps\win64\jre\bin\verify.dll
0x0000000073820000 - 0x0000000073849000 	C:\Xilinx\SDK\2016.2\tps\win64\jre\bin\java.dll
0x00000000738c0000 - 0x00000000738d6000 	C:\Xilinx\SDK\2016.2\tps\win64\jre\bin\zip.dll
0x000007fefe900000 - 0x000007feff689000 	C:\Windows\system32\SHELL32.dll
0x000007fefe0d0000 - 0x000007fefe2d3000 	C:\Windows\system32\ole32.dll
0x000007fefd7b0000 - 0x000007fefd7bf000 	C:\Windows\system32\profapi.dll
0x000007fefcfb0000 - 0x000007fefcfc8000 	C:\Windows\system32\CRYPTSP.dll
0x000007fefccb0000 - 0x000007fefccf7000 	C:\Windows\system32\rsaenh.dll
0x000007fefdac0000 - 0x000007fefdade000 	C:\Windows\system32\USERENV.dll
0x000007fefd610000 - 0x000007fefd61f000 	C:\Windows\system32\CRYPTBASE.dll
0x0000000073860000 - 0x000000007387a000 	C:\Xilinx\SDK\2016.2\tps\win64\jre\bin\net.dll
0x000007fefcf50000 - 0x000007fefcfa5000 	C:\Windows\system32\mswsock.dll
0x000007fefcf40000 - 0x000007fefcf47000 	C:\Windows\System32\wship6.dll
0x000007fefaae0000 - 0x000007fefab07000 	C:\Windows\system32\IPHLPAPI.DLL
0x000007fefaad0000 - 0x000007fefaadb000 	C:\Windows\system32\WINNSI.DLL
0x000007fef98f0000 - 0x000007fef9901000 	C:\Windows\system32\dhcpcsvc6.DLL
0x000007fef98d0000 - 0x000007fef98e8000 	C:\Windows\system32\dhcpcsvc.DLL
0x0000000073800000 - 0x0000000073811000 	C:\Xilinx\SDK\2016.2\tps\win64\jre\bin\nio.dll
0x000007fefad70000 - 0x000007fefad85000 	C:\Windows\system32\NLAapi.dll
0x000007fef9660000 - 0x000007fef9675000 	C:\Windows\system32\napinsp.dll
0x000007fef9680000 - 0x000007fef9699000 	C:\Windows\system32\pnrpnsp.dll
0x000007fefcdd0000 - 0x000007fefce2b000 	C:\Windows\system32\DNSAPI.dll
0x000007fef9650000 - 0x000007fef965b000 	C:\Windows\System32\winrnr.dll
0x000007fefc910000 - 0x000007fefc917000 	C:\Windows\System32\wshtcpip.dll
0x000007fef7c30000 - 0x000007fef7c38000 	C:\Windows\system32\rasadhlp.dll
0x000007fef9970000 - 0x000007fef99c3000 	C:\Windows\System32\fwpuclnt.dll
0x0000000018a20000 - 0x0000000018ac8000 	C:\Users\veiranei\.Xilinx\SDK\2016.2\org.eclipse.osgi\312\0\.cp\swt-win32-4527.dll
0x000007feffca0000 - 0x000007feffd78000 	C:\Windows\system32\OLEAUT32.dll
0x000007fefe860000 - 0x000007fefe8f7000 	C:\Windows\system32\comdlg32.dll
0x000007fef7620000 - 0x000007fef7691000 	C:\Windows\system32\WINSPOOL.DRV
0x000007fefdd60000 - 0x000007fefe025000 	C:\Windows\system32\WININET.dll
0x000007fefdab0000 - 0x000007fefdab4000 	C:\Windows\system32\api-ms-win-downlevel-user32-l1-1-0.dll
0x000007fefd7f0000 - 0x000007fefd7f4000 	C:\Windows\system32\api-ms-win-downlevel-shlwapi-l1-1-0.dll
0x000007fefdae0000 - 0x000007fefdae4000 	C:\Windows\system32\api-ms-win-downlevel-version-l1-1-0.dll
0x000007fefd9f0000 - 0x000007fefd9f3000 	C:\Windows\system32\api-ms-win-downlevel-normaliz-l1-1-0.dll
0x0000000077c30000 - 0x0000000077c33000 	C:\Windows\system32\normaliz.DLL
0x000007feff8f0000 - 0x000007feffbb9000 	C:\Windows\system32\iertutil.dll
0x000007fefd9e0000 - 0x000007fefd9e5000 	C:\Windows\system32\api-ms-win-downlevel-advapi32-l1-1-0.dll
0x000007fefd800000 - 0x000007fefd96d000 	C:\Windows\system32\CRYPT32.dll
0x000007fefd7c0000 - 0x000007fefd7cf000 	C:\Windows\system32\MSASN1.dll
0x000007fefbb30000 - 0x000007fefbc5c000 	C:\Windows\system32\propsys.dll
0x000007fefe030000 - 0x000007fefe0c9000 	C:\Windows\system32\CLBCatQ.DLL
0x00000000171d0000 - 0x00000000171ee000 	C:\Users\veiranei\.Xilinx\SDK\2016.2\org.eclipse.osgi\312\0\.cp\swt-gdip-win32-4527.dll
0x000007fefbe40000 - 0x000007fefc056000 	C:\Windows\WinSxS\amd64_microsoft.windows.gdiplus_6595b64144ccf1df_1.1.7601.23508_none_145555328b95eaaa\gdiplus.dll
0x000007fefb960000 - 0x000007fefbac1000 	C:\Windows\system32\WindowsCodecs.dll
0x0000000180000000 - 0x0000000180012000 	C:\Users\veiranei\.Xilinx\SDK\2016.2\org.eclipse.osgi\126\0\.cp\os\win32\x86_64\localfile_1_0_0.dll
0x000007feeee00000 - 0x000007feeee54000 	C:\Windows\system32\oleacc.dll
0x000007fefa760000 - 0x000007fefa767000 	C:\Windows\system32\msimg32.dll
0x000007fefd700000 - 0x000007fefd714000 	C:\Windows\system32\RpcRtRemote.dll
0x000007fefd5b0000 - 0x000007fefd607000 	C:\Windows\system32\apphelp.dll
0x000007fef4260000 - 0x000007fef4271000 	C:\Users\veiranei\.Xilinx\SDK\2016.2\org.eclipse.osgi\129\0\.cp\jWinHttp-1.0.0.dll
0x000007fef9120000 - 0x000007fef9191000 	C:\Windows\system32\WINHTTP.dll
0x000007fef9090000 - 0x000007fef90f4000 	C:\Windows\system32\webio.dll
0x000007fefd580000 - 0x000007fefd5a5000 	C:\Windows\system32\SspiCli.dll
0x000007fefcbb0000 - 0x000007fefcbba000 	C:\Windows\system32\credssp.dll
0x000007fefdb30000 - 0x000007fefdb66000 	C:\Windows\system32\CFGMGR32.dll
0x000007fefa530000 - 0x000007fefa53f000 	C:\Xilinx\SDK\2016.2\lib\win64.o\librdi_repo_manager.dll
0x000007fef4230000 - 0x000007fef425a000 	C:\Xilinx\SDK\2016.2\lib\win64.o\libisl_sysinfo.dll
0x000007feec5d0000 - 0x000007feec6a4000 	C:\Windows\system32\MSVCR110.dll
0x000007feec4d0000 - 0x000007feec577000 	C:\Windows\system32\MSVCP110.dll
0x000007fec3850000 - 0x000007fec4290000 	C:\Xilinx\SDK\2016.2\lib\win64.o\librdi_common.dll
0x000007fef3ec0000 - 0x000007fef422e000 	C:\Xilinx\SDK\2016.2\lib\win64.o\libCOIN-all.dll
0x000007fef3ca0000 - 0x000007fef3ebf000 	C:\Xilinx\SDK\2016.2\lib\win64.o\libXil_lmgr11.dll
0x000007fefb820000 - 0x000007fefb836000 	C:\Windows\system32\NETAPI32.dll
0x000007fefcbe0000 - 0x000007fefcbec000 	C:\Windows\system32\netutils.dll
0x000007fefd310000 - 0x000007fefd333000 	C:\Windows\system32\srvcli.dll
0x000007fefb800000 - 0x000007fefb815000 	C:\Windows\system32\wkscli.dll
0x000007fefdaf0000 - 0x000007fefdb2b000 	C:\Windows\system32\WINTRUST.dll
0x000007fefa520000 - 0x000007fefa530000 	C:\Xilinx\SDK\2016.2\lib\win64.o\libboost_date_time.dll
0x000007fef3c70000 - 0x000007fef3c94000 	C:\Xilinx\SDK\2016.2\lib\win64.o\libboost_filesystem.dll
0x000007fefa7c0000 - 0x000007fefa7c9000 	C:\Xilinx\SDK\2016.2\lib\win64.o\libboost_system.dll
0x000007fef3bf0000 - 0x000007fef3c67000 	C:\Xilinx\SDK\2016.2\lib\win64.o\libboost_program_options.dll
0x000007fef3ae0000 - 0x000007fef3be6000 	C:\Xilinx\SDK\2016.2\lib\win64.o\libboost_regex.dll
0x000007fef3ac0000 - 0x000007fef3ad3000 	C:\Xilinx\SDK\2016.2\lib\win64.o\libboost_signals.dll
0x000007fef3aa0000 - 0x000007fef3abd000 	C:\Xilinx\SDK\2016.2\lib\win64.o\libboost_thread.dll
0x000007fef8060000 - 0x000007fef806b000 	C:\Xilinx\SDK\2016.2\lib\win64.o\libboost_chrono.dll
0x000007fefa3a0000 - 0x000007fefa3ab000 	C:\Xilinx\SDK\2016.2\lib\win64.o\libboost_xilinx.dll
0x000007fef3a20000 - 0x000007fef3aa0000 	C:\Xilinx\SDK\2016.2\lib\win64.o\libhdlpsolve.dll
0x000007fef3980000 - 0x000007fef3a1a000 	C:\Xilinx\SDK\2016.2\lib\win64.o\libhdxml.dll
0x000007fec4e60000 - 0x000007fec52c5e00 	C:\Xilinx\SDK\2016.2\lib\win64.o\libisl_iostreams.dll
0x000007fef3960000 - 0x000007fef3976000 	C:\Xilinx\SDK\2016.2\lib\win64.o\libboost_iostreams.dll
0x000007fef3930000 - 0x000007fef3953000 	C:\Xilinx\SDK\2016.2\lib\win64.o\librdizlib.dll
0x000007fef3900000 - 0x000007fef3923000 	C:\Xilinx\SDK\2016.2\lib\win64.o\libisl_iosutils.dll
0x000007fef38e0000 - 0x000007fef38f5000 	C:\Xilinx\SDK\2016.2\lib\win64.o\pthreadVC2.dll
0x000007fef3880000 - 0x000007fef38d4000 	C:\Xilinx\SDK\2016.2\lib\win64.o\librdi_commonxillic.dll
0x000007fec4d30000 - 0x000007fec4e60000 	C:\Xilinx\SDK\2016.2\lib\win64.o\librdi_curl.dll
0x000007feef2b0000 - 0x000007feef2c8000 	C:\Xilinx\SDK\2016.2\lib\win64.o\librdiconfig.dll
0x0000000069620000 - 0x0000000069747000 	C:\Xilinx\SDK\2016.2\lib\win64.o\tcl85t.dll
0x0000000025c50000 - 0x0000000025eb3000 	C:\Xilinx\SDK\2016.2\lib\win64.o\xerces-c_3_1.dll
0x000007feff760000 - 0x000007feff8e6000 	C:\Windows\system32\urlmon.dll
0x000007fefdaa0000 - 0x000007fefdaa4000 	C:\Windows\system32\api-ms-win-downlevel-ole32-l1-1-0.dll
0x000007feef6d0000 - 0x000007feef6f3000 	C:\Windows\system32\VCOMP110.DLL
0x000007fec4ad0000 - 0x000007fec4cc2000 	C:\Xilinx\SDK\2016.2\lib\win64.o\librdi_hsm.dll
0x000007fec4a80000 - 0x000007fec4ac3000 	C:\Xilinx\SDK\2016.2\lib\win64.o\librdi_hdf.dll
0x000007fec47f0000 - 0x000007fec4a71000 	C:\Xilinx\SDK\2016.2\lib\win64.o\librdi_ippcw.dll
0x000007feef290000 - 0x000007feef2a6000 	C:\Xilinx\SDK\2016.2\eclipse\win64.o\plugins\org.eclipse.cdt.core.win32.x86_64_5.4.0.201509131935\os\win32\x86_64\spawner.dll
0x0000000071100000 - 0x0000000071125000 	C:\Users\veiranei\.jssc\windows\jSSC-2.8_x86_64.dll
0x000007fef7aa0000 - 0x000007fef7aaa000 	C:\Xilinx\SDK\2016.2\lib\win64.o\librdi_jtag_settings.dll
0x000007fef3850000 - 0x000007fef3879000 	C:\Xilinx\SDK\2016.2\lib\win64.o\librdi_debug_dialog.dll
0x000007fef6bf0000 - 0x000007fef6bf8000 	C:\Xilinx\SDK\2016.2\lib\win64.o\librdi_target_manager.dll
0x0000000071080000 - 0x00000000710a6000 	C:\Xilinx\SDK\2016.2\eclipse\win64.o\plugins\gnu.io.rxtx.win32.x86_64_2.1.7.3_v20071015\os\win32\x86_64\rxtxSerial.dll
0x000007febfcd0000 - 0x000007fec04e0000 	C:\Xilinx\SDK\2016.2\lib\win64.o\libXil_lmgr11FNP.dll

VM Arguments:
jvm_args: -Dcom.xilinx.sdk.args.hwspec=D:/yy/project_1/project_1.sdk/design_1_wrapper.hdf -Xms64m -Xmx512m & 
java_command: <unknown>
java_class_path (initial): C:\Xilinx\SDK\2016.2\eclipse\win64.o\\plugins/org.eclipse.equinox.launcher_1.3.100.v20150511-1540.jar
Launcher Type: generic

Environment Variables:
PATH=C:/Xilinx/SDK/2016.2/tps/win64/jre/bin/server;C:/Xilinx/SDK/2016.2/tps/win64/jre/bin;C:/Xilinx/SDK/2016.2/tps/win64/jre/lib/amd64;C:\Xilinx\SDK\2016.2\gnuwin\bin;C:\Xilinx\SDK\2016.2\gnu\microblaze\nt\bin;C:\Xilinx\SDK\2016.2\gnu\microblaze\linux_toolchain\nt64_le\bin;C:\Xilinx\SDK\2016.2\gnu\microblaze\linux_toolchain\nt64_be\bin;C:\Xilinx\SDK\2016.2\gnu\arm\nt\bin;C:\Xilinx\SDK\2016.2\gnu\aarch64\nt\aarch64-none\bin;C:\Xilinx\SDK\2016.2\gnu\aarch64\nt\aarch64-linux\bin;C:\Xilinx\SDK\2016.2\gnu\armr5\nt\gcc-arm-none-eabi\bin;C:\Xilinx\SDK\2016.2\gnu\aarch32\nt\gcc-arm-none-eabi\bin;C:\Xilinx\SDK\2016.2\gnu\aarch32\nt\gcc-arm-linux-gnueabi\bin;C:\Xilinx\SDK\2016.2\tps\win64\cmake-3.3.2\bin;;C:\Xilinx\SDK\2016.2\bin;C:\Xilinx\SDK\2016.2\lib\win64.o;C:\Xilinx\SDK\2016.2\tps\win64\jre\bin\server;C:\Xilinx\SDK\2016.2\tps\win64\jre\bin;C:\Xilinx\Vivado\2016.2\ids_lite\ISE\bin\nt64;C:\Xilinx\Vivado\2016.2\ids_lite\ISE\lib\nt64;C:\Xilinx\Vivado\2016.2\bin;C:\Xilinx\Vivado\2016.2\lib\win64.o;C:\Xilinx\Vivado\2016.2\tps\win64\jre\bin\server;C:\Xilinx\Vivado\2016.2\tps\win64\jre\bin;C:\Xilinx\Vivado_HLS\2016.2\bin;C:\Windows\system32;C:\Windows;C:\Windows\System32\Wbem;C:\Windows\System32\WindowsPowerShell\v1.0\;C:\Program Files (x86)\Java\jre6\bin;C:\Program Files (x86)\eclipse;C:\altera\16.0\quartus\bin64;c:\altera\16.0\quartus\bin64\jre64\bin;D:\yy\project_1;
USERNAME=veiranei
OS=Windows_NT
PROCESSOR_IDENTIFIER=Intel64 Family 6 Model 60 Stepping 3, GenuineIntel



---------------  S Y S T E M  ---------------

OS: Windows 7 , 64 bit Build 7601 (6.1.7601.23418)

CPU:total 8 (4 cores per cpu, 2 threads per core) family 6 model 60 stepping 3, cmov, cx8, fxsr, mmx, sse, sse2, sse3, ssse3, sse4.1, sse4.2, popcnt, avx, avx2, aes, clmul, erms, lzcnt, ht, tsc, tscinvbit, bmi1, bmi2

Memory: 4k page, physical 16683160k(10766764k free), swap 33364460k(26740248k free)

vm_info: Java HotSpot(TM) 64-Bit Server VM (25.66-b18) for windows-amd64 JRE (1.8.0_66-b18), built on Nov  9 2015 10:51:13 by "java_re" with MS VC++ 10.0 (VS2010)

time: Tue Mar 28 16:21:17 2017
elapsed time: 516 seconds (0d 0h 8m 36s)

