#
# A fatal error has been detected by the Java Runtime Environment:
#
#  EXCEPTION_UNCAUGHT_CXX_EXCEPTION (0xe06d7363) at pc=0x000007fefd66a06d, pid=4552, tid=4944
#
# JRE version: Java(TM) SE Runtime Environment (8.0_66-b18) (build 1.8.0_66-b18)
# Java VM: Java HotSpot(TM) 64-Bit Server VM (25.66-b18 mixed mode windows-amd64 compressed oops)
# Problematic frame:
# C  [KERNELBASE.dll+0x1a06d]
#
# Failed to write core dump. Minidumps are not enabled by default on client versions of Windows
#
# If you would like to submit a bug report, please visit:
#   http://bugreport.java.com/bugreport/crash.jsp
#

---------------  T H R E A D  ---------------

Current thread (0x0000000014e42800):  VMThread [stack: 0x0000000015d90000,0x0000000015e90000] [id=4944]

siginfo: ExceptionCode=0xe06d7363, ExceptionInformation=0x0000000019930520 0x0000000015e8f6c8 0x000007feebff2cb8 0x000007feebf40000 

Registers:
RAX=0x0000000061e189b7, RBX=0x000007feebff2cb8, RCX=0x0000000015e8ef10, RDX=0x00000000000000d0
RSP=0x0000000015e8f520, RBP=0x0000000015e8f650, RSI=0x00000000ffffffff, RDI=0x00000000174fb4b0
R8 =0x0000000000000000, R9 =0x0000000000000000, R10=0x000007feebf40000, R11=0x0000000015e8f560
R12=0x0000000000000001, R13=0x0000000000000008, R14=0x0000000000000000, R15=0xffffffffffffffff
RIP=0x000007fefd66a06d, EFLAGS=0x0000000000000206

Top of Stack: (sp=0x0000000015e8f520)
0x0000000015e8f520:   000007feebff2cb8 00000000ffffffff
0x0000000015e8f530:   00000000174fb4b0 00000000002f91f0
0x0000000015e8f540:   00000001e06d7363 0000000000000000
0x0000000015e8f550:   000007fefd66a06d 000007fe00000004
0x0000000015e8f560:   0000000019930520 0000000015e8f6c8
0x0000000015e8f570:   000007feebff2cb8 000007feebf40000
0x0000000015e8f580:   0000000000000000 0000000015e8f608
0x0000000015e8f590:   0000000000000028 00000000174fb4a0
0x0000000015e8f5a0:   000000001749b500 0000000000000000
0x0000000015e8f5b0:   000007fffffa8000 00000000776ef2d3
0x0000000015e8f5c0:   0000000000000000 0000000000000008
0x0000000015e8f5d0:   0000000000000001 00000000174fb4b0
0x0000000015e8f5e0:   00000000ffffffff 000007feebf9e92c
0x0000000015e8f5f0:   000007feebff2cb8 0000000015e8f660
0x0000000015e8f600:   0000000000000001 000007feebf400f8
0x0000000015e8f610:   00000001e06d7363 0000000000000000 

Instructions: (pc=0x000007fefd66a06d)
0x000007fefd66a04d:   54 24 24 48 89 4c 24 28 4d 85 c9 0f 85 6a 03 00
0x000007fefd66a05d:   00 89 4c 24 38 48 8d 4c 24 20 ff 15 33 02 03 00
0x000007fefd66a06d:   48 81 c4 c8 00 00 00 c3 90 90 90 90 90 90 90 90
0x000007fefd66a07d:   90 90 90 48 83 ec 28 65 48 8b 04 25 30 00 00 00 


Register to memory mapping:

RAX=0x0000000061e189b7 is an unknown value
RBX=0x000007feebff2cb8 is an unknown value
RCX=0x0000000015e8ef10 is an unknown value
RDX=0x00000000000000d0 is an unknown value
RSP=0x0000000015e8f520 is an unknown value
RBP=0x0000000015e8f650 is an unknown value
RSI=0x00000000ffffffff is an unallocated location in the heap
RDI=0x00000000174fb4b0 is an unknown value
R8 =0x0000000000000000 is an unknown value
R9 =0x0000000000000000 is an unknown value
R10=0x000007feebf40000 is an unknown value
R11=0x0000000015e8f560 is an unknown value
R12=0x0000000000000001 is an unknown value
R13=0x0000000000000008 is an unknown value
R14=0x0000000000000000 is an unknown value
R15=0xffffffffffffffff is an unknown value


Stack: [0x0000000015d90000,0x0000000015e90000],  sp=0x0000000015e8f520,  free space=1021k
Native frames: (J=compiled Java code, j=interpreted, Vv=VM code, C=native code)
C  [KERNELBASE.dll+0x1a06d]
C  [MSVCR110.dll+0x5e92c]
C  [MSVCR110.dll+0x1315c]
C  [MSVCR110.dll+0x136a9]
C  [MSVCR110.dll+0x13e9c]
C  [MSVCR110.dll+0x239e]
C  [MSVCR110.dll+0xaf9e]
C  [MSVCP110.dll+0x397b9]
C  [librdi_common.dll+0x182316]
C  [librdi_common.dll+0x180fab]
C  [librdi_target_manager.dll+0x2400]
C  [librdi_target_manager.dll+0x2682]
C  [ntdll.dll+0x229b1]
C  [ntdll.dll+0x227c0]
C  [MSVCR100.dll+0x20ccd]
V  [jvm.dll+0x210cc5]
V  [jvm.dll+0x249897]
V  [jvm.dll+0x248b36]
V  [jvm.dll+0x248fd1]
V  [jvm.dll+0x2491ee]
V  [jvm.dll+0x29a0fa]
C  [MSVCR100.dll+0x21d9f]
C  [MSVCR100.dll+0x21e3b]
C  [kernel32.dll+0x159bd]
C  [ntdll.dll+0x2a2e1]

VM_Operation (0x000000000012f4c0): Exit, mode: safepoint, requested by thread 0x0000000002478000


---------------  P R O C E S S  ---------------

Java Threads: ( => current thread )
  0x0000000018eb5000 JavaThread "pool-2-thread-7" [_thread_blocked, id=4176, stack(0x0000000026170000,0x0000000026270000)]
  0x0000000018eb0000 JavaThread "pool-2-thread-6" [_thread_blocked, id=4764, stack(0x000000002aec0000,0x000000002afc0000)]
  0x000000001b9a8800 JavaThread "pool-2-thread-5" [_thread_blocked, id=4852, stack(0x0000000027d00000,0x0000000027e00000)]
  0x0000000016d04800 JavaThread "pool-2-thread-4" [_thread_blocked, id=5032, stack(0x000000002a0c0000,0x000000002a1c0000)]
  0x000000001b9a7000 JavaThread "pool-2-thread-3" [_thread_blocked, id=4260, stack(0x0000000029fc0000,0x000000002a0c0000)]
  0x0000000016d07000 JavaThread "pool-2-thread-2" [_thread_blocked, id=4940, stack(0x0000000028840000,0x0000000028940000)]
  0x0000000016d05800 JavaThread "pool-2-thread-1" [_thread_blocked, id=2688, stack(0x0000000027f00000,0x0000000028000000)]
  0x0000000016d04000 JavaThread "Thread-18" daemon [_thread_blocked, id=4304, stack(0x0000000027c00000,0x0000000027d00000)]
  0x000000001f490800 JavaThread "TCF Channel Transmitter" daemon [_thread_blocked, id=3408, stack(0x0000000026d80000,0x0000000026e80000)]
  0x000000001f490000 JavaThread "TCF Channel Receiver" daemon [_thread_blocked, id=4768, stack(0x00000000269e0000,0x0000000026ae0000)]
  0x000000001f48f000 JavaThread "Process monitor" daemon [_thread_in_native, id=3496, stack(0x00000000252f0000,0x00000000253f0000)]
  0x000000001f48e800 JavaThread "Input Stream Monitor" daemon [_thread_blocked, id=1592, stack(0x00000000266e0000,0x00000000267e0000)]
  0x000000001f48d800 JavaThread "Output Stream Monitor" daemon [_thread_in_native, id=3108, stack(0x0000000025970000,0x0000000025a70000)]
  0x00000000170fb000 JavaThread "Output Stream Monitor" daemon [_thread_in_native, id=4124, stack(0x0000000025490000,0x0000000025590000)]
  0x00000000170f3800 JavaThread "TCF Locator DNS Lookup" daemon [_thread_blocked, id=3844, stack(0x0000000024ae0000,0x0000000024be0000)]
  0x00000000170f3000 JavaThread "TCF Locator Timer" daemon [_thread_blocked, id=4588, stack(0x00000000249e0000,0x0000000024ae0000)]
  0x00000000170f2000 JavaThread "TCF Locator Receiver" daemon [_thread_blocked, id=2332, stack(0x00000000248e0000,0x00000000249e0000)]
  0x00000000170f0800 JavaThread "TCF Timer Dispatcher" daemon [_thread_blocked, id=3824, stack(0x0000000021e20000,0x0000000021f20000)]
  0x0000000019131800 JavaThread "EMF Reference Cleaner" daemon [_thread_blocked, id=4696, stack(0x0000000019da0000,0x0000000019ea0000)]
  0x0000000014f39800 JavaThread "Service Thread" daemon [_thread_blocked, id=3164, stack(0x0000000016750000,0x0000000016850000)]
  0x0000000014ec9000 JavaThread "C1 CompilerThread3" daemon [_thread_blocked, id=916, stack(0x0000000016650000,0x0000000016750000)]
  0x0000000014e96800 JavaThread "C2 CompilerThread2" daemon [_thread_blocked, id=5088, stack(0x0000000016550000,0x0000000016650000)]
  0x0000000014e93800 JavaThread "C2 CompilerThread1" daemon [_thread_blocked, id=596, stack(0x0000000016450000,0x0000000016550000)]
  0x0000000014e8c800 JavaThread "C2 CompilerThread0" daemon [_thread_blocked, id=4272, stack(0x0000000016350000,0x0000000016450000)]
  0x0000000014e9e000 JavaThread "Attach Listener" daemon [_thread_blocked, id=4964, stack(0x0000000016250000,0x0000000016350000)]
  0x0000000014e9d000 JavaThread "Signal Dispatcher" daemon [_thread_blocked, id=5112, stack(0x0000000016150000,0x0000000016250000)]
  0x0000000013ccf800 JavaThread "Finalizer" daemon [_thread_blocked, id=4784, stack(0x0000000015f90000,0x0000000016090000)]
  0x0000000013cc9000 JavaThread "Reference Handler" daemon [_thread_blocked, id=4688, stack(0x0000000015e90000,0x0000000015f90000)]
  0x0000000002478000 JavaThread "main" [_thread_blocked, id=4960, stack(0x0000000000030000,0x0000000000130000)]

Other Threads:
=>0x0000000014e42800 VMThread [stack: 0x0000000015d90000,0x0000000015e90000] [id=4944]

VM state:at safepoint (shutting down)

VM Mutex/Monitor currently owned by a thread:  ([mutex/lock_event])
[0x000000000240e3b0] Threads_lock - owner thread: 0x0000000014e42800

Heap:
 PSYoungGen      total 71168K, used 50529K [0x00000000f5580000, 0x00000000ff080000, 0x0000000100000000)
  eden space 66048K, 69% used [0x00000000f5580000,0x00000000f8246438,0x00000000f9600000)
  from space 5120K, 91% used [0x00000000f9600000,0x00000000f9a92348,0x00000000f9b00000)
  to   space 46080K, 0% used [0x00000000fc380000,0x00000000fc380000,0x00000000ff080000)
 ParOldGen       total 197632K, used 77184K [0x00000000e0000000, 0x00000000ec100000, 0x00000000f5580000)
  object space 197632K, 39% used [0x00000000e0000000,0x00000000e4b600a0,0x00000000ec100000)
 Metaspace       used 94110K, capacity 101828K, committed 101928K, reserved 1138688K
  class space    used 11113K, capacity 13605K, committed 13616K, reserved 1048576K

Card table byte_map: [0x00000000118d0000,0x00000000119e0000] byte_map_base: 0x00000000111d0000

Marking Bits: (ParMarkBitMap*) 0x000000007080a5b0
 Begin Bits: [0x00000000121e0000, 0x00000000129e0000)
 End Bits:   [0x00000000129e0000, 0x00000000131e0000)

Polling page: 0x0000000000230000

CodeCache: size=245760Kb used=52841Kb max_used=53141Kb free=192918Kb
 bounds [0x0000000002510000, 0x0000000005950000, 0x0000000011510000]
 total_blobs=14343 nmethods=13427 adapters=823
 compilation: enabled

Compilation events (10 events):
Event: 395.587 Thread 0x0000000014ec9000 nmethod 17089 0x0000000002ccbf50 code [0x0000000002ccc0e0, 0x0000000002ccc6b8]
Event: 395.588 Thread 0x0000000014ec9000 17090  s!   3       org.eclipse.osgi.storage.bundlefile.ZipBundleFile::close (64 bytes)
Event: 395.589 Thread 0x0000000014ec9000 nmethod 17090 0x0000000003371f50 code [0x0000000003372120, 0x0000000003372ab8]
Event: 395.591 Thread 0x0000000014ec9000 17092       3       org.eclipse.osgi.storage.bundlefile.MRUBundleFileList::removeInternal (37 bytes)
Event: 395.591 Thread 0x0000000014ec9000 nmethod 17092 0x0000000003b6b050 code [0x0000000003b6b1c0, 0x0000000003b6b630]
Event: 395.592 Thread 0x0000000014ec9000 17093   !   3       org.eclipse.osgi.storage.BundleInfo$Generation::close (34 bytes)
Event: 395.592 Thread 0x0000000014ec9000 nmethod 17093 0x0000000002d327d0 code [0x0000000002d32940, 0x0000000002d32d68]
Event: 395.595 Thread 0x0000000014ec9000 17095       3       java.util.TimSort::mergeLo (659 bytes)
Event: 395.596 Thread 0x0000000014ec9000 nmethod 17095 0x000000000434c4d0 code [0x000000000434c800, 0x000000000434e998]
Event: 395.597 Thread 0x0000000014ec9000 17096       3       org.eclipse.osgi.container.Module::holdsTransitionEventLock (25 bytes)

GC Heap History (10 events):
Event: 313.228 GC heap before
{Heap before GC invocations=29 (full 4):
 PSYoungGen      total 117760K, used 67453K [0x00000000f5580000, 0x00000000ffd80000, 0x0000000100000000)
  eden space 64512K, 100% used [0x00000000f5580000,0x00000000f9480000,0x00000000f9480000)
  from space 53248K, 5% used [0x00000000fc980000,0x00000000fcc5f7b0,0x00000000ffd80000)
  to   space 53760K, 0% used [0x00000000f9480000,0x00000000f9480000,0x00000000fc900000)
 ParOldGen       total 197632K, used 77096K [0x00000000e0000000, 0x00000000ec100000, 0x00000000f5580000)
  object space 197632K, 39% used [0x00000000e0000000,0x00000000e4b4a090,0x00000000ec100000)
 Metaspace       used 92713K, capacity 100290K, committed 100648K, reserved 1136640K
  class space    used 10975K, capacity 13248K, committed 13360K, reserved 1048576K
Event: 313.232 GC heap after
Heap after GC invocations=29 (full 4):
 PSYoungGen      total 118272K, used 3493K [0x00000000f5580000, 0x00000000ffc80000, 0x0000000100000000)
  eden space 64512K, 0% used [0x00000000f5580000,0x00000000f5580000,0x00000000f9480000)
  from space 53760K, 6% used [0x00000000f9480000,0x00000000f97e94c8,0x00000000fc900000)
  to   space 52736K, 0% used [0x00000000fc900000,0x00000000fc900000,0x00000000ffc80000)
 ParOldGen       total 197632K, used 77168K [0x00000000e0000000, 0x00000000ec100000, 0x00000000f5580000)
  object space 197632K, 39% used [0x00000000e0000000,0x00000000e4b5c0a0,0x00000000ec100000)
 Metaspace       used 92713K, capacity 100290K, committed 100648K, reserved 1136640K
  class space    used 10975K, capacity 13248K, committed 13360K, reserved 1048576K
}
Event: 317.643 GC heap before
{Heap before GC invocations=30 (full 4):
 PSYoungGen      total 118272K, used 68005K [0x00000000f5580000, 0x00000000ffc80000, 0x0000000100000000)
  eden space 64512K, 100% used [0x00000000f5580000,0x00000000f9480000,0x00000000f9480000)
  from space 53760K, 6% used [0x00000000f9480000,0x00000000f97e94c8,0x00000000fc900000)
  to   space 52736K, 0% used [0x00000000fc900000,0x00000000fc900000,0x00000000ffc80000)
 ParOldGen       total 197632K, used 77168K [0x00000000e0000000, 0x00000000ec100000, 0x00000000f5580000)
  object space 197632K, 39% used [0x00000000e0000000,0x00000000e4b5c0a0,0x00000000ec100000)
 Metaspace       used 92850K, capacity 100482K, committed 100648K, reserved 1136640K
  class space    used 10979K, capacity 13312K, committed 13360K, reserved 1048576K
Event: 317.649 GC heap after
Heap after GC invocations=30 (full 4):
 PSYoungGen      total 115200K, used 4136K [0x00000000f5580000, 0x00000000ff980000, 0x0000000100000000)
  eden space 65536K, 0% used [0x00000000f5580000,0x00000000f5580000,0x00000000f9580000)
  from space 49664K, 8% used [0x00000000fc900000,0x00000000fcd0a0c8,0x00000000ff980000)
  to   space 51200K, 0% used [0x00000000f9580000,0x00000000f9580000,0x00000000fc780000)
 ParOldGen       total 197632K, used 77168K [0x00000000e0000000, 0x00000000ec100000, 0x00000000f5580000)
  object space 197632K, 39% used [0x00000000e0000000,0x00000000e4b5c0a0,0x00000000ec100000)
 Metaspace       used 92850K, capacity 100482K, committed 100648K, reserved 1136640K
  class space    used 10979K, capacity 13312K, committed 13360K, reserved 1048576K
}
Event: 331.611 GC heap before
{Heap before GC invocations=31 (full 4):
 PSYoungGen      total 115200K, used 69672K [0x00000000f5580000, 0x00000000ff980000, 0x0000000100000000)
  eden space 65536K, 100% used [0x00000000f5580000,0x00000000f9580000,0x00000000f9580000)
  from space 49664K, 8% used [0x00000000fc900000,0x00000000fcd0a0c8,0x00000000ff980000)
  to   space 51200K, 0% used [0x00000000f9580000,0x00000000f9580000,0x00000000fc780000)
 ParOldGen       total 197632K, used 77168K [0x00000000e0000000, 0x00000000ec100000, 0x00000000f5580000)
  object space 197632K, 39% used [0x00000000e0000000,0x00000000e4b5c0a0,0x00000000ec100000)
 Metaspace       used 92902K, capacity 100482K, committed 100648K, reserved 1136640K
  class space    used 10979K, capacity 13312K, committed 13360K, reserved 1048576K
Event: 331.615 GC heap after
Heap after GC invocations=31 (full 4):
 PSYoungGen      total 69632K, used 3859K [0x00000000f5580000, 0x00000000ff700000, 0x0000000100000000)
  eden space 65536K, 0% used [0x00000000f5580000,0x00000000f5580000,0x00000000f9580000)
  from space 4096K, 94% used [0x00000000f9580000,0x00000000f9944f78,0x00000000f9980000)
  to   space 49664K, 0% used [0x00000000fc680000,0x00000000fc680000,0x00000000ff700000)
 ParOldGen       total 197632K, used 77176K [0x00000000e0000000, 0x00000000ec100000, 0x00000000f5580000)
  object space 197632K, 39% used [0x00000000e0000000,0x00000000e4b5e0a0,0x00000000ec100000)
 Metaspace       used 92902K, capacity 100482K, committed 100648K, reserved 1136640K
  class space    used 10979K, capacity 13312K, committed 13360K, reserved 1048576K
}
Event: 352.333 GC heap before
{Heap before GC invocations=32 (full 4):
 PSYoungGen      total 69632K, used 69395K [0x00000000f5580000, 0x00000000ff700000, 0x0000000100000000)
  eden space 65536K, 100% used [0x00000000f5580000,0x00000000f9580000,0x00000000f9580000)
  from space 4096K, 94% used [0x00000000f9580000,0x00000000f9944f78,0x00000000f9980000)
  to   space 49664K, 0% used [0x00000000fc680000,0x00000000fc680000,0x00000000ff700000)
 ParOldGen       total 197632K, used 77176K [0x00000000e0000000, 0x00000000ec100000, 0x00000000f5580000)
  object space 197632K, 39% used [0x00000000e0000000,0x00000000e4b5e0a0,0x00000000ec100000)
 Metaspace       used 92996K, capacity 100552K, committed 100648K, reserved 1136640K
  class space    used 10984K, capacity 13313K, committed 13360K, reserved 1048576K
Event: 352.338 GC heap after
Heap after GC invocations=32 (full 4):
 PSYoungGen      total 112640K, used 2879K [0x00000000f5580000, 0x00000000ff400000, 0x0000000100000000)
  eden space 66048K, 0% used [0x00000000f5580000,0x00000000f5580000,0x00000000f9600000)
  from space 46592K, 6% used [0x00000000fc680000,0x00000000fc94ff48,0x00000000ff400000)
  to   space 48128K, 0% used [0x00000000f9600000,0x00000000f9600000,0x00000000fc500000)
 ParOldGen       total 197632K, used 77176K [0x00000000e0000000, 0x00000000ec100000, 0x00000000f5580000)
  object space 197632K, 39% used [0x00000000e0000000,0x00000000e4b5e0a0,0x00000000ec100000)
 Metaspace       used 92996K, capacity 100552K, committed 100648K, reserved 1136640K
  class space    used 10984K, capacity 13313K, committed 13360K, reserved 1048576K
}
Event: 378.909 GC heap before
{Heap before GC invocations=33 (full 4):
 PSYoungGen      total 112640K, used 68927K [0x00000000f5580000, 0x00000000ff400000, 0x0000000100000000)
  eden space 66048K, 100% used [0x00000000f5580000,0x00000000f9600000,0x00000000f9600000)
  from space 46592K, 6% used [0x00000000fc680000,0x00000000fc94ff48,0x00000000ff400000)
  to   space 48128K, 0% used [0x00000000f9600000,0x00000000f9600000,0x00000000fc500000)
 ParOldGen       total 197632K, used 77176K [0x00000000e0000000, 0x00000000ec100000, 0x00000000f5580000)
  object space 197632K, 39% used [0x00000000e0000000,0x00000000e4b5e0a0,0x00000000ec100000)
 Metaspace       used 93212K, capacity 100910K, committed 101160K, reserved 1136640K
  class space    used 11011K, capacity 13346K, committed 13360K, reserved 1048576K
Event: 378.916 GC heap after
Heap after GC invocations=33 (full 4):
 PSYoungGen      total 71168K, used 4680K [0x00000000f5580000, 0x00000000ff080000, 0x0000000100000000)
  eden space 66048K, 0% used [0x00000000f5580000,0x00000000f5580000,0x00000000f9600000)
  from space 5120K, 91% used [0x00000000f9600000,0x00000000f9a92348,0x00000000f9b00000)
  to   space 46080K, 0% used [0x00000000fc380000,0x00000000fc380000,0x00000000ff080000)
 ParOldGen       total 197632K, used 77184K [0x00000000e0000000, 0x00000000ec100000, 0x00000000f5580000)
  object space 197632K, 39% used [0x00000000e0000000,0x00000000e4b600a0,0x00000000ec100000)
 Metaspace       used 93212K, capacity 100910K, committed 101160K, reserved 1136640K
  class space    used 11011K, capacity 13346K, committed 13360K, reserved 1048576K
}

Deoptimization events (10 events):
Event: 394.944 Thread 0x000000001b9a4800 Uncommon trap: reason=predicate action=maybe_recompile pc=0x0000000002ff74b0 method=java.io.OutputStream.write([BII)V @ 62
Event: 394.970 Thread 0x000000001b9a4800 Uncommon trap: reason=unstable_if action=reinterpret pc=0x0000000003e32c9c method=org.eclipse.core.internal.localstore.FileSystemResourceManager.getStoreRoot(Lorg/eclipse/core/resources/IResource;)Lorg/eclipse/core/internal/localstore/FileStoreRoot; @ 17
Event: 394.970 Thread 0x000000001b9a4800 Uncommon trap: reason=unstable_if action=reinterpret pc=0x000000000495f4e0 method=org.eclipse.core.internal.localstore.FileStoreRoot.getManager(Lorg/eclipse/core/runtime/IPath;)Lorg/eclipse/core/resources/IPathVariableManager; @ 18
Event: 394.971 Thread 0x000000001b9a4800 Uncommon trap: reason=unstable_if action=reinterpret pc=0x0000000004bbbea4 method=org.eclipse.swt.graphics.Resource.dispose()V @ 15
Event: 395.511 Thread 0x000000001b9a4800 Uncommon trap: reason=unstable_if action=reinterpret pc=0x0000000002a395a4 method=org.eclipse.osgi.internal.hooks.EclipseLazyStarter.shouldActivateFor(Ljava/lang/String;Lorg/eclipse/osgi/container/Module;Lorg/eclipse/osgi/container/ModuleRevision;Lorg/ecliN4äøV¸x@
Event: 395.521 Thread 0x0000000017d74800 Uncommon trap: reason=unstable_if action=reinterpret pc=0x000000000348da24 method=org.eclipse.osgi.internal.framework.BundleContextImpl.dispatchEvent(Ljava/lang/Object;Ljava/lang/Object;ILjava/lang/Object;)V @ 16
Event: 395.545 Thread 0x000000001b9a4800 Uncommon trap: reason=class_check action=maybe_recompile pc=0x000000000584436c method=org.eclipse.core.internal.dtree.AbstractDataTreeNode.assembleWith([Lorg/eclipse/core/internal/dtree/AbstractDataTreeNode;[Lorg/eclipse/core/internal/dtree/AbstractDataTreV«\··¸x@
Event: 395.545 Thread 0x000000001b9a4800 Uncommon trap: reason=class_check action=maybe_recompile pc=0x000000000584436c method=org.eclipse.core.internal.dtree.AbstractDataTreeNode.assembleWith([Lorg/eclipse/core/internal/dtree/AbstractDataTreeNode;[Lorg/eclipse/core/internal/dtree/AbstractDataTreVÅ·¸x@
Event: 395.545 Thread 0x000000001b9a4800 Uncommon trap: reason=class_check action=maybe_recompile pc=0x000000000584436c method=org.eclipse.core.internal.dtree.AbstractDataTreeNode.assembleWith([Lorg/eclipse/core/internal/dtree/AbstractDataTreeNode;[Lorg/eclipse/core/internal/dtree/AbstractDataTre)$àÏ·¸x@
Event: 395.545 Thread 0x000000001b9a4800 Uncommon trap: reason=class_check action=maybe_recompile pc=0x000000000584436c method=org.eclipse.core.internal.dtree.AbstractDataTreeNode.assembleWith([Lorg/eclipse/core/internal/dtree/AbstractDataTreeNode;[Lorg/eclipse/core/internal/dtree/AbstractDataTre

Internal exceptions (10 events):
Event: 385.742 Thread 0x0000000002478000 Implicit null exception at 0x000000000418c444 to 0x000000000418cc9d
Event: 385.760 Thread 0x0000000002478000 Implicit null exception at 0x000000000342d9b0 to 0x000000000342da09
Event: 394.939 Thread 0x0000000018eb5000 Exception <a 'java/io/IOException'> (0x00000000f7c352a8) thrown at [C:\re\workspace\8-2-build-windows-amd64-cygwin\jdk8u66\5298\hotspot\src\share\vm\prims\jni.cpp, line 709]
Event: 394.939 Thread 0x0000000018eb5000 Exception <a 'java/io/IOException'> (0x00000000f7c35538) thrown at [C:\re\workspace\8-2-build-windows-amd64-cygwin\jdk8u66\5298\hotspot\src\share\vm\prims\jni.cpp, line 709]
Event: 394.939 Thread 0x0000000018eb5000 Exception <a 'java/io/IOException'> (0x00000000f7c35798) thrown at [C:\re\workspace\8-2-build-windows-amd64-cygwin\jdk8u66\5298\hotspot\src\share\vm\prims\jni.cpp, line 709]
Event: 394.941 Thread 0x000000001f493800 Exception <a 'java/lang/InterruptedException'> (0x00000000f7c8f908) thrown at [C:\re\workspace\8-2-build-windows-amd64-cygwin\jdk8u66\5298\hotspot\src\share\vm\runtime\objectMonitor.cpp, line 1683]
Event: 395.572 Thread 0x00000000170ee800 Exception <a 'java/lang/InterruptedException'> (0x00000000f78a85e0) thrown at [C:\re\workspace\8-2-build-windows-amd64-cygwin\jdk8u66\5298\hotspot\src\share\vm\runtime\objectMonitor.cpp, line 1683]
Event: 395.587 Thread 0x0000000017d74800 Exception <a 'java/lang/InterruptedException'> (0x00000000f7f99950) thrown at [C:\re\workspace\8-2-build-windows-amd64-cygwin\jdk8u66\5298\hotspot\src\share\vm\runtime\objectMonitor.cpp, line 1683]
Event: 395.594 Thread 0x00000000170ef000 Exception <a 'java/lang/InterruptedException'> (0x00000000f7545d88) thrown at [C:\re\workspace\8-2-build-windows-amd64-cygwin\jdk8u66\5298\hotspot\src\share\vm\runtime\objectMonitor.cpp, line 1683]
Event: 395.595 Thread 0x0000000017c53800 Exception <a 'java/lang/InterruptedException'> (0x00000000f81d9f88) thrown at [C:\re\workspace\8-2-build-windows-amd64-cygwin\jdk8u66\5298\hotspot\src\share\vm\runtime\objectMonitor.cpp, line 1683]

Events (10 events):
Event: 395.596 Executing VM operation: RevokeBias
Event: 395.596 Executing VM operation: RevokeBias done
Event: 395.596 Thread 0x000000001b9a4800 Thread exited: 0x000000001b9a4800
Event: 395.596 loading class java/util/IdentityHashMap$KeyIterator
Event: 395.596 loading class java/util/IdentityHashMap$IdentityHashMapIterator
Event: 395.596 loading class java/util/IdentityHashMap$IdentityHashMapIterator done
Event: 395.596 loading class java/util/IdentityHashMap$KeyIterator done
Event: 395.597 Thread 0x000000001b9a4800 Thread added: 0x000000001b9a4800
Event: 395.597 Thread 0x000000001b9a4800 Thread exited: 0x000000001b9a4800
Event: 395.597 Executing VM operation: Exit


Dynamic libraries:
0x0000000000400000 - 0x000000000044f000 	C:\Xilinx\SDK\2016.2\eclipse\win64.o\eclipse.exe
0x00000000776a0000 - 0x000000007784a000 	C:\Windows\SYSTEM32\ntdll.dll
0x0000000077580000 - 0x000000007769f000 	C:\Windows\system32\kernel32.dll
0x000007fefd650000 - 0x000007fefd6ba000 	C:\Windows\system32\KERNELBASE.dll
0x0000000077480000 - 0x000000007757a000 	C:\Windows\system32\USER32.dll
0x000007fefe510000 - 0x000007fefe577000 	C:\Windows\system32\GDI32.dll
0x000007fefe400000 - 0x000007fefe40e000 	C:\Windows\system32\LPK.dll
0x000007fefeb50000 - 0x000007fefec1a000 	C:\Windows\system32\USP10.dll
0x000007fefd7a0000 - 0x000007fefd83f000 	C:\Windows\system32\msvcrt.dll
0x000007fefbcf0000 - 0x000007fefbee4000 	C:\Windows\WinSxS\amd64_microsoft.windows.common-controls_6595b64144ccf1df_6.0.7601.18837_none_fa3b1e3d17594757\COMCTL32.dll
0x000007fefe1f0000 - 0x000007fefe261000 	C:\Windows\system32\SHLWAPI.dll
0x000007fefdde0000 - 0x000007fefde0e000 	C:\Windows\system32\IMM32.DLL
0x000007fefe0e0000 - 0x000007fefe1e9000 	C:\Windows\system32\MSCTF.dll
0x0000000072000000 - 0x0000000072012000 	C:\Xilinx\SDK\2016.2\eclipse\win64.o\plugins\org.eclipse.equinox.launcher.win32.win32.x86_64_1.1.300.v20150602-1417\eclipse_1611.dll
0x000007fefe410000 - 0x000007fefe4eb000 	C:\Windows\system32\ADVAPI32.dll
0x000007fefe0c0000 - 0x000007fefe0df000 	C:\Windows\SYSTEM32\sechost.dll
0x000007fefdb70000 - 0x000007fefdc9d000 	C:\Windows\system32\RPCRT4.dll
0x000007fefc470000 - 0x000007fefc47c000 	C:\Windows\system32\VERSION.dll
0x000007fefbc90000 - 0x000007fefbce6000 	C:\Windows\system32\UxTheme.dll
0x0000000070000000 - 0x0000000070889000 	C:\Xilinx\SDK\2016.2\tps\win64\jre\bin\server\jvm.dll
0x000007fefb560000 - 0x000007fefb569000 	C:\Windows\system32\WSOCK32.dll
0x000007fefdb20000 - 0x000007fefdb6d000 	C:\Windows\system32\WS2_32.dll
0x000007fefdb10000 - 0x000007fefdb18000 	C:\Windows\system32\NSI.dll
0x000007fefa170000 - 0x000007fefa1ab000 	C:\Windows\system32\WINMM.dll
0x0000000077870000 - 0x0000000077877000 	C:\Windows\system32\PSAPI.DLL
0x0000000071910000 - 0x00000000719e2000 	C:\Windows\system32\MSVCR100.dll
0x00000000739f0000 - 0x00000000739ff000 	C:\Xilinx\SDK\2016.2\tps\win64\jre\bin\verify.dll
0x00000000739c0000 - 0x00000000739e9000 	C:\Xilinx\SDK\2016.2\tps\win64\jre\bin\java.dll
0x00000000739a0000 - 0x00000000739b6000 	C:\Xilinx\SDK\2016.2\tps\win64\jre\bin\zip.dll
0x000007fefec20000 - 0x000007feff9a9000 	C:\Windows\system32\SHELL32.dll
0x000007fefde10000 - 0x000007fefe013000 	C:\Windows\system32\ole32.dll
0x000007fefd3f0000 - 0x000007fefd3ff000 	C:\Windows\system32\profapi.dll
0x000007fefcbe0000 - 0x000007fefcbf8000 	C:\Windows\system32\CRYPTSP.dll
0x000007fefc8e0000 - 0x000007fefc927000 	C:\Windows\system32\rsaenh.dll
0x000007fefd740000 - 0x000007fefd75e000 	C:\Windows\system32\USERENV.dll
0x000007fefd240000 - 0x000007fefd24f000 	C:\Windows\system32\CRYPTBASE.dll
0x0000000073980000 - 0x000000007399a000 	C:\Xilinx\SDK\2016.2\tps\win64\jre\bin\net.dll
0x000007fefcb80000 - 0x000007fefcbd5000 	C:\Windows\system32\mswsock.dll
0x000007fefcb70000 - 0x000007fefcb77000 	C:\Windows\System32\wship6.dll
0x000007fefad20000 - 0x000007fefad47000 	C:\Windows\system32\IPHLPAPI.DLL
0x000007fefad00000 - 0x000007fefad0b000 	C:\Windows\system32\WINNSI.DLL
0x000007fefab30000 - 0x000007fefab41000 	C:\Windows\system32\dhcpcsvc6.DLL
0x000007fefab10000 - 0x000007fefab28000 	C:\Windows\system32\dhcpcsvc.DLL
0x00000000737f0000 - 0x0000000073801000 	C:\Xilinx\SDK\2016.2\tps\win64\jre\bin\nio.dll
0x000007fef9e80000 - 0x000007fef9e95000 	C:\Windows\system32\NLAapi.dll
0x000007fefa280000 - 0x000007fefa295000 	C:\Windows\system32\napinsp.dll
0x000007fefa2a0000 - 0x000007fefa2b9000 	C:\Windows\system32\pnrpnsp.dll
0x000007fefca00000 - 0x000007fefca5b000 	C:\Windows\system32\DNSAPI.dll
0x000007fefa440000 - 0x000007fefa44b000 	C:\Windows\System32\winrnr.dll
0x000007fefc540000 - 0x000007fefc547000 	C:\Windows\System32\wshtcpip.dll
0x000007fefa4e0000 - 0x000007fefa4e8000 	C:\Windows\system32\rasadhlp.dll
0x000007fefabc0000 - 0x000007fefac13000 	C:\Windows\System32\fwpuclnt.dll
0x000000001a250000 - 0x000000001a2f8000 	C:\Users\milwidya\.Xilinx\SDK\2016.2\org.eclipse.osgi\312\0\.cp\swt-win32-4527.dll
0x000007fefdd00000 - 0x000007fefddd8000 	C:\Windows\system32\OLEAUT32.dll
0x000007fefe020000 - 0x000007fefe0b7000 	C:\Windows\system32\comdlg32.dll
0x000007fef6320000 - 0x000007fef6391000 	C:\Windows\system32\WINSPOOL.DRV
0x000007fefe880000 - 0x000007fefeb45000 	C:\Windows\system32\WININET.dll
0x000007fefd730000 - 0x000007fefd734000 	C:\Windows\system32\api-ms-win-downlevel-user32-l1-1-0.dll
0x000007fefd5a0000 - 0x000007fefd5a4000 	C:\Windows\system32\api-ms-win-downlevel-shlwapi-l1-1-0.dll
0x000007fefd720000 - 0x000007fefd724000 	C:\Windows\system32\api-ms-win-downlevel-version-l1-1-0.dll
0x000007fefd6c0000 - 0x000007fefd6c3000 	C:\Windows\system32\api-ms-win-downlevel-normaliz-l1-1-0.dll
0x0000000077860000 - 0x0000000077863000 	C:\Windows\system32\normaliz.DLL
0x000007fefd840000 - 0x000007fefdb09000 	C:\Windows\system32\iertutil.dll
0x000007fefd6d0000 - 0x000007fefd6d5000 	C:\Windows\system32\api-ms-win-downlevel-advapi32-l1-1-0.dll
0x000007fefd400000 - 0x000007fefd56d000 	C:\Windows\system32\CRYPT32.dll
0x000007fefd3e0000 - 0x000007fefd3ef000 	C:\Windows\system32\MSASN1.dll
0x000007fefb760000 - 0x000007fefb88c000 	C:\Windows\system32\propsys.dll
0x000007fefe580000 - 0x000007fefe619000 	C:\Windows\system32\CLBCatQ.DLL
0x0000000002280000 - 0x000000000229e000 	C:\Users\milwidya\.Xilinx\SDK\2016.2\org.eclipse.osgi\312\0\.cp\swt-gdip-win32-4527.dll
0x000007fefba70000 - 0x000007fefbc86000 	C:\Windows\WinSxS\amd64_microsoft.windows.gdiplus_6595b64144ccf1df_1.1.7601.23508_none_145555328b95eaaa\gdiplus.dll
0x000007fefb590000 - 0x000007fefb6f1000 	C:\Windows\system32\WindowsCodecs.dll
0x0000000180000000 - 0x0000000180012000 	C:\Users\milwidya\.Xilinx\SDK\2016.2\org.eclipse.osgi\126\0\.cp\os\win32\x86_64\localfile_1_0_0.dll
0x000007fef16c0000 - 0x000007fef1714000 	C:\Windows\system32\oleacc.dll
0x000007fef9170000 - 0x000007fef9177000 	C:\Windows\system32\msimg32.dll
0x000007fefd330000 - 0x000007fefd344000 	C:\Windows\system32\RpcRtRemote.dll
0x000007fefd1e0000 - 0x000007fefd237000 	C:\Windows\system32\apphelp.dll
0x000007fef0960000 - 0x000007fef0971000 	C:\Users\milwidya\.Xilinx\SDK\2016.2\org.eclipse.osgi\129\0\.cp\jWinHttp-1.0.0.dll
0x000007fef98b0000 - 0x000007fef9921000 	C:\Windows\system32\WINHTTP.dll
0x000007fef9840000 - 0x000007fef98a4000 	C:\Windows\system32\webio.dll
0x000007fefd1b0000 - 0x000007fefd1d5000 	C:\Windows\system32\SspiCli.dll
0x000007fefc7a0000 - 0x000007fefc7aa000 	C:\Windows\system32\credssp.dll
0x000007fefd6e0000 - 0x000007fefd716000 	C:\Windows\system32\CFGMGR32.dll
0x000007fefb4f0000 - 0x000007fefb4ff000 	C:\Xilinx\SDK\2016.2\lib\win64.o\librdi_repo_manager.dll
0x000007fef08c0000 - 0x000007fef08ea000 	C:\Xilinx\SDK\2016.2\lib\win64.o\libisl_sysinfo.dll
0x000007feebf40000 - 0x000007feec014000 	C:\Windows\system32\MSVCR110.dll
0x000007feebe60000 - 0x000007feebf07000 	C:\Windows\system32\MSVCP110.dll
0x000007fec2d70000 - 0x000007fec37b0000 	C:\Xilinx\SDK\2016.2\lib\win64.o\librdi_common.dll
0x000007fec4a90000 - 0x000007fec4dfe000 	C:\Xilinx\SDK\2016.2\lib\win64.o\libCOIN-all.dll
0x000007fec4540000 - 0x000007fec475f000 	C:\Xilinx\SDK\2016.2\lib\win64.o\libXil_lmgr11.dll
0x000007fefb450000 - 0x000007fefb466000 	C:\Windows\system32\NETAPI32.dll
0x000007fefc810000 - 0x000007fefc81c000 	C:\Windows\system32\netutils.dll
0x000007fefce60000 - 0x000007fefce83000 	C:\Windows\system32\srvcli.dll
0x000007fefb430000 - 0x000007fefb445000 	C:\Windows\system32\wkscli.dll
0x000007fefd760000 - 0x000007fefd79b000 	C:\Windows\system32\WINTRUST.dll
0x000007fefb4e0000 - 0x000007fefb4f0000 	C:\Xilinx\SDK\2016.2\lib\win64.o\libboost_date_time.dll
0x000007fef0860000 - 0x000007fef0884000 	C:\Xilinx\SDK\2016.2\lib\win64.o\libboost_filesystem.dll
0x000007fefb4c0000 - 0x000007fefb4c9000 	C:\Xilinx\SDK\2016.2\lib\win64.o\libboost_system.dll
0x000007feefa10000 - 0x000007feefa87000 	C:\Xilinx\SDK\2016.2\lib\win64.o\libboost_program_options.dll
0x000007fec4430000 - 0x000007fec4536000 	C:\Xilinx\SDK\2016.2\lib\win64.o\libboost_regex.dll
0x000007fef08a0000 - 0x000007fef08b3000 	C:\Xilinx\SDK\2016.2\lib\win64.o\libboost_signals.dll
0x000007fef0840000 - 0x000007fef085d000 	C:\Xilinx\SDK\2016.2\lib\win64.o\libboost_thread.dll
0x000007fef8760000 - 0x000007fef876b000 	C:\Xilinx\SDK\2016.2\lib\win64.o\libboost_chrono.dll
0x000007fefa2d0000 - 0x000007fefa2db000 	C:\Xilinx\SDK\2016.2\lib\win64.o\libboost_xilinx.dll
0x000007fef0780000 - 0x000007fef0800000 	C:\Xilinx\SDK\2016.2\lib\win64.o\libhdlpsolve.dll
0x000007fec4390000 - 0x000007fec442a000 	C:\Xilinx\SDK\2016.2\lib\win64.o\libhdxml.dll
0x000007fec3d40000 - 0x000007fec41a5e00 	C:\Xilinx\SDK\2016.2\lib\win64.o\libisl_iostreams.dll
0x000007fef0820000 - 0x000007fef0836000 	C:\Xilinx\SDK\2016.2\lib\win64.o\libboost_iostreams.dll
0x000007fef0140000 - 0x000007fef0163000 	C:\Xilinx\SDK\2016.2\lib\win64.o\librdizlib.dll
0x000007feeb020000 - 0x000007feeb043000 	C:\Xilinx\SDK\2016.2\lib\win64.o\libisl_iosutils.dll
0x000007fef02b0000 - 0x000007fef02c5000 	C:\Xilinx\SDK\2016.2\lib\win64.o\pthreadVC2.dll
0x000007feeadc0000 - 0x000007feeae14000 	C:\Xilinx\SDK\2016.2\lib\win64.o\librdi_commonxillic.dll
0x000007fec4260000 - 0x000007fec4390000 	C:\Xilinx\SDK\2016.2\lib\win64.o\librdi_curl.dll
0x000007feef4d0000 - 0x000007feef4e8000 	C:\Xilinx\SDK\2016.2\lib\win64.o\librdiconfig.dll
0x00000000620f0000 - 0x0000000062217000 	C:\Xilinx\SDK\2016.2\lib\win64.o\tcl85t.dll
0x0000000026470000 - 0x00000000266d3000 	C:\Xilinx\SDK\2016.2\lib\win64.o\xerces-c_3_1.dll
0x000007fefe270000 - 0x000007fefe3f6000 	C:\Windows\system32\urlmon.dll
0x000007fefd590000 - 0x000007fefd594000 	C:\Windows\system32\api-ms-win-downlevel-ole32-l1-1-0.dll
0x000007fef0420000 - 0x000007fef0443000 	C:\Windows\system32\VCOMP110.DLL
0x000007fec3b40000 - 0x000007fec3d32000 	C:\Xilinx\SDK\2016.2\lib\win64.o\librdi_hsm.dll
0x000007fec4a40000 - 0x000007fec4a83000 	C:\Xilinx\SDK\2016.2\lib\win64.o\librdi_hdf.dll
0x000007fec38b0000 - 0x000007fec3b31000 	C:\Xilinx\SDK\2016.2\lib\win64.o\librdi_ippcw.dll
0x000007fef0280000 - 0x000007fef0296000 	C:\Xilinx\SDK\2016.2\eclipse\win64.o\plugins\org.eclipse.cdt.core.win32.x86_64_5.4.0.201509131935\os\win32\x86_64\spawner.dll
0x000007fef4c10000 - 0x000007fef4c1a000 	C:\Xilinx\SDK\2016.2\lib\win64.o\librdi_jtag_settings.dll
0x000007feead90000 - 0x000007feeadb9000 	C:\Xilinx\SDK\2016.2\lib\win64.o\librdi_debug_dialog.dll
0x000007fef3dd0000 - 0x000007fef3dd8000 	C:\Xilinx\SDK\2016.2\lib\win64.o\librdi_target_manager.dll
0x0000000071080000 - 0x00000000710a6000 	C:\Xilinx\SDK\2016.2\eclipse\win64.o\plugins\gnu.io.rxtx.win32.x86_64_2.1.7.3_v20071015\os\win32\x86_64\rxtxSerial.dll
0x0000000071100000 - 0x0000000071125000 	C:\Users\milwidya\.jssc\windows\jSSC-2.8_x86_64.dll
0x000007fef35c0000 - 0x000007fef3dd0000 	C:\Xilinx\SDK\2016.2\lib\win64.o\libXil_lmgr11FNP.dll

VM Arguments:
jvm_args: -Dcom.xilinx.sdk.args.hwspec=W:/temp532/project_1/project_1.sdk/design_1_wrapper.hdf -Xms64m -Xmx512m & 
java_command: <unknown>
java_class_path (initial): C:\Xilinx\SDK\2016.2\eclipse\win64.o\\plugins/org.eclipse.equinox.launcher_1.3.100.v20150511-1540.jar
Launcher Type: generic

Environment Variables:
PATH=C:/Xilinx/SDK/2016.2/tps/win64/jre/bin/server;C:/Xilinx/SDK/2016.2/tps/win64/jre/bin;C:/Xilinx/SDK/2016.2/tps/win64/jre/lib/amd64;C:\Xilinx\SDK\2016.2\gnuwin\bin;C:\Xilinx\SDK\2016.2\gnu\microblaze\nt\bin;C:\Xilinx\SDK\2016.2\gnu\microblaze\linux_toolchain\nt64_le\bin;C:\Xilinx\SDK\2016.2\gnu\microblaze\linux_toolchain\nt64_be\bin;C:\Xilinx\SDK\2016.2\gnu\arm\nt\bin;C:\Xilinx\SDK\2016.2\gnu\aarch64\nt\aarch64-none\bin;C:\Xilinx\SDK\2016.2\gnu\aarch64\nt\aarch64-linux\bin;C:\Xilinx\SDK\2016.2\gnu\armr5\nt\gcc-arm-none-eabi\bin;C:\Xilinx\SDK\2016.2\gnu\aarch32\nt\gcc-arm-none-eabi\bin;C:\Xilinx\SDK\2016.2\gnu\aarch32\nt\gcc-arm-linux-gnueabi\bin;C:\Xilinx\SDK\2016.2\tps\win64\cmake-3.3.2\bin;;C:\Xilinx\SDK\2016.2\bin;C:\Xilinx\SDK\2016.2\lib\win64.o;C:\Xilinx\SDK\2016.2\tps\win64\jre\bin\server;C:\Xilinx\SDK\2016.2\tps\win64\jre\bin;C:\Xilinx\Vivado\2016.2\ids_lite\ISE\bin\nt64;C:\Xilinx\Vivado\2016.2\ids_lite\ISE\lib\nt64;C:\Xilinx\Vivado\2016.2\bin;C:\Xilinx\Vivado\2016.2\lib\win64.o;C:\Xilinx\Vivado\2016.2\tps\win64\jre\bin\server;C:\Xilinx\Vivado\2016.2\tps\win64\jre\bin;C:\Xilinx\Vivado_HLS\2016.2\bin;C:\Windows\system32;C:\Windows;C:\Windows\System32\Wbem;C:\Windows\System32\WindowsPowerShell\v1.0\;C:\Program Files (x86)\Java\jre6\bin;C:\Program Files (x86)\eclipse;C:\altera\16.0\quartus\bin64;c:\altera\16.0\quartus\bin64\jre64\bin;w:\temp532\project_1;
USERNAME=milwidya
OS=Windows_NT
PROCESSOR_IDENTIFIER=Intel64 Family 6 Model 60 Stepping 3, GenuineIntel



---------------  S Y S T E M  ---------------

OS: Windows 7 , 64 bit Build 7601 (6.1.7601.23418)

CPU:total 8 (4 cores per cpu, 2 threads per core) family 6 model 60 stepping 3, cmov, cx8, fxsr, mmx, sse, sse2, sse3, ssse3, sse4.1, sse4.2, popcnt, avx, avx2, aes, clmul, erms, lzcnt, ht, tsc, tscinvbit, bmi1, bmi2

Memory: 4k page, physical 16683160k(9390936k free), swap 33364460k(25468848k free)

vm_info: Java HotSpot(TM) 64-Bit Server VM (25.66-b18) for windows-amd64 JRE (1.8.0_66-b18), built on Nov  9 2015 10:51:13 by "java_re" with MS VC++ 10.0 (VS2010)

time: Thu Mar 30 16:12:45 2017
elapsed time: 396 seconds (0d 0h 6m 36s)

