#
# A fatal error has been detected by the Java Runtime Environment:
#
#  EXCEPTION_UNCAUGHT_CXX_EXCEPTION (0xe06d7363) at pc=0x000007fefd11a06d, pid=8376, tid=12024
#
# JRE version: Java(TM) SE Runtime Environment (8.0_66-b18) (build 1.8.0_66-b18)
# Java VM: Java HotSpot(TM) 64-Bit Server VM (25.66-b18 mixed mode windows-amd64 compressed oops)
# Problematic frame:
# C  [KERNELBASE.dll+0x1a06d]
#
# Failed to write core dump. Minidumps are not enabled by default on client versions of Windows
#
# If you would like to submit a bug report, please visit:
#   http://bugreport.java.com/bugreport/crash.jsp
#

---------------  T H R E A D  ---------------

Current thread (0x0000000005323000):  VMThread [stack: 0x00000000073f0000,0x00000000074f0000] [id=12024]

siginfo: ExceptionCode=0xe06d7363, ExceptionInformation=0x0000000019930520 0x00000000074ef6c8 0x000007fef7c22cb8 0x000007fef7b70000 

Registers:
RAX=0x0000000076b874ce, RBX=0x000007fef7c22cb8, RCX=0x00000000074eef10, RDX=0x00000000000000d0
RSP=0x00000000074ef520, RBP=0x00000000074ef650, RSI=0x00000000ffffffff, RDI=0x0000000026194ac0
R8 =0x0000000000000000, R9 =0x0000000000000000, R10=0x000007fef7b70000, R11=0x00000000074ef560
R12=0x0000000000000001, R13=0x0000000000000008, R14=0x0000000000000000, R15=0xffffffffffffffff
RIP=0x000007fefd11a06d, EFLAGS=0x0000000000000202

Top of Stack: (sp=0x00000000074ef520)
0x00000000074ef520:   000007fef7c22cb8 00000000ffffffff
0x00000000074ef530:   0000000026194ac0 00000000006f89f0
0x00000000074ef540:   00000001e06d7363 0000000000000000
0x00000000074ef550:   000007fefd11a06d 000007fe00000004
0x00000000074ef560:   0000000019930520 00000000074ef6c8
0x00000000074ef570:   000007fef7c22cb8 000007fef7b70000
0x00000000074ef580:   0000000000000000 00000000074ef608
0x00000000074ef590:   0000000000000028 0000000026194ab0
0x00000000074ef5a0:   0000000008b1b030 0000000000000000
0x00000000074ef5b0:   000007fffffa8000 000000007716f4e3
0x00000000074ef5c0:   0000000000000000 0000000000000008
0x00000000074ef5d0:   0000000000000001 0000000026194ac0
0x00000000074ef5e0:   00000000ffffffff 000007fef7bce92c
0x00000000074ef5f0:   000007fef7c22cb8 00000000074ef660
0x00000000074ef600:   0000000000000001 000007fef7b700f8
0x00000000074ef610:   00000001e06d7363 0000000000000000 

Instructions: (pc=0x000007fefd11a06d)
0x000007fefd11a04d:   54 24 24 48 89 4c 24 28 4d 85 c9 0f 85 6a 03 00
0x000007fefd11a05d:   00 89 4c 24 38 48 8d 4c 24 20 ff 15 33 02 03 00
0x000007fefd11a06d:   48 81 c4 c8 00 00 00 c3 90 90 90 90 90 90 90 90
0x000007fefd11a07d:   90 90 90 48 83 ec 28 65 48 8b 04 25 30 00 00 00 


Register to memory mapping:

RAX=0x0000000076b874ce is an unknown value
RBX=0x000007fef7c22cb8 is an unknown value
RCX=0x00000000074eef10 is an unknown value
RDX=0x00000000000000d0 is an unknown value
RSP=0x00000000074ef520 is an unknown value
RBP=0x00000000074ef650 is an unknown value
RSI=0x00000000ffffffff is an unallocated location in the heap
RDI=0x0000000026194ac0 is an unknown value
R8 =0x0000000000000000 is an unknown value
R9 =0x0000000000000000 is an unknown value
R10=0x000007fef7b70000 is an unknown value
R11=0x00000000074ef560 is an unknown value
R12=0x0000000000000001 is an unknown value
R13=0x0000000000000008 is an unknown value
R14=0x0000000000000000 is an unknown value
R15=0xffffffffffffffff is an unknown value


Stack: [0x00000000073f0000,0x00000000074f0000],  sp=0x00000000074ef520,  free space=1021k
Native frames: (J=compiled Java code, j=interpreted, Vv=VM code, C=native code)
C  [KERNELBASE.dll+0x1a06d]
C  [MSVCR110.dll+0x5e92c]
C  [MSVCR110.dll+0x1315c]
C  [MSVCR110.dll+0x136a9]
C  [MSVCR110.dll+0x13e9c]
C  [MSVCR110.dll+0x239e]
C  [MSVCR110.dll+0xaf9e]
C  [MSVCP110.dll+0x397b9]
C  [librdi_common.dll+0x182316]
C  [librdi_common.dll+0x180fab]
C  0x000007fef66b2400
C  0x000007fef66b2682
C  [ntdll.dll+0x22ac1]
C  [ntdll.dll+0x228d0]
C  [MSVCR100.dll+0x20ccd]
V  [jvm.dll+0x210cc5]
V  [jvm.dll+0x249897]
V  [jvm.dll+0x248b36]
V  [jvm.dll+0x248fd1]
V  [jvm.dll+0x2491ee]
V  [jvm.dll+0x29a0fa]
C  [MSVCR100.dll+0x21d9f]
C  [MSVCR100.dll+0x21e3b]
C  [kernel32.dll+0x159cd]
C  [ntdll.dll+0x2a561]

VM_Operation (0x000000000012f4c0): Exit, mode: safepoint, requested by thread 0x0000000002b6e800


---------------  P R O C E S S  ---------------

Java Threads: ( => current thread )
  0x000000000c057800 JavaThread "Spawner Reaper" daemon [_thread_in_native, id=10032, stack(0x000000001f910000,0x000000001fa10000)]
  0x000000001eccf000 JavaThread "pool-2-thread-9" [_thread_blocked, id=11016, stack(0x000000002b930000,0x000000002ba30000)]
  0x000000001f599800 JavaThread "pool-2-thread-8" [_thread_blocked, id=6672, stack(0x000000002b430000,0x000000002b530000)]
  0x000000001ecd0000 JavaThread "pool-2-thread-7" [_thread_blocked, id=1740, stack(0x000000002a930000,0x000000002aa30000)]
  0x000000001f598000 JavaThread "pool-2-thread-6" [_thread_blocked, id=12500, stack(0x0000000027b00000,0x0000000027c00000)]
  0x000000001ecd2000 JavaThread "pool-2-thread-5" [_thread_blocked, id=13040, stack(0x000000002ac30000,0x000000002ad30000)]
  0x000000001ecdb000 JavaThread "pool-2-thread-4" [_thread_blocked, id=13852, stack(0x0000000027e70000,0x0000000027f70000)]
  0x000000000c059800 JavaThread "pool-2-thread-3" [_thread_blocked, id=12988, stack(0x000000002b330000,0x000000002b430000)]
  0x000000000c05c800 JavaThread "pool-2-thread-2" [_thread_blocked, id=13212, stack(0x000000002b230000,0x000000002b330000)]
  0x000000000d4da800 JavaThread "pool-2-thread-1" [_thread_blocked, id=12228, stack(0x000000002ad30000,0x000000002ae30000)]
  0x000000000b93d800 JavaThread "Thread-85" daemon [_thread_blocked, id=8864, stack(0x000000002ab30000,0x000000002ac30000)]
  0x000000001ecd6000 JavaThread "TCF Channel Transmitter" daemon [_thread_blocked, id=13332, stack(0x0000000026480000,0x0000000026580000)]
  0x000000001ecd6800 JavaThread "TCF Channel Receiver" daemon [_thread_in_native, id=14164, stack(0x0000000026380000,0x0000000026480000)]
  0x000000001ecd5000 JavaThread "Process monitor" daemon [_thread_in_native, id=13744, stack(0x0000000028270000,0x0000000028370000)]
  0x000000001ecd4800 JavaThread "Input Stream Monitor" daemon [_thread_blocked, id=7840, stack(0x0000000028170000,0x0000000028270000)]
  0x000000001ecd3800 JavaThread "Output Stream Monitor" daemon [_thread_in_native, id=13260, stack(0x0000000028070000,0x0000000028170000)]
  0x000000001ecd3000 JavaThread "Output Stream Monitor" daemon [_thread_in_native, id=8860, stack(0x0000000027f70000,0x0000000028070000)]
  0x0000000008199000 JavaThread "TCF Locator DNS Lookup" daemon [_thread_blocked, id=9056, stack(0x000000000ec20000,0x000000000ed20000)]
  0x0000000008198000 JavaThread "TCF Locator Timer" daemon [_thread_blocked, id=13152, stack(0x000000000eb20000,0x000000000ec20000)]
  0x0000000008197800 JavaThread "TCF Locator Receiver" daemon [_thread_in_native, id=14084, stack(0x000000000ea20000,0x000000000eb20000)]
  0x0000000008196000 JavaThread "TCF Timer Dispatcher" daemon [_thread_blocked, id=1936, stack(0x000000000e820000,0x000000000e920000)]
  0x0000000008192000 JavaThread "EMF Reference Cleaner" daemon [_thread_blocked, id=5768, stack(0x000000000ab30000,0x000000000ac30000)]
  0x00000000065a7800 JavaThread "Service Thread" daemon [_thread_blocked, id=8332, stack(0x0000000007db0000,0x0000000007eb0000)]
  0x0000000006541000 JavaThread "C1 CompilerThread3" daemon [_thread_blocked, id=3220, stack(0x0000000007cb0000,0x0000000007db0000)]
  0x00000000064f7000 JavaThread "C2 CompilerThread2" daemon [_thread_blocked, id=11776, stack(0x0000000007bb0000,0x0000000007cb0000)]
  0x00000000064f2000 JavaThread "C2 CompilerThread1" daemon [_thread_blocked, id=9980, stack(0x0000000007ab0000,0x0000000007bb0000)]
  0x00000000064ee000 JavaThread "C2 CompilerThread0" daemon [_thread_blocked, id=13884, stack(0x00000000079b0000,0x0000000007ab0000)]
  0x00000000064fd800 JavaThread "Attach Listener" daemon [_thread_blocked, id=4568, stack(0x00000000078b0000,0x00000000079b0000)]
  0x00000000064fc800 JavaThread "Signal Dispatcher" daemon [_thread_blocked, id=5556, stack(0x00000000077b0000,0x00000000078b0000)]
  0x000000000532f000 JavaThread "Finalizer" daemon [_thread_blocked, id=11520, stack(0x00000000075f0000,0x00000000076f0000)]
  0x0000000005328000 JavaThread "Reference Handler" daemon [_thread_blocked, id=5884, stack(0x00000000074f0000,0x00000000075f0000)]
  0x0000000002b6e800 JavaThread "main" [_thread_blocked, id=5784, stack(0x0000000000030000,0x0000000000130000)]

Other Threads:
=>0x0000000005323000 VMThread [stack: 0x00000000073f0000,0x00000000074f0000] [id=12024]

VM state:at safepoint (shutting down)

VM Mutex/Monitor currently owned by a thread:  ([mutex/lock_event])
[0x00000000029f8900] Threads_lock - owner thread: 0x0000000005323000

Heap:
 PSYoungGen      total 113152K, used 40331K [0x00000000f5580000, 0x00000000fd600000, 0x0000000100000000)
  eden space 95232K, 42% used [0x00000000f5580000,0x00000000f7ce2cf8,0x00000000fb280000)
  from space 17920K, 0% used [0x00000000fb280000,0x00000000fb280000,0x00000000fc400000)
  to   space 17920K, 0% used [0x00000000fc480000,0x00000000fc480000,0x00000000fd600000)
 ParOldGen       total 154624K, used 65051K [0x00000000e0000000, 0x00000000e9700000, 0x00000000f5580000)
  object space 154624K, 42% used [0x00000000e0000000,0x00000000e3f86cd0,0x00000000e9700000)
 Metaspace       used 98924K, capacity 106568K, committed 106904K, reserved 1142784K
  class space    used 11516K, capacity 14139K, committed 14240K, reserved 1048576K

Card table byte_map: [0x0000000002f30000,0x0000000003040000] byte_map_base: 0x0000000002830000

Marking Bits: (ParMarkBitMap*) 0x000000006feba5b0
 Begin Bits: [0x0000000003840000, 0x0000000004040000)
 End Bits:   [0x0000000004040000, 0x0000000004840000)

Polling page: 0x0000000000260000

CodeCache: size=245760Kb used=62952Kb max_used=62960Kb free=182807Kb
 bounds [0x000000000f010000, 0x0000000012e00000, 0x000000001e010000]
 total_blobs=16962 nmethods=16046 adapters=822
 compilation: enabled

Compilation events (10 events):
Event: 2908.352 Thread 0x0000000006541000 nmethod 20859 0x0000000012de02d0 code [0x0000000012de0420, 0x0000000012de0570]
Event: 2908.354 Thread 0x0000000006541000 20860  s!   3       org.eclipse.osgi.storage.bundlefile.ZipBundleFile::close (64 bytes)
Event: 2908.355 Thread 0x0000000006541000 nmethod 20860 0x00000000105f2450 code [0x00000000105f2620, 0x00000000105f2fb8]
Event: 2908.357 Thread 0x0000000006541000 20862       3       java.util.WeakHashMap::isEmpty (13 bytes)
Event: 2908.358 Thread 0x0000000006541000 nmethod 20862 0x0000000012dd4b10 code [0x0000000012dd4c80, 0x0000000012dd4fa8]
Event: 2908.360 Thread 0x0000000006541000 20863       3       org.eclipse.osgi.storage.bundlefile.MRUBundleFileList::removeInternal (37 bytes)
Event: 2908.361 Thread 0x0000000006541000 nmethod 20863 0x00000000105f1c90 code [0x00000000105f1e00, 0x00000000105f2270]
Event: 2908.364 Thread 0x0000000006541000 20866       3       org.eclipse.osgi.container.Module::holdsTransitionEventLock (25 bytes)
Event: 2908.364 Thread 0x0000000006541000 nmethod 20866 0x00000000105f1210 code [0x00000000105f13a0, 0x00000000105f1ac8]
Event: 2908.364 Thread 0x0000000006541000 20874       3       org.eclipse.osgi.internal.framework.EquinoxContainerAdaptor::clearManifestCache (84 bytes)

GC Heap History (10 events):
Event: 2751.278 GC heap before
{Heap before GC invocations=70 (full 15):
 PSYoungGen      total 112640K, used 480K [0x00000000f5580000, 0x00000000fd500000, 0x0000000100000000)
  eden space 95744K, 0% used [0x00000000f5580000,0x00000000f5580000,0x00000000fb300000)
  from space 16896K, 2% used [0x00000000fb300000,0x00000000fb378000,0x00000000fc380000)
  to   space 17408K, 0% used [0x00000000fc400000,0x00000000fc400000,0x00000000fd500000)
 ParOldGen       total 154624K, used 65443K [0x00000000e0000000, 0x00000000e9700000, 0x00000000f5580000)
  object space 154624K, 42% used [0x00000000e0000000,0x00000000e3fe8f68,0x00000000e9700000)
 Metaspace       used 97972K, capacity 105454K, committed 105624K, reserved 1140736K
  class space    used 11405K, capacity 13944K, committed 13984K, reserved 1048576K
Event: 2751.528 GC heap after
Heap after GC invocations=70 (full 15):
 PSYoungGen      total 112640K, used 0K [0x00000000f5580000, 0x00000000fd500000, 0x0000000100000000)
  eden space 95744K, 0% used [0x00000000f5580000,0x00000000f5580000,0x00000000fb300000)
  from space 16896K, 0% used [0x00000000fb300000,0x00000000fb300000,0x00000000fc380000)
  to   space 17408K, 0% used [0x00000000fc400000,0x00000000fc400000,0x00000000fd500000)
 ParOldGen       total 154624K, used 65202K [0x00000000e0000000, 0x00000000e9700000, 0x00000000f5580000)
  object space 154624K, 42% used [0x00000000e0000000,0x00000000e3fac900,0x00000000e9700000)
 Metaspace       used 97972K, capacity 105454K, committed 105624K, reserved 1140736K
  class space    used 11405K, capacity 13944K, committed 13984K, reserved 1048576K
}
Event: 2811.284 GC heap before
{Heap before GC invocations=71 (full 15):
 PSYoungGen      total 112640K, used 2636K [0x00000000f5580000, 0x00000000fd500000, 0x0000000100000000)
  eden space 95744K, 2% used [0x00000000f5580000,0x00000000f58133b0,0x00000000fb300000)
  from space 16896K, 0% used [0x00000000fb300000,0x00000000fb300000,0x00000000fc380000)
  to   space 17408K, 0% used [0x00000000fc400000,0x00000000fc400000,0x00000000fd500000)
 ParOldGen       total 154624K, used 65202K [0x00000000e0000000, 0x00000000e9700000, 0x00000000f5580000)
  object space 154624K, 42% used [0x00000000e0000000,0x00000000e3fac900,0x00000000e9700000)
 Metaspace       used 97973K, capacity 105454K, committed 105624K, reserved 1140736K
  class space    used 11405K, capacity 13944K, committed 13984K, reserved 1048576K
Event: 2811.287 GC heap after
Heap after GC invocations=71 (full 15):
 PSYoungGen      total 112640K, used 192K [0x00000000f5580000, 0x00000000fd600000, 0x0000000100000000)
  eden space 95232K, 0% used [0x00000000f5580000,0x00000000f5580000,0x00000000fb280000)
  from space 17408K, 1% used [0x00000000fc400000,0x00000000fc430000,0x00000000fd500000)
  to   space 17920K, 0% used [0x00000000fb280000,0x00000000fb280000,0x00000000fc400000)
 ParOldGen       total 154624K, used 65202K [0x00000000e0000000, 0x00000000e9700000, 0x00000000f5580000)
  object space 154624K, 42% used [0x00000000e0000000,0x00000000e3fac900,0x00000000e9700000)
 Metaspace       used 97973K, capacity 105454K, committed 105624K, reserved 1140736K
  class space    used 11405K, capacity 13944K, committed 13984K, reserved 1048576K
}
Event: 2811.287 GC heap before
{Heap before GC invocations=72 (full 16):
 PSYoungGen      total 112640K, used 192K [0x00000000f5580000, 0x00000000fd600000, 0x0000000100000000)
  eden space 95232K, 0% used [0x00000000f5580000,0x00000000f5580000,0x00000000fb280000)
  from space 17408K, 1% used [0x00000000fc400000,0x00000000fc430000,0x00000000fd500000)
  to   space 17920K, 0% used [0x00000000fb280000,0x00000000fb280000,0x00000000fc400000)
 ParOldGen       total 154624K, used 65202K [0x00000000e0000000, 0x00000000e9700000, 0x00000000f5580000)
  object space 154624K, 42% used [0x00000000e0000000,0x00000000e3fac900,0x00000000e9700000)
 Metaspace       used 97973K, capacity 105454K, committed 105624K, reserved 1140736K
  class space    used 11405K, capacity 13944K, committed 13984K, reserved 1048576K
Event: 2811.409 GC heap after
Heap after GC invocations=72 (full 16):
 PSYoungGen      total 112640K, used 0K [0x00000000f5580000, 0x00000000fd600000, 0x0000000100000000)
  eden space 95232K, 0% used [0x00000000f5580000,0x00000000f5580000,0x00000000fb280000)
  from space 17408K, 0% used [0x00000000fc400000,0x00000000fc400000,0x00000000fd500000)
  to   space 17920K, 0% used [0x00000000fb280000,0x00000000fb280000,0x00000000fc400000)
 ParOldGen       total 154624K, used 65055K [0x00000000e0000000, 0x00000000e9700000, 0x00000000f5580000)
  object space 154624K, 42% used [0x00000000e0000000,0x00000000e3f87d88,0x00000000e9700000)
 Metaspace       used 97973K, capacity 105454K, committed 105624K, reserved 1140736K
  class space    used 11405K, capacity 13944K, committed 13984K, reserved 1048576K
}
Event: 2871.295 GC heap before
{Heap before GC invocations=73 (full 16):
 PSYoungGen      total 112640K, used 2599K [0x00000000f5580000, 0x00000000fd600000, 0x0000000100000000)
  eden space 95232K, 2% used [0x00000000f5580000,0x00000000f5809df8,0x00000000fb280000)
  from space 17408K, 0% used [0x00000000fc400000,0x00000000fc400000,0x00000000fd500000)
  to   space 17920K, 0% used [0x00000000fb280000,0x00000000fb280000,0x00000000fc400000)
 ParOldGen       total 154624K, used 65055K [0x00000000e0000000, 0x00000000e9700000, 0x00000000f5580000)
  object space 154624K, 42% used [0x00000000e0000000,0x00000000e3f87d88,0x00000000e9700000)
 Metaspace       used 97973K, capacity 105454K, committed 105624K, reserved 1140736K
  class space    used 11405K, capacity 13944K, committed 13984K, reserved 1048576K
Event: 2871.298 GC heap after
Heap after GC invocations=73 (full 16):
 PSYoungGen      total 113152K, used 128K [0x00000000f5580000, 0x00000000fd600000, 0x0000000100000000)
  eden space 95232K, 0% used [0x00000000f5580000,0x00000000f5580000,0x00000000fb280000)
  from space 17920K, 0% used [0x00000000fb280000,0x00000000fb2a0000,0x00000000fc400000)
  to   space 17920K, 0% used [0x00000000fc480000,0x00000000fc480000,0x00000000fd600000)
 ParOldGen       total 154624K, used 65055K [0x00000000e0000000, 0x00000000e9700000, 0x00000000f5580000)
  object space 154624K, 42% used [0x00000000e0000000,0x00000000e3f87d88,0x00000000e9700000)
 Metaspace       used 97973K, capacity 105454K, committed 105624K, reserved 1140736K
  class space    used 11405K, capacity 13944K, committed 13984K, reserved 1048576K
}
Event: 2871.298 GC heap before
{Heap before GC invocations=74 (full 17):
 PSYoungGen      total 113152K, used 128K [0x00000000f5580000, 0x00000000fd600000, 0x0000000100000000)
  eden space 95232K, 0% used [0x00000000f5580000,0x00000000f5580000,0x00000000fb280000)
  from space 17920K, 0% used [0x00000000fb280000,0x00000000fb2a0000,0x00000000fc400000)
  to   space 17920K, 0% used [0x00000000fc480000,0x00000000fc480000,0x00000000fd600000)
 ParOldGen       total 154624K, used 65055K [0x00000000e0000000, 0x00000000e9700000, 0x00000000f5580000)
  object space 154624K, 42% used [0x00000000e0000000,0x00000000e3f87d88,0x00000000e9700000)
 Metaspace       used 97973K, capacity 105454K, committed 105624K, reserved 1140736K
  class space    used 11405K, capacity 13944K, committed 13984K, reserved 1048576K
Event: 2871.425 GC heap after
Heap after GC invocations=74 (full 17):
 PSYoungGen      total 113152K, used 0K [0x00000000f5580000, 0x00000000fd600000, 0x0000000100000000)
  eden space 95232K, 0% used [0x00000000f5580000,0x00000000f5580000,0x00000000fb280000)
  from space 17920K, 0% used [0x00000000fb280000,0x00000000fb280000,0x00000000fc400000)
  to   space 17920K, 0% used [0x00000000fc480000,0x00000000fc480000,0x00000000fd600000)
 ParOldGen       total 154624K, used 65051K [0x00000000e0000000, 0x00000000e9700000, 0x00000000f5580000)
  object space 154624K, 42% used [0x00000000e0000000,0x00000000e3f86cd0,0x00000000e9700000)
 Metaspace       used 97973K, capacity 105454K, committed 105624K, reserved 1140736K
  class space    used 11405K, capacity 13944K, committed 13984K, reserved 1048576K
}

Deoptimization events (10 events):
Event: 2907.726 Thread 0x000000001ecd8000 Uncommon trap: reason=unstable_if action=reinterpret pc=0x0000000010e4d064 method=org.eclipse.swt.graphics.Resource.dispose()V @ 15
Event: 2908.258 Thread 0x000000001ecd8000 Uncommon trap: reason=unstable_if action=reinterpret pc=0x000000000f771a00 method=org.eclipse.swt.widgets.Display.getSystemFont()Lorg/eclipse/swt/graphics/Font; @ 8
Event: 2908.263 Thread 0x000000001ecd8000 Uncommon trap: reason=unstable_if action=reinterpret pc=0x000000000fe2b1d8 method=org.eclipse.osgi.internal.hooks.EclipseLazyStarter.shouldActivateFor(Ljava/lang/String;Lorg/eclipse/osgi/container/Module;Lorg/eclipse/osgi/container/ModuleRevision;Lorg/ecli
Event: 2908.263 Thread 0x000000001ecd8000 Uncommon trap: reason=class_check action=maybe_recompile pc=0x00000000125c4bac method=org.eclipse.swt.widgets.Display.asyncExec(Ljava/lang/Runnable;)V @ 23
Event: 2908.263 Thread 0x000000001ecd8000 Uncommon trap: reason=class_check action=maybe_recompile pc=0x00000000125c4bac method=org.eclipse.swt.widgets.Display.asyncExec(Ljava/lang/Runnable;)V @ 23
Event: 2908.289 Thread 0x000000001ecd8000 Uncommon trap: reason=unstable_if action=reinterpret pc=0x0000000010e77d48 method=org.eclipse.core.internal.dtree.AbstractDataTreeNode.assembleWith([Lorg/eclipse/core/internal/dtree/AbstractDataTreeNode;[Lorg/eclipse/core/internal/dtree/AbstractDataTreeNodXê3:§∏¶@
Event: 2908.321 Thread 0x000000001f598800 Uncommon trap: reason=unstable_if action=reinterpret pc=0x000000001276e5c0 method=org.eclipse.core.internal.jobs.WorkerPool.startJob(Lorg/eclipse/core/internal/jobs/Worker;)Lorg/eclipse/core/internal/jobs/InternalJob; @ 177
Event: 2908.321 Thread 0x000000001f59d000 Uncommon trap: reason=unstable_if action=reinterpret pc=0x000000001276e5c0 method=org.eclipse.core.internal.jobs.WorkerPool.startJob(Lorg/eclipse/core/internal/jobs/Worker;)Lorg/eclipse/core/internal/jobs/InternalJob; @ 177
Event: 2908.321 Thread 0x000000002384c000 Uncommon trap: reason=unstable_if action=reinterpret pc=0x000000001276e5c0 method=org.eclipse.core.internal.jobs.WorkerPool.startJob(Lorg/eclipse/core/internal/jobs/Worker;)Lorg/eclipse/core/internal/jobs/InternalJob; @ 177
Event: 2908.350 Thread 0x000000001ecd8000 Uncommon trap: reason=unstable_if action=reinterpret pc=0x0000000011b308c8 method=sun.reflect.UnsafeStaticObjectFieldAccessorImpl.set(Ljava/lang/Object;Ljava/lang/Object;)V @ 13

Internal exceptions (10 events):
Event: 2907.222 Thread 0x0000000002b6e800 Implicit null exception at 0x000000000fbd9793 to 0x000000000fbd9b8d
Event: 2907.416 Thread 0x0000000002b6e800 Implicit null exception at 0x0000000011fd0dc7 to 0x0000000011fd3045
Event: 2907.644 Thread 0x0000000002b6e800 Implicit null exception at 0x000000000f655e72 to 0x000000000f658dc9
Event: 2907.707 Thread 0x000000000b93a800 Exception <a 'java/lang/InterruptedException'> (0x00000000f76f7e70) thrown at [C:\re\workspace\8-2-build-windows-amd64-cygwin\jdk8u66\5298\hotspot\src\share\vm\runtime\objectMonitor.cpp, line 1683]
Event: 2908.320 Thread 0x0000000008190000 Exception <a 'java/lang/InterruptedException'> (0x00000000f7282318) thrown at [C:\re\workspace\8-2-build-windows-amd64-cygwin\jdk8u66\5298\hotspot\src\share\vm\runtime\objectMonitor.cpp, line 1683]
Event: 2908.350 Thread 0x000000001ecd8000 Implicit null exception at 0x0000000011b304d7 to 0x0000000011b308b5
Event: 2908.351 Thread 0x000000000818e800 Exception <a 'java/lang/InterruptedException'> (0x00000000f7a64038) thrown at [C:\re\workspace\8-2-build-windows-amd64-cygwin\jdk8u66\5298\hotspot\src\share\vm\runtime\objectMonitor.cpp, line 1683]
Event: 2908.360 Thread 0x0000000008193800 Exception <a 'java/lang/InterruptedException'> (0x00000000f6fde150) thrown at [C:\re\workspace\8-2-build-windows-amd64-cygwin\jdk8u66\5298\hotspot\src\share\vm\runtime\objectMonitor.cpp, line 1683]
Event: 2908.361 Thread 0x000000000818f000 Exception <a 'java/lang/InterruptedException'> (0x00000000f7c63a00) thrown at [C:\re\workspace\8-2-build-windows-amd64-cygwin\jdk8u66\5298\hotspot\src\share\vm\runtime\objectMonitor.cpp, line 1683]
Event: 2908.366 Thread 0x000000001ecd8000 Exception <a 'java/io/IOException'> (0x00000000f7cc5250) thrown at [C:\re\workspace\8-2-build-windows-amd64-cygwin\jdk8u66\5298\hotspot\src\share\vm\prims\jni.cpp, line 709]

Events (10 events):
Event: 2908.365 loading class java/util/IdentityHashMap$IdentityHashMapIterator
Event: 2908.365 loading class java/util/IdentityHashMap$IdentityHashMapIterator done
Event: 2908.365 loading class java/util/IdentityHashMap$KeyIterator done
Event: 2908.365 Thread 0x000000001ecd8000 Thread added: 0x000000001ecd8000
Event: 2908.365 Executing VM operation: RevokeBias
Event: 2908.365 Executing VM operation: RevokeBias done
Event: 2908.365 Executing VM operation: RevokeBias
Event: 2908.366 Executing VM operation: RevokeBias done
Event: 2908.366 Thread 0x000000001ecd8000 Thread exited: 0x000000001ecd8000
Event: 2908.366 Executing VM operation: Exit


Dynamic libraries:
0x0000000000400000 - 0x000000000044f000 	C:\Xilinx\SDK\2016.2\eclipse\win64.o\eclipse.exe
0x0000000077120000 - 0x00000000772ca000 	C:\windows\SYSTEM32\ntdll.dll
0x0000000077000000 - 0x000000007711f000 	C:\windows\system32\kernel32.dll
0x000007fefd100000 - 0x000007fefd16a000 	C:\windows\system32\KERNELBASE.dll
0x0000000074b50000 - 0x0000000074bd9000 	C:\windows\System32\SYSFER.DLL
0x0000000076f00000 - 0x0000000076ffa000 	C:\windows\system32\USER32.dll
0x000007fefedb0000 - 0x000007fefee17000 	C:\windows\system32\GDI32.dll
0x000007fefe720000 - 0x000007fefe72e000 	C:\windows\system32\LPK.dll
0x000007fefd270000 - 0x000007fefd33a000 	C:\windows\system32\USP10.dll
0x000007feff190000 - 0x000007feff22f000 	C:\windows\system32\msvcrt.dll
0x000007fefbe40000 - 0x000007fefc034000 	C:\windows\WinSxS\amd64_microsoft.windows.common-controls_6595b64144ccf1df_6.0.7601.18837_none_fa3b1e3d17594757\COMCTL32.dll
0x000007fefe6a0000 - 0x000007fefe711000 	C:\windows\system32\SHLWAPI.dll
0x000007fefe670000 - 0x000007fefe69e000 	C:\windows\system32\IMM32.DLL
0x000007fefee20000 - 0x000007fefef29000 	C:\windows\system32\MSCTF.dll
0x000007fefcd80000 - 0x000007fefcdb1000 	C:\windows\system32\nvinitx.dll
0x000007fefef30000 - 0x000007feff00b000 	C:\windows\system32\ADVAPI32.dll
0x000007fefea20000 - 0x000007fefea3f000 	C:\windows\SYSTEM32\sechost.dll
0x000007feff300000 - 0x000007feff42d000 	C:\windows\system32\RPCRT4.dll
0x000000000f000000 - 0x000000000f006000 	C:\Program Files\NVIDIA Corporation\CoProcManager\detoured.dll
0x000007fef9750000 - 0x000007fef9782000 	C:\Program Files\NVIDIA Corporation\CoProcManager\nvd3d9wrapx.dll
0x000007fefebd0000 - 0x000007fefeda7000 	C:\windows\system32\SETUPAPI.dll
0x000007fefd080000 - 0x000007fefd0b6000 	C:\windows\system32\CFGMGR32.dll
0x000007feff0b0000 - 0x000007feff18a000 	C:\windows\system32\OLEAUT32.dll
0x000007fefe3c0000 - 0x000007fefe5c3000 	C:\windows\system32\ole32.dll
0x000007fefd1c0000 - 0x000007fefd1da000 	C:\windows\system32\DEVOBJ.dll
0x000007fef9480000 - 0x000007fef94a2000 	C:\Program Files\NVIDIA Corporation\CoProcManager\nvdxgiwrapx.dll
0x0000000072000000 - 0x0000000072012000 	C:\Xilinx\SDK\2016.2\eclipse\win64.o\plugins\org.eclipse.equinox.launcher.win32.win32.x86_64_1.1.300.v20150602-1417\eclipse_1611.dll
0x000007fefbd20000 - 0x000007fefbd2c000 	C:\windows\system32\VERSION.dll
0x000007fefb230000 - 0x000007fefb286000 	C:\windows\system32\uxtheme.dll
0x000007fee2de0000 - 0x000007fee2df0000 	C:\windows\system32\PGPhk.dll
0x000007fedaf00000 - 0x000007fedaf3f000 	C:\Program Files\ThinkPad\Bluetooth Software\btmmhook.dll
0x000007fefd360000 - 0x000007fefe0e9000 	C:\windows\system32\SHELL32.dll
0x00000000772f0000 - 0x00000000772f7000 	C:\windows\system32\PSAPI.DLL
0x000000006f6b0000 - 0x000000006ff39000 	C:\Xilinx\SDK\2016.2\tps\win64\jre\bin\server\jvm.dll
0x000007fef6f00000 - 0x000007fef6f09000 	C:\windows\system32\WSOCK32.dll
0x000007feff230000 - 0x000007feff27d000 	C:\windows\system32\WS2_32.dll
0x000007fefea10000 - 0x000007fefea18000 	C:\windows\system32\NSI.dll
0x000007fefa320000 - 0x000007fefa35b000 	C:\windows\system32\WINMM.dll
0x0000000074a60000 - 0x0000000074b32000 	C:\windows\system32\MSVCR100.dll
0x00000000623b0000 - 0x00000000623bf000 	C:\Xilinx\SDK\2016.2\tps\win64\jre\bin\verify.dll
0x00000000600a0000 - 0x00000000600c9000 	C:\Xilinx\SDK\2016.2\tps\win64\jre\bin\java.dll
0x00000000600e0000 - 0x00000000600f6000 	C:\Xilinx\SDK\2016.2\tps\win64\jre\bin\zip.dll
0x000007fefce50000 - 0x000007fefce5f000 	C:\windows\system32\profapi.dll
0x000007fefc610000 - 0x000007fefc628000 	C:\windows\system32\CRYPTSP.dll
0x000007fefc310000 - 0x000007fefc357000 	C:\windows\system32\rsaenh.dll
0x000007fefd1e0000 - 0x000007fefd1fe000 	C:\windows\system32\USERENV.dll
0x000007fefccb0000 - 0x000007fefccbf000 	C:\windows\system32\CRYPTBASE.dll
0x0000000060080000 - 0x000000006009a000 	C:\Xilinx\SDK\2016.2\tps\win64\jre\bin\net.dll
0x000007fefc5b0000 - 0x000007fefc605000 	C:\windows\system32\mswsock.dll
0x000007fefc5a0000 - 0x000007fefc5a7000 	C:\windows\System32\wship6.dll
0x000007fefa9d0000 - 0x000007fefa9f7000 	C:\windows\system32\IPHLPAPI.DLL
0x000007fefa980000 - 0x000007fefa98b000 	C:\windows\system32\WINNSI.DLL
0x000007fef9790000 - 0x000007fef97a8000 	C:\windows\system32\dhcpcsvc.DLL
0x000007fef9730000 - 0x000007fef9741000 	C:\windows\system32\dhcpcsvc6.DLL
0x0000000060060000 - 0x0000000060071000 	C:\Xilinx\SDK\2016.2\tps\win64\jre\bin\nio.dll
0x000007fefaba0000 - 0x000007fefabb5000 	C:\windows\system32\NLAapi.dll
0x000007feedfa0000 - 0x000007feedfb5000 	C:\windows\system32\napinsp.dll
0x000007feedf70000 - 0x000007feedf89000 	C:\windows\system32\pnrpnsp.dll
0x000007fefc430000 - 0x000007fefc48b000 	C:\windows\system32\DNSAPI.dll
0x000007feedf60000 - 0x000007feedf6b000 	C:\windows\System32\winrnr.dll
0x000007feedf50000 - 0x000007feedf60000 	C:\windows\system32\wshbth.dll
0x00000000003c0000 - 0x00000000003e6000 	C:\Program Files\Bonjour\mdnsNSP.dll
0x000007fefbc40000 - 0x000007fefbc47000 	C:\windows\System32\wshtcpip.dll
0x000007fef88a0000 - 0x000007fef88a8000 	C:\windows\system32\rasadhlp.dll
0x000007fef9850000 - 0x000007fef98a3000 	C:\windows\System32\fwpuclnt.dll
0x000000000b030000 - 0x000000000b0d8000 	C:\Users\IBM_ADMIN\.Xilinx\SDK\2016.2\org.eclipse.osgi\312\0\.cp\swt-win32-4527.dll
0x000007fefe5d0000 - 0x000007fefe667000 	C:\windows\system32\comdlg32.dll
0x000007fefa3c0000 - 0x000007fefa431000 	C:\windows\system32\WINSPOOL.DRV
0x000007fefe730000 - 0x000007fefea02000 	C:\windows\system32\WININET.dll
0x000007fefd170000 - 0x000007fefd174000 	C:\windows\system32\api-ms-win-downlevel-user32-l1-1-0.dll
0x0000000000570000 - 0x0000000000574000 	C:\windows\system32\api-ms-win-downlevel-shlwapi-l1-1-0.dll
0x000007fefd0d0000 - 0x000007fefd0d4000 	C:\windows\system32\api-ms-win-downlevel-version-l1-1-0.dll
0x000007fefd200000 - 0x000007fefd203000 	C:\windows\system32\api-ms-win-downlevel-normaliz-l1-1-0.dll
0x00000000772e0000 - 0x00000000772e3000 	C:\windows\system32\normaliz.DLL
0x000007fefe0f0000 - 0x000007fefe3ba000 	C:\windows\system32\iertutil.dll
0x000007fefd0e0000 - 0x000007fefd0e5000 	C:\windows\system32\api-ms-win-downlevel-advapi32-l1-1-0.dll
0x000007fefce70000 - 0x000007fefcfdd000 	C:\windows\system32\CRYPT32.dll
0x000007fefce60000 - 0x000007fefce6f000 	C:\windows\system32\MSASN1.dll
0x000007fefa940000 - 0x000007fefa958000 	C:\windows\system32\dwmapi.dll
0x000007fefb2b0000 - 0x000007fefb3dc000 	C:\windows\system32\propsys.dll
0x000007feff010000 - 0x000007feff0a9000 	C:\windows\system32\CLBCatQ.DLL
0x00000000005a0000 - 0x00000000005be000 	C:\Users\IBM_ADMIN\.Xilinx\SDK\2016.2\org.eclipse.osgi\312\0\.cp\swt-gdip-win32-4527.dll
0x000007fefb010000 - 0x000007fefb226000 	C:\windows\WinSxS\amd64_microsoft.windows.gdiplus_6595b64144ccf1df_1.1.7601.23545_none_14599ab28b920323\gdiplus.dll
0x000007fefa790000 - 0x000007fefa8f1000 	C:\windows\system32\WindowsCodecs.dll
0x0000000180000000 - 0x0000000180012000 	C:\Users\IBM_ADMIN\.Xilinx\SDK\2016.2\org.eclipse.osgi\126\0\.cp\os\win32\x86_64\localfile_1_0_0.dll
0x000007fefa360000 - 0x000007fefa3b4000 	C:\windows\system32\oleacc.dll
0x000007fefc040000 - 0x000007fefc047000 	C:\windows\system32\msimg32.dll
0x000007fefcd60000 - 0x000007fefcd74000 	C:\windows\system32\RpcRtRemote.dll
0x000007fefcc50000 - 0x000007fefcca7000 	C:\windows\system32\apphelp.dll
0x000007fef01c0000 - 0x000007fef01d1000 	C:\Users\IBM_ADMIN\.Xilinx\SDK\2016.2\org.eclipse.osgi\129\0\.cp\jWinHttp-1.0.0.dll
0x000007fef03d0000 - 0x000007fef0441000 	C:\windows\system32\WINHTTP.dll
0x000007feeb620000 - 0x000007feeb684000 	C:\windows\system32\webio.dll
0x000007fefcc20000 - 0x000007fefcc45000 	C:\windows\system32\SspiCli.dll
0x000007fefc220000 - 0x000007fefc22a000 	C:\windows\system32\credssp.dll
0x000007fef9930000 - 0x000007fef993f000 	C:\Xilinx\SDK\2016.2\lib\win64.o\librdi_repo_manager.dll
0x000007feec8a0000 - 0x000007feec8ca000 	C:\Xilinx\SDK\2016.2\lib\win64.o\libisl_sysinfo.dll
0x000007fef7b70000 - 0x000007fef7c44000 	C:\windows\system32\MSVCR110.dll
0x000007fef7ac0000 - 0x000007fef7b67000 	C:\windows\system32\MSVCP110.dll
0x000007feab480000 - 0x000007feabec0000 	C:\Xilinx\SDK\2016.2\lib\win64.o\librdi_common.dll
0x000007feb70a0000 - 0x000007feb740e000 	C:\Xilinx\SDK\2016.2\lib\win64.o\libCOIN-all.dll
0x000007febc340000 - 0x000007febc55f000 	C:\Xilinx\SDK\2016.2\lib\win64.o\libXil_lmgr11.dll
0x000007fefaf30000 - 0x000007fefaf46000 	C:\windows\system32\NETAPI32.dll
0x000007fefac70000 - 0x000007fefac7c000 	C:\windows\system32\netutils.dll
0x000007fefc860000 - 0x000007fefc883000 	C:\windows\system32\srvcli.dll
0x000007fefabe0000 - 0x000007fefabf5000 	C:\windows\system32\wkscli.dll
0x000007fefd180000 - 0x000007fefd1bb000 	C:\windows\system32\WINTRUST.dll
0x000007feeff80000 - 0x000007feeff90000 	C:\Xilinx\SDK\2016.2\lib\win64.o\libboost_date_time.dll
0x000007feec7c0000 - 0x000007feec7e4000 	C:\Xilinx\SDK\2016.2\lib\win64.o\libboost_filesystem.dll
0x000007fefb6e0000 - 0x000007fefb6e9000 	C:\Xilinx\SDK\2016.2\lib\win64.o\libboost_system.dll
0x000007fed80c0000 - 0x000007fed8137000 	C:\Xilinx\SDK\2016.2\lib\win64.o\libboost_program_options.dll
0x000007fed51b0000 - 0x000007fed52b6000 	C:\Xilinx\SDK\2016.2\lib\win64.o\libboost_regex.dll
0x000007feec7a0000 - 0x000007feec7b3000 	C:\Xilinx\SDK\2016.2\lib\win64.o\libboost_signals.dll
0x000007fee3180000 - 0x000007fee319d000 	C:\Xilinx\SDK\2016.2\lib\win64.o\libboost_thread.dll
0x000007feeff70000 - 0x000007feeff7b000 	C:\Xilinx\SDK\2016.2\lib\win64.o\libboost_chrono.dll
0x000007feedf10000 - 0x000007feedf1b000 	C:\Xilinx\SDK\2016.2\lib\win64.o\libboost_xilinx.dll
0x000007fed7380000 - 0x000007fed7400000 	C:\Xilinx\SDK\2016.2\lib\win64.o\libhdlpsolve.dll
0x000007febca70000 - 0x000007febcb0a000 	C:\Xilinx\SDK\2016.2\lib\win64.o\libhdxml.dll
0x000007feb07c0000 - 0x000007feb0c25e00 	C:\Xilinx\SDK\2016.2\lib\win64.o\libisl_iostreams.dll
0x000007fee3100000 - 0x000007fee3116000 	C:\Xilinx\SDK\2016.2\lib\win64.o\libboost_iostreams.dll
0x000007fee2270000 - 0x000007fee2293000 	C:\Xilinx\SDK\2016.2\lib\win64.o\librdizlib.dll
0x000007fee1e00000 - 0x000007fee1e23000 	C:\Xilinx\SDK\2016.2\lib\win64.o\libisl_iosutils.dll
0x000007fee2f70000 - 0x000007fee2f85000 	C:\Xilinx\SDK\2016.2\lib\win64.o\pthreadVC2.dll
0x000007fed7a70000 - 0x000007fed7ac4000 	C:\Xilinx\SDK\2016.2\lib\win64.o\librdi_commonxillic.dll
0x000007feb7a30000 - 0x000007feb7b60000 	C:\Xilinx\SDK\2016.2\lib\win64.o\librdi_curl.dll
0x000007fee2220000 - 0x000007fee2238000 	C:\Xilinx\SDK\2016.2\lib\win64.o\librdiconfig.dll
0x000000005cfc0000 - 0x000000005d0e7000 	C:\Xilinx\SDK\2016.2\lib\win64.o\tcl85t.dll
0x0000000027c00000 - 0x0000000027e63000 	C:\Xilinx\SDK\2016.2\lib\win64.o\xerces-c_3_1.dll
0x000007fefea40000 - 0x000007fefebc4000 	C:\windows\system32\urlmon.dll

VM Arguments:
jvm_args: -Dcom.xilinx.sdk.args.hwspec=C:/Users/IBM_ADMIN/Desktop/yy/project_1/project_1.sdk/design_1_wrapper.hdf -Xms64m -Xmx512m & 
java_command: <unknown>
java_class_path (initial): C:\Xilinx\SDK\2016.2\eclipse\win64.o\\plugins/org.eclipse.equinox.launcher_1.3.100.v20150511-1540.jar
Launcher Type: generic

Environment Variables:
USERNAME=gmilwid
OS=Windows_NT
PROCESSOR_IDENTIFIER=Intel64 Family 6 Model 58 Stepping 9, GenuineIntel



---------------  S Y S T E M  ---------------

OS: Windows 7 , 64 bit Build 7601 (6.1.7601.23569)

CPU:total 8 (4 cores per cpu, 2 threads per core) family 6 model 58 stepping 9, cmov, cx8, fxsr, mmx, sse, sse2, sse3, ssse3, sse4.1, sse4.2, popcnt, avx, aes, clmul, erms, ht, tsc, tscinvbit, tscinv

Memory: 4k page, physical 16333612k(9921580k free), swap 32665364k(24299080k free)

vm_info: Java HotSpot(TM) 64-Bit Server VM (25.66-b18) for windows-amd64 JRE (1.8.0_66-b18), built on Nov  9 2015 10:51:13 by "java_re" with MS VC++ 10.0 (VS2010)

time: Tue Mar 21 21:01:56 2017
elapsed time: 2908 seconds (0d 0h 48m 28s)

