#
# A fatal error has been detected by the Java Runtime Environment:
#
#  EXCEPTION_UNCAUGHT_CXX_EXCEPTION (0xe06d7363) at pc=0x000007fefd04a06d, pid=4808, tid=4444
#
# JRE version: Java(TM) SE Runtime Environment (8.0_66-b18) (build 1.8.0_66-b18)
# Java VM: Java HotSpot(TM) 64-Bit Server VM (25.66-b18 mixed mode windows-amd64 compressed oops)
# Problematic frame:
# C  [KERNELBASE.dll+0x1a06d]
#
# Failed to write core dump. Minidumps are not enabled by default on client versions of Windows
#
# If you would like to submit a bug report, please visit:
#   http://bugreport.java.com/bugreport/crash.jsp
#

---------------  T H R E A D  ---------------

Current thread (0x0000000014dd2800):  VMThread [stack: 0x0000000015d20000,0x0000000015e20000] [id=4444]

siginfo: ExceptionCode=0xe06d7363, ExceptionInformation=0x0000000019930520 0x0000000015e1f6c8 0x000007feec3d2cb8 0x000007feec320000 

Registers:
RAX=0x0000000061fb831a, RBX=0x000007feec3d2cb8, RCX=0x0000000015e1ef10, RDX=0x00000000000000d0
RSP=0x0000000015e1f520, RBP=0x0000000015e1f650, RSI=0x00000000ffffffff, RDI=0x000000002757ae40
R8 =0x0000000000000000, R9 =0x0000000000000000, R10=0x000007feec320000, R11=0x0000000015e1f560
R12=0x0000000000000001, R13=0x0000000000000008, R14=0x0000000000000000, R15=0xffffffffffffffff
RIP=0x000007fefd04a06d, EFLAGS=0x0000000000000202

Top of Stack: (sp=0x0000000015e1f520)
0x0000000015e1f520:   000007feec3d2cb8 00000000ffffffff
0x0000000015e1f530:   000000002757ae40 00000000002b5460
0x0000000015e1f540:   00000001e06d7363 0000000000000000
0x0000000015e1f550:   000007fefd04a06d 000007fe00000004
0x0000000015e1f560:   0000000019930520 0000000015e1f6c8
0x0000000015e1f570:   000007feec3d2cb8 000007feec320000
0x0000000015e1f580:   0000000000000000 0000000015e1f608
0x0000000015e1f590:   0000000000000028 000000002757ae30
0x0000000015e1f5a0:   0000000027fa19d0 0000000000000000
0x0000000015e1f5b0:   000007fffffa8000 000000007706f2d3
0x0000000015e1f5c0:   0000000000000000 0000000000000008
0x0000000015e1f5d0:   0000000000000001 000000002757ae40
0x0000000015e1f5e0:   00000000ffffffff 000007feec37e92c
0x0000000015e1f5f0:   000007feec3d2cb8 0000000015e1f660
0x0000000015e1f600:   0000000000000001 000007feec3200f8
0x0000000015e1f610:   00000001e06d7363 0000000000000000 

Instructions: (pc=0x000007fefd04a06d)
0x000007fefd04a04d:   54 24 24 48 89 4c 24 28 4d 85 c9 0f 85 6a 03 00
0x000007fefd04a05d:   00 89 4c 24 38 48 8d 4c 24 20 ff 15 33 02 03 00
0x000007fefd04a06d:   48 81 c4 c8 00 00 00 c3 90 90 90 90 90 90 90 90
0x000007fefd04a07d:   90 90 90 48 83 ec 28 65 48 8b 04 25 30 00 00 00 


Register to memory mapping:

RAX=0x0000000061fb831a is an unknown value
RBX=0x000007feec3d2cb8 is an unknown value
RCX=0x0000000015e1ef10 is an unknown value
RDX=0x00000000000000d0 is an unknown value
RSP=0x0000000015e1f520 is an unknown value
RBP=0x0000000015e1f650 is an unknown value
RSI=0x00000000ffffffff is an unallocated location in the heap
RDI=0x000000002757ae40 is an unknown value
R8 =0x0000000000000000 is an unknown value
R9 =0x0000000000000000 is an unknown value
R10=0x000007feec320000 is an unknown value
R11=0x0000000015e1f560 is an unknown value
R12=0x0000000000000001 is an unknown value
R13=0x0000000000000008 is an unknown value
R14=0x0000000000000000 is an unknown value
R15=0xffffffffffffffff is an unknown value


Stack: [0x0000000015d20000,0x0000000015e20000],  sp=0x0000000015e1f520,  free space=1021k
Native frames: (J=compiled Java code, j=interpreted, Vv=VM code, C=native code)
C  [KERNELBASE.dll+0x1a06d]
C  [MSVCR110.dll+0x5e92c]
C  [MSVCR110.dll+0x1315c]
C  [MSVCR110.dll+0x136a9]
C  [MSVCR110.dll+0x13e9c]
C  [MSVCR110.dll+0x239e]
C  [MSVCR110.dll+0xaf9e]
C  [MSVCP110.dll+0x397b9]
C  [librdi_common.dll+0x182316]
C  [librdi_common.dll+0x180fab]
C  0x000007fef4882400
C  0x000007fef4882682
C  [ntdll.dll+0x229b1]
C  [ntdll.dll+0x227c0]
C  [MSVCR100.dll+0x20ccd]
V  [jvm.dll+0x210cc5]
V  [jvm.dll+0x249897]
V  [jvm.dll+0x248b36]
V  [jvm.dll+0x248fd1]
V  [jvm.dll+0x2491ee]
V  [jvm.dll+0x29a0fa]
C  [MSVCR100.dll+0x21d9f]
C  [MSVCR100.dll+0x21e3b]
C  [kernel32.dll+0x159bd]
C  [ntdll.dll+0x2a2e1]

VM_Operation (0x000000000012f4c0): Exit, mode: safepoint, requested by thread 0x0000000002408000


---------------  P R O C E S S  ---------------

Java Threads: ( => current thread )
  0x00000000168fa800 JavaThread "pool-2-thread-10" [_thread_blocked, id=3640, stack(0x0000000030410000,0x0000000030510000)]
  0x00000000168f9000 JavaThread "EventThread COM3" [_thread_in_native, id=4980, stack(0x0000000030110000,0x0000000030210000)]
  0x00000000168f8800 JavaThread "EventThread COM1" [_thread_in_native, id=4644, stack(0x000000002c4b0000,0x000000002c5b0000)]
  0x000000001b753800 JavaThread "pool-2-thread-9" [_thread_blocked, id=4612, stack(0x000000002f610000,0x000000002f710000)]
  0x0000000019056000 JavaThread "pool-2-thread-8" [_thread_blocked, id=2812, stack(0x000000002beb0000,0x000000002bfb0000)]
  0x000000001905d000 JavaThread "pool-2-thread-7" [_thread_blocked, id=4140, stack(0x000000002b770000,0x000000002b870000)]
  0x000000001b752800 JavaThread "pool-2-thread-6" [_thread_blocked, id=1868, stack(0x000000002b670000,0x000000002b770000)]
  0x000000001b74c800 JavaThread "pool-2-thread-5" [_thread_blocked, id=1684, stack(0x000000002ff10000,0x0000000030010000)]
  0x000000001d972000 JavaThread "pool-2-thread-4" [_thread_blocked, id=4464, stack(0x000000002f910000,0x000000002fa10000)]
  0x000000001911a000 JavaThread "pool-2-thread-3" [_thread_blocked, id=4064, stack(0x000000002fe10000,0x000000002ff10000)]
  0x0000000017ca5000 JavaThread "pool-2-thread-2" [_thread_blocked, id=4512, stack(0x000000002fd10000,0x000000002fe10000)]
  0x0000000017ca3800 JavaThread "pool-2-thread-1" [_thread_blocked, id=3308, stack(0x000000002fa10000,0x000000002fb10000)]
  0x0000000017ca2000 JavaThread "Thread-95" daemon [_thread_blocked, id=4868, stack(0x000000002f810000,0x000000002f910000)]
  0x0000000019118800 JavaThread "TCF Channel Transmitter" daemon [_thread_blocked, id=3820, stack(0x000000002e200000,0x000000002e300000)]
  0x0000000019117800 JavaThread "Process monitor" daemon [_thread_in_native, id=4696, stack(0x000000002cea0000,0x000000002cfa0000)]
  0x0000000019117000 JavaThread "Input Stream Monitor" daemon [_thread_blocked, id=4796, stack(0x000000002cda0000,0x000000002cea0000)]
  0x0000000019062800 JavaThread "Output Stream Monitor" daemon [_thread_in_native, id=1860, stack(0x000000002cca0000,0x000000002cda0000)]
  0x0000000019061800 JavaThread "Output Stream Monitor" daemon [_thread_in_native, id=4132, stack(0x000000002cba0000,0x000000002cca0000)]
  0x000000001905a000 JavaThread "TCF Locator DNS Lookup" daemon [_thread_blocked, id=4028, stack(0x0000000025840000,0x0000000025940000)]
  0x0000000019059000 JavaThread "TCF Locator Timer" daemon [_thread_blocked, id=4748, stack(0x0000000025740000,0x0000000025840000)]
  0x0000000019057000 JavaThread "TCF Timer Dispatcher" daemon [_thread_blocked, id=4072, stack(0x000000001ea30000,0x000000001eb30000)]
  0x0000000017bf4800 JavaThread "EMF Reference Cleaner" daemon [_thread_blocked, id=1896, stack(0x000000001a630000,0x000000001a730000)]
  0x0000000014ec1000 JavaThread "Service Thread" daemon [_thread_blocked, id=3104, stack(0x00000000166e0000,0x00000000167e0000)]
  0x0000000014e58800 JavaThread "C1 CompilerThread3" daemon [_thread_blocked, id=2796, stack(0x00000000165e0000,0x00000000166e0000)]
  0x0000000014e37800 JavaThread "C2 CompilerThread2" daemon [_thread_blocked, id=4004, stack(0x00000000164e0000,0x00000000165e0000)]
  0x0000000014e2c800 JavaThread "C2 CompilerThread1" daemon [_thread_blocked, id=2196, stack(0x00000000163e0000,0x00000000164e0000)]
  0x0000000014e25800 JavaThread "C2 CompilerThread0" daemon [_thread_blocked, id=2808, stack(0x00000000162e0000,0x00000000163e0000)]
  0x0000000014e21800 JavaThread "Attach Listener" daemon [_thread_blocked, id=4588, stack(0x00000000161e0000,0x00000000162e0000)]
  0x0000000014e20000 JavaThread "Signal Dispatcher" daemon [_thread_blocked, id=1268, stack(0x00000000160e0000,0x00000000161e0000)]
  0x0000000013c5f800 JavaThread "Finalizer" daemon [_thread_blocked, id=4172, stack(0x0000000015f20000,0x0000000016020000)]
  0x0000000013c58800 JavaThread "Reference Handler" daemon [_thread_blocked, id=4112, stack(0x0000000015e20000,0x0000000015f20000)]
  0x0000000002408000 JavaThread "main" [_thread_blocked, id=248, stack(0x0000000000030000,0x0000000000130000)]

Other Threads:
=>0x0000000014dd2800 VMThread [stack: 0x0000000015d20000,0x0000000015e20000] [id=4444]

VM state:at safepoint (shutting down)

VM Mutex/Monitor currently owned by a thread:  ([mutex/lock_event])
[0x00000000021be3b0] Threads_lock - owner thread: 0x0000000014dd2800

Heap:
 PSYoungGen      total 43008K, used 14658K [0x00000000f5580000, 0x00000000f9080000, 0x0000000100000000)
  eden space 26624K, 19% used [0x00000000f5580000,0x00000000f5a7b918,0x00000000f6f80000)
  from space 16384K, 58% used [0x00000000f8080000,0x00000000f89d50b8,0x00000000f9080000)
  to   space 16896K, 0% used [0x00000000f6f80000,0x00000000f6f80000,0x00000000f8000000)
 ParOldGen       total 99840K, used 86936K [0x00000000e0000000, 0x00000000e6180000, 0x00000000f5580000)
  object space 99840K, 87% used [0x00000000e0000000,0x00000000e54e6390,0x00000000e6180000)
 Metaspace       used 107693K, capacity 115572K, committed 115840K, reserved 1150976K
  class space    used 12374K, capacity 14962K, committed 14976K, reserved 1048576K

Card table byte_map: [0x0000000011860000,0x0000000011970000] byte_map_base: 0x0000000011160000

Marking Bits: (ParMarkBitMap*) 0x000000007014a5b0
 Begin Bits: [0x0000000012170000, 0x0000000012970000)
 End Bits:   [0x0000000012970000, 0x0000000013170000)

Polling page: 0x0000000002170000

CodeCache: size=245760Kb used=79191Kb max_used=79223Kb free=166569Kb
 bounds [0x00000000024a0000, 0x00000000072a0000, 0x00000000114a0000]
 total_blobs=20708 nmethods=19770 adapters=843
 compilation: enabled

Compilation events (10 events):
Event: 5598.920 Thread 0x0000000014e58800 26471   !   3       org.eclipse.osgi.container.Module::stop (159 bytes)
Event: 5598.922 Thread 0x0000000014e58800 nmethod 26471 0x000000000728aed0 code [0x000000000728b260, 0x000000000728d4e8]
Event: 5598.922 Thread 0x0000000014e2c800 26469       4       org.eclipse.osgi.internal.serviceregistry.FilteredServiceListener::serviceChanged (280 bytes)
Event: 5598.933 Thread 0x0000000014e58800 26474       3       java.util.TimSort::mergeLo (659 bytes)
Event: 5598.935 Thread 0x0000000014e58800 nmethod 26474 0x000000000728e550 code [0x000000000728e880, 0x0000000007290a18]
Event: 5598.937 Thread 0x0000000014e58800 26475       3       java.util.TimSort::gallopLeft (335 bytes)
Event: 5598.938 Thread 0x0000000014e58800 nmethod 26475 0x000000000390ced0 code [0x000000000390d0c0, 0x000000000390db98]
Event: 5598.939 Thread 0x0000000014e58800 26479       3       org.eclipse.osgi.container.Module::holdsTransitionEventLock (25 bytes)
Event: 5598.940 Thread 0x0000000014e58800 nmethod 26479 0x00000000032cd750 code [0x00000000032cd8e0, 0x00000000032ce008]
Event: 5598.941 Thread 0x0000000014e58800 26489   !   3       org.eclipse.osgi.storage.BundleInfo$Generation::clearManifestCache (30 bytes)

GC Heap History (10 events):
Event: 5590.706 GC heap before
{Heap before GC invocations=148 (full 10):
 PSYoungGen      total 43520K, used 39745K [0x00000000f5580000, 0x00000000f9100000, 0x0000000100000000)
  eden space 28160K, 100% used [0x00000000f5580000,0x00000000f7100000,0x00000000f7100000)
  from space 15360K, 75% used [0x00000000f7180000,0x00000000f7cd0600,0x00000000f8080000)
  to   space 16384K, 0% used [0x00000000f8100000,0x00000000f8100000,0x00000000f9100000)
 ParOldGen       total 99840K, used 86840K [0x00000000e0000000, 0x00000000e6180000, 0x00000000f5580000)
  object space 99840K, 86% used [0x00000000e0000000,0x00000000e54ce390,0x00000000e6180000)
 Metaspace       used 107100K, capacity 114974K, committed 115200K, reserved 1148928K
  class space    used 12311K, capacity 14831K, committed 14848K, reserved 1048576K
Event: 5590.712 GC heap after
Heap after GC invocations=148 (full 10):
 PSYoungGen      total 43520K, used 9664K [0x00000000f5580000, 0x00000000f9080000, 0x0000000100000000)
  eden space 27648K, 0% used [0x00000000f5580000,0x00000000f5580000,0x00000000f7080000)
  from space 15872K, 60% used [0x00000000f8100000,0x00000000f8a700b8,0x00000000f9080000)
  to   space 16384K, 0% used [0x00000000f7080000,0x00000000f7080000,0x00000000f8080000)
 ParOldGen       total 99840K, used 86848K [0x00000000e0000000, 0x00000000e6180000, 0x00000000f5580000)
  object space 99840K, 86% used [0x00000000e0000000,0x00000000e54d0390,0x00000000e6180000)
 Metaspace       used 107100K, capacity 114974K, committed 115200K, reserved 1148928K
  class space    used 12311K, capacity 14831K, committed 14848K, reserved 1048576K
}
Event: 5592.227 GC heap before
{Heap before GC invocations=149 (full 10):
 PSYoungGen      total 43520K, used 37312K [0x00000000f5580000, 0x00000000f9080000, 0x0000000100000000)
  eden space 27648K, 100% used [0x00000000f5580000,0x00000000f7080000,0x00000000f7080000)
  from space 15872K, 60% used [0x00000000f8100000,0x00000000f8a700b8,0x00000000f9080000)
  to   space 16384K, 0% used [0x00000000f7080000,0x00000000f7080000,0x00000000f8080000)
 ParOldGen       total 99840K, used 86848K [0x00000000e0000000, 0x00000000e6180000, 0x00000000f5580000)
  object space 99840K, 86% used [0x00000000e0000000,0x00000000e54d0390,0x00000000e6180000)
 Metaspace       used 107133K, capacity 114974K, committed 115200K, reserved 1148928K
  class space    used 12311K, capacity 14831K, committed 14848K, reserved 1048576K
Event: 5592.234 GC heap after
Heap after GC invocations=149 (full 10):
 PSYoungGen      total 43520K, used 11103K [0x00000000f5580000, 0x00000000f9100000, 0x0000000100000000)
  eden space 27136K, 0% used [0x00000000f5580000,0x00000000f5580000,0x00000000f7000000)
  from space 16384K, 67% used [0x00000000f7080000,0x00000000f7b57cd0,0x00000000f8080000)
  to   space 16896K, 0% used [0x00000000f8080000,0x00000000f8080000,0x00000000f9100000)
 ParOldGen       total 99840K, used 86872K [0x00000000e0000000, 0x00000000e6180000, 0x00000000f5580000)
  object space 99840K, 87% used [0x00000000e0000000,0x00000000e54d6390,0x00000000e6180000)
 Metaspace       used 107133K, capacity 114974K, committed 115200K, reserved 1148928K
  class space    used 12311K, capacity 14831K, committed 14848K, reserved 1048576K
}
Event: 5594.099 GC heap before
{Heap before GC invocations=150 (full 10):
 PSYoungGen      total 43520K, used 38239K [0x00000000f5580000, 0x00000000f9100000, 0x0000000100000000)
  eden space 27136K, 100% used [0x00000000f5580000,0x00000000f7000000,0x00000000f7000000)
  from space 16384K, 67% used [0x00000000f7080000,0x00000000f7b57cd0,0x00000000f8080000)
  to   space 16896K, 0% used [0x00000000f8080000,0x00000000f8080000,0x00000000f9100000)
 ParOldGen       total 99840K, used 86872K [0x00000000e0000000, 0x00000000e6180000, 0x00000000f5580000)
  object space 99840K, 87% used [0x00000000e0000000,0x00000000e54d6390,0x00000000e6180000)
 Metaspace       used 107155K, capacity 115038K, committed 115200K, reserved 1148928K
  class space    used 12312K, capacity 14831K, committed 14848K, reserved 1048576K
Event: 5594.106 GC heap after
Heap after GC invocations=150 (full 10):
 PSYoungGen      total 43520K, used 11587K [0x00000000f5580000, 0x00000000f9180000, 0x0000000100000000)
  eden space 26624K, 0% used [0x00000000f5580000,0x00000000f5580000,0x00000000f6f80000)
  from space 16896K, 68% used [0x00000000f8080000,0x00000000f8bd0db8,0x00000000f9100000)
  to   space 17408K, 0% used [0x00000000f6f80000,0x00000000f6f80000,0x00000000f8080000)
 ParOldGen       total 99840K, used 86880K [0x00000000e0000000, 0x00000000e6180000, 0x00000000f5580000)
  object space 99840K, 87% used [0x00000000e0000000,0x00000000e54d8390,0x00000000e6180000)
 Metaspace       used 107155K, capacity 115038K, committed 115200K, reserved 1148928K
  class space    used 12312K, capacity 14831K, committed 14848K, reserved 1048576K
}
Event: 5597.391 GC heap before
{Heap before GC invocations=151 (full 10):
 PSYoungGen      total 43520K, used 38211K [0x00000000f5580000, 0x00000000f9180000, 0x0000000100000000)
  eden space 26624K, 100% used [0x00000000f5580000,0x00000000f6f80000,0x00000000f6f80000)
  from space 16896K, 68% used [0x00000000f8080000,0x00000000f8bd0db8,0x00000000f9100000)
  to   space 17408K, 0% used [0x00000000f6f80000,0x00000000f6f80000,0x00000000f8080000)
 ParOldGen       total 99840K, used 86880K [0x00000000e0000000, 0x00000000e6180000, 0x00000000f5580000)
  object space 99840K, 87% used [0x00000000e0000000,0x00000000e54d8390,0x00000000e6180000)
 Metaspace       used 107245K, capacity 115166K, committed 115328K, reserved 1148928K
  class space    used 12323K, capacity 14895K, committed 14976K, reserved 1048576K
Event: 5597.398 GC heap after
Heap after GC invocations=151 (full 10):
 PSYoungGen      total 44032K, used 11042K [0x00000000f5580000, 0x00000000f9180000, 0x0000000100000000)
  eden space 26624K, 0% used [0x00000000f5580000,0x00000000f5580000,0x00000000f6f80000)
  from space 17408K, 63% used [0x00000000f6f80000,0x00000000f7a48818,0x00000000f8080000)
  to   space 17408K, 0% used [0x00000000f8080000,0x00000000f8080000,0x00000000f9180000)
 ParOldGen       total 99840K, used 86888K [0x00000000e0000000, 0x00000000e6180000, 0x00000000f5580000)
  object space 99840K, 87% used [0x00000000e0000000,0x00000000e54da390,0x00000000e6180000)
 Metaspace       used 107245K, capacity 115166K, committed 115328K, reserved 1148928K
  class space    used 12323K, capacity 14895K, committed 14976K, reserved 1048576K
}
Event: 5598.347 GC heap before
{Heap before GC invocations=152 (full 10):
 PSYoungGen      total 44032K, used 37666K [0x00000000f5580000, 0x00000000f9180000, 0x0000000100000000)
  eden space 26624K, 100% used [0x00000000f5580000,0x00000000f6f80000,0x00000000f6f80000)
  from space 17408K, 63% used [0x00000000f6f80000,0x00000000f7a48818,0x00000000f8080000)
  to   space 17408K, 0% used [0x00000000f8080000,0x00000000f8080000,0x00000000f9180000)
 ParOldGen       total 99840K, used 86888K [0x00000000e0000000, 0x00000000e6180000, 0x00000000f5580000)
  object space 99840K, 87% used [0x00000000e0000000,0x00000000e54da390,0x00000000e6180000)
 Metaspace       used 107469K, capacity 115380K, committed 115584K, reserved 1150976K
  class space    used 12350K, capacity 14962K, committed 14976K, reserved 1048576K
Event: 5598.352 GC heap after
Heap after GC invocations=152 (full 10):
 PSYoungGen      total 43008K, used 9556K [0x00000000f5580000, 0x00000000f9080000, 0x0000000100000000)
  eden space 26624K, 0% used [0x00000000f5580000,0x00000000f5580000,0x00000000f6f80000)
  from space 16384K, 58% used [0x00000000f8080000,0x00000000f89d50b8,0x00000000f9080000)
  to   space 16896K, 0% used [0x00000000f6f80000,0x00000000f6f80000,0x00000000f8000000)
 ParOldGen       total 99840K, used 86936K [0x00000000e0000000, 0x00000000e6180000, 0x00000000f5580000)
  object space 99840K, 87% used [0x00000000e0000000,0x00000000e54e6390,0x00000000e6180000)
 Metaspace       used 107469K, capacity 115380K, committed 115584K, reserved 1150976K
  class space    used 12350K, capacity 14962K, committed 14976K, reserved 1048576K
}

Deoptimization events (10 events):
Event: 5598.918 Thread 0x00000000168fa000 Uncommon trap: reason=unstable_if action=reinterpret pc=0x00000000056ab80c method=org.eclipse.core.internal.jobs.WorkerPool.startJob(Lorg/eclipse/core/internal/jobs/Worker;)Lorg/eclipse/core/internal/jobs/InternalJob; @ 177
Event: 5598.919 Thread 0x00000000168fd000 Uncommon trap: reason=unstable_if action=reinterpret pc=0x00000000056ab80c method=org.eclipse.core.internal.jobs.WorkerPool.startJob(Lorg/eclipse/core/internal/jobs/Worker;)Lorg/eclipse/core/internal/jobs/InternalJob; @ 177
Event: 5598.919 Thread 0x000000001764d000 Uncommon trap: reason=unstable_if action=reinterpret pc=0x00000000056ab80c method=org.eclipse.core.internal.jobs.WorkerPool.startJob(Lorg/eclipse/core/internal/jobs/Worker;)Lorg/eclipse/core/internal/jobs/InternalJob; @ 177
Event: 5598.920 Thread 0x0000000019060000 Uncommon trap: reason=unstable_if action=reinterpret pc=0x00000000056ab80c method=org.eclipse.core.internal.jobs.WorkerPool.startJob(Lorg/eclipse/core/internal/jobs/Worker;)Lorg/eclipse/core/internal/jobs/InternalJob; @ 177
Event: 5598.922 Thread 0x0000000019058800 Uncommon trap: reason=unstable_if action=reinterpret pc=0x00000000062f6698 method=org.eclipse.tcf.EventQueue.invokeLater(Ljava/lang/Runnable;)V @ 22
Event: 5598.922 Thread 0x000000001d971800 Uncommon trap: reason=unstable_if action=reinterpret pc=0x00000000056ab80c method=org.eclipse.core.internal.jobs.WorkerPool.startJob(Lorg/eclipse/core/internal/jobs/Worker;)Lorg/eclipse/core/internal/jobs/InternalJob; @ 177
Event: 5598.922 Thread 0x000000001905e800 Uncommon trap: reason=unstable_if action=reinterpret pc=0x00000000056ab80c method=org.eclipse.core.internal.jobs.WorkerPool.startJob(Lorg/eclipse/core/internal/jobs/Worker;)Lorg/eclipse/core/internal/jobs/InternalJob; @ 177
Event: 5598.923 Thread 0x0000000019119000 Uncommon trap: reason=unstable_if action=reinterpret pc=0x0000000005e0ba3c method=org.eclipse.tcf.EventQueue.invokeLater(Ljava/lang/Runnable;)V @ 22
Event: 5598.932 Thread 0x000000001911d000 Uncommon trap: reason=unstable_if action=reinterpret pc=0x000000000290419c method=sun.reflect.UnsafeStaticObjectFieldAccessorImpl.set(Ljava/lang/Object;Ljava/lang/Object;)V @ 13
Event: 5598.937 Thread 0x0000000019055800 Uncommon trap: reason=unstable_if action=reinterpret pc=0x00000000052c7a20 method=org.eclipse.osgi.framework.eventmgr.EventManager$EventThread.getNextEvent()Lorg/eclipse/osgi/framework/eventmgr/EventManager$EventThread$Queued; @ 15

Internal exceptions (10 events):
Event: 5597.999 Thread 0x0000000002408000 Implicit null exception at 0x0000000006cd4de0 to 0x0000000006cd532d
Event: 5598.122 Thread 0x0000000017911000 Implicit null exception at 0x000000000723a922 to 0x000000000723aa75
Event: 5598.327 Thread 0x0000000017c9f800 Exception <a 'java/lang/InterruptedException'> (0x00000000f6eca7f8) thrown at [C:\re\workspace\8-2-build-windows-amd64-cygwin\jdk8u66\5298\hotspot\src\share\vm\runtime\objectMonitor.cpp, line 1683]
Event: 5598.892 Thread 0x000000001911d000 Implicit null exception at 0x0000000004e0aa87 to 0x0000000004e0be31
Event: 5598.892 Thread 0x000000001911d000 Exception <a 'java/lang/NullPointerException'> (0x00000000f57470c0) thrown at [C:\re\workspace\8-2-build-windows-amd64-cygwin\jdk8u66\5298\hotspot\src\share\vm\prims\jvm.cpp, line 1390]
Event: 5598.917 Thread 0x000000001905a800 Exception <a 'java/lang/InterruptedException'> (0x00000000f587d750) thrown at [C:\re\workspace\8-2-build-windows-amd64-cygwin\jdk8u66\5298\hotspot\src\share\vm\runtime\objectMonitor.cpp, line 1683]
Event: 5598.932 Thread 0x000000001911d000 Implicit null exception at 0x0000000002903d93 to 0x0000000002904189
Event: 5598.932 Thread 0x0000000017911000 Exception <a 'java/lang/InterruptedException'> (0x00000000f587d438) thrown at [C:\re\workspace\8-2-build-windows-amd64-cygwin\jdk8u66\5298\hotspot\src\share\vm\runtime\objectMonitor.cpp, line 1683]
Event: 5598.937 Thread 0x0000000019055800 Exception <a 'java/lang/InterruptedException'> (0x00000000f5602900) thrown at [C:\re\workspace\8-2-build-windows-amd64-cygwin\jdk8u66\5298\hotspot\src\share\vm\runtime\objectMonitor.cpp, line 1683]
Event: 5598.938 Thread 0x0000000018e83800 Exception <a 'java/lang/InterruptedException'> (0x00000000f59ec928) thrown at [C:\re\workspace\8-2-build-windows-amd64-cygwin\jdk8u66\5298\hotspot\src\share\vm\runtime\objectMonitor.cpp, line 1683]

Events (10 events):
Event: 5598.940 Thread 0x0000000014e58800 flushing nmethod 0x000000000486b090
Event: 5598.940 Thread 0x0000000014e58800 flushing nmethod 0x00000000048e1510
Event: 5598.940 loading class java/util/IdentityHashMap$KeyIterator
Event: 5598.940 loading class java/util/IdentityHashMap$IdentityHashMapIterator
Event: 5598.940 loading class java/util/IdentityHashMap$IdentityHashMapIterator done
Event: 5598.940 loading class java/util/IdentityHashMap$KeyIterator done
Event: 5598.941 Thread 0x0000000019055800 Thread added: 0x0000000019055800
Event: 5598.941 Thread 0x000000001911d000 Thread exited: 0x000000001911d000
Event: 5598.941 Thread 0x0000000019055800 Thread exited: 0x0000000019055800
Event: 5598.941 Executing VM operation: Exit


Dynamic libraries:
0x0000000000400000 - 0x000000000044f000 	C:\Xilinx\SDK\2016.2\eclipse\win64.o\eclipse.exe
0x0000000077020000 - 0x00000000771ca000 	C:\Windows\SYSTEM32\ntdll.dll
0x0000000076e00000 - 0x0000000076f1f000 	C:\Windows\system32\kernel32.dll
0x000007fefd030000 - 0x000007fefd09a000 	C:\Windows\system32\KERNELBASE.dll
0x0000000076f20000 - 0x000000007701a000 	C:\Windows\system32\USER32.dll
0x000007fefeb70000 - 0x000007fefebd7000 	C:\Windows\system32\GDI32.dll
0x000007fefdb00000 - 0x000007fefdb0e000 	C:\Windows\system32\LPK.dll
0x000007fefd2c0000 - 0x000007fefd38a000 	C:\Windows\system32\USP10.dll
0x000007fefd120000 - 0x000007fefd1bf000 	C:\Windows\system32\msvcrt.dll
0x000007fefb670000 - 0x000007fefb864000 	C:\Windows\WinSxS\amd64_microsoft.windows.common-controls_6595b64144ccf1df_6.0.7601.18837_none_fa3b1e3d17594757\COMCTL32.dll
0x000007fefebe0000 - 0x000007fefec51000 	C:\Windows\system32\SHLWAPI.dll
0x000007feff150000 - 0x000007feff17e000 	C:\Windows\system32\IMM32.DLL
0x000007feff180000 - 0x000007feff289000 	C:\Windows\system32\MSCTF.dll
0x0000000072000000 - 0x0000000072012000 	C:\Xilinx\SDK\2016.2\eclipse\win64.o\plugins\org.eclipse.equinox.launcher.win32.win32.x86_64_1.1.300.v20150602-1417\eclipse_1611.dll
0x000007fefec60000 - 0x000007fefed3b000 	C:\Windows\system32\ADVAPI32.dll
0x000007fefeff0000 - 0x000007feff00f000 	C:\Windows\SYSTEM32\sechost.dll
0x000007fefd570000 - 0x000007fefd69d000 	C:\Windows\system32\RPCRT4.dll
0x000007fefbdf0000 - 0x000007fefbdfc000 	C:\Windows\system32\VERSION.dll
0x000007fefb610000 - 0x000007fefb666000 	C:\Windows\system32\UxTheme.dll
0x000000006f940000 - 0x00000000701c9000 	C:\Xilinx\SDK\2016.2\tps\win64\jre\bin\server\jvm.dll
0x000007fefae00000 - 0x000007fefae09000 	C:\Windows\system32\WSOCK32.dll
0x000007feff100000 - 0x000007feff14d000 	C:\Windows\system32\WS2_32.dll
0x000007feff0f0000 - 0x000007feff0f8000 	C:\Windows\system32\NSI.dll
0x000007fef9af0000 - 0x000007fef9b2b000 	C:\Windows\system32\WINMM.dll
0x00000000771e0000 - 0x00000000771e7000 	C:\Windows\system32\PSAPI.DLL
0x0000000072650000 - 0x0000000072722000 	C:\Windows\system32\MSVCR100.dll
0x00000000743b0000 - 0x00000000743bf000 	C:\Xilinx\SDK\2016.2\tps\win64\jre\bin\verify.dll
0x0000000074380000 - 0x00000000743a9000 	C:\Xilinx\SDK\2016.2\tps\win64\jre\bin\java.dll
0x0000000074360000 - 0x0000000074376000 	C:\Xilinx\SDK\2016.2\tps\win64\jre\bin\zip.dll
0x000007fefdb10000 - 0x000007fefe899000 	C:\Windows\system32\SHELL32.dll
0x000007fefed40000 - 0x000007fefef43000 	C:\Windows\system32\ole32.dll
0x000007fefcd60000 - 0x000007fefcd6f000 	C:\Windows\system32\profapi.dll
0x000007fefc560000 - 0x000007fefc578000 	C:\Windows\system32\CRYPTSP.dll
0x000007fefc260000 - 0x000007fefc2a7000 	C:\Windows\system32\rsaenh.dll
0x000007fefce40000 - 0x000007fefce5e000 	C:\Windows\system32\USERENV.dll
0x000007fefcbc0000 - 0x000007fefcbcf000 	C:\Windows\system32\CRYPTBASE.dll
0x0000000074340000 - 0x000000007435a000 	C:\Xilinx\SDK\2016.2\tps\win64\jre\bin\net.dll
0x000007fefc500000 - 0x000007fefc555000 	C:\Windows\system32\mswsock.dll
0x000007fefc4f0000 - 0x000007fefc4f7000 	C:\Windows\System32\wship6.dll
0x000007fefa670000 - 0x000007fefa697000 	C:\Windows\system32\IPHLPAPI.DLL
0x000007fefa660000 - 0x000007fefa66b000 	C:\Windows\system32\WINNSI.DLL
0x000007fefa490000 - 0x000007fefa4a1000 	C:\Windows\system32\dhcpcsvc6.DLL
0x000007fefa470000 - 0x000007fefa488000 	C:\Windows\system32\dhcpcsvc.DLL
0x0000000074270000 - 0x0000000074281000 	C:\Xilinx\SDK\2016.2\tps\win64\jre\bin\nio.dll
0x000007fef9800000 - 0x000007fef9815000 	C:\Windows\system32\NLAapi.dll
0x000007fef9be0000 - 0x000007fef9bf5000 	C:\Windows\system32\napinsp.dll
0x000007fef9c00000 - 0x000007fef9c19000 	C:\Windows\system32\pnrpnsp.dll
0x000007fefc380000 - 0x000007fefc3db000 	C:\Windows\system32\DNSAPI.dll
0x000007fef9da0000 - 0x000007fef9dab000 	C:\Windows\System32\winrnr.dll
0x000007fefbec0000 - 0x000007fefbec7000 	C:\Windows\System32\wshtcpip.dll
0x000007fef9e40000 - 0x000007fef9e48000 	C:\Windows\system32\rasadhlp.dll
0x000007fefa520000 - 0x000007fefa573000 	C:\Windows\System32\fwpuclnt.dll
0x00000000171d0000 - 0x0000000017278000 	C:\Users\milwidya\.Xilinx\SDK\2016.2\org.eclipse.osgi\312\0\.cp\swt-win32-4527.dll
0x000007feff010000 - 0x000007feff0e8000 	C:\Windows\system32\OLEAUT32.dll
0x000007fefd1c0000 - 0x000007fefd257000 	C:\Windows\system32\comdlg32.dll
0x000007fef5ca0000 - 0x000007fef5d11000 	C:\Windows\system32\WINSPOOL.DRV
0x000007fefd830000 - 0x000007fefdaf5000 	C:\Windows\system32\WININET.dll
0x000007fefd0d0000 - 0x000007fefd0d4000 	C:\Windows\system32\api-ms-win-downlevel-user32-l1-1-0.dll
0x000007fefd0c0000 - 0x000007fefd0c4000 	C:\Windows\system32\api-ms-win-downlevel-shlwapi-l1-1-0.dll
0x000007fefcfd0000 - 0x000007fefcfd4000 	C:\Windows\system32\api-ms-win-downlevel-version-l1-1-0.dll
0x000007fefd020000 - 0x000007fefd023000 	C:\Windows\system32\api-ms-win-downlevel-normaliz-l1-1-0.dll
0x00000000771f0000 - 0x00000000771f3000 	C:\Windows\system32\normaliz.DLL
0x000007fefe8a0000 - 0x000007fefeb69000 	C:\Windows\system32\iertutil.dll
0x000007fefd0a0000 - 0x000007fefd0a5000 	C:\Windows\system32\api-ms-win-downlevel-advapi32-l1-1-0.dll
0x000007fefce60000 - 0x000007fefcfcd000 	C:\Windows\system32\CRYPT32.dll
0x000007fefcd70000 - 0x000007fefcd7f000 	C:\Windows\system32\MSASN1.dll
0x000007fefb0e0000 - 0x000007fefb20c000 	C:\Windows\system32\propsys.dll
0x000007fefef50000 - 0x000007fefefe9000 	C:\Windows\system32\CLBCatQ.DLL
0x00000000185e0000 - 0x00000000185fe000 	C:\Users\milwidya\.Xilinx\SDK\2016.2\org.eclipse.osgi\312\0\.cp\swt-gdip-win32-4527.dll
0x000007fefb3f0000 - 0x000007fefb606000 	C:\Windows\WinSxS\amd64_microsoft.windows.gdiplus_6595b64144ccf1df_1.1.7601.23508_none_145555328b95eaaa\gdiplus.dll
0x000007fefaf10000 - 0x000007fefb071000 	C:\Windows\system32\WindowsCodecs.dll
0x000007feef090000 - 0x000007feef0e4000 	C:\Windows\system32\oleacc.dll
0x000007feef000000 - 0x000007feef03b000 	C:\Windows\system32\mlang.dll
0x000007fef8d30000 - 0x000007fef8d37000 	C:\Windows\system32\msimg32.dll
0x000007fefccb0000 - 0x000007fefccc4000 	C:\Windows\system32\RpcRtRemote.dll
0x000007fefcb60000 - 0x000007fefcbb7000 	C:\Windows\system32\apphelp.dll
0x000007feeacb0000 - 0x000007feebb6a000 	C:\Windows\System32\ieframe.dll
0x000007fef56c0000 - 0x000007fef56c4000 	C:\Windows\System32\api-ms-win-downlevel-shell32-l1-1-0.dll
0x000007fef69d0000 - 0x000007fef69d4000 	C:\Windows\system32\api-ms-win-downlevel-shlwapi-l2-1-0.dll
0x000007fefd6a0000 - 0x000007fefd826000 	C:\Windows\system32\urlmon.dll
0x000007fefd0b0000 - 0x000007fefd0b4000 	C:\Windows\system32\api-ms-win-downlevel-ole32-l1-1-0.dll
0x000007fefcbd0000 - 0x000007fefcc61000 	C:\Windows\system32\SXS.DLL
0x000007fec1940000 - 0x000007fec31e7000 	C:\Windows\System32\mshtml.dll
0x000007fefc980000 - 0x000007fefc98b000 	C:\Windows\system32\Secur32.dll
0x000007fefcb30000 - 0x000007fefcb55000 	C:\Windows\system32\SSPICLI.DLL
0x000007fef8f20000 - 0x000007fef8f24000 	C:\Windows\system32\api-ms-win-downlevel-advapi32-l2-1-0.dll
0x000007fef9690000 - 0x000007fef969e000 	C:\Windows\system32\msimtf.dll
0x000007feea830000 - 0x000007feea8ea000 	C:\Windows\system32\uiautomationcore.dll
0x000007fec0fa0000 - 0x000007fec1364000 	C:\Windows\system32\d2d1.dll
0x000007feea690000 - 0x000007feea827000 	C:\Windows\system32\DWrite.dll
0x000007fef47e0000 - 0x000007fef483d000 	C:\Windows\system32\dxgi.dll
0x000007fefb0c0000 - 0x000007fefb0d8000 	C:\Windows\system32\dwmapi.dll
0x000007fefd0e0000 - 0x000007fefd11b000 	C:\Windows\system32\WINTRUST.dll
0x000007fef1240000 - 0x000007fef1415000 	C:\Windows\system32\d3d11.dll
0x000007feebd00000 - 0x000007feebdcb000 	C:\Windows\System32\jscript.dll
0x000007fef1ac0000 - 0x000007fef1b02000 	C:\Windows\system32\msls31.dll
0x000007feeeef0000 - 0x000007feeef31000 	C:\Windows\system32\windowscodecsext.dll
0x000007fefc6b0000 - 0x000007fefc6d2000 	C:\Windows\System32\bcrypt.dll
0x000007fefc1a0000 - 0x000007fefc1ec000 	C:\Windows\system32\bcryptprimitives.dll
0x000007fef81b0000 - 0x000007fef81c1000 	C:\Users\milwidya\.Xilinx\SDK\2016.2\org.eclipse.osgi\129\0\.cp\jWinHttp-1.0.0.dll
0x000007fef9230000 - 0x000007fef92a1000 	C:\Windows\system32\WINHTTP.dll
0x000007fef91c0000 - 0x000007fef9224000 	C:\Windows\system32\webio.dll
0x000007fefc120000 - 0x000007fefc12a000 	C:\Windows\system32\credssp.dll
0x000007fefcfe0000 - 0x000007fefd016000 	C:\Windows\system32\CFGMGR32.dll
0x000000002ab10000 - 0x000000002ab22000 	C:\Users\milwidya\.Xilinx\SDK\2016.2\org.eclipse.osgi\126\0\.cp\os\win32\x86_64\localfile_1_0_0.dll
0x000007fefae20000 - 0x000007fefae2f000 	C:\Xilinx\SDK\2016.2\lib\win64.o\librdi_repo_manager.dll
0x000007feeeec0000 - 0x000007feeeeea000 	C:\Xilinx\SDK\2016.2\lib\win64.o\libisl_sysinfo.dll
0x000007feec320000 - 0x000007feec3f4000 	C:\Windows\system32\MSVCR110.dll
0x000007feec270000 - 0x000007feec317000 	C:\Windows\system32\MSVCP110.dll
0x000007fec0560000 - 0x000007fec0fa0000 	C:\Xilinx\SDK\2016.2\lib\win64.o\librdi_common.dll
0x000007fec01f0000 - 0x000007fec055e000 	C:\Xilinx\SDK\2016.2\lib\win64.o\libCOIN-all.dll
0x000007febffd0000 - 0x000007fec01ef000 	C:\Xilinx\SDK\2016.2\lib\win64.o\libXil_lmgr11.dll
0x000007fefadd0000 - 0x000007fefade6000 	C:\Windows\system32\NETAPI32.dll
0x000007fefc190000 - 0x000007fefc19c000 	C:\Windows\system32\netutils.dll
0x000007fefc7e0000 - 0x000007fefc803000 	C:\Windows\system32\srvcli.dll
0x000007fefadb0000 - 0x000007fefadc5000 	C:\Windows\system32\wkscli.dll
0x000007fef9680000 - 0x000007fef9690000 	C:\Xilinx\SDK\2016.2\lib\win64.o\libboost_date_time.dll
0x000007feeee90000 - 0x000007feeeeb4000 	C:\Xilinx\SDK\2016.2\lib\win64.o\libboost_filesystem.dll
0x000007fef9630000 - 0x000007fef9639000 	C:\Xilinx\SDK\2016.2\lib\win64.o\libboost_system.dll
0x000007feee560000 - 0x000007feee5d7000 	C:\Xilinx\SDK\2016.2\lib\win64.o\libboost_program_options.dll
0x000007febfec0000 - 0x000007febffc6000 	C:\Xilinx\SDK\2016.2\lib\win64.o\libboost_regex.dll
0x000007fef2020000 - 0x000007fef2033000 	C:\Xilinx\SDK\2016.2\lib\win64.o\libboost_signals.dll
0x000007feeefe0000 - 0x000007feeeffd000 	C:\Xilinx\SDK\2016.2\lib\win64.o\libboost_thread.dll
0x000007fef8d20000 - 0x000007fef8d2b000 	C:\Xilinx\SDK\2016.2\lib\win64.o\libboost_chrono.dll
0x000007fef81a0000 - 0x000007fef81ab000 	C:\Xilinx\SDK\2016.2\lib\win64.o\libboost_xilinx.dll
0x000007feebe00000 - 0x000007feebe80000 	C:\Xilinx\SDK\2016.2\lib\win64.o\libhdlpsolve.dll
0x000007fec37f0000 - 0x000007fec388a000 	C:\Xilinx\SDK\2016.2\lib\win64.o\libhdxml.dll
0x000007febfa50000 - 0x000007febfeb5e00 	C:\Xilinx\SDK\2016.2\lib\win64.o\libisl_iostreams.dll

VM Arguments:
jvm_args: -Dcom.xilinx.sdk.args.hwspec=C:/temp532/project_1/project_1.sdk/design_1_wrapper.hdf -Xms64m -Xmx512m & 
java_command: <unknown>
java_class_path (initial): C:\Xilinx\SDK\2016.2\eclipse\win64.o\\plugins/org.eclipse.equinox.launcher_1.3.100.v20150511-1540.jar
Launcher Type: generic

Environment Variables:
PATH=C:/Xilinx/SDK/2016.2/tps/win64/jre/bin/server;C:/Xilinx/SDK/2016.2/tps/win64/jre/bin;C:/Xilinx/SDK/2016.2/tps/win64/jre/lib/amd64;C:\Xilinx\SDK\2016.2\gnuwin\bin;C:\Xilinx\SDK\2016.2\gnu\microblaze\nt\bin;C:\Xilinx\SDK\2016.2\gnu\microblaze\linux_toolchain\nt64_le\bin;C:\Xilinx\SDK\2016.2\gnu\microblaze\linux_toolchain\nt64_be\bin;C:\Xilinx\SDK\2016.2\gnu\arm\nt\bin;C:\Xilinx\SDK\2016.2\gnu\aarch64\nt\aarch64-none\bin;C:\Xilinx\SDK\2016.2\gnu\aarch64\nt\aarch64-linux\bin;C:\Xilinx\SDK\2016.2\gnu\armr5\nt\gcc-arm-none-eabi\bin;C:\Xilinx\SDK\2016.2\gnu\aarch32\nt\gcc-arm-none-eabi\bin;C:\Xilinx\SDK\2016.2\gnu\aarch32\nt\gcc-arm-linux-gnueabi\bin;C:\Xilinx\SDK\2016.2\tps\win64\cmake-3.3.2\bin;;C:\Xilinx\SDK\2016.2\bin;C:\Xilinx\SDK\2016.2\lib\win64.o;C:\Xilinx\SDK\2016.2\tps\win64\jre\bin\server;C:\Xilinx\SDK\2016.2\tps\win64\jre\bin;C:\Xilinx\Vivado\2016.2\ids_lite\ISE\bin\nt64;C:\Xilinx\Vivado\2016.2\ids_lite\ISE\lib\nt64;C:\Xilinx\Vivado\2016.2\bin;C:\Xilinx\Vivado\2016.2\lib\win64.o;C:\Xilinx\Vivado\2016.2\tps\win64\jre\bin\server;C:\Xilinx\Vivado\2016.2\tps\win64\jre\bin;C:\Xilinx\Vivado_HLS\2016.2\bin;C:\Windows\system32;C:\Windows;C:\Windows\System32\Wbem;C:\Windows\System32\WindowsPowerShell\v1.0\;C:\Program Files (x86)\Java\jre6\bin;C:\Program Files (x86)\eclipse;C:\altera\16.0\quartus\bin64;c:\altera\16.0\quartus\bin64\jre64\bin;c:\temp532\project_1;
USERNAME=milwidya
OS=Windows_NT
PROCESSOR_IDENTIFIER=Intel64 Family 6 Model 60 Stepping 3, GenuineIntel



---------------  S Y S T E M  ---------------

OS: Windows 7 , 64 bit Build 7601 (6.1.7601.23418)

CPU:total 8 (4 cores per cpu, 2 threads per core) family 6 model 60 stepping 3, cmov, cx8, fxsr, mmx, sse, sse2, sse3, ssse3, sse4.1, sse4.2, popcnt, avx, avx2, aes, clmul, erms, lzcnt, ht, tsc, tscinvbit, bmi1, bmi2

Memory: 4k page, physical 16683160k(8942240k free), swap 33364460k(25272920k free)

vm_info: Java HotSpot(TM) 64-Bit Server VM (25.66-b18) for windows-amd64 JRE (1.8.0_66-b18), built on Nov  9 2015 10:51:13 by "java_re" with MS VC++ 10.0 (VS2010)

time: Wed Mar 29 15:49:07 2017
elapsed time: 5599 seconds (0d 1h 33m 19s)

