#
# A fatal error has been detected by the Java Runtime Environment:
#
#  EXCEPTION_UNCAUGHT_CXX_EXCEPTION (0xe06d7363) at pc=0x000007fefd66a06d, pid=2900, tid=2968
#
# JRE version: Java(TM) SE Runtime Environment (8.0_66-b18) (build 1.8.0_66-b18)
# Java VM: Java HotSpot(TM) 64-Bit Server VM (25.66-b18 mixed mode windows-amd64 compressed oops)
# Problematic frame:
# C  [KERNELBASE.dll+0x1a06d]
#
# Failed to write core dump. Minidumps are not enabled by default on client versions of Windows
#
# If you would like to submit a bug report, please visit:
#   http://bugreport.java.com/bugreport/crash.jsp
#

---------------  T H R E A D  ---------------

Current thread (0x0000000014e22800):  VMThread [stack: 0x0000000015d70000,0x0000000015e70000] [id=2968]

siginfo: ExceptionCode=0xe06d7363, ExceptionInformation=0x0000000019930520 0x0000000015e6f4c8 0x000007feebff2cb8 0x000007feebf40000 

Registers:
RAX=0x00000000604b06b4, RBX=0x000007feebff2cb8, RCX=0x0000000015e6ed10, RDX=0x00000000000000d0
RSP=0x0000000015e6f320, RBP=0x0000000015e6f450, RSI=0x00000000ffffffff, RDI=0x00000000174fa240
R8 =0x0000000000000000, R9 =0x0000000000000000, R10=0x000007feebf40000, R11=0x0000000015e6f360
R12=0x0000000000000001, R13=0x0000000000000008, R14=0x0000000000000000, R15=0xffffffffffffffff
RIP=0x000007fefd66a06d, EFLAGS=0x0000000000000206

Top of Stack: (sp=0x0000000015e6f320)
0x0000000015e6f320:   000007feebff2cb8 00000000ffffffff
0x0000000015e6f330:   00000000174fa240 0000000000348c20
0x0000000015e6f340:   00000001e06d7363 0000000000000000
0x0000000015e6f350:   000007fefd66a06d 000007fe00000004
0x0000000015e6f360:   0000000019930520 0000000015e6f4c8
0x0000000015e6f370:   000007feebff2cb8 000007feebf40000
0x0000000015e6f380:   0000000000000000 0000000015e6f408
0x0000000015e6f390:   0000000000000028 00000000174fa230
0x0000000015e6f3a0:   00000000174c4550 0000000000000000
0x0000000015e6f3b0:   000007fffffa8000 00000000776ef2d3
0x0000000015e6f3c0:   0000000000000000 0000000000000008
0x0000000015e6f3d0:   0000000000000001 00000000174fa240
0x0000000015e6f3e0:   00000000ffffffff 000007feebf9e92c
0x0000000015e6f3f0:   000007feebff2cb8 0000000015e6f460
0x0000000015e6f400:   0000000000000001 000007feebf400f8
0x0000000015e6f410:   00000001e06d7363 0000000000000000 

Instructions: (pc=0x000007fefd66a06d)
0x000007fefd66a04d:   54 24 24 48 89 4c 24 28 4d 85 c9 0f 85 6a 03 00
0x000007fefd66a05d:   00 89 4c 24 38 48 8d 4c 24 20 ff 15 33 02 03 00
0x000007fefd66a06d:   48 81 c4 c8 00 00 00 c3 90 90 90 90 90 90 90 90
0x000007fefd66a07d:   90 90 90 48 83 ec 28 65 48 8b 04 25 30 00 00 00 


Register to memory mapping:

RAX=0x00000000604b06b4 is an unknown value
RBX=0x000007feebff2cb8 is an unknown value
RCX=0x0000000015e6ed10 is an unknown value
RDX=0x00000000000000d0 is an unknown value
RSP=0x0000000015e6f320 is an unknown value
RBP=0x0000000015e6f450 is an unknown value
RSI=0x00000000ffffffff is an unallocated location in the heap
RDI=0x00000000174fa240 is an unknown value
R8 =0x0000000000000000 is an unknown value
R9 =0x0000000000000000 is an unknown value
R10=0x000007feebf40000 is an unknown value
R11=0x0000000015e6f360 is an unknown value
R12=0x0000000000000001 is an unknown value
R13=0x0000000000000008 is an unknown value
R14=0x0000000000000000 is an unknown value
R15=0xffffffffffffffff is an unknown value


Stack: [0x0000000015d70000,0x0000000015e70000],  sp=0x0000000015e6f320,  free space=1020k
Native frames: (J=compiled Java code, j=interpreted, Vv=VM code, C=native code)
C  [KERNELBASE.dll+0x1a06d]
C  [MSVCR110.dll+0x5e92c]
C  [MSVCR110.dll+0x1315c]
C  [MSVCR110.dll+0x136a9]
C  [MSVCR110.dll+0x13e9c]
C  [MSVCR110.dll+0x239e]
C  [MSVCR110.dll+0xaf9e]
C  [MSVCP110.dll+0x397b9]
C  [librdi_common.dll+0x182316]
C  [librdi_common.dll+0x180fab]
C  [librdi_target_manager.dll+0x2400]
C  [librdi_target_manager.dll+0x2682]
C  [ntdll.dll+0x229b1]
C  [ntdll.dll+0x227c0]
C  [MSVCR100.dll+0x20ccd]
V  [jvm.dll+0x210cc5]
V  [jvm.dll+0x249897]
V  [jvm.dll+0x248b36]
V  [jvm.dll+0x248fd1]
V  [jvm.dll+0x2491ee]
V  [jvm.dll+0x29a0fa]
C  [MSVCR100.dll+0x21d9f]
C  [MSVCR100.dll+0x21e3b]
C  [kernel32.dll+0x159bd]
C  [ntdll.dll+0x2a2e1]

VM_Operation (0x000000000012f4c0): Exit, mode: safepoint, requested by thread 0x0000000002378000


---------------  P R O C E S S  ---------------

Java Threads: ( => current thread )
  0x000000001797a800 JavaThread "Thread-263" [_thread_in_native, id=3932, stack(0x000000002b9b0000,0x000000002bab0000)]
  0x0000000017977000 JavaThread "EventThread COM3" [_thread_in_native, id=4440, stack(0x000000002bfb0000,0x000000002c0b0000)]
  0x0000000017976000 JavaThread "pool-2-thread-10" [_thread_blocked, id=4988, stack(0x000000002bdb0000,0x000000002beb0000)]
  0x0000000017974000 JavaThread "pool-2-thread-9" [_thread_blocked, id=4936, stack(0x000000002afb0000,0x000000002b0b0000)]
  0x0000000017e4f800 JavaThread "pool-2-thread-8" [_thread_blocked, id=3324, stack(0x000000002bcb0000,0x000000002bdb0000)]
  0x0000000017e4a800 JavaThread "pool-2-thread-7" [_thread_blocked, id=3276, stack(0x000000002b6b0000,0x000000002b7b0000)]
  0x000000001788e800 JavaThread "pool-2-thread-6" [_thread_blocked, id=4280, stack(0x000000002b0b0000,0x000000002b1b0000)]
  0x000000001c120800 JavaThread "pool-2-thread-5" [_thread_blocked, id=3832, stack(0x00000000296b0000,0x00000000297b0000)]
  0x000000001788f800 JavaThread "pool-2-thread-4" [_thread_blocked, id=4684, stack(0x0000000026100000,0x0000000026200000)]
  0x000000001e229000 JavaThread "pool-2-thread-3" [_thread_blocked, id=3696, stack(0x0000000029cb0000,0x0000000029db0000)]
  0x000000001e1e0000 JavaThread "pool-2-thread-2" [_thread_blocked, id=4264, stack(0x00000000297b0000,0x00000000298b0000)]
  0x000000001e1e5800 JavaThread "EventThread COM5" [_thread_blocked, id=3876, stack(0x0000000029180000,0x0000000029280000)]
  0x000000001e1e1800 JavaThread "pool-2-thread-1" [_thread_blocked, id=1212, stack(0x0000000029020000,0x0000000029120000)]
  0x000000001adae000 JavaThread "Thread-24" daemon [_thread_blocked, id=1848, stack(0x0000000028c20000,0x0000000028d20000)]
  0x000000001f3b4800 JavaThread "TCF Channel Transmitter" daemon [_thread_blocked, id=4024, stack(0x00000000276e0000,0x00000000277e0000)]
  0x000000001f3b5800 JavaThread "TCF Channel Receiver" daemon [_thread_in_native, id=3592, stack(0x0000000025af0000,0x0000000025bf0000)]
  0x000000001f3b3000 JavaThread "Process monitor" daemon [_thread_in_native, id=4496, stack(0x00000000273e0000,0x00000000274e0000)]
  0x000000001f3b4000 JavaThread "Input Stream Monitor" daemon [_thread_blocked, id=4676, stack(0x00000000272e0000,0x00000000273e0000)]
  0x000000001f3b2800 JavaThread "Output Stream Monitor" daemon [_thread_in_native, id=4428, stack(0x00000000271e0000,0x00000000272e0000)]
  0x0000000017893000 JavaThread "Output Stream Monitor" daemon [_thread_in_native, id=4544, stack(0x0000000026c30000,0x0000000026d30000)]
  0x000000001788b000 JavaThread "TCF Locator DNS Lookup" daemon [_thread_blocked, id=2336, stack(0x0000000024930000,0x0000000024a30000)]
  0x000000001788a000 JavaThread "TCF Locator Timer" daemon [_thread_blocked, id=508, stack(0x00000000244d0000,0x00000000245d0000)]
  0x0000000017889800 JavaThread "TCF Locator Receiver" daemon [_thread_blocked, id=5068, stack(0x00000000241c0000,0x00000000242c0000)]
  0x0000000017888000 JavaThread "TCF Timer Dispatcher" daemon [_thread_blocked, id=2848, stack(0x0000000020320000,0x0000000020420000)]
  0x0000000017f6c000 JavaThread "EMF Reference Cleaner" daemon [_thread_blocked, id=4668, stack(0x0000000019550000,0x0000000019650000)]
  0x0000000014f11800 JavaThread "Service Thread" daemon [_thread_blocked, id=4940, stack(0x0000000016730000,0x0000000016830000)]
  0x0000000014ea8800 JavaThread "C1 CompilerThread3" daemon [_thread_blocked, id=2988, stack(0x0000000016630000,0x0000000016730000)]
  0x0000000014e83800 JavaThread "C2 CompilerThread2" daemon [_thread_blocked, id=4776, stack(0x0000000016530000,0x0000000016630000)]
  0x0000000014e7c800 JavaThread "C2 CompilerThread1" daemon [_thread_blocked, id=4844, stack(0x0000000016430000,0x0000000016530000)]
  0x0000000014e75800 JavaThread "C2 CompilerThread0" daemon [_thread_blocked, id=1044, stack(0x0000000016330000,0x0000000016430000)]
  0x0000000014e71800 JavaThread "Attach Listener" daemon [_thread_blocked, id=4556, stack(0x0000000016230000,0x0000000016330000)]
  0x0000000014e70000 JavaThread "Signal Dispatcher" daemon [_thread_blocked, id=2856, stack(0x0000000016130000,0x0000000016230000)]
  0x0000000013caf000 JavaThread "Finalizer" daemon [_thread_blocked, id=4548, stack(0x0000000015f70000,0x0000000016070000)]
  0x0000000013ca8800 JavaThread "Reference Handler" daemon [_thread_blocked, id=684, stack(0x0000000015e70000,0x0000000015f70000)]
  0x0000000002378000 JavaThread "main" [_thread_blocked, id=4272, stack(0x0000000000030000,0x0000000000130000)]

Other Threads:
=>0x0000000014e22800 VMThread [stack: 0x0000000015d70000,0x0000000015e70000] [id=2968]

VM state:at safepoint (shutting down)

VM Mutex/Monitor currently owned by a thread:  ([mutex/lock_event])
[0x00000000024ee3b0] Threads_lock - owner thread: 0x0000000014e22800

Heap:
 PSYoungGen      total 28672K, used 10273K [0x00000000f5580000, 0x00000000f9000000, 0x0000000100000000)
  eden space 28160K, 34% used [0x00000000f5580000,0x00000000f5f08520,0x00000000f7100000)
  from space 512K, 100% used [0x00000000f8f80000,0x00000000f9000000,0x00000000f9000000)
  to   space 2048K, 0% used [0x00000000f8c00000,0x00000000f8c00000,0x00000000f8e00000)
 ParOldGen       total 104960K, used 85095K [0x00000000e0000000, 0x00000000e6680000, 0x00000000f5580000)
  object space 104960K, 81% used [0x00000000e0000000,0x00000000e5319d18,0x00000000e6680000)
 Metaspace       used 100874K, capacity 108928K, committed 109080K, reserved 1144832K
  class space    used 11780K, capacity 14323K, committed 14384K, reserved 1048576K

Card table byte_map: [0x00000000118b0000,0x00000000119c0000] byte_map_base: 0x00000000111b0000

Marking Bits: (ParMarkBitMap*) 0x000000007080a5b0
 Begin Bits: [0x00000000121c0000, 0x00000000129c0000)
 End Bits:   [0x00000000129c0000, 0x00000000131c0000)

Polling page: 0x00000000002a0000

CodeCache: size=245760Kb used=66239Kb max_used=66239Kb free=179520Kb
 bounds [0x00000000024f0000, 0x0000000006620000, 0x00000000114f0000]
 total_blobs=17639 nmethods=16714 adapters=828
 compilation: enabled

Compilation events (10 events):
Event: 9993.974 Thread 0x0000000014ea8800 22056       3       org.eclipse.osgi.storage.bundlefile.MRUBundleFileList::removeInternal (37 bytes)
Event: 9993.974 Thread 0x0000000014ea8800 nmethod 22056 0x000000000271e050 code [0x000000000271e1c0, 0x000000000271e630]
Event: 9993.976 Thread 0x0000000014ea8800 22057   !   3       java.util.zip.ZipFile::close (223 bytes)
Event: 9993.978 Thread 0x0000000014ea8800 nmethod 22057 0x0000000006618a90 code [0x0000000006618d80, 0x000000000661a788]
Event: 9993.979 Thread 0x0000000014ea8800 22059   !   3       org.eclipse.osgi.storage.BundleInfo$Generation::close (34 bytes)
Event: 9993.980 Thread 0x0000000014ea8800 nmethod 22059 0x0000000006611250 code [0x00000000066113c0, 0x00000000066117e8]
Event: 9993.981 Thread 0x0000000014ea8800 22060       3       java.util.TimSort::gallopRight (335 bytes)
Event: 9993.982 Thread 0x0000000014ea8800 nmethod 22060 0x00000000066136d0 code [0x00000000066138c0, 0x00000000066143b8]
Event: 9993.983 Thread 0x0000000014ea8800 22061       3       org.eclipse.osgi.container.Module::holdsTransitionEventLock (25 bytes)
Event: 9993.984 Thread 0x0000000014ea8800 nmethod 22061 0x0000000003af2910 code [0x0000000003af2aa0, 0x0000000003af31c8]

GC Heap History (10 events):
Event: 9991.293 GC heap before
{Heap before GC invocations=1692 (full 140):
 PSYoungGen      total 30208K, used 28736K [0x00000000f5580000, 0x00000000f9280000, 0x0000000100000000)
  eden space 28160K, 100% used [0x00000000f5580000,0x00000000f7100000,0x00000000f7100000)
  from space 2048K, 28% used [0x00000000f8e80000,0x00000000f8f10000,0x00000000f9080000)
  to   space 2048K, 0% used [0x00000000f9080000,0x00000000f9080000,0x00000000f9280000)
 ParOldGen       total 104960K, used 83823K [0x00000000e0000000, 0x00000000e6680000, 0x00000000f5580000)
  object space 104960K, 79% used [0x00000000e0000000,0x00000000e51dbfc8,0x00000000e6680000)
 Metaspace       used 100172K, capacity 108034K, committed 108184K, reserved 1142784K
  class space    used 11700K, capacity 14157K, committed 14256K, reserved 1048576K
Event: 9991.296 GC heap after
Heap after GC invocations=1692 (full 140):
 PSYoungGen      total 29184K, used 704K [0x00000000f5580000, 0x00000000f9180000, 0x0000000100000000)
  eden space 28160K, 0% used [0x00000000f5580000,0x00000000f5580000,0x00000000f7100000)
  from space 1024K, 68% used [0x00000000f9080000,0x00000000f9130000,0x00000000f9180000)
  to   space 1536K, 0% used [0x00000000f8e80000,0x00000000f8e80000,0x00000000f9000000)
 ParOldGen       total 104960K, used 83823K [0x00000000e0000000, 0x00000000e6680000, 0x00000000f5580000)
  object space 104960K, 79% used [0x00000000e0000000,0x00000000e51dbfc8,0x00000000e6680000)
 Metaspace       used 100172K, capacity 108034K, committed 108184K, reserved 1142784K
  class space    used 11700K, capacity 14157K, committed 14256K, reserved 1048576K
}
Event: 9992.160 GC heap before
{Heap before GC invocations=1693 (full 140):
 PSYoungGen      total 29184K, used 28864K [0x00000000f5580000, 0x00000000f9180000, 0x0000000100000000)
  eden space 28160K, 100% used [0x00000000f5580000,0x00000000f7100000,0x00000000f7100000)
  from space 1024K, 68% used [0x00000000f9080000,0x00000000f9130000,0x00000000f9180000)
  to   space 1536K, 0% used [0x00000000f8e80000,0x00000000f8e80000,0x00000000f9000000)
 ParOldGen       total 104960K, used 83823K [0x00000000e0000000, 0x00000000e6680000, 0x00000000f5580000)
  object space 104960K, 79% used [0x00000000e0000000,0x00000000e51dbfc8,0x00000000e6680000)
 Metaspace       used 100221K, capacity 108130K, committed 108440K, reserved 1142784K
  class space    used 11706K, capacity 14189K, committed 14256K, reserved 1048576K
Event: 9992.163 GC heap after
Heap after GC invocations=1693 (full 140):
 PSYoungGen      total 29184K, used 787K [0x00000000f5580000, 0x00000000f9100000, 0x0000000100000000)
  eden space 28160K, 0% used [0x00000000f5580000,0x00000000f5580000,0x00000000f7100000)
  from space 1024K, 76% used [0x00000000f8e80000,0x00000000f8f44d30,0x00000000f8f80000)
  to   space 1536K, 0% used [0x00000000f8f80000,0x00000000f8f80000,0x00000000f9100000)
 ParOldGen       total 104960K, used 83823K [0x00000000e0000000, 0x00000000e6680000, 0x00000000f5580000)
  object space 104960K, 79% used [0x00000000e0000000,0x00000000e51dbfc8,0x00000000e6680000)
 Metaspace       used 100221K, capacity 108130K, committed 108440K, reserved 1142784K
  class space    used 11706K, capacity 14189K, committed 14256K, reserved 1048576K
}
Event: 9992.456 GC heap before
{Heap before GC invocations=1694 (full 140):
 PSYoungGen      total 29184K, used 28947K [0x00000000f5580000, 0x00000000f9100000, 0x0000000100000000)
  eden space 28160K, 100% used [0x00000000f5580000,0x00000000f7100000,0x00000000f7100000)
  from space 1024K, 76% used [0x00000000f8e80000,0x00000000f8f44d30,0x00000000f8f80000)
  to   space 1536K, 0% used [0x00000000f8f80000,0x00000000f8f80000,0x00000000f9100000)
 ParOldGen       total 104960K, used 83823K [0x00000000e0000000, 0x00000000e6680000, 0x00000000f5580000)
  object space 104960K, 79% used [0x00000000e0000000,0x00000000e51dbfc8,0x00000000e6680000)
 Metaspace       used 100443K, capacity 108514K, committed 108824K, reserved 1144832K
  class space    used 11732K, capacity 14253K, committed 14384K, reserved 1048576K
Event: 9992.459 GC heap after
Heap after GC invocations=1694 (full 140):
 PSYoungGen      total 29696K, used 1214K [0x00000000f5580000, 0x00000000f9100000, 0x0000000100000000)
  eden space 28160K, 0% used [0x00000000f5580000,0x00000000f5580000,0x00000000f7100000)
  from space 1536K, 79% used [0x00000000f8f80000,0x00000000f90afb38,0x00000000f9100000)
  to   space 1536K, 0% used [0x00000000f8e00000,0x00000000f8e00000,0x00000000f8f80000)
 ParOldGen       total 104960K, used 83847K [0x00000000e0000000, 0x00000000e6680000, 0x00000000f5580000)
  object space 104960K, 79% used [0x00000000e0000000,0x00000000e51e1fc8,0x00000000e6680000)
 Metaspace       used 100443K, capacity 108514K, committed 108824K, reserved 1144832K
  class space    used 11732K, capacity 14253K, committed 14384K, reserved 1048576K
}
Event: 9992.937 GC heap before
{Heap before GC invocations=1695 (full 140):
 PSYoungGen      total 29696K, used 29374K [0x00000000f5580000, 0x00000000f9100000, 0x0000000100000000)
  eden space 28160K, 100% used [0x00000000f5580000,0x00000000f7100000,0x00000000f7100000)
  from space 1536K, 79% used [0x00000000f8f80000,0x00000000f90afb38,0x00000000f9100000)
  to   space 1536K, 0% used [0x00000000f8e00000,0x00000000f8e00000,0x00000000f8f80000)
 ParOldGen       total 104960K, used 83847K [0x00000000e0000000, 0x00000000e6680000, 0x00000000f5580000)
  object space 104960K, 79% used [0x00000000e0000000,0x00000000e51e1fc8,0x00000000e6680000)
 Metaspace       used 100536K, capacity 108602K, committed 108824K, reserved 1144832K
  class space    used 11742K, capacity 14257K, committed 14384K, reserved 1048576K
Event: 9992.940 GC heap after
Heap after GC invocations=1695 (full 140):
 PSYoungGen      total 29696K, used 1216K [0x00000000f5580000, 0x00000000f9000000, 0x0000000100000000)
  eden space 28160K, 0% used [0x00000000f5580000,0x00000000f5580000,0x00000000f7100000)
  from space 1536K, 79% used [0x00000000f8e00000,0x00000000f8f30000,0x00000000f8f80000)
  to   space 512K, 0% used [0x00000000f8f80000,0x00000000f8f80000,0x00000000f9000000)
 ParOldGen       total 104960K, used 83951K [0x00000000e0000000, 0x00000000e6680000, 0x00000000f5580000)
  object space 104960K, 79% used [0x00000000e0000000,0x00000000e51fbfc8,0x00000000e6680000)
 Metaspace       used 100536K, capacity 108602K, committed 108824K, reserved 1144832K
  class space    used 11742K, capacity 14257K, committed 14384K, reserved 1048576K
}
Event: 9993.729 GC heap before
{Heap before GC invocations=1696 (full 140):
 PSYoungGen      total 29696K, used 29376K [0x00000000f5580000, 0x00000000f9000000, 0x0000000100000000)
  eden space 28160K, 100% used [0x00000000f5580000,0x00000000f7100000,0x00000000f7100000)
  from space 1536K, 79% used [0x00000000f8e00000,0x00000000f8f30000,0x00000000f8f80000)
  to   space 512K, 0% used [0x00000000f8f80000,0x00000000f8f80000,0x00000000f9000000)
 ParOldGen       total 104960K, used 83951K [0x00000000e0000000, 0x00000000e6680000, 0x00000000f5580000)
  object space 104960K, 79% used [0x00000000e0000000,0x00000000e51fbfc8,0x00000000e6680000)
 Metaspace       used 100710K, capacity 108798K, committed 109080K, reserved 1144832K
  class space    used 11762K, capacity 14321K, committed 14384K, reserved 1048576K
Event: 9993.734 GC heap after
Heap after GC invocations=1696 (full 140):
 PSYoungGen      total 28672K, used 512K [0x00000000f5580000, 0x00000000f9000000, 0x0000000100000000)
  eden space 28160K, 0% used [0x00000000f5580000,0x00000000f5580000,0x00000000f7100000)
  from space 512K, 100% used [0x00000000f8f80000,0x00000000f9000000,0x00000000f9000000)
  to   space 2048K, 0% used [0x00000000f8c00000,0x00000000f8c00000,0x00000000f8e00000)
 ParOldGen       total 104960K, used 85095K [0x00000000e0000000, 0x00000000e6680000, 0x00000000f5580000)
  object space 104960K, 81% used [0x00000000e0000000,0x00000000e5319d18,0x00000000e6680000)
 Metaspace       used 100710K, capacity 108798K, committed 109080K, reserved 1144832K
  class space    used 11762K, capacity 14321K, committed 14384K, reserved 1048576K
}

Deoptimization events (10 events):
Event: 9993.939 Thread 0x0000000017974800 Uncommon trap: reason=unstable_if action=reinterpret pc=0x000000000576e4b0 method=org.eclipse.core.internal.jobs.WorkerPool.startJob(Lorg/eclipse/core/internal/jobs/Worker;)Lorg/eclipse/core/internal/jobs/InternalJob; @ 177
Event: 9993.941 Thread 0x0000000017e50000 Uncommon trap: reason=unstable_if action=reinterpret pc=0x000000000576e4b0 method=org.eclipse.core.internal.jobs.WorkerPool.startJob(Lorg/eclipse/core/internal/jobs/Worker;)Lorg/eclipse/core/internal/jobs/InternalJob; @ 177
Event: 9993.941 Thread 0x0000000017975800 Uncommon trap: reason=unstable_if action=reinterpret pc=0x000000000576e4b0 method=org.eclipse.core.internal.jobs.WorkerPool.startJob(Lorg/eclipse/core/internal/jobs/Worker;)Lorg/eclipse/core/internal/jobs/InternalJob; @ 177
Event: 9993.941 Thread 0x0000000017e4d000 Uncommon trap: reason=unstable_if action=reinterpret pc=0x000000000576e4b0 method=org.eclipse.core.internal.jobs.WorkerPool.startJob(Lorg/eclipse/core/internal/jobs/Worker;)Lorg/eclipse/core/internal/jobs/InternalJob; @ 177
Event: 9993.942 Thread 0x000000001c125000 Uncommon trap: reason=unstable_if action=reinterpret pc=0x000000000576e4b0 method=org.eclipse.core.internal.jobs.WorkerPool.startJob(Lorg/eclipse/core/internal/jobs/Worker;)Lorg/eclipse/core/internal/jobs/InternalJob; @ 177
Event: 9993.942 Thread 0x0000000017979000 Uncommon trap: reason=unstable_if action=reinterpret pc=0x000000000576e4b0 method=org.eclipse.core.internal.jobs.WorkerPool.startJob(Lorg/eclipse/core/internal/jobs/Worker;)Lorg/eclipse/core/internal/jobs/InternalJob; @ 177
Event: 9993.942 Thread 0x0000000017e4c800 Uncommon trap: reason=unstable_if action=reinterpret pc=0x000000000576e4b0 method=org.eclipse.core.internal.jobs.WorkerPool.startJob(Lorg/eclipse/core/internal/jobs/Worker;)Lorg/eclipse/core/internal/jobs/InternalJob; @ 177
Event: 9993.969 Thread 0x0000000017977800 Uncommon trap: reason=unstable_if action=reinterpret pc=0x000000000322bbd8 method=sun.reflect.UnsafeStaticObjectFieldAccessorImpl.set(Ljava/lang/Object;Ljava/lang/Object;)V @ 13
Event: 9993.972 Thread 0x00000000176ac000 Uncommon trap: reason=unstable_if action=reinterpret pc=0x00000000065e97e0 method=org.eclipse.osgi.framework.eventmgr.EventManager$EventThread.getNextEvent()Lorg/eclipse/osgi/framework/eventmgr/EventManager$EventThread$Queued; @ 15
Event: 9993.980 Thread 0x0000000017885800 Uncommon trap: reason=unstable_if action=reinterpret pc=0x00000000065e97e0 method=org.eclipse.osgi.framework.eventmgr.EventManager$EventThread.getNextEvent()Lorg/eclipse/osgi/framework/eventmgr/EventManager$EventThread$Queued; @ 15

Internal exceptions (10 events):
Event: 9993.245 Thread 0x000000001adab000 Exception <a 'java/lang/InterruptedException'> (0x00000000f630db98) thrown at [C:\re\workspace\8-2-build-windows-amd64-cygwin\jdk8u66\5298\hotspot\src\share\vm\runtime\objectMonitor.cpp, line 1683]
Event: 9993.272 Thread 0x0000000017977800 Implicit null exception at 0x0000000005dd6dab to 0x0000000005dd8ee5
Event: 9993.272 Thread 0x0000000017977800 Implicit null exception at 0x0000000005f5bf65 to 0x0000000005f5e85c
Event: 9993.864 Thread 0x0000000017977800 Implicit null exception at 0x0000000003d23e67 to 0x0000000003d25df9
Event: 9993.864 Thread 0x0000000017977800 Exception <a 'java/lang/NullPointerException'> (0x00000000f59eeb90) thrown at [C:\re\workspace\8-2-build-windows-amd64-cygwin\jdk8u66\5298\hotspot\src\share\vm\prims\jvm.cpp, line 1390]
Event: 9993.896 Thread 0x0000000017885000 Exception <a 'java/lang/InterruptedException'> (0x00000000f5bbf608) thrown at [C:\re\workspace\8-2-build-windows-amd64-cygwin\jdk8u66\5298\hotspot\src\share\vm\runtime\objectMonitor.cpp, line 1683]
Event: 9993.969 Thread 0x0000000017977800 Implicit null exception at 0x000000000322b7d3 to 0x000000000322bbc5
Event: 9993.972 Thread 0x00000000176ac000 Exception <a 'java/lang/InterruptedException'> (0x00000000f5b1fb70) thrown at [C:\re\workspace\8-2-build-windows-amd64-cygwin\jdk8u66\5298\hotspot\src\share\vm\runtime\objectMonitor.cpp, line 1683]
Event: 9993.980 Thread 0x0000000016b33800 Exception <a 'java/lang/InterruptedException'> (0x00000000f5ea4508) thrown at [C:\re\workspace\8-2-build-windows-amd64-cygwin\jdk8u66\5298\hotspot\src\share\vm\runtime\objectMonitor.cpp, line 1683]
Event: 9993.980 Thread 0x0000000017885800 Exception <a 'java/lang/InterruptedException'> (0x00000000f58a7ea8) thrown at [C:\re\workspace\8-2-build-windows-amd64-cygwin\jdk8u66\5298\hotspot\src\share\vm\runtime\objectMonitor.cpp, line 1683]

Events (10 events):
Event: 9993.982 Thread 0x0000000014ea8800 flushing nmethod 0x0000000003027d10
Event: 9993.983 loading class java/util/IdentityHashMap$KeyIterator
Event: 9993.983 loading class java/util/IdentityHashMap$IdentityHashMapIterator
Event: 9993.983 Thread 0x0000000014ea8800 flushing nmethod 0x0000000003254cd0
Event: 9993.983 loading class java/util/IdentityHashMap$IdentityHashMapIterator done
Event: 9993.983 loading class java/util/IdentityHashMap$KeyIterator done
Event: 9993.983 Thread 0x0000000017885800 Thread added: 0x0000000017885800
Event: 9993.983 Thread 0x0000000017977800 Thread exited: 0x0000000017977800
Event: 9993.984 Thread 0x0000000017885800 Thread exited: 0x0000000017885800
Event: 9993.984 Executing VM operation: Exit


Dynamic libraries:
0x0000000000400000 - 0x000000000044f000 	C:\Xilinx\SDK\2016.2\eclipse\win64.o\eclipse.exe
0x00000000776a0000 - 0x000000007784a000 	C:\Windows\SYSTEM32\ntdll.dll
0x0000000077580000 - 0x000000007769f000 	C:\Windows\system32\kernel32.dll
0x000007fefd650000 - 0x000007fefd6ba000 	C:\Windows\system32\KERNELBASE.dll
0x0000000077480000 - 0x000000007757a000 	C:\Windows\system32\USER32.dll
0x000007fefe510000 - 0x000007fefe577000 	C:\Windows\system32\GDI32.dll
0x000007fefe400000 - 0x000007fefe40e000 	C:\Windows\system32\LPK.dll
0x000007fefeb50000 - 0x000007fefec1a000 	C:\Windows\system32\USP10.dll
0x000007fefd7a0000 - 0x000007fefd83f000 	C:\Windows\system32\msvcrt.dll
0x000007fefbcf0000 - 0x000007fefbee4000 	C:\Windows\WinSxS\amd64_microsoft.windows.common-controls_6595b64144ccf1df_6.0.7601.18837_none_fa3b1e3d17594757\COMCTL32.dll
0x000007fefe1f0000 - 0x000007fefe261000 	C:\Windows\system32\SHLWAPI.dll
0x000007fefdde0000 - 0x000007fefde0e000 	C:\Windows\system32\IMM32.DLL
0x000007fefe0e0000 - 0x000007fefe1e9000 	C:\Windows\system32\MSCTF.dll
0x0000000072000000 - 0x0000000072012000 	C:\Xilinx\SDK\2016.2\eclipse\win64.o\plugins\org.eclipse.equinox.launcher.win32.win32.x86_64_1.1.300.v20150602-1417\eclipse_1611.dll
0x000007fefe410000 - 0x000007fefe4eb000 	C:\Windows\system32\ADVAPI32.dll
0x000007fefe0c0000 - 0x000007fefe0df000 	C:\Windows\SYSTEM32\sechost.dll
0x000007fefdb70000 - 0x000007fefdc9d000 	C:\Windows\system32\RPCRT4.dll
0x000007fefc470000 - 0x000007fefc47c000 	C:\Windows\system32\VERSION.dll
0x000007fefbc90000 - 0x000007fefbce6000 	C:\Windows\system32\UxTheme.dll
0x0000000070000000 - 0x0000000070889000 	C:\Xilinx\SDK\2016.2\tps\win64\jre\bin\server\jvm.dll
0x000007fefb560000 - 0x000007fefb569000 	C:\Windows\system32\WSOCK32.dll
0x000007fefdb20000 - 0x000007fefdb6d000 	C:\Windows\system32\WS2_32.dll
0x000007fefdb10000 - 0x000007fefdb18000 	C:\Windows\system32\NSI.dll
0x000007fefa170000 - 0x000007fefa1ab000 	C:\Windows\system32\WINMM.dll
0x0000000077870000 - 0x0000000077877000 	C:\Windows\system32\PSAPI.DLL
0x0000000071910000 - 0x00000000719e2000 	C:\Windows\system32\MSVCR100.dll
0x00000000739f0000 - 0x00000000739ff000 	C:\Xilinx\SDK\2016.2\tps\win64\jre\bin\verify.dll
0x00000000739c0000 - 0x00000000739e9000 	C:\Xilinx\SDK\2016.2\tps\win64\jre\bin\java.dll
0x00000000739a0000 - 0x00000000739b6000 	C:\Xilinx\SDK\2016.2\tps\win64\jre\bin\zip.dll
0x000007fefec20000 - 0x000007feff9a9000 	C:\Windows\system32\SHELL32.dll
0x000007fefde10000 - 0x000007fefe013000 	C:\Windows\system32\ole32.dll
0x000007fefd3f0000 - 0x000007fefd3ff000 	C:\Windows\system32\profapi.dll
0x000007fefcbe0000 - 0x000007fefcbf8000 	C:\Windows\system32\CRYPTSP.dll
0x000007fefc8e0000 - 0x000007fefc927000 	C:\Windows\system32\rsaenh.dll
0x000007fefd740000 - 0x000007fefd75e000 	C:\Windows\system32\USERENV.dll
0x000007fefd240000 - 0x000007fefd24f000 	C:\Windows\system32\CRYPTBASE.dll
0x0000000073980000 - 0x000000007399a000 	C:\Xilinx\SDK\2016.2\tps\win64\jre\bin\net.dll
0x000007fefcb80000 - 0x000007fefcbd5000 	C:\Windows\system32\mswsock.dll
0x000007fefcb70000 - 0x000007fefcb77000 	C:\Windows\System32\wship6.dll
0x000007fefad20000 - 0x000007fefad47000 	C:\Windows\system32\IPHLPAPI.DLL
0x000007fefad00000 - 0x000007fefad0b000 	C:\Windows\system32\WINNSI.DLL
0x000007fefab30000 - 0x000007fefab41000 	C:\Windows\system32\dhcpcsvc6.DLL
0x000007fefab10000 - 0x000007fefab28000 	C:\Windows\system32\dhcpcsvc.DLL
0x00000000737f0000 - 0x0000000073801000 	C:\Xilinx\SDK\2016.2\tps\win64\jre\bin\nio.dll
0x000007fef9e80000 - 0x000007fef9e95000 	C:\Windows\system32\NLAapi.dll
0x000007fefa280000 - 0x000007fefa295000 	C:\Windows\system32\napinsp.dll
0x000007fefa2a0000 - 0x000007fefa2b9000 	C:\Windows\system32\pnrpnsp.dll
0x000007fefca00000 - 0x000007fefca5b000 	C:\Windows\system32\DNSAPI.dll
0x000007fefa440000 - 0x000007fefa44b000 	C:\Windows\System32\winrnr.dll
0x000007fefc540000 - 0x000007fefc547000 	C:\Windows\System32\wshtcpip.dll
0x000007fefa4e0000 - 0x000007fefa4e8000 	C:\Windows\system32\rasadhlp.dll
0x000007fefabc0000 - 0x000007fefac13000 	C:\Windows\System32\fwpuclnt.dll
0x0000000019850000 - 0x00000000198f8000 	C:\Users\milwidya\.Xilinx\SDK\2016.2\org.eclipse.osgi\312\0\.cp\swt-win32-4527.dll
0x000007fefdd00000 - 0x000007fefddd8000 	C:\Windows\system32\OLEAUT32.dll
0x000007fefe020000 - 0x000007fefe0b7000 	C:\Windows\system32\comdlg32.dll
0x000007fef6320000 - 0x000007fef6391000 	C:\Windows\system32\WINSPOOL.DRV
0x000007fefe880000 - 0x000007fefeb45000 	C:\Windows\system32\WININET.dll
0x000007fefd730000 - 0x000007fefd734000 	C:\Windows\system32\api-ms-win-downlevel-user32-l1-1-0.dll
0x000007fefd5a0000 - 0x000007fefd5a4000 	C:\Windows\system32\api-ms-win-downlevel-shlwapi-l1-1-0.dll
0x000007fefd720000 - 0x000007fefd724000 	C:\Windows\system32\api-ms-win-downlevel-version-l1-1-0.dll
0x000007fefd6c0000 - 0x000007fefd6c3000 	C:\Windows\system32\api-ms-win-downlevel-normaliz-l1-1-0.dll
0x0000000077860000 - 0x0000000077863000 	C:\Windows\system32\normaliz.DLL
0x000007fefd840000 - 0x000007fefdb09000 	C:\Windows\system32\iertutil.dll
0x000007fefd6d0000 - 0x000007fefd6d5000 	C:\Windows\system32\api-ms-win-downlevel-advapi32-l1-1-0.dll
0x000007fefd400000 - 0x000007fefd56d000 	C:\Windows\system32\CRYPT32.dll
0x000007fefd3e0000 - 0x000007fefd3ef000 	C:\Windows\system32\MSASN1.dll
0x000007fefb760000 - 0x000007fefb88c000 	C:\Windows\system32\propsys.dll
0x000007fefe580000 - 0x000007fefe619000 	C:\Windows\system32\CLBCatQ.DLL
0x00000000005f0000 - 0x000000000060e000 	C:\Users\milwidya\.Xilinx\SDK\2016.2\org.eclipse.osgi\312\0\.cp\swt-gdip-win32-4527.dll
0x000007fefba70000 - 0x000007fefbc86000 	C:\Windows\WinSxS\amd64_microsoft.windows.gdiplus_6595b64144ccf1df_1.1.7601.23508_none_145555328b95eaaa\gdiplus.dll
0x000007fefb590000 - 0x000007fefb6f1000 	C:\Windows\system32\WindowsCodecs.dll
0x0000000180000000 - 0x0000000180012000 	C:\Users\milwidya\.Xilinx\SDK\2016.2\org.eclipse.osgi\126\0\.cp\os\win32\x86_64\localfile_1_0_0.dll
0x000007fef16c0000 - 0x000007fef1714000 	C:\Windows\system32\oleacc.dll
0x000007fef9170000 - 0x000007fef9177000 	C:\Windows\system32\msimg32.dll
0x000007fefd330000 - 0x000007fefd344000 	C:\Windows\system32\RpcRtRemote.dll
0x000007fefd1e0000 - 0x000007fefd237000 	C:\Windows\system32\apphelp.dll
0x000007fefb4e0000 - 0x000007fefb4f1000 	C:\Users\milwidya\.Xilinx\SDK\2016.2\org.eclipse.osgi\129\0\.cp\jWinHttp-1.0.0.dll
0x000007fef98b0000 - 0x000007fef9921000 	C:\Windows\system32\WINHTTP.dll
0x000007fef9840000 - 0x000007fef98a4000 	C:\Windows\system32\webio.dll
0x000007fefd1b0000 - 0x000007fefd1d5000 	C:\Windows\system32\SspiCli.dll
0x000007fefc7a0000 - 0x000007fefc7aa000 	C:\Windows\system32\credssp.dll
0x000007fefd6e0000 - 0x000007fefd716000 	C:\Windows\system32\CFGMGR32.dll
0x000007fefa2d0000 - 0x000007fefa2df000 	C:\Xilinx\SDK\2016.2\lib\win64.o\librdi_repo_manager.dll
0x000007fef08c0000 - 0x000007fef08ea000 	C:\Xilinx\SDK\2016.2\lib\win64.o\libisl_sysinfo.dll
0x000007feebf40000 - 0x000007feec014000 	C:\Windows\system32\MSVCR110.dll
0x000007feebe60000 - 0x000007feebf07000 	C:\Windows\system32\MSVCP110.dll
0x000007fec2d10000 - 0x000007fec3750000 	C:\Xilinx\SDK\2016.2\lib\win64.o\librdi_common.dll
0x000007fec3e20000 - 0x000007fec418e000 	C:\Xilinx\SDK\2016.2\lib\win64.o\libCOIN-all.dll
0x000007fec4540000 - 0x000007fec475f000 	C:\Xilinx\SDK\2016.2\lib\win64.o\libXil_lmgr11.dll
0x000007fefb450000 - 0x000007fefb466000 	C:\Windows\system32\NETAPI32.dll
0x000007fefc810000 - 0x000007fefc81c000 	C:\Windows\system32\netutils.dll
0x000007fefce60000 - 0x000007fefce83000 	C:\Windows\system32\srvcli.dll
0x000007fefb430000 - 0x000007fefb445000 	C:\Windows\system32\wkscli.dll
0x000007fefd760000 - 0x000007fefd79b000 	C:\Windows\system32\WINTRUST.dll
0x000007fef8760000 - 0x000007fef8770000 	C:\Xilinx\SDK\2016.2\lib\win64.o\libboost_date_time.dll
0x000007fef0890000 - 0x000007fef08b4000 	C:\Xilinx\SDK\2016.2\lib\win64.o\libboost_filesystem.dll
0x000007fef4c10000 - 0x000007fef4c19000 	C:\Xilinx\SDK\2016.2\lib\win64.o\libboost_system.dll
0x000007feefa10000 - 0x000007feefa87000 	C:\Xilinx\SDK\2016.2\lib\win64.o\libboost_program_options.dll
0x000007fec4c80000 - 0x000007fec4d86000 	C:\Xilinx\SDK\2016.2\lib\win64.o\libboost_regex.dll
0x000007fef0960000 - 0x000007fef0973000 	C:\Xilinx\SDK\2016.2\lib\win64.o\libboost_signals.dll
0x000007fef0870000 - 0x000007fef088d000 	C:\Xilinx\SDK\2016.2\lib\win64.o\libboost_thread.dll
0x000007fef3dd0000 - 0x000007fef3ddb000 	C:\Xilinx\SDK\2016.2\lib\win64.o\libboost_chrono.dll
0x000007fef1830000 - 0x000007fef183b000 	C:\Xilinx\SDK\2016.2\lib\win64.o\libboost_xilinx.dll
0x000007fec4c00000 - 0x000007fec4c80000 	C:\Xilinx\SDK\2016.2\lib\win64.o\libhdlpsolve.dll
0x000007fec4b60000 - 0x000007fec4bfa000 	C:\Xilinx\SDK\2016.2\lib\win64.o\libhdxml.dll
0x000007fec39b0000 - 0x000007fec3e15e00 	C:\Xilinx\SDK\2016.2\lib\win64.o\libisl_iostreams.dll
0x000007fef0850000 - 0x000007fef0866000 	C:\Xilinx\SDK\2016.2\lib\win64.o\libboost_iostreams.dll
0x000007fef0820000 - 0x000007fef0843000 	C:\Xilinx\SDK\2016.2\lib\win64.o\librdizlib.dll
0x000007fef0790000 - 0x000007fef07b3000 	C:\Xilinx\SDK\2016.2\lib\win64.o\libisl_iosutils.dll
0x000007fef07d0000 - 0x000007fef07e5000 	C:\Xilinx\SDK\2016.2\lib\win64.o\pthreadVC2.dll
0x000007fec4b00000 - 0x000007fec4b54000 	C:\Xilinx\SDK\2016.2\lib\win64.o\librdi_commonxillic.dll
0x000007fec4410000 - 0x000007fec4540000 	C:\Xilinx\SDK\2016.2\lib\win64.o\librdi_curl.dll
0x000007feef4d0000 - 0x000007feef4e8000 	C:\Xilinx\SDK\2016.2\lib\win64.o\librdiconfig.dll
0x0000000070ec0000 - 0x0000000070fe7000 	C:\Xilinx\SDK\2016.2\lib\win64.o\tcl85t.dll
0x0000000026d70000 - 0x0000000026fd3000 	C:\Xilinx\SDK\2016.2\lib\win64.o\xerces-c_3_1.dll
0x000007fefe270000 - 0x000007fefe3f6000 	C:\Windows\system32\urlmon.dll
0x000007fefd590000 - 0x000007fefd594000 	C:\Windows\system32\api-ms-win-downlevel-ole32-l1-1-0.dll
0x000007fef0420000 - 0x000007fef0443000 	C:\Windows\system32\VCOMP110.DLL
0x000007fec37b0000 - 0x000007fec39a2000 	C:\Xilinx\SDK\2016.2\lib\win64.o\librdi_hsm.dll
0x000007fec4ab0000 - 0x000007fec4af3000 	C:\Xilinx\SDK\2016.2\lib\win64.o\librdi_hdf.dll
0x000007fec2a80000 - 0x000007fec2d01000 	C:\Xilinx\SDK\2016.2\lib\win64.o\librdi_ippcw.dll
0x0000000071080000 - 0x00000000710a6000 	C:\Xilinx\SDK\2016.2\eclipse\win64.o\plugins\gnu.io.rxtx.win32.x86_64_2.1.7.3_v20071015\os\win32\x86_64\rxtxSerial.dll
0x000007feec2e0000 - 0x000007feec2f6000 	C:\Xilinx\SDK\2016.2\eclipse\win64.o\plugins\org.eclipse.cdt.core.win32.x86_64_5.4.0.201509131935\os\win32\x86_64\spawner.dll
0x000007fef17b0000 - 0x000007fef17ba000 	C:\Xilinx\SDK\2016.2\lib\win64.o\librdi_jtag_settings.dll
0x000007fec49e0000 - 0x000007fec4a09000 	C:\Xilinx\SDK\2016.2\lib\win64.o\librdi_debug_dialog.dll
0x000007fef0e80000 - 0x000007fef0e88000 	C:\Xilinx\SDK\2016.2\lib\win64.o\librdi_target_manager.dll
0x0000000071100000 - 0x0000000071125000 	C:\Users\milwidya\.jssc\windows\jSSC-2.8_x86_64.dll
0x000007feb4950000 - 0x000007feb5160000 	C:\Xilinx\SDK\2016.2\lib\win64.o\libXil_lmgr11FNP.dll

VM Arguments:
jvm_args: -Dcom.xilinx.sdk.args.hwspec=W:/temp532/project_1/project_1.sdk/design_1_wrapper.hdf -Xms64m -Xmx512m & 
java_command: <unknown>
java_class_path (initial): C:\Xilinx\SDK\2016.2\eclipse\win64.o\\plugins/org.eclipse.equinox.launcher_1.3.100.v20150511-1540.jar
Launcher Type: generic

Environment Variables:
PATH=C:/Xilinx/SDK/2016.2/tps/win64/jre/bin/server;C:/Xilinx/SDK/2016.2/tps/win64/jre/bin;C:/Xilinx/SDK/2016.2/tps/win64/jre/lib/amd64;C:\Xilinx\SDK\2016.2\gnuwin\bin;C:\Xilinx\SDK\2016.2\gnu\microblaze\nt\bin;C:\Xilinx\SDK\2016.2\gnu\microblaze\linux_toolchain\nt64_le\bin;C:\Xilinx\SDK\2016.2\gnu\microblaze\linux_toolchain\nt64_be\bin;C:\Xilinx\SDK\2016.2\gnu\arm\nt\bin;C:\Xilinx\SDK\2016.2\gnu\aarch64\nt\aarch64-none\bin;C:\Xilinx\SDK\2016.2\gnu\aarch64\nt\aarch64-linux\bin;C:\Xilinx\SDK\2016.2\gnu\armr5\nt\gcc-arm-none-eabi\bin;C:\Xilinx\SDK\2016.2\gnu\aarch32\nt\gcc-arm-none-eabi\bin;C:\Xilinx\SDK\2016.2\gnu\aarch32\nt\gcc-arm-linux-gnueabi\bin;C:\Xilinx\SDK\2016.2\tps\win64\cmake-3.3.2\bin;;C:\Xilinx\SDK\2016.2\bin;C:\Xilinx\SDK\2016.2\lib\win64.o;C:\Xilinx\SDK\2016.2\tps\win64\jre\bin\server;C:\Xilinx\SDK\2016.2\tps\win64\jre\bin;C:\Xilinx\Vivado\2016.2\ids_lite\ISE\bin\nt64;C:\Xilinx\Vivado\2016.2\ids_lite\ISE\lib\nt64;C:\Xilinx\Vivado\2016.2\bin;C:\Xilinx\Vivado\2016.2\lib\win64.o;C:\Xilinx\Vivado\2016.2\tps\win64\jre\bin\server;C:\Xilinx\Vivado\2016.2\tps\win64\jre\bin;C:\Xilinx\Vivado_HLS\2016.2\bin;C:\Windows\system32;C:\Windows;C:\Windows\System32\Wbem;C:\Windows\System32\WindowsPowerShell\v1.0\;C:\Program Files (x86)\Java\jre6\bin;C:\Program Files (x86)\eclipse;C:\altera\16.0\quartus\bin64;c:\altera\16.0\quartus\bin64\jre64\bin;W:\temp532\project_1;
USERNAME=milwidya
OS=Windows_NT
PROCESSOR_IDENTIFIER=Intel64 Family 6 Model 60 Stepping 3, GenuineIntel



---------------  S Y S T E M  ---------------

OS: Windows 7 , 64 bit Build 7601 (6.1.7601.23418)

CPU:total 8 (4 cores per cpu, 2 threads per core) family 6 model 60 stepping 3, cmov, cx8, fxsr, mmx, sse, sse2, sse3, ssse3, sse4.1, sse4.2, popcnt, avx, avx2, aes, clmul, erms, lzcnt, ht, tsc, tscinvbit, bmi1, bmi2

Memory: 4k page, physical 16683160k(9487064k free), swap 33364460k(25815336k free)

vm_info: Java HotSpot(TM) 64-Bit Server VM (25.66-b18) for windows-amd64 JRE (1.8.0_66-b18), built on Nov  9 2015 10:51:13 by "java_re" with MS VC++ 10.0 (VS2010)

time: Thu Mar 30 15:54:05 2017
elapsed time: 9994 seconds (0d 2h 46m 34s)

