#
# A fatal error has been detected by the Java Runtime Environment:
#
#  EXCEPTION_ACCESS_VIOLATION (0xc0000005) at pc=0x000007fedc21ebb0, pid=4704, tid=5036
#
# JRE version: Java(TM) SE Runtime Environment (8.0_66-b18) (build 1.8.0_66-b18)
# Java VM: Java HotSpot(TM) 64-Bit Server VM (25.66-b18 mixed mode windows-amd64 compressed oops)
# Problematic frame:
# C  [librdi_filemgmt.dll+0x14ebb0]
#
# Failed to write core dump. Minidumps are not enabled by default on client versions of Windows
#
# If you would like to submit a bug report, please visit:
#   http://bugreport.java.com/bugreport/crash.jsp
# The crash happened outside the Java Virtual Machine in native code.
# See problematic frame for where to report the bug.
#

---------------  T H R E A D  ---------------

Current thread (0x0000000066e34000):  JavaThread "Code Inspector" [_thread_in_native, id=5036, stack(0x00000000708e0000,0x0000000070de0000)]

siginfo: ExceptionCode=0xc0000005, reading address 0xffffffffffffffff

Registers:
RAX=0x0000000000000000, RBX=0x0000000070ddd878, RCX=0x83485708245c8948, RDX=0x000000000a92f428
RSP=0x0000000070ddd7d0, RBP=0x000000005a68ee70, RSI=0x0000000000000000, RDI=0x83485708245c8948
R8 =0x00000000427113c0, R9 =0x0000000000000001, R10=0x0000000000000000, R11=0x0000000070ddd490
R12=0x0000000070ddef70, R13=0x000000005a6871a8, R14=0x0000000001d853f0, R15=0x000000000000002b
RIP=0x000007fedc21ebb0, EFLAGS=0x0000000000010286

Top of Stack: (sp=0x0000000070ddd7d0)
0x0000000070ddd7d0:   000007feebd44b7c 0000000022c40c00
0x0000000070ddd7e0:   fffffffffffffffe 0000000000000018
0x0000000070ddd7f0:   000000005a68ee70 000007fedc2b4048
0x0000000070ddd800:   0000000070ddda20 0000000070ddd878
0x0000000070ddd810:   0000000070ddd878 000000005a68ee70
0x0000000070ddd820:   fffffffffffffffe 0000000000000000
0x0000000070ddd830:   0000000000000000 0000000000000000
0x0000000070ddd840:   000000005a68ee70 000007fedc2b3d65
0x0000000070ddd850:   0000000070ddda20 0000000070ddd878
0x0000000070ddd860:   0000000070ddef00 0000000070ddec20
0x0000000070ddd870:   fffffffffffffffe 000007fedc3f1588
0x0000000070ddd880:   0000000022c906c0 0000000022c906c0
0x0000000070ddd890:   0000000022c906c8 0000000022c40700
0x0000000070ddd8a0:   0000000000000000 0000000000000000
0x0000000070ddd8b0:   0000000000000000 0000000000000000
0x0000000070ddd8c0:   000000000000003f 0000000000000040 

Instructions: (pc=0x000007fedc21ebb0)
0x000007fedc21eb90:   43 20 48 8b 08 48 89 00 48 8b 43 20 48 89 40 08
0x000007fedc21eba0:   48 89 73 28 48 3b 4b 20 74 17 66 0f 1f 44 00 00
0x000007fedc21ebb0:   48 8b 39 e8 7a 42 0d 00 48 8b cf 48 3b 7b 20 75
0x000007fedc21ebc0:   ef 48 8b 4b 20 e8 68 42 0d 00 48 8b 4b 08 48 85 


Register to memory mapping:

RAX=0x0000000000000000 is an unknown value
RBX=0x0000000070ddd878 is pointing into the stack for thread: 0x0000000066e34000
RCX=0x83485708245c8948 is an unknown value
RDX=0x000000000a92f428 is an unknown value
RSP=0x0000000070ddd7d0 is pointing into the stack for thread: 0x0000000066e34000
RBP=0x000000005a68ee70 is an unknown value
RSI=0x0000000000000000 is an unknown value
RDI=0x83485708245c8948 is an unknown value
R8 =0x00000000427113c0 is an unknown value
R9 =0x0000000000000001 is an unknown value
R10=0x0000000000000000 is an unknown value
R11=0x0000000070ddd490 is pointing into the stack for thread: 0x0000000066e34000
R12=0x0000000070ddef70 is pointing into the stack for thread: 0x0000000066e34000
R13=0x000000005a6871a8 is an unknown value
R14=0x0000000001d853f0 is an unknown value
R15=0x000000000000002b is an unknown value


Stack: [0x00000000708e0000,0x0000000070de0000],  sp=0x0000000070ddd7d0,  free space=5109k
Native frames: (J=compiled Java code, j=interpreted, Vv=VM code, C=native code)
C  [librdi_filemgmt.dll+0x14ebb0]
C  [librdi_filemgmt.dll+0x1e4048]
C  [librdi_filemgmt.dll+0x1e3d65]
C  [librdi_filemgmt.dll+0x21593e]
C  [librdi_filemgmt.dll+0x1e7ca9]
C  [librdi_filemgmt.dll+0x1ddeb0]
C  [librdi_filemgmt.dll+0x1ebd4f]
C  0x0000000012285e34

Java frames: (J=compiled Java code, j=interpreted, Vv=VM code)
j  ui.data.srcscan.srcscani.EditorAssist_refresh(J)V+0
j  ui.data.h.a.refresh(Ljava/lang/String;)V+4
j  ui.views.P.a.at.inspect(Lcom/jidesoft/editor/CodeEditor;Ljavax/swing/event/DocumentEvent;Lcom/jidesoft/marker/MarkerModel;)V+44
j  ui.views.P.a.ad.construct()Ljava/lang/Object;+90
J 19522 C1 ui.frmwork.D.run()V (103 bytes) @ 0x00000000159fda3c [0x00000000159fd6a0+0x39c]
J 19329 C1 java.lang.Thread.run()V (17 bytes) @ 0x00000000129e2584 [0x00000000129e2440+0x144]
v  ~StubRoutines::call_stub

---------------  P R O C E S S  ---------------

Java Threads: ( => current thread )
  0x0000000065e93000 JavaThread "Image Fetcher 0" daemon [_thread_blocked, id=4008, stack(0x0000000064010000,0x0000000064510000)]
=>0x0000000066e34000 JavaThread "Code Inspector" [_thread_in_native, id=5036, stack(0x00000000708e0000,0x0000000070de0000)]
  0x000000003a946000 JavaThread "Thread-364" [_thread_in_native, id=3196, stack(0x000000005d950000,0x000000005da50000)]
  0x0000000037acf000 JavaThread "Thread-191" [_thread_in_native, id=4100, stack(0x0000000053e90000,0x0000000053f90000)]
  0x000000003ac01000 JavaThread "Monitor File Timestamp" [_thread_blocked, id=4132, stack(0x0000000044d10000,0x0000000045210000)]
  0x000000002aec1000 JavaThread "hw_ila_monitor" [_thread_blocked, id=2164, stack(0x00000000369e0000,0x0000000036ee0000)]
  0x00000000359e9800 JavaThread "Update Runs" [_thread_blocked, id=3636, stack(0x0000000036150000,0x0000000036650000)]
  0x000000003594b800 JavaThread "Refresh Filesets" [_thread_blocked, id=1804, stack(0x0000000035b80000,0x0000000036080000)]
  0x0000000024795000 JavaThread "Swing-Shell" daemon [_thread_blocked, id=856, stack(0x000000002a050000,0x000000002a550000)]
  0x0000000028a56000 JavaThread "Monitor File Timestamp" [_thread_blocked, id=4912, stack(0x00000000291e0000,0x00000000296e0000)]
  0x0000000024a11000 JavaThread "AWT-EventQueue-1" [_thread_in_native, id=3344, stack(0x0000000026460000,0x0000000026960000)]
  0x0000000024a1f000 JavaThread "Process Messages" [_thread_blocked, id=1340, stack(0x0000000025d90000,0x0000000026290000)]
  0x00000000075eb000 JavaThread "Thread-3" [_thread_in_native, id=2740, stack(0x0000000002650000,0x0000000003a50000)]
  0x0000000022db3800 JavaThread "AWT-EventQueue-0" [_thread_blocked, id=880, stack(0x00000000256b0000,0x0000000025bb0000)]
  0x00000000222a0800 JavaThread "AWT-Windows" daemon [_thread_in_native, id=3048, stack(0x0000000024020000,0x0000000024520000)]
  0x00000000222a1800 JavaThread "AWT-Shutdown" [_thread_blocked, id=176, stack(0x0000000023a60000,0x0000000023f60000)]
  0x0000000022290800 JavaThread "Java2D Disposer" daemon [_thread_blocked, id=3304, stack(0x0000000023370000,0x0000000023870000)]
  0x0000000022215800 JavaThread "TimerQueue" daemon [_thread_blocked, id=2844, stack(0x0000000022df0000,0x00000000232f0000)]
  0x0000000011ba5800 JavaThread "Service Thread" daemon [_thread_blocked, id=4732, stack(0x0000000021a70000,0x0000000021f70000)]
  0x000000000a556000 JavaThread "C1 CompilerThread3" daemon [_thread_blocked, id=3924, stack(0x0000000011e30000,0x0000000011f30000)]
  0x000000000a557800 JavaThread "C2 CompilerThread2" daemon [_thread_blocked, id=4052, stack(0x0000000011d00000,0x0000000011e00000)]
  0x000000000a559000 JavaThread "C2 CompilerThread1" daemon [_thread_blocked, id=4244, stack(0x0000000010f80000,0x0000000011080000)]
  0x000000000a55a000 JavaThread "C2 CompilerThread0" daemon [_thread_blocked, id=4352, stack(0x000000000a780000,0x000000000a880000)]
  0x000000000a55c000 JavaThread "Attach Listener" daemon [_thread_blocked, id=3092, stack(0x00000000213b0000,0x00000000218b0000)]
  0x000000000a55d800 JavaThread "Signal Dispatcher" daemon [_thread_blocked, id=3276, stack(0x0000000011660000,0x0000000011b60000)]
  0x0000000008c88800 JavaThread "Finalizer" daemon [_thread_blocked, id=2692, stack(0x0000000011110000,0x0000000011610000)]
  0x0000000008c89800 JavaThread "Reference Handler" daemon [_thread_blocked, id=3712, stack(0x0000000010a50000,0x0000000010f50000)]
  0x0000000007625800 JavaThread "main" [_thread_blocked, id=1128, stack(0x0000000007860000,0x0000000007960000)]

Other Threads:
  0x0000000008c71000 VMThread [stack: 0x000000000a5b0000,0x000000000a6b0000] [id=1168]
  0x0000000011ba2800 WatcherThread [stack: 0x00000000218d0000,0x00000000219d0000] [id=1032]

VM state:not at safepoint (normal execution)

VM Mutex/Monitor currently owned by a thread: None

Heap:
 PSYoungGen      total 48640K, used 34017K [0x00000007bc400000, 0x00000007c0000000, 0x00000007c0000000)
  eden space 35328K, 86% used [0x00000007bc400000,0x00000007be1b04f8,0x00000007be680000)
  from space 13312K, 27% used [0x00000007bf300000,0x00000007bf688000,0x00000007c0000000)
  to   space 12800K, 0% used [0x00000007be680000,0x00000007be680000,0x00000007bf300000)
 ParOldGen       total 177152K, used 151573K [0x0000000700000000, 0x000000070ad00000, 0x00000007bc400000)
  object space 177152K, 85% used [0x0000000700000000,0x00000007094055e8,0x000000070ad00000)
 Metaspace       used 73054K, capacity 73466K, committed 74240K, reserved 1112064K
  class space    used 10562K, capacity 10649K, committed 10752K, reserved 1048576K

Card table byte_map: [0x0000000007d20000,0x0000000008330000] byte_map_base: 0x0000000004520000

Marking Bits: (ParMarkBitMap*) 0x00000000739fa5b0
 Begin Bits: [0x000000000a990000, 0x000000000d990000)
 End Bits:   [0x000000000d990000, 0x0000000010990000)

Polling page: 0x0000000000340000

CodeCache: size=245760Kb used=61713Kb max_used=62024Kb free=184046Kb
 bounds [0x0000000012270000, 0x0000000015fb0000, 0x0000000021270000]
 total_blobs=16832 nmethods=15884 adapters=851
 compilation: enabled

Compilation events (10 events):
Event: 2272.162 Thread 0x000000000a55a000 21739       4       de.concept.nlview.Nlview::drawText (426 bytes)
Event: 2272.162 Thread 0x000000000a557800 21740   !   4       sun.java2d.SunGraphics2D::drawString (130 bytes)
Event: 2272.164 Thread 0x000000000a556000 21741  s    3       sun.awt.image.ToolkitImage::getHeight (48 bytes)
Event: 2272.164 Thread 0x000000000a556000 nmethod 21741 0x00000000143fbb50 code [0x00000000143fbce0, 0x00000000143fc1d8]
Event: 2272.165 Thread 0x000000000a557800 nmethod 21740 0x0000000015083790 code [0x0000000015083940, 0x0000000015083c60]
Event: 2272.187 Thread 0x000000000a55a000 nmethod 21739 0x0000000012e93f50 code [0x0000000012e94260, 0x0000000012e95e50]
Event: 2272.300 Thread 0x000000000a556000 21742       1       java.awt.event.MouseMotionAdapter::mouseMoved (1 bytes)
Event: 2272.300 Thread 0x000000000a556000 nmethod 21742 0x00000000145ce890 code [0x00000000145ce9e0, 0x00000000145ceaf0]
Event: 2276.200 Thread 0x000000000a559000 21743       4       com.jidesoft.docking.DefaultDockingManager$7::propertyChange (366 bytes)
Event: 2276.216 Thread 0x000000000a559000 nmethod 21743 0x0000000014254310 code [0x00000000142545c0, 0x0000000014255ad0]

GC Heap History (10 events):
Event: 2268.998 GC heap before
{Heap before GC invocations=428 (full 62):
 PSYoungGen      total 44032K, used 27872K [0x00000007bc400000, 0x00000007c0000000, 0x00000007c0000000)
  eden space 27136K, 100% used [0x00000007bc400000,0x00000007bde80000,0x00000007bde80000)
  from space 16896K, 4% used [0x00000007bde80000,0x00000007bdf38000,0x00000007bef00000)
  to   space 16384K, 0% used [0x00000007bf000000,0x00000007bf000000,0x00000007c0000000)
 ParOldGen       total 177152K, used 141022K [0x0000000700000000, 0x000000070ad00000, 0x00000007bc400000)
  object space 177152K, 79% used [0x0000000700000000,0x00000007089b7b28,0x000000070ad00000)
 Metaspace       used 73051K, capacity 73466K, committed 74240K, reserved 1112064K
  class space    used 10562K, capacity 10649K, committed 10752K, reserved 1048576K
Event: 2269.002 GC heap after
Heap after GC invocations=428 (full 62):
 PSYoungGen      total 45568K, used 2720K [0x00000007bc400000, 0x00000007c0000000, 0x00000007c0000000)
  eden space 29184K, 0% used [0x00000007bc400000,0x00000007bc400000,0x00000007be080000)
  from space 16384K, 16% used [0x00000007bf000000,0x00000007bf2a8000,0x00000007c0000000)
  to   space 15872K, 0% used [0x00000007be080000,0x00000007be080000,0x00000007bf000000)
 ParOldGen       total 177152K, used 141531K [0x0000000700000000, 0x000000070ad00000, 0x00000007bc400000)
  object space 177152K, 79% used [0x0000000700000000,0x0000000708a36db8,0x000000070ad00000)
 Metaspace       used 73051K, capacity 73466K, committed 74240K, reserved 1112064K
  class space    used 10562K, capacity 10649K, committed 10752K, reserved 1048576K
}
Event: 2269.121 GC heap before
{Heap before GC invocations=429 (full 62):
 PSYoungGen      total 45568K, used 31904K [0x00000007bc400000, 0x00000007c0000000, 0x00000007c0000000)
  eden space 29184K, 100% used [0x00000007bc400000,0x00000007be080000,0x00000007be080000)
  from space 16384K, 16% used [0x00000007bf000000,0x00000007bf2a8000,0x00000007c0000000)
  to   space 15872K, 0% used [0x00000007be080000,0x00000007be080000,0x00000007bf000000)
 ParOldGen       total 177152K, used 141531K [0x0000000700000000, 0x000000070ad00000, 0x00000007bc400000)
  object space 177152K, 79% used [0x0000000700000000,0x0000000708a36db8,0x000000070ad00000)
 Metaspace       used 73051K, capacity 73466K, committed 74240K, reserved 1112064K
  class space    used 10562K, capacity 10649K, committed 10752K, reserved 1048576K
Event: 2269.128 GC heap after
Heap after GC invocations=429 (full 62):
 PSYoungGen      total 45056K, used 4416K [0x00000007bc400000, 0x00000007c0000000, 0x00000007c0000000)
  eden space 29184K, 0% used [0x00000007bc400000,0x00000007bc400000,0x00000007be080000)
  from space 15872K, 27% used [0x00000007be080000,0x00000007be4d0000,0x00000007bf000000)
  to   space 14848K, 0% used [0x00000007bf180000,0x00000007bf180000,0x00000007c0000000)
 ParOldGen       total 177152K, used 143547K [0x0000000700000000, 0x000000070ad00000, 0x00000007bc400000)
  object space 177152K, 81% used [0x0000000700000000,0x0000000708c2edc8,0x000000070ad00000)
 Metaspace       used 73051K, capacity 73466K, committed 74240K, reserved 1112064K
  class space    used 10562K, capacity 10649K, committed 10752K, reserved 1048576K
}
Event: 2269.191 GC heap before
{Heap before GC invocations=430 (full 62):
 PSYoungGen      total 45056K, used 33600K [0x00000007bc400000, 0x00000007c0000000, 0x00000007c0000000)
  eden space 29184K, 100% used [0x00000007bc400000,0x00000007be080000,0x00000007be080000)
  from space 15872K, 27% used [0x00000007be080000,0x00000007be4d0000,0x00000007bf000000)
  to   space 14848K, 0% used [0x00000007bf180000,0x00000007bf180000,0x00000007c0000000)
 ParOldGen       total 177152K, used 143547K [0x0000000700000000, 0x000000070ad00000, 0x00000007bc400000)
  object space 177152K, 81% used [0x0000000700000000,0x0000000708c2edc8,0x000000070ad00000)
 Metaspace       used 73051K, capacity 73466K, committed 74240K, reserved 1112064K
  class space    used 10562K, capacity 10649K, committed 10752K, reserved 1048576K
Event: 2269.196 GC heap after
Heap after GC invocations=430 (full 62):
 PSYoungGen      total 47616K, used 3616K [0x00000007bc400000, 0x00000007c0000000, 0x00000007c0000000)
  eden space 32768K, 0% used [0x00000007bc400000,0x00000007bc400000,0x00000007be400000)
  from space 14848K, 24% used [0x00000007bf180000,0x00000007bf508000,0x00000007c0000000)
  to   space 13824K, 0% used [0x00000007be400000,0x00000007be400000,0x00000007bf180000)
 ParOldGen       total 177152K, used 145539K [0x0000000700000000, 0x000000070ad00000, 0x00000007bc400000)
  object space 177152K, 82% used [0x0000000700000000,0x0000000708e20dc8,0x000000070ad00000)
 Metaspace       used 73051K, capacity 73466K, committed 74240K, reserved 1112064K
  class space    used 10562K, capacity 10649K, committed 10752K, reserved 1048576K
}
Event: 2269.325 GC heap before
{Heap before GC invocations=431 (full 62):
 PSYoungGen      total 47616K, used 36384K [0x00000007bc400000, 0x00000007c0000000, 0x00000007c0000000)
  eden space 32768K, 100% used [0x00000007bc400000,0x00000007be400000,0x00000007be400000)
  from space 14848K, 24% used [0x00000007bf180000,0x00000007bf508000,0x00000007c0000000)
  to   space 13824K, 0% used [0x00000007be400000,0x00000007be400000,0x00000007bf180000)
 ParOldGen       total 177152K, used 145539K [0x0000000700000000, 0x000000070ad00000, 0x00000007bc400000)
  object space 177152K, 82% used [0x0000000700000000,0x0000000708e20dc8,0x000000070ad00000)
 Metaspace       used 73051K, capacity 73466K, committed 74240K, reserved 1112064K
  class space    used 10562K, capacity 10649K, committed 10752K, reserved 1048576K
Event: 2269.334 GC heap after
Heap after GC invocations=431 (full 62):
 PSYoungGen      total 46592K, used 5696K [0x00000007bc400000, 0x00000007c0000000, 0x00000007c0000000)
  eden space 32768K, 0% used [0x00000007bc400000,0x00000007bc400000,0x00000007be400000)
  from space 13824K, 41% used [0x00000007be400000,0x00000007be990000,0x00000007bf180000)
  to   space 13312K, 0% used [0x00000007bf300000,0x00000007bf300000,0x00000007c0000000)
 ParOldGen       total 177152K, used 148347K [0x0000000700000000, 0x000000070ad00000, 0x00000007bc400000)
  object space 177152K, 83% used [0x0000000700000000,0x00000007090dedc8,0x000000070ad00000)
 Metaspace       used 73051K, capacity 73466K, committed 74240K, reserved 1112064K
  class space    used 10562K, capacity 10649K, committed 10752K, reserved 1048576K
}
Event: 2269.496 GC heap before
{Heap before GC invocations=432 (full 62):
 PSYoungGen      total 46592K, used 38464K [0x00000007bc400000, 0x00000007c0000000, 0x00000007c0000000)
  eden space 32768K, 100% used [0x00000007bc400000,0x00000007be400000,0x00000007be400000)
  from space 13824K, 41% used [0x00000007be400000,0x00000007be990000,0x00000007bf180000)
  to   space 13312K, 0% used [0x00000007bf300000,0x00000007bf300000,0x00000007c0000000)
 ParOldGen       total 177152K, used 148347K [0x0000000700000000, 0x000000070ad00000, 0x00000007bc400000)
  object space 177152K, 83% used [0x0000000700000000,0x00000007090dedc8,0x000000070ad00000)
 Metaspace       used 73054K, capacity 73466K, committed 74240K, reserved 1112064K
  class space    used 10562K, capacity 10649K, committed 10752K, reserved 1048576K
Event: 2269.503 GC heap after
Heap after GC invocations=432 (full 62):
 PSYoungGen      total 48640K, used 3616K [0x00000007bc400000, 0x00000007c0000000, 0x00000007c0000000)
  eden space 35328K, 0% used [0x00000007bc400000,0x00000007bc400000,0x00000007be680000)
  from space 13312K, 27% used [0x00000007bf300000,0x00000007bf688000,0x00000007c0000000)
  to   space 12800K, 0% used [0x00000007be680000,0x00000007be680000,0x00000007bf300000)
 ParOldGen       total 177152K, used 151573K [0x0000000700000000, 0x000000070ad00000, 0x00000007bc400000)
  object space 177152K, 85% used [0x0000000700000000,0x00000007094055e8,0x000000070ad00000)
 Metaspace       used 73054K, capacity 73466K, committed 74240K, reserved 1112064K
  class space    used 10562K, capacity 10649K, committed 10752K, reserved 1048576K
}

Deoptimization events (10 events):
Event: 2267.537 Thread 0x0000000024a11000 Uncommon trap: reason=class_check action=maybe_recompile pc=0x00000000142b85a4 method=java.util.HashMap.removeNode(ILjava/lang/Object;Ljava/lang/Object;ZZ)Ljava/util/HashMap$Node; @ 68
Event: 2267.537 Thread 0x0000000024a11000 Uncommon trap: reason=bimorphic action=maybe_recompile pc=0x00000000151451e8 method=java.util.HashMap.removeNode(ILjava/lang/Object;Ljava/lang/Object;ZZ)Ljava/util/HashMap$Node; @ 143
Event: 2267.538 Thread 0x0000000024a11000 Uncommon trap: reason=bimorphic action=maybe_recompile pc=0x00000000151451e8 method=java.util.HashMap.removeNode(ILjava/lang/Object;Ljava/lang/Object;ZZ)Ljava/util/HashMap$Node; @ 143
Event: 2267.538 Thread 0x0000000024a11000 Uncommon trap: reason=bimorphic action=maybe_recompile pc=0x00000000143f17b0 method=java.util.HashMap.removeNode(ILjava/lang/Object;Ljava/lang/Object;ZZ)Ljava/util/HashMap$Node; @ 143
Event: 2267.570 Thread 0x0000000024a11000 Uncommon trap: reason=unstable_if action=reinterpret pc=0x0000000013ebe4a8 method=javax.swing.text.BoxView.getChildAllocation(ILjava/awt/Shape;)Ljava/awt/Shape; @ 49
Event: 2267.571 Thread 0x0000000024a11000 Uncommon trap: reason=unstable_if action=reinterpret pc=0x0000000014b1f9a0 method=javax.swing.text.FlowView$FlowStrategy.removeUpdate(Ljavax/swing/text/FlowView;Ljavax/swing/event/DocumentEvent;Ljava/awt/Rectangle;)V @ 12
Event: 2267.571 Thread 0x0000000024a11000 Uncommon trap: reason=unstable_if action=reinterpret pc=0x0000000013cc1698 method=javax.swing.text.BoxView.getChildAllocation(ILjava/awt/Shape;)Ljava/awt/Shape; @ 49
Event: 2268.883 Thread 0x0000000024a11000 Uncommon trap: reason=bimorphic action=maybe_recompile pc=0x00000000147ba974 method=java.util.HashMap.putVal(ILjava/lang/Object;Ljava/lang/Object;ZZ)Ljava/lang/Object; @ 253
Event: 2268.883 Thread 0x0000000024a11000 Uncommon trap: reason=bimorphic action=maybe_recompile pc=0x00000000147ba974 method=java.util.HashMap.putVal(ILjava/lang/Object;Ljava/lang/Object;ZZ)Ljava/lang/Object; @ 253
Event: 2268.915 Thread 0x0000000024a11000 Uncommon trap: reason=class_check action=maybe_recompile pc=0x0000000013ed11e0 method=javax.swing.text.StyleContext.getFont(Ljava/lang/String;II)Ljava/awt/Font; @ 21

Internal exceptions (10 events):
Event: 2271.829 Thread 0x0000000024a11000 Exception <a 'ui/frmwork/CommandFailedException'> (0x00000007bd4b2ae0) thrown at [C:\re\workspace\8-2-build-windows-amd64-cygwin\jdk8u66\5298\hotspot\src\share\vm\prims\jni.cpp, line 709]
Event: 2271.836 Thread 0x0000000024a11000 Exception <a 'ui/frmwork/CommandFailedException'> (0x00000007bd4b5020) thrown at [C:\re\workspace\8-2-build-windows-amd64-cygwin\jdk8u66\5298\hotspot\src\share\vm\prims\jni.cpp, line 709]
Event: 2271.837 Thread 0x0000000024a11000 Exception <a 'ui/frmwork/CommandFailedException'> (0x00000007bd4b9998) thrown at [C:\re\workspace\8-2-build-windows-amd64-cygwin\jdk8u66\5298\hotspot\src\share\vm\prims\jni.cpp, line 709]
Event: 2271.852 Thread 0x0000000024a11000 Exception <a 'ui/frmwork/CommandFailedException'> (0x00000007bd4bbef8) thrown at [C:\re\workspace\8-2-build-windows-amd64-cygwin\jdk8u66\5298\hotspot\src\share\vm\prims\jni.cpp, line 709]
Event: 2271.853 Thread 0x0000000024a11000 Exception <a 'ui/frmwork/CommandFailedException'> (0x00000007bd4c0870) thrown at [C:\re\workspace\8-2-build-windows-amd64-cygwin\jdk8u66\5298\hotspot\src\share\vm\prims\jni.cpp, line 709]
Event: 2272.012 Thread 0x0000000024a11000 Exception <a 'ui/frmwork/CommandFailedException'> (0x00000007bd527f30) thrown at [C:\re\workspace\8-2-build-windows-amd64-cygwin\jdk8u66\5298\hotspot\src\share\vm\prims\jni.cpp, line 709]
Event: 2272.013 Thread 0x0000000024a11000 Exception <a 'ui/frmwork/CommandFailedException'> (0x00000007bd52c830) thrown at [C:\re\workspace\8-2-build-windows-amd64-cygwin\jdk8u66\5298\hotspot\src\share\vm\prims\jni.cpp, line 709]
Event: 2272.020 Thread 0x0000000024a11000 Exception <a 'ui/frmwork/CommandFailedException'> (0x00000007bd532678) thrown at [C:\re\workspace\8-2-build-windows-amd64-cygwin\jdk8u66\5298\hotspot\src\share\vm\prims\jni.cpp, line 709]
Event: 2272.021 Thread 0x0000000024a11000 Exception <a 'ui/frmwork/CommandFailedException'> (0x00000007bd536e10) thrown at [C:\re\workspace\8-2-build-windows-amd64-cygwin\jdk8u66\5298\hotspot\src\share\vm\prims\jni.cpp, line 709]
Event: 2275.997 Thread 0x0000000024a11000 Exception <a 'java/io/FileNotFoundException'> (0x00000007bd6f2040) thrown at [C:\re\workspace\8-2-build-windows-amd64-cygwin\jdk8u66\5298\hotspot\src\share\vm\prims\jni.cpp, line 709]

Events (10 events):
Event: 2269.540 Executing VM operation: RevokeBias done
Event: 2269.554 Thread 0x000000000a556000 flushing nmethod 0x00000000145ce890
Event: 2274.030 Thread 0x0000000065e93000 Thread added: 0x0000000065e93000
Event: 2274.030 Executing VM operation: RevokeBias
Event: 2274.030 Executing VM operation: RevokeBias done
Event: 2274.030 Thread 0x0000000065e93000 Thread exited: 0x0000000065e93000
Event: 2274.584 Executing VM operation: RevokeBias
Event: 2274.584 Executing VM operation: RevokeBias done
Event: 2274.584 Thread 0x000000005ffaf800 Thread exited: 0x000000005ffaf800
Event: 2276.204 Thread 0x0000000065e93000 Thread added: 0x0000000065e93000


Dynamic libraries:
0x000000013fe40000 - 0x000000013fe70000 	C:\Xilinx\Vivado\2016.2\bin\unwrapped\win64.o\vivado.exe
0x00000000777b0000 - 0x000000007795a000 	C:\Windows\SYSTEM32\ntdll.dll
0x0000000077590000 - 0x00000000776af000 	C:\Windows\system32\kernel32.dll
0x000007fefd510000 - 0x000007fefd57a000 	C:\Windows\system32\KERNELBASE.dll
0x000000000a900000 - 0x000000000a98d000 	C:\Xilinx\Vivado\2016.2\lib\win64.o\SHSMP64.dll
0x00000000776b0000 - 0x00000000777aa000 	C:\Windows\system32\USER32.dll
0x000007fefdb80000 - 0x000007fefdbe7000 	C:\Windows\system32\GDI32.dll
0x000007feff180000 - 0x000007feff18e000 	C:\Windows\system32\LPK.dll
0x000007fefdd80000 - 0x000007fefde4a000 	C:\Windows\system32\USP10.dll
0x000007fefef50000 - 0x000007fefefef000 	C:\Windows\system32\msvcrt.dll
0x000007feff9b0000 - 0x000007feffa8b000 	C:\Windows\system32\ADVAPI32.dll
0x000007feff990000 - 0x000007feff9af000 	C:\Windows\SYSTEM32\sechost.dll
0x000007fefde50000 - 0x000007fefdf7d000 	C:\Windows\system32\RPCRT4.dll
0x000007fefc580000 - 0x000007fefc58c000 	C:\Windows\system32\VERSION.dll
0x000007fefaae0000 - 0x000007fefaaf3000 	C:\Xilinx\Vivado\2016.2\lib\win64.o\libboost_signals.dll
0x000007feebd00000 - 0x000007feebda7000 	C:\Windows\system32\MSVCP110.dll
0x000007feebe30000 - 0x000007feebf04000 	C:\Windows\system32\MSVCR110.dll
0x000007feea250000 - 0x000007feeac90000 	C:\Xilinx\Vivado\2016.2\lib\win64.o\librdi_common.dll
0x000007fee9ee0000 - 0x000007feea24e000 	C:\Xilinx\Vivado\2016.2\lib\win64.o\libCOIN-all.dll
0x000007fee9cc0000 - 0x000007fee9edf000 	C:\Xilinx\Vivado\2016.2\lib\win64.o\libXil_lmgr11.dll
0x000007fefb560000 - 0x000007fefb576000 	C:\Windows\system32\NETAPI32.dll
0x000007fefc920000 - 0x000007fefc92c000 	C:\Windows\system32\netutils.dll
0x000007fefcf00000 - 0x000007fefcf23000 	C:\Windows\system32\srvcli.dll
0x000007fefb540000 - 0x000007fefb555000 	C:\Windows\system32\wkscli.dll
0x000007feff040000 - 0x000007feff0d7000 	C:\Windows\system32\COMDLG32.dll
0x000007fefdbf0000 - 0x000007fefdc61000 	C:\Windows\system32\SHLWAPI.dll
0x000007fef54e0000 - 0x000007fef5580000 	C:\Windows\WinSxS\amd64_microsoft.windows.common-controls_6595b64144ccf1df_5.82.7601.18837_none_a4d981ff711297b6\COMCTL32.dll
0x000007fefdfe0000 - 0x000007fefed69000 	C:\Windows\system32\SHELL32.dll
0x000007fefb5c0000 - 0x000007fefb5c9000 	C:\Windows\system32\WSOCK32.dll
0x000007fefeff0000 - 0x000007feff03d000 	C:\Windows\system32\WS2_32.dll
0x000007feff5b0000 - 0x000007feff5b8000 	C:\Windows\system32\NSI.dll
0x000007feff8b0000 - 0x000007feff988000 	C:\Windows\system32\OLEAUT32.dll
0x000007feff210000 - 0x000007feff413000 	C:\Windows\system32\ole32.dll
0x000007fefd7d0000 - 0x000007fefd80b000 	C:\Windows\system32\WINTRUST.dll
0x000007fefd650000 - 0x000007fefd7bd000 	C:\Windows\system32\CRYPT32.dll
0x000007fefd500000 - 0x000007fefd50f000 	C:\Windows\system32\MSASN1.dll
0x000007fefb490000 - 0x000007fefb4a0000 	C:\Xilinx\Vivado\2016.2\lib\win64.o\libboost_date_time.dll
0x000007fefa8d0000 - 0x000007fefa8f4000 	C:\Xilinx\Vivado\2016.2\lib\win64.o\libboost_filesystem.dll
0x000007fefb4e0000 - 0x000007fefb4e9000 	C:\Xilinx\Vivado\2016.2\lib\win64.o\libboost_system.dll
0x000007fef4ca0000 - 0x000007fef4d17000 	C:\Xilinx\Vivado\2016.2\lib\win64.o\libboost_program_options.dll
0x000007fee9bb0000 - 0x000007fee9cb6000 	C:\Xilinx\Vivado\2016.2\lib\win64.o\libboost_regex.dll
0x000007fefab00000 - 0x000007fefab1d000 	C:\Xilinx\Vivado\2016.2\lib\win64.o\libboost_thread.dll
0x000007fefaad0000 - 0x000007fefaadb000 	C:\Xilinx\Vivado\2016.2\lib\win64.o\libboost_chrono.dll
0x000007fefae50000 - 0x000007fefae5b000 	C:\Xilinx\Vivado\2016.2\lib\win64.o\libboost_xilinx.dll
0x000007fef8f00000 - 0x000007fef8f80000 	C:\Xilinx\Vivado\2016.2\lib\win64.o\libhdlpsolve.dll
0x000007fef2210000 - 0x000007fef22aa000 	C:\Xilinx\Vivado\2016.2\lib\win64.o\libhdxml.dll
0x000007fee9740000 - 0x000007fee9ba5e00 	C:\Xilinx\Vivado\2016.2\lib\win64.o\libisl_iostreams.dll
0x000007fef9080000 - 0x000007fef9096000 	C:\Xilinx\Vivado\2016.2\lib\win64.o\libboost_iostreams.dll
0x000007fef5a70000 - 0x000007fef5a93000 	C:\Xilinx\Vivado\2016.2\lib\win64.o\librdizlib.dll
0x000007fef5aa0000 - 0x000007fef5ac3000 	C:\Xilinx\Vivado\2016.2\lib\win64.o\libisl_iosutils.dll
0x000007fef4470000 - 0x000007fef449a000 	C:\Xilinx\Vivado\2016.2\lib\win64.o\libisl_sysinfo.dll
0x00000000731f0000 - 0x0000000073a79000 	C:\Xilinx\Vivado\2016.2\tps\win64\jre\bin\server\jvm.dll
0x000007fefa220000 - 0x000007fefa25b000 	C:\Windows\system32\WINMM.dll
0x0000000077970000 - 0x0000000077977000 	C:\Windows\system32\PSAPI.DLL
0x0000000073110000 - 0x00000000731e2000 	C:\Windows\system32\MSVCR100.dll
0x000007fef90a0000 - 0x000007fef90b5000 	C:\Xilinx\Vivado\2016.2\lib\win64.o\pthreadVC2.dll
0x000007fef4410000 - 0x000007fef4464000 	C:\Xilinx\Vivado\2016.2\lib\win64.o\librdi_commonxillic.dll
0x000007fef1ca0000 - 0x000007fef1dd0000 	C:\Xilinx\Vivado\2016.2\lib\win64.o\librdi_curl.dll
0x000007fef5880000 - 0x000007fef5898000 	C:\Xilinx\Vivado\2016.2\lib\win64.o\librdiconfig.dll
0x0000000072fe0000 - 0x0000000073107000 	C:\Xilinx\Vivado\2016.2\lib\win64.o\tcl85t.dll
0x0000000012000000 - 0x0000000012263000 	C:\Xilinx\Vivado\2016.2\lib\win64.o\xerces-c_3_1.dll
0x000007feff5c0000 - 0x000007feff885000 	C:\Windows\system32\WININET.dll
0x000007fefd640000 - 0x000007fefd644000 	C:\Windows\system32\api-ms-win-downlevel-user32-l1-1-0.dll
0x000007fefd830000 - 0x000007fefd834000 	C:\Windows\system32\api-ms-win-downlevel-shlwapi-l1-1-0.dll
0x000007fefd7c0000 - 0x000007fefd7c4000 	C:\Windows\system32\api-ms-win-downlevel-version-l1-1-0.dll
0x000007fefd590000 - 0x000007fefd593000 	C:\Windows\system32\api-ms-win-downlevel-normaliz-l1-1-0.dll
0x0000000077980000 - 0x0000000077983000 	C:\Windows\system32\normaliz.DLL
0x000007fefd8b0000 - 0x000007fefdb79000 	C:\Windows\system32\iertutil.dll
0x000007fefd860000 - 0x000007fefd865000 	C:\Windows\system32\api-ms-win-downlevel-advapi32-l1-1-0.dll
0x000007fefd810000 - 0x000007fefd82e000 	C:\Windows\system32\USERENV.dll
0x000007fefd4f0000 - 0x000007fefd4ff000 	C:\Windows\system32\profapi.dll
0x000007fef9880000 - 0x000007fef98f1000 	C:\Windows\system32\WINHTTP.dll
0x000007fef97f0000 - 0x000007fef9854000 	C:\Windows\system32\webio.dll
0x000007feff420000 - 0x000007feff5a6000 	C:\Windows\system32\urlmon.dll
0x000007fefd580000 - 0x000007fefd584000 	C:\Windows\system32\api-ms-win-downlevel-ole32-l1-1-0.dll
0x000007fef5850000 - 0x000007fef5873000 	C:\Windows\system32\VCOMP110.DLL
0x000007fef43f0000 - 0x000007fef4401000 	C:\Xilinx\Vivado\2016.2\lib\win64.o\librdi_commonmain.dll
0x000007fefa270000 - 0x000007fefa279000 	C:\Xilinx\Vivado\2016.2\lib\win64.o\librdi_commonversion.dll
0x000007feffa90000 - 0x000007feffabe000 	C:\Windows\system32\IMM32.DLL
0x000007fefdc70000 - 0x000007fefdd79000 	C:\Windows\system32\MSCTF.dll
0x000007fee9320000 - 0x000007fee973e000 	C:\Xilinx\Vivado\2016.2\lib\win64.o\librdi_commontasks.dll
0x000007fee76c0000 - 0x000007fee9316000 	C:\Xilinx\Vivado\2016.2\lib\win64.o\librdi_tcltasks.dll
0x000007fee7440000 - 0x000007fee76b7000 	C:\Xilinx\Vivado\2016.2\lib\win64.o\librdi_bitstream.dll
0x000007fede570000 - 0x000007fee7431000 	C:\Xilinx\Vivado\2016.2\lib\win64.o\librdi_device.dll
0x000007fef41b0000 - 0x000007fef41f7000 	C:\Xilinx\Vivado\2016.2\lib\win64.o\libboost_serialization.dll
0x000007feddbf0000 - 0x000007fede56f000 	C:\Xilinx\Vivado\2016.2\lib\win64.o\libverific.dll
0x000007feddab0000 - 0x000007feddbef000 	C:\Xilinx\Vivado\2016.2\lib\win64.o\librdi_board.dll
0x000007fef1c40000 - 0x000007fef1c9d000 	C:\Xilinx\Vivado\2016.2\lib\win64.o\librdi_boarddep.dll
0x000007fedd890000 - 0x000007feddaa1000 	C:\Xilinx\Vivado\2016.2\lib\win64.o\librdi_chipscope.dll
0x000007fef1bd0000 - 0x000007fef1c33000 	C:\Xilinx\Vivado\2016.2\lib\win64.o\liblmx6.0.dll
0x000007fedc620000 - 0x000007fedd88b000 	C:\Xilinx\Vivado\2016.2\lib\win64.o\librdi_constraints.dll
0x000007fedc0d0000 - 0x000007fedc61a000 	C:\Xilinx\Vivado\2016.2\lib\win64.o\librdi_filemgmt.dll
0x000007fedbee0000 - 0x000007fedc0d0000 	C:\Xilinx\Vivado\2016.2\lib\win64.o\librdi_sio.dll
0x000007fefaa40000 - 0x000007fefaa67000 	C:\Windows\system32\IPHLPAPI.DLL
0x000007fefaa30000 - 0x000007fefaa3b000 	C:\Windows\system32\WINNSI.DLL
0x000007fedbaa0000 - 0x000007fedbed4000 	C:\Xilinx\Vivado\2016.2\lib\win64.o\librdi_netlist.dll
0x000007fedb5c0000 - 0x000007fedba91000 	C:\Xilinx\Vivado\2016.2\lib\win64.o\librdi_psta.dll
0x000007fed8ab0000 - 0x000007fedb5b3000 	C:\Xilinx\Vivado\2016.2\lib\win64.o\librdi_coregen.dll
0x000007fed83f0000 - 0x000007fed8aa3000 	C:\Xilinx\Vivado\2016.2\lib\win64.o\librdi_coregenipxact.dll
0x000007fed4b80000 - 0x000007fed83e7000 	C:\Xilinx\Vivado\2016.2\lib\win64.o\librdi_designutils.dll
0x000007fed4640000 - 0x000007fed4b80000 	C:\Xilinx\Vivado\2016.2\lib\win64.o\librdi_xdm.dll
0x000007fed40b0000 - 0x000007fed463d000 	C:\Xilinx\Vivado\2016.2\lib\win64.o\librdi_memdata.dll
0x000007fed3ba0000 - 0x000007fed40a3000 	C:\Xilinx\Vivado\2016.2\lib\win64.o\librdi_drc.dll
0x000007fed3110000 - 0x000007fed3b9e000 	C:\Xilinx\Vivado\2016.2\lib\win64.o\librdi_timing.dll
0x000007fed2ef0000 - 0x000007fed3110000 	C:\Xilinx\Vivado\2016.2\lib\win64.o\librdi_dlyest.dll
0x000007fed2e50000 - 0x000007fed2ee7000 	C:\Xilinx\Vivado\2016.2\lib\win64.o\libise.dll
0x000007fef3e60000 - 0x000007fef3e9b000 	C:\Xilinx\Vivado\2016.2\lib\win64.o\librdi_pfi.dll
0x000007feeb730000 - 0x000007feeb773000 	C:\Xilinx\Vivado\2016.2\lib\win64.o\librdi_hdf.dll
0x000007fed2c50000 - 0x000007fed2e42000 	C:\Xilinx\Vivado\2016.2\lib\win64.o\librdi_hsm.dll
0x000007fed29c0000 - 0x000007fed2c41000 	C:\Xilinx\Vivado\2016.2\lib\win64.o\librdi_ippcw.dll
0x000007fed28d0000 - 0x000007fed29b3000 	C:\Xilinx\Vivado\2016.2\lib\win64.o\librdi_containers.dll
0x000007fed2810000 - 0x000007fed28d0000 	C:\Xilinx\Vivado\2016.2\lib\win64.o\librdi_dsp.dll
0x000007fed2690000 - 0x000007fed280d000 	C:\Xilinx\Vivado\2016.2\lib\win64.o\librdi_simdata.dll
0x000007fed22e0000 - 0x000007fed2681000 	C:\Xilinx\Vivado\2016.2\lib\win64.o\librdi_wavedata.dll
0x000007fed2260000 - 0x000007fed22df000 	C:\Xilinx\Vivado\2016.2\lib\win64.o\librdi_simbridge_kernel.dll
0x000007fef21d0000 - 0x000007fef220a000 	C:\Xilinx\Vivado\2016.2\lib\win64.o\librdi_wavedata_SimpleApi.dll
0x000007fed2020000 - 0x000007fed2260000 	C:\Xilinx\Vivado\2016.2\lib\win64.o\librdi_guitools.dll
0x000007fed0680000 - 0x000007fed201e000 	C:\Xilinx\Vivado\2016.2\lib\win64.o\librdi_place.dll
0x000007fed00c0000 - 0x000007fed067c000 	C:\Xilinx\Vivado\2016.2\lib\win64.o\librdi_abc_nomp.dll
0x000007fef4c80000 - 0x000007fef4c99000 	C:\Xilinx\Vivado\2016.2\lib\win64.o\librdi_hmetis.dll
0x000007fece880000 - 0x000007fed00b1000 	C:\Xilinx\Vivado\2016.2\lib\win64.o\librdi_mig.dll
0x000007fece2c0000 - 0x000007fece878000 	C:\Xilinx\Vivado\2016.2\lib\win64.o\librdi_power.dll
0x000007fecd680000 - 0x000007fece2b6000 	C:\Xilinx\Vivado\2016.2\lib\win64.o\librdi_route.dll
0x000007fecd200000 - 0x000007fecd67d000 	C:\Xilinx\Vivado\2016.2\lib\win64.o\librdi_project.dll
0x000007feccb60000 - 0x000007fecd1f4000 	C:\Xilinx\Vivado\2016.2\lib\win64.o\librdi_labtools.dll
0x000007fef43c0000 - 0x000007fef43e8000 	C:\Xilinx\Vivado\2016.2\lib\win64.o\librdi_commoncwebtalk.dll
0x000007fef4180000 - 0x000007fef41aa000 	C:\Xilinx\Vivado\2016.2\lib\win64.o\librdi_hcp.dll
0x000007fecc8f0000 - 0x000007feccb57000 	C:\Xilinx\Vivado\2016.2\lib\win64.o\librdi_xicom_hw.dll

VM Arguments:
jvm_args: -Dsun.java2d.pmoffscreen=false -Dsun.java2d.d3d=false -Dsun.awt.nopixfmt=true -Xverify:none -Dswing.aatext=true -XX:-UsePerfData -Djdk.map.althashing.threshold=512 -XX:StringTableSize=4072 -XX:NewSize=60m -XX:MaxNewSize=60m -Xms128m -Xmx3072m -Xss5m 
java_command: <unknown>
java_class_path (initial): C:/Xilinx/Vivado/2016.2\lib\classes\alloy.jar;C:/Xilinx/Vivado/2016.2\lib\classes\batik-anim.jar;C:/Xilinx/Vivado/2016.2\lib\classes\batik-awt-util.jar;C:/Xilinx/Vivado/2016.2\lib\classes\batik-bridge.jar;C:/Xilinx/Vivado/2016.2\lib\classes\batik-codec.jar;C:/Xilinx/Vivado/2016.2\lib\classes\batik-css.jar;C:/Xilinx/Vivado/2016.2\lib\classes\batik-dom.jar;C:/Xilinx/Vivado/2016.2\lib\classes\batik-ext.jar;C:/Xilinx/Vivado/2016.2\lib\classes\batik-gui-util.jar;C:/Xilinx/Vivado/2016.2\lib\classes\batik-gvt.jar;C:/Xilinx/Vivado/2016.2\lib\classes\batik-parser.jar;C:/Xilinx/Vivado/2016.2\lib\classes\batik-script.jar;C:/Xilinx/Vivado/2016.2\lib\classes\batik-svg-dom.jar;C:/Xilinx/Vivado/2016.2\lib\classes\batik-swing.jar;C:/Xilinx/Vivado/2016.2\lib\classes\batik-transcoder.jar;C:/Xilinx/Vivado/2016.2\lib\classes\batik-util.jar;C:/Xilinx/Vivado/2016.2\lib\classes\batik-xml.jar;C:/Xilinx/Vivado/2016.2\lib\classes\commons-math-2.2.jar;C:/Xilinx/Vivado/2016.2\lib\classes\dom4j-1.6.1.jar;C:/Xilinx/Vivado/2016.2\lib\classes\forms.jar;C:/Xilinx/Vivado/2016.2\lib\classes\guava-18.0.jar;C:/Xilinx/Vivado/2016.2\lib\classes\help.jar;C:/Xilinx/Vivado/2016.2\lib\classes\hsqldb.jar;C:/Xilinx/Vivado/2016.2\lib\classes\jh.jar;C:/Xilinx/Vivado/2016.2\lib\classes\jide-action.jar;C:/Xilinx/Vivado/2016.2\lib\classes\jide-charts.jar;C:/Xilinx/Vivado/2016.2\lib\classes\jide-common.jar;C:/Xilinx/Vivado/2016.2\lib\classes\jide-components.jar;C:/Xilinx/Vivado/2016.2\lib\classes\jide-dashboard.jar;C:/Xilinx/Vivado/2016.2\lib\classes\jide-data.jar;C:/Xilinx/Vivado/2016.2\lib\classes\jide-dialogs.jar;C:/Xilinx/Vivado/2016.2\lib\classes\jide-diff.jar;C:/Xilinx/Vivado/2016.2\lib\classes\jide-dock.jar;C:/Xilinx/Vivado/2016.2\lib\classes\jide-editor.jar;C:/Xilinx/Vivado/2016.2\lib\classes\jide-gantt.jar;C:/Xilinx/Vivado/2016.2\lib\classes\jide-grids.jar;C:/Xilinx/Vivado/2016.2\lib\classes\jide-pivot.jar;C:/Xilinx/Vivado/2016.2\lib\classes\jide-plaf-jdk7.jar;C:/Xilinx/Vivado/2
Launcher Type: generic

Environment Variables:
PATH=C:/Xilinx/Vivado/2016.2/bin;C:/Xilinx/Vivado/2016.2/lib/win64.o;C:/Xilinx/Vivado/2016.2/tps/win64/jre/bin/server;C:/Xilinx/Vivado/2016.2/tps/win64/jre/bin;C:/Xilinx/SDK/2016.2/bin;C:/Xilinx/Vivado/2016.2/ids_lite/ISE/bin/nt64;C:/Xilinx/Vivado/2016.2/ids_lite/ISE/lib/nt64;C:/Xilinx/Vivado_HLS/2016.2/bin;C:\Windows\system32;C:\Windows;C:\Windows\System32\Wbem;C:\Windows\System32\WindowsPowerShell\v1.0\;C:\Program Files (x86)\Java\jre6\bin;C:\Program Files (x86)\eclipse;C:\altera\16.0\quartus\bin64;c:\altera\16.0\quartus\bin64\jre64\bin
USERNAME=milwidya
OS=Windows_NT
PROCESSOR_IDENTIFIER=Intel64 Family 6 Model 60 Stepping 3, GenuineIntel



---------------  S Y S T E M  ---------------

OS: Windows 7 , 64 bit Build 7601 (6.1.7601.23418)

CPU:total 8 (4 cores per cpu, 2 threads per core) family 6 model 60 stepping 3, cmov, cx8, fxsr, mmx, sse, sse2, sse3, ssse3, sse4.1, sse4.2, popcnt, avx, avx2, aes, clmul, erms, lzcnt, ht, tsc, tscinvbit, bmi1, bmi2

Memory: 4k page, physical 16683160k(11276456k free), swap 33364460k(27690280k free)

vm_info: Java HotSpot(TM) 64-Bit Server VM (25.66-b18) for windows-amd64 JRE (1.8.0_66-b18), built on Nov  9 2015 10:51:13 by "java_re" with MS VC++ 10.0 (VS2010)

time: Wed Mar 22 16:44:37 2017
elapsed time: 2276 seconds (0d 0h 37m 56s)

