#
# A fatal error has been detected by the Java Runtime Environment:
#
#  Internal Error (0xc000000d), pid=4128, tid=4272
#
# JRE version: Java(TM) SE Runtime Environment (8.0_66-b18) (build 1.8.0_66-b18)
# Java VM: Java HotSpot(TM) 64-Bit Server VM (25.66-b18 mixed mode windows-amd64 compressed oops)
# Problematic frame:
# C  [ntdll.dll+0x96b4f]
#
# Failed to write core dump. Minidumps are not enabled by default on client versions of Windows
#
# If you would like to submit a bug report, please visit:
#   http://bugreport.java.com/bugreport/crash.jsp
#

---------------  T H R E A D  ---------------

Current thread (0x0000000014f12800):  VMThread [stack: 0x0000000015e60000,0x0000000015f60000] [id=4272]

siginfo: ExceptionCode=0xc000000d

Registers:
RAX=0x0000000061f0bfde, RBX=0x0000000000000000, RCX=0x0000000015f5ef10, RDX=0x0000000000000000
RSP=0x0000000015f5f520, RBP=0x00000000175b4010, RSI=0x000007feebe37408, RDI=0x0000000015f5f668
R8 =0x0000000000000000, R9 =0x0000000000000000, R10=0x0000000000000000, R11=0x0000000000000246
R12=0x00000000002b3800, R13=0x00000000002b37d0, R14=0x00000000175b4118, R15=0x0000000000000000
RIP=0x0000000077846b4f, EFLAGS=0x0000000000000206

Top of Stack: (sp=0x0000000015f5f520)
0x0000000015f5f520:   0000000000000000 000007feebe37408
0x0000000015f5f530:   0000000015f5f668 0000000000000000
0x0000000015f5f540:   0000000000000050 00000000001e0000
0x0000000015f5f550:   0000000000000000 0000000000000000
0x0000000015f5f560:   0000000000000002 00000000777fdb18
0x0000000015f5f570:   00000000c000000d 0000000000000000
0x0000000015f5f580:   0000000077846b4f 0000000000000000
0x0000000015f5f590:   0000000000000000 0000000000000000
0x0000000015f5f5a0:   0000000000000000 0000000000000000
0x0000000015f5f5b0:   0000000000000000 0000000000000000
0x0000000015f5f5c0:   0000000000000000 0000000000000000
0x0000000015f5f5d0:   0000000000000000 0000000000000000
0x0000000015f5f5e0:   0000000000000000 0000000000000000
0x0000000015f5f5f0:   0000000000000000 0000000000000000
0x0000000015f5f600:   0000000000000000 00000000002b3800
0x0000000015f5f610:   0000000000000cc8 00000000775d3458 

Instructions: (pc=0x0000000077846b4f)
0x0000000077846b2f:   cd 6b fb ff b9 57 00 00 00 c7 44 24 50 0d 00 00
0x0000000077846b3f:   c0 e8 bb 6e fb ff 48 8d 4c 24 50 e8 31 1d f8 ff
0x0000000077846b4f:   4c 8b 1d 82 68 09 00 4d 85 db 74 5b 65 48 8b 04
0x0000000077846b5f:   25 30 00 00 00 f6 80 ee 17 00 00 08 74 12 65 48 


Register to memory mapping:

RAX=0x0000000061f0bfde is an unknown value
RBX=0x0000000000000000 is an unknown value
RCX=0x0000000015f5ef10 is an unknown value
RDX=0x0000000000000000 is an unknown value
RSP=0x0000000015f5f520 is an unknown value
RBP=0x00000000175b4010 is an unknown value
RSI=0x000007feebe37408 is an unknown value
RDI=0x0000000015f5f668 is an unknown value
R8 =0x0000000000000000 is an unknown value
R9 =0x0000000000000000 is an unknown value
R10=0x0000000000000000 is an unknown value
R11=0x0000000000000246 is an unknown value
R12=0x00000000002b3800 is an unknown value
R13=0x00000000002b37d0 is an unknown value
R14=0x00000000175b4118 is an unknown value
R15=0x0000000000000000 is an unknown value


Stack: [0x0000000015e60000,0x0000000015f60000],  sp=0x0000000015f5f520,  free space=1021k
Native frames: (J=compiled Java code, j=interpreted, Vv=VM code, C=native code)
C  [ntdll.dll+0x96b4f]
C  [kernel32.dll+0x43458]
C  [MSVCR110.dll+0x752d]
C  [MSVCR110.dll+0x73c6]
C  [MSVCR110.dll+0x14cca]
C  [MSVCR110.dll+0x13edc]
C  [MSVCR110.dll+0x239e]
C  [MSVCR110.dll+0xaf9e]
C  [MSVCP110.dll+0x397b9]
C  [librdi_common.dll+0x182316]
C  [librdi_common.dll+0x180fab]
C  [librdi_target_manager.dll+0x2400]
C  [librdi_target_manager.dll+0x2682]
C  [ntdll.dll+0x229b1]
C  [ntdll.dll+0x227c0]
C  [MSVCR100.dll+0x20ccd]
V  [jvm.dll+0x210cc5]
V  [jvm.dll+0x249897]
V  [jvm.dll+0x248b36]
V  [jvm.dll+0x248fd1]
V  [jvm.dll+0x2491ee]
V  [jvm.dll+0x29a0fa]
C  [MSVCR100.dll+0x21d9f]
C  [MSVCR100.dll+0x21e3b]
C  [kernel32.dll+0x159bd]
C  [ntdll.dll+0x2a2e1]

VM_Operation (0x000000000012f4c0): Exit, mode: safepoint, requested by thread 0x00000000023b8000


---------------  P R O C E S S  ---------------

Java Threads: ( => current thread )
  0x0000000018925800 JavaThread "pool-2-thread-8" [_thread_blocked, id=4640, stack(0x00000000241f0000,0x00000000242f0000)]
  0x0000000018924800 JavaThread "pool-2-thread-7" [_thread_blocked, id=3352, stack(0x0000000028a40000,0x0000000028b40000)]
  0x000000001ab69000 JavaThread "pool-2-thread-6" [_thread_blocked, id=4784, stack(0x0000000028840000,0x0000000028940000)]
  0x000000001ab68800 JavaThread "pool-2-thread-5" [_thread_blocked, id=4668, stack(0x00000000242f0000,0x00000000243f0000)]
  0x000000001ab67000 JavaThread "pool-2-thread-4" [_thread_blocked, id=2744, stack(0x00000000244f0000,0x00000000245f0000)]
  0x000000001ab63000 JavaThread "pool-2-thread-3" [_thread_blocked, id=1368, stack(0x0000000020550000,0x0000000020650000)]
  0x0000000019444000 JavaThread "pool-2-thread-2" [_thread_blocked, id=3388, stack(0x0000000023b70000,0x0000000023c70000)]
  0x0000000019441800 JavaThread "pool-2-thread-1" [_thread_blocked, id=2180, stack(0x0000000027a40000,0x0000000027b40000)]
  0x000000001943e000 JavaThread "Thread-25" daemon [_thread_blocked, id=2720, stack(0x0000000026780000,0x0000000026880000)]
  0x000000001892f000 JavaThread "TCF Channel Transmitter" daemon [_thread_blocked, id=4828, stack(0x0000000025d30000,0x0000000025e30000)]
  0x000000001892e800 JavaThread "TCF Channel Receiver" daemon [_thread_in_native, id=3584, stack(0x0000000025960000,0x0000000025a60000)]
  0x000000001892d800 JavaThread "Process monitor" daemon [_thread_in_native, id=4960, stack(0x0000000025260000,0x0000000025360000)]
  0x000000001892d000 JavaThread "Input Stream Monitor" daemon [_thread_blocked, id=2060, stack(0x0000000025160000,0x0000000025260000)]
  0x000000001892c000 JavaThread "Output Stream Monitor" daemon [_thread_in_native, id=304, stack(0x0000000025060000,0x0000000025160000)]
  0x000000001892b800 JavaThread "Output Stream Monitor" daemon [_thread_in_native, id=1748, stack(0x0000000024f60000,0x0000000025060000)]
  0x00000000170c9000 JavaThread "TCF Locator DNS Lookup" daemon [_thread_blocked, id=2044, stack(0x0000000021b00000,0x0000000021c00000)]
  0x00000000170c8000 JavaThread "TCF Locator Timer" daemon [_thread_blocked, id=1704, stack(0x0000000021a00000,0x0000000021b00000)]
  0x00000000170c6000 JavaThread "TCF Timer Dispatcher" daemon [_thread_blocked, id=5040, stack(0x00000000213f0000,0x00000000214f0000)]
  0x00000000170c3800 JavaThread "EMF Reference Cleaner" daemon [_thread_blocked, id=3024, stack(0x000000001d960000,0x000000001da60000)]
  0x0000000014fc8000 JavaThread "Service Thread" daemon [_thread_blocked, id=4188, stack(0x0000000016820000,0x0000000016920000)]
  0x0000000014f7c000 JavaThread "C1 CompilerThread3" daemon [_thread_blocked, id=3564, stack(0x0000000016720000,0x0000000016820000)]
  0x0000000014f71000 JavaThread "C2 CompilerThread2" daemon [_thread_blocked, id=5020, stack(0x0000000016620000,0x0000000016720000)]
  0x0000000013dab000 JavaThread "C2 CompilerThread1" daemon [_thread_blocked, id=3736, stack(0x0000000016520000,0x0000000016620000)]
  0x0000000014f68800 JavaThread "C2 CompilerThread0" daemon [_thread_blocked, id=4180, stack(0x0000000016420000,0x0000000016520000)]
  0x0000000014f61000 JavaThread "Attach Listener" daemon [_thread_blocked, id=5068, stack(0x0000000016320000,0x0000000016420000)]
  0x0000000014f60000 JavaThread "Signal Dispatcher" daemon [_thread_blocked, id=4688, stack(0x0000000016220000,0x0000000016320000)]
  0x0000000013d9c000 JavaThread "Finalizer" daemon [_thread_blocked, id=3516, stack(0x0000000016060000,0x0000000016160000)]
  0x0000000013d95000 JavaThread "Reference Handler" daemon [_thread_blocked, id=2952, stack(0x0000000015f60000,0x0000000016060000)]
  0x00000000023b8000 JavaThread "main" [_thread_blocked, id=1424, stack(0x0000000000030000,0x0000000000130000)]

Other Threads:
=>0x0000000014f12800 VMThread [stack: 0x0000000015e60000,0x0000000015f60000] [id=4272]

VM state:at safepoint (shutting down)

VM Mutex/Monitor currently owned by a thread:  ([mutex/lock_event])
[0x000000000246e3b0] Threads_lock - owner thread: 0x0000000014f12800

Heap:
 PSYoungGen      total 172544K, used 38740K [0x00000000f5580000, 0x0000000100000000, 0x0000000100000000)
  eden space 170496K, 22% used [0x00000000f5580000,0x00000000f7b550f8,0x00000000ffc00000)
  from space 2048K, 0% used [0x00000000ffc00000,0x00000000ffc00000,0x00000000ffe00000)
  to   space 2048K, 0% used [0x00000000ffe00000,0x00000000ffe00000,0x0000000100000000)
 ParOldGen       total 105472K, used 64945K [0x00000000e0000000, 0x00000000e6700000, 0x00000000f5580000)
  object space 105472K, 61% used [0x00000000e0000000,0x00000000e3f6c6a0,0x00000000e6700000)
 Metaspace       used 89906K, capacity 97362K, committed 97624K, reserved 1134592K
  class space    used 10621K, capacity 13069K, committed 13184K, reserved 1048576K

Card table byte_map: [0x00000000118f0000,0x0000000011a00000] byte_map_base: 0x00000000111f0000

Marking Bits: (ParMarkBitMap*) 0x0000000070c0a5b0
 Begin Bits: [0x00000000122b0000, 0x0000000012ab0000)
 End Bits:   [0x0000000012ab0000, 0x00000000132b0000)

Polling page: 0x0000000000320000

CodeCache: size=245760Kb used=43002Kb max_used=43365Kb free=202757Kb
 bounds [0x0000000002530000, 0x0000000004fe0000, 0x0000000011530000]
 total_blobs=12619 nmethods=11710 adapters=815
 compilation: enabled

Compilation events (10 events):
Event: 881.201 Thread 0x0000000014f7c000 nmethod 15138 0x00000000035d5990 code [0x00000000035d5b00, 0x00000000035d5fd0]
Event: 881.201 Thread 0x0000000014f7c000 15139   !   3       org.eclipse.osgi.container.ModuleDatabase::getRevisionsTimestamp (25 bytes)
Event: 881.202 Thread 0x0000000014f7c000 nmethod 15139 0x00000000047af650 code [0x00000000047af860, 0x00000000047b0598]
Event: 881.202 Thread 0x0000000014f7c000 15136       1       org.eclipse.osgi.storage.Storage::getModuleDatabase (5 bytes)
Event: 881.202 Thread 0x0000000014f7c000 nmethod 15136 0x00000000046933d0 code [0x0000000004693520, 0x0000000004693630]
Event: 881.202 Thread 0x0000000014f7c000 15140       3       org.eclipse.osgi.container.Module::holdsTransitionEventLock (25 bytes)
Event: 881.202 Thread 0x0000000014f7c000 nmethod 15140 0x0000000004dae490 code [0x0000000004dae620, 0x0000000004daed48]
Event: 881.202 Thread 0x0000000014f7c000 15141   !   3       org.eclipse.osgi.storage.BundleInfo$Generation::clearManifestCache (30 bytes)
Event: 881.202 Thread 0x0000000014f7c000 nmethod 15141 0x0000000004fc7550 code [0x0000000004fc76e0, 0x0000000004fc7d28]
Event: 881.205 Thread 0x0000000014f71000 nmethod 15129 0x00000000031a7010 code [0x00000000031a7200, 0x00000000031a7fb0]

GC Heap History (10 events):
Event: 812.943 GC heap before
{Heap before GC invocations=191 (full 8):
 PSYoungGen      total 172544K, used 171383K [0x00000000f5580000, 0x0000000100000000, 0x0000000100000000)
  eden space 170496K, 100% used [0x00000000f5580000,0x00000000ffc00000,0x00000000ffc00000)
  from space 2048K, 43% used [0x00000000ffe00000,0x00000000ffeddea8,0x0000000100000000)
  to   space 2048K, 0% used [0x00000000ffc00000,0x00000000ffc00000,0x00000000ffe00000)
 ParOldGen       total 105472K, used 69177K [0x00000000e0000000, 0x00000000e6700000, 0x00000000f5580000)
  object space 105472K, 65% used [0x00000000e0000000,0x00000000e438e5f0,0x00000000e6700000)
 Metaspace       used 88980K, capacity 96456K, committed 96856K, reserved 1132544K
  class space    used 10519K, capacity 12876K, committed 12928K, reserved 1048576K
Event: 812.960 GC heap after
Heap after GC invocations=191 (full 8):
 PSYoungGen      total 172544K, used 1246K [0x00000000f5580000, 0x0000000100000000, 0x0000000100000000)
  eden space 170496K, 0% used [0x00000000f5580000,0x00000000f5580000,0x00000000ffc00000)
  from space 2048K, 60% used [0x00000000ffc00000,0x00000000ffd37968,0x00000000ffe00000)
  to   space 2048K, 0% used [0x00000000ffe00000,0x00000000ffe00000,0x0000000100000000)
 ParOldGen       total 105472K, used 69209K [0x00000000e0000000, 0x00000000e6700000, 0x00000000f5580000)
  object space 105472K, 65% used [0x00000000e0000000,0x00000000e43965f0,0x00000000e6700000)
 Metaspace       used 88980K, capacity 96456K, committed 96856K, reserved 1132544K
  class space    used 10519K, capacity 12876K, committed 12928K, reserved 1048576K
}
Event: 816.527 GC heap before
{Heap before GC invocations=192 (full 8):
 PSYoungGen      total 172544K, used 22867K [0x00000000f5580000, 0x0000000100000000, 0x0000000100000000)
  eden space 170496K, 12% used [0x00000000f5580000,0x00000000f6a9d5b0,0x00000000ffc00000)
  from space 2048K, 60% used [0x00000000ffc00000,0x00000000ffd37968,0x00000000ffe00000)
  to   space 2048K, 0% used [0x00000000ffe00000,0x00000000ffe00000,0x0000000100000000)
 ParOldGen       total 105472K, used 69209K [0x00000000e0000000, 0x00000000e6700000, 0x00000000f5580000)
  object space 105472K, 65% used [0x00000000e0000000,0x00000000e43965f0,0x00000000e6700000)
 Metaspace       used 88981K, capacity 96456K, committed 96856K, reserved 1132544K
  class space    used 10519K, capacity 12876K, committed 12928K, reserved 1048576K
Event: 816.531 GC heap after
Heap after GC invocations=192 (full 8):
 PSYoungGen      total 172544K, used 940K [0x00000000f5580000, 0x0000000100000000, 0x0000000100000000)
  eden space 170496K, 0% used [0x00000000f5580000,0x00000000f5580000,0x00000000ffc00000)
  from space 2048K, 45% used [0x00000000ffe00000,0x00000000ffeeb308,0x0000000100000000)
  to   space 2048K, 0% used [0x00000000ffc00000,0x00000000ffc00000,0x00000000ffe00000)
 ParOldGen       total 105472K, used 69233K [0x00000000e0000000, 0x00000000e6700000, 0x00000000f5580000)
  object space 105472K, 65% used [0x00000000e0000000,0x00000000e439c5f0,0x00000000e6700000)
 Metaspace       used 88981K, capacity 96456K, committed 96856K, reserved 1132544K
  class space    used 10519K, capacity 12876K, committed 12928K, reserved 1048576K
}
Event: 816.531 GC heap before
{Heap before GC invocations=193 (full 9):
 PSYoungGen      total 172544K, used 940K [0x00000000f5580000, 0x0000000100000000, 0x0000000100000000)
  eden space 170496K, 0% used [0x00000000f5580000,0x00000000f5580000,0x00000000ffc00000)
  from space 2048K, 45% used [0x00000000ffe00000,0x00000000ffeeb308,0x0000000100000000)
  to   space 2048K, 0% used [0x00000000ffc00000,0x00000000ffc00000,0x00000000ffe00000)
 ParOldGen       total 105472K, used 69233K [0x00000000e0000000, 0x00000000e6700000, 0x00000000f5580000)
  object space 105472K, 65% used [0x00000000e0000000,0x00000000e439c5f0,0x00000000e6700000)
 Metaspace       used 88981K, capacity 96456K, committed 96856K, reserved 1132544K
  class space    used 10519K, capacity 12876K, committed 12928K, reserved 1048576K
Event: 816.795 GC heap after
Heap after GC invocations=193 (full 9):
 PSYoungGen      total 172544K, used 0K [0x00000000f5580000, 0x0000000100000000, 0x0000000100000000)
  eden space 170496K, 0% used [0x00000000f5580000,0x00000000f5580000,0x00000000ffc00000)
  from space 2048K, 0% used [0x00000000ffe00000,0x00000000ffe00000,0x0000000100000000)
  to   space 2048K, 0% used [0x00000000ffc00000,0x00000000ffc00000,0x00000000ffe00000)
 ParOldGen       total 105472K, used 65278K [0x00000000e0000000, 0x00000000e6700000, 0x00000000f5580000)
  object space 105472K, 61% used [0x00000000e0000000,0x00000000e3fbf840,0x00000000e6700000)
 Metaspace       used 88981K, capacity 96456K, committed 96856K, reserved 1132544K
  class space    used 10519K, capacity 12876K, committed 12928K, reserved 1048576K
}
Event: 876.541 GC heap before
{Heap before GC invocations=194 (full 9):
 PSYoungGen      total 172544K, used 8546K [0x00000000f5580000, 0x0000000100000000, 0x0000000100000000)
  eden space 170496K, 5% used [0x00000000f5580000,0x00000000f5dd8940,0x00000000ffc00000)
  from space 2048K, 0% used [0x00000000ffe00000,0x00000000ffe00000,0x0000000100000000)
  to   space 2048K, 0% used [0x00000000ffc00000,0x00000000ffc00000,0x00000000ffe00000)
 ParOldGen       total 105472K, used 65278K [0x00000000e0000000, 0x00000000e6700000, 0x00000000f5580000)
  object space 105472K, 61% used [0x00000000e0000000,0x00000000e3fbf840,0x00000000e6700000)
 Metaspace       used 88998K, capacity 96456K, committed 96856K, reserved 1132544K
  class space    used 10520K, capacity 12876K, committed 12928K, reserved 1048576K
Event: 876.543 GC heap after
Heap after GC invocations=194 (full 9):
 PSYoungGen      total 172544K, used 224K [0x00000000f5580000, 0x0000000100000000, 0x0000000100000000)
  eden space 170496K, 0% used [0x00000000f5580000,0x00000000f5580000,0x00000000ffc00000)
  from space 2048K, 10% used [0x00000000ffc00000,0x00000000ffc38000,0x00000000ffe00000)
  to   space 2048K, 0% used [0x00000000ffe00000,0x00000000ffe00000,0x0000000100000000)
 ParOldGen       total 105472K, used 65278K [0x00000000e0000000, 0x00000000e6700000, 0x00000000f5580000)
  object space 105472K, 61% used [0x00000000e0000000,0x00000000e3fbf840,0x00000000e6700000)
 Metaspace       used 88998K, capacity 96456K, committed 96856K, reserved 1132544K
  class space    used 10520K, capacity 12876K, committed 12928K, reserved 1048576K
}
Event: 876.543 GC heap before
{Heap before GC invocations=195 (full 10):
 PSYoungGen      total 172544K, used 224K [0x00000000f5580000, 0x0000000100000000, 0x0000000100000000)
  eden space 170496K, 0% used [0x00000000f5580000,0x00000000f5580000,0x00000000ffc00000)
  from space 2048K, 10% used [0x00000000ffc00000,0x00000000ffc38000,0x00000000ffe00000)
  to   space 2048K, 0% used [0x00000000ffe00000,0x00000000ffe00000,0x0000000100000000)
 ParOldGen       total 105472K, used 65278K [0x00000000e0000000, 0x00000000e6700000, 0x00000000f5580000)
  object space 105472K, 61% used [0x00000000e0000000,0x00000000e3fbf840,0x00000000e6700000)
 Metaspace       used 88998K, capacity 96456K, committed 96856K, reserved 1132544K
  class space    used 10520K, capacity 12876K, committed 12928K, reserved 1048576K
Event: 876.702 GC heap after
Heap after GC invocations=195 (full 10):
 PSYoungGen      total 172544K, used 0K [0x00000000f5580000, 0x0000000100000000, 0x0000000100000000)
  eden space 170496K, 0% used [0x00000000f5580000,0x00000000f5580000,0x00000000ffc00000)
  from space 2048K, 0% used [0x00000000ffc00000,0x00000000ffc00000,0x00000000ffe00000)
  to   space 2048K, 0% used [0x00000000ffe00000,0x00000000ffe00000,0x0000000100000000)
 ParOldGen       total 105472K, used 64945K [0x00000000e0000000, 0x00000000e6700000, 0x00000000f5580000)
  object space 105472K, 61% used [0x00000000e0000000,0x00000000e3f6c6a0,0x00000000e6700000)
 Metaspace       used 88998K, capacity 96456K, committed 96856K, reserved 1132544K
  class space    used 10520K, capacity 12876K, committed 12928K, reserved 1048576K
}

Deoptimization events (10 events):
Event: 879.552 Thread 0x00000000170c9800 Uncommon trap: reason=unstable_if action=reinterpret pc=0x0000000004454014 method=org.eclipse.core.internal.localstore.FileStoreRoot.getManager(Lorg/eclipse/core/runtime/IPath;)Lorg/eclipse/core/resources/IPathVariableManager; @ 18
Event: 879.553 Thread 0x00000000170c9800 Uncommon trap: reason=unstable_if action=reinterpret pc=0x0000000004402ba4 method=org.eclipse.swt.graphics.Resource.dispose()V @ 15
Event: 880.444 Thread 0x00000000170c9800 Uncommon trap: reason=unstable_if action=reinterpret pc=0x0000000003568510 method=org.eclipse.osgi.internal.hooks.EclipseLazyStarter.shouldActivateFor(Ljava/lang/String;Lorg/eclipse/osgi/container/Module;Lorg/eclipse/osgi/container/ModuleRevision;Lorg/ecli
∆Zy˛Éã@
Event: 880.499 Thread 0x00000000170c9800 Uncommon trap: reason=bimorphic action=maybe_recompile pc=0x0000000004e4e554 method=org.eclipse.core.internal.dtree.AbstractDataTreeNode.assembleWith([Lorg/eclipse/core/internal/dtree/AbstractDataTreeNode;[Lorg/eclipse/core/internal/dtree/AbstractDataTreeN
Event: 880.499 Thread 0x00000000170c9800 Uncommon trap: reason=bimorphic action=maybe_recompile pc=0x0000000004e4e554 method=org.eclipse.core.internal.dtree.AbstractDataTreeNode.assembleWith([Lorg/eclipse/core/internal/dtree/AbstractDataTreeNode;[Lorg/eclipse/core/internal/dtree/AbstractDataTreeNæ·	å˛Éã@
Event: 880.499 Thread 0x00000000170c9800 Uncommon trap: reason=bimorphic action=maybe_recompile pc=0x0000000004e4e554 method=org.eclipse.core.internal.dtree.AbstractDataTreeNode.assembleWith([Lorg/eclipse/core/internal/dtree/AbstractDataTreeNode;[Lorg/eclipse/core/internal/dtree/AbstractDataTreeNÖ[“ê˛Éã@
Event: 880.499 Thread 0x00000000170c9800 Uncommon trap: reason=bimorphic action=maybe_recompile pc=0x0000000004e4e554 method=org.eclipse.core.internal.dtree.AbstractDataTreeNode.assembleWith([Lorg/eclipse/core/internal/dtree/AbstractDataTreeNode;[Lorg/eclipse/core/internal/dtree/AbstractDataTreeNπcÜã@
Event: 880.754 Thread 0x00000000170c9800 Uncommon trap: reason=unstable_if action=reinterpret pc=0x0000000003cb989c method=java.io.DataOutputStream.writeUTF(Ljava/lang/String;Ljava/io/DataOutput;)I @ 37
Event: 881.174 Thread 0x000000001943f800 Uncommon trap: reason=unstable_if action=reinterpret pc=0x0000000004c8e6bc method=org.eclipse.core.internal.jobs.JobManager.nextJob()Lorg/eclipse/core/runtime/jobs/Job; @ 80
Event: 881.194 Thread 0x00000000170c9800 Uncommon trap: reason=unstable_if action=reinterpret pc=0x000000000295155c method=sun.reflect.UnsafeStaticObjectFieldAccessorImpl.set(Ljava/lang/Object;Ljava/lang/Object;)V @ 13

Internal exceptions (10 events):
Event: 879.182 Thread 0x00000000023b8000 Implicit null exception at 0x0000000004660fc3 to 0x00000000046629d5
Event: 879.496 Thread 0x0000000018932000 Exception <a 'java/lang/InterruptedException'> (0x00000000f7065590) thrown at [C:\re\workspace\8-2-build-windows-amd64-cygwin\jdk8u66\5298\hotspot\src\share\vm\runtime\objectMonitor.cpp, line 1683]
Event: 879.551 Thread 0x00000000170c9800 Implicit null exception at 0x0000000002f7b54d to 0x0000000002f7b6d5
Event: 879.551 Thread 0x00000000170c9800 Implicit null exception at 0x00000000043db19c to 0x00000000043dc1b9
Event: 881.173 Thread 0x00000000170c4800 Exception <a 'java/lang/InterruptedException'> (0x00000000f6d9c5a0) thrown at [C:\re\workspace\8-2-build-windows-amd64-cygwin\jdk8u66\5298\hotspot\src\share\vm\runtime\objectMonitor.cpp, line 1683]
Event: 881.194 Thread 0x00000000170c9800 Implicit null exception at 0x0000000002951157 to 0x0000000002951549
Event: 881.194 Thread 0x00000000150d1800 Exception <a 'java/lang/InterruptedException'> (0x00000000f763f4d8) thrown at [C:\re\workspace\8-2-build-windows-amd64-cygwin\jdk8u66\5298\hotspot\src\share\vm\runtime\objectMonitor.cpp, line 1683]
Event: 881.195 Thread 0x00000000171ad000 Exception <a 'java/lang/InterruptedException'> (0x00000000f69abda0) thrown at [C:\re\workspace\8-2-build-windows-amd64-cygwin\jdk8u66\5298\hotspot\src\share\vm\runtime\objectMonitor.cpp, line 1683]
Event: 881.196 Thread 0x0000000015122000 Exception <a 'java/lang/InterruptedException'> (0x00000000f77c5340) thrown at [C:\re\workspace\8-2-build-windows-amd64-cygwin\jdk8u66\5298\hotspot\src\share\vm\runtime\objectMonitor.cpp, line 1683]
Event: 881.196 Thread 0x0000000018afa000 Exception <a 'java/lang/InterruptedException'> (0x00000000f788b7a0) thrown at [C:\re\workspace\8-2-build-windows-amd64-cygwin\jdk8u66\5298\hotspot\src\share\vm\runtime\objectMonitor.cpp, line 1683]

Events (10 events):
Event: 881.226 loading class java/util/IdentityHashMap$IdentityHashMapIterator
Event: 881.227 loading class java/util/IdentityHashMap$IdentityHashMapIterator done
Event: 881.227 loading class java/util/IdentityHashMap$KeyIterator done
Event: 881.228 Thread 0x00000000170c9800 Thread added: 0x00000000170c9800
Event: 881.228 Executing VM operation: RevokeBias
Event: 881.228 Executing VM operation: RevokeBias done
Event: 881.228 Executing VM operation: RevokeBias
Event: 881.228 Executing VM operation: RevokeBias done
Event: 881.228 Thread 0x00000000170c9800 Thread exited: 0x00000000170c9800
Event: 881.228 Executing VM operation: Exit


Dynamic libraries:
0x0000000000400000 - 0x000000000044f000 	C:\Xilinx\SDK\2016.2\eclipse\win64.o\eclipse.exe
0x00000000777b0000 - 0x000000007795a000 	C:\Windows\SYSTEM32\ntdll.dll
0x0000000077590000 - 0x00000000776af000 	C:\Windows\system32\kernel32.dll
0x000007fefd510000 - 0x000007fefd57a000 	C:\Windows\system32\KERNELBASE.dll
0x00000000776b0000 - 0x00000000777aa000 	C:\Windows\system32\USER32.dll
0x000007fefdb80000 - 0x000007fefdbe7000 	C:\Windows\system32\GDI32.dll
0x000007feff180000 - 0x000007feff18e000 	C:\Windows\system32\LPK.dll
0x000007fefdd80000 - 0x000007fefde4a000 	C:\Windows\system32\USP10.dll
0x000007fefef50000 - 0x000007fefefef000 	C:\Windows\system32\msvcrt.dll
0x000007fefbe00000 - 0x000007fefbff4000 	C:\Windows\WinSxS\amd64_microsoft.windows.common-controls_6595b64144ccf1df_6.0.7601.18837_none_fa3b1e3d17594757\COMCTL32.dll
0x000007fefdbf0000 - 0x000007fefdc61000 	C:\Windows\system32\SHLWAPI.dll
0x000007feffa90000 - 0x000007feffabe000 	C:\Windows\system32\IMM32.DLL
0x000007fefdc70000 - 0x000007fefdd79000 	C:\Windows\system32\MSCTF.dll
0x0000000072000000 - 0x0000000072012000 	C:\Xilinx\SDK\2016.2\eclipse\win64.o\plugins\org.eclipse.equinox.launcher.win32.win32.x86_64_1.1.300.v20150602-1417\eclipse_1611.dll
0x000007feff9b0000 - 0x000007feffa8b000 	C:\Windows\system32\ADVAPI32.dll
0x000007feff990000 - 0x000007feff9af000 	C:\Windows\SYSTEM32\sechost.dll
0x000007fefde50000 - 0x000007fefdf7d000 	C:\Windows\system32\RPCRT4.dll
0x000007fefc580000 - 0x000007fefc58c000 	C:\Windows\system32\VERSION.dll
0x000007fefbda0000 - 0x000007fefbdf6000 	C:\Windows\system32\UxTheme.dll
0x0000000070400000 - 0x0000000070c89000 	C:\Xilinx\SDK\2016.2\tps\win64\jre\bin\server\jvm.dll
0x000007fefb5c0000 - 0x000007fefb5c9000 	C:\Windows\system32\WSOCK32.dll
0x000007fefeff0000 - 0x000007feff03d000 	C:\Windows\system32\WS2_32.dll
0x000007feff5b0000 - 0x000007feff5b8000 	C:\Windows\system32\NSI.dll
0x000007fefa220000 - 0x000007fefa25b000 	C:\Windows\system32\WINMM.dll
0x0000000077970000 - 0x0000000077977000 	C:\Windows\system32\PSAPI.DLL
0x0000000073110000 - 0x00000000731e2000 	C:\Windows\system32\MSVCR100.dll
0x0000000074930000 - 0x000000007493f000 	C:\Xilinx\SDK\2016.2\tps\win64\jre\bin\verify.dll
0x0000000074900000 - 0x0000000074929000 	C:\Xilinx\SDK\2016.2\tps\win64\jre\bin\java.dll
0x00000000748e0000 - 0x00000000748f6000 	C:\Xilinx\SDK\2016.2\tps\win64\jre\bin\zip.dll
0x000007fefdfe0000 - 0x000007fefed69000 	C:\Windows\system32\SHELL32.dll
0x000007feff210000 - 0x000007feff413000 	C:\Windows\system32\ole32.dll
0x000007fefd4f0000 - 0x000007fefd4ff000 	C:\Windows\system32\profapi.dll
0x000007fefccf0000 - 0x000007fefcd08000 	C:\Windows\system32\CRYPTSP.dll
0x000007fefc9f0000 - 0x000007fefca37000 	C:\Windows\system32\rsaenh.dll
0x000007fefd810000 - 0x000007fefd82e000 	C:\Windows\system32\USERENV.dll
0x000007fefd350000 - 0x000007fefd35f000 	C:\Windows\system32\CRYPTBASE.dll
0x0000000074880000 - 0x000000007489a000 	C:\Xilinx\SDK\2016.2\tps\win64\jre\bin\net.dll
0x000007fefcc90000 - 0x000007fefcce5000 	C:\Windows\system32\mswsock.dll
0x000007fefcc80000 - 0x000007fefcc87000 	C:\Windows\System32\wship6.dll
0x000007fefaa40000 - 0x000007fefaa67000 	C:\Windows\system32\IPHLPAPI.DLL
0x000007fefaa30000 - 0x000007fefaa3b000 	C:\Windows\system32\WINNSI.DLL
0x000007fefa1c0000 - 0x000007fefa1d1000 	C:\Windows\system32\dhcpcsvc6.DLL
0x000007fefa1a0000 - 0x000007fefa1b8000 	C:\Windows\system32\dhcpcsvc.DLL
0x000000006c9a0000 - 0x000000006c9b1000 	C:\Xilinx\SDK\2016.2\tps\win64\jre\bin\nio.dll
0x000007fefacd0000 - 0x000007feface5000 	C:\Windows\system32\NLAapi.dll
0x000007fef8bf0000 - 0x000007fef8c05000 	C:\Windows\system32\napinsp.dll
0x000007fef8c10000 - 0x000007fef8c29000 	C:\Windows\system32\pnrpnsp.dll
0x000007fefcb10000 - 0x000007fefcb6b000 	C:\Windows\system32\DNSAPI.dll
0x000007fef97e0000 - 0x000007fef97eb000 	C:\Windows\System32\winrnr.dll
0x000007fefc650000 - 0x000007fefc657000 	C:\Windows\System32\wshtcpip.dll
0x000007fef9db0000 - 0x000007fef9db8000 	C:\Windows\system32\rasadhlp.dll
0x000007fefa6a0000 - 0x000007fefa6f3000 	C:\Windows\System32\fwpuclnt.dll
0x0000000017a30000 - 0x0000000017ad8000 	C:\Users\milwidya\.Xilinx\SDK\2016.2\org.eclipse.osgi\312\0\.cp\swt-win32-4527.dll
0x000007feff8b0000 - 0x000007feff988000 	C:\Windows\system32\OLEAUT32.dll
0x000007feff040000 - 0x000007feff0d7000 	C:\Windows\system32\comdlg32.dll
0x000007fef6690000 - 0x000007fef6701000 	C:\Windows\system32\WINSPOOL.DRV
0x000007feff5c0000 - 0x000007feff885000 	C:\Windows\system32\WININET.dll
0x000007fefd640000 - 0x000007fefd644000 	C:\Windows\system32\api-ms-win-downlevel-user32-l1-1-0.dll
0x000007fefd830000 - 0x000007fefd834000 	C:\Windows\system32\api-ms-win-downlevel-shlwapi-l1-1-0.dll
0x000007fefd7c0000 - 0x000007fefd7c4000 	C:\Windows\system32\api-ms-win-downlevel-version-l1-1-0.dll
0x000007fefd590000 - 0x000007fefd593000 	C:\Windows\system32\api-ms-win-downlevel-normaliz-l1-1-0.dll
0x0000000077980000 - 0x0000000077983000 	C:\Windows\system32\normaliz.DLL
0x000007fefd8b0000 - 0x000007fefdb79000 	C:\Windows\system32\iertutil.dll
0x000007fefd860000 - 0x000007fefd865000 	C:\Windows\system32\api-ms-win-downlevel-advapi32-l1-1-0.dll
0x000007fefd650000 - 0x000007fefd7bd000 	C:\Windows\system32\CRYPT32.dll
0x000007fefd500000 - 0x000007fefd50f000 	C:\Windows\system32\MSASN1.dll
0x000007fefb870000 - 0x000007fefb99c000 	C:\Windows\system32\propsys.dll
0x000007feff0e0000 - 0x000007feff179000 	C:\Windows\system32\CLBCatQ.DLL
0x00000000003b0000 - 0x00000000003ce000 	C:\Users\milwidya\.Xilinx\SDK\2016.2\org.eclipse.osgi\312\0\.cp\swt-gdip-win32-4527.dll
0x000007fefbb80000 - 0x000007fefbd96000 	C:\Windows\WinSxS\amd64_microsoft.windows.gdiplus_6595b64144ccf1df_1.1.7601.23508_none_145555328b95eaaa\gdiplus.dll
0x000007fefb6a0000 - 0x000007fefb801000 	C:\Windows\system32\WindowsCodecs.dll
0x0000000180000000 - 0x0000000180012000 	C:\Users\milwidya\.Xilinx\SDK\2016.2\org.eclipse.osgi\126\0\.cp\os\win32\x86_64\localfile_1_0_0.dll
0x000007feef340000 - 0x000007feef394000 	C:\Windows\system32\oleacc.dll
0x000007fef9040000 - 0x000007fef9047000 	C:\Windows\system32\msimg32.dll
0x000007fefd440000 - 0x000007fefd454000 	C:\Windows\system32\RpcRtRemote.dll
0x000007fefd2f0000 - 0x000007fefd347000 	C:\Windows\system32\apphelp.dll
0x000007fef3530000 - 0x000007fef3541000 	C:\Users\milwidya\.Xilinx\SDK\2016.2\org.eclipse.osgi\129\0\.cp\jWinHttp-1.0.0.dll
0x000007fef9880000 - 0x000007fef98f1000 	C:\Windows\system32\WINHTTP.dll
0x000007fef97f0000 - 0x000007fef9854000 	C:\Windows\system32\webio.dll
0x000007fefd2c0000 - 0x000007fefd2e5000 	C:\Windows\system32\SspiCli.dll
0x000007fefc8b0000 - 0x000007fefc8ba000 	C:\Windows\system32\credssp.dll
0x000007fefd870000 - 0x000007fefd8a6000 	C:\Windows\system32\CFGMGR32.dll
0x000007fefb630000 - 0x000007fefb63f000 	C:\Xilinx\SDK\2016.2\lib\win64.o\librdi_repo_manager.dll
0x000007feef500000 - 0x000007feef52a000 	C:\Xilinx\SDK\2016.2\lib\win64.o\libisl_sysinfo.dll
0x000007feebe30000 - 0x000007feebf04000 	C:\Windows\system32\MSVCR110.dll
0x000007feebd00000 - 0x000007feebda7000 	C:\Windows\system32\MSVCP110.dll
0x000007fec16b0000 - 0x000007fec20f0000 	C:\Xilinx\SDK\2016.2\lib\win64.o\librdi_common.dll
0x000007fec31d0000 - 0x000007fec353e000 	C:\Xilinx\SDK\2016.2\lib\win64.o\libCOIN-all.dll
0x000007fec46d0000 - 0x000007fec48ef000 	C:\Xilinx\SDK\2016.2\lib\win64.o\libXil_lmgr11.dll
0x000007fefb560000 - 0x000007fefb576000 	C:\Windows\system32\NETAPI32.dll
0x000007fefc920000 - 0x000007fefc92c000 	C:\Windows\system32\netutils.dll
0x000007fefcf00000 - 0x000007fefcf23000 	C:\Windows\system32\srvcli.dll
0x000007fefb540000 - 0x000007fefb555000 	C:\Windows\system32\wkscli.dll
0x000007fefd7d0000 - 0x000007fefd80b000 	C:\Windows\system32\WINTRUST.dll
0x000007fefb4d0000 - 0x000007fefb4e0000 	C:\Xilinx\SDK\2016.2\lib\win64.o\libboost_date_time.dll
0x000007feef4d0000 - 0x000007feef4f4000 	C:\Xilinx\SDK\2016.2\lib\win64.o\libboost_filesystem.dll
0x000007fef5a30000 - 0x000007fef5a39000 	C:\Xilinx\SDK\2016.2\lib\win64.o\libboost_system.dll
0x000007feeddf0000 - 0x000007feede67000 	C:\Xilinx\SDK\2016.2\lib\win64.o\libboost_program_options.dll
0x000007fec45c0000 - 0x000007fec46c6000 	C:\Xilinx\SDK\2016.2\lib\win64.o\libboost_regex.dll
0x000007fef3510000 - 0x000007fef3523000 	C:\Xilinx\SDK\2016.2\lib\win64.o\libboost_signals.dll
0x000007feef4b0000 - 0x000007feef4cd000 	C:\Xilinx\SDK\2016.2\lib\win64.o\libboost_thread.dll
0x000007fef5490000 - 0x000007fef549b000 	C:\Xilinx\SDK\2016.2\lib\win64.o\libboost_chrono.dll
0x000007fef5930000 - 0x000007fef593b000 	C:\Xilinx\SDK\2016.2\lib\win64.o\libboost_xilinx.dll
0x000007feedd70000 - 0x000007feeddf0000 	C:\Xilinx\SDK\2016.2\lib\win64.o\libhdlpsolve.dll
0x000007fec88a0000 - 0x000007fec893a000 	C:\Xilinx\SDK\2016.2\lib\win64.o\libhdxml.dll
0x000007fec2d60000 - 0x000007fec31c5e00 	C:\Xilinx\SDK\2016.2\lib\win64.o\libisl_iostreams.dll
0x000007feeea10000 - 0x000007feeea26000 	C:\Xilinx\SDK\2016.2\lib\win64.o\libboost_iostreams.dll
0x000007feed870000 - 0x000007feed893000 	C:\Xilinx\SDK\2016.2\lib\win64.o\librdizlib.dll
0x000007feed840000 - 0x000007feed863000 	C:\Xilinx\SDK\2016.2\lib\win64.o\libisl_iosutils.dll
0x000007feee9f0000 - 0x000007feeea05000 	C:\Xilinx\SDK\2016.2\lib\win64.o\pthreadVC2.dll
0x000007feed7e0000 - 0x000007feed834000 	C:\Xilinx\SDK\2016.2\lib\win64.o\librdi_commonxillic.dll
0x000007fec2c30000 - 0x000007fec2d60000 	C:\Xilinx\SDK\2016.2\lib\win64.o\librdi_curl.dll
0x000007fec8880000 - 0x000007fec8898000 	C:\Xilinx\SDK\2016.2\lib\win64.o\librdiconfig.dll
0x000000006c6d0000 - 0x000000006c7f7000 	C:\Xilinx\SDK\2016.2\lib\win64.o\tcl85t.dll
0x0000000024cf0000 - 0x0000000024f53000 	C:\Xilinx\SDK\2016.2\lib\win64.o\xerces-c_3_1.dll
0x000007feff420000 - 0x000007feff5a6000 	C:\Windows\system32\urlmon.dll
0x000007fefd580000 - 0x000007fefd584000 	C:\Windows\system32\api-ms-win-downlevel-ole32-l1-1-0.dll
0x000007fef5850000 - 0x000007fef5873000 	C:\Windows\system32\VCOMP110.DLL
0x000007fec2a30000 - 0x000007fec2c22000 	C:\Xilinx\SDK\2016.2\lib\win64.o\librdi_hsm.dll
0x000007fec8830000 - 0x000007fec8873000 	C:\Xilinx\SDK\2016.2\lib\win64.o\librdi_hdf.dll
0x000007fec27a0000 - 0x000007fec2a21000 	C:\Xilinx\SDK\2016.2\lib\win64.o\librdi_ippcw.dll
0x000007fef1a50000 - 0x000007fef1a5a000 	C:\Xilinx\SDK\2016.2\lib\win64.o\librdi_jtag_settings.dll
0x000007febf9b0000 - 0x000007febf9d9000 	C:\Xilinx\SDK\2016.2\lib\win64.o\librdi_debug_dialog.dll
0x000007fef16b0000 - 0x000007fef16b8000 	C:\Xilinx\SDK\2016.2\lib\win64.o\librdi_target_manager.dll
0x000007fec87b0000 - 0x000007fec87c6000 	C:\Xilinx\SDK\2016.2\eclipse\win64.o\plugins\org.eclipse.cdt.core.win32.x86_64_5.4.0.201509131935\os\win32\x86_64\spawner.dll
0x0000000071100000 - 0x0000000071125000 	C:\Users\milwidya\.jssc\windows\jSSC-2.8_x86_64.dll
0x0000000071080000 - 0x00000000710a6000 	C:\Xilinx\SDK\2016.2\eclipse\win64.o\plugins\gnu.io.rxtx.win32.x86_64_2.1.7.3_v20071015\os\win32\x86_64\rxtxSerial.dll
0x000007fec4e10000 - 0x000007fec5620000 	C:\Xilinx\SDK\2016.2\lib\win64.o\libXil_lmgr11FNP.dll

VM Arguments:
jvm_args: -Dcom.xilinx.sdk.args.hwspec=D:/yy/project_1/project_1.sdk/design_1_wrapper.hdf -Xms64m -Xmx512m & 
java_command: <unknown>
java_class_path (initial): C:\Xilinx\SDK\2016.2\eclipse\win64.o\\plugins/org.eclipse.equinox.launcher_1.3.100.v20150511-1540.jar
Launcher Type: generic

Environment Variables:
PATH=C:/Xilinx/SDK/2016.2/tps/win64/jre/bin/server;C:/Xilinx/SDK/2016.2/tps/win64/jre/bin;C:/Xilinx/SDK/2016.2/tps/win64/jre/lib/amd64;C:\Xilinx\SDK\2016.2\gnuwin\bin;C:\Xilinx\SDK\2016.2\gnu\microblaze\nt\bin;C:\Xilinx\SDK\2016.2\gnu\microblaze\linux_toolchain\nt64_le\bin;C:\Xilinx\SDK\2016.2\gnu\microblaze\linux_toolchain\nt64_be\bin;C:\Xilinx\SDK\2016.2\gnu\arm\nt\bin;C:\Xilinx\SDK\2016.2\gnu\aarch64\nt\aarch64-none\bin;C:\Xilinx\SDK\2016.2\gnu\aarch64\nt\aarch64-linux\bin;C:\Xilinx\SDK\2016.2\gnu\armr5\nt\gcc-arm-none-eabi\bin;C:\Xilinx\SDK\2016.2\gnu\aarch32\nt\gcc-arm-none-eabi\bin;C:\Xilinx\SDK\2016.2\gnu\aarch32\nt\gcc-arm-linux-gnueabi\bin;C:\Xilinx\SDK\2016.2\tps\win64\cmake-3.3.2\bin;;C:\Xilinx\SDK\2016.2\bin;C:\Xilinx\SDK\2016.2\lib\win64.o;C:\Xilinx\SDK\2016.2\tps\win64\jre\bin\server;C:\Xilinx\SDK\2016.2\tps\win64\jre\bin;C:\Xilinx\Vivado\2016.2\ids_lite\ISE\bin\nt64;C:\Xilinx\Vivado\2016.2\ids_lite\ISE\lib\nt64;C:\Xilinx\Vivado\2016.2\bin;C:\Xilinx\Vivado\2016.2\lib\win64.o;C:\Xilinx\Vivado\2016.2\tps\win64\jre\bin\server;C:\Xilinx\Vivado\2016.2\tps\win64\jre\bin;C:\Xilinx\Vivado_HLS\2016.2\bin;C:\Windows\system32;C:\Windows;C:\Windows\System32\Wbem;C:\Windows\System32\WindowsPowerShell\v1.0\;C:\Program Files (x86)\Java\jre6\bin;C:\Program Files (x86)\eclipse;C:\altera\16.0\quartus\bin64;c:\altera\16.0\quartus\bin64\jre64\bin;d:\yy\project_1;
USERNAME=milwidya
OS=Windows_NT
PROCESSOR_IDENTIFIER=Intel64 Family 6 Model 60 Stepping 3, GenuineIntel



---------------  S Y S T E M  ---------------

OS: Windows 7 , 64 bit Build 7601 (6.1.7601.23418)

CPU:total 8 (4 cores per cpu, 2 threads per core) family 6 model 60 stepping 3, cmov, cx8, fxsr, mmx, sse, sse2, sse3, ssse3, sse4.1, sse4.2, popcnt, avx, avx2, aes, clmul, erms, lzcnt, ht, tsc, tscinvbit, bmi1, bmi2

Memory: 4k page, physical 16683160k(11333768k free), swap 33364460k(27726380k free)

vm_info: Java HotSpot(TM) 64-Bit Server VM (25.66-b18) for windows-amd64 JRE (1.8.0_66-b18), built on Nov  9 2015 10:51:13 by "java_re" with MS VC++ 10.0 (VS2010)

time: Wed Mar 22 16:46:07 2017
elapsed time: 881 seconds (0d 0h 14m 41s)

