#
# A fatal error has been detected by the Java Runtime Environment:
#
#  EXCEPTION_UNCAUGHT_CXX_EXCEPTION (0xe06d7363) at pc=0x000007fefd04a06d, pid=4728, tid=4356
#
# JRE version: Java(TM) SE Runtime Environment (8.0_66-b18) (build 1.8.0_66-b18)
# Java VM: Java HotSpot(TM) 64-Bit Server VM (25.66-b18 mixed mode windows-amd64 compressed oops)
# Problematic frame:
# C  [KERNELBASE.dll+0x1a06d]
#
# Failed to write core dump. Minidumps are not enabled by default on client versions of Windows
#
# If you would like to submit a bug report, please visit:
#   http://bugreport.java.com/bugreport/crash.jsp
#

---------------  T H R E A D  ---------------

Current thread (0x0000000015002800):  VMThread [stack: 0x0000000015f50000,0x0000000016050000] [id=4356]

siginfo: ExceptionCode=0xe06d7363, ExceptionInformation=0x0000000019930520 0x000000001604f6c8 0x000007feec3d2cb8 0x000007feec320000 

Registers:
RAX=0x0000000062755e68, RBX=0x000007feec3d2cb8, RCX=0x000000001604ef10, RDX=0x00000000000000d0
RSP=0x000000001604f520, RBP=0x000000001604f650, RSI=0x00000000ffffffff, RDI=0x00000000174e4ea0
R8 =0x0000000000000000, R9 =0x0000000000000000, R10=0x000007feec320000, R11=0x000000001604f560
R12=0x0000000000000001, R13=0x0000000000000008, R14=0x0000000000000000, R15=0xffffffffffffffff
RIP=0x000007fefd04a06d, EFLAGS=0x0000000000000202

Top of Stack: (sp=0x000000001604f520)
0x000000001604f520:   000007feec3d2cb8 00000000ffffffff
0x000000001604f530:   00000000174e4ea0 00000000003a5100
0x000000001604f540:   00000001e06d7363 0000000000000000
0x000000001604f550:   000007fefd04a06d 000007fe00000004
0x000000001604f560:   0000000019930520 000000001604f6c8
0x000000001604f570:   000007feec3d2cb8 000007feec320000
0x000000001604f580:   0000000000000000 000000001604f608
0x000000001604f590:   0000000000000028 00000000174e4e90
0x000000001604f5a0:   00000000174f1e70 0000000000000000
0x000000001604f5b0:   000007fffffa8000 000000007706f2d3
0x000000001604f5c0:   0000000000000000 0000000000000008
0x000000001604f5d0:   0000000000000001 00000000174e4ea0
0x000000001604f5e0:   00000000ffffffff 000007feec37e92c
0x000000001604f5f0:   000007feec3d2cb8 000000001604f660
0x000000001604f600:   0000000000000001 000007feec3200f8
0x000000001604f610:   00000001e06d7363 0000000000000000 

Instructions: (pc=0x000007fefd04a06d)
0x000007fefd04a04d:   54 24 24 48 89 4c 24 28 4d 85 c9 0f 85 6a 03 00
0x000007fefd04a05d:   00 89 4c 24 38 48 8d 4c 24 20 ff 15 33 02 03 00
0x000007fefd04a06d:   48 81 c4 c8 00 00 00 c3 90 90 90 90 90 90 90 90
0x000007fefd04a07d:   90 90 90 48 83 ec 28 65 48 8b 04 25 30 00 00 00 


Register to memory mapping:

RAX=0x0000000062755e68 is an unknown value
RBX=0x000007feec3d2cb8 is an unknown value
RCX=0x000000001604ef10 is an unknown value
RDX=0x00000000000000d0 is an unknown value
RSP=0x000000001604f520 is an unknown value
RBP=0x000000001604f650 is an unknown value
RSI=0x00000000ffffffff is an unallocated location in the heap
RDI=0x00000000174e4ea0 is an unknown value
R8 =0x0000000000000000 is an unknown value
R9 =0x0000000000000000 is an unknown value
R10=0x000007feec320000 is an unknown value
R11=0x000000001604f560 is an unknown value
R12=0x0000000000000001 is an unknown value
R13=0x0000000000000008 is an unknown value
R14=0x0000000000000000 is an unknown value
R15=0xffffffffffffffff is an unknown value


Stack: [0x0000000015f50000,0x0000000016050000],  sp=0x000000001604f520,  free space=1021k
Native frames: (J=compiled Java code, j=interpreted, Vv=VM code, C=native code)
C  [KERNELBASE.dll+0x1a06d]
C  [MSVCR110.dll+0x5e92c]
C  [MSVCR110.dll+0x1315c]
C  [MSVCR110.dll+0x136a9]
C  [MSVCR110.dll+0x13e9c]
C  [MSVCR110.dll+0x239e]
C  [MSVCR110.dll+0xaf9e]
C  [MSVCP110.dll+0x397b9]
C  [librdi_common.dll+0x182316]
C  [librdi_common.dll+0x180fab]
C  [librdi_target_manager.dll+0x2400]
C  [librdi_target_manager.dll+0x2682]
C  [ntdll.dll+0x229b1]
C  [ntdll.dll+0x227c0]
C  [MSVCR100.dll+0x20ccd]
V  [jvm.dll+0x210cc5]
V  [jvm.dll+0x249897]
V  [jvm.dll+0x248b36]
V  [jvm.dll+0x248fd1]
V  [jvm.dll+0x2491ee]
V  [jvm.dll+0x29a0fa]
C  [MSVCR100.dll+0x21d9f]
C  [MSVCR100.dll+0x21e3b]
C  [kernel32.dll+0x159bd]
C  [ntdll.dll+0x2a2e1]

VM_Operation (0x000000000012f4c0): Exit, mode: safepoint, requested by thread 0x0000000002448000


---------------  P R O C E S S  ---------------

Java Threads: ( => current thread )
  0x000000001c912800 JavaThread "Thread-174" [_thread_in_native, id=4592, stack(0x000000002c3f0000,0x000000002c4f0000)]
  0x000000001920e000 JavaThread "EventThread COM3" [_thread_in_native, id=4952, stack(0x000000002abf0000,0x000000002acf0000)]
  0x000000001920d800 JavaThread "EventThread COM1" [_thread_in_native, id=4824, stack(0x00000000274c0000,0x00000000275c0000)]
  0x000000001920c000 JavaThread "pool-2-thread-10" [_thread_blocked, id=4048, stack(0x0000000027ae0000,0x0000000027be0000)]
  0x0000000016e68000 JavaThread "pool-2-thread-9" [_thread_blocked, id=3672, stack(0x000000002bcf0000,0x000000002bdf0000)]
  0x0000000016e68800 JavaThread "pool-2-thread-8" [_thread_blocked, id=4192, stack(0x000000002adf0000,0x000000002aef0000)]
  0x0000000016e64000 JavaThread "pool-2-thread-7" [_thread_blocked, id=3628, stack(0x000000002a5f0000,0x000000002a6f0000)]
  0x0000000016e63800 JavaThread "pool-2-thread-6" [_thread_blocked, id=1836, stack(0x00000000275c0000,0x00000000276c0000)]
  0x000000001bb5e000 JavaThread "pool-2-thread-5" [_thread_blocked, id=4360, stack(0x000000002aef0000,0x000000002aff0000)]
  0x000000001bb5b000 JavaThread "pool-2-thread-4" [_thread_blocked, id=1476, stack(0x000000002acf0000,0x000000002adf0000)]
  0x000000001c915800 JavaThread "pool-2-thread-3" [_thread_blocked, id=4964, stack(0x000000002aaf0000,0x000000002abf0000)]
  0x000000001c911800 JavaThread "pool-2-thread-2" [_thread_blocked, id=5036, stack(0x000000002a6f0000,0x000000002a7f0000)]
  0x000000001c911000 JavaThread "pool-2-thread-1" [_thread_blocked, id=1876, stack(0x0000000029ef0000,0x0000000029ff0000)]
  0x000000001fc90800 JavaThread "Thread-21" daemon [_thread_blocked, id=4464, stack(0x0000000029af0000,0x0000000029bf0000)]
  0x000000001fc8b800 JavaThread "TCF Channel Transmitter" daemon [_thread_blocked, id=4704, stack(0x00000000292b0000,0x00000000293b0000)]
  0x000000001fc8a800 JavaThread "TCF Channel Receiver" daemon [_thread_in_native, id=2152, stack(0x00000000288f0000,0x00000000289f0000)]
  0x000000001c6de000 JavaThread "Process monitor" daemon [_thread_in_native, id=860, stack(0x0000000027e50000,0x0000000027f50000)]
  0x000000001c6dd800 JavaThread "Input Stream Monitor" daemon [_thread_blocked, id=1208, stack(0x00000000277c0000,0x00000000278c0000)]
  0x000000001c6dc800 JavaThread "Output Stream Monitor" daemon [_thread_in_native, id=2560, stack(0x00000000276c0000,0x00000000277c0000)]
  0x000000001c6dc000 JavaThread "Output Stream Monitor" daemon [_thread_in_native, id=3884, stack(0x0000000026470000,0x0000000026570000)]
  0x0000000017fb6000 JavaThread "TCF Locator DNS Lookup" daemon [_thread_blocked, id=4232, stack(0x0000000024b10000,0x0000000024c10000)]
  0x0000000017fb5000 JavaThread "TCF Locator Timer" daemon [_thread_blocked, id=4200, stack(0x0000000024a10000,0x0000000024b10000)]
  0x0000000017fb4800 JavaThread "TCF Locator Receiver" daemon [_thread_blocked, id=4888, stack(0x0000000023fc0000,0x00000000240c0000)]
  0x0000000017fb3000 JavaThread "TCF Timer Dispatcher" daemon [_thread_blocked, id=4580, stack(0x00000000246d0000,0x00000000247d0000)]
  0x00000000180cc800 JavaThread "EMF Reference Cleaner" daemon [_thread_blocked, id=3800, stack(0x000000001a550000,0x000000001a650000)]
  0x00000000150e8000 JavaThread "Service Thread" daemon [_thread_blocked, id=3128, stack(0x0000000016850000,0x0000000016950000)]
  0x0000000015067000 JavaThread "C1 CompilerThread3" daemon [_thread_blocked, id=3248, stack(0x0000000016750000,0x0000000016850000)]
  0x0000000015066800 JavaThread "C2 CompilerThread2" daemon [_thread_blocked, id=3544, stack(0x0000000016650000,0x0000000016750000)]
  0x000000001505b800 JavaThread "C2 CompilerThread1" daemon [_thread_blocked, id=3992, stack(0x0000000016550000,0x0000000016650000)]
  0x0000000015054000 JavaThread "C2 CompilerThread0" daemon [_thread_blocked, id=2012, stack(0x0000000016450000,0x0000000016550000)]
  0x0000000015050000 JavaThread "Attach Listener" daemon [_thread_blocked, id=4128, stack(0x0000000016350000,0x0000000016450000)]
  0x0000000013e9f000 JavaThread "Signal Dispatcher" daemon [_thread_blocked, id=4392, stack(0x0000000016250000,0x0000000016350000)]
  0x0000000013e8e800 JavaThread "Finalizer" daemon [_thread_blocked, id=3028, stack(0x0000000016150000,0x0000000016250000)]
  0x0000000013e87800 JavaThread "Reference Handler" daemon [_thread_blocked, id=4564, stack(0x0000000016050000,0x0000000016150000)]
  0x0000000002448000 JavaThread "main" [_thread_blocked, id=4708, stack(0x0000000000030000,0x0000000000130000)]

Other Threads:
=>0x0000000015002800 VMThread [stack: 0x0000000015f50000,0x0000000016050000] [id=4356]

VM state:at safepoint (shutting down)

VM Mutex/Monitor currently owned by a thread:  ([mutex/lock_event])
[0x00000000023de3b0] Threads_lock - owner thread: 0x0000000015002800

Heap:
 PSYoungGen      total 87552K, used 47483K [0x00000000f5580000, 0x00000000fcb80000, 0x0000000100000000)
  eden space 82944K, 51% used [0x00000000f5580000,0x00000000f7f887d0,0x00000000fa680000)
  from space 4608K, 96% used [0x00000000fa880000,0x00000000facd6480,0x00000000fad00000)
  to   space 18944K, 0% used [0x00000000fb900000,0x00000000fb900000,0x00000000fcb80000)
 ParOldGen       total 119296K, used 59861K [0x00000000e0000000, 0x00000000e7480000, 0x00000000f5580000)
  object space 119296K, 50% used [0x00000000e0000000,0x00000000e3a757e0,0x00000000e7480000)
 Metaspace       used 94882K, capacity 102482K, committed 102808K, reserved 1138688K
  class space    used 11074K, capacity 13624K, committed 13744K, reserved 1048576K

Card table byte_map: [0x0000000002570000,0x0000000002680000] byte_map_base: 0x0000000001e70000

Marking Bits: (ParMarkBitMap*) 0x000000007003a5b0
 Begin Bits: [0x00000000123a0000, 0x0000000012ba0000)
 End Bits:   [0x0000000012ba0000, 0x00000000133a0000)

Polling page: 0x0000000000220000

CodeCache: size=245760Kb used=57539Kb max_used=57617Kb free=188220Kb
 bounds [0x00000000027e0000, 0x0000000006090000, 0x00000000117e0000]
 total_blobs=15529 nmethods=14611 adapters=824
 compilation: enabled

Compilation events (10 events):
Event: 1074.847 Thread 0x0000000015054000 nmethod 18896 0x0000000004158c50 code [0x0000000004158e60, 0x000000000415a248]
Event: 1074.847 Thread 0x0000000015067000 18907   !   3       org.eclipse.osgi.storage.BundleInfo$Generation::close (34 bytes)
Event: 1074.847 Thread 0x0000000015067000 nmethod 18907 0x00000000044b2110 code [0x00000000044b2280, 0x00000000044b26a8]
Event: 1074.849 Thread 0x0000000015067000 18909       3       org.eclipse.osgi.container.Module::holdsTransitionEventLock (25 bytes)
Event: 1074.849 Thread 0x0000000015067000 nmethod 18909 0x0000000004bea8d0 code [0x0000000004beaa60, 0x0000000004beb188]
Event: 1074.850 Thread 0x0000000015066800 18918       4       org.eclipse.osgi.container.ModuleDatabase::readUnlock (11 bytes)
Event: 1074.851 Thread 0x0000000015054000 18919       4       org.eclipse.osgi.container.ModuleDatabase::readLock (11 bytes)
Event: 1074.851 Thread 0x0000000015067000 18920   !   3       org.eclipse.osgi.storage.BundleInfo$Generation::clearManifestCache (30 bytes)
Event: 1074.851 Thread 0x0000000015067000 nmethod 18920 0x00000000044b1650 code [0x00000000044b17e0, 0x00000000044b1e28]
Event: 1074.851 Thread 0x0000000015054000 nmethod 18919 0x00000000048acfd0 code [0x00000000048ad120, 0x00000000048ad1e8]

GC Heap History (10 events):
Event: 926.750 GC heap before
{Heap before GC invocations=65 (full 8):
 PSYoungGen      total 108032K, used 12273K [0x00000000f5580000, 0x00000000fd300000, 0x0000000100000000)
  eden space 87552K, 0% used [0x00000000f5580000,0x00000000f5580000,0x00000000fab00000)
  from space 20480K, 59% used [0x00000000fab00000,0x00000000fb6fc5e8,0x00000000fbf00000)
  to   space 20480K, 0% used [0x00000000fbf00000,0x00000000fbf00000,0x00000000fd300000)
 ParOldGen       total 119296K, used 65539K [0x00000000e0000000, 0x00000000e7480000, 0x00000000f5580000)
  object space 119296K, 54% used [0x00000000e0000000,0x00000000e4000f70,0x00000000e7480000)
 Metaspace       used 93460K, capacity 100998K, committed 101272K, reserved 1136640K
  class space    used 10955K, capacity 13434K, committed 13488K, reserved 1048576K
Event: 926.989 GC heap after
Heap after GC invocations=65 (full 8):
 PSYoungGen      total 108032K, used 0K [0x00000000f5580000, 0x00000000fd300000, 0x0000000100000000)
  eden space 87552K, 0% used [0x00000000f5580000,0x00000000f5580000,0x00000000fab00000)
  from space 20480K, 0% used [0x00000000fab00000,0x00000000fab00000,0x00000000fbf00000)
  to   space 20480K, 0% used [0x00000000fbf00000,0x00000000fbf00000,0x00000000fd300000)
 ParOldGen       total 119296K, used 59845K [0x00000000e0000000, 0x00000000e7480000, 0x00000000f5580000)
  object space 119296K, 50% used [0x00000000e0000000,0x00000000e3a717e0,0x00000000e7480000)
 Metaspace       used 93414K, capacity 100922K, committed 101272K, reserved 1136640K
  class space    used 10947K, capacity 13418K, committed 13488K, reserved 1048576K
}
Event: 972.666 GC heap before
{Heap before GC invocations=66 (full 8):
 PSYoungGen      total 108032K, used 87552K [0x00000000f5580000, 0x00000000fd300000, 0x0000000100000000)
  eden space 87552K, 100% used [0x00000000f5580000,0x00000000fab00000,0x00000000fab00000)
  from space 20480K, 0% used [0x00000000fab00000,0x00000000fab00000,0x00000000fbf00000)
  to   space 20480K, 0% used [0x00000000fbf00000,0x00000000fbf00000,0x00000000fd300000)
 ParOldGen       total 119296K, used 59845K [0x00000000e0000000, 0x00000000e7480000, 0x00000000f5580000)
  object space 119296K, 50% used [0x00000000e0000000,0x00000000e3a717e0,0x00000000e7480000)
 Metaspace       used 93693K, capacity 101184K, committed 101528K, reserved 1136640K
  class space    used 10983K, capacity 13419K, committed 13488K, reserved 1048576K
Event: 972.671 GC heap after
Heap after GC invocations=66 (full 8):
 PSYoungGen      total 107520K, used 1790K [0x00000000f5580000, 0x00000000fd480000, 0x0000000100000000)
  eden space 87040K, 0% used [0x00000000f5580000,0x00000000f5580000,0x00000000faa80000)
  from space 20480K, 8% used [0x00000000fbf00000,0x00000000fc0bfb28,0x00000000fd300000)
  to   space 20992K, 0% used [0x00000000faa80000,0x00000000faa80000,0x00000000fbf00000)
 ParOldGen       total 119296K, used 59845K [0x00000000e0000000, 0x00000000e7480000, 0x00000000f5580000)
  object space 119296K, 50% used [0x00000000e0000000,0x00000000e3a717e0,0x00000000e7480000)
 Metaspace       used 93693K, capacity 101184K, committed 101528K, reserved 1136640K
  class space    used 10983K, capacity 13419K, committed 13488K, reserved 1048576K
}
Event: 997.599 GC heap before
{Heap before GC invocations=67 (full 8):
 PSYoungGen      total 107520K, used 88830K [0x00000000f5580000, 0x00000000fd480000, 0x0000000100000000)
  eden space 87040K, 100% used [0x00000000f5580000,0x00000000faa80000,0x00000000faa80000)
  from space 20480K, 8% used [0x00000000fbf00000,0x00000000fc0bfb28,0x00000000fd300000)
  to   space 20992K, 0% used [0x00000000faa80000,0x00000000faa80000,0x00000000fbf00000)
 ParOldGen       total 119296K, used 59845K [0x00000000e0000000, 0x00000000e7480000, 0x00000000f5580000)
  object space 119296K, 50% used [0x00000000e0000000,0x00000000e3a717e0,0x00000000e7480000)
 Metaspace       used 93910K, capacity 101446K, committed 101784K, reserved 1138688K
  class space    used 10995K, capacity 13420K, committed 13488K, reserved 1048576K
Event: 997.605 GC heap after
Heap after GC invocations=67 (full 8):
 PSYoungGen      total 108032K, used 3022K [0x00000000f5580000, 0x00000000fd300000, 0x0000000100000000)
  eden space 87040K, 0% used [0x00000000f5580000,0x00000000f5580000,0x00000000faa80000)
  from space 20992K, 14% used [0x00000000faa80000,0x00000000fad738c0,0x00000000fbf00000)
  to   space 20480K, 0% used [0x00000000fbf00000,0x00000000fbf00000,0x00000000fd300000)
 ParOldGen       total 119296K, used 59853K [0x00000000e0000000, 0x00000000e7480000, 0x00000000f5580000)
  object space 119296K, 50% used [0x00000000e0000000,0x00000000e3a737e0,0x00000000e7480000)
 Metaspace       used 93910K, capacity 101446K, committed 101784K, reserved 1138688K
  class space    used 10995K, capacity 13420K, committed 13488K, reserved 1048576K
}
Event: 1029.337 GC heap before
{Heap before GC invocations=68 (full 8):
 PSYoungGen      total 108032K, used 90062K [0x00000000f5580000, 0x00000000fd300000, 0x0000000100000000)
  eden space 87040K, 100% used [0x00000000f5580000,0x00000000faa80000,0x00000000faa80000)
  from space 20992K, 14% used [0x00000000faa80000,0x00000000fad738c0,0x00000000fbf00000)
  to   space 20480K, 0% used [0x00000000fbf00000,0x00000000fbf00000,0x00000000fd300000)
 ParOldGen       total 119296K, used 59853K [0x00000000e0000000, 0x00000000e7480000, 0x00000000f5580000)
  object space 119296K, 50% used [0x00000000e0000000,0x00000000e3a737e0,0x00000000e7480000)
 Metaspace       used 94069K, capacity 101552K, committed 101784K, reserved 1138688K
  class space    used 11000K, capacity 13427K, committed 13488K, reserved 1048576K
Event: 1029.343 GC heap after
Heap after GC invocations=68 (full 8):
 PSYoungGen      total 101888K, used 4409K [0x00000000f5580000, 0x00000000fcf80000, 0x0000000100000000)
  eden space 84992K, 0% used [0x00000000f5580000,0x00000000f5580000,0x00000000fa880000)
  from space 16896K, 26% used [0x00000000fbf00000,0x00000000fc34e480,0x00000000fcf80000)
  to   space 19968K, 0% used [0x00000000fa880000,0x00000000fa880000,0x00000000fbc00000)
 ParOldGen       total 119296K, used 59861K [0x00000000e0000000, 0x00000000e7480000, 0x00000000f5580000)
  object space 119296K, 50% used [0x00000000e0000000,0x00000000e3a757e0,0x00000000e7480000)
 Metaspace       used 94069K, capacity 101552K, committed 101784K, reserved 1138688K
  class space    used 11000K, capacity 13427K, committed 13488K, reserved 1048576K
}
Event: 1072.165 GC heap before
{Heap before GC invocations=69 (full 8):
 PSYoungGen      total 101888K, used 89401K [0x00000000f5580000, 0x00000000fcf80000, 0x0000000100000000)
  eden space 84992K, 100% used [0x00000000f5580000,0x00000000fa880000,0x00000000fa880000)
  from space 16896K, 26% used [0x00000000fbf00000,0x00000000fc34e480,0x00000000fcf80000)
  to   space 19968K, 0% used [0x00000000fa880000,0x00000000fa880000,0x00000000fbc00000)
 ParOldGen       total 119296K, used 59861K [0x00000000e0000000, 0x00000000e7480000, 0x00000000f5580000)
  object space 119296K, 50% used [0x00000000e0000000,0x00000000e3a757e0,0x00000000e7480000)
 Metaspace       used 94211K, capacity 101750K, committed 102040K, reserved 1138688K
  class space    used 11001K, capacity 13428K, committed 13488K, reserved 1048576K
Event: 1072.171 GC heap after
Heap after GC invocations=69 (full 8):
 PSYoungGen      total 87552K, used 4441K [0x00000000f5580000, 0x00000000fcb80000, 0x0000000100000000)
  eden space 82944K, 0% used [0x00000000f5580000,0x00000000f5580000,0x00000000fa680000)
  from space 4608K, 96% used [0x00000000fa880000,0x00000000facd6480,0x00000000fad00000)
  to   space 18944K, 0% used [0x00000000fb900000,0x00000000fb900000,0x00000000fcb80000)
 ParOldGen       total 119296K, used 59861K [0x00000000e0000000, 0x00000000e7480000, 0x00000000f5580000)
  object space 119296K, 50% used [0x00000000e0000000,0x00000000e3a757e0,0x00000000e7480000)
 Metaspace       used 94211K, capacity 101750K, committed 102040K, reserved 1138688K
  class space    used 11001K, capacity 13428K, committed 13488K, reserved 1048576K
}

Deoptimization events (10 events):
Event: 1074.809 Thread 0x0000000017fb7800 Uncommon trap: reason=bimorphic action=maybe_recompile pc=0x0000000004eb4484 method=org.eclipse.core.internal.dtree.AbstractDataTreeNode.assembleWith([Lorg/eclipse/core/internal/dtree/AbstractDataTreeNode;[Lorg/eclipse/core/internal/dtree/AbstractDataTreeN²š|<Ë@
Event: 1074.809 Thread 0x0000000017fb7800 Uncommon trap: reason=bimorphic action=maybe_recompile pc=0x0000000004eb4484 method=org.eclipse.core.internal.dtree.AbstractDataTreeNode.assembleWith([Lorg/eclipse/core/internal/dtree/AbstractDataTreeNode;[Lorg/eclipse/core/internal/dtree/AbstractDataTreeNKŽ~<Ë@
Event: 1074.809 Thread 0x0000000017fb7800 Uncommon trap: reason=bimorphic action=maybe_recompile pc=0x0000000004eb4484 method=org.eclipse.core.internal.dtree.AbstractDataTreeNode.assembleWith([Lorg/eclipse/core/internal/dtree/AbstractDataTreeNode;[Lorg/eclipse/core/internal/dtree/AbstractDataTreeNÍ÷JæDË@
Event: 1074.817 Thread 0x0000000017fb7800 Uncommon trap: reason=unstable_if action=reinterpret pc=0x0000000004d86298 method=java.lang.Class.getDeclaredMethod(Ljava/lang/String;[Ljava/lang/Class;)Ljava/lang/reflect/Method; @ 21
Event: 1074.825 Thread 0x0000000017fbb000 Uncommon trap: reason=unstable_if action=reinterpret pc=0x0000000004527fb8 method=org.eclipse.core.internal.jobs.JobManager.nextJob()Lorg/eclipse/core/runtime/jobs/Job; @ 80
Event: 1074.826 Thread 0x0000000017fba800 Uncommon trap: reason=unstable_if action=reinterpret pc=0x00000000041aa498 method=org.eclipse.core.internal.jobs.WorkerPool.startJob(Lorg/eclipse/core/internal/jobs/Worker;)Lorg/eclipse/core/internal/jobs/InternalJob; @ 177
Event: 1074.826 Thread 0x0000000017fbc000 Uncommon trap: reason=unstable_if action=reinterpret pc=0x00000000041aa498 method=org.eclipse.core.internal.jobs.WorkerPool.startJob(Lorg/eclipse/core/internal/jobs/Worker;)Lorg/eclipse/core/internal/jobs/InternalJob; @ 177
Event: 1074.839 Thread 0x0000000017fb7800 Uncommon trap: reason=unstable_if action=reinterpret pc=0x00000000033129cc method=sun.reflect.UnsafeStaticObjectFieldAccessorImpl.set(Ljava/lang/Object;Ljava/lang/Object;)V @ 13
Event: 1074.841 Thread 0x0000000017ae6000 Uncommon trap: reason=unstable_if action=reinterpret pc=0x0000000003512120 method=org.eclipse.osgi.framework.eventmgr.EventManager$EventThread.getNextEvent()Lorg/eclipse/osgi/framework/eventmgr/EventManager$EventThread$Queued; @ 15
Event: 1074.848 Thread 0x0000000017faf800 Uncommon trap: reason=unstable_if action=reinterpret pc=0x0000000003512120 method=org.eclipse.osgi.framework.eventmgr.EventManager$EventThread.getNextEvent()Lorg/eclipse/osgi/framework/eventmgr/EventManager$EventThread$Queued; @ 15

Internal exceptions (10 events):
Event: 1074.251 Thread 0x000000001c1b4000 Implicit null exception at 0x00000000041a8617 to 0x00000000041acd35
Event: 1074.260 Thread 0x0000000017fb7800 Implicit null exception at 0x000000000511a9eb to 0x000000000511ca9d
Event: 1074.260 Thread 0x0000000017fb7800 Implicit null exception at 0x000000000591c2f3 to 0x000000000591d8aa
Event: 1074.806 Thread 0x0000000017fb7800 Implicit null exception at 0x0000000003e2dcc7 to 0x0000000003e2f075
Event: 1074.806 Thread 0x0000000017fb7800 Exception <a 'java/lang/NullPointerException'> (0x00000000f7c14150) thrown at [C:\re\workspace\8-2-build-windows-amd64-cygwin\jdk8u66\5298\hotspot\src\share\vm\prims\jvm.cpp, line 1390]
Event: 1074.825 Thread 0x0000000017faf000 Exception <a 'java/lang/InterruptedException'> (0x00000000f74b7138) thrown at [C:\re\workspace\8-2-build-windows-amd64-cygwin\jdk8u66\5298\hotspot\src\share\vm\runtime\objectMonitor.cpp, line 1683]
Event: 1074.839 Thread 0x0000000017fb7800 Implicit null exception at 0x00000000033126d0 to 0x00000000033129b9
Event: 1074.841 Thread 0x0000000017ae6000 Exception <a 'java/lang/InterruptedException'> (0x00000000f7d257f0) thrown at [C:\re\workspace\8-2-build-windows-amd64-cygwin\jdk8u66\5298\hotspot\src\share\vm\runtime\objectMonitor.cpp, line 1683]
Event: 1074.848 Thread 0x0000000017faf800 Exception <a 'java/lang/InterruptedException'> (0x00000000f71da830) thrown at [C:\re\workspace\8-2-build-windows-amd64-cygwin\jdk8u66\5298\hotspot\src\share\vm\runtime\objectMonitor.cpp, line 1683]
Event: 1074.848 Thread 0x0000000017ae7000 Exception <a 'java/lang/InterruptedException'> (0x00000000f7f1fdf0) thrown at [C:\re\workspace\8-2-build-windows-amd64-cygwin\jdk8u66\5298\hotspot\src\share\vm\runtime\objectMonitor.cpp, line 1683]

Events (10 events):
Event: 1074.850 Thread 0x0000000017fb7800 Thread exited: 0x0000000017fb7800
Event: 1074.851 loading class java/util/IdentityHashMap$KeyIterator
Event: 1074.851 loading class java/util/IdentityHashMap$IdentityHashMapIterator
Event: 1074.851 loading class java/util/IdentityHashMap$IdentityHashMapIterator done
Event: 1074.851 loading class java/util/IdentityHashMap$KeyIterator done
Event: 1074.851 Thread 0x0000000017fb7800 Thread added: 0x0000000017fb7800
Event: 1074.851 Thread 0x0000000015067000 flushing nmethod 0x000000000564f590
Event: 1074.852 Thread 0x0000000017fb7800 Thread exited: 0x0000000017fb7800
Event: 1074.852 Thread 0x0000000015067000 flushing nmethod 0x000000000572ad10
Event: 1074.852 Executing VM operation: Exit


Dynamic libraries:
0x0000000000400000 - 0x000000000044f000 	C:\Xilinx\SDK\2016.2\eclipse\win64.o\eclipse.exe
0x0000000077020000 - 0x00000000771ca000 	C:\Windows\SYSTEM32\ntdll.dll
0x0000000076e00000 - 0x0000000076f1f000 	C:\Windows\system32\kernel32.dll
0x000007fefd030000 - 0x000007fefd09a000 	C:\Windows\system32\KERNELBASE.dll
0x0000000076f20000 - 0x000000007701a000 	C:\Windows\system32\USER32.dll
0x000007fefeb70000 - 0x000007fefebd7000 	C:\Windows\system32\GDI32.dll
0x000007fefdb00000 - 0x000007fefdb0e000 	C:\Windows\system32\LPK.dll
0x000007fefd2c0000 - 0x000007fefd38a000 	C:\Windows\system32\USP10.dll
0x000007fefd120000 - 0x000007fefd1bf000 	C:\Windows\system32\msvcrt.dll
0x000007fefb670000 - 0x000007fefb864000 	C:\Windows\WinSxS\amd64_microsoft.windows.common-controls_6595b64144ccf1df_6.0.7601.18837_none_fa3b1e3d17594757\COMCTL32.dll
0x000007fefebe0000 - 0x000007fefec51000 	C:\Windows\system32\SHLWAPI.dll
0x000007feff150000 - 0x000007feff17e000 	C:\Windows\system32\IMM32.DLL
0x000007feff180000 - 0x000007feff289000 	C:\Windows\system32\MSCTF.dll
0x0000000072000000 - 0x0000000072012000 	C:\Xilinx\SDK\2016.2\eclipse\win64.o\plugins\org.eclipse.equinox.launcher.win32.win32.x86_64_1.1.300.v20150602-1417\eclipse_1611.dll
0x000007fefec60000 - 0x000007fefed3b000 	C:\Windows\system32\ADVAPI32.dll
0x000007fefeff0000 - 0x000007feff00f000 	C:\Windows\SYSTEM32\sechost.dll
0x000007fefd570000 - 0x000007fefd69d000 	C:\Windows\system32\RPCRT4.dll
0x000007fefbdf0000 - 0x000007fefbdfc000 	C:\Windows\system32\VERSION.dll
0x000007fefb610000 - 0x000007fefb666000 	C:\Windows\system32\UxTheme.dll
0x000000006f830000 - 0x00000000700b9000 	C:\Xilinx\SDK\2016.2\tps\win64\jre\bin\server\jvm.dll
0x000007fefae00000 - 0x000007fefae09000 	C:\Windows\system32\WSOCK32.dll
0x000007feff100000 - 0x000007feff14d000 	C:\Windows\system32\WS2_32.dll
0x000007feff0f0000 - 0x000007feff0f8000 	C:\Windows\system32\NSI.dll
0x000007fef9af0000 - 0x000007fef9b2b000 	C:\Windows\system32\WINMM.dll
0x00000000771e0000 - 0x00000000771e7000 	C:\Windows\system32\PSAPI.DLL
0x0000000072650000 - 0x0000000072722000 	C:\Windows\system32\MSVCR100.dll
0x00000000743b0000 - 0x00000000743bf000 	C:\Xilinx\SDK\2016.2\tps\win64\jre\bin\verify.dll
0x0000000074380000 - 0x00000000743a9000 	C:\Xilinx\SDK\2016.2\tps\win64\jre\bin\java.dll
0x0000000074360000 - 0x0000000074376000 	C:\Xilinx\SDK\2016.2\tps\win64\jre\bin\zip.dll
0x000007fefdb10000 - 0x000007fefe899000 	C:\Windows\system32\SHELL32.dll
0x000007fefed40000 - 0x000007fefef43000 	C:\Windows\system32\ole32.dll
0x000007fefcd60000 - 0x000007fefcd6f000 	C:\Windows\system32\profapi.dll
0x000007fefc560000 - 0x000007fefc578000 	C:\Windows\system32\CRYPTSP.dll
0x000007fefc260000 - 0x000007fefc2a7000 	C:\Windows\system32\rsaenh.dll
0x000007fefce40000 - 0x000007fefce5e000 	C:\Windows\system32\USERENV.dll
0x000007fefcbc0000 - 0x000007fefcbcf000 	C:\Windows\system32\CRYPTBASE.dll
0x0000000074340000 - 0x000000007435a000 	C:\Xilinx\SDK\2016.2\tps\win64\jre\bin\net.dll
0x000007fefc500000 - 0x000007fefc555000 	C:\Windows\system32\mswsock.dll
0x000007fefc4f0000 - 0x000007fefc4f7000 	C:\Windows\System32\wship6.dll
0x000007fefa670000 - 0x000007fefa697000 	C:\Windows\system32\IPHLPAPI.DLL
0x000007fefa660000 - 0x000007fefa66b000 	C:\Windows\system32\WINNSI.DLL
0x000007fefa490000 - 0x000007fefa4a1000 	C:\Windows\system32\dhcpcsvc6.DLL
0x000007fefa470000 - 0x000007fefa488000 	C:\Windows\system32\dhcpcsvc.DLL
0x0000000074270000 - 0x0000000074281000 	C:\Xilinx\SDK\2016.2\tps\win64\jre\bin\nio.dll
0x000007fef9800000 - 0x000007fef9815000 	C:\Windows\system32\NLAapi.dll
0x000007fef9be0000 - 0x000007fef9bf5000 	C:\Windows\system32\napinsp.dll
0x000007fef9c00000 - 0x000007fef9c19000 	C:\Windows\system32\pnrpnsp.dll
0x000007fefc380000 - 0x000007fefc3db000 	C:\Windows\system32\DNSAPI.dll
0x000007fef9da0000 - 0x000007fef9dab000 	C:\Windows\System32\winrnr.dll
0x000007fefbec0000 - 0x000007fefbec7000 	C:\Windows\System32\wshtcpip.dll
0x000007fef9e40000 - 0x000007fef9e48000 	C:\Windows\system32\rasadhlp.dll
0x000007fefa520000 - 0x000007fefa573000 	C:\Windows\System32\fwpuclnt.dll
0x0000000018740000 - 0x00000000187e8000 	C:\Users\milwidya\.Xilinx\SDK\2016.2\org.eclipse.osgi\312\0\.cp\swt-win32-4527.dll
0x000007feff010000 - 0x000007feff0e8000 	C:\Windows\system32\OLEAUT32.dll
0x000007fefd1c0000 - 0x000007fefd257000 	C:\Windows\system32\comdlg32.dll
0x000007fef5ca0000 - 0x000007fef5d11000 	C:\Windows\system32\WINSPOOL.DRV
0x000007fefd830000 - 0x000007fefdaf5000 	C:\Windows\system32\WININET.dll
0x000007fefd0d0000 - 0x000007fefd0d4000 	C:\Windows\system32\api-ms-win-downlevel-user32-l1-1-0.dll
0x000007fefd0c0000 - 0x000007fefd0c4000 	C:\Windows\system32\api-ms-win-downlevel-shlwapi-l1-1-0.dll
0x000007fefcfd0000 - 0x000007fefcfd4000 	C:\Windows\system32\api-ms-win-downlevel-version-l1-1-0.dll
0x000007fefd020000 - 0x000007fefd023000 	C:\Windows\system32\api-ms-win-downlevel-normaliz-l1-1-0.dll
0x00000000771f0000 - 0x00000000771f3000 	C:\Windows\system32\normaliz.DLL
0x000007fefe8a0000 - 0x000007fefeb69000 	C:\Windows\system32\iertutil.dll
0x000007fefd0a0000 - 0x000007fefd0a5000 	C:\Windows\system32\api-ms-win-downlevel-advapi32-l1-1-0.dll
0x000007fefce60000 - 0x000007fefcfcd000 	C:\Windows\system32\CRYPT32.dll
0x000007fefcd70000 - 0x000007fefcd7f000 	C:\Windows\system32\MSASN1.dll
0x000007fefb0e0000 - 0x000007fefb20c000 	C:\Windows\system32\propsys.dll
0x000007fefef50000 - 0x000007fefefe9000 	C:\Windows\system32\CLBCatQ.DLL
0x00000000003c0000 - 0x00000000003de000 	C:\Users\milwidya\.Xilinx\SDK\2016.2\org.eclipse.osgi\312\0\.cp\swt-gdip-win32-4527.dll
0x000007fefb3f0000 - 0x000007fefb606000 	C:\Windows\WinSxS\amd64_microsoft.windows.gdiplus_6595b64144ccf1df_1.1.7601.23508_none_145555328b95eaaa\gdiplus.dll
0x000007fefaf10000 - 0x000007fefb071000 	C:\Windows\system32\WindowsCodecs.dll
0x0000000180000000 - 0x0000000180012000 	C:\Users\milwidya\.Xilinx\SDK\2016.2\org.eclipse.osgi\126\0\.cp\os\win32\x86_64\localfile_1_0_0.dll
0x000007feef090000 - 0x000007feef0e4000 	C:\Windows\system32\oleacc.dll
0x000007fef8d30000 - 0x000007fef8d37000 	C:\Windows\system32\msimg32.dll
0x000007fefccb0000 - 0x000007fefccc4000 	C:\Windows\system32\RpcRtRemote.dll
0x000007fefcb60000 - 0x000007fefcbb7000 	C:\Windows\system32\apphelp.dll
0x000007fef9680000 - 0x000007fef9691000 	C:\Users\milwidya\.Xilinx\SDK\2016.2\org.eclipse.osgi\129\0\.cp\jWinHttp-1.0.0.dll
0x000007fef9230000 - 0x000007fef92a1000 	C:\Windows\system32\WINHTTP.dll
0x000007fef91c0000 - 0x000007fef9224000 	C:\Windows\system32\webio.dll
0x000007fefcb30000 - 0x000007fefcb55000 	C:\Windows\system32\SspiCli.dll
0x000007fefc120000 - 0x000007fefc12a000 	C:\Windows\system32\credssp.dll
0x000007fefcfe0000 - 0x000007fefd016000 	C:\Windows\system32\CFGMGR32.dll
0x000007fef9630000 - 0x000007fef963f000 	C:\Xilinx\SDK\2016.2\lib\win64.o\librdi_repo_manager.dll
0x000007fef81e0000 - 0x000007fef820a000 	C:\Xilinx\SDK\2016.2\lib\win64.o\libisl_sysinfo.dll
0x000007feec320000 - 0x000007feec3f4000 	C:\Windows\system32\MSVCR110.dll
0x000007feec270000 - 0x000007feec317000 	C:\Windows\system32\MSVCP110.dll
0x000007fec27b0000 - 0x000007fec31f0000 	C:\Xilinx\SDK\2016.2\lib\win64.o\librdi_common.dll
0x000007feea700000 - 0x000007feeaa6e000 	C:\Xilinx\SDK\2016.2\lib\win64.o\libCOIN-all.dll
0x000007fec38f0000 - 0x000007fec3b0f000 	C:\Xilinx\SDK\2016.2\lib\win64.o\libXil_lmgr11.dll
0x000007fefadd0000 - 0x000007fefade6000 	C:\Windows\system32\NETAPI32.dll
0x000007fefc190000 - 0x000007fefc19c000 	C:\Windows\system32\netutils.dll
0x000007fefc7e0000 - 0x000007fefc803000 	C:\Windows\system32\srvcli.dll
0x000007fefadb0000 - 0x000007fefadc5000 	C:\Windows\system32\wkscli.dll
0x000007fefd0e0000 - 0x000007fefd11b000 	C:\Windows\system32\WINTRUST.dll
0x000007fef8d20000 - 0x000007fef8d30000 	C:\Xilinx\SDK\2016.2\lib\win64.o\libboost_date_time.dll
0x000007feeef10000 - 0x000007feeef34000 	C:\Xilinx\SDK\2016.2\lib\win64.o\libboost_filesystem.dll
0x000007fefae20000 - 0x000007fefae29000 	C:\Xilinx\SDK\2016.2\lib\win64.o\libboost_system.dll
0x000007feeee90000 - 0x000007feeef07000 	C:\Xilinx\SDK\2016.2\lib\win64.o\libboost_program_options.dll
0x000007fec26a0000 - 0x000007fec27a6000 	C:\Xilinx\SDK\2016.2\lib\win64.o\libboost_regex.dll
0x000007fef81b0000 - 0x000007fef81c3000 	C:\Xilinx\SDK\2016.2\lib\win64.o\libboost_signals.dll
0x000007fef2020000 - 0x000007fef203d000 	C:\Xilinx\SDK\2016.2\lib\win64.o\libboost_thread.dll
0x000007fef81a0000 - 0x000007fef81ab000 	C:\Xilinx\SDK\2016.2\lib\win64.o\libboost_chrono.dll
0x000007fef49b0000 - 0x000007fef49bb000 	C:\Xilinx\SDK\2016.2\lib\win64.o\libboost_xilinx.dll
0x000007feee560000 - 0x000007feee5e0000 	C:\Xilinx\SDK\2016.2\lib\win64.o\libhdlpsolve.dll
0x000007feebdf0000 - 0x000007feebe8a000 	C:\Xilinx\SDK\2016.2\lib\win64.o\libhdxml.dll
0x000007fec2230000 - 0x000007fec2695e00 	C:\Xilinx\SDK\2016.2\lib\win64.o\libisl_iostreams.dll
0x000007feeefe0000 - 0x000007feeeff6000 	C:\Xilinx\SDK\2016.2\lib\win64.o\libboost_iostreams.dll
0x000007feee670000 - 0x000007feee693000 	C:\Xilinx\SDK\2016.2\lib\win64.o\librdizlib.dll
0x000007feee640000 - 0x000007feee663000 	C:\Xilinx\SDK\2016.2\lib\win64.o\libisl_iosutils.dll
0x000007feee6d0000 - 0x000007feee6e5000 	C:\Xilinx\SDK\2016.2\lib\win64.o\pthreadVC2.dll
0x000007feea6a0000 - 0x000007feea6f4000 	C:\Xilinx\SDK\2016.2\lib\win64.o\librdi_commonxillic.dll
0x000007fec2100000 - 0x000007fec2230000 	C:\Xilinx\SDK\2016.2\lib\win64.o\librdi_curl.dll
0x000007feec6e0000 - 0x000007feec6f8000 	C:\Xilinx\SDK\2016.2\lib\win64.o\librdiconfig.dll
0x00000000706f0000 - 0x0000000070817000 	C:\Xilinx\SDK\2016.2\lib\win64.o\tcl85t.dll
0x0000000027be0000 - 0x0000000027e43000 	C:\Xilinx\SDK\2016.2\lib\win64.o\xerces-c_3_1.dll
0x000007fefd6a0000 - 0x000007fefd826000 	C:\Windows\system32\urlmon.dll
0x000007fefd0b0000 - 0x000007fefd0b4000 	C:\Windows\system32\api-ms-win-downlevel-ole32-l1-1-0.dll
0x000007feea4b0000 - 0x000007feea4d3000 	C:\Windows\system32\VCOMP110.DLL
0x000007fec1f00000 - 0x000007fec20f2000 	C:\Xilinx\SDK\2016.2\lib\win64.o\librdi_hsm.dll
0x000007fec38a0000 - 0x000007fec38e3000 	C:\Xilinx\SDK\2016.2\lib\win64.o\librdi_hdf.dll
0x000007fec1c70000 - 0x000007fec1ef1000 	C:\Xilinx\SDK\2016.2\lib\win64.o\librdi_ippcw.dll
0x000007feec6c0000 - 0x000007feec6d6000 	C:\Xilinx\SDK\2016.2\eclipse\win64.o\plugins\org.eclipse.cdt.core.win32.x86_64_5.4.0.201509131935\os\win32\x86_64\spawner.dll
0x000007fef4880000 - 0x000007fef488a000 	C:\Xilinx\SDK\2016.2\lib\win64.o\librdi_jtag_settings.dll
0x000007fec3870000 - 0x000007fec3899000 	C:\Xilinx\SDK\2016.2\lib\win64.o\librdi_debug_dialog.dll
0x000007fef4610000 - 0x000007fef4618000 	C:\Xilinx\SDK\2016.2\lib\win64.o\librdi_target_manager.dll
0x0000000071080000 - 0x00000000710a6000 	C:\Xilinx\SDK\2016.2\eclipse\win64.o\plugins\gnu.io.rxtx.win32.x86_64_2.1.7.3_v20071015\os\win32\x86_64\rxtxSerial.dll
0x0000000071100000 - 0x0000000071125000 	C:\Users\milwidya\.jssc\windows\jSSC-2.8_x86_64.dll
0x000007febe030000 - 0x000007febe840000 	C:\Xilinx\SDK\2016.2\lib\win64.o\libXil_lmgr11FNP.dll

VM Arguments:
jvm_args: -Dcom.xilinx.sdk.args.hwspec=C:/temp532/project_1/project_1.sdk/design_1_wrapper.hdf -Xms64m -Xmx512m & 
java_command: <unknown>
java_class_path (initial): C:\Xilinx\SDK\2016.2\eclipse\win64.o\\plugins/org.eclipse.equinox.launcher_1.3.100.v20150511-1540.jar
Launcher Type: generic

Environment Variables:
PATH=C:/Xilinx/SDK/2016.2/tps/win64/jre/bin/server;C:/Xilinx/SDK/2016.2/tps/win64/jre/bin;C:/Xilinx/SDK/2016.2/tps/win64/jre/lib/amd64;C:\Xilinx\SDK\2016.2\gnuwin\bin;C:\Xilinx\SDK\2016.2\gnu\microblaze\nt\bin;C:\Xilinx\SDK\2016.2\gnu\microblaze\linux_toolchain\nt64_le\bin;C:\Xilinx\SDK\2016.2\gnu\microblaze\linux_toolchain\nt64_be\bin;C:\Xilinx\SDK\2016.2\gnu\arm\nt\bin;C:\Xilinx\SDK\2016.2\gnu\aarch64\nt\aarch64-none\bin;C:\Xilinx\SDK\2016.2\gnu\aarch64\nt\aarch64-linux\bin;C:\Xilinx\SDK\2016.2\gnu\armr5\nt\gcc-arm-none-eabi\bin;C:\Xilinx\SDK\2016.2\gnu\aarch32\nt\gcc-arm-none-eabi\bin;C:\Xilinx\SDK\2016.2\gnu\aarch32\nt\gcc-arm-linux-gnueabi\bin;C:\Xilinx\SDK\2016.2\tps\win64\cmake-3.3.2\bin;;C:\Xilinx\SDK\2016.2\bin;C:\Xilinx\SDK\2016.2\lib\win64.o;C:\Xilinx\SDK\2016.2\tps\win64\jre\bin\server;C:\Xilinx\SDK\2016.2\tps\win64\jre\bin;C:\Xilinx\Vivado\2016.2\ids_lite\ISE\bin\nt64;C:\Xilinx\Vivado\2016.2\ids_lite\ISE\lib\nt64;C:\Xilinx\Vivado\2016.2\bin;C:\Xilinx\Vivado\2016.2\lib\win64.o;C:\Xilinx\Vivado\2016.2\tps\win64\jre\bin\server;C:\Xilinx\Vivado\2016.2\tps\win64\jre\bin;C:\Xilinx\Vivado_HLS\2016.2\bin;C:\Windows\system32;C:\Windows;C:\Windows\System32\Wbem;C:\Windows\System32\WindowsPowerShell\v1.0\;C:\Program Files (x86)\Java\jre6\bin;C:\Program Files (x86)\eclipse;C:\altera\16.0\quartus\bin64;c:\altera\16.0\quartus\bin64\jre64\bin;c:\temp532\project_1;
USERNAME=milwidya
OS=Windows_NT
PROCESSOR_IDENTIFIER=Intel64 Family 6 Model 60 Stepping 3, GenuineIntel



---------------  S Y S T E M  ---------------

OS: Windows 7 , 64 bit Build 7601 (6.1.7601.23418)

CPU:total 8 (4 cores per cpu, 2 threads per core) family 6 model 60 stepping 3, cmov, cx8, fxsr, mmx, sse, sse2, sse3, ssse3, sse4.1, sse4.2, popcnt, avx, avx2, aes, clmul, erms, lzcnt, ht, tsc, tscinvbit, bmi1, bmi2

Memory: 4k page, physical 16683160k(8883660k free), swap 33364460k(25178972k free)

vm_info: Java HotSpot(TM) 64-Bit Server VM (25.66-b18) for windows-amd64 JRE (1.8.0_66-b18), built on Nov  9 2015 10:51:13 by "java_re" with MS VC++ 10.0 (VS2010)

time: Wed Mar 29 16:07:19 2017
elapsed time: 1075 seconds (0d 0h 17m 55s)

