#
# A fatal error has been detected by the Java Runtime Environment:
#
#  EXCEPTION_UNCAUGHT_CXX_EXCEPTION (0xe06d7363) at pc=0x000007fefd66a06d, pid=5056, tid=1216
#
# JRE version: Java(TM) SE Runtime Environment (8.0_66-b18) (build 1.8.0_66-b18)
# Java VM: Java HotSpot(TM) 64-Bit Server VM (25.66-b18 mixed mode windows-amd64 compressed oops)
# Problematic frame:
# C  [KERNELBASE.dll+0x1a06d]
#
# Failed to write core dump. Minidumps are not enabled by default on client versions of Windows
#
# If you would like to submit a bug report, please visit:
#   http://bugreport.java.com/bugreport/crash.jsp
#

---------------  T H R E A D  ---------------

Current thread (0x0000000014e52800):  VMThread [stack: 0x0000000015da0000,0x0000000015ea0000] [id=1216]

siginfo: ExceptionCode=0xe06d7363, ExceptionInformation=0x0000000019930520 0x0000000015e9f6c8 0x000007feebff2cb8 0x000007feebf40000 

Registers:
RAX=0x0000000061fdbbe2, RBX=0x000007feebff2cb8, RCX=0x0000000015e9ef10, RDX=0x00000000000000d0
RSP=0x0000000015e9f520, RBP=0x0000000015e9f650, RSI=0x00000000ffffffff, RDI=0x00000000174d3b40
R8 =0x0000000000000000, R9 =0x0000000000000000, R10=0x000007feebf40000, R11=0x0000000015e9f560
R12=0x0000000000000001, R13=0x0000000000000008, R14=0x0000000000000000, R15=0xffffffffffffffff
RIP=0x000007fefd66a06d, EFLAGS=0x0000000000000206

Top of Stack: (sp=0x0000000015e9f520)
0x0000000015e9f520:   000007feebff2cb8 00000000ffffffff
0x0000000015e9f530:   00000000174d3b40 0000000000287900
0x0000000015e9f540:   00000001e06d7363 0000000000000000
0x0000000015e9f550:   000007fefd66a06d 000007fe00000004
0x0000000015e9f560:   0000000019930520 0000000015e9f6c8
0x0000000015e9f570:   000007feebff2cb8 000007feebf40000
0x0000000015e9f580:   0000000000000000 0000000015e9f608
0x0000000015e9f590:   0000000000000028 00000000174d3b30
0x0000000015e9f5a0:   00000000174c62a0 0000000000000000
0x0000000015e9f5b0:   000007fffffa6000 00000000776ef2d3
0x0000000015e9f5c0:   0000000000000000 0000000000000008
0x0000000015e9f5d0:   0000000000000001 00000000174d3b40
0x0000000015e9f5e0:   00000000ffffffff 000007feebf9e92c
0x0000000015e9f5f0:   000007feebff2cb8 0000000015e9f660
0x0000000015e9f600:   0000000000000001 000007feebf400f8
0x0000000015e9f610:   00000001e06d7363 0000000000000000 

Instructions: (pc=0x000007fefd66a06d)
0x000007fefd66a04d:   54 24 24 48 89 4c 24 28 4d 85 c9 0f 85 6a 03 00
0x000007fefd66a05d:   00 89 4c 24 38 48 8d 4c 24 20 ff 15 33 02 03 00
0x000007fefd66a06d:   48 81 c4 c8 00 00 00 c3 90 90 90 90 90 90 90 90
0x000007fefd66a07d:   90 90 90 48 83 ec 28 65 48 8b 04 25 30 00 00 00 


Register to memory mapping:

RAX=0x0000000061fdbbe2 is an unknown value
RBX=0x000007feebff2cb8 is an unknown value
RCX=0x0000000015e9ef10 is an unknown value
RDX=0x00000000000000d0 is an unknown value
RSP=0x0000000015e9f520 is an unknown value
RBP=0x0000000015e9f650 is an unknown value
RSI=0x00000000ffffffff is an unknown value
RDI=0x00000000174d3b40 is an unknown value
R8 =0x0000000000000000 is an unknown value
R9 =0x0000000000000000 is an unknown value
R10=0x000007feebf40000 is an unknown value
R11=0x0000000015e9f560 is an unknown value
R12=0x0000000000000001 is an unknown value
R13=0x0000000000000008 is an unknown value
R14=0x0000000000000000 is an unknown value
R15=0xffffffffffffffff is an unknown value


Stack: [0x0000000015da0000,0x0000000015ea0000],  sp=0x0000000015e9f520,  free space=1021k
Native frames: (J=compiled Java code, j=interpreted, Vv=VM code, C=native code)
C  [KERNELBASE.dll+0x1a06d]
C  [MSVCR110.dll+0x5e92c]
C  [MSVCR110.dll+0x1315c]
C  [MSVCR110.dll+0x136a9]
C  [MSVCR110.dll+0x13e9c]
C  [MSVCR110.dll+0x239e]
C  [MSVCR110.dll+0xaf9e]
C  [MSVCP110.dll+0x397b9]
C  [librdi_common.dll+0x182316]
C  [librdi_common.dll+0x180fab]
C  [librdi_target_manager.dll+0x2400]
C  [librdi_target_manager.dll+0x2682]
C  [ntdll.dll+0x229b1]
C  [ntdll.dll+0x227c0]
C  [MSVCR100.dll+0x20ccd]
V  [jvm.dll+0x210cc5]
V  [jvm.dll+0x249897]
V  [jvm.dll+0x248b36]
V  [jvm.dll+0x248fd1]
V  [jvm.dll+0x2491ee]
V  [jvm.dll+0x29a0fa]
C  [MSVCR100.dll+0x21d9f]
C  [MSVCR100.dll+0x21e3b]
C  [kernel32.dll+0x159bd]
C  [ntdll.dll+0x2a2e1]

VM_Operation (0x000000000012f4c0): Exit, mode: safepoint, requested by thread 0x00000000021d8000


---------------  P R O C E S S  ---------------

Java Threads: ( => current thread )
  0x000000001bb23000 JavaThread "Thread-23" [_thread_in_native, id=3264, stack(0x00000000285e0000,0x00000000286e0000)]
  0x000000001bb21800 JavaThread "Thread-21" daemon [_thread_blocked, id=5028, stack(0x0000000027af0000,0x0000000027bf0000)]
  0x000000002263d000 JavaThread "TCF Channel Transmitter" daemon [_thread_blocked, id=4936, stack(0x0000000025dc0000,0x0000000025ec0000)]
  0x000000002263c800 JavaThread "TCF Channel Receiver" daemon [_thread_in_native, id=5068, stack(0x0000000024b10000,0x0000000024c10000)]
  0x000000002263b000 JavaThread "Process monitor" daemon [_thread_in_native, id=4240, stack(0x00000000276f0000,0x00000000277f0000)]
  0x000000002263a000 JavaThread "Input Stream Monitor" daemon [_thread_blocked, id=2808, stack(0x00000000275f0000,0x00000000276f0000)]
  0x0000000022639800 JavaThread "Output Stream Monitor" daemon [_thread_in_native, id=4732, stack(0x00000000274f0000,0x00000000275f0000)]
  0x000000001801e800 JavaThread "Output Stream Monitor" daemon [_thread_in_native, id=4724, stack(0x00000000273f0000,0x00000000274f0000)]
  0x0000000018017000 JavaThread "TCF Locator DNS Lookup" daemon [_thread_blocked, id=1036, stack(0x0000000025090000,0x0000000025190000)]
  0x0000000018016800 JavaThread "TCF Locator Timer" daemon [_thread_blocked, id=4816, stack(0x0000000024f90000,0x0000000025090000)]
  0x0000000018015800 JavaThread "TCF Locator Receiver" daemon [_thread_in_native, id=752, stack(0x0000000024e90000,0x0000000024f90000)]
  0x0000000018014000 JavaThread "TCF Timer Dispatcher" daemon [_thread_blocked, id=1344, stack(0x0000000024c90000,0x0000000024d90000)]
  0x00000000181e1800 JavaThread "EMF Reference Cleaner" daemon [_thread_blocked, id=5044, stack(0x0000000019470000,0x0000000019570000)]
  0x0000000014f41000 JavaThread "Service Thread" daemon [_thread_blocked, id=5112, stack(0x0000000016760000,0x0000000016860000)]
  0x0000000014ed8800 JavaThread "C1 CompilerThread3" daemon [_thread_blocked, id=4552, stack(0x0000000016660000,0x0000000016760000)]
  0x0000000014eb7800 JavaThread "C2 CompilerThread2" daemon [_thread_blocked, id=3292, stack(0x0000000016560000,0x0000000016660000)]
  0x0000000014eac800 JavaThread "C2 CompilerThread1" daemon [_thread_blocked, id=704, stack(0x0000000016460000,0x0000000016560000)]
  0x0000000014ea5800 JavaThread "C2 CompilerThread0" daemon [_thread_blocked, id=5088, stack(0x0000000016360000,0x0000000016460000)]
  0x0000000014ea1800 JavaThread "Attach Listener" daemon [_thread_blocked, id=1032, stack(0x0000000016260000,0x0000000016360000)]
  0x0000000014ea0000 JavaThread "Signal Dispatcher" daemon [_thread_blocked, id=3736, stack(0x0000000016160000,0x0000000016260000)]
  0x0000000013cdf800 JavaThread "Finalizer" daemon [_thread_blocked, id=4924, stack(0x0000000015fa0000,0x00000000160a0000)]
  0x0000000013cd8800 JavaThread "Reference Handler" daemon [_thread_blocked, id=4692, stack(0x0000000015ea0000,0x0000000015fa0000)]
  0x00000000021d8000 JavaThread "main" [_thread_blocked, id=3404, stack(0x0000000000030000,0x0000000000130000)]

Other Threads:
=>0x0000000014e52800 VMThread [stack: 0x0000000015da0000,0x0000000015ea0000] [id=1216]

VM state:at safepoint (shutting down)

VM Mutex/Monitor currently owned by a thread:  ([mutex/lock_event])
[0x000000000262e3b0] Threads_lock - owner thread: 0x0000000014e52800

Heap:
 PSYoungGen      total 143872K, used 60023K [0x00000000f5580000, 0x0000000100000000, 0x0000000100000000)
  eden space 113152K, 38% used [0x00000000f5580000,0x00000000f8042100,0x00000000fc400000)
  from space 30720K, 52% used [0x00000000fc400000,0x00000000fd3dbdb0,0x00000000fe200000)
  to   space 30208K, 0% used [0x00000000fe280000,0x00000000fe280000,0x0000000100000000)
 ParOldGen       total 94208K, used 46694K [0x00000000e0000000, 0x00000000e5c00000, 0x00000000f5580000)
  object space 94208K, 49% used [0x00000000e0000000,0x00000000e2d999b8,0x00000000e5c00000)
 Metaspace       used 82145K, capacity 89244K, committed 89472K, reserved 1126400K
  class space    used 10042K, capacity 12387K, committed 12416K, reserved 1048576K

Card table byte_map: [0x0000000002440000,0x0000000002550000] byte_map_base: 0x0000000001d40000

Marking Bits: (ParMarkBitMap*) 0x000000007080a5b0
 Begin Bits: [0x00000000121f0000, 0x00000000129f0000)
 End Bits:   [0x00000000129f0000, 0x00000000131f0000)

Polling page: 0x0000000002270000

CodeCache: size=245760Kb used=28526Kb max_used=28592Kb free=217233Kb
 bounds [0x0000000002630000, 0x0000000004270000, 0x0000000011630000]
 total_blobs=8754 nmethods=7867 adapters=793
 compilation: enabled

Compilation events (10 events):
Event: 62.312 Thread 0x0000000014ed8800 9699       3       org.eclipse.osgi.storage.bundlefile.BundleFile::setMruIndex (6 bytes)
Event: 62.312 Thread 0x0000000014ed8800 nmethod 9699 0x0000000002d747d0 code [0x0000000002d74920, 0x0000000002d74a70]
Event: 62.313 Thread 0x0000000014ed8800 9700       3       java.util.WeakHashMap::size (18 bytes)
Event: 62.313 Thread 0x0000000014ed8800 nmethod 9700 0x0000000002943710 code [0x0000000002943880, 0x0000000002943a68]
Event: 62.314 Thread 0x0000000014ed8800 9702   !   3       java.util.zip.ZipFile::close (223 bytes)
Event: 62.314 Thread 0x0000000014ed8800 nmethod 9702 0x0000000002ca1010 code [0x0000000002ca1300, 0x0000000002ca2d08]
Event: 62.315 Thread 0x0000000014ed8800 9701       3       java.util.WeakHashMap::isEmpty (13 bytes)
Event: 62.315 Thread 0x0000000014ed8800 nmethod 9701 0x0000000002cef910 code [0x0000000002cefa80, 0x0000000002cefda8]
Event: 62.316 Thread 0x0000000014ed8800 9714   !   3       org.eclipse.osgi.storage.BundleInfo$Generation::clearManifestCache (30 bytes)
Event: 62.316 Thread 0x0000000014ed8800 nmethod 9714 0x0000000003068d90 code [0x0000000003068f20, 0x0000000003069568]

GC Heap History (10 events):
Event: 4.304 GC heap before
{Heap before GC invocations=10 (full 2):
 PSYoungGen      total 118784K, used 28067K [0x00000000f5580000, 0x0000000100000000, 0x0000000100000000)
  eden space 98304K, 7% used [0x00000000f5580000,0x00000000f5ceee18,0x00000000fb580000)
  from space 20480K, 99% used [0x00000000fb580000,0x00000000fc979f58,0x00000000fc980000)
  to   space 26112K, 0% used [0x00000000fe680000,0x00000000fe680000,0x0000000100000000)
 ParOldGen       total 87552K, used 38221K [0x00000000e0000000, 0x00000000e5580000, 0x00000000f5580000)
  object space 87552K, 43% used [0x00000000e0000000,0x00000000e2553690,0x00000000e5580000)
 Metaspace       used 54229K, capacity 58968K, committed 59008K, reserved 1099776K
  class space    used 6490K, capacity 8060K, committed 8064K, reserved 1048576K
Event: 4.337 GC heap after
Heap after GC invocations=10 (full 2):
 PSYoungGen      total 149504K, used 9434K [0x00000000f5580000, 0x0000000100000000, 0x0000000100000000)
  eden space 123392K, 0% used [0x00000000f5580000,0x00000000f5580000,0x00000000fce00000)
  from space 26112K, 36% used [0x00000000fe680000,0x00000000fefb6880,0x0000000100000000)
  to   space 25088K, 0% used [0x00000000fce00000,0x00000000fce00000,0x00000000fe680000)
 ParOldGen       total 87552K, used 38229K [0x00000000e0000000, 0x00000000e5580000, 0x00000000f5580000)
  object space 87552K, 43% used [0x00000000e0000000,0x00000000e2555690,0x00000000e5580000)
 Metaspace       used 54229K, capacity 58968K, committed 59008K, reserved 1099776K
  class space    used 6490K, capacity 8060K, committed 8064K, reserved 1048576K
}
Event: 4.337 GC heap before
{Heap before GC invocations=11 (full 3):
 PSYoungGen      total 149504K, used 9434K [0x00000000f5580000, 0x0000000100000000, 0x0000000100000000)
  eden space 123392K, 0% used [0x00000000f5580000,0x00000000f5580000,0x00000000fce00000)
  from space 26112K, 36% used [0x00000000fe680000,0x00000000fefb6880,0x0000000100000000)
  to   space 25088K, 0% used [0x00000000fce00000,0x00000000fce00000,0x00000000fe680000)
 ParOldGen       total 87552K, used 38229K [0x00000000e0000000, 0x00000000e5580000, 0x00000000f5580000)
  object space 87552K, 43% used [0x00000000e0000000,0x00000000e2555690,0x00000000e5580000)
 Metaspace       used 54229K, capacity 58968K, committed 59008K, reserved 1099776K
  class space    used 6490K, capacity 8060K, committed 8064K, reserved 1048576K
Event: 4.501 GC heap after
Heap after GC invocations=11 (full 3):
 PSYoungGen      total 149504K, used 0K [0x00000000f5580000, 0x0000000100000000, 0x0000000100000000)
  eden space 123392K, 0% used [0x00000000f5580000,0x00000000f5580000,0x00000000fce00000)
  from space 26112K, 0% used [0x00000000fe680000,0x00000000fe680000,0x0000000100000000)
  to   space 25088K, 0% used [0x00000000fce00000,0x00000000fce00000,0x00000000fe680000)
 ParOldGen       total 94208K, used 34704K [0x00000000e0000000, 0x00000000e5c00000, 0x00000000f5580000)
  object space 94208K, 36% used [0x00000000e0000000,0x00000000e21e4370,0x00000000e5c00000)
 Metaspace       used 54229K, capacity 58968K, committed 59008K, reserved 1099776K
  class space    used 6490K, capacity 8060K, committed 8064K, reserved 1048576K
}
Event: 5.457 GC heap before
{Heap before GC invocations=12 (full 3):
 PSYoungGen      total 149504K, used 123392K [0x00000000f5580000, 0x0000000100000000, 0x0000000100000000)
  eden space 123392K, 100% used [0x00000000f5580000,0x00000000fce00000,0x00000000fce00000)
  from space 26112K, 0% used [0x00000000fe680000,0x00000000fe680000,0x0000000100000000)
  to   space 25088K, 0% used [0x00000000fce00000,0x00000000fce00000,0x00000000fe680000)
 ParOldGen       total 94208K, used 34704K [0x00000000e0000000, 0x00000000e5c00000, 0x00000000f5580000)
  object space 94208K, 36% used [0x00000000e0000000,0x00000000e21e4370,0x00000000e5c00000)
 Metaspace       used 63906K, capacity 69856K, committed 70144K, reserved 1110016K
  class space    used 7873K, capacity 9688K, committed 9728K, reserved 1048576K
Event: 5.495 GC heap after
Heap after GC invocations=12 (full 3):
 PSYoungGen      total 148480K, used 16755K [0x00000000f5580000, 0x0000000100000000, 0x0000000100000000)
  eden space 123392K, 0% used [0x00000000f5580000,0x00000000f5580000,0x00000000fce00000)
  from space 25088K, 66% used [0x00000000fce00000,0x00000000fde5cff8,0x00000000fe680000)
  to   space 25600K, 0% used [0x00000000fe700000,0x00000000fe700000,0x0000000100000000)
 ParOldGen       total 94208K, used 34712K [0x00000000e0000000, 0x00000000e5c00000, 0x00000000f5580000)
  object space 94208K, 36% used [0x00000000e0000000,0x00000000e21e6370,0x00000000e5c00000)
 Metaspace       used 63906K, capacity 69856K, committed 70144K, reserved 1110016K
  class space    used 7873K, capacity 9688K, committed 9728K, reserved 1048576K
}
Event: 22.279 GC heap before
{Heap before GC invocations=13 (full 3):
 PSYoungGen      total 148480K, used 140147K [0x00000000f5580000, 0x0000000100000000, 0x0000000100000000)
  eden space 123392K, 100% used [0x00000000f5580000,0x00000000fce00000,0x00000000fce00000)
  from space 25088K, 66% used [0x00000000fce00000,0x00000000fde5cff8,0x00000000fe680000)
  to   space 25600K, 0% used [0x00000000fe700000,0x00000000fe700000,0x0000000100000000)
 ParOldGen       total 94208K, used 34712K [0x00000000e0000000, 0x00000000e5c00000, 0x00000000f5580000)
  object space 94208K, 36% used [0x00000000e0000000,0x00000000e21e6370,0x00000000e5c00000)
 Metaspace       used 76748K, capacity 83528K, committed 83840K, reserved 1122304K
  class space    used 9386K, capacity 11602K, committed 11648K, reserved 1048576K
Event: 22.303 GC heap after
Heap after GC invocations=13 (full 3):
 PSYoungGen      total 138752K, used 25570K [0x00000000f5580000, 0x0000000100000000, 0x0000000100000000)
  eden space 113152K, 0% used [0x00000000f5580000,0x00000000f5580000,0x00000000fc400000)
  from space 25600K, 99% used [0x00000000fe700000,0x00000000ffff8bc8,0x0000000100000000)
  to   space 30720K, 0% used [0x00000000fc400000,0x00000000fc400000,0x00000000fe200000)
 ParOldGen       total 94208K, used 38340K [0x00000000e0000000, 0x00000000e5c00000, 0x00000000f5580000)
  object space 94208K, 40% used [0x00000000e0000000,0x00000000e2571040,0x00000000e5c00000)
 Metaspace       used 76748K, capacity 83528K, committed 83840K, reserved 1122304K
  class space    used 9386K, capacity 11602K, committed 11648K, reserved 1048576K
}
Event: 58.321 GC heap before
{Heap before GC invocations=14 (full 3):
 PSYoungGen      total 138752K, used 138722K [0x00000000f5580000, 0x0000000100000000, 0x0000000100000000)
  eden space 113152K, 100% used [0x00000000f5580000,0x00000000fc400000,0x00000000fc400000)
  from space 25600K, 99% used [0x00000000fe700000,0x00000000ffff8bc8,0x0000000100000000)
  to   space 30720K, 0% used [0x00000000fc400000,0x00000000fc400000,0x00000000fe200000)
 ParOldGen       total 94208K, used 38340K [0x00000000e0000000, 0x00000000e5c00000, 0x00000000f5580000)
  object space 94208K, 40% used [0x00000000e0000000,0x00000000e2571040,0x00000000e5c00000)
 Metaspace       used 80997K, capacity 87968K, committed 88192K, reserved 1126400K
  class space    used 9929K, capacity 12159K, committed 12160K, reserved 1048576K
Event: 58.336 GC heap after
Heap after GC invocations=14 (full 3):
 PSYoungGen      total 143872K, used 16239K [0x00000000f5580000, 0x0000000100000000, 0x0000000100000000)
  eden space 113152K, 0% used [0x00000000f5580000,0x00000000f5580000,0x00000000fc400000)
  from space 30720K, 52% used [0x00000000fc400000,0x00000000fd3dbdb0,0x00000000fe200000)
  to   space 30208K, 0% used [0x00000000fe280000,0x00000000fe280000,0x0000000100000000)
 ParOldGen       total 94208K, used 46694K [0x00000000e0000000, 0x00000000e5c00000, 0x00000000f5580000)
  object space 94208K, 49% used [0x00000000e0000000,0x00000000e2d999b8,0x00000000e5c00000)
 Metaspace       used 80997K, capacity 87968K, committed 88192K, reserved 1126400K
  class space    used 9929K, capacity 12159K, committed 12160K, reserved 1048576K
}

Deoptimization events (10 events):
Event: 61.644 Thread 0x00000000021d8000 Uncommon trap: reason=unreached action=reinterpret pc=0x00000000041f22e4 method=org.eclipse.emf.ecore.xmi.impl.StringSegment.writeAscii(Ljava/io/OutputStream;I)V @ 276
Event: 61.661 Thread 0x0000000018010800 Uncommon trap: reason=unstable_if action=reinterpret pc=0x0000000002800788 method=org.eclipse.e4.ui.internal.workbench.swt.E4Application$1.syncExec(Ljava/lang/Runnable;)V @ 14
Event: 61.676 Thread 0x0000000018018000 Uncommon trap: reason=unstable_if action=reinterpret pc=0x000000000417b5d0 method=org.eclipse.equinox.internal.event.EventHandlerTracker.getHandlers(Ljava/lang/String;)Ljava/util/Set; @ 28
Event: 61.677 Thread 0x0000000018018000 Uncommon trap: reason=class_check action=maybe_recompile pc=0x000000000418b028 method=org.eclipse.e4.core.internal.contexts.TrackableComputationExt.update(Lorg/eclipse/e4/core/internal/contexts/ContextChangeEvent;)Z @ 62
Event: 61.677 Thread 0x0000000018018000 Uncommon trap: reason=class_check action=maybe_recompile pc=0x000000000418b028 method=org.eclipse.e4.core.internal.contexts.TrackableComputationExt.update(Lorg/eclipse/e4/core/internal/contexts/ContextChangeEvent;)Z @ 62
Event: 61.692 Thread 0x000000001bb21000 Uncommon trap: reason=unstable_if action=reinterpret pc=0x00000000027b0264 method=sun.nio.cs.SingleByte$Encoder.encode(C)I @ 13
Event: 61.695 Thread 0x0000000018018000 Uncommon trap: reason=predicate action=maybe_recompile pc=0x0000000002cd0d34 method=java.io.OutputStream.write([BII)V @ 62
Event: 62.260 Thread 0x0000000018018000 Uncommon trap: reason=unstable_if action=reinterpret pc=0x0000000003667868 method=org.eclipse.osgi.internal.hooks.EclipseLazyStarter.shouldActivateFor(Ljava/lang/String;Lorg/eclipse/osgi/container/Module;Lorg/eclipse/osgi/container/ModuleRevision;Lorg/ecli
Event: 62.265 Thread 0x0000000016bff000 Uncommon trap: reason=unstable_if action=reinterpret pc=0x000000000350b2d8 method=org.eclipse.osgi.internal.framework.BundleContextImpl.dispatchEvent(Ljava/lang/Object;Ljava/lang/Object;ILjava/lang/Object;)V @ 16
Event: 62.272 Thread 0x0000000018018000 Uncommon trap: reason=null_check action=maybe_recompile pc=0x0000000003c95ac4 method=com.xilinx.sdk.targetmanager.internal.json.XMDJSONProcess.issueCommand(Ljava/lang/String;)Lcom/xilinx/sdk/targetmanager/internal/IXMDResult; @ 3

Internal exceptions (10 events):
Event: 32.032 Thread 0x000000001801b800 Exception <a 'java/io/FileNotFoundException'> (0x00000000f6ef2e78) thrown at [C:\re\workspace\8-2-build-windows-amd64-cygwin\jdk8u66\5298\hotspot\src\share\vm\prims\jni.cpp, line 709]
Event: 61.131 Thread 0x00000000021d8000 Implicit null exception at 0x00000000031a8015 to 0x00000000031a844d
Event: 61.259 Thread 0x00000000021d8000 Implicit null exception at 0x00000000029c7484 to 0x00000000029c7ca1
Event: 61.692 Thread 0x000000001bb1f800 Exception <a 'java/lang/InterruptedException'> (0x00000000f79a07a8) thrown at [C:\re\workspace\8-2-build-windows-amd64-cygwin\jdk8u66\5298\hotspot\src\share\vm\runtime\objectMonitor.cpp, line 1683]
Event: 62.272 Thread 0x0000000018018000 Implicit null exception at 0x0000000003c92907 to 0x0000000003c95ab5
Event: 62.272 Thread 0x0000000018018000 Exception <a 'java/lang/NullPointerException'> (0x00000000f7c370a8) thrown at [C:\re\workspace\8-2-build-windows-amd64-cygwin\jdk8u66\5298\hotspot\src\share\vm\prims\jvm.cpp, line 1390]
Event: 62.296 Thread 0x0000000018010800 Exception <a 'java/lang/InterruptedException'> (0x00000000f5a50640) thrown at [C:\re\workspace\8-2-build-windows-amd64-cygwin\jdk8u66\5298\hotspot\src\share\vm\runtime\objectMonitor.cpp, line 1683]
Event: 62.309 Thread 0x0000000016bff000 Exception <a 'java/lang/InterruptedException'> (0x00000000f7d3fe18) thrown at [C:\re\workspace\8-2-build-windows-amd64-cygwin\jdk8u66\5298\hotspot\src\share\vm\runtime\objectMonitor.cpp, line 1683]
Event: 62.314 Thread 0x0000000018011000 Exception <a 'java/lang/InterruptedException'> (0x00000000f72dbdd8) thrown at [C:\re\workspace\8-2-build-windows-amd64-cygwin\jdk8u66\5298\hotspot\src\share\vm\runtime\objectMonitor.cpp, line 1683]
Event: 62.314 Thread 0x0000000017c04000 Exception <a 'java/lang/InterruptedException'> (0x00000000f7f87350) thrown at [C:\re\workspace\8-2-build-windows-amd64-cygwin\jdk8u66\5298\hotspot\src\share\vm\runtime\objectMonitor.cpp, line 1683]

Events (10 events):
Event: 62.316 Thread 0x0000000014ed8800 flushing nmethod 0x000000000345c290
Event: 62.316 loading class java/util/IdentityHashMap$KeyIterator
Event: 62.316 loading class java/util/IdentityHashMap$IdentityHashMapIterator
Event: 62.316 loading class java/util/IdentityHashMap$IdentityHashMapIterator done
Event: 62.316 loading class java/util/IdentityHashMap$KeyIterator done
Event: 62.316 Thread 0x0000000014ed8800 flushing nmethod 0x0000000003475450
Event: 62.316 Thread 0x0000000018018000 Thread added: 0x0000000018018000
Event: 62.316 Thread 0x0000000014ed8800 flushing nmethod 0x000000000354df50
Event: 62.316 Thread 0x0000000018018000 Thread exited: 0x0000000018018000
Event: 62.316 Executing VM operation: Exit


Dynamic libraries:
0x0000000000400000 - 0x000000000044f000 	C:\Xilinx\SDK\2016.2\eclipse\win64.o\eclipse.exe
0x00000000776a0000 - 0x000000007784a000 	C:\Windows\SYSTEM32\ntdll.dll
0x0000000077580000 - 0x000000007769f000 	C:\Windows\system32\kernel32.dll
0x000007fefd650000 - 0x000007fefd6ba000 	C:\Windows\system32\KERNELBASE.dll
0x0000000077480000 - 0x000000007757a000 	C:\Windows\system32\USER32.dll
0x000007fefe510000 - 0x000007fefe577000 	C:\Windows\system32\GDI32.dll
0x000007fefe400000 - 0x000007fefe40e000 	C:\Windows\system32\LPK.dll
0x000007fefeb50000 - 0x000007fefec1a000 	C:\Windows\system32\USP10.dll
0x000007fefd7a0000 - 0x000007fefd83f000 	C:\Windows\system32\msvcrt.dll
0x000007fefbcf0000 - 0x000007fefbee4000 	C:\Windows\WinSxS\amd64_microsoft.windows.common-controls_6595b64144ccf1df_6.0.7601.18837_none_fa3b1e3d17594757\COMCTL32.dll
0x000007fefe1f0000 - 0x000007fefe261000 	C:\Windows\system32\SHLWAPI.dll
0x000007fefdde0000 - 0x000007fefde0e000 	C:\Windows\system32\IMM32.DLL
0x000007fefe0e0000 - 0x000007fefe1e9000 	C:\Windows\system32\MSCTF.dll
0x0000000072000000 - 0x0000000072012000 	C:\Xilinx\SDK\2016.2\eclipse\win64.o\plugins\org.eclipse.equinox.launcher.win32.win32.x86_64_1.1.300.v20150602-1417\eclipse_1611.dll
0x000007fefe410000 - 0x000007fefe4eb000 	C:\Windows\system32\ADVAPI32.dll
0x000007fefe0c0000 - 0x000007fefe0df000 	C:\Windows\SYSTEM32\sechost.dll
0x000007fefdb70000 - 0x000007fefdc9d000 	C:\Windows\system32\RPCRT4.dll
0x000007fefc470000 - 0x000007fefc47c000 	C:\Windows\system32\VERSION.dll
0x000007fefbc90000 - 0x000007fefbce6000 	C:\Windows\system32\UxTheme.dll
0x0000000070000000 - 0x0000000070889000 	C:\Xilinx\SDK\2016.2\tps\win64\jre\bin\server\jvm.dll
0x000007fefb560000 - 0x000007fefb569000 	C:\Windows\system32\WSOCK32.dll
0x000007fefdb20000 - 0x000007fefdb6d000 	C:\Windows\system32\WS2_32.dll
0x000007fefdb10000 - 0x000007fefdb18000 	C:\Windows\system32\NSI.dll
0x000007fefa170000 - 0x000007fefa1ab000 	C:\Windows\system32\WINMM.dll
0x0000000077870000 - 0x0000000077877000 	C:\Windows\system32\PSAPI.DLL
0x0000000071910000 - 0x00000000719e2000 	C:\Windows\system32\MSVCR100.dll
0x00000000739f0000 - 0x00000000739ff000 	C:\Xilinx\SDK\2016.2\tps\win64\jre\bin\verify.dll
0x00000000739c0000 - 0x00000000739e9000 	C:\Xilinx\SDK\2016.2\tps\win64\jre\bin\java.dll
0x00000000739a0000 - 0x00000000739b6000 	C:\Xilinx\SDK\2016.2\tps\win64\jre\bin\zip.dll
0x000007fefec20000 - 0x000007feff9a9000 	C:\Windows\system32\SHELL32.dll
0x000007fefde10000 - 0x000007fefe013000 	C:\Windows\system32\ole32.dll
0x000007fefd3f0000 - 0x000007fefd3ff000 	C:\Windows\system32\profapi.dll
0x000007fefcbe0000 - 0x000007fefcbf8000 	C:\Windows\system32\CRYPTSP.dll
0x000007fefc8e0000 - 0x000007fefc927000 	C:\Windows\system32\rsaenh.dll
0x000007fefd740000 - 0x000007fefd75e000 	C:\Windows\system32\USERENV.dll
0x000007fefd240000 - 0x000007fefd24f000 	C:\Windows\system32\CRYPTBASE.dll
0x0000000073980000 - 0x000000007399a000 	C:\Xilinx\SDK\2016.2\tps\win64\jre\bin\net.dll
0x000007fefcb80000 - 0x000007fefcbd5000 	C:\Windows\system32\mswsock.dll
0x000007fefcb70000 - 0x000007fefcb77000 	C:\Windows\System32\wship6.dll
0x000007fefad20000 - 0x000007fefad47000 	C:\Windows\system32\IPHLPAPI.DLL
0x000007fefad00000 - 0x000007fefad0b000 	C:\Windows\system32\WINNSI.DLL
0x000007fefab30000 - 0x000007fefab41000 	C:\Windows\system32\dhcpcsvc6.DLL
0x000007fefab10000 - 0x000007fefab28000 	C:\Windows\system32\dhcpcsvc.DLL
0x00000000737f0000 - 0x0000000073801000 	C:\Xilinx\SDK\2016.2\tps\win64\jre\bin\nio.dll
0x000007fef9e80000 - 0x000007fef9e95000 	C:\Windows\system32\NLAapi.dll
0x000007fefa280000 - 0x000007fefa295000 	C:\Windows\system32\napinsp.dll
0x000007fefa2a0000 - 0x000007fefa2b9000 	C:\Windows\system32\pnrpnsp.dll
0x000007fefca00000 - 0x000007fefca5b000 	C:\Windows\system32\DNSAPI.dll
0x000007fefa440000 - 0x000007fefa44b000 	C:\Windows\System32\winrnr.dll
0x000007fefc540000 - 0x000007fefc547000 	C:\Windows\System32\wshtcpip.dll
0x000007fefa4e0000 - 0x000007fefa4e8000 	C:\Windows\system32\rasadhlp.dll
0x000007fefabc0000 - 0x000007fefac13000 	C:\Windows\System32\fwpuclnt.dll
0x0000000019770000 - 0x0000000019818000 	C:\Users\milwidya\.Xilinx\SDK\2016.2\org.eclipse.osgi\312\0\.cp\swt-win32-4527.dll
0x000007fefdd00000 - 0x000007fefddd8000 	C:\Windows\system32\OLEAUT32.dll
0x000007fefe020000 - 0x000007fefe0b7000 	C:\Windows\system32\comdlg32.dll
0x000007fef6320000 - 0x000007fef6391000 	C:\Windows\system32\WINSPOOL.DRV
0x000007fefe880000 - 0x000007fefeb45000 	C:\Windows\system32\WININET.dll
0x000007fefd730000 - 0x000007fefd734000 	C:\Windows\system32\api-ms-win-downlevel-user32-l1-1-0.dll
0x000007fefd5a0000 - 0x000007fefd5a4000 	C:\Windows\system32\api-ms-win-downlevel-shlwapi-l1-1-0.dll
0x000007fefd720000 - 0x000007fefd724000 	C:\Windows\system32\api-ms-win-downlevel-version-l1-1-0.dll
0x000007fefd6c0000 - 0x000007fefd6c3000 	C:\Windows\system32\api-ms-win-downlevel-normaliz-l1-1-0.dll
0x0000000077860000 - 0x0000000077863000 	C:\Windows\system32\normaliz.DLL
0x000007fefd840000 - 0x000007fefdb09000 	C:\Windows\system32\iertutil.dll
0x000007fefd6d0000 - 0x000007fefd6d5000 	C:\Windows\system32\api-ms-win-downlevel-advapi32-l1-1-0.dll
0x000007fefd400000 - 0x000007fefd56d000 	C:\Windows\system32\CRYPT32.dll
0x000007fefd3e0000 - 0x000007fefd3ef000 	C:\Windows\system32\MSASN1.dll
0x000007fefb760000 - 0x000007fefb88c000 	C:\Windows\system32\propsys.dll
0x000007fefe580000 - 0x000007fefe619000 	C:\Windows\system32\CLBCatQ.DLL
0x0000000002380000 - 0x000000000239e000 	C:\Users\milwidya\.Xilinx\SDK\2016.2\org.eclipse.osgi\312\0\.cp\swt-gdip-win32-4527.dll
0x000007fefba70000 - 0x000007fefbc86000 	C:\Windows\WinSxS\amd64_microsoft.windows.gdiplus_6595b64144ccf1df_1.1.7601.23508_none_145555328b95eaaa\gdiplus.dll
0x000007fefb590000 - 0x000007fefb6f1000 	C:\Windows\system32\WindowsCodecs.dll
0x0000000180000000 - 0x0000000180012000 	C:\Users\milwidya\.Xilinx\SDK\2016.2\org.eclipse.osgi\126\0\.cp\os\win32\x86_64\localfile_1_0_0.dll
0x000007fef16c0000 - 0x000007fef1714000 	C:\Windows\system32\oleacc.dll
0x000007fef9170000 - 0x000007fef9177000 	C:\Windows\system32\msimg32.dll
0x000007fefd330000 - 0x000007fefd344000 	C:\Windows\system32\RpcRtRemote.dll
0x000007fefd1e0000 - 0x000007fefd237000 	C:\Windows\system32\apphelp.dll
0x000007fef0960000 - 0x000007fef0971000 	C:\Users\milwidya\.Xilinx\SDK\2016.2\org.eclipse.osgi\129\0\.cp\jWinHttp-1.0.0.dll
0x000007fef98b0000 - 0x000007fef9921000 	C:\Windows\system32\WINHTTP.dll
0x000007fef9840000 - 0x000007fef98a4000 	C:\Windows\system32\webio.dll
0x000007fefd1b0000 - 0x000007fefd1d5000 	C:\Windows\system32\SspiCli.dll
0x000007fefc7a0000 - 0x000007fefc7aa000 	C:\Windows\system32\credssp.dll
0x000007fefd6e0000 - 0x000007fefd716000 	C:\Windows\system32\CFGMGR32.dll
0x000007fefb4f0000 - 0x000007fefb4ff000 	C:\Xilinx\SDK\2016.2\lib\win64.o\librdi_repo_manager.dll
0x000007fef08c0000 - 0x000007fef08ea000 	C:\Xilinx\SDK\2016.2\lib\win64.o\libisl_sysinfo.dll
0x000007feebf40000 - 0x000007feec014000 	C:\Windows\system32\MSVCR110.dll
0x000007feebe60000 - 0x000007feebf07000 	C:\Windows\system32\MSVCP110.dll
0x000007fec3770000 - 0x000007fec41b0000 	C:\Xilinx\SDK\2016.2\lib\win64.o\librdi_common.dll
0x000007fec43f0000 - 0x000007fec475e000 	C:\Xilinx\SDK\2016.2\lib\win64.o\libCOIN-all.dll
0x000007fec4be0000 - 0x000007fec4dff000 	C:\Xilinx\SDK\2016.2\lib\win64.o\libXil_lmgr11.dll
0x000007fefb450000 - 0x000007fefb466000 	C:\Windows\system32\NETAPI32.dll
0x000007fefc810000 - 0x000007fefc81c000 	C:\Windows\system32\netutils.dll
0x000007fefce60000 - 0x000007fefce83000 	C:\Windows\system32\srvcli.dll
0x000007fefb430000 - 0x000007fefb445000 	C:\Windows\system32\wkscli.dll
0x000007fefd760000 - 0x000007fefd79b000 	C:\Windows\system32\WINTRUST.dll
0x000007fefb4e0000 - 0x000007fefb4f0000 	C:\Xilinx\SDK\2016.2\lib\win64.o\libboost_date_time.dll
0x000007fef0860000 - 0x000007fef0884000 	C:\Xilinx\SDK\2016.2\lib\win64.o\libboost_filesystem.dll
0x000007fefb4c0000 - 0x000007fefb4c9000 	C:\Xilinx\SDK\2016.2\lib\win64.o\libboost_system.dll
0x000007fec4b60000 - 0x000007fec4bd7000 	C:\Xilinx\SDK\2016.2\lib\win64.o\libboost_program_options.dll
0x000007fec42e0000 - 0x000007fec43e6000 	C:\Xilinx\SDK\2016.2\lib\win64.o\libboost_regex.dll
0x000007fef08a0000 - 0x000007fef08b3000 	C:\Xilinx\SDK\2016.2\lib\win64.o\libboost_signals.dll
0x000007fef0840000 - 0x000007fef085d000 	C:\Xilinx\SDK\2016.2\lib\win64.o\libboost_thread.dll
0x000007fef8760000 - 0x000007fef876b000 	C:\Xilinx\SDK\2016.2\lib\win64.o\libboost_chrono.dll
0x000007fefa2d0000 - 0x000007fefa2db000 	C:\Xilinx\SDK\2016.2\lib\win64.o\libboost_xilinx.dll
0x000007feefa10000 - 0x000007feefa90000 	C:\Xilinx\SDK\2016.2\lib\win64.o\libhdlpsolve.dll
0x000007fec4ac0000 - 0x000007fec4b5a000 	C:\Xilinx\SDK\2016.2\lib\win64.o\libhdxml.dll
0x000007fec3300000 - 0x000007fec3765e00 	C:\Xilinx\SDK\2016.2\lib\win64.o\libisl_iostreams.dll
0x000007fef0820000 - 0x000007fef0836000 	C:\Xilinx\SDK\2016.2\lib\win64.o\libboost_iostreams.dll
0x000007fef07c0000 - 0x000007fef07e3000 	C:\Xilinx\SDK\2016.2\lib\win64.o\librdizlib.dll
0x000007fef0790000 - 0x000007fef07b3000 	C:\Xilinx\SDK\2016.2\lib\win64.o\libisl_iosutils.dll
0x000007fef02b0000 - 0x000007fef02c5000 	C:\Xilinx\SDK\2016.2\lib\win64.o\pthreadVC2.dll
0x000007fec32a0000 - 0x000007fec32f4000 	C:\Xilinx\SDK\2016.2\lib\win64.o\librdi_commonxillic.dll
0x000007fec3170000 - 0x000007fec32a0000 	C:\Xilinx\SDK\2016.2\lib\win64.o\librdi_curl.dll
0x000007fef0150000 - 0x000007fef0168000 	C:\Xilinx\SDK\2016.2\lib\win64.o\librdiconfig.dll
0x0000000066970000 - 0x0000000066a97000 	C:\Xilinx\SDK\2016.2\lib\win64.o\tcl85t.dll
0x0000000027180000 - 0x00000000273e3000 	C:\Xilinx\SDK\2016.2\lib\win64.o\xerces-c_3_1.dll
0x000007fefe270000 - 0x000007fefe3f6000 	C:\Windows\system32\urlmon.dll
0x000007fefd590000 - 0x000007fefd594000 	C:\Windows\system32\api-ms-win-downlevel-ole32-l1-1-0.dll
0x000007fef0420000 - 0x000007fef0443000 	C:\Windows\system32\VCOMP110.DLL
0x000007fec2f70000 - 0x000007fec3162000 	C:\Xilinx\SDK\2016.2\lib\win64.o\librdi_hsm.dll
0x000007fec4a40000 - 0x000007fec4a83000 	C:\Xilinx\SDK\2016.2\lib\win64.o\librdi_hdf.dll
0x000007fec2ce0000 - 0x000007fec2f61000 	C:\Xilinx\SDK\2016.2\lib\win64.o\librdi_ippcw.dll
0x0000000071080000 - 0x00000000710a6000 	C:\Xilinx\SDK\2016.2\eclipse\win64.o\plugins\gnu.io.rxtx.win32.x86_64_2.1.7.3_v20071015\os\win32\x86_64\rxtxSerial.dll
0x000007feef4d0000 - 0x000007feef4e6000 	C:\Xilinx\SDK\2016.2\eclipse\win64.o\plugins\org.eclipse.cdt.core.win32.x86_64_5.4.0.201509131935\os\win32\x86_64\spawner.dll
0x000007fef4c10000 - 0x000007fef4c1a000 	C:\Xilinx\SDK\2016.2\lib\win64.o\librdi_jtag_settings.dll
0x000007fec4200000 - 0x000007fec4229000 	C:\Xilinx\SDK\2016.2\lib\win64.o\librdi_debug_dialog.dll
0x000007fef3dd0000 - 0x000007fef3dd8000 	C:\Xilinx\SDK\2016.2\lib\win64.o\librdi_target_manager.dll
0x0000000071100000 - 0x0000000071125000 	C:\Users\milwidya\.jssc\windows\jSSC-2.8_x86_64.dll
0x000007feb4140000 - 0x000007feb4950000 	C:\Xilinx\SDK\2016.2\lib\win64.o\libXil_lmgr11FNP.dll

VM Arguments:
jvm_args: -Dcom.xilinx.sdk.args.hwspec=W:/temp532/project_1/project_1.sdk/design_1_wrapper.hdf -Xms64m -Xmx512m & 
java_command: <unknown>
java_class_path (initial): C:\Xilinx\SDK\2016.2\eclipse\win64.o\\plugins/org.eclipse.equinox.launcher_1.3.100.v20150511-1540.jar
Launcher Type: generic

Environment Variables:
PATH=C:/Xilinx/SDK/2016.2/tps/win64/jre/bin/server;C:/Xilinx/SDK/2016.2/tps/win64/jre/bin;C:/Xilinx/SDK/2016.2/tps/win64/jre/lib/amd64;C:\Xilinx\SDK\2016.2\gnuwin\bin;C:\Xilinx\SDK\2016.2\gnu\microblaze\nt\bin;C:\Xilinx\SDK\2016.2\gnu\microblaze\linux_toolchain\nt64_le\bin;C:\Xilinx\SDK\2016.2\gnu\microblaze\linux_toolchain\nt64_be\bin;C:\Xilinx\SDK\2016.2\gnu\arm\nt\bin;C:\Xilinx\SDK\2016.2\gnu\aarch64\nt\aarch64-none\bin;C:\Xilinx\SDK\2016.2\gnu\aarch64\nt\aarch64-linux\bin;C:\Xilinx\SDK\2016.2\gnu\armr5\nt\gcc-arm-none-eabi\bin;C:\Xilinx\SDK\2016.2\gnu\aarch32\nt\gcc-arm-none-eabi\bin;C:\Xilinx\SDK\2016.2\gnu\aarch32\nt\gcc-arm-linux-gnueabi\bin;C:\Xilinx\SDK\2016.2\tps\win64\cmake-3.3.2\bin;;C:\Xilinx\SDK\2016.2\bin;C:\Xilinx\SDK\2016.2\lib\win64.o;C:\Xilinx\SDK\2016.2\tps\win64\jre\bin\server;C:\Xilinx\SDK\2016.2\tps\win64\jre\bin;C:\Xilinx\Vivado\2016.2\ids_lite\ISE\bin\nt64;C:\Xilinx\Vivado\2016.2\ids_lite\ISE\lib\nt64;C:\Xilinx\Vivado\2016.2\bin;C:\Xilinx\Vivado\2016.2\lib\win64.o;C:\Xilinx\Vivado\2016.2\tps\win64\jre\bin\server;C:\Xilinx\Vivado\2016.2\tps\win64\jre\bin;C:\Xilinx\Vivado_HLS\2016.2\bin;C:\Windows\system32;C:\Windows;C:\Windows\System32\Wbem;C:\Windows\System32\WindowsPowerShell\v1.0\;C:\Program Files (x86)\Java\jre6\bin;C:\Program Files (x86)\eclipse;C:\altera\16.0\quartus\bin64;c:\altera\16.0\quartus\bin64\jre64\bin;w:\temp532\project_1;
USERNAME=milwidya
OS=Windows_NT
PROCESSOR_IDENTIFIER=Intel64 Family 6 Model 60 Stepping 3, GenuineIntel



---------------  S Y S T E M  ---------------

OS: Windows 7 , 64 bit Build 7601 (6.1.7601.23418)

CPU:total 8 (4 cores per cpu, 2 threads per core) family 6 model 60 stepping 3, cmov, cx8, fxsr, mmx, sse, sse2, sse3, ssse3, sse4.1, sse4.2, popcnt, avx, avx2, aes, clmul, erms, lzcnt, ht, tsc, tscinvbit, bmi1, bmi2

Memory: 4k page, physical 16683160k(9534576k free), swap 33364460k(25835104k free)

vm_info: Java HotSpot(TM) 64-Bit Server VM (25.66-b18) for windows-amd64 JRE (1.8.0_66-b18), built on Nov  9 2015 10:51:13 by "java_re" with MS VC++ 10.0 (VS2010)

time: Thu Mar 30 15:55:15 2017
elapsed time: 62 seconds (0d 0h 1m 2s)

