#
# A fatal error has been detected by the Java Runtime Environment:
#
#  EXCEPTION_ACCESS_VIOLATION (0xc0000005) at pc=0x000007fecb59244e, pid=1420, tid=10976
#
# JRE version: Java(TM) SE Runtime Environment (8.0_66-b18) (build 1.8.0_66-b18)
# Java VM: Java HotSpot(TM) 64-Bit Server VM (25.66-b18 mixed mode windows-amd64 compressed oops)
# Problematic frame:
# C  [librdi_filemgmt.dll+0xa244e]
#
# Failed to write core dump. Minidumps are not enabled by default on client versions of Windows
#
# If you would like to submit a bug report, please visit:
#   http://bugreport.java.com/bugreport/crash.jsp
# The crash happened outside the Java Virtual Machine in native code.
# See problematic frame for where to report the bug.
#

---------------  T H R E A D  ---------------

Current thread (0x00000000ac38f800):  JavaThread "Code Inspector" [_thread_in_native, id=10976, stack(0x00000000c2500000,0x00000000c2a00000)]

siginfo: ExceptionCode=0xc0000005, reading address 0xffffffffffffffff

Registers:
RAX=0x73726573552f3a63, RBX=0x000000006b3fd6a0, RCX=0x000000006b3fd0d0, RDX=0x4d44415f4d42492f
RSP=0x00000000c29fed58, RBP=0x0000000000000000, RSI=0x0000000045e22690, RDI=0x000000006b3fd6a0
R8 =0x000000006b3fd0d0, R9 =0x000000000a92f080, R10=0x000000005ed30120, R11=0x000000005ed30120
R12=0x0000000004139460, R13=0x000000000413c848, R14=0x0000000000000000, R15=0x000000000413c950
RIP=0x000007fecb59244e, EFLAGS=0x0000000000010216

Top of Stack: (sp=0x00000000c29fed58)
0x00000000c29fed58:   000007fecb58f3f9 0000000002200020
0x00000000c29fed68:   0000000000000028 0000000000000000
0x00000000c29fed78:   000007fecb5af19f fffffffffffffffe
0x00000000c29fed88:   000000005ed30120 00000000c29fee18
0x00000000c29fed98:   000007fecb591286 000000006b3fd6a0
0x00000000c29feda8:   000007fecb5af0a0 000000009b9147c0
0x00000000c29fedb8:   0000000069333600 fffffffffffffffe
0x00000000c29fedc8:   0000000707dd2580 000000000413c7e0
0x00000000c29fedd8:   000007fecb6cdfd4 000000009b9147c0
0x00000000c29fede8:   000000006b3fd6a0 00000000c29fee59
0x00000000c29fedf8:   0000000707dd2580 0000000069333300
0x00000000c29fee08:   000000000413c7e0 fffffffffffffffe
0x00000000c29fee18:   000000005ed30120 000000005ed30124
0x00000000c29fee28:   000000005ed30124 0000000000000101
0x00000000c29fee38:   000000000a92f048 0000cec10b9dd395
0x00000000c29fee48:   000000000a917a15 0000000002200020 

Instructions: (pc=0x000007fecb59244e)
0x000007fecb59242e:   cc cc 48 8b 41 18 48 8d 50 08 48 89 51 18 48 8b
0x000007fecb59243e:   51 20 48 89 41 10 48 39 51 18 75 04 c6 41 08 00
0x000007fecb59244e:   48 8b 00 c3 cc cc cc cc cc cc cc cc cc cc cc cc
0x000007fecb59245e:   cc cc 48 8b 41 18 48 8d 50 08 48 89 51 18 48 8b 


Register to memory mapping:

RAX=0x73726573552f3a63 is an unknown value
RBX=0x000000006b3fd6a0 is an unknown value
RCX=0x000000006b3fd0d0 is an unknown value
RDX=0x4d44415f4d42492f is an unknown value
RSP=0x00000000c29fed58 is pointing into the stack for thread: 0x00000000ac38f800
RBP=0x0000000000000000 is an unknown value
RSI=0x0000000045e22690 is an unknown value
RDI=0x000000006b3fd6a0 is an unknown value
R8 =0x000000006b3fd0d0 is an unknown value
R9 =0x000000000a92f080 is an unknown value
R10=0x000000005ed30120 is an unknown value
R11=0x000000005ed30120 is an unknown value
R12=0x0000000004139460 is an unknown value
R13=0x000000000413c848 is an unknown value
R14=0x0000000000000000 is an unknown value
R15=0x000000000413c950 is an unknown value


Stack: [0x00000000c2500000,0x00000000c2a00000],  sp=0x00000000c29fed58,  free space=5115k
Native frames: (J=compiled Java code, j=interpreted, Vv=VM code, C=native code)

Java frames: (J=compiled Java code, j=interpreted, Vv=VM code)
j  ui.data.srcscan.srcscani.EditorAssist_refresh(J)V+0
j  ui.data.h.a.refresh(Ljava/lang/String;)V+4
j  ui.views.P.a.at.inspect(Lcom/jidesoft/editor/CodeEditor;Ljavax/swing/event/DocumentEvent;Lcom/jidesoft/marker/MarkerModel;)V+44
j  ui.views.P.a.ad.construct()Ljava/lang/Object;+90
J 24560 C1 ui.frmwork.D.run()V (103 bytes) @ 0x000000001512f76c [0x000000001512f3e0+0x38c]
j  java.lang.Thread.run()V+11
v  ~StubRoutines::call_stub

---------------  P R O C E S S  ---------------

Java Threads: ( => current thread )
  0x00000000ac9a7800 JavaThread "Image Fetcher 0" daemon [_thread_blocked, id=13224, stack(0x00000000bbc20000,0x00000000bc120000)]
=>0x00000000ac38f800 JavaThread "Code Inspector" [_thread_in_native, id=10976, stack(0x00000000c2500000,0x00000000c2a00000)]
  0x00000000992ef000 JavaThread "Monitor File Timestamp" [_thread_blocked, id=7140, stack(0x00000000a3d30000,0x00000000a4230000)]
  0x00000000992ec000 JavaThread "Monitor File Timestamp" [_thread_blocked, id=5652, stack(0x00000000a19b0000,0x00000000a1eb0000)]
  0x0000000098fff800 JavaThread "Monitor File Timestamp" [_thread_blocked, id=8876, stack(0x000000009da90000,0x000000009df90000)]
  0x0000000027d41800 JavaThread "hw_ila_monitor" [_thread_blocked, id=11040, stack(0x000000004d510000,0x000000004da10000)]
  0x000000004c9f5800 JavaThread "Update Runs" [_thread_blocked, id=8848, stack(0x000000004cff0000,0x000000004d4f0000)]
  0x000000004c985000 JavaThread "Refresh Filesets" [_thread_blocked, id=6072, stack(0x000000004ca60000,0x000000004cf60000)]
  0x0000000027dbc800 JavaThread "Swing-Shell" daemon [_thread_blocked, id=540, stack(0x0000000029c70000,0x000000002a170000)]
  0x000000002865d800 JavaThread "Monitor File Timestamp" [_thread_blocked, id=11180, stack(0x0000000028e90000,0x0000000029390000)]
  0x000000000fb91000 JavaThread "AWT-EventQueue-1" [_thread_blocked, id=10952, stack(0x0000000011130000,0x0000000011630000)]
  0x000000000fb9f000 JavaThread "Process Messages" [_thread_blocked, id=964, stack(0x0000000010b80000,0x0000000011080000)]
  0x0000000006ceb000 JavaThread "Thread-3" [_thread_in_native, id=11424, stack(0x0000000002b70000,0x0000000003f70000)]
  0x000000000f1f3800 JavaThread "AWT-EventQueue-0" [_thread_blocked, id=9256, stack(0x00000000105a0000,0x0000000010aa0000)]
  0x000000000c627800 JavaThread "AWT-Windows" daemon [_thread_in_native, id=11268, stack(0x000000000e2f0000,0x000000000e7f0000)]
  0x000000000c603800 JavaThread "AWT-Shutdown" [_thread_blocked, id=10956, stack(0x000000000dd50000,0x000000000e250000)]
  0x000000000c601000 JavaThread "Java2D Disposer" daemon [_thread_blocked, id=11348, stack(0x000000000d750000,0x000000000dc50000)]
  0x000000000c590800 JavaThread "TimerQueue" daemon [_thread_blocked, id=10980, stack(0x000000000d140000,0x000000000d640000)]
  0x0000000009e95800 JavaThread "Service Thread" daemon [_thread_blocked, id=11632, stack(0x000000000be80000,0x000000000c380000)]
  0x0000000009e26000 JavaThread "C1 CompilerThread3" daemon [_thread_blocked, id=9064, stack(0x000000000bb90000,0x000000000bc90000)]
  0x0000000009e27800 JavaThread "C2 CompilerThread2" daemon [_thread_blocked, id=4124, stack(0x000000000a750000,0x000000000a850000)]
  0x0000000009e28800 JavaThread "C2 CompilerThread1" daemon [_thread_blocked, id=8764, stack(0x000000000a5a0000,0x000000000a6a0000)]
  0x0000000009e2a000 JavaThread "C2 CompilerThread0" daemon [_thread_blocked, id=12240, stack(0x000000000a3f0000,0x000000000a4f0000)]
  0x0000000009e2c000 JavaThread "Attach Listener" daemon [_thread_blocked, id=11924, stack(0x000000000b5c0000,0x000000000bac0000)]
  0x0000000009e2d800 JavaThread "Signal Dispatcher" daemon [_thread_blocked, id=12012, stack(0x000000000b070000,0x000000000b570000)]
  0x00000000083f8800 JavaThread "Finalizer" daemon [_thread_blocked, id=10228, stack(0x000000000ab40000,0x000000000b040000)]
  0x00000000083f9800 JavaThread "Reference Handler" daemon [_thread_blocked, id=10224, stack(0x0000000009ed0000,0x000000000a3d0000)]
  0x0000000006d25000 JavaThread "main" [_thread_blocked, id=5712, stack(0x0000000006df0000,0x0000000006ef0000)]

Other Threads:
  0x00000000083e1000 VMThread [stack: 0x0000000009cc0000,0x0000000009dc0000] [id=6652]
  0x0000000009e92800 WatcherThread [stack: 0x000000000c380000,0x000000000c480000] [id=8828]

VM state:not at safepoint (normal execution)

VM Mutex/Monitor currently owned by a thread: None

Heap:
 PSYoungGen      total 44544K, used 14658K [0x00000007bc400000, 0x00000007c0000000, 0x00000007c0000000)
  eden space 28160K, 25% used [0x00000007bc400000,0x00000007bcb1e2b8,0x00000007bdf80000)
  from space 16384K, 44% used [0x00000007bdf80000,0x00000007be6b2860,0x00000007bef80000)
  to   space 15872K, 0% used [0x00000007bf080000,0x00000007bf080000,0x00000007c0000000)
 ParOldGen       total 188928K, used 144303K [0x0000000700000000, 0x000000070b880000, 0x00000007bc400000)
  object space 188928K, 76% used [0x0000000700000000,0x0000000708cebda0,0x000000070b880000)
 Metaspace       used 83567K, capacity 84082K, committed 84568K, reserved 1122304K
  class space    used 12202K, capacity 12339K, committed 12416K, reserved 1048576K

Card table byte_map: [0x00000000073b0000,0x00000000079c0000] byte_map_base: 0x0000000003bb0000

Marking Bits: (ParMarkBitMap*) 0x00000000705aa5b0
 Begin Bits: [0x0000000021270000, 0x0000000024270000)
 End Bits:   [0x0000000024270000, 0x0000000027270000)

Polling page: 0x0000000000270000

CodeCache: size=245760Kb used=72373Kb max_used=72383Kb free=173387Kb
 bounds [0x0000000012270000, 0x00000000169d0000, 0x0000000021270000]
 total_blobs=19627 nmethods=18631 adapters=898
 compilation: enabled

Compilation events (10 events):
Event: 37172.522 Thread 0x0000000009e26000 26648       3       ui.views.u.b.t::a (331 bytes)
Event: 37172.524 Thread 0x0000000009e26000 nmethod 26648 0x0000000014ae1950 code [0x0000000014ae1e20, 0x0000000014ae5358]
Event: 37172.579 Thread 0x0000000009e26000 26649       3       ui.frmwork.c.a::HS (6 bytes)
Event: 37172.579 Thread 0x0000000009e26000 nmethod 26649 0x00000000140e3a90 code [0x00000000140e3c00, 0x00000000140e3f68]
Event: 37172.881 Thread 0x0000000009e26000 26650       3       com.jidesoft.tree.TreeModelWrapperUtils::getActualTreeModel (70 bytes)
Event: 37172.881 Thread 0x0000000009e26000 nmethod 26650 0x00000000140e0f90 code [0x00000000140e1140, 0x00000000140e19b8]
Event: 37173.048 Thread 0x0000000009e26000 26651       3       ui.views.M.bk::P (625 bytes)
Event: 37173.066 Thread 0x0000000009e26000 nmethod 26651 0x0000000014c81f10 code [0x0000000014c82a40, 0x0000000014c89c28]
Event: 37173.086 Thread 0x0000000009e28800 26652  s    4       com.jidesoft.swing.DelayUndoManager::commitCache (64 bytes)
Event: 37173.088 Thread 0x0000000009e28800 nmethod 26652 0x00000000140e3490 code [0x00000000140e35e0, 0x00000000140e3948]

GC Heap History (10 events):
Event: 37170.044 GC heap before
{Heap before GC invocations=13115 (full 3248):
 PSYoungGen      total 44544K, used 27648K [0x00000007bc400000, 0x00000007c0000000, 0x00000007c0000000)
  eden space 27648K, 100% used [0x00000007bc400000,0x00000007bdf00000,0x00000007bdf00000)
  from space 16896K, 0% used [0x00000007bef80000,0x00000007bef80000,0x00000007c0000000)
  to   space 16896K, 0% used [0x00000007bdf00000,0x00000007bdf00000,0x00000007bef80000)
 ParOldGen       total 188928K, used 144303K [0x0000000700000000, 0x000000070b880000, 0x00000007bc400000)
  object space 188928K, 76% used [0x0000000700000000,0x0000000708cebda0,0x000000070b880000)
 Metaspace       used 83542K, capacity 84082K, committed 84568K, reserved 1122304K
  class space    used 12197K, capacity 12339K, committed 12416K, reserved 1048576K
Event: 37170.048 GC heap after
Heap after GC invocations=13115 (full 3248):
 PSYoungGen      total 30720K, used 2561K [0x00000007bc400000, 0x00000007c0000000, 0x00000007c0000000)
  eden space 27648K, 0% used [0x00000007bc400000,0x00000007bc400000,0x00000007bdf00000)
  from space 3072K, 83% used [0x00000007bdf00000,0x00000007be180658,0x00000007be200000)
  to   space 17408K, 0% used [0x00000007bef00000,0x00000007bef00000,0x00000007c0000000)
 ParOldGen       total 188928K, used 144303K [0x0000000700000000, 0x000000070b880000, 0x00000007bc400000)
  object space 188928K, 76% used [0x0000000700000000,0x0000000708cebda0,0x000000070b880000)
 Metaspace       used 83542K, capacity 84082K, committed 84568K, reserved 1122304K
  class space    used 12197K, capacity 12339K, committed 12416K, reserved 1048576K
}
Event: 37170.337 GC heap before
{Heap before GC invocations=13116 (full 3248):
 PSYoungGen      total 30720K, used 30209K [0x00000007bc400000, 0x00000007c0000000, 0x00000007c0000000)
  eden space 27648K, 100% used [0x00000007bc400000,0x00000007bdf00000,0x00000007bdf00000)
  from space 3072K, 83% used [0x00000007bdf00000,0x00000007be180658,0x00000007be200000)
  to   space 17408K, 0% used [0x00000007bef00000,0x00000007bef00000,0x00000007c0000000)
 ParOldGen       total 188928K, used 144303K [0x0000000700000000, 0x000000070b880000, 0x00000007bc400000)
  object space 188928K, 76% used [0x0000000700000000,0x0000000708cebda0,0x000000070b880000)
 Metaspace       used 83542K, capacity 84082K, committed 84568K, reserved 1122304K
  class space    used 12197K, capacity 12339K, committed 12416K, reserved 1048576K
Event: 37170.351 GC heap after
Heap after GC invocations=13116 (full 3248):
 PSYoungGen      total 44544K, used 7201K [0x00000007bc400000, 0x00000007c0000000, 0x00000007c0000000)
  eden space 27136K, 0% used [0x00000007bc400000,0x00000007bc400000,0x00000007bde80000)
  from space 17408K, 41% used [0x00000007bef00000,0x00000007bf608658,0x00000007c0000000)
  to   space 16896K, 0% used [0x00000007bde80000,0x00000007bde80000,0x00000007bef00000)
 ParOldGen       total 188928K, used 144303K [0x0000000700000000, 0x000000070b880000, 0x00000007bc400000)
  object space 188928K, 76% used [0x0000000700000000,0x0000000708cebda0,0x000000070b880000)
 Metaspace       used 83542K, capacity 84082K, committed 84568K, reserved 1122304K
  class space    used 12197K, capacity 12339K, committed 12416K, reserved 1048576K
}
Event: 37172.393 GC heap before
{Heap before GC invocations=13117 (full 3248):
 PSYoungGen      total 44544K, used 34337K [0x00000007bc400000, 0x00000007c0000000, 0x00000007c0000000)
  eden space 27136K, 100% used [0x00000007bc400000,0x00000007bde80000,0x00000007bde80000)
  from space 17408K, 41% used [0x00000007bef00000,0x00000007bf608658,0x00000007c0000000)
  to   space 16896K, 0% used [0x00000007bde80000,0x00000007bde80000,0x00000007bef00000)
 ParOldGen       total 188928K, used 144303K [0x0000000700000000, 0x000000070b880000, 0x00000007bc400000)
  object space 188928K, 76% used [0x0000000700000000,0x0000000708cebda0,0x000000070b880000)
 Metaspace       used 83554K, capacity 84082K, committed 84568K, reserved 1122304K
  class space    used 12202K, capacity 12339K, committed 12416K, reserved 1048576K
Event: 37172.403 GC heap after
Heap after GC invocations=13117 (full 3248):
 PSYoungGen      total 44032K, used 4394K [0x00000007bc400000, 0x00000007c0000000, 0x00000007c0000000)
  eden space 27136K, 0% used [0x00000007bc400000,0x00000007bc400000,0x00000007bde80000)
  from space 16896K, 26% used [0x00000007bde80000,0x00000007be2ca860,0x00000007bef00000)
  to   space 16896K, 0% used [0x00000007bef80000,0x00000007bef80000,0x00000007c0000000)
 ParOldGen       total 188928K, used 144303K [0x0000000700000000, 0x000000070b880000, 0x00000007bc400000)
  object space 188928K, 76% used [0x0000000700000000,0x0000000708cebda0,0x000000070b880000)
 Metaspace       used 83554K, capacity 84082K, committed 84568K, reserved 1122304K
  class space    used 12202K, capacity 12339K, committed 12416K, reserved 1048576K
}
Event: 37172.737 GC heap before
{Heap before GC invocations=13118 (full 3248):
 PSYoungGen      total 44032K, used 31530K [0x00000007bc400000, 0x00000007c0000000, 0x00000007c0000000)
  eden space 27136K, 100% used [0x00000007bc400000,0x00000007bde80000,0x00000007bde80000)
  from space 16896K, 26% used [0x00000007bde80000,0x00000007be2ca860,0x00000007bef00000)
  to   space 16896K, 0% used [0x00000007bef80000,0x00000007bef80000,0x00000007c0000000)
 ParOldGen       total 188928K, used 144303K [0x0000000700000000, 0x000000070b880000, 0x00000007bc400000)
  object space 188928K, 76% used [0x0000000700000000,0x0000000708cebda0,0x000000070b880000)
 Metaspace       used 83567K, capacity 84082K, committed 84568K, reserved 1122304K
  class space    used 12202K, capacity 12339K, committed 12416K, reserved 1048576K
Event: 37172.753 GC heap after
Heap after GC invocations=13118 (full 3248):
 PSYoungGen      total 45056K, used 6314K [0x00000007bc400000, 0x00000007c0000000, 0x00000007c0000000)
  eden space 28160K, 0% used [0x00000007bc400000,0x00000007bc400000,0x00000007bdf80000)
  from space 16896K, 37% used [0x00000007bef80000,0x00000007bf5aa860,0x00000007c0000000)
  to   space 16384K, 0% used [0x00000007bdf80000,0x00000007bdf80000,0x00000007bef80000)
 ParOldGen       total 188928K, used 144303K [0x0000000700000000, 0x000000070b880000, 0x00000007bc400000)
  object space 188928K, 76% used [0x0000000700000000,0x0000000708cebda0,0x000000070b880000)
 Metaspace       used 83567K, capacity 84082K, committed 84568K, reserved 1122304K
  class space    used 12202K, capacity 12339K, committed 12416K, reserved 1048576K
}
Event: 37173.052 GC heap before
{Heap before GC invocations=13119 (full 3248):
 PSYoungGen      total 45056K, used 34474K [0x00000007bc400000, 0x00000007c0000000, 0x00000007c0000000)
  eden space 28160K, 100% used [0x00000007bc400000,0x00000007bdf80000,0x00000007bdf80000)
  from space 16896K, 37% used [0x00000007bef80000,0x00000007bf5aa860,0x00000007c0000000)
  to   space 16384K, 0% used [0x00000007bdf80000,0x00000007bdf80000,0x00000007bef80000)
 ParOldGen       total 188928K, used 144303K [0x0000000700000000, 0x000000070b880000, 0x00000007bc400000)
  object space 188928K, 76% used [0x0000000700000000,0x0000000708cebda0,0x000000070b880000)
 Metaspace       used 83567K, capacity 84082K, committed 84568K, reserved 1122304K
  class space    used 12202K, capacity 12339K, committed 12416K, reserved 1048576K
Event: 37173.065 GC heap after
Heap after GC invocations=13119 (full 3248):
 PSYoungGen      total 44544K, used 7370K [0x00000007bc400000, 0x00000007c0000000, 0x00000007c0000000)
  eden space 28160K, 0% used [0x00000007bc400000,0x00000007bc400000,0x00000007bdf80000)
  from space 16384K, 44% used [0x00000007bdf80000,0x00000007be6b2860,0x00000007bef80000)
  to   space 15872K, 0% used [0x00000007bf080000,0x00000007bf080000,0x00000007c0000000)
 ParOldGen       total 188928K, used 144303K [0x0000000700000000, 0x000000070b880000, 0x00000007bc400000)
  object space 188928K, 76% used [0x0000000700000000,0x0000000708cebda0,0x000000070b880000)
 Metaspace       used 83567K, capacity 84082K, committed 84568K, reserved 1122304K
  class space    used 12202K, capacity 12339K, committed 12416K, reserved 1048576K
}

Deoptimization events (10 events):
Event: 37169.127 Thread 0x000000000fb91000 Uncommon trap: reason=unstable_if action=reinterpret pc=0x0000000014084c1c method=ui.views.m.f.f.Q(Lui/views/cD;)Z @ 1
Event: 37169.131 Thread 0x000000000fb91000 Uncommon trap: reason=unstable_if action=reinterpret pc=0x0000000012837254 method=ui.cL.bs()Z @ 4
Event: 37169.132 Thread 0x000000000fb91000 Uncommon trap: reason=unstable_if action=reinterpret pc=0x000000001689b960 method=ui.views.B.o.gpJ()V @ 4
Event: 37169.235 Thread 0x000000000fb91000 Uncommon trap: reason=unstable_if action=reinterpret pc=0x0000000015799edc method=com.jidesoft.editor.folding.DefaultFoldingModel$b_.getOutermostSpanAtOffset(I)Lcom/jidesoft/editor/folding/FoldingSpan; @ 14
Event: 37169.696 Thread 0x000000000fb91000 Uncommon trap: reason=unstable_if action=reinterpret pc=0x0000000014a8b6b8 method=java.awt.Component.removePropertyChangeListener(Ljava/beans/PropertyChangeListener;)V @ 8
Event: 37172.468 Thread 0x000000000fb91000 Uncommon trap: reason=unstable_if action=reinterpret pc=0x0000000013e9b764 method=ui.data.design.X.nW()Lui/c/d; @ 76
Event: 37172.475 Thread 0x000000000fb91000 Uncommon trap: reason=class_check action=maybe_recompile pc=0x00000000140e51f0 method=ui.views.f.a.V.agR()Lui/data/bd; @ 78
Event: 37172.475 Thread 0x000000000fb91000 Uncommon trap: reason=class_check action=maybe_recompile pc=0x00000000140e51f0 method=ui.views.f.a.V.agR()Lui/data/bd; @ 78
Event: 37172.475 Thread 0x000000000fb91000 Uncommon trap: reason=class_check action=maybe_recompile pc=0x00000000140e51f0 method=ui.views.f.a.V.agR()Lui/data/bd; @ 78
Event: 37172.475 Thread 0x000000000fb91000 Uncommon trap: reason=class_check action=maybe_recompile pc=0x00000000140e51f0 method=ui.views.f.a.V.agR()Lui/data/bd; @ 78

Internal exceptions (10 events):
Event: 37148.661 Thread 0x0000000004137000 Exception <a 'java/lang/InterruptedException': sleep interrupted> (0x00000007bc5c4e78) thrown at [C:\re\workspace\8-2-build-windows-amd64-cygwin\jdk8u66\5298\hotspot\src\share\vm\prims\jvm.cpp, line 3215]
Event: 37148.662 Thread 0x000000000fb91000 Implicit null exception at 0x0000000014a67e10 to 0x0000000014a67e3d
Event: 37148.950 Thread 0x000000000fb91000 Implicit null exception at 0x00000000145b9500 to 0x00000000145b969d
Event: 37169.084 Thread 0x00000000afe1d000 Exception <a 'java/lang/InterruptedException': sleep interrupted> (0x00000007bd89b070) thrown at [C:\re\workspace\8-2-build-windows-amd64-cygwin\jdk8u66\5298\hotspot\src\share\vm\prims\jvm.cpp, line 3167]
Event: 37169.127 Thread 0x000000000fb91000 Implicit null exception at 0x000000001289a829 to 0x000000001289a8c9
Event: 37169.127 Thread 0x000000000fb91000 Implicit null exception at 0x0000000015615493 to 0x00000000156154ee
Event: 37169.127 Thread 0x000000000fb91000 Implicit null exception at 0x0000000014083794 to 0x0000000014084c0d
Event: 37169.132 Thread 0x000000000fb91000 Implicit null exception at 0x00000000168964d8 to 0x000000001689b949
Event: 37169.139 Thread 0x00000000aac04000 Exception <a 'java/lang/InterruptedException': sleep interrupted> (0x00000007bdb049c0) thrown at [C:\re\workspace\8-2-build-windows-amd64-cygwin\jdk8u66\5298\hotspot\src\share\vm\prims\jvm.cpp, line 3215]
Event: 37169.696 Thread 0x000000000fb91000 Implicit null exception at 0x0000000014a8b2eb to 0x0000000014a8b6a1

Events (10 events):
Event: 37172.475 Thread 0x000000000fb91000 Uncommon trap: trap_request=0xffffffde fr.pc=0x00000000140e51f0
Event: 37172.475 Thread 0x000000000fb91000 DEOPT PACKING pc=0x00000000140e51f0 sp=0x000000001162d440
Event: 37172.475 Thread 0x000000000fb91000 DEOPT UNPACKING pc=0x00000000122b582a sp=0x000000001162d400 mode 2
Event: 37172.737 Executing VM operation: ParallelGCFailedAllocation
Event: 37172.753 Executing VM operation: ParallelGCFailedAllocation done
Event: 37173.045 Thread 0x000000009ec92800 Thread exited: 0x000000009ec92800
Event: 37173.045 Executing VM operation: BulkRevokeBias
Event: 37173.045 Executing VM operation: BulkRevokeBias done
Event: 37173.052 Executing VM operation: ParallelGCFailedAllocation
Event: 37173.065 Executing VM operation: ParallelGCFailedAllocation done


Dynamic libraries:
0x000000013f910000 - 0x000000013f940000 	C:\Xilinx\Vivado\2016.2\bin\unwrapped\win64.o\vivado.exe
0x00000000776e0000 - 0x000000007788a000 	C:\windows\SYSTEM32\ntdll.dll
0x00000000775c0000 - 0x00000000776df000 	C:\windows\system32\kernel32.dll
0x000007fefd750000 - 0x000007fefd7ba000 	C:\windows\system32\KERNELBASE.dll
0x0000000075110000 - 0x0000000075199000 	C:\windows\System32\SYSFER.DLL
0x000000000a900000 - 0x000000000a98d000 	C:\Xilinx\Vivado\2016.2\lib\win64.o\SHSMP64.dll
0x00000000774c0000 - 0x00000000775ba000 	C:\windows\system32\USER32.dll
0x000007fefd850000 - 0x000007fefd8b7000 	C:\windows\system32\GDI32.dll
0x000007feff710000 - 0x000007feff71e000 	C:\windows\system32\LPK.dll
0x000007fefe6a0000 - 0x000007fefe76a000 	C:\windows\system32\USP10.dll
0x000007fefde80000 - 0x000007fefdf1f000 	C:\windows\system32\msvcrt.dll
0x000007fefe340000 - 0x000007fefe41b000 	C:\windows\system32\ADVAPI32.dll
0x000007fefda80000 - 0x000007fefda9f000 	C:\windows\SYSTEM32\sechost.dll
0x000007fefe210000 - 0x000007fefe33d000 	C:\windows\system32\RPCRT4.dll
0x000007fefc2e0000 - 0x000007fefc2ec000 	C:\windows\system32\VERSION.dll
0x000007fee2770000 - 0x000007fee2783000 	C:\Xilinx\Vivado\2016.2\lib\win64.o\libboost_signals.dll
0x000007fef9890000 - 0x000007fef9937000 	C:\windows\system32\MSVCP110.dll
0x000007fef9940000 - 0x000007fef9a14000 	C:\windows\system32\MSVCR110.dll
0x000007fed1190000 - 0x000007fed1bd0000 	C:\Xilinx\Vivado\2016.2\lib\win64.o\librdi_common.dll
0x000007fed1f30000 - 0x000007fed229e000 	C:\Xilinx\Vivado\2016.2\lib\win64.o\libCOIN-all.dll
0x000007fee20e0000 - 0x000007fee22ff000 	C:\Xilinx\Vivado\2016.2\lib\win64.o\libXil_lmgr11.dll
0x000007fefb220000 - 0x000007fefb236000 	C:\windows\system32\NETAPI32.dll
0x000007fefb0d0000 - 0x000007fefb0dc000 	C:\windows\system32\netutils.dll
0x000007fefce80000 - 0x000007fefcea3000 	C:\windows\system32\srvcli.dll
0x000007fefafe0000 - 0x000007fefaff5000 	C:\windows\system32\wkscli.dll
0x000007fefdb00000 - 0x000007fefdb97000 	C:\windows\system32\COMDLG32.dll
0x000007fefd7d0000 - 0x000007fefd841000 	C:\windows\system32\SHLWAPI.dll
0x000007fef9630000 - 0x000007fef96d0000 	C:\windows\WinSxS\amd64_microsoft.windows.common-controls_6595b64144ccf1df_5.82.7601.18837_none_a4d981ff711297b6\COMCTL32.dll
0x000007fefe770000 - 0x000007feff4f9000 	C:\windows\system32\SHELL32.dll
0x000007fef7c20000 - 0x000007fef7c29000 	C:\windows\system32\WSOCK32.dll
0x000007fefe420000 - 0x000007fefe46d000 	C:\windows\system32\WS2_32.dll
0x000007fefd9d0000 - 0x000007fefd9d8000 	C:\windows\system32\NSI.dll
0x000007fefd8f0000 - 0x000007fefd9ca000 	C:\windows\system32\OLEAUT32.dll
0x000007feff500000 - 0x000007feff703000 	C:\windows\system32\ole32.dll
0x000007fefd540000 - 0x000007fefd57b000 	C:\windows\system32\WINTRUST.dll
0x000007fefd5e0000 - 0x000007fefd74d000 	C:\windows\system32\CRYPT32.dll
0x000007fefd410000 - 0x000007fefd41f000 	C:\windows\system32\MSASN1.dll
0x000007fef6470000 - 0x000007fef6480000 	C:\Xilinx\Vivado\2016.2\lib\win64.o\libboost_date_time.dll
0x000007fee20b0000 - 0x000007fee20d4000 	C:\Xilinx\Vivado\2016.2\lib\win64.o\libboost_filesystem.dll
0x000007fef6440000 - 0x000007fef6449000 	C:\Xilinx\Vivado\2016.2\lib\win64.o\libboost_system.dll
0x000007fee2030000 - 0x000007fee20a7000 	C:\Xilinx\Vivado\2016.2\lib\win64.o\libboost_program_options.dll
0x000007fedae80000 - 0x000007fedaf86000 	C:\Xilinx\Vivado\2016.2\lib\win64.o\libboost_regex.dll
0x000007fee29b0000 - 0x000007fee29cd000 	C:\Xilinx\Vivado\2016.2\lib\win64.o\libboost_thread.dll
0x000007fee3080000 - 0x000007fee308b000 	C:\Xilinx\Vivado\2016.2\lib\win64.o\libboost_chrono.dll
0x000007fee2910000 - 0x000007fee291b000 	C:\Xilinx\Vivado\2016.2\lib\win64.o\libboost_xilinx.dll
0x000007fee0500000 - 0x000007fee0580000 	C:\Xilinx\Vivado\2016.2\lib\win64.o\libhdlpsolve.dll
0x000007fed98c0000 - 0x000007fed995a000 	C:\Xilinx\Vivado\2016.2\lib\win64.o\libhdxml.dll
0x000007fed08b0000 - 0x000007fed0d15e00 	C:\Xilinx\Vivado\2016.2\lib\win64.o\libisl_iostreams.dll
0x000007fee1c50000 - 0x000007fee1c66000 	C:\Xilinx\Vivado\2016.2\lib\win64.o\libboost_iostreams.dll
0x000007fee1c00000 - 0x000007fee1c23000 	C:\Xilinx\Vivado\2016.2\lib\win64.o\librdizlib.dll
0x000007fee1bd0000 - 0x000007fee1bf3000 	C:\Xilinx\Vivado\2016.2\lib\win64.o\libisl_iosutils.dll
0x000007fee1970000 - 0x000007fee199a000 	C:\Xilinx\Vivado\2016.2\lib\win64.o\libisl_sysinfo.dll
0x000000006fda0000 - 0x0000000070629000 	C:\Xilinx\Vivado\2016.2\tps\win64\jre\bin\server\jvm.dll
0x000007fefa8e0000 - 0x000007fefa91b000 	C:\windows\system32\WINMM.dll
0x00000000778b0000 - 0x00000000778b7000 	C:\windows\system32\PSAPI.DLL
0x0000000075020000 - 0x00000000750f2000 	C:\windows\system32\MSVCR100.dll
0x000007fee18d0000 - 0x000007fee18e5000 	C:\Xilinx\Vivado\2016.2\lib\win64.o\pthreadVC2.dll
0x000007fede7b0000 - 0x000007fede804000 	C:\Xilinx\Vivado\2016.2\lib\win64.o\librdi_commonxillic.dll
0x000007fed2bb0000 - 0x000007fed2ce0000 	C:\Xilinx\Vivado\2016.2\lib\win64.o\librdi_curl.dll
0x000007fede840000 - 0x000007fede858000 	C:\Xilinx\Vivado\2016.2\lib\win64.o\librdiconfig.dll
0x0000000069b90000 - 0x0000000069cb7000 	C:\Xilinx\Vivado\2016.2\lib\win64.o\tcl85t.dll
0x0000000012000000 - 0x0000000012263000 	C:\Xilinx\Vivado\2016.2\lib\win64.o\xerces-c_3_1.dll
0x000007fefdba0000 - 0x000007fefde72000 	C:\windows\system32\WININET.dll
0x000007fefd580000 - 0x000007fefd584000 	C:\windows\system32\api-ms-win-downlevel-user32-l1-1-0.dll
0x000007fefd4d0000 - 0x000007fefd4d4000 	C:\windows\system32\api-ms-win-downlevel-shlwapi-l1-1-0.dll
0x000007fefd500000 - 0x000007fefd504000 	C:\windows\system32\api-ms-win-downlevel-version-l1-1-0.dll
0x000007fefd530000 - 0x000007fefd533000 	C:\windows\system32\api-ms-win-downlevel-normaliz-l1-1-0.dll
0x00000000778a0000 - 0x00000000778a3000 	C:\windows\system32\normaliz.DLL
0x000007feff720000 - 0x000007feff9ea000 	C:\windows\system32\iertutil.dll
0x000007fefd7c0000 - 0x000007fefd7c5000 	C:\windows\system32\api-ms-win-downlevel-advapi32-l1-1-0.dll
0x000007fefd4e0000 - 0x000007fefd4fe000 	C:\windows\system32\USERENV.dll
0x000007fefd420000 - 0x000007fefd42f000 	C:\windows\system32\profapi.dll
0x000007fef0560000 - 0x000007fef05d1000 	C:\windows\system32\WINHTTP.dll
0x000007fef0400000 - 0x000007fef0464000 	C:\windows\system32\webio.dll
0x000007fefe470000 - 0x000007fefe5f4000 	C:\windows\system32\urlmon.dll
0x000007fefd5d0000 - 0x000007fefd5d4000 	C:\windows\system32\api-ms-win-downlevel-ole32-l1-1-0.dll
0x000007fedd5b0000 - 0x000007fedd5d3000 	C:\windows\system32\VCOMP110.DLL
0x000007fedd4c0000 - 0x000007fedd4d1000 	C:\Xilinx\Vivado\2016.2\lib\win64.o\librdi_commonmain.dll
0x000007fee2880000 - 0x000007fee2889000 	C:\Xilinx\Vivado\2016.2\lib\win64.o\librdi_commonversion.dll
0x000007fefd8c0000 - 0x000007fefd8ee000 	C:\windows\system32\IMM32.DLL
0x000007fefdf20000 - 0x000007fefe029000 	C:\windows\system32\MSCTF.dll
0x000007fefd340000 - 0x000007fefd371000 	C:\windows\system32\nvinitx.dll
0x000000000f000000 - 0x000000000f006000 	C:\Program Files\NVIDIA Corporation\CoProcManager\detoured.dll
0x000007fef9ef0000 - 0x000007fef9f22000 	C:\Program Files\NVIDIA Corporation\CoProcManager\nvd3d9wrapx.dll
0x000007fefe030000 - 0x000007fefe207000 	C:\windows\system32\SETUPAPI.dll
0x000007fefd590000 - 0x000007fefd5c6000 	C:\windows\system32\CFGMGR32.dll
0x000007fefd510000 - 0x000007fefd52a000 	C:\windows\system32\DEVOBJ.dll
0x000007fef9ec0000 - 0x000007fef9ee2000 	C:\Program Files\NVIDIA Corporation\CoProcManager\nvdxgiwrapx.dll
0x000007fed0d70000 - 0x000007fed118e000 	C:\Xilinx\Vivado\2016.2\lib\win64.o\librdi_commontasks.dll
0x000007fecec50000 - 0x000007fed08a6000 	C:\Xilinx\Vivado\2016.2\lib\win64.o\librdi_tcltasks.dll
0x000007fed2390000 - 0x000007fed2607000 	C:\Xilinx\Vivado\2016.2\lib\win64.o\librdi_bitstream.dll
0x000007fe9b940000 - 0x000007fea4801000 	C:\Xilinx\Vivado\2016.2\lib\win64.o\librdi_device.dll
0x000007fedd3f0000 - 0x000007fedd437000 	C:\Xilinx\Vivado\2016.2\lib\win64.o\libboost_serialization.dll
0x000007fecccb0000 - 0x000007fecd62f000 	C:\Xilinx\Vivado\2016.2\lib\win64.o\libverific.dll
0x000007fed1df0000 - 0x000007fed1f2f000 	C:\Xilinx\Vivado\2016.2\lib\win64.o\librdi_board.dll
0x000007fedac10000 - 0x000007fedac6d000 	C:\Xilinx\Vivado\2016.2\lib\win64.o\librdi_boarddep.dll
0x000007fed1bd0000 - 0x000007fed1de1000 	C:\Xilinx\Vivado\2016.2\lib\win64.o\librdi_chipscope.dll
0x000007fed6ca0000 - 0x000007fed6d03000 	C:\Xilinx\Vivado\2016.2\lib\win64.o\liblmx6.0.dll
0x000007fecba40000 - 0x000007fecccab000 	C:\Xilinx\Vivado\2016.2\lib\win64.o\librdi_constraints.dll
0x000007fecb4f0000 - 0x000007fecba3a000 	C:\Xilinx\Vivado\2016.2\lib\win64.o\librdi_filemgmt.dll
0x000007fece760000 - 0x000007fece950000 	C:\Xilinx\Vivado\2016.2\lib\win64.o\librdi_sio.dll
0x000007fefad80000 - 0x000007fefada7000 	C:\windows\system32\IPHLPAPI.DLL
0x000007fefad60000 - 0x000007fefad6b000 	C:\windows\system32\WINNSI.DLL
0x000007fecb0b0000 - 0x000007fecb4e4000 	C:\Xilinx\Vivado\2016.2\lib\win64.o\librdi_netlist.dll
0x000007fecabd0000 - 0x000007fecb0a1000 	C:\Xilinx\Vivado\2016.2\lib\win64.o\librdi_psta.dll
0x000007fec80c0000 - 0x000007fecabc3000 	C:\Xilinx\Vivado\2016.2\lib\win64.o\librdi_coregen.dll
0x000007fec7a00000 - 0x000007fec80b3000 	C:\Xilinx\Vivado\2016.2\lib\win64.o\librdi_coregenipxact.dll
0x000007feb1a90000 - 0x000007feb52f7000 	C:\Xilinx\Vivado\2016.2\lib\win64.o\librdi_designutils.dll
0x000007fec74c0000 - 0x000007fec7a00000 	C:\Xilinx\Vivado\2016.2\lib\win64.o\librdi_xdm.dll
0x000007fec6f30000 - 0x000007fec74bd000 	C:\Xilinx\Vivado\2016.2\lib\win64.o\librdi_memdata.dll
0x000007fec6a20000 - 0x000007fec6f23000 	C:\Xilinx\Vivado\2016.2\lib\win64.o\librdi_drc.dll
0x000007fec5f90000 - 0x000007fec6a1e000 	C:\Xilinx\Vivado\2016.2\lib\win64.o\librdi_timing.dll
0x000007fec5d70000 - 0x000007fec5f90000 	C:\Xilinx\Vivado\2016.2\lib\win64.o\librdi_dlyest.dll
0x000007fed3050000 - 0x000007fed30e7000 	C:\Xilinx\Vivado\2016.2\lib\win64.o\libise.dll
0x000007fedd3b0000 - 0x000007fedd3eb000 	C:\Xilinx\Vivado\2016.2\lib\win64.o\librdi_pfi.dll
0x000007fed60c0000 - 0x000007fed6103000 	C:\Xilinx\Vivado\2016.2\lib\win64.o\librdi_hdf.dll
0x000007fec5b70000 - 0x000007fec5d62000 	C:\Xilinx\Vivado\2016.2\lib\win64.o\librdi_hsm.dll
0x000007fec58e0000 - 0x000007fec5b61000 	C:\Xilinx\Vivado\2016.2\lib\win64.o\librdi_ippcw.dll
0x000007fed22a0000 - 0x000007fed2383000 	C:\Xilinx\Vivado\2016.2\lib\win64.o\librdi_containers.dll
0x000007fed2af0000 - 0x000007fed2bb0000 	C:\Xilinx\Vivado\2016.2\lib\win64.o\librdi_dsp.dll
0x000007fec5760000 - 0x000007fec58dd000 	C:\Xilinx\Vivado\2016.2\lib\win64.o\librdi_simdata.dll
0x000007fec53b0000 - 0x000007fec5751000 	C:\Xilinx\Vivado\2016.2\lib\win64.o\librdi_wavedata.dll
0x000007fecebd0000 - 0x000007fecec4f000 	C:\Xilinx\Vivado\2016.2\lib\win64.o\librdi_simbridge_kernel.dll
0x000007fedab40000 - 0x000007fedab7a000 	C:\Xilinx\Vivado\2016.2\lib\win64.o\librdi_wavedata_SimpleApi.dll
0x000007fec5170000 - 0x000007fec53b0000 	C:\Xilinx\Vivado\2016.2\lib\win64.o\librdi_guitools.dll
0x000007fec25c0000 - 0x000007fec3f5e000 	C:\Xilinx\Vivado\2016.2\lib\win64.o\librdi_place.dll
0x000007fec4bb0000 - 0x000007fec516c000 	C:\Xilinx\Vivado\2016.2\lib\win64.o\librdi_abc_nomp.dll
0x000007fedd4a0000 - 0x000007fedd4b9000 	C:\Xilinx\Vivado\2016.2\lib\win64.o\librdi_hmetis.dll

VM Arguments:
jvm_args: -Dsun.java2d.pmoffscreen=false -Dsun.java2d.d3d=false -Dsun.awt.nopixfmt=true -Xverify:none -Dswing.aatext=true -XX:-UsePerfData -Djdk.map.althashing.threshold=512 -XX:StringTableSize=4072 -XX:NewSize=60m -XX:MaxNewSize=60m -Xms128m -Xmx3072m -Xss5m 
java_command: <unknown>
java_class_path (initial): C:/Xilinx/Vivado/2016.2\lib\classes\alloy.jar;C:/Xilinx/Vivado/2016.2\lib\classes\batik-anim.jar;C:/Xilinx/Vivado/2016.2\lib\classes\batik-awt-util.jar;C:/Xilinx/Vivado/2016.2\lib\classes\batik-bridge.jar;C:/Xilinx/Vivado/2016.2\lib\classes\batik-codec.jar;C:/Xilinx/Vivado/2016.2\lib\classes\batik-css.jar;C:/Xilinx/Vivado/2016.2\lib\classes\batik-dom.jar;C:/Xilinx/Vivado/2016.2\lib\classes\batik-ext.jar;C:/Xilinx/Vivado/2016.2\lib\classes\batik-gui-util.jar;C:/Xilinx/Vivado/2016.2\lib\classes\batik-gvt.jar;C:/Xilinx/Vivado/2016.2\lib\classes\batik-parser.jar;C:/Xilinx/Vivado/2016.2\lib\classes\batik-script.jar;C:/Xilinx/Vivado/2016.2\lib\classes\batik-svg-dom.jar;C:/Xilinx/Vivado/2016.2\lib\classes\batik-swing.jar;C:/Xilinx/Vivado/2016.2\lib\classes\batik-transcoder.jar;C:/Xilinx/Vivado/2016.2\lib\classes\batik-util.jar;C:/Xilinx/Vivado/2016.2\lib\classes\batik-xml.jar;C:/Xilinx/Vivado/2016.2\lib\classes\commons-math-2.2.jar;C:/Xilinx/Vivado/2016.2\lib\classes\dom4j-1.6.1.jar;C:/Xilinx/Vivado/2016.2\lib\classes\forms.jar;C:/Xilinx/Vivado/2016.2\lib\classes\guava-18.0.jar;C:/Xilinx/Vivado/2016.2\lib\classes\help.jar;C:/Xilinx/Vivado/2016.2\lib\classes\hsqldb.jar;C:/Xilinx/Vivado/2016.2\lib\classes\jh.jar;C:/Xilinx/Vivado/2016.2\lib\classes\jide-action.jar;C:/Xilinx/Vivado/2016.2\lib\classes\jide-charts.jar;C:/Xilinx/Vivado/2016.2\lib\classes\jide-common.jar;C:/Xilinx/Vivado/2016.2\lib\classes\jide-components.jar;C:/Xilinx/Vivado/2016.2\lib\classes\jide-dashboard.jar;C:/Xilinx/Vivado/2016.2\lib\classes\jide-data.jar;C:/Xilinx/Vivado/2016.2\lib\classes\jide-dialogs.jar;C:/Xilinx/Vivado/2016.2\lib\classes\jide-diff.jar;C:/Xilinx/Vivado/2016.2\lib\classes\jide-dock.jar;C:/Xilinx/Vivado/2016.2\lib\classes\jide-editor.jar;C:/Xilinx/Vivado/2016.2\lib\classes\jide-gantt.jar;C:/Xilinx/Vivado/2016.2\lib\classes\jide-grids.jar;C:/Xilinx/Vivado/2016.2\lib\classes\jide-pivot.jar;C:/Xilinx/Vivado/2016.2\lib\classes\jide-plaf-jdk7.jar;C:/Xilinx/Vivado/2
Launcher Type: generic

Environment Variables:
PATH=C:/Xilinx/Vivado/2016.2/bin;C:/Xilinx/Vivado/2016.2/lib/win64.o;C:/Xilinx/Vivado/2016.2/tps/win64/jre/bin/server;C:/Xilinx/Vivado/2016.2/tps/win64/jre/bin;C:/Xilinx/SDK/2016.2/bin;C:/Xilinx/Vivado/2016.2/ids_lite/ISE/bin/nt64;C:/Xilinx/Vivado/2016.2/ids_lite/ISE/lib/nt64;C:/Xilinx/Vivado_HLS/2016.2/bin;C:\PROGRAM FILES (X86)\INTEL\ICLS CLIENT\;C:\PROGRAM FILES\INTEL\ICLS CLIENT\;C:\windows\SYSTEM32;C:\windows;C:\windows\SYSTEM32\WBEM;C:\windows\SYSTEM32\WINDOWSPOWERSHELL\V1.0\;C:\PROGRAM FILES\IBM\INFOPRINT SELECT;C:\PROGRAM FILES (X86)\IBM\PERSONAL COMMUNICATIONS\;C:\PROGRAM FILES (X86)\IBM\TRACE FACILITY\;C:\PROGRAM FILES (X86)\INTEL\OPENCL SDK\2.0\BIN\X86;C:\PROGRAM FILES (X86)\INTEL\OPENCL SDK\2.0\BIN\X64;C:\PROGRAM FILES\INTEL\INTEL(R) MANAGEMENT ENGINE COMPONENTS\DAL;C:\PROGRAM FILES\INTEL\INTEL(R) MANAGEMENT ENGINE COMPONENTS\IPT;C:\PROGRAM FILES (X86)\INTEL\INTEL(R) MANAGEMENT ENGINE COMPONENTS\DAL;C:\PROGRAM FILES (X86)\INTEL\INTEL(R) MANAGEMENT ENGINE COMPONENTS\IPT;C:\Program Files\ThinkPad\Bluetooth Software\;C:\Program Files\ThinkPad\Bluetooth Software\syswow64;d:\Program Files (x86)\ooRexx;C:\Program Files (x86)\Box\Box Edit\;C:\Program Files\Intel\WiFi\bin\;C:\Program Files\Common Files\Intel\WirelessCommon\;C:\Users\IBM_ADMIN\Anaconda2;C:\Users\IBM_ADMIN\Anaconda2\Scripts;C:\Users\IBM_ADMIN\Anaconda2\Library\bin;D:\bluerexx
USERNAME=gmilwid
OS=Windows_NT
PROCESSOR_IDENTIFIER=Intel64 Family 6 Model 58 Stepping 9, GenuineIntel



---------------  S Y S T E M  ---------------

OS: Windows 7 , 64 bit Build 7601 (6.1.7601.23569)

CPU:total 8 (4 cores per cpu, 2 threads per core) family 6 model 58 stepping 9, cmov, cx8, fxsr, mmx, sse, sse2, sse3, ssse3, sse4.1, sse4.2, popcnt, avx, aes, clmul, erms, ht, tsc, tscinvbit, tscinv

Memory: 4k page, physical 16333612k(7172964k free), swap 32665364k(22006472k free)

vm_info: Java HotSpot(TM) 64-Bit Server VM (25.66-b18) for windows-amd64 JRE (1.8.0_66-b18), built on Nov  9 2015 10:51:13 by "java_re" with MS VC++ 10.0 (VS2010)

time: Sun Mar 19 08:36:30 2017
elapsed time: 37173 seconds (0d 10h 19m 33s)

