#
# A fatal error has been detected by the Java Runtime Environment:
#
#  EXCEPTION_UNCAUGHT_CXX_EXCEPTION (0xe06d7363) at pc=0x000007fefd66a06d, pid=3140, tid=4512
#
# JRE version: Java(TM) SE Runtime Environment (8.0_66-b18) (build 1.8.0_66-b18)
# Java VM: Java HotSpot(TM) 64-Bit Server VM (25.66-b18 mixed mode windows-amd64 compressed oops)
# Problematic frame:
# C  [KERNELBASE.dll+0x1a06d]
#
# Failed to write core dump. Minidumps are not enabled by default on client versions of Windows
#
# If you would like to submit a bug report, please visit:
#   http://bugreport.java.com/bugreport/crash.jsp
#

---------------  T H R E A D  ---------------

Current thread (0x0000000014ee2800):  VMThread [stack: 0x0000000015e30000,0x0000000015f30000] [id=4512]

siginfo: ExceptionCode=0xe06d7363, ExceptionInformation=0x0000000019930520 0x0000000015f2f4c8 0x000007feebff2cb8 0x000007feebf40000 

Registers:
RAX=0x0000000061e5a317, RBX=0x000007feebff2cb8, RCX=0x0000000015f2ed10, RDX=0x00000000000000d0
RSP=0x0000000015f2f320, RBP=0x0000000015f2f450, RSI=0x00000000ffffffff, RDI=0x0000000028899290
R8 =0x0000000000000000, R9 =0x0000000000000000, R10=0x000007feebf40000, R11=0x0000000015f2f360
R12=0x0000000000000001, R13=0x0000000000000008, R14=0x0000000000000000, R15=0xffffffffffffffff
RIP=0x000007fefd66a06d, EFLAGS=0x0000000000000206

Top of Stack: (sp=0x0000000015f2f320)
0x0000000015f2f320:   000007feebff2cb8 00000000ffffffff
0x0000000015f2f330:   0000000028899290 00000000002391f0
0x0000000015f2f340:   00000001e06d7363 0000000000000000
0x0000000015f2f350:   000007fefd66a06d 000007fe00000004
0x0000000015f2f360:   0000000019930520 0000000015f2f4c8
0x0000000015f2f370:   000007feebff2cb8 000007feebf40000
0x0000000015f2f380:   0000000000000000 0000000015f2f408
0x0000000015f2f390:   0000000000000028 0000000028899280
0x0000000015f2f3a0:   00000000174bbae0 0000000000000000
0x0000000015f2f3b0:   000007fffffa6000 00000000776ef2d3
0x0000000015f2f3c0:   0000000000000000 0000000000000008
0x0000000015f2f3d0:   0000000000000001 0000000028899290
0x0000000015f2f3e0:   00000000ffffffff 000007feebf9e92c
0x0000000015f2f3f0:   000007feebff2cb8 0000000015f2f460
0x0000000015f2f400:   0000000000000001 000007feebf400f8
0x0000000015f2f410:   00000001e06d7363 0000000000000000 

Instructions: (pc=0x000007fefd66a06d)
0x000007fefd66a04d:   54 24 24 48 89 4c 24 28 4d 85 c9 0f 85 6a 03 00
0x000007fefd66a05d:   00 89 4c 24 38 48 8d 4c 24 20 ff 15 33 02 03 00
0x000007fefd66a06d:   48 81 c4 c8 00 00 00 c3 90 90 90 90 90 90 90 90
0x000007fefd66a07d:   90 90 90 48 83 ec 28 65 48 8b 04 25 30 00 00 00 


Register to memory mapping:

RAX=0x0000000061e5a317 is an unknown value
RBX=0x000007feebff2cb8 is an unknown value
RCX=0x0000000015f2ed10 is an unknown value
RDX=0x00000000000000d0 is an unknown value
RSP=0x0000000015f2f320 is an unknown value
RBP=0x0000000015f2f450 is an unknown value
RSI=0x00000000ffffffff is an unallocated location in the heap
RDI=0x0000000028899290 is an unknown value
R8 =0x0000000000000000 is an unknown value
R9 =0x0000000000000000 is an unknown value
R10=0x000007feebf40000 is an unknown value
R11=0x0000000015f2f360 is an unknown value
R12=0x0000000000000001 is an unknown value
R13=0x0000000000000008 is an unknown value
R14=0x0000000000000000 is an unknown value
R15=0xffffffffffffffff is an unknown value


Stack: [0x0000000015e30000,0x0000000015f30000],  sp=0x0000000015f2f320,  free space=1020k
Native frames: (J=compiled Java code, j=interpreted, Vv=VM code, C=native code)
C  [KERNELBASE.dll+0x1a06d]
C  [MSVCR110.dll+0x5e92c]
C  [MSVCR110.dll+0x1315c]
C  [MSVCR110.dll+0x136a9]
C  [MSVCR110.dll+0x13e9c]
C  [MSVCR110.dll+0x239e]
C  [MSVCR110.dll+0xaf9e]
C  [MSVCP110.dll+0x397b9]
C  [librdi_common.dll+0x182316]
C  [librdi_common.dll+0x180fab]
C  [librdi_target_manager.dll+0x2400]
C  [librdi_target_manager.dll+0x2682]
C  [ntdll.dll+0x229b1]
C  [ntdll.dll+0x227c0]
C  [MSVCR100.dll+0x20ccd]
V  [jvm.dll+0x210cc5]
V  [jvm.dll+0x249897]
V  [jvm.dll+0x248b36]
V  [jvm.dll+0x248fd1]
V  [jvm.dll+0x2491ee]
V  [jvm.dll+0x29a0fa]
C  [MSVCR100.dll+0x21d9f]
C  [MSVCR100.dll+0x21e3b]
C  [kernel32.dll+0x159bd]
C  [ntdll.dll+0x2a2e1]

VM_Operation (0x000000000012f4c0): Exit, mode: safepoint, requested by thread 0x0000000002448000


---------------  P R O C E S S  ---------------

Java Threads: ( => current thread )
  0x000000001a07e000 JavaThread "pool-2-thread-5" [_thread_blocked, id=3696, stack(0x0000000028b80000,0x0000000028c80000)]
  0x000000001a414800 JavaThread "Thread-39" [_thread_in_native, id=752, stack(0x0000000024c20000,0x0000000024d20000)]
  0x0000000017f55800 JavaThread "pool-2-thread-4" [_thread_blocked, id=3124, stack(0x0000000024e20000,0x0000000024f20000)]
  0x000000001e1cb800 JavaThread "pool-2-thread-3" [_thread_blocked, id=2224, stack(0x0000000027c20000,0x0000000027d20000)]
  0x000000001e1c9800 JavaThread "pool-2-thread-2" [_thread_blocked, id=4548, stack(0x0000000027a20000,0x0000000027b20000)]
  0x000000001a417800 JavaThread "EventThread COM5" [_thread_in_native, id=1848, stack(0x0000000027820000,0x0000000027920000)]
  0x000000001a415000 JavaThread "pool-2-thread-1" [_thread_blocked, id=3004, stack(0x0000000027420000,0x0000000027520000)]
  0x000000002182f000 JavaThread "Thread-18" daemon [_thread_blocked, id=3804, stack(0x0000000027120000,0x0000000027220000)]
  0x0000000021829800 JavaThread "TCF Channel Transmitter" daemon [_thread_blocked, id=4228, stack(0x0000000026a20000,0x0000000026b20000)]
  0x0000000021829000 JavaThread "TCF Channel Receiver" daemon [_thread_in_native, id=2300, stack(0x0000000026040000,0x0000000026140000)]
  0x0000000021828000 JavaThread "Process monitor" daemon [_thread_in_native, id=3232, stack(0x0000000025320000,0x0000000025420000)]
  0x0000000017f5b800 JavaThread "Input Stream Monitor" daemon [_thread_blocked, id=3604, stack(0x0000000025220000,0x0000000025320000)]
  0x0000000017f5a800 JavaThread "Output Stream Monitor" daemon [_thread_in_native, id=4788, stack(0x0000000025120000,0x0000000025220000)]
  0x0000000017f5a000 JavaThread "Output Stream Monitor" daemon [_thread_in_native, id=4632, stack(0x0000000024670000,0x0000000024770000)]
  0x0000000017f53000 JavaThread "TCF Locator DNS Lookup" daemon [_thread_blocked, id=4404, stack(0x00000000224d0000,0x00000000225d0000)]
  0x0000000017f52800 JavaThread "TCF Locator Timer" daemon [_thread_blocked, id=4672, stack(0x0000000021f30000,0x0000000022030000)]
  0x0000000017f51800 JavaThread "TCF Locator Receiver" daemon [_thread_in_native, id=4988, stack(0x0000000021e30000,0x0000000021f30000)]
  0x0000000017f50000 JavaThread "TCF Timer Dispatcher" daemon [_thread_blocked, id=5004, stack(0x0000000021b70000,0x0000000021c70000)]
  0x000000001778b800 JavaThread "EMF Reference Cleaner" daemon [_thread_blocked, id=304, stack(0x0000000019590000,0x0000000019690000)]
  0x0000000014fd2800 JavaThread "Service Thread" daemon [_thread_blocked, id=3452, stack(0x0000000016730000,0x0000000016830000)]
  0x0000000014f6a000 JavaThread "C1 CompilerThread3" daemon [_thread_blocked, id=184, stack(0x0000000016630000,0x0000000016730000)]
  0x0000000014f49000 JavaThread "C2 CompilerThread2" daemon [_thread_blocked, id=5104, stack(0x0000000016530000,0x0000000016630000)]
  0x0000000014f35800 JavaThread "C2 CompilerThread1" daemon [_thread_blocked, id=428, stack(0x0000000016430000,0x0000000016530000)]
  0x0000000014f2e800 JavaThread "C2 CompilerThread0" daemon [_thread_blocked, id=4456, stack(0x0000000016330000,0x0000000016430000)]
  0x0000000014f3f000 JavaThread "Attach Listener" daemon [_thread_blocked, id=3796, stack(0x0000000016230000,0x0000000016330000)]
  0x0000000014f3e000 JavaThread "Signal Dispatcher" daemon [_thread_blocked, id=4900, stack(0x0000000016130000,0x0000000016230000)]
  0x0000000013d6f000 JavaThread "Finalizer" daemon [_thread_blocked, id=3632, stack(0x0000000016030000,0x0000000016130000)]
  0x0000000013d68800 JavaThread "Reference Handler" daemon [_thread_blocked, id=3400, stack(0x0000000015f30000,0x0000000016030000)]
  0x0000000002448000 JavaThread "main" [_thread_blocked, id=3812, stack(0x0000000000030000,0x0000000000130000)]

Other Threads:
=>0x0000000014ee2800 VMThread [stack: 0x0000000015e30000,0x0000000015f30000] [id=4512]

VM state:at safepoint (shutting down)

VM Mutex/Monitor currently owned by a thread:  ([mutex/lock_event])
[0x00000000024fe3b0] Threads_lock - owner thread: 0x0000000014ee2800

Heap:
 PSYoungGen      total 133120K, used 45130K [0x00000000f5580000, 0x00000000ffc00000, 0x0000000100000000)
  eden space 94208K, 41% used [0x00000000f5580000,0x00000000f7b3bec8,0x00000000fb180000)
  from space 38912K, 16% used [0x00000000fb180000,0x00000000fb7d6bc8,0x00000000fd780000)
  to   space 37376K, 0% used [0x00000000fd780000,0x00000000fd780000,0x00000000ffc00000)
 ParOldGen       total 136192K, used 62958K [0x00000000e0000000, 0x00000000e8500000, 0x00000000f5580000)
  object space 136192K, 46% used [0x00000000e0000000,0x00000000e3d7b988,0x00000000e8500000)
 Metaspace       used 89625K, capacity 96986K, committed 97320K, reserved 1132544K
  class space    used 10816K, capacity 13254K, committed 13360K, reserved 1048576K

Card table byte_map: [0x0000000011970000,0x0000000011a80000] byte_map_base: 0x0000000011270000

Marking Bits: (ParMarkBitMap*) 0x000000007080a5b0
 Begin Bits: [0x0000000012280000, 0x0000000012a80000)
 End Bits:   [0x0000000012a80000, 0x0000000013280000)

Polling page: 0x0000000000320000

CodeCache: size=245760Kb used=40907Kb max_used=40913Kb free=204852Kb
 bounds [0x00000000025b0000, 0x0000000004e10000, 0x00000000115b0000]
 total_blobs=11922 nmethods=11015 adapters=812
 compilation: enabled

Compilation events (10 events):
Event: 646.274 Thread 0x0000000014f6a000 13765   !   3       org.eclipse.osgi.storage.BundleInfo$Generation::close (34 bytes)
Event: 646.274 Thread 0x0000000014f6a000 nmethod 13765 0x00000000034b6010 code [0x00000000034b6180, 0x00000000034b65a8]
Event: 646.275 Thread 0x0000000014f49000 nmethod 13757 0x0000000004779990 code [0x0000000004779b60, 0x000000000477a3a0]
Event: 646.275 Thread 0x0000000014f49000 13756       4       org.eclipse.osgi.container.Module::getStartLevel (9 bytes)
Event: 646.275 Thread 0x0000000014f6a000 13767       3       org.eclipse.osgi.container.Module::holdsTransitionEventLock (25 bytes)
Event: 646.275 Thread 0x0000000014f6a000 nmethod 13767 0x000000000385a090 code [0x000000000385a220, 0x000000000385a948]
Event: 646.276 Thread 0x0000000014f49000 nmethod 13756 0x000000000297bb50 code [0x000000000297bca0, 0x000000000297bd38]
Event: 646.276 Thread 0x0000000014f6a000 13774   !   3       org.eclipse.osgi.container.ModuleDatabase::getRevisionsTimestamp (25 bytes)
Event: 646.277 Thread 0x0000000014f6a000 nmethod 13774 0x000000000477bc10 code [0x000000000477be20, 0x000000000477cb58]
Event: 646.277 Thread 0x0000000014f6a000 13775       3       org.eclipse.osgi.internal.framework.EquinoxContainerAdaptor::clearManifestCache (84 bytes)

GC Heap History (10 events):
Event: 445.670 GC heap before
{Heap before GC invocations=17 (full 4):
 PSYoungGen      total 125440K, used 93696K [0x00000000f5580000, 0x0000000100000000, 0x0000000100000000)
  eden space 93696K, 100% used [0x00000000f5580000,0x00000000fb100000,0x00000000fb100000)
  from space 31744K, 0% used [0x00000000fe100000,0x00000000fe100000,0x0000000100000000)
  to   space 40448K, 0% used [0x00000000fb100000,0x00000000fb100000,0x00000000fd880000)
 ParOldGen       total 136192K, used 62862K [0x00000000e0000000, 0x00000000e8500000, 0x00000000f5580000)
  object space 136192K, 46% used [0x00000000e0000000,0x00000000e3d63978,0x00000000e8500000)
 Metaspace       used 86626K, capacity 93748K, committed 94120K, reserved 1130496K
  class space    used 10556K, capacity 12871K, committed 12976K, reserved 1048576K
Event: 445.675 GC heap after
Heap after GC invocations=17 (full 4):
 PSYoungGen      total 97792K, used 4048K [0x00000000f5580000, 0x0000000100000000, 0x0000000100000000)
  eden space 93696K, 0% used [0x00000000f5580000,0x00000000f5580000,0x00000000fb100000)
  from space 4096K, 98% used [0x00000000fb100000,0x00000000fb4f4388,0x00000000fb500000)
  to   space 40960K, 0% used [0x00000000fd800000,0x00000000fd800000,0x0000000100000000)
 ParOldGen       total 136192K, used 62934K [0x00000000e0000000, 0x00000000e8500000, 0x00000000f5580000)
  object space 136192K, 46% used [0x00000000e0000000,0x00000000e3d75988,0x00000000e8500000)
 Metaspace       used 86626K, capacity 93748K, committed 94120K, reserved 1130496K
  class space    used 10556K, capacity 12871K, committed 12976K, reserved 1048576K
}
Event: 522.450 GC heap before
{Heap before GC invocations=18 (full 4):
 PSYoungGen      total 97792K, used 97744K [0x00000000f5580000, 0x0000000100000000, 0x0000000100000000)
  eden space 93696K, 100% used [0x00000000f5580000,0x00000000fb100000,0x00000000fb100000)
  from space 4096K, 98% used [0x00000000fb100000,0x00000000fb4f4388,0x00000000fb500000)
  to   space 40960K, 0% used [0x00000000fd800000,0x00000000fd800000,0x0000000100000000)
 ParOldGen       total 136192K, used 62934K [0x00000000e0000000, 0x00000000e8500000, 0x00000000f5580000)
  object space 136192K, 46% used [0x00000000e0000000,0x00000000e3d75988,0x00000000e8500000)
 Metaspace       used 86930K, capacity 94098K, committed 94376K, reserved 1130496K
  class space    used 10560K, capacity 12876K, committed 12976K, reserved 1048576K
Event: 522.456 GC heap after
Heap after GC invocations=18 (full 4):
 PSYoungGen      total 134144K, used 4613K [0x00000000f5580000, 0x0000000100000000, 0x0000000100000000)
  eden space 93184K, 0% used [0x00000000f5580000,0x00000000f5580000,0x00000000fb080000)
  from space 40960K, 11% used [0x00000000fd800000,0x00000000fdc81738,0x0000000100000000)
  to   space 40448K, 0% used [0x00000000fb080000,0x00000000fb080000,0x00000000fd800000)
 ParOldGen       total 136192K, used 62934K [0x00000000e0000000, 0x00000000e8500000, 0x00000000f5580000)
  object space 136192K, 46% used [0x00000000e0000000,0x00000000e3d75988,0x00000000e8500000)
 Metaspace       used 86930K, capacity 94098K, committed 94376K, reserved 1130496K
  class space    used 10560K, capacity 12876K, committed 12976K, reserved 1048576K
}
Event: 604.565 GC heap before
{Heap before GC invocations=19 (full 4):
 PSYoungGen      total 134144K, used 97797K [0x00000000f5580000, 0x0000000100000000, 0x0000000100000000)
  eden space 93184K, 100% used [0x00000000f5580000,0x00000000fb080000,0x00000000fb080000)
  from space 40960K, 11% used [0x00000000fd800000,0x00000000fdc81738,0x0000000100000000)
  to   space 40448K, 0% used [0x00000000fb080000,0x00000000fb080000,0x00000000fd800000)
 ParOldGen       total 136192K, used 62934K [0x00000000e0000000, 0x00000000e8500000, 0x00000000f5580000)
  object space 136192K, 46% used [0x00000000e0000000,0x00000000e3d75988,0x00000000e8500000)
 Metaspace       used 87305K, capacity 94482K, committed 94632K, reserved 1130496K
  class space    used 10563K, capacity 12876K, committed 12976K, reserved 1048576K
Event: 604.573 GC heap after
Heap after GC invocations=19 (full 4):
 PSYoungGen      total 99328K, used 5813K [0x00000000f5580000, 0x00000000ffe80000, 0x0000000100000000)
  eden space 93184K, 0% used [0x00000000f5580000,0x00000000f5580000,0x00000000fb080000)
  from space 6144K, 94% used [0x00000000fb080000,0x00000000fb62d758,0x00000000fb680000)
  to   space 39936K, 0% used [0x00000000fd780000,0x00000000fd780000,0x00000000ffe80000)
 ParOldGen       total 136192K, used 62942K [0x00000000e0000000, 0x00000000e8500000, 0x00000000f5580000)
  object space 136192K, 46% used [0x00000000e0000000,0x00000000e3d77988,0x00000000e8500000)
 Metaspace       used 87305K, capacity 94482K, committed 94632K, reserved 1130496K
  class space    used 10563K, capacity 12876K, committed 12976K, reserved 1048576K
}
Event: 624.553 GC heap before
{Heap before GC invocations=20 (full 4):
 PSYoungGen      total 99328K, used 98997K [0x00000000f5580000, 0x00000000ffe80000, 0x0000000100000000)
  eden space 93184K, 100% used [0x00000000f5580000,0x00000000fb080000,0x00000000fb080000)
  from space 6144K, 94% used [0x00000000fb080000,0x00000000fb62d758,0x00000000fb680000)
  to   space 39936K, 0% used [0x00000000fd780000,0x00000000fd780000,0x00000000ffe80000)
 ParOldGen       total 136192K, used 62942K [0x00000000e0000000, 0x00000000e8500000, 0x00000000f5580000)
  object space 136192K, 46% used [0x00000000e0000000,0x00000000e3d77988,0x00000000e8500000)
 Metaspace       used 88312K, capacity 95390K, committed 95528K, reserved 1132544K
  class space    used 10687K, capacity 12981K, committed 13104K, reserved 1048576K
Event: 624.559 GC heap after
Heap after GC invocations=20 (full 4):
 PSYoungGen      total 134144K, used 6381K [0x00000000f5580000, 0x0000000100000000, 0x0000000100000000)
  eden space 94208K, 0% used [0x00000000f5580000,0x00000000f5580000,0x00000000fb180000)
  from space 39936K, 15% used [0x00000000fd780000,0x00000000fddbb730,0x00000000ffe80000)
  to   space 38912K, 0% used [0x00000000fb180000,0x00000000fb180000,0x00000000fd780000)
 ParOldGen       total 136192K, used 62950K [0x00000000e0000000, 0x00000000e8500000, 0x00000000f5580000)
  object space 136192K, 46% used [0x00000000e0000000,0x00000000e3d79988,0x00000000e8500000)
 Metaspace       used 88312K, capacity 95390K, committed 95528K, reserved 1132544K
  class space    used 10687K, capacity 12981K, committed 13104K, reserved 1048576K
}
Event: 641.946 GC heap before
{Heap before GC invocations=21 (full 4):
 PSYoungGen      total 134144K, used 100589K [0x00000000f5580000, 0x0000000100000000, 0x0000000100000000)
  eden space 94208K, 100% used [0x00000000f5580000,0x00000000fb180000,0x00000000fb180000)
  from space 39936K, 15% used [0x00000000fd780000,0x00000000fddbb730,0x00000000ffe80000)
  to   space 38912K, 0% used [0x00000000fb180000,0x00000000fb180000,0x00000000fd780000)
 ParOldGen       total 136192K, used 62950K [0x00000000e0000000, 0x00000000e8500000, 0x00000000f5580000)
  object space 136192K, 46% used [0x00000000e0000000,0x00000000e3d79988,0x00000000e8500000)
 Metaspace       used 88720K, capacity 96130K, committed 96296K, reserved 1132544K
  class space    used 10714K, capacity 13057K, committed 13104K, reserved 1048576K
Event: 641.953 GC heap after
Heap after GC invocations=21 (full 4):
 PSYoungGen      total 133120K, used 6490K [0x00000000f5580000, 0x00000000ffc00000, 0x0000000100000000)
  eden space 94208K, 0% used [0x00000000f5580000,0x00000000f5580000,0x00000000fb180000)
  from space 38912K, 16% used [0x00000000fb180000,0x00000000fb7d6bc8,0x00000000fd780000)
  to   space 37376K, 0% used [0x00000000fd780000,0x00000000fd780000,0x00000000ffc00000)
 ParOldGen       total 136192K, used 62958K [0x00000000e0000000, 0x00000000e8500000, 0x00000000f5580000)
  object space 136192K, 46% used [0x00000000e0000000,0x00000000e3d7b988,0x00000000e8500000)
 Metaspace       used 88720K, capacity 96130K, committed 96296K, reserved 1132544K
  class space    used 10714K, capacity 13057K, committed 13104K, reserved 1048576K
}

Deoptimization events (10 events):
Event: 645.639 Thread 0x0000000017f54000 Uncommon trap: reason=predicate action=maybe_recompile pc=0x0000000004925c30 method=java.io.OutputStream.write([BII)V @ 62
Event: 645.661 Thread 0x0000000016dad000 Uncommon trap: reason=array_check action=maybe_recompile pc=0x0000000002a2cbf8 method=java.util.Arrays.fill([Ljava/lang/Object;Ljava/lang/Object;)V @ 13
Event: 645.661 Thread 0x0000000016dad000 Uncommon trap: reason=array_check action=maybe_recompile pc=0x0000000002a2cbf8 method=java.util.Arrays.fill([Ljava/lang/Object;Ljava/lang/Object;)V @ 13
Event: 645.661 Thread 0x0000000016dad000 Uncommon trap: reason=array_check action=maybe_recompile pc=0x0000000002a2cbf8 method=java.util.Arrays.fill([Ljava/lang/Object;Ljava/lang/Object;)V @ 13
Event: 645.661 Thread 0x0000000016dad000 Uncommon trap: reason=array_check action=maybe_recompile pc=0x0000000002a2cbf8 method=java.util.Arrays.fill([Ljava/lang/Object;Ljava/lang/Object;)V @ 13
Event: 645.667 Thread 0x0000000017f54000 Uncommon trap: reason=unstable_if action=reinterpret pc=0x0000000003fc7864 method=org.eclipse.swt.graphics.Resource.dispose()V @ 15
Event: 646.218 Thread 0x0000000017f54000 Uncommon trap: reason=unstable_if action=reinterpret pc=0x00000000035d1524 method=org.eclipse.osgi.internal.hooks.EclipseLazyStarter.shouldActivateFor(Ljava/lang/String;Lorg/eclipse/osgi/container/Module;Lorg/eclipse/osgi/container/ModuleRevision;Lorg/ecliæ&•ã×1„@
Event: 646.230 Thread 0x0000000017f54000 Uncommon trap: reason=null_check action=maybe_recompile pc=0x0000000003a16fd0 method=com.xilinx.sdk.targetmanager.internal.json.XMDJSONProcess.issueCommand(Ljava/lang/String;)Lcom/xilinx/sdk/targetmanager/internal/IXMDResult; @ 3
Event: 646.255 Thread 0x0000000016dad000 Uncommon trap: reason=unstable_if action=reinterpret pc=0x00000000033e62c4 method=org.eclipse.osgi.internal.framework.BundleContextImpl.dispatchEvent(Ljava/lang/Object;Ljava/lang/Object;ILjava/lang/Object;)V @ 16
Event: 646.269 Thread 0x0000000017f54000 Uncommon trap: reason=unstable_if action=reinterpret pc=0x00000000034ddd9c method=sun.reflect.UnsafeStaticObjectFieldAccessorImpl.set(Ljava/lang/Object;Ljava/lang/Object;)V @ 13

Internal exceptions (10 events):
Event: 645.069 Thread 0x0000000002448000 Implicit null exception at 0x000000000401f044 to 0x000000000401f8cd
Event: 645.078 Thread 0x0000000002448000 Implicit null exception at 0x00000000033b3430 to 0x00000000033b3489
Event: 645.634 Thread 0x000000002182c800 Exception <a 'java/lang/InterruptedException'> (0x00000000f74d3568) thrown at [C:\re\workspace\8-2-build-windows-amd64-cygwin\jdk8u66\5298\hotspot\src\share\vm\runtime\objectMonitor.cpp, line 1683]
Event: 646.230 Thread 0x0000000017f54000 Implicit null exception at 0x0000000003a15ee4 to 0x0000000003a16fc1
Event: 646.230 Thread 0x0000000017f54000 Exception <a 'java/lang/NullPointerException'> (0x00000000f7772800) thrown at [C:\re\workspace\8-2-build-windows-amd64-cygwin\jdk8u66\5298\hotspot\src\share\vm\prims\jvm.cpp, line 1390]
Event: 646.254 Thread 0x0000000017f4d000 Exception <a 'java/lang/InterruptedException'> (0x00000000f7150a20) thrown at [C:\re\workspace\8-2-build-windows-amd64-cygwin\jdk8u66\5298\hotspot\src\share\vm\runtime\objectMonitor.cpp, line 1683]
Event: 646.269 Thread 0x0000000017f54000 Implicit null exception at 0x00000000034dd997 to 0x00000000034ddd89
Event: 646.270 Thread 0x0000000016dad000 Exception <a 'java/lang/InterruptedException'> (0x00000000f7821418) thrown at [C:\re\workspace\8-2-build-windows-amd64-cygwin\jdk8u66\5298\hotspot\src\share\vm\runtime\objectMonitor.cpp, line 1683]
Event: 646.274 Thread 0x0000000017f4d800 Exception <a 'java/lang/InterruptedException'> (0x00000000f6dcb6f8) thrown at [C:\re\workspace\8-2-build-windows-amd64-cygwin\jdk8u66\5298\hotspot\src\share\vm\runtime\objectMonitor.cpp, line 1683]
Event: 646.275 Thread 0x00000000170b1000 Exception <a 'java/lang/InterruptedException'> (0x00000000f7aa27d0) thrown at [C:\re\workspace\8-2-build-windows-amd64-cygwin\jdk8u66\5298\hotspot\src\share\vm\runtime\objectMonitor.cpp, line 1683]

Events (10 events):
Event: 646.275 Executing VM operation: RevokeBias done
Event: 646.275 Thread 0x00000000170b1000 Thread exited: 0x00000000170b1000
Event: 646.276 Thread 0x0000000017f54000 Thread exited: 0x0000000017f54000
Event: 646.276 loading class java/util/IdentityHashMap$KeyIterator
Event: 646.276 loading class java/util/IdentityHashMap$IdentityHashMapIterator
Event: 646.276 loading class java/util/IdentityHashMap$IdentityHashMapIterator done
Event: 646.276 loading class java/util/IdentityHashMap$KeyIterator done
Event: 646.277 Thread 0x0000000017f54000 Thread added: 0x0000000017f54000
Event: 646.277 Thread 0x0000000017f54000 Thread exited: 0x0000000017f54000
Event: 646.277 Executing VM operation: Exit


Dynamic libraries:
0x0000000000400000 - 0x000000000044f000 	C:\Xilinx\SDK\2016.2\eclipse\win64.o\eclipse.exe
0x00000000776a0000 - 0x000000007784a000 	C:\Windows\SYSTEM32\ntdll.dll
0x0000000077580000 - 0x000000007769f000 	C:\Windows\system32\kernel32.dll
0x000007fefd650000 - 0x000007fefd6ba000 	C:\Windows\system32\KERNELBASE.dll
0x0000000077480000 - 0x000000007757a000 	C:\Windows\system32\USER32.dll
0x000007fefe510000 - 0x000007fefe577000 	C:\Windows\system32\GDI32.dll
0x000007fefe400000 - 0x000007fefe40e000 	C:\Windows\system32\LPK.dll
0x000007fefeb50000 - 0x000007fefec1a000 	C:\Windows\system32\USP10.dll
0x000007fefd7a0000 - 0x000007fefd83f000 	C:\Windows\system32\msvcrt.dll
0x000007fefbcf0000 - 0x000007fefbee4000 	C:\Windows\WinSxS\amd64_microsoft.windows.common-controls_6595b64144ccf1df_6.0.7601.18837_none_fa3b1e3d17594757\COMCTL32.dll
0x000007fefe1f0000 - 0x000007fefe261000 	C:\Windows\system32\SHLWAPI.dll
0x000007fefdde0000 - 0x000007fefde0e000 	C:\Windows\system32\IMM32.DLL
0x000007fefe0e0000 - 0x000007fefe1e9000 	C:\Windows\system32\MSCTF.dll
0x0000000072000000 - 0x0000000072012000 	C:\Xilinx\SDK\2016.2\eclipse\win64.o\plugins\org.eclipse.equinox.launcher.win32.win32.x86_64_1.1.300.v20150602-1417\eclipse_1611.dll
0x000007fefe410000 - 0x000007fefe4eb000 	C:\Windows\system32\ADVAPI32.dll
0x000007fefe0c0000 - 0x000007fefe0df000 	C:\Windows\SYSTEM32\sechost.dll
0x000007fefdb70000 - 0x000007fefdc9d000 	C:\Windows\system32\RPCRT4.dll
0x000007fefc470000 - 0x000007fefc47c000 	C:\Windows\system32\VERSION.dll
0x000007fefbc90000 - 0x000007fefbce6000 	C:\Windows\system32\UxTheme.dll
0x0000000070000000 - 0x0000000070889000 	C:\Xilinx\SDK\2016.2\tps\win64\jre\bin\server\jvm.dll
0x000007fefb560000 - 0x000007fefb569000 	C:\Windows\system32\WSOCK32.dll
0x000007fefdb20000 - 0x000007fefdb6d000 	C:\Windows\system32\WS2_32.dll
0x000007fefdb10000 - 0x000007fefdb18000 	C:\Windows\system32\NSI.dll
0x000007fefa170000 - 0x000007fefa1ab000 	C:\Windows\system32\WINMM.dll
0x0000000077870000 - 0x0000000077877000 	C:\Windows\system32\PSAPI.DLL
0x0000000071910000 - 0x00000000719e2000 	C:\Windows\system32\MSVCR100.dll
0x00000000739f0000 - 0x00000000739ff000 	C:\Xilinx\SDK\2016.2\tps\win64\jre\bin\verify.dll
0x00000000739c0000 - 0x00000000739e9000 	C:\Xilinx\SDK\2016.2\tps\win64\jre\bin\java.dll
0x00000000739a0000 - 0x00000000739b6000 	C:\Xilinx\SDK\2016.2\tps\win64\jre\bin\zip.dll
0x000007fefec20000 - 0x000007feff9a9000 	C:\Windows\system32\SHELL32.dll
0x000007fefde10000 - 0x000007fefe013000 	C:\Windows\system32\ole32.dll
0x000007fefd3f0000 - 0x000007fefd3ff000 	C:\Windows\system32\profapi.dll
0x000007fefcbe0000 - 0x000007fefcbf8000 	C:\Windows\system32\CRYPTSP.dll
0x000007fefc8e0000 - 0x000007fefc927000 	C:\Windows\system32\rsaenh.dll
0x000007fefd740000 - 0x000007fefd75e000 	C:\Windows\system32\USERENV.dll
0x000007fefd240000 - 0x000007fefd24f000 	C:\Windows\system32\CRYPTBASE.dll
0x0000000073980000 - 0x000000007399a000 	C:\Xilinx\SDK\2016.2\tps\win64\jre\bin\net.dll
0x000007fefcb80000 - 0x000007fefcbd5000 	C:\Windows\system32\mswsock.dll
0x000007fefcb70000 - 0x000007fefcb77000 	C:\Windows\System32\wship6.dll
0x000007fefad20000 - 0x000007fefad47000 	C:\Windows\system32\IPHLPAPI.DLL
0x000007fefad00000 - 0x000007fefad0b000 	C:\Windows\system32\WINNSI.DLL
0x000007fefab30000 - 0x000007fefab41000 	C:\Windows\system32\dhcpcsvc6.DLL
0x000007fefab10000 - 0x000007fefab28000 	C:\Windows\system32\dhcpcsvc.DLL
0x00000000737f0000 - 0x0000000073801000 	C:\Xilinx\SDK\2016.2\tps\win64\jre\bin\nio.dll
0x000007fef9e80000 - 0x000007fef9e95000 	C:\Windows\system32\NLAapi.dll
0x000007fefa280000 - 0x000007fefa295000 	C:\Windows\system32\napinsp.dll
0x000007fefa2a0000 - 0x000007fefa2b9000 	C:\Windows\system32\pnrpnsp.dll
0x000007fefca00000 - 0x000007fefca5b000 	C:\Windows\system32\DNSAPI.dll
0x000007fefa440000 - 0x000007fefa44b000 	C:\Windows\System32\winrnr.dll
0x000007fefc540000 - 0x000007fefc547000 	C:\Windows\System32\wshtcpip.dll
0x000007fefa4e0000 - 0x000007fefa4e8000 	C:\Windows\system32\rasadhlp.dll
0x000007fefabc0000 - 0x000007fefac13000 	C:\Windows\System32\fwpuclnt.dll
0x00000000172f0000 - 0x0000000017398000 	C:\Users\milwidya\.Xilinx\SDK\2016.2\org.eclipse.osgi\312\0\.cp\swt-win32-4527.dll
0x000007fefdd00000 - 0x000007fefddd8000 	C:\Windows\system32\OLEAUT32.dll
0x000007fefe020000 - 0x000007fefe0b7000 	C:\Windows\system32\comdlg32.dll
0x000007fef6320000 - 0x000007fef6391000 	C:\Windows\system32\WINSPOOL.DRV
0x000007fefe880000 - 0x000007fefeb45000 	C:\Windows\system32\WININET.dll
0x000007fefd730000 - 0x000007fefd734000 	C:\Windows\system32\api-ms-win-downlevel-user32-l1-1-0.dll
0x000007fefd5a0000 - 0x000007fefd5a4000 	C:\Windows\system32\api-ms-win-downlevel-shlwapi-l1-1-0.dll
0x000007fefd720000 - 0x000007fefd724000 	C:\Windows\system32\api-ms-win-downlevel-version-l1-1-0.dll
0x000007fefd6c0000 - 0x000007fefd6c3000 	C:\Windows\system32\api-ms-win-downlevel-normaliz-l1-1-0.dll
0x0000000077860000 - 0x0000000077863000 	C:\Windows\system32\normaliz.DLL
0x000007fefd840000 - 0x000007fefdb09000 	C:\Windows\system32\iertutil.dll
0x000007fefd6d0000 - 0x000007fefd6d5000 	C:\Windows\system32\api-ms-win-downlevel-advapi32-l1-1-0.dll
0x000007fefd400000 - 0x000007fefd56d000 	C:\Windows\system32\CRYPT32.dll
0x000007fefd3e0000 - 0x000007fefd3ef000 	C:\Windows\system32\MSASN1.dll
0x000007fefb760000 - 0x000007fefb88c000 	C:\Windows\system32\propsys.dll
0x000007fefe580000 - 0x000007fefe619000 	C:\Windows\system32\CLBCatQ.DLL
0x0000000002500000 - 0x000000000251e000 	C:\Users\milwidya\.Xilinx\SDK\2016.2\org.eclipse.osgi\312\0\.cp\swt-gdip-win32-4527.dll
0x000007fefba70000 - 0x000007fefbc86000 	C:\Windows\WinSxS\amd64_microsoft.windows.gdiplus_6595b64144ccf1df_1.1.7601.23508_none_145555328b95eaaa\gdiplus.dll
0x000007fefb590000 - 0x000007fefb6f1000 	C:\Windows\system32\WindowsCodecs.dll
0x0000000180000000 - 0x0000000180012000 	C:\Users\milwidya\.Xilinx\SDK\2016.2\org.eclipse.osgi\126\0\.cp\os\win32\x86_64\localfile_1_0_0.dll
0x000007fef16c0000 - 0x000007fef1714000 	C:\Windows\system32\oleacc.dll
0x000007fef9170000 - 0x000007fef9177000 	C:\Windows\system32\msimg32.dll
0x000007fefd330000 - 0x000007fefd344000 	C:\Windows\system32\RpcRtRemote.dll
0x000007fefd1e0000 - 0x000007fefd237000 	C:\Windows\system32\apphelp.dll
0x000007fefb4e0000 - 0x000007fefb4f1000 	C:\Users\milwidya\.Xilinx\SDK\2016.2\org.eclipse.osgi\129\0\.cp\jWinHttp-1.0.0.dll
0x000007fef98b0000 - 0x000007fef9921000 	C:\Windows\system32\WINHTTP.dll
0x000007fef9840000 - 0x000007fef98a4000 	C:\Windows\system32\webio.dll
0x000007fefd1b0000 - 0x000007fefd1d5000 	C:\Windows\system32\SspiCli.dll
0x000007fefc7a0000 - 0x000007fefc7aa000 	C:\Windows\system32\credssp.dll
0x000007fefd6e0000 - 0x000007fefd716000 	C:\Windows\system32\CFGMGR32.dll
0x000007fefb4c0000 - 0x000007fefb4cf000 	C:\Xilinx\SDK\2016.2\lib\win64.o\librdi_repo_manager.dll
0x000007fef08c0000 - 0x000007fef08ea000 	C:\Xilinx\SDK\2016.2\lib\win64.o\libisl_sysinfo.dll
0x000007feebf40000 - 0x000007feec014000 	C:\Windows\system32\MSVCR110.dll
0x000007feebe60000 - 0x000007feebf07000 	C:\Windows\system32\MSVCP110.dll
0x000007fec2d30000 - 0x000007fec3770000 	C:\Xilinx\SDK\2016.2\lib\win64.o\librdi_common.dll
0x000007fec3e40000 - 0x000007fec41ae000 	C:\Xilinx\SDK\2016.2\lib\win64.o\libCOIN-all.dll
0x000007fec4540000 - 0x000007fec475f000 	C:\Xilinx\SDK\2016.2\lib\win64.o\libXil_lmgr11.dll
0x000007fefb450000 - 0x000007fefb466000 	C:\Windows\system32\NETAPI32.dll
0x000007fefc810000 - 0x000007fefc81c000 	C:\Windows\system32\netutils.dll
0x000007fefce60000 - 0x000007fefce83000 	C:\Windows\system32\srvcli.dll
0x000007fefb430000 - 0x000007fefb445000 	C:\Windows\system32\wkscli.dll
0x000007fefd760000 - 0x000007fefd79b000 	C:\Windows\system32\WINTRUST.dll
0x000007fefa2d0000 - 0x000007fefa2e0000 	C:\Xilinx\SDK\2016.2\lib\win64.o\libboost_date_time.dll
0x000007fef0860000 - 0x000007fef0884000 	C:\Xilinx\SDK\2016.2\lib\win64.o\libboost_filesystem.dll
0x000007fef8760000 - 0x000007fef8769000 	C:\Xilinx\SDK\2016.2\lib\win64.o\libboost_system.dll
0x000007feefa10000 - 0x000007feefa87000 	C:\Xilinx\SDK\2016.2\lib\win64.o\libboost_program_options.dll
0x000007fec4cf0000 - 0x000007fec4df6000 	C:\Xilinx\SDK\2016.2\lib\win64.o\libboost_regex.dll
0x000007fef0960000 - 0x000007fef0973000 	C:\Xilinx\SDK\2016.2\lib\win64.o\libboost_signals.dll
0x000007fef08a0000 - 0x000007fef08bd000 	C:\Xilinx\SDK\2016.2\lib\win64.o\libboost_thread.dll
0x000007fef4c10000 - 0x000007fef4c1b000 	C:\Xilinx\SDK\2016.2\lib\win64.o\libboost_chrono.dll
0x000007fef3dd0000 - 0x000007fef3ddb000 	C:\Xilinx\SDK\2016.2\lib\win64.o\libboost_xilinx.dll
0x000007fef0780000 - 0x000007fef0800000 	C:\Xilinx\SDK\2016.2\lib\win64.o\libhdlpsolve.dll
0x000007fec4c50000 - 0x000007fec4cea000 	C:\Xilinx\SDK\2016.2\lib\win64.o\libhdxml.dll
0x000007fec39d0000 - 0x000007fec3e35e00 	C:\Xilinx\SDK\2016.2\lib\win64.o\libisl_iostreams.dll
0x000007fef0840000 - 0x000007fef0856000 	C:\Xilinx\SDK\2016.2\lib\win64.o\libboost_iostreams.dll
0x000007fef0140000 - 0x000007fef0163000 	C:\Xilinx\SDK\2016.2\lib\win64.o\librdizlib.dll
0x000007feeb020000 - 0x000007feeb043000 	C:\Xilinx\SDK\2016.2\lib\win64.o\libisl_iosutils.dll
0x000007fef02b0000 - 0x000007fef02c5000 	C:\Xilinx\SDK\2016.2\lib\win64.o\pthreadVC2.dll
0x000007fec4bf0000 - 0x000007fec4c44000 	C:\Xilinx\SDK\2016.2\lib\win64.o\librdi_commonxillic.dll
0x000007fec4ac0000 - 0x000007fec4bf0000 	C:\Xilinx\SDK\2016.2\lib\win64.o\librdi_curl.dll
0x000007fef0820000 - 0x000007fef0838000 	C:\Xilinx\SDK\2016.2\lib\win64.o\librdiconfig.dll
0x0000000070ec0000 - 0x0000000070fe7000 	C:\Xilinx\SDK\2016.2\lib\win64.o\tcl85t.dll
0x0000000025490000 - 0x00000000256f3000 	C:\Xilinx\SDK\2016.2\lib\win64.o\xerces-c_3_1.dll
0x000007fefe270000 - 0x000007fefe3f6000 	C:\Windows\system32\urlmon.dll
0x000007fefd590000 - 0x000007fefd594000 	C:\Windows\system32\api-ms-win-downlevel-ole32-l1-1-0.dll
0x000007fef0420000 - 0x000007fef0443000 	C:\Windows\system32\VCOMP110.DLL
0x000007fec4340000 - 0x000007fec4532000 	C:\Xilinx\SDK\2016.2\lib\win64.o\librdi_hsm.dll
0x000007fec42f0000 - 0x000007fec4333000 	C:\Xilinx\SDK\2016.2\lib\win64.o\librdi_hdf.dll
0x000007fec2aa0000 - 0x000007fec2d21000 	C:\Xilinx\SDK\2016.2\lib\win64.o\librdi_ippcw.dll
0x000007feec2e0000 - 0x000007feec2f6000 	C:\Xilinx\SDK\2016.2\eclipse\win64.o\plugins\org.eclipse.cdt.core.win32.x86_64_5.4.0.201509131935\os\win32\x86_64\spawner.dll
0x000007fef1830000 - 0x000007fef183a000 	C:\Xilinx\SDK\2016.2\lib\win64.o\librdi_jtag_settings.dll
0x000007fec42c0000 - 0x000007fec42e9000 	C:\Xilinx\SDK\2016.2\lib\win64.o\librdi_debug_dialog.dll
0x000007fef0e80000 - 0x000007fef0e88000 	C:\Xilinx\SDK\2016.2\lib\win64.o\librdi_target_manager.dll
0x0000000071080000 - 0x00000000710a6000 	C:\Xilinx\SDK\2016.2\eclipse\win64.o\plugins\gnu.io.rxtx.win32.x86_64_2.1.7.3_v20071015\os\win32\x86_64\rxtxSerial.dll
0x0000000071100000 - 0x0000000071125000 	C:\Users\milwidya\.jssc\windows\jSSC-2.8_x86_64.dll
0x000007feb4cc0000 - 0x000007feb54d0000 	C:\Xilinx\SDK\2016.2\lib\win64.o\libXil_lmgr11FNP.dll

VM Arguments:
jvm_args: -Dcom.xilinx.sdk.args.hwspec=W:/temp532/project_1/project_1.sdk/design_1_wrapper.hdf -Xms64m -Xmx512m & 
java_command: <unknown>
java_class_path (initial): C:\Xilinx\SDK\2016.2\eclipse\win64.o\\plugins/org.eclipse.equinox.launcher_1.3.100.v20150511-1540.jar
Launcher Type: generic

Environment Variables:
PATH=C:/Xilinx/SDK/2016.2/tps/win64/jre/bin/server;C:/Xilinx/SDK/2016.2/tps/win64/jre/bin;C:/Xilinx/SDK/2016.2/tps/win64/jre/lib/amd64;C:\Xilinx\SDK\2016.2\gnuwin\bin;C:\Xilinx\SDK\2016.2\gnu\microblaze\nt\bin;C:\Xilinx\SDK\2016.2\gnu\microblaze\linux_toolchain\nt64_le\bin;C:\Xilinx\SDK\2016.2\gnu\microblaze\linux_toolchain\nt64_be\bin;C:\Xilinx\SDK\2016.2\gnu\arm\nt\bin;C:\Xilinx\SDK\2016.2\gnu\aarch64\nt\aarch64-none\bin;C:\Xilinx\SDK\2016.2\gnu\aarch64\nt\aarch64-linux\bin;C:\Xilinx\SDK\2016.2\gnu\armr5\nt\gcc-arm-none-eabi\bin;C:\Xilinx\SDK\2016.2\gnu\aarch32\nt\gcc-arm-none-eabi\bin;C:\Xilinx\SDK\2016.2\gnu\aarch32\nt\gcc-arm-linux-gnueabi\bin;C:\Xilinx\SDK\2016.2\tps\win64\cmake-3.3.2\bin;;C:\Xilinx\SDK\2016.2\bin;C:\Xilinx\SDK\2016.2\lib\win64.o;C:\Xilinx\SDK\2016.2\tps\win64\jre\bin\server;C:\Xilinx\SDK\2016.2\tps\win64\jre\bin;C:\Xilinx\Vivado\2016.2\ids_lite\ISE\bin\nt64;C:\Xilinx\Vivado\2016.2\ids_lite\ISE\lib\nt64;C:\Xilinx\Vivado\2016.2\bin;C:\Xilinx\Vivado\2016.2\lib\win64.o;C:\Xilinx\Vivado\2016.2\tps\win64\jre\bin\server;C:\Xilinx\Vivado\2016.2\tps\win64\jre\bin;C:\Xilinx\Vivado_HLS\2016.2\bin;C:\Windows\system32;C:\Windows;C:\Windows\System32\Wbem;C:\Windows\System32\WindowsPowerShell\v1.0\;C:\Program Files (x86)\Java\jre6\bin;C:\Program Files (x86)\eclipse;C:\altera\16.0\quartus\bin64;c:\altera\16.0\quartus\bin64\jre64\bin;w:\temp532\project_1;
USERNAME=milwidya
OS=Windows_NT
PROCESSOR_IDENTIFIER=Intel64 Family 6 Model 60 Stepping 3, GenuineIntel



---------------  S Y S T E M  ---------------

OS: Windows 7 , 64 bit Build 7601 (6.1.7601.23418)

CPU:total 8 (4 cores per cpu, 2 threads per core) family 6 model 60 stepping 3, cmov, cx8, fxsr, mmx, sse, sse2, sse3, ssse3, sse4.1, sse4.2, popcnt, avx, avx2, aes, clmul, erms, lzcnt, ht, tsc, tscinvbit, bmi1, bmi2

Memory: 4k page, physical 16683160k(9389920k free), swap 33364460k(25657380k free)

vm_info: Java HotSpot(TM) 64-Bit Server VM (25.66-b18) for windows-amd64 JRE (1.8.0_66-b18), built on Nov  9 2015 10:51:13 by "java_re" with MS VC++ 10.0 (VS2010)

time: Thu Mar 30 16:06:06 2017
elapsed time: 646 seconds (0d 0h 10m 46s)

