#
# A fatal error has been detected by the Java Runtime Environment:
#
#  EXCEPTION_UNCAUGHT_CXX_EXCEPTION (0xe06d7363) at pc=0x000007fefdaea06d, pid=4468, tid=4392
#
# JRE version: Java(TM) SE Runtime Environment (8.0_66-b18) (build 1.8.0_66-b18)
# Java VM: Java HotSpot(TM) 64-Bit Server VM (25.66-b18 mixed mode windows-amd64 compressed oops)
# Problematic frame:
# C  [KERNELBASE.dll+0x1a06d]
#
# Failed to write core dump. Minidumps are not enabled by default on client versions of Windows
#
# If you would like to submit a bug report, please visit:
#   http://bugreport.java.com/bugreport/crash.jsp
#

---------------  T H R E A D  ---------------

Current thread (0x0000000014f92800):  VMThread [stack: 0x0000000015ee0000,0x0000000015fe0000] [id=4392]

siginfo: ExceptionCode=0xe06d7363, ExceptionInformation=0x0000000019930520 0x0000000015fdf4c8 0x000007feec702cb8 0x000007feec650000 

Registers:
RAX=0x00000000613b88f3, RBX=0x000007feec702cb8, RCX=0x0000000015fded10, RDX=0x00000000000000d0
RSP=0x0000000015fdf320, RBP=0x0000000015fdf450, RSI=0x00000000ffffffff, RDI=0x00000000174c7650
R8 =0x0000000000000000, R9 =0x0000000000000000, R10=0x000007feec650000, R11=0x0000000015fdf360
R12=0x0000000000000001, R13=0x0000000000000008, R14=0x0000000000000000, R15=0xffffffffffffffff
RIP=0x000007fefdaea06d, EFLAGS=0x0000000000000206

Top of Stack: (sp=0x0000000015fdf320)
0x0000000015fdf320:   000007feec702cb8 00000000ffffffff
0x0000000015fdf330:   00000000174c7650 00000000006a8ef0
0x0000000015fdf340:   00000001e06d7363 0000000000000000
0x0000000015fdf350:   000007fefdaea06d 000007fe00000004
0x0000000015fdf360:   0000000019930520 0000000015fdf4c8
0x0000000015fdf370:   000007feec702cb8 000007feec650000
0x0000000015fdf380:   0000000000000000 0000000015fdf408
0x0000000015fdf390:   0000000000000028 00000000174c7640
0x0000000015fdf3a0:   000000001747a4f0 0000000000000000
0x0000000015fdf3b0:   000007fffffa6000 0000000077cdf2d3
0x0000000015fdf3c0:   0000000000000000 0000000000000008
0x0000000015fdf3d0:   0000000000000001 00000000174c7650
0x0000000015fdf3e0:   00000000ffffffff 000007feec6ae92c
0x0000000015fdf3f0:   000007feec702cb8 0000000015fdf460
0x0000000015fdf400:   0000000000000001 000007feec6500f8
0x0000000015fdf410:   00000001e06d7363 0000000000000000 

Instructions: (pc=0x000007fefdaea06d)
0x000007fefdaea04d:   54 24 24 48 89 4c 24 28 4d 85 c9 0f 85 6a 03 00
0x000007fefdaea05d:   00 89 4c 24 38 48 8d 4c 24 20 ff 15 33 02 03 00
0x000007fefdaea06d:   48 81 c4 c8 00 00 00 c3 90 90 90 90 90 90 90 90
0x000007fefdaea07d:   90 90 90 48 83 ec 28 65 48 8b 04 25 30 00 00 00 


Register to memory mapping:

RAX=0x00000000613b88f3 is an unknown value
RBX=0x000007feec702cb8 is an unknown value
RCX=0x0000000015fded10 is an unknown value
RDX=0x00000000000000d0 is an unknown value
RSP=0x0000000015fdf320 is an unknown value
RBP=0x0000000015fdf450 is an unknown value
RSI=0x00000000ffffffff is an unallocated location in the heap
RDI=0x00000000174c7650 is an unknown value
R8 =0x0000000000000000 is an unknown value
R9 =0x0000000000000000 is an unknown value
R10=0x000007feec650000 is an unknown value
R11=0x0000000015fdf360 is an unknown value
R12=0x0000000000000001 is an unknown value
R13=0x0000000000000008 is an unknown value
R14=0x0000000000000000 is an unknown value
R15=0xffffffffffffffff is an unknown value


Stack: [0x0000000015ee0000,0x0000000015fe0000],  sp=0x0000000015fdf320,  free space=1020k
Native frames: (J=compiled Java code, j=interpreted, Vv=VM code, C=native code)
C  [KERNELBASE.dll+0x1a06d]
C  [MSVCR110.dll+0x5e92c]
C  [MSVCR110.dll+0x1315c]
C  [MSVCR110.dll+0x136a9]
C  [MSVCR110.dll+0x13e9c]
C  [MSVCR110.dll+0x239e]
C  [MSVCR110.dll+0xaf9e]
C  [MSVCP110.dll+0x397b9]
C  [librdi_common.dll+0x182316]
C  [librdi_common.dll+0x180fab]
C  [librdi_target_manager.dll+0x2400]
C  [librdi_target_manager.dll+0x2682]
C  [ntdll.dll+0x229b1]
C  [ntdll.dll+0x227c0]
C  [MSVCR100.dll+0x20ccd]
V  [jvm.dll+0x210cc5]
V  [jvm.dll+0x249897]
V  [jvm.dll+0x248b36]
V  [jvm.dll+0x248fd1]
V  [jvm.dll+0x2491ee]
V  [jvm.dll+0x29a0fa]
C  [MSVCR100.dll+0x21d9f]
C  [MSVCR100.dll+0x21e3b]
C  [kernel32.dll+0x159bd]
C  [ntdll.dll+0x2a2e1]

VM_Operation (0x000000000012f4c0): Exit, mode: safepoint, requested by thread 0x00000000025c8000


---------------  P R O C E S S  ---------------

Java Threads: ( => current thread )
  0x000000001b4bf000 JavaThread "pool-2-thread-3" [_thread_blocked, id=4280, stack(0x0000000028ee0000,0x0000000028fe0000)]
  0x000000001ad24000 JavaThread "Thread-52" [_thread_in_native, id=3120, stack(0x00000000272d0000,0x00000000273d0000)]
  0x000000001ad28000 JavaThread "pool-2-thread-2" [_thread_blocked, id=3628, stack(0x00000000276d0000,0x00000000277d0000)]
  0x000000001ad25800 JavaThread "EventThread COM5" [_thread_in_native, id=4780, stack(0x00000000274d0000,0x00000000275d0000)]
  0x000000001ad25000 JavaThread "pool-2-thread-1" [_thread_blocked, id=2548, stack(0x00000000273d0000,0x00000000274d0000)]
  0x000000001ad23800 JavaThread "Thread-37" daemon [_thread_blocked, id=892, stack(0x00000000271d0000,0x00000000272d0000)]
  0x000000001aa53800 JavaThread "TCF Channel Transmitter" daemon [_thread_blocked, id=1304, stack(0x0000000022f80000,0x0000000023080000)]
  0x000000001aa52800 JavaThread "TCF Channel Receiver" daemon [_thread_in_native, id=3916, stack(0x0000000022e80000,0x0000000022f80000)]
  0x000000001aa4f800 JavaThread "Process monitor" daemon [_thread_in_native, id=4872, stack(0x0000000024100000,0x0000000024200000)]
  0x000000001aa4e000 JavaThread "Input Stream Monitor" daemon [_thread_blocked, id=4552, stack(0x0000000022b80000,0x0000000022c80000)]
  0x000000001aa4d800 JavaThread "Output Stream Monitor" daemon [_thread_in_native, id=4816, stack(0x0000000022960000,0x0000000022a60000)]
  0x000000001aa4c800 JavaThread "Output Stream Monitor" daemon [_thread_in_native, id=3140, stack(0x0000000022000000,0x0000000022100000)]
  0x0000000019505800 JavaThread "TCF Locator DNS Lookup" daemon [_thread_blocked, id=4864, stack(0x0000000022260000,0x0000000022360000)]
  0x0000000019505000 JavaThread "TCF Locator Timer" daemon [_thread_blocked, id=3748, stack(0x0000000022160000,0x0000000022260000)]
  0x0000000019504000 JavaThread "TCF Locator Receiver" daemon [_thread_in_native, id=4592, stack(0x0000000021ad0000,0x0000000021bd0000)]
  0x0000000019502800 JavaThread "TCF Timer Dispatcher" daemon [_thread_blocked, id=4600, stack(0x0000000021c00000,0x0000000021d00000)]
  0x000000001a714000 JavaThread "EMF Reference Cleaner" daemon [_thread_blocked, id=1820, stack(0x000000001ba20000,0x000000001bb20000)]
  0x0000000015081000 JavaThread "Service Thread" daemon [_thread_blocked, id=1492, stack(0x00000000167e0000,0x00000000168e0000)]
  0x0000000014ff8000 JavaThread "C1 CompilerThread3" daemon [_thread_blocked, id=2472, stack(0x00000000166e0000,0x00000000167e0000)]
  0x0000000014ff7800 JavaThread "C2 CompilerThread2" daemon [_thread_blocked, id=1616, stack(0x00000000165e0000,0x00000000166e0000)]
  0x0000000014fec800 JavaThread "C2 CompilerThread1" daemon [_thread_blocked, id=2172, stack(0x00000000164e0000,0x00000000165e0000)]
  0x0000000014fe5000 JavaThread "C2 CompilerThread0" daemon [_thread_blocked, id=4776, stack(0x00000000163e0000,0x00000000164e0000)]
  0x0000000014fe1000 JavaThread "Attach Listener" daemon [_thread_blocked, id=4756, stack(0x00000000162e0000,0x00000000163e0000)]
  0x0000000014fe0000 JavaThread "Signal Dispatcher" daemon [_thread_blocked, id=4120, stack(0x00000000161e0000,0x00000000162e0000)]
  0x0000000013e1f000 JavaThread "Finalizer" daemon [_thread_blocked, id=4180, stack(0x00000000160e0000,0x00000000161e0000)]
  0x0000000013e18800 JavaThread "Reference Handler" daemon [_thread_blocked, id=4648, stack(0x0000000015fe0000,0x00000000160e0000)]
  0x00000000025c8000 JavaThread "main" [_thread_blocked, id=4952, stack(0x0000000000030000,0x0000000000130000)]

Other Threads:
=>0x0000000014f92800 VMThread [stack: 0x0000000015ee0000,0x0000000015fe0000] [id=4392]

VM state:at safepoint (shutting down)

VM Mutex/Monitor currently owned by a thread:  ([mutex/lock_event])
[0x000000000247e3b0] Threads_lock - owner thread: 0x0000000014f92800

Heap:
 PSYoungGen      total 137216K, used 114000K [0x00000000f5580000, 0x00000000ffa00000, 0x0000000100000000)
  eden space 121344K, 80% used [0x00000000f5580000,0x00000000fb56e8b8,0x00000000fcc00000)
  from space 15872K, 99% used [0x00000000fd000000,0x00000000fdf65b38,0x00000000fdf80000)
  to   space 23552K, 0% used [0x00000000fe300000,0x00000000fe300000,0x00000000ffa00000)
 ParOldGen       total 122880K, used 59988K [0x00000000e0000000, 0x00000000e7800000, 0x00000000f5580000)
  object space 122880K, 48% used [0x00000000e0000000,0x00000000e3a95198,0x00000000e7800000)
 Metaspace       used 89900K, capacity 97624K, committed 97880K, reserved 1134592K
  class space    used 10678K, capacity 13122K, committed 13184K, reserved 1048576K

Card table byte_map: [0x0000000011a20000,0x0000000011b30000] byte_map_base: 0x0000000011320000

Marking Bits: (ParMarkBitMap*) 0x00000000717ea5b0
 Begin Bits: [0x0000000012330000, 0x0000000012b30000)
 End Bits:   [0x0000000012b30000, 0x0000000013330000)

Polling page: 0x0000000000320000

CodeCache: size=245760Kb used=42054Kb max_used=42298Kb free=203705Kb
 bounds [0x0000000002660000, 0x0000000005010000, 0x0000000011660000]
 total_blobs=12157 nmethods=11245 adapters=818
 compilation: enabled

Compilation events (10 events):
Event: 815.564 Thread 0x0000000014ff8000 14168   !   3       org.eclipse.osgi.storage.BundleInfo$Generation::clearManifestCache (30 bytes)
Event: 815.564 Thread 0x0000000014ff8000 nmethod 14168 0x00000000035a73d0 code [0x00000000035a7560, 0x00000000035a7ba8]
Event: 815.565 Thread 0x0000000014ff8000 14169       3       org.eclipse.osgi.container.ModuleWiring::invalidate0 (52 bytes)
Event: 815.565 Thread 0x0000000014ff8000 nmethod 14169 0x0000000003a2bc90 code [0x0000000003a2be40, 0x0000000003a2c7e8]
Event: 815.566 Thread 0x0000000014ff8000 14170       3       org.eclipse.osgi.internal.framework.EquinoxContainerAdaptor::clearManifestCache (84 bytes)
Event: 815.567 Thread 0x0000000014ff8000 nmethod 14170 0x00000000031d5f50 code [0x00000000031d61a0, 0x00000000031d78b8]
Event: 815.568 Thread 0x0000000014ff8000 14171   !   3       org.eclipse.osgi.internal.loader.BundleLoader::close (74 bytes)
Event: 815.568 Thread 0x0000000014ff8000 nmethod 14171 0x0000000002bcd7d0 code [0x0000000002bcd9c0, 0x0000000002bce3b8]
Event: 815.569 Thread 0x0000000014ff8000 14172  s    3       java.util.Hashtable::clear (38 bytes)
Event: 815.569 Thread 0x0000000014ff8000 nmethod 14172 0x0000000004086b10 code [0x0000000004086c80, 0x0000000004087150]

GC Heap History (10 events):
Event: 134.988 GC heap before
{Heap before GC invocations=19 (full 4):
 PSYoungGen      total 142336K, used 130941K [0x00000000f5580000, 0x00000000ffd00000, 0x0000000100000000)
  eden space 117248K, 100% used [0x00000000f5580000,0x00000000fc800000,0x00000000fc800000)
  from space 25088K, 54% used [0x00000000fe480000,0x00000000ff1df430,0x00000000ffd00000)
  to   space 27136K, 0% used [0x00000000fc800000,0x00000000fc800000,0x00000000fe280000)
 ParOldGen       total 122880K, used 59956K [0x00000000e0000000, 0x00000000e7800000, 0x00000000f5580000)
  object space 122880K, 48% used [0x00000000e0000000,0x00000000e3a8d198,0x00000000e7800000)
 Metaspace       used 85248K, capacity 92558K, committed 92888K, reserved 1130496K
  class space    used 10364K, capacity 12727K, committed 12800K, reserved 1048576K
Event: 135.000 GC heap after
Heap after GC invocations=19 (full 4):
 PSYoungGen      total 144384K, used 10415K [0x00000000f5580000, 0x00000000fff00000, 0x0000000100000000)
  eden space 117248K, 0% used [0x00000000f5580000,0x00000000f5580000,0x00000000fc800000)
  from space 27136K, 38% used [0x00000000fc800000,0x00000000fd22bce8,0x00000000fe280000)
  to   space 25600K, 0% used [0x00000000fe600000,0x00000000fe600000,0x00000000fff00000)
 ParOldGen       total 122880K, used 59964K [0x00000000e0000000, 0x00000000e7800000, 0x00000000f5580000)
  object space 122880K, 48% used [0x00000000e0000000,0x00000000e3a8f198,0x00000000e7800000)
 Metaspace       used 85248K, capacity 92558K, committed 92888K, reserved 1130496K
  class space    used 10364K, capacity 12727K, committed 12800K, reserved 1048576K
}
Event: 167.182 GC heap before
{Heap before GC invocations=20 (full 4):
 PSYoungGen      total 144384K, used 127663K [0x00000000f5580000, 0x00000000fff00000, 0x0000000100000000)
  eden space 117248K, 100% used [0x00000000f5580000,0x00000000fc800000,0x00000000fc800000)
  from space 27136K, 38% used [0x00000000fc800000,0x00000000fd22bce8,0x00000000fe280000)
  to   space 25600K, 0% used [0x00000000fe600000,0x00000000fe600000,0x00000000fff00000)
 ParOldGen       total 122880K, used 59964K [0x00000000e0000000, 0x00000000e7800000, 0x00000000f5580000)
  object space 122880K, 48% used [0x00000000e0000000,0x00000000e3a8f198,0x00000000e7800000)
 Metaspace       used 86166K, capacity 93492K, committed 93656K, reserved 1130496K
  class space    used 10423K, capacity 12760K, committed 12800K, reserved 1048576K
Event: 167.213 GC heap after
Heap after GC invocations=20 (full 4):
 PSYoungGen      total 145920K, used 13142K [0x00000000f5580000, 0x00000000ffd80000, 0x0000000100000000)
  eden space 121856K, 0% used [0x00000000f5580000,0x00000000f5580000,0x00000000fcc80000)
  from space 24064K, 54% used [0x00000000fe600000,0x00000000ff2d5888,0x00000000ffd80000)
  to   space 25088K, 0% used [0x00000000fcc80000,0x00000000fcc80000,0x00000000fe500000)
 ParOldGen       total 122880K, used 59964K [0x00000000e0000000, 0x00000000e7800000, 0x00000000f5580000)
  object space 122880K, 48% used [0x00000000e0000000,0x00000000e3a8f198,0x00000000e7800000)
 Metaspace       used 86166K, capacity 93492K, committed 93656K, reserved 1130496K
  class space    used 10423K, capacity 12760K, committed 12800K, reserved 1048576K
}
Event: 175.092 GC heap before
{Heap before GC invocations=21 (full 4):
 PSYoungGen      total 145920K, used 134998K [0x00000000f5580000, 0x00000000ffd80000, 0x0000000100000000)
  eden space 121856K, 100% used [0x00000000f5580000,0x00000000fcc80000,0x00000000fcc80000)
  from space 24064K, 54% used [0x00000000fe600000,0x00000000ff2d5888,0x00000000ffd80000)
  to   space 25088K, 0% used [0x00000000fcc80000,0x00000000fcc80000,0x00000000fe500000)
 ParOldGen       total 122880K, used 59964K [0x00000000e0000000, 0x00000000e7800000, 0x00000000f5580000)
  object space 122880K, 48% used [0x00000000e0000000,0x00000000e3a8f198,0x00000000e7800000)
 Metaspace       used 87072K, capacity 94260K, committed 94552K, reserved 1130496K
  class space    used 10486K, capacity 12824K, committed 12928K, reserved 1048576K
Event: 175.100 GC heap after
Heap after GC invocations=21 (full 4):
 PSYoungGen      total 146944K, used 13465K [0x00000000f5580000, 0x00000000fff00000, 0x0000000100000000)
  eden space 121856K, 0% used [0x00000000f5580000,0x00000000f5580000,0x00000000fcc80000)
  from space 25088K, 53% used [0x00000000fcc80000,0x00000000fd9a6490,0x00000000fe500000)
  to   space 24064K, 0% used [0x00000000fe780000,0x00000000fe780000,0x00000000fff00000)
 ParOldGen       total 122880K, used 59972K [0x00000000e0000000, 0x00000000e7800000, 0x00000000f5580000)
  object space 122880K, 48% used [0x00000000e0000000,0x00000000e3a91198,0x00000000e7800000)
 Metaspace       used 87072K, capacity 94260K, committed 94552K, reserved 1130496K
  class space    used 10486K, capacity 12824K, committed 12928K, reserved 1048576K
}
Event: 180.282 GC heap before
{Heap before GC invocations=22 (full 4):
 PSYoungGen      total 146944K, used 135321K [0x00000000f5580000, 0x00000000fff00000, 0x0000000100000000)
  eden space 121856K, 100% used [0x00000000f5580000,0x00000000fcc80000,0x00000000fcc80000)
  from space 25088K, 53% used [0x00000000fcc80000,0x00000000fd9a6490,0x00000000fe500000)
  to   space 24064K, 0% used [0x00000000fe780000,0x00000000fe780000,0x00000000fff00000)
 ParOldGen       total 122880K, used 59972K [0x00000000e0000000, 0x00000000e7800000, 0x00000000f5580000)
  object space 122880K, 48% used [0x00000000e0000000,0x00000000e3a91198,0x00000000e7800000)
 Metaspace       used 87520K, capacity 94864K, committed 95064K, reserved 1132544K
  class space    used 10499K, capacity 12828K, committed 12928K, reserved 1048576K
Event: 180.289 GC heap after
Heap after GC invocations=22 (full 4):
 PSYoungGen      total 148480K, used 13212K [0x00000000f5580000, 0x00000000ffe00000, 0x0000000100000000)
  eden space 125440K, 0% used [0x00000000f5580000,0x00000000f5580000,0x00000000fd000000)
  from space 23040K, 57% used [0x00000000fe780000,0x00000000ff467208,0x00000000ffe00000)
  to   space 23552K, 0% used [0x00000000fd000000,0x00000000fd000000,0x00000000fe700000)
 ParOldGen       total 122880K, used 59980K [0x00000000e0000000, 0x00000000e7800000, 0x00000000f5580000)
  object space 122880K, 48% used [0x00000000e0000000,0x00000000e3a93198,0x00000000e7800000)
 Metaspace       used 87520K, capacity 94864K, committed 95064K, reserved 1132544K
  class space    used 10499K, capacity 12828K, committed 12928K, reserved 1048576K
}
Event: 694.624 GC heap before
{Heap before GC invocations=23 (full 4):
 PSYoungGen      total 148480K, used 138652K [0x00000000f5580000, 0x00000000ffe00000, 0x0000000100000000)
  eden space 125440K, 100% used [0x00000000f5580000,0x00000000fd000000,0x00000000fd000000)
  from space 23040K, 57% used [0x00000000fe780000,0x00000000ff467208,0x00000000ffe00000)
  to   space 23552K, 0% used [0x00000000fd000000,0x00000000fd000000,0x00000000fe700000)
 ParOldGen       total 122880K, used 59980K [0x00000000e0000000, 0x00000000e7800000, 0x00000000f5580000)
  object space 122880K, 48% used [0x00000000e0000000,0x00000000e3a93198,0x00000000e7800000)
 Metaspace       used 88743K, capacity 96374K, committed 96600K, reserved 1132544K
  class space    used 10570K, capacity 12925K, committed 12928K, reserved 1048576K
Event: 694.635 GC heap after
Heap after GC invocations=23 (full 4):
 PSYoungGen      total 137216K, used 15766K [0x00000000f5580000, 0x00000000ffa00000, 0x0000000100000000)
  eden space 121344K, 0% used [0x00000000f5580000,0x00000000f5580000,0x00000000fcc00000)
  from space 15872K, 99% used [0x00000000fd000000,0x00000000fdf65b38,0x00000000fdf80000)
  to   space 23552K, 0% used [0x00000000fe300000,0x00000000fe300000,0x00000000ffa00000)
 ParOldGen       total 122880K, used 59988K [0x00000000e0000000, 0x00000000e7800000, 0x00000000f5580000)
  object space 122880K, 48% used [0x00000000e0000000,0x00000000e3a95198,0x00000000e7800000)
 Metaspace       used 88743K, capacity 96374K, committed 96600K, reserved 1132544K
  class space    used 10570K, capacity 12925K, committed 12928K, reserved 1048576K
}

Deoptimization events (10 events):
Event: 814.912 Thread 0x0000000017115800 Uncommon trap: reason=array_check action=maybe_recompile pc=0x0000000004f8df78 method=java.util.Arrays.fill([Ljava/lang/Object;Ljava/lang/Object;)V @ 13
Event: 814.912 Thread 0x0000000017115800 Uncommon trap: reason=array_check action=maybe_recompile pc=0x0000000004f8df78 method=java.util.Arrays.fill([Ljava/lang/Object;Ljava/lang/Object;)V @ 13
Event: 814.912 Thread 0x0000000017115800 Uncommon trap: reason=array_check action=maybe_recompile pc=0x0000000004f8df78 method=java.util.Arrays.fill([Ljava/lang/Object;Ljava/lang/Object;)V @ 13
Event: 814.912 Thread 0x000000001ad22800 Uncommon trap: reason=unstable_if action=reinterpret pc=0x00000000027e0224 method=sun.nio.cs.SingleByte$Encoder.encode(C)I @ 13
Event: 814.914 Thread 0x000000001aa5a800 Uncommon trap: reason=predicate action=maybe_recompile pc=0x0000000004f1f5f0 method=java.io.OutputStream.write([BII)V @ 62
Event: 814.941 Thread 0x000000001aa5a800 Uncommon trap: reason=unstable_if action=reinterpret pc=0x0000000004a4e1e4 method=org.eclipse.swt.graphics.Resource.dispose()V @ 15
Event: 815.481 Thread 0x000000001aa5a800 Uncommon trap: reason=unstable_if action=reinterpret pc=0x0000000003581b94 method=org.eclipse.osgi.internal.hooks.EclipseLazyStarter.shouldActivateFor(Ljava/lang/String;Lorg/eclipse/osgi/container/Module;Lorg/eclipse/osgi/container/ModuleRevision;Lorg/ecli7æ€xÿ{‰@
Event: 815.500 Thread 0x000000001aa5a800 Uncommon trap: reason=null_check action=maybe_recompile pc=0x0000000004187a1c method=com.xilinx.sdk.targetmanager.internal.json.XMDJSONProcess.issueCommand(Ljava/lang/String;)Lcom/xilinx/sdk/targetmanager/internal/IXMDResult; @ 3
Event: 815.511 Thread 0x0000000017115800 Uncommon trap: reason=bimorphic action=maybe_recompile pc=0x0000000002f91234 method=org.eclipse.osgi.internal.framework.BundleContextImpl.dispatchEvent(Ljava/lang/Object;Ljava/lang/Object;ILjava/lang/Object;)V @ 375
Event: 815.530 Thread 0x0000000017115800 Uncommon trap: reason=unstable_if action=reinterpret pc=0x0000000002f911a4 method=org.eclipse.osgi.internal.framework.BundleContextImpl.dispatchEvent(Ljava/lang/Object;Ljava/lang/Object;ILjava/lang/Object;)V @ 16

Internal exceptions (10 events):
Event: 351.764 Thread 0x000000001aa4c000 Implicit null exception at 0x0000000003915a91 to 0x0000000003915d71
Event: 753.391 Thread 0x000000001950b000 Implicit null exception at 0x000000000471277f to 0x0000000004712e0d
Event: 785.391 Thread 0x00000000025c8000 Implicit null exception at 0x000000000288b5f0 to 0x000000000288b649
Event: 814.296 Thread 0x00000000025c8000 Implicit null exception at 0x0000000002cb5f31 to 0x0000000002cb61b9
Event: 814.911 Thread 0x000000001ad21000 Exception <a 'java/lang/InterruptedException'> (0x00000000faf39520) thrown at [C:\re\workspace\8-2-build-windows-amd64-cygwin\jdk8u66\5298\hotspot\src\share\vm\runtime\objectMonitor.cpp, line 1683]
Event: 815.500 Thread 0x000000001aa5a800 Implicit null exception at 0x00000000041859a7 to 0x0000000004187a0d
Event: 815.500 Thread 0x000000001aa5a800 Exception <a 'java/lang/NullPointerException'> (0x00000000fb1b0f60) thrown at [C:\re\workspace\8-2-build-windows-amd64-cygwin\jdk8u66\5298\hotspot\src\share\vm\prims\jvm.cpp, line 1390]
Event: 815.537 Thread 0x00000000194fe000 Exception <a 'java/lang/InterruptedException'> (0x00000000fab51e78) thrown at [C:\re\workspace\8-2-build-windows-amd64-cygwin\jdk8u66\5298\hotspot\src\share\vm\runtime\objectMonitor.cpp, line 1683]
Event: 815.558 Thread 0x00000000194ff000 Exception <a 'java/lang/InterruptedException'> (0x00000000fa8982b0) thrown at [C:\re\workspace\8-2-build-windows-amd64-cygwin\jdk8u66\5298\hotspot\src\share\vm\runtime\objectMonitor.cpp, line 1683]
Event: 815.572 Thread 0x0000000017660800 Exception <a 'java/lang/InterruptedException'> (0x00000000fb500f08) thrown at [C:\re\workspace\8-2-build-windows-amd64-cygwin\jdk8u66\5298\hotspot\src\share\vm\runtime\objectMonitor.cpp, line 1683]

Events (10 events):
Event: 815.571 Thread 0x000000001aa5a800 Thread exited: 0x000000001aa5a800
Event: 815.571 Thread 0x0000000017115800 Thread exited: 0x0000000017115800
Event: 815.572 Thread 0x0000000017660800 Thread exited: 0x0000000017660800
Event: 815.572 loading class java/util/IdentityHashMap$KeyIterator
Event: 815.572 loading class java/util/IdentityHashMap$IdentityHashMapIterator
Event: 815.572 loading class java/util/IdentityHashMap$IdentityHashMapIterator done
Event: 815.572 loading class java/util/IdentityHashMap$KeyIterator done
Event: 815.572 Thread 0x000000001aa5a800 Thread added: 0x000000001aa5a800
Event: 815.573 Thread 0x000000001aa5a800 Thread exited: 0x000000001aa5a800
Event: 815.573 Executing VM operation: Exit


Dynamic libraries:
0x0000000000400000 - 0x000000000044f000 	C:\Xilinx\SDK\2016.2\eclipse\win64.o\eclipse.exe
0x0000000077c90000 - 0x0000000077e3a000 	C:\Windows\SYSTEM32\ntdll.dll
0x0000000077a70000 - 0x0000000077b8f000 	C:\Windows\system32\kernel32.dll
0x000007fefdad0000 - 0x000007fefdb3a000 	C:\Windows\system32\KERNELBASE.dll
0x0000000077b90000 - 0x0000000077c8a000 	C:\Windows\system32\USER32.dll
0x000007feff1a0000 - 0x000007feff207000 	C:\Windows\system32\GDI32.dll
0x000007fefe9a0000 - 0x000007fefe9ae000 	C:\Windows\system32\LPK.dll
0x000007fefefa0000 - 0x000007feff06a000 	C:\Windows\system32\USP10.dll
0x000007feff080000 - 0x000007feff11f000 	C:\Windows\system32\msvcrt.dll
0x000007fefc2e0000 - 0x000007fefc4d4000 	C:\Windows\WinSxS\amd64_microsoft.windows.common-controls_6595b64144ccf1df_6.0.7601.18837_none_fa3b1e3d17594757\COMCTL32.dll
0x000007feff120000 - 0x000007feff191000 	C:\Windows\system32\SHLWAPI.dll
0x000007fefe7f0000 - 0x000007fefe81e000 	C:\Windows\system32\IMM32.DLL
0x000007fefe240000 - 0x000007fefe349000 	C:\Windows\system32\MSCTF.dll
0x0000000072000000 - 0x0000000072012000 	C:\Xilinx\SDK\2016.2\eclipse\win64.o\plugins\org.eclipse.equinox.launcher.win32.win32.x86_64_1.1.300.v20150602-1417\eclipse_1611.dll
0x000007fefdf20000 - 0x000007fefdffb000 	C:\Windows\system32\ADVAPI32.dll
0x000007fefe350000 - 0x000007fefe36f000 	C:\Windows\SYSTEM32\sechost.dll
0x000007fefe640000 - 0x000007fefe76d000 	C:\Windows\system32\RPCRT4.dll
0x000007fefca60000 - 0x000007fefca6c000 	C:\Windows\system32\VERSION.dll
0x000007fefc280000 - 0x000007fefc2d6000 	C:\Windows\system32\UxTheme.dll
0x0000000070fe0000 - 0x0000000071869000 	C:\Xilinx\SDK\2016.2\tps\win64\jre\bin\server\jvm.dll
0x000007fefaef0000 - 0x000007fefaef9000 	C:\Windows\system32\WSOCK32.dll
0x000007fefeeb0000 - 0x000007fefeefd000 	C:\Windows\system32\WS2_32.dll
0x000007feff070000 - 0x000007feff078000 	C:\Windows\system32\NSI.dll
0x000007fefa7a0000 - 0x000007fefa7db000 	C:\Windows\system32\WINMM.dll
0x0000000077e50000 - 0x0000000077e57000 	C:\Windows\system32\PSAPI.DLL
0x0000000073860000 - 0x0000000073932000 	C:\Windows\system32\MSVCR100.dll
0x0000000075050000 - 0x000000007505f000 	C:\Xilinx\SDK\2016.2\tps\win64\jre\bin\verify.dll
0x0000000073420000 - 0x0000000073449000 	C:\Xilinx\SDK\2016.2\tps\win64\jre\bin\java.dll
0x0000000073400000 - 0x0000000073416000 	C:\Xilinx\SDK\2016.2\tps\win64\jre\bin\zip.dll
0x000007feff210000 - 0x000007fefff99000 	C:\Windows\system32\SHELL32.dll
0x000007fefe9b0000 - 0x000007fefebb3000 	C:\Windows\system32\ole32.dll
0x000007fefd9d0000 - 0x000007fefd9df000 	C:\Windows\system32\profapi.dll
0x000007fefd1d0000 - 0x000007fefd1e8000 	C:\Windows\system32\CRYPTSP.dll
0x000007fefced0000 - 0x000007fefcf17000 	C:\Windows\system32\rsaenh.dll
0x000007fefdaa0000 - 0x000007fefdabe000 	C:\Windows\system32\USERENV.dll
0x000007fefd830000 - 0x000007fefd83f000 	C:\Windows\system32\CRYPTBASE.dll
0x00000000733e0000 - 0x00000000733fa000 	C:\Xilinx\SDK\2016.2\tps\win64\jre\bin\net.dll
0x000007fefd170000 - 0x000007fefd1c5000 	C:\Windows\system32\mswsock.dll
0x000007fefd160000 - 0x000007fefd167000 	C:\Windows\System32\wship6.dll
0x000007fefa340000 - 0x000007fefa367000 	C:\Windows\system32\IPHLPAPI.DLL
0x000007fefa330000 - 0x000007fefa33b000 	C:\Windows\system32\WINNSI.DLL
0x000007fef99b0000 - 0x000007fef99c1000 	C:\Windows\system32\dhcpcsvc6.DLL
0x000007fef9990000 - 0x000007fef99a8000 	C:\Windows\system32\dhcpcsvc.DLL
0x00000000733c0000 - 0x00000000733d1000 	C:\Xilinx\SDK\2016.2\tps\win64\jre\bin\nio.dll
0x000007fef9fe0000 - 0x000007fef9ff5000 	C:\Windows\system32\NLAapi.dll
0x000007fef94a0000 - 0x000007fef94b5000 	C:\Windows\system32\napinsp.dll
0x000007fef94c0000 - 0x000007fef94d9000 	C:\Windows\system32\pnrpnsp.dll
0x000007fefcff0000 - 0x000007fefd04b000 	C:\Windows\system32\DNSAPI.dll
0x000007fef9490000 - 0x000007fef949b000 	C:\Windows\System32\winrnr.dll
0x000007fefcb30000 - 0x000007fefcb37000 	C:\Windows\System32\wshtcpip.dll
0x000007fef94e0000 - 0x000007fef94e8000 	C:\Windows\system32\rasadhlp.dll
0x000007fef9a30000 - 0x000007fef9a83000 	C:\Windows\System32\fwpuclnt.dll
0x00000000187b0000 - 0x0000000018858000 	C:\Users\veiranei\.Xilinx\SDK\2016.2\org.eclipse.osgi\312\0\.cp\swt-win32-4527.dll
0x000007fefe8c0000 - 0x000007fefe998000 	C:\Windows\system32\OLEAUT32.dll
0x000007fefe820000 - 0x000007fefe8b7000 	C:\Windows\system32\comdlg32.dll
0x000007fef7940000 - 0x000007fef79b1000 	C:\Windows\system32\WINSPOOL.DRV
0x000007fefebe0000 - 0x000007fefeea5000 	C:\Windows\system32\WININET.dll
0x000007fefdcf0000 - 0x000007fefdcf4000 	C:\Windows\system32\api-ms-win-downlevel-user32-l1-1-0.dll
0x000007fefdb70000 - 0x000007fefdb74000 	C:\Windows\system32\api-ms-win-downlevel-shlwapi-l1-1-0.dll
0x000007fefdac0000 - 0x000007fefdac4000 	C:\Windows\system32\api-ms-win-downlevel-version-l1-1-0.dll
0x000007fefdb60000 - 0x000007fefdb63000 	C:\Windows\system32\api-ms-win-downlevel-normaliz-l1-1-0.dll
0x0000000077e60000 - 0x0000000077e63000 	C:\Windows\system32\normaliz.DLL
0x000007fefe370000 - 0x000007fefe639000 	C:\Windows\system32\iertutil.dll
0x000007fefd9f0000 - 0x000007fefd9f5000 	C:\Windows\system32\api-ms-win-downlevel-advapi32-l1-1-0.dll
0x000007fefdb80000 - 0x000007fefdced000 	C:\Windows\system32\CRYPT32.dll
0x000007fefd9e0000 - 0x000007fefd9ef000 	C:\Windows\system32\MSASN1.dll
0x000007fefbd50000 - 0x000007fefbe7c000 	C:\Windows\system32\propsys.dll
0x000007fefef00000 - 0x000007fefef99000 	C:\Windows\system32\CLBCatQ.DLL
0x0000000002480000 - 0x000000000249e000 	C:\Users\veiranei\.Xilinx\SDK\2016.2\org.eclipse.osgi\312\0\.cp\swt-gdip-win32-4527.dll
0x000007fefc060000 - 0x000007fefc276000 	C:\Windows\WinSxS\amd64_microsoft.windows.gdiplus_6595b64144ccf1df_1.1.7601.23508_none_145555328b95eaaa\gdiplus.dll
0x000007fefbb80000 - 0x000007fefbce1000 	C:\Windows\system32\WindowsCodecs.dll
0x0000000180000000 - 0x0000000180012000 	C:\Users\veiranei\.Xilinx\SDK\2016.2\org.eclipse.osgi\126\0\.cp\os\win32\x86_64\localfile_1_0_0.dll
0x000007feeef40000 - 0x000007feeef94000 	C:\Windows\system32\oleacc.dll
0x000007fef9e30000 - 0x000007fef9e37000 	C:\Windows\system32\msimg32.dll
0x000007fefd920000 - 0x000007fefd934000 	C:\Windows\system32\RpcRtRemote.dll
0x000007fefd7d0000 - 0x000007fefd827000 	C:\Windows\system32\apphelp.dll
0x000007fefb390000 - 0x000007fefb3a1000 	C:\Users\veiranei\.Xilinx\SDK\2016.2\org.eclipse.osgi\129\0\.cp\jWinHttp-1.0.0.dll
0x000007fef9b90000 - 0x000007fef9c01000 	C:\Windows\system32\WINHTTP.dll
0x000007fef9b20000 - 0x000007fef9b84000 	C:\Windows\system32\webio.dll
0x000007fefd7a0000 - 0x000007fefd7c5000 	C:\Windows\system32\SspiCli.dll
0x000007fefcd90000 - 0x000007fefcd9a000 	C:\Windows\system32\credssp.dll
0x000007fefdd40000 - 0x000007fefdd76000 	C:\Windows\system32\CFGMGR32.dll
0x000007fef8af0000 - 0x000007fef8aff000 	C:\Xilinx\SDK\2016.2\lib\win64.o\librdi_repo_manager.dll
0x000007fef4230000 - 0x000007fef425a000 	C:\Xilinx\SDK\2016.2\lib\win64.o\libisl_sysinfo.dll
0x000007feec650000 - 0x000007feec724000 	C:\Windows\system32\MSVCR110.dll
0x000007feec520000 - 0x000007feec5c7000 	C:\Windows\system32\MSVCP110.dll
0x000007fec4060000 - 0x000007fec4aa0000 	C:\Xilinx\SDK\2016.2\lib\win64.o\librdi_common.dll
0x000007fec3cf0000 - 0x000007fec405e000 	C:\Xilinx\SDK\2016.2\lib\win64.o\libCOIN-all.dll
0x000007fec4cf0000 - 0x000007fec4f0f000 	C:\Xilinx\SDK\2016.2\lib\win64.o\libXil_lmgr11.dll
0x000007fefba40000 - 0x000007fefba56000 	C:\Windows\system32\NETAPI32.dll
0x000007fefce00000 - 0x000007fefce0c000 	C:\Windows\system32\netutils.dll
0x000007fefd3e0000 - 0x000007fefd403000 	C:\Windows\system32\srvcli.dll
0x000007fefba20000 - 0x000007fefba35000 	C:\Windows\system32\wkscli.dll
0x000007fefdd00000 - 0x000007fefdd3b000 	C:\Windows\system32\WINTRUST.dll
0x000007fef9e90000 - 0x000007fef9ea0000 	C:\Xilinx\SDK\2016.2\lib\win64.o\libboost_date_time.dll
0x000007fef27f0000 - 0x000007fef2814000 	C:\Xilinx\SDK\2016.2\lib\win64.o\libboost_filesystem.dll
0x000007fef8350000 - 0x000007fef8359000 	C:\Xilinx\SDK\2016.2\lib\win64.o\libboost_system.dll
0x000007feee120000 - 0x000007feee197000 	C:\Xilinx\SDK\2016.2\lib\win64.o\libboost_program_options.dll
0x000007fec3be0000 - 0x000007fec3ce6000 	C:\Xilinx\SDK\2016.2\lib\win64.o\libboost_regex.dll
0x000007fef5b70000 - 0x000007fef5b83000 	C:\Xilinx\SDK\2016.2\lib\win64.o\libboost_signals.dll
0x000007fef5ac0000 - 0x000007fef5add000 	C:\Xilinx\SDK\2016.2\lib\win64.o\libboost_thread.dll
0x000007fef79c0000 - 0x000007fef79cb000 	C:\Xilinx\SDK\2016.2\lib\win64.o\libboost_chrono.dll
0x000007fef6aa0000 - 0x000007fef6aab000 	C:\Xilinx\SDK\2016.2\lib\win64.o\libboost_xilinx.dll
0x000007feee1a0000 - 0x000007feee220000 	C:\Xilinx\SDK\2016.2\lib\win64.o\libhdlpsolve.dll
0x000007fec4c50000 - 0x000007fec4cea000 	C:\Xilinx\SDK\2016.2\lib\win64.o\libhdxml.dll
0x000007fec3770000 - 0x000007fec3bd5e00 	C:\Xilinx\SDK\2016.2\lib\win64.o\libisl_iostreams.dll
0x000007feee790000 - 0x000007feee7a6000 	C:\Xilinx\SDK\2016.2\lib\win64.o\libboost_iostreams.dll
0x000007feee0f0000 - 0x000007feee113000 	C:\Xilinx\SDK\2016.2\lib\win64.o\librdizlib.dll
0x000007feee0c0000 - 0x000007feee0e3000 	C:\Xilinx\SDK\2016.2\lib\win64.o\libisl_iosutils.dll
0x000007feee020000 - 0x000007feee035000 	C:\Xilinx\SDK\2016.2\lib\win64.o\pthreadVC2.dll
0x000007feedfc0000 - 0x000007feee014000 	C:\Xilinx\SDK\2016.2\lib\win64.o\librdi_commonxillic.dll
0x000007fec3640000 - 0x000007fec3770000 	C:\Xilinx\SDK\2016.2\lib\win64.o\librdi_curl.dll
0x000007feedfa0000 - 0x000007feedfb8000 	C:\Xilinx\SDK\2016.2\lib\win64.o\librdiconfig.dll
0x0000000070cd0000 - 0x0000000070df7000 	C:\Xilinx\SDK\2016.2\lib\win64.o\tcl85t.dll
0x0000000023d90000 - 0x0000000023ff3000 	C:\Xilinx\SDK\2016.2\lib\win64.o\xerces-c_3_1.dll
0x000007fefdd90000 - 0x000007fefdf16000 	C:\Windows\system32\urlmon.dll
0x000007fefdd80000 - 0x000007fefdd84000 	C:\Windows\system32\api-ms-win-downlevel-ole32-l1-1-0.dll
0x000007feeb300000 - 0x000007feeb323000 	C:\Windows\system32\VCOMP110.DLL
0x000007fec3440000 - 0x000007fec3632000 	C:\Xilinx\SDK\2016.2\lib\win64.o\librdi_hsm.dll
0x000007fec33f0000 - 0x000007fec3433000 	C:\Xilinx\SDK\2016.2\lib\win64.o\librdi_hdf.dll
0x000007fec3160000 - 0x000007fec33e1000 	C:\Xilinx\SDK\2016.2\lib\win64.o\librdi_ippcw.dll
0x000007feedf80000 - 0x000007feedf96000 	C:\Xilinx\SDK\2016.2\eclipse\win64.o\plugins\org.eclipse.cdt.core.win32.x86_64_5.4.0.201509131935\os\win32\x86_64\spawner.dll
0x000007fefb3c0000 - 0x000007fefb3ca000 	C:\Xilinx\SDK\2016.2\lib\win64.o\librdi_jtag_settings.dll
0x000007fec4c20000 - 0x000007fec4c49000 	C:\Xilinx\SDK\2016.2\lib\win64.o\librdi_debug_dialog.dll
0x000007fefb3b0000 - 0x000007fefb3b8000 	C:\Xilinx\SDK\2016.2\lib\win64.o\librdi_target_manager.dll
0x0000000024b90000 - 0x0000000024bb5000 	C:\Users\veiranei\.jssc\windows\jSSC-2.8_x86_64.dll
0x0000000024bc0000 - 0x0000000024be6000 	C:\Xilinx\SDK\2016.2\eclipse\win64.o\plugins\gnu.io.rxtx.win32.x86_64_2.1.7.3_v20071015\os\win32\x86_64\rxtxSerial.dll
0x000007feb77d0000 - 0x000007feb7fe0000 	C:\Xilinx\SDK\2016.2\lib\win64.o\libXil_lmgr11FNP.dll

VM Arguments:
jvm_args: -Dcom.xilinx.sdk.args.hwspec=W:/temp532/project_1/project_1.sdk/design_1_wrapper.hdf -Xms64m -Xmx512m & 
java_command: <unknown>
java_class_path (initial): C:\Xilinx\SDK\2016.2\eclipse\win64.o\\plugins/org.eclipse.equinox.launcher_1.3.100.v20150511-1540.jar
Launcher Type: generic

Environment Variables:
PATH=C:/Xilinx/SDK/2016.2/tps/win64/jre/bin/server;C:/Xilinx/SDK/2016.2/tps/win64/jre/bin;C:/Xilinx/SDK/2016.2/tps/win64/jre/lib/amd64;C:\Xilinx\SDK\2016.2\gnuwin\bin;C:\Xilinx\SDK\2016.2\gnu\microblaze\nt\bin;C:\Xilinx\SDK\2016.2\gnu\microblaze\linux_toolchain\nt64_le\bin;C:\Xilinx\SDK\2016.2\gnu\microblaze\linux_toolchain\nt64_be\bin;C:\Xilinx\SDK\2016.2\gnu\arm\nt\bin;C:\Xilinx\SDK\2016.2\gnu\aarch64\nt\aarch64-none\bin;C:\Xilinx\SDK\2016.2\gnu\aarch64\nt\aarch64-linux\bin;C:\Xilinx\SDK\2016.2\gnu\armr5\nt\gcc-arm-none-eabi\bin;C:\Xilinx\SDK\2016.2\gnu\aarch32\nt\gcc-arm-none-eabi\bin;C:\Xilinx\SDK\2016.2\gnu\aarch32\nt\gcc-arm-linux-gnueabi\bin;C:\Xilinx\SDK\2016.2\tps\win64\cmake-3.3.2\bin;;C:\Xilinx\SDK\2016.2\bin;C:\Xilinx\SDK\2016.2\lib\win64.o;C:\Xilinx\SDK\2016.2\tps\win64\jre\bin\server;C:\Xilinx\SDK\2016.2\tps\win64\jre\bin;C:\Xilinx\Vivado\2016.2\ids_lite\ISE\bin\nt64;C:\Xilinx\Vivado\2016.2\ids_lite\ISE\lib\nt64;C:\Xilinx\Vivado\2016.2\bin;C:\Xilinx\Vivado\2016.2\lib\win64.o;C:\Xilinx\Vivado\2016.2\tps\win64\jre\bin\server;C:\Xilinx\Vivado\2016.2\tps\win64\jre\bin;C:\Xilinx\Vivado_HLS\2016.2\bin;C:\Windows\system32;C:\Windows;C:\Windows\System32\Wbem;C:\Windows\System32\WindowsPowerShell\v1.0\;C:\Program Files (x86)\Java\jre6\bin;C:\Program Files (x86)\eclipse;C:\altera\16.0\quartus\bin64;c:\altera\16.0\quartus\bin64\jre64\bin;w:\temp532\project_1;
USERNAME=veiranei
OS=Windows_NT
PROCESSOR_IDENTIFIER=Intel64 Family 6 Model 60 Stepping 3, GenuineIntel



---------------  S Y S T E M  ---------------

OS: Windows 7 , 64 bit Build 7601 (6.1.7601.23418)

CPU:total 8 (4 cores per cpu, 2 threads per core) family 6 model 60 stepping 3, cmov, cx8, fxsr, mmx, sse, sse2, sse3, ssse3, sse4.1, sse4.2, popcnt, avx, avx2, aes, clmul, erms, lzcnt, ht, tsc, tscinvbit, bmi1, bmi2

Memory: 4k page, physical 16683160k(7224880k free), swap 33364460k(23249024k free)

vm_info: Java HotSpot(TM) 64-Bit Server VM (25.66-b18) for windows-amd64 JRE (1.8.0_66-b18), built on Nov  9 2015 10:51:13 by "java_re" with MS VC++ 10.0 (VS2010)

time: Thu Mar 30 18:41:14 2017
elapsed time: 816 seconds (0d 0h 13m 36s)

