#
# A fatal error has been detected by the Java Runtime Environment:
#
#  EXCEPTION_UNCAUGHT_CXX_EXCEPTION (0xe06d7363) at pc=0x00007ffcd66b8a5c, pid=1676, tid=4880
#
# JRE version: Java(TM) SE Runtime Environment (8.0_66-b18) (build 1.8.0_66-b18)
# Java VM: Java HotSpot(TM) 64-Bit Server VM (25.66-b18 mixed mode windows-amd64 compressed oops)
# Problematic frame:
# C  [KERNELBASE.dll+0x8a5c]
#
# Failed to write core dump. Minidumps are not enabled by default on client versions of Windows
#
# If you would like to submit a bug report, please visit:
#   http://bugreport.java.com/bugreport/crash.jsp
#

---------------  T H R E A D  ---------------

Current thread (0x00000000135e7800):  VMThread [stack: 0x0000000014670000,0x0000000014770000] [id=4880]

siginfo: ExceptionCode=0xe06d7363, ExceptionInformation=0x0000000019930520 0x000000001476f588 0x00007ffcc7792cb8 0x00007ffcc76e0000 

Registers:
RAX=0x00007ffcd92700c9, RBX=0x00007ffcc7792cb8, RCX=0x0000c1bdc0e9099d, RDX=0x00007ffcd926b181
RSP=0x000000001476f3d0, RBP=0x000000001476f510, RSI=0x00000000ffffffff, RDI=0x00000000006dfc30
R8 =0x0000000000000014, R9 =0x000000001476f311, R10=0x00007ffcd925db0d, R11=0x000000001476efe0
R12=0x0000000000000001, R13=0x0000000000000008, R14=0x0000000000000000, R15=0xffffffffffffffff
RIP=0x00007ffcd66b8a5c, EFLAGS=0x0000000000000202

Top of Stack: (sp=0x000000001476f3d0)
0x000000001476f3d0:   00000000006302fc 00007ffcc7792cb8
0x000000001476f3e0:   00000000ffffffff 00000000006dfc30
0x000000001476f3f0:   00000001e06d7363 0000000000000000
0x000000001476f400:   00007ffcd66b8a5c 0000000000000004
0x000000001476f410:   0000000019930520 000000001476f588
0x000000001476f420:   00007ffcc7792cb8 00007ffcc76e0000
0x000000001476f430:   0000000000000000 0000000024e843a0
0x000000001476f440:   0000000000000000 0000000000000000
0x000000001476f450:   0000000000000000 000000001476f6c0
0x000000001476f460:   ffffffffffffffff 0000000000000001
0x000000001476f470:   0000000000008008 0000000000000000
0x000000001476f480:   ffffffffffffffff 0000000000000000
0x000000001476f490:   0000cc7ecfa4625e 00000000006dfc30
0x000000001476f4a0:   00000000ffffffff 00007ffcc773e92c
0x000000001476f4b0:   00007ffcc7792cb8 000000001476f520
0x000000001476f4c0:   0000000000000001 0000000000000000 

Instructions: (pc=0x00007ffcd66b8a5c)
0x00007ffcd66b8a3c:   44 3b c0 44 0f 47 c0 44 89 44 24 38 49 c1 e0 03
0x00007ffcd66b8a4c:   e8 f3 8b ff ff 48 8d 4c 24 20 ff 15 14 0c 10 00
0x00007ffcd66b8a5c:   48 8b 8c 24 c0 00 00 00 48 33 cc e8 d4 89 ff ff
0x00007ffcd66b8a6c:   48 81 c4 d8 00 00 00 c3 90 90 90 90 90 90 90 90 


Register to memory mapping:

RAX=0x00007ffcd92700c9 is an unknown value
RBX=0x00007ffcc7792cb8 is an unknown value
RCX=0x0000c1bdc0e9099d is an unknown value
RDX=0x00007ffcd926b181 is an unknown value
RSP=0x000000001476f3d0 is an unknown value
RBP=0x000000001476f510 is an unknown value
RSI=0x00000000ffffffff is an unallocated location in the heap
RDI=0x00000000006dfc30 is an unknown value
R8 =0x0000000000000014 is an unknown value
R9 =0x000000001476f311 is an unknown value
R10=0x00007ffcd925db0d is an unknown value
R11=0x000000001476efe0 is an unknown value
R12=0x0000000000000001 is an unknown value
R13=0x0000000000000008 is an unknown value
R14=0x0000000000000000 is an unknown value
R15=0xffffffffffffffff is an unknown value


Stack: [0x0000000014670000,0x0000000014770000],  sp=0x000000001476f3d0,  free space=1020k
Native frames: (J=compiled Java code, j=interpreted, Vv=VM code, C=native code)
C  [KERNELBASE.dll+0x8a5c]
C  [MSVCR110.dll+0x5e92c]
C  [MSVCR110.dll+0x1315c]
C  [MSVCR110.dll+0x136a9]
C  [MSVCR110.dll+0x13e9c]
C  [MSVCR110.dll+0x239e]
C  [MSVCR110.dll+0xaf9e]
C  [MSVCP110.dll+0x397b9]
C  [librdi_common.dll+0x182316]
C  [librdi_common.dll+0x180fab]
C  [librdi_target_manager.dll+0x2400]
C  [librdi_target_manager.dll+0x2682]
C  [ntdll.dll+0x1c0f4]
C  [ntdll.dll+0x1b502]
C  [ntdll.dll+0x18528]
C  [KERNEL32.DLL+0x516a]
C  [MSVCR100.dll+0x20ccd]
V  [jvm.dll+0x210cc5]
V  [jvm.dll+0x249897]
V  [jvm.dll+0x248b36]
V  [jvm.dll+0x248fd1]
V  [jvm.dll+0x2491ee]
V  [jvm.dll+0x29a0fa]
C  [MSVCR100.dll+0x21d9f]
C  [MSVCR100.dll+0x21e3b]
C  [KERNEL32.DLL+0x13d2]
C  [ntdll.dll+0x154e4]

VM_Operation (0x000000000013f4c0): Exit, mode: safepoint, requested by thread 0x00000000021fe800


---------------  P R O C E S S  ---------------

Java Threads: ( => current thread )
  0x000000001b89a000 JavaThread "Thread-47" daemon [_thread_blocked, id=7308, stack(0x00000000295e0000,0x00000000296e0000)]
  0x000000001d5c1800 JavaThread "TCF Channel Transmitter" daemon [_thread_blocked, id=352, stack(0x0000000025a30000,0x0000000025b30000)]
  0x000000001d5c0000 JavaThread "TCF Channel Receiver" daemon [_thread_in_native, id=7544, stack(0x0000000024f80000,0x0000000025080000)]
  0x000000001d5bd000 JavaThread "Process monitor" daemon [_thread_in_native, id=5200, stack(0x0000000025420000,0x0000000025520000)]
  0x000000001d5b9800 JavaThread "Input Stream Monitor" daemon [_thread_blocked, id=7628, stack(0x0000000025320000,0x0000000025420000)]
  0x000000001d5bb800 JavaThread "Output Stream Monitor" daemon [_thread_in_native, id=144, stack(0x0000000025220000,0x0000000025320000)]
  0x000000001d5bc800 JavaThread "Output Stream Monitor" daemon [_thread_in_native, id=6200, stack(0x0000000025120000,0x0000000025220000)]
  0x00000000152fb000 JavaThread "TCF Locator DNS Lookup" daemon [_thread_blocked, id=4788, stack(0x0000000021890000,0x0000000021990000)]
  0x00000000152fc000 JavaThread "TCF Locator Timer" daemon [_thread_blocked, id=7184, stack(0x0000000021790000,0x0000000021890000)]
  0x00000000152f9800 JavaThread "TCF Locator Receiver" daemon [_thread_in_native, id=4868, stack(0x0000000021690000,0x0000000021790000)]
  0x00000000152f9000 JavaThread "TCF Timer Dispatcher" daemon [_thread_blocked, id=7432, stack(0x000000001ff40000,0x0000000020040000)]
  0x00000000152c5800 JavaThread "EMF Reference Cleaner" daemon [_thread_blocked, id=7812, stack(0x0000000017c30000,0x0000000017d30000)]
  0x0000000014f94800 JavaThread "Service Thread" daemon [_thread_blocked, id=6388, stack(0x0000000015350000,0x0000000015450000)]
  0x000000001362d000 JavaThread "C1 CompilerThread2" daemon [_thread_blocked, id=4700, stack(0x0000000014e50000,0x0000000014f50000)]
  0x0000000013624800 JavaThread "C2 CompilerThread1" daemon [_thread_blocked, id=2888, stack(0x0000000014d50000,0x0000000014e50000)]
  0x000000001361f800 JavaThread "C2 CompilerThread0" daemon [_thread_blocked, id=7144, stack(0x0000000014c50000,0x0000000014d50000)]
  0x000000001361d000 JavaThread "Attach Listener" daemon [_thread_blocked, id=7984, stack(0x0000000014b50000,0x0000000014c50000)]
  0x000000001361b800 JavaThread "Signal Dispatcher" daemon [_thread_blocked, id=6972, stack(0x0000000014a50000,0x0000000014b50000)]
  0x00000000021a6800 JavaThread "Finalizer" daemon [_thread_blocked, id=2844, stack(0x0000000014870000,0x0000000014970000)]
  0x000000000219e000 JavaThread "Reference Handler" daemon [_thread_blocked, id=7060, stack(0x0000000014770000,0x0000000014870000)]
  0x00000000021fe800 JavaThread "main" [_thread_blocked, id=1300, stack(0x0000000000040000,0x0000000000140000)]

Other Threads:
=>0x00000000135e7800 VMThread [stack: 0x0000000014670000,0x0000000014770000] [id=4880]

VM state:at safepoint (shutting down)

VM Mutex/Monitor currently owned by a thread:  ([mutex/lock_event])
[0x00000000021fe090] Threads_lock - owner thread: 0x00000000135e7800

Heap:
 PSYoungGen      total 142848K, used 117838K [0x00000000f5580000, 0x00000000fff00000, 0x0000000100000000)
  eden space 113664K, 96% used [0x00000000f5580000,0x00000000fc0c60f0,0x00000000fc480000)
  from space 29184K, 27% used [0x00000000fc480000,0x00000000fcc4d7d0,0x00000000fe100000)
  to   space 28672K, 0% used [0x00000000fe300000,0x00000000fe300000,0x00000000fff00000)
 ParOldGen       total 101376K, used 74658K [0x00000000e0000000, 0x00000000e6300000, 0x00000000f5580000)
  object space 101376K, 73% used [0x00000000e0000000,0x00000000e48e8960,0x00000000e6300000)
 Metaspace       used 90791K, capacity 98126K, committed 98432K, reserved 1134592K
  class space    used 10881K, capacity 13315K, committed 13440K, reserved 1048576K

Card table byte_map: [0x00000000115c0000,0x00000000116d0000] byte_map_base: 0x0000000010ec0000

Marking Bits: (ParMarkBitMap*) 0x0000000072fda5b0
 Begin Bits: [0x0000000011b80000, 0x0000000012380000)
 End Bits:   [0x0000000012380000, 0x0000000012b80000)

Polling page: 0x00000000004c0000

CodeCache: size=245760Kb used=37922Kb max_used=38402Kb free=207837Kb
 bounds [0x0000000002200000, 0x00000000047e0000, 0x0000000011200000]
 total_blobs=11437 nmethods=10532 adapters=812
 compilation: enabled

Compilation events (10 events):
Event: 624.323 Thread 0x000000001362d000 nmethod 13299 0x0000000004742350 code [0x00000000047424c0, 0x0000000004742710]
Event: 624.323 Thread 0x000000001362d000 13300       3       java.util.concurrent.atomic.AtomicReference::getAndSet (12 bytes)
Event: 624.323 Thread 0x000000001362d000 nmethod 13300 0x0000000002a35010 code [0x0000000002a35160, 0x0000000002a352d0]
Event: 624.323 Thread 0x000000001362d000 13306   !   3       org.eclipse.osgi.storage.BundleInfo$Generation::clearManifestCache (30 bytes)
Event: 624.324 Thread 0x000000001362d000 nmethod 13306 0x00000000044e58d0 code [0x00000000044e5a60, 0x00000000044e60a8]
Event: 624.324 Thread 0x000000001362d000 13302       3       org.eclipse.osgi.internal.framework.EquinoxContainerAdaptor::invalidateWiring (186 bytes)
Event: 624.327 Thread 0x000000001362d000 nmethod 13302 0x00000000047ba390 code [0x00000000047ba760, 0x00000000047bd0d8]
Event: 624.327 Thread 0x000000001362d000 13303   !   3       org.eclipse.osgi.container.ModuleDatabase::getRevisionsTimestamp (25 bytes)
Event: 624.329 Thread 0x000000001362d000 nmethod 13303 0x00000000023ea150 code [0x00000000023ea360, 0x00000000023eb098]
Event: 624.329 Thread 0x000000001362d000 13304       3       org.eclipse.osgi.internal.framework.EquinoxContainerAdaptor::clearManifestCache (84 bytes)

GC Heap History (10 events):
Event: 191.979 GC heap before
{Heap before GC invocations=19 (full 5):
 PSYoungGen      total 133120K, used 101303K [0x00000000f5580000, 0x00000000ff800000, 0x0000000100000000)
  eden space 101888K, 99% used [0x00000000f5580000,0x00000000fb86def0,0x00000000fb900000)
  from space 31232K, 0% used [0x00000000fb900000,0x00000000fb900000,0x00000000fd780000)
  to   space 31232K, 0% used [0x00000000fd980000,0x00000000fd980000,0x00000000ff800000)
 ParOldGen       total 101376K, used 59818K [0x00000000e0000000, 0x00000000e6300000, 0x00000000f5580000)
  object space 101376K, 59% used [0x00000000e0000000,0x00000000e3a6aa90,0x00000000e6300000)
 Metaspace       used 83205K, capacity 89620K, committed 89728K, reserved 1126400K
  class space    used 10035K, capacity 12112K, committed 12160K, reserved 1048576K
Event: 191.986 GC heap after
Heap after GC invocations=19 (full 5):
 PSYoungGen      total 136704K, used 12037K [0x00000000f5580000, 0x00000000ffd00000, 0x0000000100000000)
  eden space 105472K, 0% used [0x00000000f5580000,0x00000000f5580000,0x00000000fbc80000)
  from space 31232K, 38% used [0x00000000fd980000,0x00000000fe541700,0x00000000ff800000)
  to   space 29696K, 0% used [0x00000000fbc80000,0x00000000fbc80000,0x00000000fd980000)
 ParOldGen       total 101376K, used 59826K [0x00000000e0000000, 0x00000000e6300000, 0x00000000f5580000)
  object space 101376K, 59% used [0x00000000e0000000,0x00000000e3a6ca90,0x00000000e6300000)
 Metaspace       used 83205K, capacity 89620K, committed 89728K, reserved 1126400K
  class space    used 10035K, capacity 12112K, committed 12160K, reserved 1048576K
}
Event: 195.254 GC heap before
{Heap before GC invocations=20 (full 5):
 PSYoungGen      total 136704K, used 117509K [0x00000000f5580000, 0x00000000ffd00000, 0x0000000100000000)
  eden space 105472K, 100% used [0x00000000f5580000,0x00000000fbc80000,0x00000000fbc80000)
  from space 31232K, 38% used [0x00000000fd980000,0x00000000fe541700,0x00000000ff800000)
  to   space 29696K, 0% used [0x00000000fbc80000,0x00000000fbc80000,0x00000000fd980000)
 ParOldGen       total 101376K, used 59826K [0x00000000e0000000, 0x00000000e6300000, 0x00000000f5580000)
  object space 101376K, 59% used [0x00000000e0000000,0x00000000e3a6ca90,0x00000000e6300000)
 Metaspace       used 83754K, capacity 90068K, committed 90240K, reserved 1128448K
  class space    used 10053K, capacity 12112K, committed 12160K, reserved 1048576K
Event: 195.265 GC heap after
Heap after GC invocations=20 (full 5):
 PSYoungGen      total 135168K, used 16314K [0x00000000f5580000, 0x00000000ffd80000, 0x0000000100000000)
  eden space 105472K, 0% used [0x00000000f5580000,0x00000000f5580000,0x00000000fbc80000)
  from space 29696K, 54% used [0x00000000fbc80000,0x00000000fcc6eb80,0x00000000fd980000)
  to   space 29184K, 0% used [0x00000000fe100000,0x00000000fe100000,0x00000000ffd80000)
 ParOldGen       total 101376K, used 59834K [0x00000000e0000000, 0x00000000e6300000, 0x00000000f5580000)
  object space 101376K, 59% used [0x00000000e0000000,0x00000000e3a6ea90,0x00000000e6300000)
 Metaspace       used 83754K, capacity 90068K, committed 90240K, reserved 1128448K
  class space    used 10053K, capacity 12112K, committed 12160K, reserved 1048576K
}
Event: 198.921 GC heap before
{Heap before GC invocations=21 (full 5):
 PSYoungGen      total 135168K, used 32039K [0x00000000f5580000, 0x00000000ffd80000, 0x0000000100000000)
  eden space 105472K, 14% used [0x00000000f5580000,0x00000000f64db0b8,0x00000000fbc80000)
  from space 29696K, 54% used [0x00000000fbc80000,0x00000000fcc6eb80,0x00000000fd980000)
  to   space 29184K, 0% used [0x00000000fe100000,0x00000000fe100000,0x00000000ffd80000)
 ParOldGen       total 101376K, used 59834K [0x00000000e0000000, 0x00000000e6300000, 0x00000000f5580000)
  object space 101376K, 59% used [0x00000000e0000000,0x00000000e3a6ea90,0x00000000e6300000)
 Metaspace       used 85407K, capacity 91936K, committed 92160K, reserved 1128448K
  class space    used 10278K, capacity 12417K, committed 12544K, reserved 1048576K
Event: 198.933 GC heap after
Heap after GC invocations=21 (full 5):
 PSYoungGen      total 142848K, used 18365K [0x00000000f5580000, 0x00000000ffd80000, 0x0000000100000000)
  eden space 113664K, 0% used [0x00000000f5580000,0x00000000f5580000,0x00000000fc480000)
  from space 29184K, 62% used [0x00000000fe100000,0x00000000ff2ef458,0x00000000ffd80000)
  to   space 29184K, 0% used [0x00000000fc480000,0x00000000fc480000,0x00000000fe100000)
 ParOldGen       total 101376K, used 59842K [0x00000000e0000000, 0x00000000e6300000, 0x00000000f5580000)
  object space 101376K, 59% used [0x00000000e0000000,0x00000000e3a70a90,0x00000000e6300000)
 Metaspace       used 85407K, capacity 91936K, committed 92160K, reserved 1128448K
  class space    used 10278K, capacity 12417K, committed 12544K, reserved 1048576K
}
Event: 198.933 GC heap before
{Heap before GC invocations=22 (full 6):
 PSYoungGen      total 142848K, used 18365K [0x00000000f5580000, 0x00000000ffd80000, 0x0000000100000000)
  eden space 113664K, 0% used [0x00000000f5580000,0x00000000f5580000,0x00000000fc480000)
  from space 29184K, 62% used [0x00000000fe100000,0x00000000ff2ef458,0x00000000ffd80000)
  to   space 29184K, 0% used [0x00000000fc480000,0x00000000fc480000,0x00000000fe100000)
 ParOldGen       total 101376K, used 59842K [0x00000000e0000000, 0x00000000e6300000, 0x00000000f5580000)
  object space 101376K, 59% used [0x00000000e0000000,0x00000000e3a70a90,0x00000000e6300000)
 Metaspace       used 85407K, capacity 91936K, committed 92160K, reserved 1128448K
  class space    used 10278K, capacity 12417K, committed 12544K, reserved 1048576K
Event: 199.388 GC heap after
Heap after GC invocations=22 (full 6):
 PSYoungGen      total 142848K, used 0K [0x00000000f5580000, 0x00000000ffd80000, 0x0000000100000000)
  eden space 113664K, 0% used [0x00000000f5580000,0x00000000f5580000,0x00000000fc480000)
  from space 29184K, 0% used [0x00000000fe100000,0x00000000fe100000,0x00000000ffd80000)
  to   space 29184K, 0% used [0x00000000fc480000,0x00000000fc480000,0x00000000fe100000)
 ParOldGen       total 101376K, used 74650K [0x00000000e0000000, 0x00000000e6300000, 0x00000000f5580000)
  object space 101376K, 73% used [0x00000000e0000000,0x00000000e48e6960,0x00000000e6300000)
 Metaspace       used 85407K, capacity 91936K, committed 92160K, reserved 1128448K
  class space    used 10278K, capacity 12417K, committed 12544K, reserved 1048576K
}
Event: 319.495 GC heap before
{Heap before GC invocations=23 (full 6):
 PSYoungGen      total 142848K, used 113664K [0x00000000f5580000, 0x00000000ffd80000, 0x0000000100000000)
  eden space 113664K, 100% used [0x00000000f5580000,0x00000000fc480000,0x00000000fc480000)
  from space 29184K, 0% used [0x00000000fe100000,0x00000000fe100000,0x00000000ffd80000)
  to   space 29184K, 0% used [0x00000000fc480000,0x00000000fc480000,0x00000000fe100000)
 ParOldGen       total 101376K, used 74650K [0x00000000e0000000, 0x00000000e6300000, 0x00000000f5580000)
  object space 101376K, 73% used [0x00000000e0000000,0x00000000e48e6960,0x00000000e6300000)
 Metaspace       used 89480K, capacity 96962K, committed 97152K, reserved 1132544K
  class space    used 10766K, capacity 13149K, committed 13184K, reserved 1048576K
Event: 319.518 GC heap after
Heap after GC invocations=23 (full 6):
 PSYoungGen      total 142848K, used 7989K [0x00000000f5580000, 0x00000000fff00000, 0x0000000100000000)
  eden space 113664K, 0% used [0x00000000f5580000,0x00000000f5580000,0x00000000fc480000)
  from space 29184K, 27% used [0x00000000fc480000,0x00000000fcc4d7d0,0x00000000fe100000)
  to   space 28672K, 0% used [0x00000000fe300000,0x00000000fe300000,0x00000000fff00000)
 ParOldGen       total 101376K, used 74658K [0x00000000e0000000, 0x00000000e6300000, 0x00000000f5580000)
  object space 101376K, 73% used [0x00000000e0000000,0x00000000e48e8960,0x00000000e6300000)
 Metaspace       used 89480K, capacity 96962K, committed 97152K, reserved 1132544K
  class space    used 10766K, capacity 13149K, committed 13184K, reserved 1048576K
}

Deoptimization events (10 events):
Event: 623.496 Thread 0x000000001b892800 Uncommon trap: reason=class_check action=maybe_recompile pc=0x00000000047787dc method=org.eclipse.e4.core.internal.contexts.TrackableComputationExt.update(Lorg/eclipse/e4/core/internal/contexts/ContextChangeEvent;)Z @ 62
Event: 623.546 Thread 0x000000001b894800 Uncommon trap: reason=unstable_if action=reinterpret pc=0x0000000002384fa4 method=sun.nio.cs.SingleByte$Encoder.encode(C)I @ 13
Event: 623.551 Thread 0x000000001b892800 Uncommon trap: reason=predicate action=maybe_recompile pc=0x000000000475b2f0 method=java.io.OutputStream.write([BII)V @ 62
Event: 623.574 Thread 0x000000001b892800 Uncommon trap: reason=unstable_if action=reinterpret pc=0x00000000046e7664 method=org.eclipse.swt.graphics.Resource.dispose()V @ 15
Event: 623.660 Thread 0x00000000150c6000 Uncommon trap: reason=predicate action=maybe_recompile pc=0x00000000037b125c method=java.util.Arrays.fill([Ljava/lang/Object;Ljava/lang/Object;)V @ 10
Event: 624.163 Thread 0x00000000150c6000 Uncommon trap: reason=array_check action=maybe_recompile pc=0x00000000023020f8 method=java.util.Arrays.fill([Ljava/lang/Object;Ljava/lang/Object;)V @ 13
Event: 624.163 Thread 0x00000000150c6000 Uncommon trap: reason=array_check action=maybe_recompile pc=0x00000000023020f8 method=java.util.Arrays.fill([Ljava/lang/Object;Ljava/lang/Object;)V @ 13
Event: 624.163 Thread 0x00000000150c6000 Uncommon trap: reason=array_check action=maybe_recompile pc=0x00000000023020f8 method=java.util.Arrays.fill([Ljava/lang/Object;Ljava/lang/Object;)V @ 13
Event: 624.163 Thread 0x00000000150c6000 Uncommon trap: reason=array_check action=maybe_recompile pc=0x00000000023020f8 method=java.util.Arrays.fill([Ljava/lang/Object;Ljava/lang/Object;)V @ 13
Event: 624.181 Thread 0x000000001b892800 Uncommon trap: reason=unstable_if action=reinterpret pc=0x0000000002f393f0 method=org.eclipse.osgi.internal.hooks.EclipseLazyStarter.shouldActivateFor(Ljava/lang/String;Lorg/eclipse/osgi/container/Module;Lorg/eclipse/osgi/container/ModuleRevision;Lorg/ecli‚&hø{ƒ@

Internal exceptions (10 events):
Event: 609.247 Thread 0x000000001b898800 Exception <a 'java/io/FileNotFoundException'> (0x00000000f65889a0) thrown at [C:\re\workspace\8-2-build-windows-amd64-cygwin\jdk8u66\5298\hotspot\src\share\vm\prims\jni.cpp, line 709]
Event: 609.390 Thread 0x000000001b898800 Exception <a 'java/io/FileNotFoundException'> (0x00000000f65a1bc0) thrown at [C:\re\workspace\8-2-build-windows-amd64-cygwin\jdk8u66\5298\hotspot\src\share\vm\prims\jni.cpp, line 709]
Event: 623.545 Thread 0x000000001b897000 Exception <a 'java/lang/InterruptedException'> (0x00000000fba51470) thrown at [C:\re\workspace\8-2-build-windows-amd64-cygwin\jdk8u66\5298\hotspot\src\share\vm\runtime\objectMonitor.cpp, line 1683]
Event: 624.210 Thread 0x000000001b892800 Implicit null exception at 0x0000000004452602 to 0x0000000004456b3f
Event: 624.210 Thread 0x000000001b892800 Exception <a 'java/lang/NullPointerException'> (0x00000000fbcff050) thrown at [C:\re\workspace\8-2-build-windows-amd64-cygwin\jdk8u66\5298\hotspot\src\share\vm\runtime\sharedRuntime.cpp, line 605]
Event: 624.210 Thread 0x000000001b892800 Exception <a 'java/lang/NullPointerException'> (0x00000000fbcff050) thrown at [C:\re\workspace\8-2-build-windows-amd64-cygwin\jdk8u66\5298\hotspot\src\share\vm\prims\jvm.cpp, line 1390]
Event: 624.269 Thread 0x00000000152f6800 Exception <a 'java/lang/InterruptedException'> (0x00000000fb67afc0) thrown at [C:\re\workspace\8-2-build-windows-amd64-cygwin\jdk8u66\5298\hotspot\src\share\vm\runtime\objectMonitor.cpp, line 1683]
Event: 624.309 Thread 0x00000000150c6000 Exception <a 'java/lang/InterruptedException'> (0x00000000fbe21048) thrown at [C:\re\workspace\8-2-build-windows-amd64-cygwin\jdk8u66\5298\hotspot\src\share\vm\runtime\objectMonitor.cpp, line 1683]
Event: 624.318 Thread 0x00000000152f6000 Exception <a 'java/lang/InterruptedException'> (0x00000000fb30ad88) thrown at [C:\re\workspace\8-2-build-windows-amd64-cygwin\jdk8u66\5298\hotspot\src\share\vm\runtime\objectMonitor.cpp, line 1683]
Event: 624.319 Thread 0x0000000015f90800 Exception <a 'java/lang/InterruptedException'> (0x00000000fc037f18) thrown at [C:\re\workspace\8-2-build-windows-amd64-cygwin\jdk8u66\5298\hotspot\src\share\vm\runtime\objectMonitor.cpp, line 1683]

Events (10 events):
Event: 624.325 loading class java/util/IdentityHashMap$KeyIterator done
Event: 624.325 Thread 0x000000001b894000 Thread added: 0x000000001b894000
Event: 624.327 Executing VM operation: RevokeBias
Event: 624.327 Executing VM operation: RevokeBias done
Event: 624.329 Executing VM operation: RevokeBias
Event: 624.329 Executing VM operation: RevokeBias done
Event: 624.329 Executing VM operation: RevokeBias
Event: 624.329 Executing VM operation: RevokeBias done
Event: 624.329 Thread 0x000000001b894000 Thread exited: 0x000000001b894000
Event: 624.331 Executing VM operation: Exit


Dynamic libraries:
0x0000000000400000 - 0x000000000044f000 	C:\Xilinx\SDK\2016.2\eclipse\win64.o\eclipse.exe
0x00007ffcd9230000 - 0x00007ffcd93dd000 	C:\WINDOWS\SYSTEM32\ntdll.dll
0x00007ffcd85f0000 - 0x00007ffcd872e000 	C:\WINDOWS\system32\KERNEL32.DLL
0x00007ffcd66b0000 - 0x00007ffcd67c5000 	C:\WINDOWS\system32\KERNELBASE.dll
0x00007ffcd8840000 - 0x00007ffcd89b7000 	C:\WINDOWS\system32\USER32.dll
0x00007ffcd3c50000 - 0x00007ffcd3ecb000 	C:\WINDOWS\WinSxS\amd64_microsoft.windows.common-controls_6595b64144ccf1df_6.0.9600.18006_none_623f33d3ecbe86e8\COMCTL32.dll
0x00007ffcd8380000 - 0x00007ffcd842a000 	C:\WINDOWS\system32\msvcrt.dll
0x00007ffcd6980000 - 0x00007ffcd6acf000 	C:\WINDOWS\system32\GDI32.dll
0x00007ffcd6b90000 - 0x00007ffcd6bc6000 	C:\WINDOWS\system32\IMM32.DLL
0x00007ffcd8c40000 - 0x00007ffcd8d92000 	C:\WINDOWS\system32\MSCTF.dll
0x0000000072000000 - 0x0000000072012000 	C:\Xilinx\SDK\2016.2\eclipse\win64.o\plugins\org.eclipse.equinox.launcher.win32.win32.x86_64_1.1.300.v20150602-1417\eclipse_1611.dll
0x00007ffcd8790000 - 0x00007ffcd883a000 	C:\WINDOWS\system32\ADVAPI32.dll
0x00007ffccd1c0000 - 0x00007ffccd1ca000 	C:\WINDOWS\SYSTEM32\VERSION.dll
0x00007ffcd89c0000 - 0x00007ffcd8a19000 	C:\WINDOWS\SYSTEM32\sechost.dll
0x00007ffcd81d0000 - 0x00007ffcd8310000 	C:\WINDOWS\system32\RPCRT4.dll
0x00007ffcd6880000 - 0x00007ffcd68ae000 	C:\WINDOWS\system32\SspiCli.dll
0x00007ffcd4ff0000 - 0x00007ffcd5119000 	C:\WINDOWS\system32\uxtheme.dll
0x00007ffcd9010000 - 0x00007ffcd9221000 	C:\WINDOWS\SYSTEM32\combase.dll
0x00007ffcd0700000 - 0x00007ffcd07ab000 	C:\Program Files\Common Files\microsoft shared\ink\tiptsf.dll
0x00007ffcd8100000 - 0x00007ffcd81c6000 	C:\WINDOWS\system32\OLEAUT32.dll
0x00000000727d0000 - 0x0000000073059000 	C:\Xilinx\SDK\2016.2\tps\win64\jre\bin\server\jvm.dll
0x00007ffccf220000 - 0x00007ffccf229000 	C:\WINDOWS\SYSTEM32\WSOCK32.dll
0x00007ffcd23d0000 - 0x00007ffcd23f2000 	C:\WINDOWS\SYSTEM32\WINMM.dll
0x00007ffcd8310000 - 0x00007ffcd8317000 	C:\WINDOWS\system32\PSAPI.DLL
0x0000000073380000 - 0x0000000073452000 	C:\WINDOWS\SYSTEM32\MSVCR100.dll
0x00007ffcd8730000 - 0x00007ffcd878a000 	C:\WINDOWS\system32\WS2_32.dll
0x00007ffcd15a0000 - 0x00007ffcd15ca000 	C:\WINDOWS\SYSTEM32\WINMMBASE.dll
0x00007ffcd8bc0000 - 0x00007ffcd8bc9000 	C:\WINDOWS\system32\NSI.dll
0x00007ffcd67d0000 - 0x00007ffcd681f000 	C:\WINDOWS\SYSTEM32\cfgmgr32.dll
0x00007ffcd5190000 - 0x00007ffcd51b8000 	C:\WINDOWS\SYSTEM32\DEVOBJ.dll
0x0000000072690000 - 0x000000007269f000 	C:\Xilinx\SDK\2016.2\tps\win64\jre\bin\verify.dll
0x0000000072660000 - 0x0000000072689000 	C:\Xilinx\SDK\2016.2\tps\win64\jre\bin\java.dll
0x0000000072640000 - 0x0000000072656000 	C:\Xilinx\SDK\2016.2\tps\win64\jre\bin\zip.dll
0x00007ffcd6bd0000 - 0x00007ffcd80f8000 	C:\WINDOWS\system32\SHELL32.dll
0x00007ffcd8fb0000 - 0x00007ffcd9004000 	C:\WINDOWS\system32\SHLWAPI.dll
0x00007ffcd4640000 - 0x00007ffcd46f2000 	C:\WINDOWS\SYSTEM32\SHCORE.dll
0x00007ffcd6350000 - 0x00007ffcd6365000 	C:\WINDOWS\SYSTEM32\profapi.dll
0x00007ffcd5cc0000 - 0x00007ffcd5ce0000 	C:\WINDOWS\SYSTEM32\CRYPTSP.dll
0x00007ffcd5890000 - 0x00007ffcd58c6000 	C:\WINDOWS\system32\rsaenh.dll
0x00007ffcd5f10000 - 0x00007ffcd5f36000 	C:\WINDOWS\SYSTEM32\bcrypt.dll
0x00007ffcd59a0000 - 0x00007ffcd59c1000 	C:\WINDOWS\SYSTEM32\USERENV.dll
0x00007ffcd6220000 - 0x00007ffcd6283000 	C:\WINDOWS\system32\bcryptprimitives.dll
0x00007ffcd6290000 - 0x00007ffcd629b000 	C:\WINDOWS\SYSTEM32\CRYPTBASE.dll
0x0000000072620000 - 0x000000007263a000 	C:\Xilinx\SDK\2016.2\tps\win64\jre\bin\net.dll
0x00007ffcd5c60000 - 0x00007ffcd5cb9000 	C:\WINDOWS\system32\mswsock.dll
0x00007ffcd13b0000 - 0x00007ffcd13da000 	C:\WINDOWS\SYSTEM32\IPHLPAPI.DLL
0x00007ffcd1380000 - 0x00007ffcd138a000 	C:\WINDOWS\SYSTEM32\WINNSI.DLL
0x00007ffcd0e30000 - 0x00007ffcd0e46000 	C:\WINDOWS\SYSTEM32\dhcpcsvc6.DLL
0x00007ffcd1040000 - 0x00007ffcd105a000 	C:\WINDOWS\SYSTEM32\dhcpcsvc.DLL
0x0000000072600000 - 0x0000000072611000 	C:\Xilinx\SDK\2016.2\tps\win64\jre\bin\nio.dll
0x00007ffcd8a20000 - 0x00007ffcd8bb4000 	C:\WINDOWS\system32\ole32.dll
0x00007ffcd51e0000 - 0x00007ffcd51eb000 	C:\WINDOWS\SYSTEM32\kernel.appcore.dll
0x00007ffcd2110000 - 0x00007ffcd217a000 	C:\WINDOWS\SYSTEM32\oleacc.dll
0x00007ffccaf10000 - 0x00007ffccaf25000 	C:\WINDOWS\system32\napinsp.dll
0x00007ffccaef0000 - 0x00007ffccaf0a000 	C:\WINDOWS\system32\pnrpnsp.dll
0x00007ffcd4ab0000 - 0x00007ffcd4acb000 	C:\WINDOWS\system32\NLAapi.dll
0x00007ffcd5a60000 - 0x00007ffcd5b04000 	C:\WINDOWS\SYSTEM32\DNSAPI.dll
0x00007ffccaee0000 - 0x00007ffccaeed000 	C:\WINDOWS\System32\winrnr.dll
0x00007ffccaec0000 - 0x00007ffccaed4000 	C:\WINDOWS\system32\wshbth.dll
0x00007ffccad00000 - 0x00007ffccad0a000 	C:\Windows\System32\rasadhlp.dll
0x00007ffcd0f10000 - 0x00007ffcd0f7b000 	C:\WINDOWS\System32\fwpuclnt.dll
0x00007ffcd6ad0000 - 0x00007ffcd6b86000 	C:\WINDOWS\SYSTEM32\clbcatq.dll
0x0000000018130000 - 0x00000000181d8000 	C:\Users\yy\.Xilinx\SDK\2016.2\org.eclipse.osgi\312\0\.cp\swt-win32-4527.dll
0x00007ffcd68c0000 - 0x00007ffcd6976000 	C:\WINDOWS\system32\comdlg32.dll
0x00007ffcbe9d0000 - 0x00007ffcbea52000 	C:\WINDOWS\SYSTEM32\WINSPOOL.DRV
0x00007ffcd1cc0000 - 0x00007ffcd1cd6000 	C:\WINDOWS\SYSTEM32\USP10.dll
0x00007ffcceea0000 - 0x00007ffccf1c1000 	C:\WINDOWS\SYSTEM32\WININET.dll
0x00007ffcd6420000 - 0x00007ffcd65ff000 	C:\WINDOWS\system32\CRYPT32.dll
0x00007ffccf380000 - 0x00007ffccf649000 	C:\WINDOWS\SYSTEM32\iertutil.dll
0x00007ffcd6400000 - 0x00007ffcd6411000 	C:\WINDOWS\system32\MSASN1.dll
0x00007ffcd49b0000 - 0x00007ffcd49d1000 	C:\WINDOWS\system32\dwmapi.dll
0x00007ffcd1ac0000 - 0x00007ffcd1c3f000 	C:\WINDOWS\SYSTEM32\propsys.dll
0x0000000018210000 - 0x000000001822e000 	C:\Users\yy\.Xilinx\SDK\2016.2\org.eclipse.osgi\312\0\.cp\swt-gdip-win32-4527.dll
0x00007ffccfc20000 - 0x00007ffccfdd1000 	C:\WINDOWS\WinSxS\amd64_microsoft.windows.gdiplus_6595b64144ccf1df_1.1.9600.18592_none_933383bf47487fd6\gdiplus.dll
0x00007ffccfa70000 - 0x00007ffccfc1e000 	C:\WINDOWS\SYSTEM32\WindowsCodecs.dll
0x0000000180000000 - 0x0000000180012000 	C:\Users\yy\.Xilinx\SDK\2016.2\org.eclipse.osgi\126\0\.cp\os\win32\x86_64\localfile_1_0_0.dll
0x00007ffcd3a00000 - 0x00007ffcd3a07000 	C:\WINDOWS\SYSTEM32\msimg32.dll
0x00007ffcd21e0000 - 0x00007ffcd23cb000 	C:\WINDOWS\SYSTEM32\DWrite.dll
0x00007ffcd3a40000 - 0x00007ffcd3a51000 	C:\Users\yy\.Xilinx\SDK\2016.2\org.eclipse.osgi\129\0\.cp\jWinHttp-1.0.0.dll
0x00007ffccb6c0000 - 0x00007ffccb787000 	C:\WINDOWS\SYSTEM32\WINHTTP.dll
0x00007ffcd3a20000 - 0x00007ffcd3a2f000 	C:\Xilinx\SDK\2016.2\lib\win64.o\librdi_repo_manager.dll
0x00007ffcd0890000 - 0x00007ffcd08ba000 	C:\Xilinx\SDK\2016.2\lib\win64.o\libisl_sysinfo.dll
0x00007ffc8a3b0000 - 0x00007ffc8adf0000 	C:\Xilinx\SDK\2016.2\lib\win64.o\librdi_common.dll
0x00007ffccf940000 - 0x00007ffccf994000 	C:\Xilinx\SDK\2016.2\lib\win64.o\librdi_commonxillic.dll
0x00007ffc8af90000 - 0x00007ffc8b182000 	C:\Xilinx\SDK\2016.2\lib\win64.o\librdi_hsm.dll
0x00007ffccf250000 - 0x00007ffccf2f7000 	C:\WINDOWS\SYSTEM32\MSVCP110.dll
0x00007ffcc76e0000 - 0x00007ffcc77b4000 	C:\WINDOWS\SYSTEM32\MSVCR110.dll
0x00007ffc8a040000 - 0x00007ffc8a3ae000 	C:\Xilinx\SDK\2016.2\lib\win64.o\libCOIN-all.dll
0x00007ffc89e20000 - 0x00007ffc8a03f000 	C:\Xilinx\SDK\2016.2\lib\win64.o\libXil_lmgr11.dll
0x00007ffcd3a10000 - 0x00007ffcd3a20000 	C:\Xilinx\SDK\2016.2\lib\win64.o\libboost_date_time.dll
0x00007ffccf910000 - 0x00007ffccf934000 	C:\Xilinx\SDK\2016.2\lib\win64.o\libboost_filesystem.dll
0x00007ffcb3660000 - 0x00007ffcb36d7000 	C:\Xilinx\SDK\2016.2\lib\win64.o\libboost_program_options.dll
0x00007ffc8ae80000 - 0x00007ffc8af86000 	C:\Xilinx\SDK\2016.2\lib\win64.o\libboost_regex.dll
0x00007ffcd1ce0000 - 0x00007ffcd1cf3000 	C:\Xilinx\SDK\2016.2\lib\win64.o\libboost_signals.dll
0x00007ffcd1c40000 - 0x00007ffcd1c49000 	C:\Xilinx\SDK\2016.2\lib\win64.o\libboost_system.dll
0x00007ffcd05e0000 - 0x00007ffcd05fd000 	C:\Xilinx\SDK\2016.2\lib\win64.o\libboost_thread.dll
0x00007ffccf360000 - 0x00007ffccf36b000 	C:\Xilinx\SDK\2016.2\lib\win64.o\libboost_xilinx.dll
0x00007ffc89da0000 - 0x00007ffc89e20000 	C:\Xilinx\SDK\2016.2\lib\win64.o\libhdlpsolve.dll
0x00007ffc89d00000 - 0x00007ffc89d9a000 	C:\Xilinx\SDK\2016.2\lib\win64.o\libhdxml.dll
0x00007ffc881a0000 - 0x00007ffc88605e00 	C:\Xilinx\SDK\2016.2\lib\win64.o\libisl_iostreams.dll
0x00007ffcc0fa0000 - 0x00007ffcc0fb5000 	C:\Xilinx\SDK\2016.2\lib\win64.o\pthreadVC2.dll
0x00007ffc89bd0000 - 0x00007ffc89d00000 	C:\Xilinx\SDK\2016.2\lib\win64.o\librdi_curl.dll
0x00007ffcc0e70000 - 0x00007ffcc0e88000 	C:\Xilinx\SDK\2016.2\lib\win64.o\librdiconfig.dll
0x00007ffcbb0f0000 - 0x00007ffcbb113000 	C:\Xilinx\SDK\2016.2\lib\win64.o\librdizlib.dll
0x00000000726a0000 - 0x00000000727c7000 	C:\Xilinx\SDK\2016.2\lib\win64.o\tcl85t.dll
0x0000000024be0000 - 0x0000000024e43000 	C:\Xilinx\SDK\2016.2\lib\win64.o\xerces-c_3_1.dll
0x00007ffccf6f0000 - 0x00007ffccf875000 	C:\WINDOWS\SYSTEM32\urlmon.dll
0x00007ffcc2500000 - 0x00007ffcc2523000 	C:\WINDOWS\SYSTEM32\VCOMP110.DLL
0x00007ffcad700000 - 0x00007ffcad743000 	C:\Xilinx\SDK\2016.2\lib\win64.o\librdi_hdf.dll
0x00007ffc89940000 - 0x00007ffc89bc1000 	C:\Xilinx\SDK\2016.2\lib\win64.o\librdi_ippcw.dll
0x00007ffcd4c30000 - 0x00007ffcd4c46000 	C:\WINDOWS\SYSTEM32\NETAPI32.dll
0x00007ffcd6820000 - 0x00007ffcd6871000 	C:\WINDOWS\system32\WINTRUST.dll
0x00007ffccf350000 - 0x00007ffccf35b000 	C:\Xilinx\SDK\2016.2\lib\win64.o\libboost_chrono.dll
0x00007ffcbe830000 - 0x00007ffcbe846000 	C:\Xilinx\SDK\2016.2\lib\win64.o\libboost_iostreams.dll
0x00007ffcb8170000 - 0x00007ffcb8193000 	C:\Xilinx\SDK\2016.2\lib\win64.o\libisl_iosutils.dll
0x00007ffcd5640000 - 0x00007ffcd564c000 	C:\WINDOWS\SYSTEM32\netutils.dll
0x00007ffcd6030000 - 0x00007ffcd6056000 	C:\WINDOWS\SYSTEM32\srvcli.dll
0x00007ffcd4a10000 - 0x00007ffcd4a27000 	C:\WINDOWS\SYSTEM32\wkscli.dll
0x00007ffcbc4a0000 - 0x00007ffcbc4b6000 	C:\Xilinx\SDK\2016.2\eclipse\win64.o\plugins\org.eclipse.cdt.core.win32.x86_64_5.4.0.201509131935\os\win32\x86_64\spawner.dll
0x0000000071080000 - 0x00000000710a6000 	C:\Xilinx\SDK\2016.2\eclipse\win64.o\plugins\gnu.io.rxtx.win32.x86_64_2.1.7.3_v20071015\os\win32\x86_64\rxtxSerial.dll
0x00007ffcc5530000 - 0x00007ffcc553a000 	C:\Xilinx\SDK\2016.2\lib\win64.o\librdi_jtag_settings.dll
0x00007ffc89840000 - 0x00007ffc89869000 	C:\Xilinx\SDK\2016.2\lib\win64.o\librdi_debug_dialog.dll
0x00007ffcc30e0000 - 0x00007ffcc30e8000 	C:\Xilinx\SDK\2016.2\lib\win64.o\librdi_target_manager.dll
0x00007ffcd4cc0000 - 0x00007ffcd4d4e000 	C:\WINDOWS\system32\apphelp.dll
0x00007ffc88d60000 - 0x00007ffc89570000 	C:\Xilinx\SDK\2016.2\lib\win64.o\libXil_lmgr11FNP.dll
0x00007ffcd2010000 - 0x00007ffcd201c000 	C:\WINDOWS\SYSTEM32\snmpapi.dll
0x00007ffcd8dd0000 - 0x00007ffcd8faa000 	C:\WINDOWS\system32\SETUPAPI.dll
0x00007ffcd1ca0000 - 0x00007ffcd1ca3000 	C:\WINDOWS\SYSTEM32\icmp.Dll

VM Arguments:
jvm_args: -Dcom.xilinx.sdk.args.hwspec=E:/to_be_sped_up/v2/temp532/project_1/project_1.sdk/design_1_wrapper.hdf -Xms64m -Xmx512m & 
java_command: <unknown>
java_class_path (initial): C:\Xilinx\SDK\2016.2\eclipse\win64.o\\plugins/org.eclipse.equinox.launcher_1.3.100.v20150511-1540.jar
Launcher Type: generic

Environment Variables:
JAVA_HOME=C:\Program Files\Java\jdk1.8.0_112
USERNAME=yy
OS=Windows_NT
PROCESSOR_IDENTIFIER=Intel64 Family 6 Model 58 Stepping 9, GenuineIntel



---------------  S Y S T E M  ---------------

OS: Windows 8.1 , 64 bit Build 9600 (6.3.9600.17415)

CPU:total 4 (2 cores per cpu, 2 threads per core) family 6 model 58 stepping 9, cmov, cx8, fxsr, mmx, sse, sse2, sse3, ssse3, sse4.1, sse4.2, popcnt, avx, aes, clmul, erms, ht, tsc, tscinvbit, tscinv

Memory: 4k page, physical 8264984k(3207852k free), swap 16653592k(9569708k free)

vm_info: Java HotSpot(TM) 64-Bit Server VM (25.66-b18) for windows-amd64 JRE (1.8.0_66-b18), built on Nov  9 2015 10:51:13 by "java_re" with MS VC++ 10.0 (VS2010)

time: Thu Mar 30 21:51:45 2017
elapsed time: 624 seconds (0d 0h 10m 24s)

