#
# A fatal error has been detected by the Java Runtime Environment:
#
#  EXCEPTION_UNCAUGHT_CXX_EXCEPTION (0xe06d7363) at pc=0x000007fefd66a06d, pid=804, tid=2768
#
# JRE version: Java(TM) SE Runtime Environment (8.0_66-b18) (build 1.8.0_66-b18)
# Java VM: Java HotSpot(TM) 64-Bit Server VM (25.66-b18 mixed mode windows-amd64 compressed oops)
# Problematic frame:
# C  [KERNELBASE.dll+0x1a06d]
#
# Failed to write core dump. Minidumps are not enabled by default on client versions of Windows
#
# If you would like to submit a bug report, please visit:
#   http://bugreport.java.com/bugreport/crash.jsp
#

---------------  T H R E A D  ---------------

Current thread (0x0000000014fe2800):  VMThread [stack: 0x0000000015f30000,0x0000000016030000] [id=2768]

siginfo: ExceptionCode=0xe06d7363, ExceptionInformation=0x0000000019930520 0x000000001602f4c8 0x000007feebff2cb8 0x000007feebf40000 

Registers:
RAX=0x0000000063b66fe1, RBX=0x000007feebff2cb8, RCX=0x000000001602ed10, RDX=0x00000000000000d0
RSP=0x000000001602f320, RBP=0x000000001602f450, RSI=0x00000000ffffffff, RDI=0x00000000175f8d40
R8 =0x0000000000000000, R9 =0x0000000000000000, R10=0x000007feebf40000, R11=0x000000001602f360
R12=0x0000000000000001, R13=0x0000000000000008, R14=0x0000000000000000, R15=0xffffffffffffffff
RIP=0x000007fefd66a06d, EFLAGS=0x0000000000000206

Top of Stack: (sp=0x000000001602f320)
0x000000001602f320:   000007feebff2cb8 00000000ffffffff
0x000000001602f330:   00000000175f8d40 0000000000358d20
0x000000001602f340:   00000001e06d7363 0000000000000000
0x000000001602f350:   000007fefd66a06d 000007fe00000004
0x000000001602f360:   0000000019930520 000000001602f4c8
0x000000001602f370:   000007feebff2cb8 000007feebf40000
0x000000001602f380:   0000000000000000 000000001602f408
0x000000001602f390:   0000000000000028 00000000175f8d30
0x000000001602f3a0:   00000000175c56d0 0000000000000000
0x000000001602f3b0:   000007fffffa8000 00000000776ef2d3
0x000000001602f3c0:   0000000000000000 0000000000000008
0x000000001602f3d0:   0000000000000001 00000000175f8d40
0x000000001602f3e0:   00000000ffffffff 000007feebf9e92c
0x000000001602f3f0:   000007feebff2cb8 000000001602f460
0x000000001602f400:   0000000000000001 000007feebf400f8
0x000000001602f410:   00000001e06d7363 0000000000000000 

Instructions: (pc=0x000007fefd66a06d)
0x000007fefd66a04d:   54 24 24 48 89 4c 24 28 4d 85 c9 0f 85 6a 03 00
0x000007fefd66a05d:   00 89 4c 24 38 48 8d 4c 24 20 ff 15 33 02 03 00
0x000007fefd66a06d:   48 81 c4 c8 00 00 00 c3 90 90 90 90 90 90 90 90
0x000007fefd66a07d:   90 90 90 48 83 ec 28 65 48 8b 04 25 30 00 00 00 


Register to memory mapping:

RAX=0x0000000063b66fe1 is an unknown value
RBX=0x000007feebff2cb8 is an unknown value
RCX=0x000000001602ed10 is an unknown value
RDX=0x00000000000000d0 is an unknown value
RSP=0x000000001602f320 is an unknown value
RBP=0x000000001602f450 is an unknown value
RSI=0x00000000ffffffff is an unallocated location in the heap
RDI=0x00000000175f8d40 is an unknown value
R8 =0x0000000000000000 is an unknown value
R9 =0x0000000000000000 is an unknown value
R10=0x000007feebf40000 is an unknown value
R11=0x000000001602f360 is an unknown value
R12=0x0000000000000001 is an unknown value
R13=0x0000000000000008 is an unknown value
R14=0x0000000000000000 is an unknown value
R15=0xffffffffffffffff is an unknown value


Stack: [0x0000000015f30000,0x0000000016030000],  sp=0x000000001602f320,  free space=1020k
Native frames: (J=compiled Java code, j=interpreted, Vv=VM code, C=native code)
C  [KERNELBASE.dll+0x1a06d]
C  [MSVCR110.dll+0x5e92c]
C  [MSVCR110.dll+0x1315c]
C  [MSVCR110.dll+0x136a9]
C  [MSVCR110.dll+0x13e9c]
C  [MSVCR110.dll+0x239e]
C  [MSVCR110.dll+0xaf9e]
C  [MSVCP110.dll+0x397b9]
C  [librdi_common.dll+0x182316]
C  [librdi_common.dll+0x180fab]
C  [librdi_target_manager.dll+0x2400]
C  [librdi_target_manager.dll+0x2682]
C  [ntdll.dll+0x229b1]
C  [ntdll.dll+0x227c0]
C  [MSVCR100.dll+0x20ccd]
V  [jvm.dll+0x210cc5]
V  [jvm.dll+0x249897]
V  [jvm.dll+0x248b36]
V  [jvm.dll+0x248fd1]
V  [jvm.dll+0x2491ee]
V  [jvm.dll+0x29a0fa]
C  [MSVCR100.dll+0x21d9f]
C  [MSVCR100.dll+0x21e3b]
C  [kernel32.dll+0x159bd]
C  [ntdll.dll+0x2a2e1]

VM_Operation (0x000000000012f4c0): Exit, mode: safepoint, requested by thread 0x0000000002618000


---------------  P R O C E S S  ---------------

Java Threads: ( => current thread )
  0x0000000018681800 JavaThread "pool-2-thread-7" [_thread_blocked, id=4848, stack(0x000000002b230000,0x000000002b330000)]
  0x0000000017ef7000 JavaThread "Thread-70" [_thread_in_native, id=3168, stack(0x0000000029080000,0x0000000029180000)]
  0x000000001867f000 JavaThread "pool-2-thread-6" [_thread_blocked, id=4280, stack(0x000000002b5b0000,0x000000002b6b0000)]
  0x0000000016df7800 JavaThread "pool-2-thread-5" [_thread_blocked, id=2816, stack(0x000000002af30000,0x000000002b030000)]
  0x000000001c983000 JavaThread "pool-2-thread-4" [_thread_blocked, id=5072, stack(0x000000002ae30000,0x000000002af30000)]
  0x0000000016df3800 JavaThread "pool-2-thread-3" [_thread_blocked, id=1468, stack(0x000000002ad30000,0x000000002ae30000)]
  0x0000000016df6000 JavaThread "pool-2-thread-2" [_thread_blocked, id=3900, stack(0x000000002a830000,0x000000002a930000)]
  0x000000001c985000 JavaThread "EventThread COM5" [_thread_in_native, id=4648, stack(0x0000000029480000,0x0000000029580000)]
  0x000000001c983800 JavaThread "pool-2-thread-1" [_thread_blocked, id=1844, stack(0x0000000029380000,0x0000000029480000)]
  0x000000001c981800 JavaThread "Thread-24" daemon [_thread_blocked, id=884, stack(0x0000000028e80000,0x0000000028f80000)]
  0x000000001c19d800 JavaThread "TCF Channel Transmitter" daemon [_thread_blocked, id=2280, stack(0x0000000026dc0000,0x0000000026ec0000)]
  0x000000001c19d000 JavaThread "TCF Channel Receiver" daemon [_thread_blocked, id=4196, stack(0x0000000026cc0000,0x0000000026dc0000)]
  0x000000001c19b800 JavaThread "Process monitor" daemon [_thread_in_native, id=4472, stack(0x0000000027a10000,0x0000000027b10000)]
  0x000000001c19a800 JavaThread "Input Stream Monitor" daemon [_thread_blocked, id=3440, stack(0x0000000027910000,0x0000000027a10000)]
  0x000000001c19a000 JavaThread "Output Stream Monitor" daemon [_thread_in_native, id=3268, stack(0x0000000027810000,0x0000000027910000)]
  0x0000000017efe000 JavaThread "Output Stream Monitor" daemon [_thread_in_native, id=1212, stack(0x0000000027710000,0x0000000027810000)]
  0x0000000017ef5800 JavaThread "TCF Locator DNS Lookup" daemon [_thread_blocked, id=3984, stack(0x0000000025180000,0x0000000025280000)]
  0x0000000017ef4800 JavaThread "TCF Locator Timer" daemon [_thread_blocked, id=1772, stack(0x0000000025080000,0x0000000025180000)]
  0x0000000017ef4000 JavaThread "TCF Locator Receiver" daemon [_thread_blocked, id=3040, stack(0x0000000024f80000,0x0000000025080000)]
  0x0000000017ef2800 JavaThread "TCF Timer Dispatcher" daemon [_thread_blocked, id=3516, stack(0x0000000022080000,0x0000000022180000)]
  0x0000000017a31000 JavaThread "EMF Reference Cleaner" daemon [_thread_blocked, id=2972, stack(0x0000000019670000,0x0000000019770000)]
  0x00000000150d4000 JavaThread "Service Thread" daemon [_thread_blocked, id=2224, stack(0x0000000016830000,0x0000000016930000)]
  0x000000001506b000 JavaThread "C1 CompilerThread3" daemon [_thread_blocked, id=3124, stack(0x0000000016730000,0x0000000016830000)]
  0x0000000013e7f000 JavaThread "C2 CompilerThread2" daemon [_thread_blocked, id=184, stack(0x0000000016630000,0x0000000016730000)]
  0x0000000013e7e000 JavaThread "C2 CompilerThread1" daemon [_thread_blocked, id=4160, stack(0x0000000016530000,0x0000000016630000)]
  0x0000000015036000 JavaThread "C2 CompilerThread0" daemon [_thread_blocked, id=1848, stack(0x0000000016430000,0x0000000016530000)]
  0x0000000015040000 JavaThread "Attach Listener" daemon [_thread_blocked, id=3292, stack(0x0000000016330000,0x0000000016430000)]
  0x000000001503f000 JavaThread "Signal Dispatcher" daemon [_thread_blocked, id=5088, stack(0x0000000016230000,0x0000000016330000)]
  0x0000000013e6e000 JavaThread "Finalizer" daemon [_thread_blocked, id=3512, stack(0x0000000016130000,0x0000000016230000)]
  0x0000000013e67000 JavaThread "Reference Handler" daemon [_thread_blocked, id=4692, stack(0x0000000016030000,0x0000000016130000)]
  0x0000000002618000 JavaThread "main" [_thread_blocked, id=4124, stack(0x0000000000030000,0x0000000000130000)]

Other Threads:
=>0x0000000014fe2800 VMThread [stack: 0x0000000015f30000,0x0000000016030000] [id=2768]

VM state:at safepoint (shutting down)

VM Mutex/Monitor currently owned by a thread:  ([mutex/lock_event])
[0x000000000249e3b0] Threads_lock - owner thread: 0x0000000014fe2800

Heap:
 PSYoungGen      total 143360K, used 54281K [0x00000000f5580000, 0x00000000ffc80000, 0x0000000100000000)
  eden space 114688K, 43% used [0x00000000f5580000,0x00000000f85f8768,0x00000000fc580000)
  from space 28672K, 16% used [0x00000000fc580000,0x00000000fca09f08,0x00000000fe180000)
  to   space 27136K, 0% used [0x00000000fe200000,0x00000000fe200000,0x00000000ffc80000)
 ParOldGen       total 98816K, used 63313K [0x00000000e0000000, 0x00000000e6080000, 0x00000000f5580000)
  object space 98816K, 64% used [0x00000000e0000000,0x00000000e3dd4620,0x00000000e6080000)
 Metaspace       used 91715K, capacity 99294K, committed 99608K, reserved 1134592K
  class space    used 11059K, capacity 13497K, committed 13600K, reserved 1048576K

Card table byte_map: [0x0000000011a70000,0x0000000011b80000] byte_map_base: 0x0000000011370000

Marking Bits: (ParMarkBitMap*) 0x0000000070ffa5b0
 Begin Bits: [0x0000000012380000, 0x0000000012b80000)
 End Bits:   [0x0000000012b80000, 0x0000000013380000)

Polling page: 0x0000000000220000

CodeCache: size=245760Kb used=42065Kb max_used=42211Kb free=203694Kb
 bounds [0x00000000026b0000, 0x0000000005040000, 0x00000000116b0000]
 total_blobs=11998 nmethods=11085 adapters=820
 compilation: enabled

Compilation events (10 events):
Event: 410.905 Thread 0x000000001506b000 13910       3       java.lang.Thread::exit (51 bytes)
Event: 410.905 Thread 0x000000001506b000 nmethod 13910 0x0000000002d72250 code [0x0000000002d723c0, 0x0000000002d72668]
Event: 410.905 Thread 0x000000001506b000 13911       3       org.eclipse.osgi.container.Module::holdsTransitionEventLock (25 bytes)
Event: 410.905 Thread 0x000000001506b000 nmethod 13911 0x00000000042f6fd0 code [0x00000000042f7160, 0x00000000042f7888]
Event: 410.906 Thread 0x0000000013e7e000 13921       4       org.eclipse.osgi.container.ModuleDatabase::readUnlock (11 bytes)
Event: 410.906 Thread 0x0000000013e7f000 13922       4       org.eclipse.osgi.container.ModuleDatabase::readLock (11 bytes)
Event: 410.906 Thread 0x000000001506b000 13920   !   3       org.eclipse.osgi.storage.BundleInfo$Generation::clearManifestCache (30 bytes)
Event: 410.906 Thread 0x000000001506b000 nmethod 13920 0x000000000360fc10 code [0x000000000360fda0, 0x00000000036103e8]
Event: 410.907 Thread 0x000000001506b000 13912       3       org.eclipse.osgi.container.ModuleWiring::unload (6 bytes)
Event: 410.907 Thread 0x000000001506b000 nmethod 13912 0x00000000041f6110 code [0x00000000041f6280, 0x00000000041f6408]

GC Heap History (10 events):
Event: 281.601 GC heap before
{Heap before GC invocations=22 (full 6):
 PSYoungGen      total 138752K, used 24319K [0x00000000f5580000, 0x0000000100000000, 0x0000000100000000)
  eden space 108544K, 19% used [0x00000000f5580000,0x00000000f6a7e528,0x00000000fbf80000)
  from space 30208K, 9% used [0x00000000fbf80000,0x00000000fc2416f0,0x00000000fdd00000)
  to   space 30208K, 0% used [0x00000000fe280000,0x00000000fe280000,0x0000000100000000)
 ParOldGen       total 98816K, used 66367K [0x00000000e0000000, 0x00000000e6080000, 0x00000000f5580000)
  object space 98816K, 67% used [0x00000000e0000000,0x00000000e40cfc98,0x00000000e6080000)
 Metaspace       used 88176K, capacity 95654K, committed 95896K, reserved 1132544K
  class space    used 10780K, capacity 13123K, committed 13216K, reserved 1048576K
Event: 281.606 GC heap after
Heap after GC invocations=22 (full 6):
 PSYoungGen      total 144384K, used 2506K [0x00000000f5580000, 0x0000000100000000, 0x0000000100000000)
  eden space 114176K, 0% used [0x00000000f5580000,0x00000000f5580000,0x00000000fc500000)
  from space 30208K, 8% used [0x00000000fe280000,0x00000000fe4f29a0,0x0000000100000000)
  to   space 30208K, 0% used [0x00000000fc500000,0x00000000fc500000,0x00000000fe280000)
 ParOldGen       total 98816K, used 66375K [0x00000000e0000000, 0x00000000e6080000, 0x00000000f5580000)
  object space 98816K, 67% used [0x00000000e0000000,0x00000000e40d1c98,0x00000000e6080000)
 Metaspace       used 88176K, capacity 95654K, committed 95896K, reserved 1132544K
  class space    used 10780K, capacity 13123K, committed 13216K, reserved 1048576K
}
Event: 281.606 GC heap before
{Heap before GC invocations=23 (full 7):
 PSYoungGen      total 144384K, used 2506K [0x00000000f5580000, 0x0000000100000000, 0x0000000100000000)
  eden space 114176K, 0% used [0x00000000f5580000,0x00000000f5580000,0x00000000fc500000)
  from space 30208K, 8% used [0x00000000fe280000,0x00000000fe4f29a0,0x0000000100000000)
  to   space 30208K, 0% used [0x00000000fc500000,0x00000000fc500000,0x00000000fe280000)
 ParOldGen       total 98816K, used 66375K [0x00000000e0000000, 0x00000000e6080000, 0x00000000f5580000)
  object space 98816K, 67% used [0x00000000e0000000,0x00000000e40d1c98,0x00000000e6080000)
 Metaspace       used 88176K, capacity 95654K, committed 95896K, reserved 1132544K
  class space    used 10780K, capacity 13123K, committed 13216K, reserved 1048576K
Event: 281.848 GC heap after
Heap after GC invocations=23 (full 7):
 PSYoungGen      total 144384K, used 0K [0x00000000f5580000, 0x0000000100000000, 0x0000000100000000)
  eden space 114176K, 0% used [0x00000000f5580000,0x00000000f5580000,0x00000000fc500000)
  from space 30208K, 0% used [0x00000000fe280000,0x00000000fe280000,0x0000000100000000)
  to   space 30208K, 0% used [0x00000000fc500000,0x00000000fc500000,0x00000000fe280000)
 ParOldGen       total 98816K, used 63241K [0x00000000e0000000, 0x00000000e6080000, 0x00000000f5580000)
  object space 98816K, 63% used [0x00000000e0000000,0x00000000e3dc2610,0x00000000e6080000)
 Metaspace       used 88176K, capacity 95654K, committed 95896K, reserved 1132544K
  class space    used 10780K, capacity 13123K, committed 13216K, reserved 1048576K
}
Event: 344.792 GC heap before
{Heap before GC invocations=24 (full 7):
 PSYoungGen      total 144384K, used 114176K [0x00000000f5580000, 0x0000000100000000, 0x0000000100000000)
  eden space 114176K, 100% used [0x00000000f5580000,0x00000000fc500000,0x00000000fc500000)
  from space 30208K, 0% used [0x00000000fe280000,0x00000000fe280000,0x0000000100000000)
  to   space 30208K, 0% used [0x00000000fc500000,0x00000000fc500000,0x00000000fe280000)
 ParOldGen       total 98816K, used 63241K [0x00000000e0000000, 0x00000000e6080000, 0x00000000f5580000)
  object space 98816K, 63% used [0x00000000e0000000,0x00000000e3dc2610,0x00000000e6080000)
 Metaspace       used 90249K, capacity 98012K, committed 98328K, reserved 1134592K
  class space    used 10952K, capacity 13332K, committed 13344K, reserved 1048576K
Event: 344.797 GC heap after
Heap after GC invocations=24 (full 7):
 PSYoungGen      total 117760K, used 3489K [0x00000000f5580000, 0x00000000ffe00000, 0x0000000100000000)
  eden space 114176K, 0% used [0x00000000f5580000,0x00000000f5580000,0x00000000fc500000)
  from space 3584K, 97% used [0x00000000fc500000,0x00000000fc868608,0x00000000fc880000)
  to   space 29184K, 0% used [0x00000000fe180000,0x00000000fe180000,0x00000000ffe00000)
 ParOldGen       total 98816K, used 63313K [0x00000000e0000000, 0x00000000e6080000, 0x00000000f5580000)
  object space 98816K, 64% used [0x00000000e0000000,0x00000000e3dd4620,0x00000000e6080000)
 Metaspace       used 90249K, capacity 98012K, committed 98328K, reserved 1134592K
  class space    used 10952K, capacity 13332K, committed 13344K, reserved 1048576K
}
Event: 366.255 GC heap before
{Heap before GC invocations=25 (full 7):
 PSYoungGen      total 117760K, used 117665K [0x00000000f5580000, 0x00000000ffe00000, 0x0000000100000000)
  eden space 114176K, 100% used [0x00000000f5580000,0x00000000fc500000,0x00000000fc500000)
  from space 3584K, 97% used [0x00000000fc500000,0x00000000fc868608,0x00000000fc880000)
  to   space 29184K, 0% used [0x00000000fe180000,0x00000000fe180000,0x00000000ffe00000)
 ParOldGen       total 98816K, used 63313K [0x00000000e0000000, 0x00000000e6080000, 0x00000000f5580000)
  object space 98816K, 64% used [0x00000000e0000000,0x00000000e3dd4620,0x00000000e6080000)
 Metaspace       used 90566K, capacity 98088K, committed 98328K, reserved 1134592K
  class space    used 10957K, capacity 13334K, committed 13344K, reserved 1048576K
Event: 366.261 GC heap after
Heap after GC invocations=25 (full 7):
 PSYoungGen      total 143872K, used 3923K [0x00000000f5580000, 0x0000000100000000, 0x0000000100000000)
  eden space 114688K, 0% used [0x00000000f5580000,0x00000000f5580000,0x00000000fc580000)
  from space 29184K, 13% used [0x00000000fe180000,0x00000000fe554ea8,0x00000000ffe00000)
  to   space 28672K, 0% used [0x00000000fc580000,0x00000000fc580000,0x00000000fe180000)
 ParOldGen       total 98816K, used 63313K [0x00000000e0000000, 0x00000000e6080000, 0x00000000f5580000)
  object space 98816K, 64% used [0x00000000e0000000,0x00000000e3dd4620,0x00000000e6080000)
 Metaspace       used 90566K, capacity 98088K, committed 98328K, reserved 1134592K
  class space    used 10957K, capacity 13334K, committed 13344K, reserved 1048576K
}
Event: 397.815 GC heap before
{Heap before GC invocations=26 (full 7):
 PSYoungGen      total 143872K, used 118611K [0x00000000f5580000, 0x0000000100000000, 0x0000000100000000)
  eden space 114688K, 100% used [0x00000000f5580000,0x00000000fc580000,0x00000000fc580000)
  from space 29184K, 13% used [0x00000000fe180000,0x00000000fe554ea8,0x00000000ffe00000)
  to   space 28672K, 0% used [0x00000000fc580000,0x00000000fc580000,0x00000000fe180000)
 ParOldGen       total 98816K, used 63313K [0x00000000e0000000, 0x00000000e6080000, 0x00000000f5580000)
  object space 98816K, 64% used [0x00000000e0000000,0x00000000e3dd4620,0x00000000e6080000)
 Metaspace       used 90808K, capacity 98472K, committed 98840K, reserved 1134592K
  class space    used 10957K, capacity 13334K, committed 13344K, reserved 1048576K
Event: 397.822 GC heap after
Heap after GC invocations=26 (full 7):
 PSYoungGen      total 143360K, used 4647K [0x00000000f5580000, 0x00000000ffc80000, 0x0000000100000000)
  eden space 114688K, 0% used [0x00000000f5580000,0x00000000f5580000,0x00000000fc580000)
  from space 28672K, 16% used [0x00000000fc580000,0x00000000fca09f08,0x00000000fe180000)
  to   space 27136K, 0% used [0x00000000fe200000,0x00000000fe200000,0x00000000ffc80000)
 ParOldGen       total 98816K, used 63313K [0x00000000e0000000, 0x00000000e6080000, 0x00000000f5580000)
  object space 98816K, 64% used [0x00000000e0000000,0x00000000e3dd4620,0x00000000e6080000)
 Metaspace       used 90808K, capacity 98472K, committed 98840K, reserved 1134592K
  class space    used 10957K, capacity 13334K, committed 13344K, reserved 1048576K
}

Deoptimization events (10 events):
Event: 410.139 Thread 0x0000000002618000 Uncommon trap: reason=unstable_if action=reinterpret pc=0x000000000481043c method=java.util.Arrays.equals([Ljava/lang/Object;[Ljava/lang/Object;)Z @ 65
Event: 410.139 Thread 0x0000000002618000 Uncommon trap: reason=unstable_if action=reinterpret pc=0x00000000036c85dc method=org.eclipse.emf.ecore.impl.MinimalEObjectImpl.setField(ILjava/lang/Object;)V @ 9
Event: 410.145 Thread 0x0000000017eef800 Uncommon trap: reason=unstable_if action=reinterpret pc=0x0000000003d670c8 method=org.eclipse.e4.ui.internal.workbench.swt.E4Application$1.syncExec(Ljava/lang/Runnable;)V @ 14
Event: 410.161 Thread 0x0000000016df5000 Uncommon trap: reason=unstable_if action=reinterpret pc=0x0000000004770f78 method=org.eclipse.equinox.internal.event.EventHandlerTracker.getHandlers(Ljava/lang/String;)Ljava/util/Set; @ 28
Event: 410.274 Thread 0x000000001c980800 Uncommon trap: reason=unstable_if action=reinterpret pc=0x0000000002830564 method=sun.nio.cs.SingleByte$Encoder.encode(C)I @ 13
Event: 410.303 Thread 0x0000000016df5000 Uncommon trap: reason=unstable_if action=reinterpret pc=0x000000000462aee4 method=org.eclipse.swt.graphics.Resource.dispose()V @ 15
Event: 410.325 Thread 0x0000000016f17000 Uncommon trap: reason=predicate action=maybe_recompile pc=0x0000000002dc4bdc method=java.util.Arrays.fill([Ljava/lang/Object;Ljava/lang/Object;)V @ 10
Event: 410.851 Thread 0x0000000016df5000 Uncommon trap: reason=unstable_if action=reinterpret pc=0x00000000036d8144 method=org.eclipse.osgi.internal.hooks.EclipseLazyStarter.shouldActivateFor(Ljava/lang/String;Lorg/eclipse/osgi/container/Module;Lorg/eclipse/osgi/container/ModuleRevision;Lorg/ecliç`æ‡ƒ≠y@
Event: 410.861 Thread 0x0000000016df5000 Uncommon trap: reason=null_check action=maybe_recompile pc=0x0000000003eda910 method=com.xilinx.sdk.targetmanager.internal.json.XMDJSONProcess.issueCommand(Ljava/lang/String;)Lcom/xilinx/sdk/targetmanager/internal/IXMDResult; @ 3
Event: 410.898 Thread 0x0000000016df5000 Uncommon trap: reason=unstable_if action=reinterpret pc=0x0000000003a4399c method=sun.reflect.UnsafeStaticObjectFieldAccessorImpl.set(Ljava/lang/Object;Ljava/lang/Object;)V @ 13

Internal exceptions (10 events):
Event: 397.800 Thread 0x0000000018680800 Exception <a 'java/io/FileNotFoundException'> (0x00000000fc5240f0) thrown at [C:\re\workspace\8-2-build-windows-amd64-cygwin\jdk8u66\5298\hotspot\src\share\vm\prims\jni.cpp, line 709]
Event: 409.609 Thread 0x0000000002618000 Implicit null exception at 0x00000000034f63b0 to 0x00000000034f6409
Event: 410.273 Thread 0x000000001c97f000 Exception <a 'java/lang/InterruptedException'> (0x00000000f7f7e608) thrown at [C:\re\workspace\8-2-build-windows-amd64-cygwin\jdk8u66\5298\hotspot\src\share\vm\runtime\objectMonitor.cpp, line 1683]
Event: 410.861 Thread 0x0000000016df5000 Implicit null exception at 0x0000000003ed76c7 to 0x0000000003eda901
Event: 410.861 Thread 0x0000000016df5000 Exception <a 'java/lang/NullPointerException'> (0x00000000f820bfe8) thrown at [C:\re\workspace\8-2-build-windows-amd64-cygwin\jdk8u66\5298\hotspot\src\share\vm\prims\jvm.cpp, line 1390]
Event: 410.883 Thread 0x0000000017eef800 Exception <a 'java/lang/InterruptedException'> (0x00000000f7b62130) thrown at [C:\re\workspace\8-2-build-windows-amd64-cygwin\jdk8u66\5298\hotspot\src\share\vm\runtime\objectMonitor.cpp, line 1683]
Event: 410.898 Thread 0x0000000016df5000 Implicit null exception at 0x0000000003a43593 to 0x0000000003a43989
Event: 410.898 Thread 0x0000000016f17000 Exception <a 'java/lang/InterruptedException'> (0x00000000f82e8c68) thrown at [C:\re\workspace\8-2-build-windows-amd64-cygwin\jdk8u66\5298\hotspot\src\share\vm\runtime\objectMonitor.cpp, line 1683]
Event: 410.904 Thread 0x0000000017ef0000 Exception <a 'java/lang/InterruptedException'> (0x00000000f777fa00) thrown at [C:\re\workspace\8-2-build-windows-amd64-cygwin\jdk8u66\5298\hotspot\src\share\vm\runtime\objectMonitor.cpp, line 1683]
Event: 410.904 Thread 0x0000000017179800 Exception <a 'java/lang/InterruptedException'> (0x00000000f8542800) thrown at [C:\re\workspace\8-2-build-windows-amd64-cygwin\jdk8u66\5298\hotspot\src\share\vm\runtime\objectMonitor.cpp, line 1683]

Events (10 events):
Event: 410.905 Executing VM operation: RevokeBias
Event: 410.905 Executing VM operation: RevokeBias done
Event: 410.906 Thread 0x0000000016df5000 Thread exited: 0x0000000016df5000
Event: 410.906 loading class java/util/IdentityHashMap$KeyIterator
Event: 410.906 loading class java/util/IdentityHashMap$IdentityHashMapIterator
Event: 410.906 loading class java/util/IdentityHashMap$IdentityHashMapIterator done
Event: 410.906 loading class java/util/IdentityHashMap$KeyIterator done
Event: 410.906 Thread 0x0000000016df5000 Thread added: 0x0000000016df5000
Event: 410.907 Thread 0x0000000016df5000 Thread exited: 0x0000000016df5000
Event: 410.907 Executing VM operation: Exit


Dynamic libraries:
0x0000000000400000 - 0x000000000044f000 	C:\Xilinx\SDK\2016.2\eclipse\win64.o\eclipse.exe
0x00000000776a0000 - 0x000000007784a000 	C:\Windows\SYSTEM32\ntdll.dll
0x0000000077580000 - 0x000000007769f000 	C:\Windows\system32\kernel32.dll
0x000007fefd650000 - 0x000007fefd6ba000 	C:\Windows\system32\KERNELBASE.dll
0x0000000077480000 - 0x000000007757a000 	C:\Windows\system32\USER32.dll
0x000007fefe510000 - 0x000007fefe577000 	C:\Windows\system32\GDI32.dll
0x000007fefe400000 - 0x000007fefe40e000 	C:\Windows\system32\LPK.dll
0x000007fefeb50000 - 0x000007fefec1a000 	C:\Windows\system32\USP10.dll
0x000007fefd7a0000 - 0x000007fefd83f000 	C:\Windows\system32\msvcrt.dll
0x000007fefbcf0000 - 0x000007fefbee4000 	C:\Windows\WinSxS\amd64_microsoft.windows.common-controls_6595b64144ccf1df_6.0.7601.18837_none_fa3b1e3d17594757\COMCTL32.dll
0x000007fefe1f0000 - 0x000007fefe261000 	C:\Windows\system32\SHLWAPI.dll
0x000007fefdde0000 - 0x000007fefde0e000 	C:\Windows\system32\IMM32.DLL
0x000007fefe0e0000 - 0x000007fefe1e9000 	C:\Windows\system32\MSCTF.dll
0x0000000072000000 - 0x0000000072012000 	C:\Xilinx\SDK\2016.2\eclipse\win64.o\plugins\org.eclipse.equinox.launcher.win32.win32.x86_64_1.1.300.v20150602-1417\eclipse_1611.dll
0x000007fefe410000 - 0x000007fefe4eb000 	C:\Windows\system32\ADVAPI32.dll
0x000007fefe0c0000 - 0x000007fefe0df000 	C:\Windows\SYSTEM32\sechost.dll
0x000007fefdb70000 - 0x000007fefdc9d000 	C:\Windows\system32\RPCRT4.dll
0x000007fefc470000 - 0x000007fefc47c000 	C:\Windows\system32\VERSION.dll
0x000007fefbc90000 - 0x000007fefbce6000 	C:\Windows\system32\UxTheme.dll
0x00000000707f0000 - 0x0000000071079000 	C:\Xilinx\SDK\2016.2\tps\win64\jre\bin\server\jvm.dll
0x000007fefb560000 - 0x000007fefb569000 	C:\Windows\system32\WSOCK32.dll
0x000007fefdb20000 - 0x000007fefdb6d000 	C:\Windows\system32\WS2_32.dll
0x000007fefdb10000 - 0x000007fefdb18000 	C:\Windows\system32\NSI.dll
0x000007fefa170000 - 0x000007fefa1ab000 	C:\Windows\system32\WINMM.dll
0x0000000077870000 - 0x0000000077877000 	C:\Windows\system32\PSAPI.DLL
0x0000000071910000 - 0x00000000719e2000 	C:\Windows\system32\MSVCR100.dll
0x00000000739f0000 - 0x00000000739ff000 	C:\Xilinx\SDK\2016.2\tps\win64\jre\bin\verify.dll
0x00000000739c0000 - 0x00000000739e9000 	C:\Xilinx\SDK\2016.2\tps\win64\jre\bin\java.dll
0x00000000739a0000 - 0x00000000739b6000 	C:\Xilinx\SDK\2016.2\tps\win64\jre\bin\zip.dll
0x000007fefec20000 - 0x000007feff9a9000 	C:\Windows\system32\SHELL32.dll
0x000007fefde10000 - 0x000007fefe013000 	C:\Windows\system32\ole32.dll
0x000007fefd3f0000 - 0x000007fefd3ff000 	C:\Windows\system32\profapi.dll
0x000007fefcbe0000 - 0x000007fefcbf8000 	C:\Windows\system32\CRYPTSP.dll
0x000007fefc8e0000 - 0x000007fefc927000 	C:\Windows\system32\rsaenh.dll
0x000007fefd740000 - 0x000007fefd75e000 	C:\Windows\system32\USERENV.dll
0x000007fefd240000 - 0x000007fefd24f000 	C:\Windows\system32\CRYPTBASE.dll
0x0000000073980000 - 0x000000007399a000 	C:\Xilinx\SDK\2016.2\tps\win64\jre\bin\net.dll
0x000007fefcb80000 - 0x000007fefcbd5000 	C:\Windows\system32\mswsock.dll
0x000007fefcb70000 - 0x000007fefcb77000 	C:\Windows\System32\wship6.dll
0x000007fefad20000 - 0x000007fefad47000 	C:\Windows\system32\IPHLPAPI.DLL
0x000007fefad00000 - 0x000007fefad0b000 	C:\Windows\system32\WINNSI.DLL
0x000007fefab30000 - 0x000007fefab41000 	C:\Windows\system32\dhcpcsvc6.DLL
0x000007fefab10000 - 0x000007fefab28000 	C:\Windows\system32\dhcpcsvc.DLL
0x00000000705f0000 - 0x0000000070601000 	C:\Xilinx\SDK\2016.2\tps\win64\jre\bin\nio.dll
0x000007fef9e80000 - 0x000007fef9e95000 	C:\Windows\system32\NLAapi.dll
0x000007fefa280000 - 0x000007fefa295000 	C:\Windows\system32\napinsp.dll
0x000007fefa2a0000 - 0x000007fefa2b9000 	C:\Windows\system32\pnrpnsp.dll
0x000007fefca00000 - 0x000007fefca5b000 	C:\Windows\system32\DNSAPI.dll
0x000007fefa440000 - 0x000007fefa44b000 	C:\Windows\System32\winrnr.dll
0x000007fefc540000 - 0x000007fefc547000 	C:\Windows\System32\wshtcpip.dll
0x000007fefa4e0000 - 0x000007fefa4e8000 	C:\Windows\system32\rasadhlp.dll
0x000007fefabc0000 - 0x000007fefac13000 	C:\Windows\System32\fwpuclnt.dll
0x00000000173f0000 - 0x0000000017498000 	C:\Users\milwidya\.Xilinx\SDK\2016.2\org.eclipse.osgi\312\0\.cp\swt-win32-4527.dll
0x000007fefdd00000 - 0x000007fefddd8000 	C:\Windows\system32\OLEAUT32.dll
0x000007fefe020000 - 0x000007fefe0b7000 	C:\Windows\system32\comdlg32.dll
0x000007fef6320000 - 0x000007fef6391000 	C:\Windows\system32\WINSPOOL.DRV
0x000007fefe880000 - 0x000007fefeb45000 	C:\Windows\system32\WININET.dll
0x000007fefd730000 - 0x000007fefd734000 	C:\Windows\system32\api-ms-win-downlevel-user32-l1-1-0.dll
0x000007fefd5a0000 - 0x000007fefd5a4000 	C:\Windows\system32\api-ms-win-downlevel-shlwapi-l1-1-0.dll
0x000007fefd720000 - 0x000007fefd724000 	C:\Windows\system32\api-ms-win-downlevel-version-l1-1-0.dll
0x000007fefd6c0000 - 0x000007fefd6c3000 	C:\Windows\system32\api-ms-win-downlevel-normaliz-l1-1-0.dll
0x0000000077860000 - 0x0000000077863000 	C:\Windows\system32\normaliz.DLL
0x000007fefd840000 - 0x000007fefdb09000 	C:\Windows\system32\iertutil.dll
0x000007fefd6d0000 - 0x000007fefd6d5000 	C:\Windows\system32\api-ms-win-downlevel-advapi32-l1-1-0.dll
0x000007fefd400000 - 0x000007fefd56d000 	C:\Windows\system32\CRYPT32.dll
0x000007fefd3e0000 - 0x000007fefd3ef000 	C:\Windows\system32\MSASN1.dll
0x000007fefb760000 - 0x000007fefb88c000 	C:\Windows\system32\propsys.dll
0x000007fefe580000 - 0x000007fefe619000 	C:\Windows\system32\CLBCatQ.DLL
0x00000000002a0000 - 0x00000000002be000 	C:\Users\milwidya\.Xilinx\SDK\2016.2\org.eclipse.osgi\312\0\.cp\swt-gdip-win32-4527.dll
0x000007fefba70000 - 0x000007fefbc86000 	C:\Windows\WinSxS\amd64_microsoft.windows.gdiplus_6595b64144ccf1df_1.1.7601.23508_none_145555328b95eaaa\gdiplus.dll
0x000007fefb590000 - 0x000007fefb6f1000 	C:\Windows\system32\WindowsCodecs.dll
0x0000000180000000 - 0x0000000180012000 	C:\Users\milwidya\.Xilinx\SDK\2016.2\org.eclipse.osgi\126\0\.cp\os\win32\x86_64\localfile_1_0_0.dll
0x000007fef16c0000 - 0x000007fef1714000 	C:\Windows\system32\oleacc.dll
0x000007fef9170000 - 0x000007fef9177000 	C:\Windows\system32\msimg32.dll
0x000007fefd330000 - 0x000007fefd344000 	C:\Windows\system32\RpcRtRemote.dll
0x000007fefd1e0000 - 0x000007fefd237000 	C:\Windows\system32\apphelp.dll
0x000007fef0820000 - 0x000007fef0831000 	C:\Users\milwidya\.Xilinx\SDK\2016.2\org.eclipse.osgi\129\0\.cp\jWinHttp-1.0.0.dll
0x000007fef98b0000 - 0x000007fef9921000 	C:\Windows\system32\WINHTTP.dll
0x000007fef9840000 - 0x000007fef98a4000 	C:\Windows\system32\webio.dll
0x000007fefd1b0000 - 0x000007fefd1d5000 	C:\Windows\system32\SspiCli.dll
0x000007fefc7a0000 - 0x000007fefc7aa000 	C:\Windows\system32\credssp.dll
0x000007fefd6e0000 - 0x000007fefd716000 	C:\Windows\system32\CFGMGR32.dll
0x000007fefb4f0000 - 0x000007fefb4ff000 	C:\Xilinx\SDK\2016.2\lib\win64.o\librdi_repo_manager.dll
0x000007fef07c0000 - 0x000007fef07ea000 	C:\Xilinx\SDK\2016.2\lib\win64.o\libisl_sysinfo.dll
0x000007feebf40000 - 0x000007feec014000 	C:\Windows\system32\MSVCR110.dll
0x000007feebe60000 - 0x000007feebf07000 	C:\Windows\system32\MSVCP110.dll
0x000007fec3750000 - 0x000007fec4190000 	C:\Xilinx\SDK\2016.2\lib\win64.o\librdi_common.dll
0x000007fec43f0000 - 0x000007fec475e000 	C:\Xilinx\SDK\2016.2\lib\win64.o\libCOIN-all.dll
0x000007fec4b70000 - 0x000007fec4d8f000 	C:\Xilinx\SDK\2016.2\lib\win64.o\libXil_lmgr11.dll
0x000007fefb450000 - 0x000007fefb466000 	C:\Windows\system32\NETAPI32.dll
0x000007fefc810000 - 0x000007fefc81c000 	C:\Windows\system32\netutils.dll
0x000007fefce60000 - 0x000007fefce83000 	C:\Windows\system32\srvcli.dll
0x000007fefb430000 - 0x000007fefb445000 	C:\Windows\system32\wkscli.dll
0x000007fefd760000 - 0x000007fefd79b000 	C:\Windows\system32\WINTRUST.dll
0x000007fefb4e0000 - 0x000007fefb4f0000 	C:\Xilinx\SDK\2016.2\lib\win64.o\libboost_date_time.dll
0x000007fec4b40000 - 0x000007fec4b64000 	C:\Xilinx\SDK\2016.2\lib\win64.o\libboost_filesystem.dll
0x000007fefa2d0000 - 0x000007fefa2d9000 	C:\Xilinx\SDK\2016.2\lib\win64.o\libboost_system.dll
0x000007fec4370000 - 0x000007fec43e7000 	C:\Xilinx\SDK\2016.2\lib\win64.o\libboost_program_options.dll
0x000007fec3640000 - 0x000007fec3746000 	C:\Xilinx\SDK\2016.2\lib\win64.o\libboost_regex.dll
0x000007fef0780000 - 0x000007fef0793000 	C:\Xilinx\SDK\2016.2\lib\win64.o\libboost_signals.dll
0x000007feef4d0000 - 0x000007feef4ed000 	C:\Xilinx\SDK\2016.2\lib\win64.o\libboost_thread.dll
0x000007fef4c10000 - 0x000007fef4c1b000 	C:\Xilinx\SDK\2016.2\lib\win64.o\libboost_chrono.dll
0x000007fef8760000 - 0x000007fef876b000 	C:\Xilinx\SDK\2016.2\lib\win64.o\libboost_xilinx.dll
0x000007fec35c0000 - 0x000007fec3640000 	C:\Xilinx\SDK\2016.2\lib\win64.o\libhdlpsolve.dll
0x000007fec3520000 - 0x000007fec35ba000 	C:\Xilinx\SDK\2016.2\lib\win64.o\libhdxml.dll
0x000007fec30b0000 - 0x000007fec3515e00 	C:\Xilinx\SDK\2016.2\lib\win64.o\libisl_iostreams.dll
0x000007fec4b20000 - 0x000007fec4b36000 	C:\Xilinx\SDK\2016.2\lib\win64.o\libboost_iostreams.dll
0x000007fec4af0000 - 0x000007fec4b13000 	C:\Xilinx\SDK\2016.2\lib\win64.o\librdizlib.dll
0x000007fec49e0000 - 0x000007fec4a03000 	C:\Xilinx\SDK\2016.2\lib\win64.o\libisl_iosutils.dll
0x000007fec4ab0000 - 0x000007fec4ac5000 	C:\Xilinx\SDK\2016.2\lib\win64.o\pthreadVC2.dll
0x000007fec4310000 - 0x000007fec4364000 	C:\Xilinx\SDK\2016.2\lib\win64.o\librdi_commonxillic.dll
0x000007fec2f80000 - 0x000007fec30b0000 	C:\Xilinx\SDK\2016.2\lib\win64.o\librdi_curl.dll
0x000007fec4250000 - 0x000007fec4268000 	C:\Xilinx\SDK\2016.2\lib\win64.o\librdiconfig.dll
0x00000000704c0000 - 0x00000000705e7000 	C:\Xilinx\SDK\2016.2\lib\win64.o\tcl85t.dll
0x0000000026fc0000 - 0x0000000027223000 	C:\Xilinx\SDK\2016.2\lib\win64.o\xerces-c_3_1.dll
0x000007fefe270000 - 0x000007fefe3f6000 	C:\Windows\system32\urlmon.dll
0x000007fefd590000 - 0x000007fefd594000 	C:\Windows\system32\api-ms-win-downlevel-ole32-l1-1-0.dll
0x000007fef0420000 - 0x000007fef0443000 	C:\Windows\system32\VCOMP110.DLL
0x000007fec2d80000 - 0x000007fec2f72000 	C:\Xilinx\SDK\2016.2\lib\win64.o\librdi_hsm.dll
0x000007fec2d30000 - 0x000007fec2d73000 	C:\Xilinx\SDK\2016.2\lib\win64.o\librdi_hdf.dll
0x000007fec2aa0000 - 0x000007fec2d21000 	C:\Xilinx\SDK\2016.2\lib\win64.o\librdi_ippcw.dll
0x0000000071080000 - 0x00000000710a6000 	C:\Xilinx\SDK\2016.2\eclipse\win64.o\plugins\gnu.io.rxtx.win32.x86_64_2.1.7.3_v20071015\os\win32\x86_64\rxtxSerial.dll
0x000007fec4ad0000 - 0x000007fec4ae6000 	C:\Xilinx\SDK\2016.2\eclipse\win64.o\plugins\org.eclipse.cdt.core.win32.x86_64_5.4.0.201509131935\os\win32\x86_64\spawner.dll
0x000007fef3dd0000 - 0x000007fef3dda000 	C:\Xilinx\SDK\2016.2\lib\win64.o\librdi_jtag_settings.dll
0x000007fec21f0000 - 0x000007fec2219000 	C:\Xilinx\SDK\2016.2\lib\win64.o\librdi_debug_dialog.dll
0x000007fef1830000 - 0x000007fef1838000 	C:\Xilinx\SDK\2016.2\lib\win64.o\librdi_target_manager.dll
0x0000000071100000 - 0x0000000071125000 	C:\Users\milwidya\.jssc\windows\jSSC-2.8_x86_64.dll
0x000007fec1320000 - 0x000007fec1b30000 	C:\Xilinx\SDK\2016.2\lib\win64.o\libXil_lmgr11FNP.dll

VM Arguments:
jvm_args: -Dcom.xilinx.sdk.args.hwspec=W:/temp532/project_1/project_1.sdk/design_1_wrapper.hdf -Xms64m -Xmx512m & 
java_command: <unknown>
java_class_path (initial): C:\Xilinx\SDK\2016.2\eclipse\win64.o\\plugins/org.eclipse.equinox.launcher_1.3.100.v20150511-1540.jar
Launcher Type: generic

Environment Variables:
PATH=C:/Xilinx/SDK/2016.2/tps/win64/jre/bin/server;C:/Xilinx/SDK/2016.2/tps/win64/jre/bin;C:/Xilinx/SDK/2016.2/tps/win64/jre/lib/amd64;C:\Xilinx\SDK\2016.2\gnuwin\bin;C:\Xilinx\SDK\2016.2\gnu\microblaze\nt\bin;C:\Xilinx\SDK\2016.2\gnu\microblaze\linux_toolchain\nt64_le\bin;C:\Xilinx\SDK\2016.2\gnu\microblaze\linux_toolchain\nt64_be\bin;C:\Xilinx\SDK\2016.2\gnu\arm\nt\bin;C:\Xilinx\SDK\2016.2\gnu\aarch64\nt\aarch64-none\bin;C:\Xilinx\SDK\2016.2\gnu\aarch64\nt\aarch64-linux\bin;C:\Xilinx\SDK\2016.2\gnu\armr5\nt\gcc-arm-none-eabi\bin;C:\Xilinx\SDK\2016.2\gnu\aarch32\nt\gcc-arm-none-eabi\bin;C:\Xilinx\SDK\2016.2\gnu\aarch32\nt\gcc-arm-linux-gnueabi\bin;C:\Xilinx\SDK\2016.2\tps\win64\cmake-3.3.2\bin;;C:\Xilinx\SDK\2016.2\bin;C:\Xilinx\SDK\2016.2\lib\win64.o;C:\Xilinx\SDK\2016.2\tps\win64\jre\bin\server;C:\Xilinx\SDK\2016.2\tps\win64\jre\bin;C:\Xilinx\Vivado\2016.2\ids_lite\ISE\bin\nt64;C:\Xilinx\Vivado\2016.2\ids_lite\ISE\lib\nt64;C:\Xilinx\Vivado\2016.2\bin;C:\Xilinx\Vivado\2016.2\lib\win64.o;C:\Xilinx\Vivado\2016.2\tps\win64\jre\bin\server;C:\Xilinx\Vivado\2016.2\tps\win64\jre\bin;C:\Xilinx\Vivado_HLS\2016.2\bin;C:\Windows\system32;C:\Windows;C:\Windows\System32\Wbem;C:\Windows\System32\WindowsPowerShell\v1.0\;C:\Program Files (x86)\Java\jre6\bin;C:\Program Files (x86)\eclipse;C:\altera\16.0\quartus\bin64;c:\altera\16.0\quartus\bin64\jre64\bin;W:\temp532\project_1;
USERNAME=milwidya
OS=Windows_NT
PROCESSOR_IDENTIFIER=Intel64 Family 6 Model 60 Stepping 3, GenuineIntel



---------------  S Y S T E M  ---------------

OS: Windows 7 , 64 bit Build 7601 (6.1.7601.23418)

CPU:total 8 (4 cores per cpu, 2 threads per core) family 6 model 60 stepping 3, cmov, cx8, fxsr, mmx, sse, sse2, sse3, ssse3, sse4.1, sse4.2, popcnt, avx, avx2, aes, clmul, erms, lzcnt, ht, tsc, tscinvbit, bmi1, bmi2

Memory: 4k page, physical 16683160k(12160348k free), swap 33364460k(28537208k free)

vm_info: Java HotSpot(TM) 64-Bit Server VM (25.66-b18) for windows-amd64 JRE (1.8.0_66-b18), built on Nov  9 2015 10:51:13 by "java_re" with MS VC++ 10.0 (VS2010)

time: Thu Mar 30 13:07:10 2017
elapsed time: 411 seconds (0d 0h 6m 51s)

