#
# A fatal error has been detected by the Java Runtime Environment:
#
#  EXCEPTION_UNCAUGHT_CXX_EXCEPTION (0xe06d7363) at pc=0x000007fefd66a06d, pid=2212, tid=3940
#
# JRE version: Java(TM) SE Runtime Environment (8.0_66-b18) (build 1.8.0_66-b18)
# Java VM: Java HotSpot(TM) 64-Bit Server VM (25.66-b18 mixed mode windows-amd64 compressed oops)
# Problematic frame:
# C  [KERNELBASE.dll+0x1a06d]
#
# Failed to write core dump. Minidumps are not enabled by default on client versions of Windows
#
# If you would like to submit a bug report, please visit:
#   http://bugreport.java.com/bugreport/crash.jsp
#

---------------  T H R E A D  ---------------

Current thread (0x0000000014f22800):  VMThread [stack: 0x0000000015e70000,0x0000000015f70000] [id=3940]

siginfo: ExceptionCode=0xe06d7363, ExceptionInformation=0x0000000019930520 0x0000000015f6f4c8 0x000007feebff2cb8 0x000007feebf40000 

Registers:
RAX=0x0000000060f04b97, RBX=0x000007feebff2cb8, RCX=0x0000000015f6ed10, RDX=0x00000000000000d0
RSP=0x0000000015f6f320, RBP=0x0000000015f6f450, RSI=0x00000000ffffffff, RDI=0x0000000027ccd7f0
R8 =0x0000000000000000, R9 =0x0000000000000000, R10=0x000007feebf40000, R11=0x0000000015f6f360
R12=0x0000000000000001, R13=0x0000000000000008, R14=0x0000000000000000, R15=0xffffffffffffffff
RIP=0x000007fefd66a06d, EFLAGS=0x0000000000000202

Top of Stack: (sp=0x0000000015f6f320)
0x0000000015f6f320:   000007feebff2cb8 00000000ffffffff
0x0000000015f6f330:   0000000027ccd7f0 00000000003296f0
0x0000000015f6f340:   00000001e06d7363 0000000000000000
0x0000000015f6f350:   000007fefd66a06d 000007fe00000004
0x0000000015f6f360:   0000000019930520 0000000015f6f4c8
0x0000000015f6f370:   000007feebff2cb8 000007feebf40000
0x0000000015f6f380:   0000000000000000 0000000015f6f408
0x0000000015f6f390:   0000000000000028 0000000027ccd7e0
0x0000000015f6f3a0:   00000000175c05b0 0000000000000000
0x0000000015f6f3b0:   000007fffffa8000 00000000776ef2d3
0x0000000015f6f3c0:   0000000000000000 0000000000000008
0x0000000015f6f3d0:   0000000000000001 0000000027ccd7f0
0x0000000015f6f3e0:   00000000ffffffff 000007feebf9e92c
0x0000000015f6f3f0:   000007feebff2cb8 0000000015f6f460
0x0000000015f6f400:   0000000000000001 000007feebf400f8
0x0000000015f6f410:   00000001e06d7363 0000000000000000 

Instructions: (pc=0x000007fefd66a06d)
0x000007fefd66a04d:   54 24 24 48 89 4c 24 28 4d 85 c9 0f 85 6a 03 00
0x000007fefd66a05d:   00 89 4c 24 38 48 8d 4c 24 20 ff 15 33 02 03 00
0x000007fefd66a06d:   48 81 c4 c8 00 00 00 c3 90 90 90 90 90 90 90 90
0x000007fefd66a07d:   90 90 90 48 83 ec 28 65 48 8b 04 25 30 00 00 00 


Register to memory mapping:

RAX=0x0000000060f04b97 is an unknown value
RBX=0x000007feebff2cb8 is an unknown value
RCX=0x0000000015f6ed10 is an unknown value
RDX=0x00000000000000d0 is an unknown value
RSP=0x0000000015f6f320 is an unknown value
RBP=0x0000000015f6f450 is an unknown value
RSI=0x00000000ffffffff is an unallocated location in the heap
RDI=0x0000000027ccd7f0 is an unknown value
R8 =0x0000000000000000 is an unknown value
R9 =0x0000000000000000 is an unknown value
R10=0x000007feebf40000 is an unknown value
R11=0x0000000015f6f360 is an unknown value
R12=0x0000000000000001 is an unknown value
R13=0x0000000000000008 is an unknown value
R14=0x0000000000000000 is an unknown value
R15=0xffffffffffffffff is an unknown value


Stack: [0x0000000015e70000,0x0000000015f70000],  sp=0x0000000015f6f320,  free space=1020k
Native frames: (J=compiled Java code, j=interpreted, Vv=VM code, C=native code)
C  [KERNELBASE.dll+0x1a06d]
C  [MSVCR110.dll+0x5e92c]
C  [MSVCR110.dll+0x1315c]
C  [MSVCR110.dll+0x136a9]
C  [MSVCR110.dll+0x13e9c]
C  [MSVCR110.dll+0x239e]
C  [MSVCR110.dll+0xaf9e]
C  [MSVCP110.dll+0x397b9]
C  [librdi_common.dll+0x182316]
C  [librdi_common.dll+0x180fab]
C  [librdi_target_manager.dll+0x2400]
C  [librdi_target_manager.dll+0x2682]
C  [ntdll.dll+0x229b1]
C  [ntdll.dll+0x227c0]
C  [MSVCR100.dll+0x20ccd]
V  [jvm.dll+0x210cc5]
V  [jvm.dll+0x249897]
V  [jvm.dll+0x248b36]
V  [jvm.dll+0x248fd1]
V  [jvm.dll+0x2491ee]
V  [jvm.dll+0x29a0fa]
C  [MSVCR100.dll+0x21d9f]
C  [MSVCR100.dll+0x21e3b]
C  [kernel32.dll+0x159bd]
C  [ntdll.dll+0x2a2e1]

VM_Operation (0x000000000012f4c0): Exit, mode: safepoint, requested by thread 0x0000000002558000


---------------  P R O C E S S  ---------------

Java Threads: ( => current thread )
  0x0000000020380000 JavaThread "pool-2-thread-10" [_thread_blocked, id=2724, stack(0x000000002a690000,0x000000002a790000)]
  0x00000000201c9800 JavaThread "pool-2-thread-9" [_thread_blocked, id=4648, stack(0x000000002a490000,0x000000002a590000)]
  0x00000000201ca000 JavaThread "pool-2-thread-8" [_thread_blocked, id=4428, stack(0x000000002a390000,0x000000002a490000)]
  0x00000000201c8000 JavaThread "pool-2-thread-7" [_thread_blocked, id=5036, stack(0x000000002a190000,0x000000002a290000)]
  0x00000000201c6800 JavaThread "pool-2-thread-6" [_thread_blocked, id=3532, stack(0x000000002a290000,0x000000002a390000)]
  0x00000000201c5800 JavaThread "pool-2-thread-5" [_thread_blocked, id=4380, stack(0x0000000029e90000,0x0000000029f90000)]
  0x0000000019e1d000 JavaThread "pool-2-thread-4" [_thread_blocked, id=2436, stack(0x0000000029790000,0x0000000029890000)]
  0x0000000019e1b800 JavaThread "pool-2-thread-3" [_thread_blocked, id=4864, stack(0x0000000029d90000,0x0000000029e90000)]
  0x0000000019e1a000 JavaThread "pool-2-thread-2" [_thread_blocked, id=4924, stack(0x0000000029b90000,0x0000000029c90000)]
  0x000000001c3a0000 JavaThread "pool-2-thread-1" [_thread_blocked, id=4212, stack(0x0000000029890000,0x0000000029990000)]
  0x000000001c39e800 JavaThread "Thread-62" daemon [_thread_blocked, id=4612, stack(0x0000000029590000,0x0000000029690000)]
  0x0000000016d5d000 JavaThread "TCF Channel Transmitter" daemon [_thread_blocked, id=3756, stack(0x00000000260e0000,0x00000000261e0000)]
  0x0000000016d5c000 JavaThread "TCF Channel Receiver" daemon [_thread_in_native, id=2884, stack(0x0000000025ca0000,0x0000000025da0000)]
  0x0000000016d5b800 JavaThread "Process monitor" daemon [_thread_in_native, id=1976, stack(0x0000000025940000,0x0000000025a40000)]
  0x0000000016d5a800 JavaThread "Input Stream Monitor" daemon [_thread_blocked, id=3240, stack(0x0000000025840000,0x0000000025940000)]
  0x0000000016d5a000 JavaThread "Output Stream Monitor" daemon [_thread_in_native, id=4036, stack(0x0000000025740000,0x0000000025840000)]
  0x0000000016d59000 JavaThread "Output Stream Monitor" daemon [_thread_in_native, id=2776, stack(0x0000000025640000,0x0000000025740000)]
  0x0000000018ba8000 JavaThread "TCF Locator DNS Lookup" daemon [_thread_blocked, id=1968, stack(0x0000000023430000,0x0000000023530000)]
  0x0000000018ba7800 JavaThread "TCF Locator Timer" daemon [_thread_blocked, id=2904, stack(0x0000000023330000,0x0000000023430000)]
  0x0000000018ba3800 JavaThread "TCF Timer Dispatcher" daemon [_thread_blocked, id=3932, stack(0x0000000021b60000,0x0000000021c60000)]
  0x0000000018b9a000 JavaThread "EMF Reference Cleaner" daemon [_thread_blocked, id=3732, stack(0x000000001c8c0000,0x000000001c9c0000)]
  0x0000000014fd8000 JavaThread "Service Thread" daemon [_thread_blocked, id=2816, stack(0x0000000016830000,0x0000000016930000)]
  0x0000000014f8a000 JavaThread "C1 CompilerThread3" daemon [_thread_blocked, id=3920, stack(0x0000000016730000,0x0000000016830000)]
  0x0000000014f89000 JavaThread "C2 CompilerThread2" daemon [_thread_blocked, id=3384, stack(0x0000000016630000,0x0000000016730000)]
  0x0000000014f7a000 JavaThread "C2 CompilerThread1" daemon [_thread_blocked, id=3736, stack(0x0000000016530000,0x0000000016630000)]
  0x0000000014f70000 JavaThread "C2 CompilerThread0" daemon [_thread_blocked, id=1336, stack(0x0000000016430000,0x0000000016530000)]
  0x0000000014f68800 JavaThread "Attach Listener" daemon [_thread_blocked, id=1448, stack(0x0000000016330000,0x0000000016430000)]
  0x0000000014f79000 JavaThread "Signal Dispatcher" daemon [_thread_blocked, id=3664, stack(0x0000000016230000,0x0000000016330000)]
  0x0000000013dac000 JavaThread "Finalizer" daemon [_thread_blocked, id=752, stack(0x0000000016070000,0x0000000016170000)]
  0x0000000013da5000 JavaThread "Reference Handler" daemon [_thread_blocked, id=3608, stack(0x0000000015f70000,0x0000000016070000)]
  0x0000000002558000 JavaThread "main" [_thread_blocked, id=500, stack(0x0000000000030000,0x0000000000130000)]

Other Threads:
=>0x0000000014f22800 VMThread [stack: 0x0000000015e70000,0x0000000015f70000] [id=3940]

VM state:at safepoint (shutting down)

VM Mutex/Monitor currently owned by a thread:  ([mutex/lock_event])
[0x000000000022e3b0] Threads_lock - owner thread: 0x0000000014f22800

Heap:
 PSYoungGen      total 134144K, used 113388K [0x00000000f5580000, 0x00000000fe380000, 0x0000000100000000)
  eden space 122880K, 86% used [0x00000000f5580000,0x00000000fbcf41a8,0x00000000fcd80000)
  from space 11264K, 66% used [0x00000000fd880000,0x00000000fdfc7248,0x00000000fe380000)
  to   space 11264K, 0% used [0x00000000fcd80000,0x00000000fcd80000,0x00000000fd880000)
 ParOldGen       total 98304K, used 66868K [0x00000000e0000000, 0x00000000e6000000, 0x00000000f5580000)
  object space 98304K, 68% used [0x00000000e0000000,0x00000000e414d238,0x00000000e6000000)
 Metaspace       used 95772K, capacity 103528K, committed 103768K, reserved 1138688K
  class space    used 11278K, capacity 13655K, committed 13696K, reserved 1048576K

Card table byte_map: [0x00000000119b0000,0x0000000011ac0000] byte_map_base: 0x00000000112b0000

Marking Bits: (ParMarkBitMap*) 0x0000000070ffa5b0
 Begin Bits: [0x00000000122c0000, 0x0000000012ac0000)
 End Bits:   [0x0000000012ac0000, 0x00000000132c0000)

Polling page: 0x0000000000230000

CodeCache: size=245760Kb used=52630Kb max_used=52909Kb free=193129Kb
 bounds [0x00000000025f0000, 0x0000000005a00000, 0x00000000115f0000]
 total_blobs=14633 nmethods=13720 adapters=820
 compilation: enabled

Compilation events (10 events):
Event: 860.437 Thread 0x0000000014f8a000 nmethod 17628 0x0000000002d81a90 code [0x0000000002d81be0, 0x0000000002d81cf0]
Event: 860.438 Thread 0x0000000014f8a000 17629  s    3       java.util.Hashtable::clear (38 bytes)
Event: 860.438 Thread 0x0000000014f8a000 nmethod 17629 0x00000000029ed510 code [0x00000000029ed680, 0x00000000029edb50]
Event: 860.439 Thread 0x0000000014f8a000 17630   !   3       org.eclipse.osgi.container.ModuleDatabase::getRevisionsTimestamp (25 bytes)
Event: 860.439 Thread 0x0000000014f8a000 nmethod 17630 0x00000000034f2ed0 code [0x00000000034f30e0, 0x00000000034f3e18]
Event: 860.440 Thread 0x0000000014f8a000 17625       1       org.eclipse.osgi.storage.Storage::getModuleDatabase (5 bytes)
Event: 860.440 Thread 0x0000000014f8a000 nmethod 17625 0x00000000056ecb10 code [0x00000000056ecc60, 0x00000000056ecd70]
Event: 860.441 Thread 0x0000000014f8a000 17627       3       org.eclipse.osgi.internal.loader.ModuleClassLoader::close (8 bytes)
Event: 860.441 Thread 0x0000000014f8a000 nmethod 17627 0x0000000004461410 code [0x0000000004461580, 0x00000000044617d8]
Event: 860.442 Thread 0x0000000014f89000 nmethod 17620 0x00000000043627d0 code [0x00000000043629c0, 0x00000000043638b0]

GC Heap History (10 events):
Event: 671.092 GC heap before
{Heap before GC invocations=64 (full 12):
 PSYoungGen      total 133120K, used 125836K [0x00000000f5580000, 0x00000000fe480000, 0x0000000100000000)
  eden space 119808K, 99% used [0x00000000f5580000,0x00000000fca5df30,0x00000000fca80000)
  from space 13312K, 46% used [0x00000000fca80000,0x00000000fd085480,0x00000000fd780000)
  to   space 12800K, 0% used [0x00000000fd800000,0x00000000fd800000,0x00000000fe480000)
 ParOldGen       total 98304K, used 66852K [0x00000000e0000000, 0x00000000e6000000, 0x00000000f5580000)
  object space 98304K, 68% used [0x00000000e0000000,0x00000000e4149238,0x00000000e6000000)
 Metaspace       used 94412K, capacity 102184K, committed 102488K, reserved 1138688K
  class space    used 11166K, capacity 13555K, committed 13696K, reserved 1048576K
Event: 671.098 GC heap after
Heap after GC invocations=64 (full 12):
 PSYoungGen      total 132608K, used 6680K [0x00000000f5580000, 0x00000000fe380000, 0x0000000100000000)
  eden space 120832K, 0% used [0x00000000f5580000,0x00000000f5580000,0x00000000fcb80000)
  from space 11776K, 56% used [0x00000000fd800000,0x00000000fde862d0,0x00000000fe380000)
  to   space 12288K, 0% used [0x00000000fcb80000,0x00000000fcb80000,0x00000000fd780000)
 ParOldGen       total 98304K, used 66860K [0x00000000e0000000, 0x00000000e6000000, 0x00000000f5580000)
  object space 98304K, 68% used [0x00000000e0000000,0x00000000e414b238,0x00000000e6000000)
 Metaspace       used 94412K, capacity 102184K, committed 102488K, reserved 1138688K
  class space    used 11166K, capacity 13555K, committed 13696K, reserved 1048576K
}
Event: 676.960 GC heap before
{Heap before GC invocations=65 (full 12):
 PSYoungGen      total 132608K, used 127512K [0x00000000f5580000, 0x00000000fe380000, 0x0000000100000000)
  eden space 120832K, 100% used [0x00000000f5580000,0x00000000fcb80000,0x00000000fcb80000)
  from space 11776K, 56% used [0x00000000fd800000,0x00000000fde862d0,0x00000000fe380000)
  to   space 12288K, 0% used [0x00000000fcb80000,0x00000000fcb80000,0x00000000fd780000)
 ParOldGen       total 98304K, used 66860K [0x00000000e0000000, 0x00000000e6000000, 0x00000000f5580000)
  object space 98304K, 68% used [0x00000000e0000000,0x00000000e414b238,0x00000000e6000000)
 Metaspace       used 94552K, capacity 102318K, committed 102744K, reserved 1138688K
  class space    used 11168K, capacity 13556K, committed 13696K, reserved 1048576K
Event: 676.964 GC heap after
Heap after GC invocations=65 (full 12):
 PSYoungGen      total 133120K, used 6389K [0x00000000f5580000, 0x00000000fe380000, 0x0000000100000000)
  eden space 120832K, 0% used [0x00000000f5580000,0x00000000f5580000,0x00000000fcb80000)
  from space 12288K, 51% used [0x00000000fcb80000,0x00000000fd1bd4b0,0x00000000fd780000)
  to   space 11776K, 0% used [0x00000000fd800000,0x00000000fd800000,0x00000000fe380000)
 ParOldGen       total 98304K, used 66860K [0x00000000e0000000, 0x00000000e6000000, 0x00000000f5580000)
  object space 98304K, 68% used [0x00000000e0000000,0x00000000e414b238,0x00000000e6000000)
 Metaspace       used 94552K, capacity 102318K, committed 102744K, reserved 1138688K
  class space    used 11168K, capacity 13556K, committed 13696K, reserved 1048576K
}
Event: 692.873 GC heap before
{Heap before GC invocations=66 (full 12):
 PSYoungGen      total 133120K, used 127221K [0x00000000f5580000, 0x00000000fe380000, 0x0000000100000000)
  eden space 120832K, 100% used [0x00000000f5580000,0x00000000fcb80000,0x00000000fcb80000)
  from space 12288K, 51% used [0x00000000fcb80000,0x00000000fd1bd4b0,0x00000000fd780000)
  to   space 11776K, 0% used [0x00000000fd800000,0x00000000fd800000,0x00000000fe380000)
 ParOldGen       total 98304K, used 66860K [0x00000000e0000000, 0x00000000e6000000, 0x00000000f5580000)
  object space 98304K, 68% used [0x00000000e0000000,0x00000000e414b238,0x00000000e6000000)
 Metaspace       used 94689K, capacity 102510K, committed 102744K, reserved 1138688K
  class space    used 11172K, capacity 13556K, committed 13696K, reserved 1048576K
Event: 692.878 GC heap after
Heap after GC invocations=66 (full 12):
 PSYoungGen      total 132608K, used 6807K [0x00000000f5580000, 0x00000000fe280000, 0x0000000100000000)
  eden space 121856K, 0% used [0x00000000f5580000,0x00000000f5580000,0x00000000fcc80000)
  from space 10752K, 63% used [0x00000000fd800000,0x00000000fdea5e00,0x00000000fe280000)
  to   space 11264K, 0% used [0x00000000fcc80000,0x00000000fcc80000,0x00000000fd780000)
 ParOldGen       total 98304K, used 66860K [0x00000000e0000000, 0x00000000e6000000, 0x00000000f5580000)
  object space 98304K, 68% used [0x00000000e0000000,0x00000000e414b238,0x00000000e6000000)
 Metaspace       used 94689K, capacity 102510K, committed 102744K, reserved 1138688K
  class space    used 11172K, capacity 13556K, committed 13696K, reserved 1048576K
}
Event: 698.704 GC heap before
{Heap before GC invocations=67 (full 12):
 PSYoungGen      total 132608K, used 127981K [0x00000000f5580000, 0x00000000fe280000, 0x0000000100000000)
  eden space 121856K, 99% used [0x00000000f5580000,0x00000000fcbd56b0,0x00000000fcc80000)
  from space 10752K, 63% used [0x00000000fd800000,0x00000000fdea5e00,0x00000000fe280000)
  to   space 11264K, 0% used [0x00000000fcc80000,0x00000000fcc80000,0x00000000fd780000)
 ParOldGen       total 98304K, used 66860K [0x00000000e0000000, 0x00000000e6000000, 0x00000000f5580000)
  object space 98304K, 68% used [0x00000000e0000000,0x00000000e414b238,0x00000000e6000000)
 Metaspace       used 94762K, capacity 102574K, committed 103000K, reserved 1138688K
  class space    used 11178K, capacity 13556K, committed 13696K, reserved 1048576K
Event: 698.708 GC heap after
Heap after GC invocations=67 (full 12):
 PSYoungGen      total 133120K, used 7129K [0x00000000f5580000, 0x00000000fe380000, 0x0000000100000000)
  eden space 121856K, 0% used [0x00000000f5580000,0x00000000f5580000,0x00000000fcc80000)
  from space 11264K, 63% used [0x00000000fcc80000,0x00000000fd376478,0x00000000fd780000)
  to   space 11264K, 0% used [0x00000000fd880000,0x00000000fd880000,0x00000000fe380000)
 ParOldGen       total 98304K, used 66868K [0x00000000e0000000, 0x00000000e6000000, 0x00000000f5580000)
  object space 98304K, 68% used [0x00000000e0000000,0x00000000e414d238,0x00000000e6000000)
 Metaspace       used 94762K, capacity 102574K, committed 103000K, reserved 1138688K
  class space    used 11178K, capacity 13556K, committed 13696K, reserved 1048576K
}
Event: 765.188 GC heap before
{Heap before GC invocations=68 (full 12):
 PSYoungGen      total 133120K, used 128944K [0x00000000f5580000, 0x00000000fe380000, 0x0000000100000000)
  eden space 121856K, 99% used [0x00000000f5580000,0x00000000fcc75d30,0x00000000fcc80000)
  from space 11264K, 63% used [0x00000000fcc80000,0x00000000fd376478,0x00000000fd780000)
  to   space 11264K, 0% used [0x00000000fd880000,0x00000000fd880000,0x00000000fe380000)
 ParOldGen       total 98304K, used 66868K [0x00000000e0000000, 0x00000000e6000000, 0x00000000f5580000)
  object space 98304K, 68% used [0x00000000e0000000,0x00000000e414d238,0x00000000e6000000)
 Metaspace       used 94859K, capacity 102574K, committed 103000K, reserved 1138688K
  class space    used 11178K, capacity 13556K, committed 13696K, reserved 1048576K
Event: 765.205 GC heap after
Heap after GC invocations=68 (full 12):
 PSYoungGen      total 134144K, used 7452K [0x00000000f5580000, 0x00000000fe380000, 0x0000000100000000)
  eden space 122880K, 0% used [0x00000000f5580000,0x00000000f5580000,0x00000000fcd80000)
  from space 11264K, 66% used [0x00000000fd880000,0x00000000fdfc7248,0x00000000fe380000)
  to   space 11264K, 0% used [0x00000000fcd80000,0x00000000fcd80000,0x00000000fd880000)
 ParOldGen       total 98304K, used 66868K [0x00000000e0000000, 0x00000000e6000000, 0x00000000f5580000)
  object space 98304K, 68% used [0x00000000e0000000,0x00000000e414d238,0x00000000e6000000)
 Metaspace       used 94859K, capacity 102574K, committed 103000K, reserved 1138688K
  class space    used 11178K, capacity 13556K, committed 13696K, reserved 1048576K
}

Deoptimization events (10 events):
Event: 858.733 Thread 0x000000001521d000 Uncommon trap: reason=array_check action=maybe_recompile pc=0x00000000059cf038 method=java.util.Arrays.fill([Ljava/lang/Object;Ljava/lang/Object;)V @ 13
Event: 858.771 Thread 0x0000000020381000 Uncommon trap: reason=unstable_if action=reinterpret pc=0x000000000393a7e4 method=org.eclipse.swt.graphics.Resource.dispose()V @ 15
Event: 859.554 Thread 0x0000000020381000 Uncommon trap: reason=unstable_if action=reinterpret pc=0x0000000002c2c21c method=org.eclipse.osgi.internal.hooks.EclipseLazyStarter.shouldActivateFor(Ljava/lang/String;Lorg/eclipse/osgi/container/Module;Lorg/eclipse/osgi/container/ModuleRevision;Lorg/ecliòx'ÈÜŠ@
Event: 859.598 Thread 0x0000000020381000 Uncommon trap: reason=unstable_if action=reinterpret pc=0x000000000571ae4c method=org.eclipse.core.internal.dtree.AbstractDataTreeNode.assembleWith([Lorg/eclipse/core/internal/dtree/AbstractDataTreeNode;[Lorg/eclipse/core/internal/dtree/AbstractDataTreeNodJH—$QßŠ@
Event: 859.915 Thread 0x0000000020381000 Uncommon trap: reason=unstable_if action=reinterpret pc=0x000000000304152c method=java.io.DataOutputStream.writeUTF(Ljava/lang/String;Ljava/io/DataOutput;)I @ 37
Event: 860.413 Thread 0x0000000016d5d800 Uncommon trap: reason=unstable_if action=reinterpret pc=0x00000000052a9ce0 method=org.eclipse.core.internal.jobs.JobManager.nextJob()Lorg/eclipse/core/runtime/jobs/Job; @ 80
Event: 860.413 Thread 0x000000001977b000 Uncommon trap: reason=unstable_if action=reinterpret pc=0x00000000052a9ce0 method=org.eclipse.core.internal.jobs.JobManager.nextJob()Lorg/eclipse/core/runtime/jobs/Job; @ 80
Event: 860.432 Thread 0x0000000020381000 Uncommon trap: reason=unstable_if action=reinterpret pc=0x000000000323259c method=sun.reflect.UnsafeStaticObjectFieldAccessorImpl.set(Ljava/lang/Object;Ljava/lang/Object;)V @ 13
Event: 860.434 Thread 0x000000001521d000 Uncommon trap: reason=unstable_if action=reinterpret pc=0x0000000003c9285c method=org.eclipse.osgi.framework.eventmgr.EventManager$EventThread.getNextEvent()Lorg/eclipse/osgi/framework/eventmgr/EventManager$EventThread$Queued; @ 15
Event: 860.434 Thread 0x0000000016b74800 Uncommon trap: reason=unstable_if action=reinterpret pc=0x0000000003c9285c method=org.eclipse.osgi.framework.eventmgr.EventManager$EventThread.getNextEvent()Lorg/eclipse/osgi/framework/eventmgr/EventManager$EventThread$Queued; @ 15

Internal exceptions (10 events):
Event: 857.533 Thread 0x0000000002558000 Implicit null exception at 0x00000000031f3621 to 0x00000000031f3805
Event: 857.594 Thread 0x0000000002558000 Implicit null exception at 0x0000000002facb97 to 0x0000000002fad089
Event: 857.769 Thread 0x0000000002558000 Implicit null exception at 0x00000000034edd55 to 0x00000000034ee2c5
Event: 858.676 Thread 0x000000001c39c800 Exception <a 'java/lang/InterruptedException'> (0x00000000fb385d30) thrown at [C:\re\workspace\8-2-build-windows-amd64-cygwin\jdk8u66\5298\hotspot\src\share\vm\runtime\objectMonitor.cpp, line 1683]
Event: 860.412 Thread 0x0000000018ba5000 Exception <a 'java/lang/InterruptedException'> (0x00000000faf42f50) thrown at [C:\re\workspace\8-2-build-windows-amd64-cygwin\jdk8u66\5298\hotspot\src\share\vm\runtime\objectMonitor.cpp, line 1683]
Event: 860.432 Thread 0x0000000020381000 Implicit null exception at 0x0000000003232197 to 0x0000000003232589
Event: 860.434 Thread 0x000000001521d000 Exception <a 'java/lang/InterruptedException'> (0x00000000fb901448) thrown at [C:\re\workspace\8-2-build-windows-amd64-cygwin\jdk8u66\5298\hotspot\src\share\vm\runtime\objectMonitor.cpp, line 1683]
Event: 860.434 Thread 0x0000000016a96000 Exception <a 'java/lang/InterruptedException'> (0x00000000fbaf6100) thrown at [C:\re\workspace\8-2-build-windows-amd64-cygwin\jdk8u66\5298\hotspot\src\share\vm\runtime\objectMonitor.cpp, line 1683]
Event: 860.434 Thread 0x0000000016cbe000 Exception <a 'java/lang/InterruptedException'> (0x00000000fbcc08a0) thrown at [C:\re\workspace\8-2-build-windows-amd64-cygwin\jdk8u66\5298\hotspot\src\share\vm\runtime\objectMonitor.cpp, line 1683]
Event: 860.434 Thread 0x0000000016b74800 Exception <a 'java/lang/InterruptedException'> (0x00000000fac01da8) thrown at [C:\re\workspace\8-2-build-windows-amd64-cygwin\jdk8u66\5298\hotspot\src\share\vm\runtime\objectMonitor.cpp, line 1683]

Events (10 events):
Event: 860.468 loading class java/util/IdentityHashMap$IdentityHashMapIterator
Event: 860.470 loading class java/util/IdentityHashMap$IdentityHashMapIterator done
Event: 860.470 loading class java/util/IdentityHashMap$KeyIterator done
Event: 860.470 Thread 0x0000000020381000 Thread added: 0x0000000020381000
Event: 860.470 Executing VM operation: RevokeBias
Event: 860.470 Executing VM operation: RevokeBias done
Event: 860.470 Executing VM operation: RevokeBias
Event: 860.470 Executing VM operation: RevokeBias done
Event: 860.470 Thread 0x0000000020381000 Thread exited: 0x0000000020381000
Event: 860.471 Executing VM operation: Exit


Dynamic libraries:
0x0000000000400000 - 0x000000000044f000 	C:\Xilinx\SDK\2016.2\eclipse\win64.o\eclipse.exe
0x00000000776a0000 - 0x000000007784a000 	C:\Windows\SYSTEM32\ntdll.dll
0x0000000077580000 - 0x000000007769f000 	C:\Windows\system32\kernel32.dll
0x000007fefd650000 - 0x000007fefd6ba000 	C:\Windows\system32\KERNELBASE.dll
0x0000000077480000 - 0x000000007757a000 	C:\Windows\system32\USER32.dll
0x000007fefe510000 - 0x000007fefe577000 	C:\Windows\system32\GDI32.dll
0x000007fefe400000 - 0x000007fefe40e000 	C:\Windows\system32\LPK.dll
0x000007fefeb50000 - 0x000007fefec1a000 	C:\Windows\system32\USP10.dll
0x000007fefd7a0000 - 0x000007fefd83f000 	C:\Windows\system32\msvcrt.dll
0x000007fefbcf0000 - 0x000007fefbee4000 	C:\Windows\WinSxS\amd64_microsoft.windows.common-controls_6595b64144ccf1df_6.0.7601.18837_none_fa3b1e3d17594757\COMCTL32.dll
0x000007fefe1f0000 - 0x000007fefe261000 	C:\Windows\system32\SHLWAPI.dll
0x000007fefdde0000 - 0x000007fefde0e000 	C:\Windows\system32\IMM32.DLL
0x000007fefe0e0000 - 0x000007fefe1e9000 	C:\Windows\system32\MSCTF.dll
0x0000000072000000 - 0x0000000072012000 	C:\Xilinx\SDK\2016.2\eclipse\win64.o\plugins\org.eclipse.equinox.launcher.win32.win32.x86_64_1.1.300.v20150602-1417\eclipse_1611.dll
0x000007fefe410000 - 0x000007fefe4eb000 	C:\Windows\system32\ADVAPI32.dll
0x000007fefe0c0000 - 0x000007fefe0df000 	C:\Windows\SYSTEM32\sechost.dll
0x000007fefdb70000 - 0x000007fefdc9d000 	C:\Windows\system32\RPCRT4.dll
0x000007fefc470000 - 0x000007fefc47c000 	C:\Windows\system32\VERSION.dll
0x000007fefbc90000 - 0x000007fefbce6000 	C:\Windows\system32\UxTheme.dll
0x00000000707f0000 - 0x0000000071079000 	C:\Xilinx\SDK\2016.2\tps\win64\jre\bin\server\jvm.dll
0x000007fefb560000 - 0x000007fefb569000 	C:\Windows\system32\WSOCK32.dll
0x000007fefdb20000 - 0x000007fefdb6d000 	C:\Windows\system32\WS2_32.dll
0x000007fefdb10000 - 0x000007fefdb18000 	C:\Windows\system32\NSI.dll
0x000007fefa170000 - 0x000007fefa1ab000 	C:\Windows\system32\WINMM.dll
0x0000000077870000 - 0x0000000077877000 	C:\Windows\system32\PSAPI.DLL
0x0000000071910000 - 0x00000000719e2000 	C:\Windows\system32\MSVCR100.dll
0x00000000739f0000 - 0x00000000739ff000 	C:\Xilinx\SDK\2016.2\tps\win64\jre\bin\verify.dll
0x00000000739c0000 - 0x00000000739e9000 	C:\Xilinx\SDK\2016.2\tps\win64\jre\bin\java.dll
0x00000000739a0000 - 0x00000000739b6000 	C:\Xilinx\SDK\2016.2\tps\win64\jre\bin\zip.dll
0x000007fefec20000 - 0x000007feff9a9000 	C:\Windows\system32\SHELL32.dll
0x000007fefde10000 - 0x000007fefe013000 	C:\Windows\system32\ole32.dll
0x000007fefd3f0000 - 0x000007fefd3ff000 	C:\Windows\system32\profapi.dll
0x000007fefcbe0000 - 0x000007fefcbf8000 	C:\Windows\system32\CRYPTSP.dll
0x000007fefc8e0000 - 0x000007fefc927000 	C:\Windows\system32\rsaenh.dll
0x000007fefd740000 - 0x000007fefd75e000 	C:\Windows\system32\USERENV.dll
0x000007fefd240000 - 0x000007fefd24f000 	C:\Windows\system32\CRYPTBASE.dll
0x0000000073980000 - 0x000000007399a000 	C:\Xilinx\SDK\2016.2\tps\win64\jre\bin\net.dll
0x000007fefcb80000 - 0x000007fefcbd5000 	C:\Windows\system32\mswsock.dll
0x000007fefcb70000 - 0x000007fefcb77000 	C:\Windows\System32\wship6.dll
0x000007fefad20000 - 0x000007fefad47000 	C:\Windows\system32\IPHLPAPI.DLL
0x000007fefad00000 - 0x000007fefad0b000 	C:\Windows\system32\WINNSI.DLL
0x000007fefab30000 - 0x000007fefab41000 	C:\Windows\system32\dhcpcsvc6.DLL
0x000007fefab10000 - 0x000007fefab28000 	C:\Windows\system32\dhcpcsvc.DLL
0x00000000706a0000 - 0x00000000706b1000 	C:\Xilinx\SDK\2016.2\tps\win64\jre\bin\nio.dll
0x000007fef9e80000 - 0x000007fef9e95000 	C:\Windows\system32\NLAapi.dll
0x000007fefa280000 - 0x000007fefa295000 	C:\Windows\system32\napinsp.dll
0x000007fefa2a0000 - 0x000007fefa2b9000 	C:\Windows\system32\pnrpnsp.dll
0x000007fefca00000 - 0x000007fefca5b000 	C:\Windows\system32\DNSAPI.dll
0x000007fefa440000 - 0x000007fefa44b000 	C:\Windows\System32\winrnr.dll
0x000007fefc540000 - 0x000007fefc547000 	C:\Windows\System32\wshtcpip.dll
0x000007fefa4e0000 - 0x000007fefa4e8000 	C:\Windows\system32\rasadhlp.dll
0x000007fefabc0000 - 0x000007fefac13000 	C:\Windows\System32\fwpuclnt.dll
0x00000000172f0000 - 0x0000000017398000 	C:\Users\milwidya\.Xilinx\SDK\2016.2\org.eclipse.osgi\312\0\.cp\swt-win32-4527.dll
0x000007fefdd00000 - 0x000007fefddd8000 	C:\Windows\system32\OLEAUT32.dll
0x000007fefe020000 - 0x000007fefe0b7000 	C:\Windows\system32\comdlg32.dll
0x000007fef6320000 - 0x000007fef6391000 	C:\Windows\system32\WINSPOOL.DRV
0x000007fefe880000 - 0x000007fefeb45000 	C:\Windows\system32\WININET.dll
0x000007fefd730000 - 0x000007fefd734000 	C:\Windows\system32\api-ms-win-downlevel-user32-l1-1-0.dll
0x000007fefd5a0000 - 0x000007fefd5a4000 	C:\Windows\system32\api-ms-win-downlevel-shlwapi-l1-1-0.dll
0x000007fefd720000 - 0x000007fefd724000 	C:\Windows\system32\api-ms-win-downlevel-version-l1-1-0.dll
0x000007fefd6c0000 - 0x000007fefd6c3000 	C:\Windows\system32\api-ms-win-downlevel-normaliz-l1-1-0.dll
0x0000000077860000 - 0x0000000077863000 	C:\Windows\system32\normaliz.DLL
0x000007fefd840000 - 0x000007fefdb09000 	C:\Windows\system32\iertutil.dll
0x000007fefd6d0000 - 0x000007fefd6d5000 	C:\Windows\system32\api-ms-win-downlevel-advapi32-l1-1-0.dll
0x000007fefd400000 - 0x000007fefd56d000 	C:\Windows\system32\CRYPT32.dll
0x000007fefd3e0000 - 0x000007fefd3ef000 	C:\Windows\system32\MSASN1.dll
0x000007fefb760000 - 0x000007fefb88c000 	C:\Windows\system32\propsys.dll
0x000007fefe580000 - 0x000007fefe619000 	C:\Windows\system32\CLBCatQ.DLL
0x00000000003b0000 - 0x00000000003ce000 	C:\Users\milwidya\.Xilinx\SDK\2016.2\org.eclipse.osgi\312\0\.cp\swt-gdip-win32-4527.dll
0x000007fefba70000 - 0x000007fefbc86000 	C:\Windows\WinSxS\amd64_microsoft.windows.gdiplus_6595b64144ccf1df_1.1.7601.23508_none_145555328b95eaaa\gdiplus.dll
0x000007fefb590000 - 0x000007fefb6f1000 	C:\Windows\system32\WindowsCodecs.dll
0x0000000180000000 - 0x0000000180012000 	C:\Users\milwidya\.Xilinx\SDK\2016.2\org.eclipse.osgi\126\0\.cp\os\win32\x86_64\localfile_1_0_0.dll
0x000007fef16c0000 - 0x000007fef1714000 	C:\Windows\system32\oleacc.dll
0x000007fefb4e0000 - 0x000007fefb4f6000 	C:\Xilinx\SDK\2016.2\eclipse\win64.o\plugins\org.eclipse.cdt.core.win32.x86_64_5.4.0.201509131935\os\win32\x86_64\spawner.dll
0x000007fefd1e0000 - 0x000007fefd237000 	C:\Windows\system32\apphelp.dll
0x000007fef9170000 - 0x000007fef9177000 	C:\Windows\system32\msimg32.dll
0x000007fefd330000 - 0x000007fefd344000 	C:\Windows\system32\RpcRtRemote.dll
0x000007fef1800000 - 0x000007fef1811000 	C:\Users\milwidya\.Xilinx\SDK\2016.2\org.eclipse.osgi\129\0\.cp\jWinHttp-1.0.0.dll
0x000007fef98b0000 - 0x000007fef9921000 	C:\Windows\system32\WINHTTP.dll
0x000007fef9840000 - 0x000007fef98a4000 	C:\Windows\system32\webio.dll
0x000007fefd1b0000 - 0x000007fefd1d5000 	C:\Windows\system32\SspiCli.dll
0x000007fefc7a0000 - 0x000007fefc7aa000 	C:\Windows\system32\credssp.dll
0x000007fefd6e0000 - 0x000007fefd716000 	C:\Windows\system32\CFGMGR32.dll
0x000007fef8760000 - 0x000007fef876f000 	C:\Xilinx\SDK\2016.2\lib\win64.o\librdi_repo_manager.dll
0x000007fef17d0000 - 0x000007fef17fa000 	C:\Xilinx\SDK\2016.2\lib\win64.o\libisl_sysinfo.dll
0x000007feebf40000 - 0x000007feec014000 	C:\Windows\system32\MSVCR110.dll
0x000007feebe60000 - 0x000007feebf07000 	C:\Windows\system32\MSVCP110.dll
0x000007fec22c0000 - 0x000007fec2d00000 	C:\Xilinx\SDK\2016.2\lib\win64.o\librdi_common.dll
0x000007fec33d0000 - 0x000007fec373e000 	C:\Xilinx\SDK\2016.2\lib\win64.o\libCOIN-all.dll
0x000007fec3f60000 - 0x000007fec417f000 	C:\Xilinx\SDK\2016.2\lib\win64.o\libXil_lmgr11.dll
0x000007fefb450000 - 0x000007fefb466000 	C:\Windows\system32\NETAPI32.dll
0x000007fefc810000 - 0x000007fefc81c000 	C:\Windows\system32\netutils.dll
0x000007fefce60000 - 0x000007fefce83000 	C:\Windows\system32\srvcli.dll
0x000007fefb430000 - 0x000007fefb445000 	C:\Windows\system32\wkscli.dll
0x000007fefd760000 - 0x000007fefd79b000 	C:\Windows\system32\WINTRUST.dll
0x000007fef4c10000 - 0x000007fef4c20000 	C:\Xilinx\SDK\2016.2\lib\win64.o\libboost_date_time.dll
0x000007fef0850000 - 0x000007fef0874000 	C:\Xilinx\SDK\2016.2\lib\win64.o\libboost_filesystem.dll
0x000007fef3e00000 - 0x000007fef3e09000 	C:\Xilinx\SDK\2016.2\lib\win64.o\libboost_system.dll
0x000007fec4670000 - 0x000007fec46e7000 	C:\Xilinx\SDK\2016.2\lib\win64.o\libboost_program_options.dll
0x000007fec4560000 - 0x000007fec4666000 	C:\Xilinx\SDK\2016.2\lib\win64.o\libboost_regex.dll
0x000007fef17b0000 - 0x000007fef17c3000 	C:\Xilinx\SDK\2016.2\lib\win64.o\libboost_signals.dll
0x000007fef0830000 - 0x000007fef084d000 	C:\Xilinx\SDK\2016.2\lib\win64.o\libboost_thread.dll
0x000007fef3dd0000 - 0x000007fef3ddb000 	C:\Xilinx\SDK\2016.2\lib\win64.o\libboost_chrono.dll
0x000007fef0e80000 - 0x000007fef0e8b000 	C:\Xilinx\SDK\2016.2\lib\win64.o\libboost_xilinx.dll
0x000007fec44e0000 - 0x000007fec4560000 	C:\Xilinx\SDK\2016.2\lib\win64.o\libhdlpsolve.dll
0x000007fec3330000 - 0x000007fec33ca000 	C:\Xilinx\SDK\2016.2\lib\win64.o\libhdxml.dll
0x000007fec2ec0000 - 0x000007fec3325e00 	C:\Xilinx\SDK\2016.2\lib\win64.o\libisl_iostreams.dll
0x000007fef0780000 - 0x000007fef0796000 	C:\Xilinx\SDK\2016.2\lib\win64.o\libboost_iostreams.dll
0x000007fec44b0000 - 0x000007fec44d3000 	C:\Xilinx\SDK\2016.2\lib\win64.o\librdizlib.dll
0x000007fec49e0000 - 0x000007fec4a03000 	C:\Xilinx\SDK\2016.2\lib\win64.o\libisl_iosutils.dll
0x000007fec49c0000 - 0x000007fec49d5000 	C:\Xilinx\SDK\2016.2\lib\win64.o\pthreadVC2.dll
0x000007fec2e60000 - 0x000007fec2eb4000 	C:\Xilinx\SDK\2016.2\lib\win64.o\librdi_commonxillic.dll
0x000007fec2d30000 - 0x000007fec2e60000 	C:\Xilinx\SDK\2016.2\lib\win64.o\librdi_curl.dll
0x000007fec4490000 - 0x000007fec44a8000 	C:\Xilinx\SDK\2016.2\lib\win64.o\librdiconfig.dll
0x0000000070570000 - 0x0000000070697000 	C:\Xilinx\SDK\2016.2\lib\win64.o\tcl85t.dll
0x00000000253d0000 - 0x0000000025633000 	C:\Xilinx\SDK\2016.2\lib\win64.o\xerces-c_3_1.dll
0x000007fefe270000 - 0x000007fefe3f6000 	C:\Windows\system32\urlmon.dll
0x000007fefd590000 - 0x000007fefd594000 	C:\Windows\system32\api-ms-win-downlevel-ole32-l1-1-0.dll
0x000007fef0420000 - 0x000007fef0443000 	C:\Windows\system32\VCOMP110.DLL
0x000007fec20c0000 - 0x000007fec22b2000 	C:\Xilinx\SDK\2016.2\lib\win64.o\librdi_hsm.dll
0x000007fec2070000 - 0x000007fec20b3000 	C:\Xilinx\SDK\2016.2\lib\win64.o\librdi_hdf.dll
0x000007fec1de0000 - 0x000007fec2061000 	C:\Xilinx\SDK\2016.2\lib\win64.o\librdi_ippcw.dll
0x0000000071080000 - 0x00000000710a6000 	C:\Xilinx\SDK\2016.2\eclipse\win64.o\plugins\gnu.io.rxtx.win32.x86_64_2.1.7.3_v20071015\os\win32\x86_64\rxtxSerial.dll
0x000007fef1830000 - 0x000007fef183a000 	C:\Xilinx\SDK\2016.2\lib\win64.o\librdi_jtag_settings.dll
0x000007fec1020000 - 0x000007fec1049000 	C:\Xilinx\SDK\2016.2\lib\win64.o\librdi_debug_dialog.dll
0x000007fef0900000 - 0x000007fef0908000 	C:\Xilinx\SDK\2016.2\lib\win64.o\librdi_target_manager.dll
0x000007feb65f0000 - 0x000007feb6e00000 	C:\Xilinx\SDK\2016.2\lib\win64.o\libXil_lmgr11FNP.dll
0x000007fef5920000 - 0x000007fef592b000 	C:\Windows\system32\snmpapi.dll

VM Arguments:
jvm_args: -Dcom.xilinx.sdk.args.hwspec=W:/temp532/project_1/project_1.sdk/design_1_wrapper.hdf -Xms64m -Xmx512m & 
java_command: <unknown>
java_class_path (initial): C:\Xilinx\SDK\2016.2\eclipse\win64.o\\plugins/org.eclipse.equinox.launcher_1.3.100.v20150511-1540.jar
Launcher Type: generic

Environment Variables:
PATH=C:/Xilinx/SDK/2016.2/tps/win64/jre/bin/server;C:/Xilinx/SDK/2016.2/tps/win64/jre/bin;C:/Xilinx/SDK/2016.2/tps/win64/jre/lib/amd64;C:\Xilinx\SDK\2016.2\gnuwin\bin;C:\Xilinx\SDK\2016.2\gnu\microblaze\nt\bin;C:\Xilinx\SDK\2016.2\gnu\microblaze\linux_toolchain\nt64_le\bin;C:\Xilinx\SDK\2016.2\gnu\microblaze\linux_toolchain\nt64_be\bin;C:\Xilinx\SDK\2016.2\gnu\arm\nt\bin;C:\Xilinx\SDK\2016.2\gnu\aarch64\nt\aarch64-none\bin;C:\Xilinx\SDK\2016.2\gnu\aarch64\nt\aarch64-linux\bin;C:\Xilinx\SDK\2016.2\gnu\armr5\nt\gcc-arm-none-eabi\bin;C:\Xilinx\SDK\2016.2\gnu\aarch32\nt\gcc-arm-none-eabi\bin;C:\Xilinx\SDK\2016.2\gnu\aarch32\nt\gcc-arm-linux-gnueabi\bin;C:\Xilinx\SDK\2016.2\tps\win64\cmake-3.3.2\bin;;C:\Xilinx\SDK\2016.2\bin;C:\Xilinx\SDK\2016.2\lib\win64.o;C:\Xilinx\SDK\2016.2\tps\win64\jre\bin\server;C:\Xilinx\SDK\2016.2\tps\win64\jre\bin;C:\Xilinx\Vivado\2016.2\ids_lite\ISE\bin\nt64;C:\Xilinx\Vivado\2016.2\ids_lite\ISE\lib\nt64;C:\Xilinx\Vivado\2016.2\bin;C:\Xilinx\Vivado\2016.2\lib\win64.o;C:\Xilinx\Vivado\2016.2\tps\win64\jre\bin\server;C:\Xilinx\Vivado\2016.2\tps\win64\jre\bin;C:\Xilinx\Vivado_HLS\2016.2\bin;C:\Windows\system32;C:\Windows;C:\Windows\System32\Wbem;C:\Windows\System32\WindowsPowerShell\v1.0\;C:\Program Files (x86)\Java\jre6\bin;C:\Program Files (x86)\eclipse;C:\altera\16.0\quartus\bin64;c:\altera\16.0\quartus\bin64\jre64\bin;w:\temp532\project_1;
USERNAME=milwidya
OS=Windows_NT
PROCESSOR_IDENTIFIER=Intel64 Family 6 Model 60 Stepping 3, GenuineIntel



---------------  S Y S T E M  ---------------

OS: Windows 7 , 64 bit Build 7601 (6.1.7601.23418)

CPU:total 8 (4 cores per cpu, 2 threads per core) family 6 model 60 stepping 3, cmov, cx8, fxsr, mmx, sse, sse2, sse3, ssse3, sse4.1, sse4.2, popcnt, avx, avx2, aes, clmul, erms, lzcnt, ht, tsc, tscinvbit, bmi1, bmi2

Memory: 4k page, physical 16683160k(11881228k free), swap 33364460k(28262712k free)

vm_info: Java HotSpot(TM) 64-Bit Server VM (25.66-b18) for windows-amd64 JRE (1.8.0_66-b18), built on Nov  9 2015 10:51:13 by "java_re" with MS VC++ 10.0 (VS2010)

time: Thu Mar 30 11:49:21 2017
elapsed time: 861 seconds (0d 0h 14m 21s)

