#
# A fatal error has been detected by the Java Runtime Environment:
#
#  EXCEPTION_ACCESS_VIOLATION (0xc0000005) at pc=0x000007fedbbe244e, pid=3280, tid=1216
#
# JRE version: Java(TM) SE Runtime Environment (8.0_66-b18) (build 1.8.0_66-b18)
# Java VM: Java HotSpot(TM) 64-Bit Server VM (25.66-b18 mixed mode windows-amd64 compressed oops)
# Problematic frame:
# C  [librdi_filemgmt.dll+0xa244e]
#
# Failed to write core dump. Minidumps are not enabled by default on client versions of Windows
#
# If you would like to submit a bug report, please visit:
#   http://bugreport.java.com/bugreport/crash.jsp
# The crash happened outside the Java Virtual Machine in native code.
# See problematic frame for where to report the bug.
#

---------------  T H R E A D  ---------------

Current thread (0x0000000048a31000):  JavaThread "Code Inspector" [_thread_in_native, id=1216, stack(0x00000000588e0000,0x0000000058de0000)]

siginfo: ExceptionCode=0xc0000005, reading address 0xffffffffffffffff

Registers:
RAX=0x70692f2e2e2f2e2e, RBX=0x0000000023fc0320, RCX=0x0000000023fc04d0, RDX=0x782f646572616873
RSP=0x0000000058ddeca8, RBP=0x0000000000000000, RSI=0x0000000037cf40d0, RDI=0x0000000023fc0320
R8 =0x0000000023fc04d0, R9 =0x000000000a92f080, R10=0x00000000226f04e0, R11=0x00000000226f04e0
R12=0x0000000038ad0460, R13=0x0000000038ad6e18, R14=0x0000000000000000, R15=0x0000000038ad6f20
RIP=0x000007fedbbe244e, EFLAGS=0x0000000000010287

Top of Stack: (sp=0x0000000058ddeca8)
0x0000000058ddeca8:   000007fedbbdf3f9 0000000001d80020
0x0000000058ddecb8:   0000000000000028 0000000000000000
0x0000000058ddecc8:   000007fedbbff19f fffffffffffffffe
0x0000000058ddecd8:   00000000226f04e0 0000000058dded68
0x0000000058ddece8:   000007fedbbe1286 0000000023fc0320
0x0000000058ddecf8:   000007fedbbff0a0 00000000358f5300
0x0000000058dded08:   0000000021f12600 fffffffffffffffe
0x0000000058dded18:   0000000000000042 0000000038ad6db0
0x0000000058dded28:   000007fedbd1dfd4 00000000358f5300
0x0000000058dded38:   0000000023fc0320 0000000058ddeda9
0x0000000058dded48:   0000000000000042 0000000021f12400
0x0000000058dded58:   0000000038ad6db0 fffffffffffffffe
0x0000000058dded68:   00000000226f04e0 00000000226f04e4
0x0000000058dded78:   00000000226f04e4 0000000000000101
0x0000000058dded88:   000000000a92f048 000018255136ce4f
0x0000000058dded98:   000000000a917a15 0000000001d80020 

Instructions: (pc=0x000007fedbbe244e)
0x000007fedbbe242e:   cc cc 48 8b 41 18 48 8d 50 08 48 89 51 18 48 8b
0x000007fedbbe243e:   51 20 48 89 41 10 48 39 51 18 75 04 c6 41 08 00
0x000007fedbbe244e:   48 8b 00 c3 cc cc cc cc cc cc cc cc cc cc cc cc
0x000007fedbbe245e:   cc cc 48 8b 41 18 48 8d 50 08 48 89 51 18 48 8b 


Register to memory mapping:

RAX=0x70692f2e2e2f2e2e is an unknown value
RBX=0x0000000023fc0320 is an unknown value
RCX=0x0000000023fc04d0 is an unknown value
RDX=0x782f646572616873 is an unknown value
RSP=0x0000000058ddeca8 is pointing into the stack for thread: 0x0000000048a31000
RBP=0x0000000000000000 is an unknown value
RSI=0x0000000037cf40d0 is an unknown value
RDI=0x0000000023fc0320 is an unknown value
R8 =0x0000000023fc04d0 is an unknown value
R9 =0x000000000a92f080 is an unknown value
R10=0x00000000226f04e0 is an unknown value
R11=0x00000000226f04e0 is an unknown value
R12=0x0000000038ad0460 is an unknown value
R13=0x0000000038ad6e18 is an unknown value
R14=0x0000000000000000 is an unknown value
R15=0x0000000038ad6f20 is an unknown value


Stack: [0x00000000588e0000,0x0000000058de0000],  sp=0x0000000058ddeca8,  free space=5115k
Native frames: (J=compiled Java code, j=interpreted, Vv=VM code, C=native code)

Java frames: (J=compiled Java code, j=interpreted, Vv=VM code)
j  ui.data.srcscan.srcscani.EditorAssist_refresh(J)V+0
j  ui.data.h.a.refresh(Ljava/lang/String;)V+4
j  ui.views.P.a.at.inspect(Lcom/jidesoft/editor/CodeEditor;Ljavax/swing/event/DocumentEvent;Lcom/jidesoft/marker/MarkerModel;)V+44
j  ui.views.P.a.ad.construct()Ljava/lang/Object;+90
j  ui.frmwork.D.run()V+23
j  java.lang.Thread.run()V+11
v  ~StubRoutines::call_stub

---------------  P R O C E S S  ---------------

Java Threads: ( => current thread )
  0x0000000054fb7800 JavaThread "Image Fetcher 0" daemon [_thread_blocked, id=2124, stack(0x000000005c670000,0x000000005cb70000)]
=>0x0000000048a31000 JavaThread "Code Inspector" [_thread_in_native, id=1216, stack(0x00000000588e0000,0x0000000058de0000)]
  0x000000004af58000 JavaThread "Image Fetcher 1" daemon [_thread_blocked, id=692, stack(0x0000000056160000,0x0000000056660000)]
  0x00000000265ed000 JavaThread "hw_ila_monitor" [_thread_blocked, id=3732, stack(0x0000000036730000,0x0000000036c30000)]
  0x0000000035a29800 JavaThread "Update Runs" [_thread_blocked, id=4368, stack(0x0000000036040000,0x0000000036540000)]
  0x0000000029abd800 JavaThread "Refresh Filesets" [_thread_blocked, id=4296, stack(0x0000000035ac0000,0x0000000035fc0000)]
  0x0000000025105800 JavaThread "Swing-Shell" daemon [_thread_blocked, id=3936, stack(0x0000000029070000,0x0000000029570000)]
  0x0000000027673800 JavaThread "Monitor File Timestamp" [_thread_blocked, id=1440, stack(0x0000000028160000,0x0000000028660000)]
  0x0000000007386000 JavaThread "Process Messages" [_thread_blocked, id=3216, stack(0x0000000025480000,0x0000000025980000)]
  0x000000000738b000 JavaThread "Thread-3" [_thread_in_native, id=1428, stack(0x00000000026d0000,0x0000000003ad0000)]
  0x0000000003f5d800 JavaThread "AWT-EventQueue-0" [_thread_in_native, id=1588, stack(0x0000000024bf0000,0x00000000250f0000)]
  0x0000000021d14000 JavaThread "AWT-Windows" daemon [_thread_in_native, id=1332, stack(0x0000000023a40000,0x0000000023f40000)]
  0x0000000021d17800 JavaThread "AWT-Shutdown" [_thread_blocked, id=2312, stack(0x00000000233e0000,0x00000000238e0000)]
  0x00000000109e1000 JavaThread "Java2D Disposer" daemon [_thread_blocked, id=3444, stack(0x0000000022e30000,0x0000000023330000)]
  0x00000000109c4000 JavaThread "TimerQueue" daemon [_thread_blocked, id=3356, stack(0x0000000022810000,0x0000000022d10000)]
  0x000000000a4e5800 JavaThread "Service Thread" daemon [_thread_blocked, id=4648, stack(0x00000000213e0000,0x00000000218e0000)]
  0x00000000091a6000 JavaThread "C1 CompilerThread3" daemon [_thread_blocked, id=3436, stack(0x000000000a7a0000,0x000000000a8a0000)]
  0x00000000091a7800 JavaThread "C2 CompilerThread2" daemon [_thread_in_native, id=3540, stack(0x000000000a2e0000,0x000000000a3e0000)]
  0x00000000091a9000 JavaThread "C2 CompilerThread1" daemon [_thread_blocked, id=5028, stack(0x0000000021290000,0x0000000021390000)]
  0x00000000091aa800 JavaThread "C2 CompilerThread0" daemon [_thread_blocked, id=3740, stack(0x000000000a650000,0x000000000a750000)]
  0x00000000091ac000 JavaThread "Attach Listener" daemon [_thread_blocked, id=2704, stack(0x0000000011a80000,0x0000000011f80000)]
  0x00000000091ad800 JavaThread "Signal Dispatcher" daemon [_thread_blocked, id=3460, stack(0x00000000114f0000,0x00000000119f0000)]
  0x0000000009108800 JavaThread "Finalizer" daemon [_thread_blocked, id=3224, stack(0x0000000010fe0000,0x00000000114e0000)]
  0x0000000009109800 JavaThread "Reference Handler" daemon [_thread_blocked, id=720, stack(0x0000000010aa0000,0x0000000010fa0000)]
  0x00000000073a5800 JavaThread "main" [_thread_blocked, id=2168, stack(0x0000000007710000,0x0000000007810000)]

Other Threads:
  0x00000000090f1000 VMThread [stack: 0x000000000a3e0000,0x000000000a4e0000] [id=1544]
  0x000000000a5c7800 WatcherThread [stack: 0x0000000021980000,0x0000000021a80000] [id=4080]

VM state:not at safepoint (normal execution)

VM Mutex/Monitor currently owned by a thread: None

Heap:
 PSYoungGen      total 40960K, used 19047K [0x00000007bc400000, 0x00000007c0000000, 0x00000007c0000000)
  eden space 20480K, 85% used [0x00000007bc400000,0x00000007bd519f50,0x00000007bd800000)
  from space 20480K, 7% used [0x00000007bec00000,0x00000007bed80000,0x00000007c0000000)
  to   space 20480K, 0% used [0x00000007bd800000,0x00000007bd800000,0x00000007bec00000)
 ParOldGen       total 150528K, used 122189K [0x0000000700000000, 0x0000000709300000, 0x00000007bc400000)
  object space 150528K, 81% used [0x0000000700000000,0x0000000707753610,0x0000000709300000)
 Metaspace       used 65713K, capacity 66144K, committed 66816K, reserved 1105920K
  class space    used 9746K, capacity 9874K, committed 9984K, reserved 1048576K

Card table byte_map: [0x0000000007bd0000,0x00000000081e0000] byte_map_base: 0x00000000043d0000

Marking Bits: (ParMarkBitMap*) 0x00000000739fa5b0
 Begin Bits: [0x000000000a990000, 0x000000000d990000)
 End Bits:   [0x000000000d990000, 0x0000000010990000)

Polling page: 0x0000000000240000

CodeCache: size=245760Kb used=47601Kb max_used=47613Kb free=198158Kb
 bounds [0x0000000012270000, 0x0000000015150000, 0x0000000021270000]
 total_blobs=13018 nmethods=12093 adapters=831
 compilation: enabled

Compilation events (10 events):
Event: 321.799 Thread 0x00000000091aa800 nmethod 15769 0x0000000015138890 code [0x0000000015138a80, 0x0000000015138fb0]
Event: 322.220 Thread 0x00000000091a7800 15770 %s    4       ui.data.common.M::yz @ 21 (87 bytes)
Event: 322.225 Thread 0x00000000091a7800 nmethod 15770% 0x0000000015131350 code [0x00000000151314c0, 0x0000000015131be8]
Event: 322.246 Thread 0x00000000091a6000 15771       3       com.jidesoft.grid.SortableTableHeaderCellDecorator::getSortInfo (343 bytes)
Event: 322.247 Thread 0x00000000091a9000 15772       4       javax.swing.table.JTableHeader::getHeaderRect (162 bytes)
Event: 322.248 Thread 0x00000000091a6000 nmethod 15771 0x0000000015145010 code [0x0000000015145340, 0x0000000015147a38]
Event: 322.253 Thread 0x00000000091a9000 nmethod 15772 0x0000000015132e10 code [0x0000000015132f80, 0x00000000151339d8]
Event: 322.404 Thread 0x00000000091aa800 15773       4       ui.views.b.w::eXh (36 bytes)
Event: 322.405 Thread 0x00000000091aa800 nmethod 15773 0x00000000150f8b10 code [0x00000000150f8c60, 0x00000000150f8d68]
Event: 322.406 Thread 0x00000000091a7800 15774       4       javax.swing.tree.VariableHeightLayoutCache$TreeStateNode::expand (532 bytes)

GC Heap History (10 events):
Event: 319.634 GC heap before
{Heap before GC invocations=104 (full 10):
 PSYoungGen      total 40960K, used 33504K [0x00000007bc400000, 0x00000007c0000000, 0x00000007c0000000)
  eden space 20480K, 100% used [0x00000007bc400000,0x00000007bd800000,0x00000007bd800000)
  from space 20480K, 63% used [0x00000007bd800000,0x00000007be4b8000,0x00000007bec00000)
  to   space 20480K, 0% used [0x00000007bec00000,0x00000007bec00000,0x00000007c0000000)
 ParOldGen       total 150528K, used 108004K [0x0000000700000000, 0x0000000709300000, 0x00000007bc400000)
  object space 150528K, 71% used [0x0000000700000000,0x0000000706979390,0x0000000709300000)
 Metaspace       used 65601K, capacity 65984K, committed 66432K, reserved 1105920K
  class space    used 9739K, capacity 9842K, committed 9856K, reserved 1048576K
Event: 319.642 GC heap after
Heap after GC invocations=104 (full 10):
 PSYoungGen      total 40960K, used 10848K [0x00000007bc400000, 0x00000007c0000000, 0x00000007c0000000)
  eden space 20480K, 0% used [0x00000007bc400000,0x00000007bc400000,0x00000007bd800000)
  from space 20480K, 52% used [0x00000007bec00000,0x00000007bf698000,0x00000007c0000000)
  to   space 20480K, 0% used [0x00000007bd800000,0x00000007bd800000,0x00000007bec00000)
 ParOldGen       total 150528K, used 111088K [0x0000000700000000, 0x0000000709300000, 0x00000007bc400000)
  object space 150528K, 73% used [0x0000000700000000,0x0000000706c7c3d0,0x0000000709300000)
 Metaspace       used 65601K, capacity 65984K, committed 66432K, reserved 1105920K
  class space    used 9739K, capacity 9842K, committed 9856K, reserved 1048576K
}
Event: 319.806 GC heap before
{Heap before GC invocations=105 (full 10):
 PSYoungGen      total 40960K, used 31328K [0x00000007bc400000, 0x00000007c0000000, 0x00000007c0000000)
  eden space 20480K, 100% used [0x00000007bc400000,0x00000007bd800000,0x00000007bd800000)
  from space 20480K, 52% used [0x00000007bec00000,0x00000007bf698000,0x00000007c0000000)
  to   space 20480K, 0% used [0x00000007bd800000,0x00000007bd800000,0x00000007bec00000)
 ParOldGen       total 150528K, used 111088K [0x0000000700000000, 0x0000000709300000, 0x00000007bc400000)
  object space 150528K, 73% used [0x0000000700000000,0x0000000706c7c3d0,0x0000000709300000)
 Metaspace       used 65647K, capacity 66080K, committed 66560K, reserved 1105920K
  class space    used 9745K, capacity 9874K, committed 9984K, reserved 1048576K
Event: 319.812 GC heap after
Heap after GC invocations=105 (full 10):
 PSYoungGen      total 40960K, used 7273K [0x00000007bc400000, 0x00000007c0000000, 0x00000007c0000000)
  eden space 20480K, 0% used [0x00000007bc400000,0x00000007bc400000,0x00000007bd800000)
  from space 20480K, 35% used [0x00000007bd800000,0x00000007bdf1a520,0x00000007bec00000)
  to   space 20480K, 0% used [0x00000007bec00000,0x00000007bec00000,0x00000007c0000000)
 ParOldGen       total 150528K, used 114997K [0x0000000700000000, 0x0000000709300000, 0x00000007bc400000)
  object space 150528K, 76% used [0x0000000700000000,0x000000070704d7e0,0x0000000709300000)
 Metaspace       used 65647K, capacity 66080K, committed 66560K, reserved 1105920K
  class space    used 9745K, capacity 9874K, committed 9984K, reserved 1048576K
}
Event: 320.358 GC heap before
{Heap before GC invocations=106 (full 10):
 PSYoungGen      total 40960K, used 27753K [0x00000007bc400000, 0x00000007c0000000, 0x00000007c0000000)
  eden space 20480K, 100% used [0x00000007bc400000,0x00000007bd800000,0x00000007bd800000)
  from space 20480K, 35% used [0x00000007bd800000,0x00000007bdf1a520,0x00000007bec00000)
  to   space 20480K, 0% used [0x00000007bec00000,0x00000007bec00000,0x00000007c0000000)
 ParOldGen       total 150528K, used 114997K [0x0000000700000000, 0x0000000709300000, 0x00000007bc400000)
  object space 150528K, 76% used [0x0000000700000000,0x000000070704d7e0,0x0000000709300000)
 Metaspace       used 65665K, capacity 66080K, committed 66560K, reserved 1105920K
  class space    used 9745K, capacity 9874K, committed 9984K, reserved 1048576K
Event: 320.364 GC heap after
Heap after GC invocations=106 (full 10):
 PSYoungGen      total 40960K, used 1801K [0x00000007bc400000, 0x00000007c0000000, 0x00000007c0000000)
  eden space 20480K, 0% used [0x00000007bc400000,0x00000007bc400000,0x00000007bd800000)
  from space 20480K, 8% used [0x00000007bec00000,0x00000007bedc2520,0x00000007c0000000)
  to   space 20480K, 0% used [0x00000007bd800000,0x00000007bd800000,0x00000007bec00000)
 ParOldGen       total 150528K, used 120765K [0x0000000700000000, 0x0000000709300000, 0x00000007bc400000)
  object space 150528K, 80% used [0x0000000700000000,0x00000007075ef7e0,0x0000000709300000)
 Metaspace       used 65665K, capacity 66080K, committed 66560K, reserved 1105920K
  class space    used 9745K, capacity 9874K, committed 9984K, reserved 1048576K
}
Event: 320.647 GC heap before
{Heap before GC invocations=107 (full 10):
 PSYoungGen      total 40960K, used 22281K [0x00000007bc400000, 0x00000007c0000000, 0x00000007c0000000)
  eden space 20480K, 100% used [0x00000007bc400000,0x00000007bd800000,0x00000007bd800000)
  from space 20480K, 8% used [0x00000007bec00000,0x00000007bedc2520,0x00000007c0000000)
  to   space 20480K, 0% used [0x00000007bd800000,0x00000007bd800000,0x00000007bec00000)
 ParOldGen       total 150528K, used 120765K [0x0000000700000000, 0x0000000709300000, 0x00000007bc400000)
  object space 150528K, 80% used [0x0000000700000000,0x00000007075ef7e0,0x0000000709300000)
 Metaspace       used 65676K, capacity 66080K, committed 66560K, reserved 1105920K
  class space    used 9745K, capacity 9874K, committed 9984K, reserved 1048576K
Event: 320.651 GC heap after
Heap after GC invocations=107 (full 10):
 PSYoungGen      total 40960K, used 1577K [0x00000007bc400000, 0x00000007c0000000, 0x00000007c0000000)
  eden space 20480K, 0% used [0x00000007bc400000,0x00000007bc400000,0x00000007bd800000)
  from space 20480K, 7% used [0x00000007bd800000,0x00000007bd98a520,0x00000007bec00000)
  to   space 20480K, 0% used [0x00000007bec00000,0x00000007bec00000,0x00000007c0000000)
 ParOldGen       total 150528K, used 121500K [0x0000000700000000, 0x0000000709300000, 0x00000007bc400000)
  object space 150528K, 80% used [0x0000000700000000,0x00000007076a70e0,0x0000000709300000)
 Metaspace       used 65676K, capacity 66080K, committed 66560K, reserved 1105920K
  class space    used 9745K, capacity 9874K, committed 9984K, reserved 1048576K
}
Event: 321.426 GC heap before
{Heap before GC invocations=108 (full 10):
 PSYoungGen      total 40960K, used 22057K [0x00000007bc400000, 0x00000007c0000000, 0x00000007c0000000)
  eden space 20480K, 100% used [0x00000007bc400000,0x00000007bd800000,0x00000007bd800000)
  from space 20480K, 7% used [0x00000007bd800000,0x00000007bd98a520,0x00000007bec00000)
  to   space 20480K, 0% used [0x00000007bec00000,0x00000007bec00000,0x00000007c0000000)
 ParOldGen       total 150528K, used 121500K [0x0000000700000000, 0x0000000709300000, 0x00000007bc400000)
  object space 150528K, 80% used [0x0000000700000000,0x00000007076a70e0,0x0000000709300000)
 Metaspace       used 65692K, capacity 66080K, committed 66560K, reserved 1105920K
  class space    used 9745K, capacity 9874K, committed 9984K, reserved 1048576K
Event: 321.431 GC heap after
Heap after GC invocations=108 (full 10):
 PSYoungGen      total 40960K, used 1536K [0x00000007bc400000, 0x00000007c0000000, 0x00000007c0000000)
  eden space 20480K, 0% used [0x00000007bc400000,0x00000007bc400000,0x00000007bd800000)
  from space 20480K, 7% used [0x00000007bec00000,0x00000007bed80000,0x00000007c0000000)
  to   space 20480K, 0% used [0x00000007bd800000,0x00000007bd800000,0x00000007bec00000)
 ParOldGen       total 150528K, used 122189K [0x0000000700000000, 0x0000000709300000, 0x00000007bc400000)
  object space 150528K, 81% used [0x0000000700000000,0x0000000707753610,0x0000000709300000)
 Metaspace       used 65692K, capacity 66080K, committed 66560K, reserved 1105920K
  class space    used 9745K, capacity 9874K, committed 9984K, reserved 1048576K
}

Deoptimization events (10 events):
Event: 319.937 Thread 0x0000000003f5d800 Uncommon trap: reason=unstable_if action=reinterpret pc=0x0000000014dfc648 method=ui.g.g.j.a.g.getTableCellRendererComponent(Ljavax/swing/JTable;Ljava/lang/Object;ZZII)Ljava/awt/Component; @ 84
Event: 319.937 Thread 0x0000000003f5d800 Uncommon trap: reason=unstable_if action=reinterpret pc=0x0000000012e15e84 method=ui.b.c.b.I.isSelectedIndex(I)Z @ 62
Event: 319.937 Thread 0x0000000003f5d800 Uncommon trap: reason=unstable_if action=reinterpret pc=0x0000000014ecf60c method=com.jidesoft.grid.CellStyleTable.a(IILjava/awt/Component;Lcom/jidesoft/grid/CellStyle;Z)V @ 78
Event: 319.937 Thread 0x0000000003f5d800 Uncommon trap: reason=unstable_if action=reinterpret pc=0x0000000014e6f4ac method=ui.b.c.b.I.isSelectedIndex(I)Z @ 62
Event: 319.937 Thread 0x0000000003f5d800 Uncommon trap: reason=unstable_if action=reinterpret pc=0x000000001401cdd8 method=ui.b.c.b.I.isSelectedIndex(I)Z @ 62
Event: 319.938 Thread 0x0000000003f5d800 Uncommon trap: reason=unstable_if action=reinterpret pc=0x0000000012c1bdf8 method=javax.swing.JTable.isCellSelected(II)Z @ 28
Event: 319.938 Thread 0x0000000003f5d800 Uncommon trap: reason=unstable_if action=reinterpret pc=0x0000000014e70974 method=com.jidesoft.grid.CellStyleTable.a(Ljavax/swing/table/TableCellRenderer;IILjava/awt/Component;Z)V @ 80
Event: 319.938 Thread 0x0000000003f5d800 Uncommon trap: reason=unstable_if action=reinterpret pc=0x000000001401b660 method=ui.b.c.b.I.isSelectedIndex(I)Z @ 62
Event: 322.243 Thread 0x0000000003f5d800 Uncommon trap: reason=class_check action=maybe_recompile pc=0x0000000014f47b80 method=com.jidesoft.document.c.a(Ljava/awt/AWTEvent;)V @ 211
Event: 322.244 Thread 0x0000000003f5d800 Uncommon trap: reason=class_check action=maybe_recompile pc=0x0000000014f47b2c method=com.jidesoft.document.c.a(Ljava/awt/AWTEvent;)V @ 688

Internal exceptions (10 events):
Event: 320.115 Thread 0x0000000003f5d800 Exception <a 'ui/frmwork/CommandFailedException'> (0x00000007bd0cc638) thrown at [C:\re\workspace\8-2-build-windows-amd64-cygwin\jdk8u66\5298\hotspot\src\share\vm\prims\jni.cpp, line 709]
Event: 320.115 Thread 0x0000000003f5d800 Exception <a 'ui/frmwork/CommandFailedException'> (0x00000007bd0d0e20) thrown at [C:\re\workspace\8-2-build-windows-amd64-cygwin\jdk8u66\5298\hotspot\src\share\vm\prims\jni.cpp, line 709]
Event: 320.123 Thread 0x0000000003f5d800 Exception <a 'ui/frmwork/CommandFailedException'> (0x00000007bd0d6ef8) thrown at [C:\re\workspace\8-2-build-windows-amd64-cygwin\jdk8u66\5298\hotspot\src\share\vm\prims\jni.cpp, line 709]
Event: 320.123 Thread 0x0000000003f5d800 Exception <a 'ui/frmwork/CommandFailedException'> (0x00000007bd0db758) thrown at [C:\re\workspace\8-2-build-windows-amd64-cygwin\jdk8u66\5298\hotspot\src\share\vm\prims\jni.cpp, line 709]
Event: 320.155 Thread 0x0000000003f5d800 Exception <a 'ui/frmwork/CommandFailedException'> (0x00000007bd0e8af0) thrown at [C:\re\workspace\8-2-build-windows-amd64-cygwin\jdk8u66\5298\hotspot\src\share\vm\prims\jni.cpp, line 709]
Event: 320.155 Thread 0x0000000003f5d800 Exception <a 'ui/frmwork/CommandFailedException'> (0x00000007bd0ed340) thrown at [C:\re\workspace\8-2-build-windows-amd64-cygwin\jdk8u66\5298\hotspot\src\share\vm\prims\jni.cpp, line 709]
Event: 320.163 Thread 0x0000000003f5d800 Exception <a 'ui/frmwork/CommandFailedException'> (0x00000007bd0f33e0) thrown at [C:\re\workspace\8-2-build-windows-amd64-cygwin\jdk8u66\5298\hotspot\src\share\vm\prims\jni.cpp, line 709]
Event: 320.163 Thread 0x0000000003f5d800 Exception <a 'ui/frmwork/CommandFailedException'> (0x00000007bd0f7bc8) thrown at [C:\re\workspace\8-2-build-windows-amd64-cygwin\jdk8u66\5298\hotspot\src\share\vm\prims\jni.cpp, line 709]
Event: 320.171 Thread 0x0000000003f5d800 Exception <a 'ui/frmwork/CommandFailedException'> (0x00000007bd0fdd40) thrown at [C:\re\workspace\8-2-build-windows-amd64-cygwin\jdk8u66\5298\hotspot\src\share\vm\prims\jni.cpp, line 709]
Event: 320.171 Thread 0x0000000003f5d800 Exception <a 'ui/frmwork/CommandFailedException'> (0x00000007bd1026f8) thrown at [C:\re\workspace\8-2-build-windows-amd64-cygwin\jdk8u66\5298\hotspot\src\share\vm\prims\jni.cpp, line 709]

Events (10 events):
Event: 322.243 Thread 0x0000000003f5d800 Uncommon trap: trap_request=0xffffffde fr.pc=0x0000000014f47b80
Event: 322.243 Thread 0x0000000003f5d800 DEOPT PACKING pc=0x0000000014f47b80 sp=0x00000000250ed4d0
Event: 322.243 Thread 0x0000000003f5d800 DEOPT UNPACKING pc=0x00000000122b582a sp=0x00000000250ed4a0 mode 2
Event: 322.244 Thread 0x0000000003f5d800 Uncommon trap: trap_request=0xffffffde fr.pc=0x0000000014f47b2c
Event: 322.244 Thread 0x0000000003f5d800 DEOPT PACKING pc=0x0000000014f47b2c sp=0x00000000250ed2d0
Event: 322.244 Thread 0x0000000003f5d800 DEOPT UNPACKING pc=0x00000000122b582a sp=0x00000000250ed298 mode 2
Event: 322.403 loading class ui/views/f/a/U
Event: 322.403 loading class ui/views/f/a/U done
Event: 322.403 loading class ui/views/f/a/F
Event: 322.403 loading class ui/views/f/a/F done


Dynamic libraries:
0x000000013f710000 - 0x000000013f740000 	C:\Xilinx\Vivado\2016.2\bin\unwrapped\win64.o\vivado.exe
0x00000000777b0000 - 0x000000007795a000 	C:\Windows\SYSTEM32\ntdll.dll
0x0000000077590000 - 0x00000000776af000 	C:\Windows\system32\kernel32.dll
0x000007fefd510000 - 0x000007fefd57a000 	C:\Windows\system32\KERNELBASE.dll
0x000000000a900000 - 0x000000000a98d000 	C:\Xilinx\Vivado\2016.2\lib\win64.o\SHSMP64.dll
0x00000000776b0000 - 0x00000000777aa000 	C:\Windows\system32\USER32.dll
0x000007fefdb80000 - 0x000007fefdbe7000 	C:\Windows\system32\GDI32.dll
0x000007feff180000 - 0x000007feff18e000 	C:\Windows\system32\LPK.dll
0x000007fefdd80000 - 0x000007fefde4a000 	C:\Windows\system32\USP10.dll
0x000007fefef50000 - 0x000007fefefef000 	C:\Windows\system32\msvcrt.dll
0x000007feff9b0000 - 0x000007feffa8b000 	C:\Windows\system32\ADVAPI32.dll
0x000007feff990000 - 0x000007feff9af000 	C:\Windows\SYSTEM32\sechost.dll
0x000007fefde50000 - 0x000007fefdf7d000 	C:\Windows\system32\RPCRT4.dll
0x000007fefc580000 - 0x000007fefc58c000 	C:\Windows\system32\VERSION.dll
0x000007feeb760000 - 0x000007feeb773000 	C:\Xilinx\Vivado\2016.2\lib\win64.o\libboost_signals.dll
0x000007feebd00000 - 0x000007feebda7000 	C:\Windows\system32\MSVCP110.dll
0x000007feebe30000 - 0x000007feebf04000 	C:\Windows\system32\MSVCR110.dll
0x000007feea250000 - 0x000007feeac90000 	C:\Xilinx\Vivado\2016.2\lib\win64.o\librdi_common.dll
0x000007fee9ee0000 - 0x000007feea24e000 	C:\Xilinx\Vivado\2016.2\lib\win64.o\libCOIN-all.dll
0x000007fee9cc0000 - 0x000007fee9edf000 	C:\Xilinx\Vivado\2016.2\lib\win64.o\libXil_lmgr11.dll
0x000007fefb560000 - 0x000007fefb576000 	C:\Windows\system32\NETAPI32.dll
0x000007fefc920000 - 0x000007fefc92c000 	C:\Windows\system32\netutils.dll
0x000007fefcf00000 - 0x000007fefcf23000 	C:\Windows\system32\srvcli.dll
0x000007fefb540000 - 0x000007fefb555000 	C:\Windows\system32\wkscli.dll
0x000007feff040000 - 0x000007feff0d7000 	C:\Windows\system32\COMDLG32.dll
0x000007fefdbf0000 - 0x000007fefdc61000 	C:\Windows\system32\SHLWAPI.dll
0x000007fef54e0000 - 0x000007fef5580000 	C:\Windows\WinSxS\amd64_microsoft.windows.common-controls_6595b64144ccf1df_5.82.7601.18837_none_a4d981ff711297b6\COMCTL32.dll
0x000007fefdfe0000 - 0x000007fefed69000 	C:\Windows\system32\SHELL32.dll
0x000007fefb5c0000 - 0x000007fefb5c9000 	C:\Windows\system32\WSOCK32.dll
0x000007fefeff0000 - 0x000007feff03d000 	C:\Windows\system32\WS2_32.dll
0x000007feff5b0000 - 0x000007feff5b8000 	C:\Windows\system32\NSI.dll
0x000007feff8b0000 - 0x000007feff988000 	C:\Windows\system32\OLEAUT32.dll
0x000007feff210000 - 0x000007feff413000 	C:\Windows\system32\ole32.dll
0x000007fefd7d0000 - 0x000007fefd80b000 	C:\Windows\system32\WINTRUST.dll
0x000007fefd650000 - 0x000007fefd7bd000 	C:\Windows\system32\CRYPT32.dll
0x000007fefd500000 - 0x000007fefd50f000 	C:\Windows\system32\MSASN1.dll
0x000007fef5a30000 - 0x000007fef5a40000 	C:\Xilinx\Vivado\2016.2\lib\win64.o\libboost_date_time.dll
0x000007feeb730000 - 0x000007feeb754000 	C:\Xilinx\Vivado\2016.2\lib\win64.o\libboost_filesystem.dll
0x000007fef5930000 - 0x000007fef5939000 	C:\Xilinx\Vivado\2016.2\lib\win64.o\libboost_system.dll
0x000007fee9c40000 - 0x000007fee9cb7000 	C:\Xilinx\Vivado\2016.2\lib\win64.o\libboost_program_options.dll
0x000007fee9b30000 - 0x000007fee9c36000 	C:\Xilinx\Vivado\2016.2\lib\win64.o\libboost_regex.dll
0x000007feeb710000 - 0x000007feeb72d000 	C:\Xilinx\Vivado\2016.2\lib\win64.o\libboost_thread.dll
0x000007fef5490000 - 0x000007fef549b000 	C:\Xilinx\Vivado\2016.2\lib\win64.o\libboost_chrono.dll
0x000007fef4d60000 - 0x000007fef4d6b000 	C:\Xilinx\Vivado\2016.2\lib\win64.o\libboost_xilinx.dll
0x000007fee9ab0000 - 0x000007fee9b30000 	C:\Xilinx\Vivado\2016.2\lib\win64.o\libhdlpsolve.dll
0x000007fee9a10000 - 0x000007fee9aaa000 	C:\Xilinx\Vivado\2016.2\lib\win64.o\libhdxml.dll
0x000007fee95a0000 - 0x000007fee9a05e00 	C:\Xilinx\Vivado\2016.2\lib\win64.o\libisl_iostreams.dll
0x000007fee9580000 - 0x000007fee9596000 	C:\Xilinx\Vivado\2016.2\lib\win64.o\libboost_iostreams.dll
0x000007fee9550000 - 0x000007fee9573000 	C:\Xilinx\Vivado\2016.2\lib\win64.o\librdizlib.dll
0x000007fee9520000 - 0x000007fee9543000 	C:\Xilinx\Vivado\2016.2\lib\win64.o\libisl_iosutils.dll
0x000007fee94f0000 - 0x000007fee951a000 	C:\Xilinx\Vivado\2016.2\lib\win64.o\libisl_sysinfo.dll
0x00000000731f0000 - 0x0000000073a79000 	C:\Xilinx\Vivado\2016.2\tps\win64\jre\bin\server\jvm.dll
0x000007fefa220000 - 0x000007fefa25b000 	C:\Windows\system32\WINMM.dll
0x0000000077970000 - 0x0000000077977000 	C:\Windows\system32\PSAPI.DLL
0x0000000073110000 - 0x00000000731e2000 	C:\Windows\system32\MSVCR100.dll
0x000007fee94d0000 - 0x000007fee94e5000 	C:\Xilinx\Vivado\2016.2\lib\win64.o\pthreadVC2.dll
0x000007fee9470000 - 0x000007fee94c4000 	C:\Xilinx\Vivado\2016.2\lib\win64.o\librdi_commonxillic.dll
0x000007fee9340000 - 0x000007fee9470000 	C:\Xilinx\Vivado\2016.2\lib\win64.o\librdi_curl.dll
0x000007fee9320000 - 0x000007fee9338000 	C:\Xilinx\Vivado\2016.2\lib\win64.o\librdiconfig.dll
0x0000000072fe0000 - 0x0000000073107000 	C:\Xilinx\Vivado\2016.2\lib\win64.o\tcl85t.dll
0x0000000012000000 - 0x0000000012263000 	C:\Xilinx\Vivado\2016.2\lib\win64.o\xerces-c_3_1.dll
0x000007feff5c0000 - 0x000007feff885000 	C:\Windows\system32\WININET.dll
0x000007fefd640000 - 0x000007fefd644000 	C:\Windows\system32\api-ms-win-downlevel-user32-l1-1-0.dll
0x000007fefd830000 - 0x000007fefd834000 	C:\Windows\system32\api-ms-win-downlevel-shlwapi-l1-1-0.dll
0x000007fefd7c0000 - 0x000007fefd7c4000 	C:\Windows\system32\api-ms-win-downlevel-version-l1-1-0.dll
0x000007fefd590000 - 0x000007fefd593000 	C:\Windows\system32\api-ms-win-downlevel-normaliz-l1-1-0.dll
0x0000000077980000 - 0x0000000077983000 	C:\Windows\system32\normaliz.DLL
0x000007fefd8b0000 - 0x000007fefdb79000 	C:\Windows\system32\iertutil.dll
0x000007fefd860000 - 0x000007fefd865000 	C:\Windows\system32\api-ms-win-downlevel-advapi32-l1-1-0.dll
0x000007fefd810000 - 0x000007fefd82e000 	C:\Windows\system32\USERENV.dll
0x000007fefd4f0000 - 0x000007fefd4ff000 	C:\Windows\system32\profapi.dll
0x000007fef9880000 - 0x000007fef98f1000 	C:\Windows\system32\WINHTTP.dll
0x000007fef97f0000 - 0x000007fef9854000 	C:\Windows\system32\webio.dll
0x000007feff420000 - 0x000007feff5a6000 	C:\Windows\system32\urlmon.dll
0x000007fefd580000 - 0x000007fefd584000 	C:\Windows\system32\api-ms-win-downlevel-ole32-l1-1-0.dll
0x000007fee92f0000 - 0x000007fee9313000 	C:\Windows\system32\VCOMP110.DLL
0x000007fee92d0000 - 0x000007fee92e1000 	C:\Xilinx\Vivado\2016.2\lib\win64.o\librdi_commonmain.dll
0x000007fef4c80000 - 0x000007fef4c89000 	C:\Xilinx\Vivado\2016.2\lib\win64.o\librdi_commonversion.dll
0x000007feffa90000 - 0x000007feffabe000 	C:\Windows\system32\IMM32.DLL
0x000007fefdc70000 - 0x000007fefdd79000 	C:\Windows\system32\MSCTF.dll
0x000007fee8eb0000 - 0x000007fee92ce000 	C:\Xilinx\Vivado\2016.2\lib\win64.o\librdi_commontasks.dll
0x000007fee7250000 - 0x000007fee8ea6000 	C:\Xilinx\Vivado\2016.2\lib\win64.o\librdi_tcltasks.dll
0x000007fee6fd0000 - 0x000007fee7247000 	C:\Xilinx\Vivado\2016.2\lib\win64.o\librdi_bitstream.dll
0x000007fede100000 - 0x000007fee6fc1000 	C:\Xilinx\Vivado\2016.2\lib\win64.o\librdi_device.dll
0x000007fede0b0000 - 0x000007fede0f7000 	C:\Xilinx\Vivado\2016.2\lib\win64.o\libboost_serialization.dll
0x000007fedd730000 - 0x000007fede0af000 	C:\Xilinx\Vivado\2016.2\lib\win64.o\libverific.dll
0x000007fedd5f0000 - 0x000007fedd72f000 	C:\Xilinx\Vivado\2016.2\lib\win64.o\librdi_board.dll
0x000007fedd590000 - 0x000007fedd5ed000 	C:\Xilinx\Vivado\2016.2\lib\win64.o\librdi_boarddep.dll
0x000007fedd370000 - 0x000007fedd581000 	C:\Xilinx\Vivado\2016.2\lib\win64.o\librdi_chipscope.dll
0x000007fedd300000 - 0x000007fedd363000 	C:\Xilinx\Vivado\2016.2\lib\win64.o\liblmx6.0.dll
0x000007fedc090000 - 0x000007fedd2fb000 	C:\Xilinx\Vivado\2016.2\lib\win64.o\librdi_constraints.dll
0x000007fedbb40000 - 0x000007fedc08a000 	C:\Xilinx\Vivado\2016.2\lib\win64.o\librdi_filemgmt.dll
0x000007fedb950000 - 0x000007fedbb40000 	C:\Xilinx\Vivado\2016.2\lib\win64.o\librdi_sio.dll
0x000007fefaa40000 - 0x000007fefaa67000 	C:\Windows\system32\IPHLPAPI.DLL
0x000007fefaa30000 - 0x000007fefaa3b000 	C:\Windows\system32\WINNSI.DLL
0x000007fedb510000 - 0x000007fedb944000 	C:\Xilinx\Vivado\2016.2\lib\win64.o\librdi_netlist.dll
0x000007fedb030000 - 0x000007fedb501000 	C:\Xilinx\Vivado\2016.2\lib\win64.o\librdi_psta.dll
0x000007fed8520000 - 0x000007fedb023000 	C:\Xilinx\Vivado\2016.2\lib\win64.o\librdi_coregen.dll
0x000007fed7e60000 - 0x000007fed8513000 	C:\Xilinx\Vivado\2016.2\lib\win64.o\librdi_coregenipxact.dll
0x000007fed45f0000 - 0x000007fed7e57000 	C:\Xilinx\Vivado\2016.2\lib\win64.o\librdi_designutils.dll
0x000007fed40b0000 - 0x000007fed45f0000 	C:\Xilinx\Vivado\2016.2\lib\win64.o\librdi_xdm.dll
0x000007fed3b20000 - 0x000007fed40ad000 	C:\Xilinx\Vivado\2016.2\lib\win64.o\librdi_memdata.dll
0x000007fed3610000 - 0x000007fed3b13000 	C:\Xilinx\Vivado\2016.2\lib\win64.o\librdi_drc.dll
0x000007fed2b80000 - 0x000007fed360e000 	C:\Xilinx\Vivado\2016.2\lib\win64.o\librdi_timing.dll
0x000007fed2960000 - 0x000007fed2b80000 	C:\Xilinx\Vivado\2016.2\lib\win64.o\librdi_dlyest.dll
0x000007fed28c0000 - 0x000007fed2957000 	C:\Xilinx\Vivado\2016.2\lib\win64.o\libise.dll
0x000007fed2880000 - 0x000007fed28bb000 	C:\Xilinx\Vivado\2016.2\lib\win64.o\librdi_pfi.dll
0x000007fed2830000 - 0x000007fed2873000 	C:\Xilinx\Vivado\2016.2\lib\win64.o\librdi_hdf.dll
0x000007fed2630000 - 0x000007fed2822000 	C:\Xilinx\Vivado\2016.2\lib\win64.o\librdi_hsm.dll
0x000007fed23a0000 - 0x000007fed2621000 	C:\Xilinx\Vivado\2016.2\lib\win64.o\librdi_ippcw.dll
0x000007fed22b0000 - 0x000007fed2393000 	C:\Xilinx\Vivado\2016.2\lib\win64.o\librdi_containers.dll
0x000007fed21f0000 - 0x000007fed22b0000 	C:\Xilinx\Vivado\2016.2\lib\win64.o\librdi_dsp.dll
0x000007fed2070000 - 0x000007fed21ed000 	C:\Xilinx\Vivado\2016.2\lib\win64.o\librdi_simdata.dll
0x000007fed1cc0000 - 0x000007fed2061000 	C:\Xilinx\Vivado\2016.2\lib\win64.o\librdi_wavedata.dll
0x000007fed1c40000 - 0x000007fed1cbf000 	C:\Xilinx\Vivado\2016.2\lib\win64.o\librdi_simbridge_kernel.dll
0x000007fed1c00000 - 0x000007fed1c3a000 	C:\Xilinx\Vivado\2016.2\lib\win64.o\librdi_wavedata_SimpleApi.dll
0x000007fed19c0000 - 0x000007fed1c00000 	C:\Xilinx\Vivado\2016.2\lib\win64.o\librdi_guitools.dll
0x000007fed0020000 - 0x000007fed19be000 	C:\Xilinx\Vivado\2016.2\lib\win64.o\librdi_place.dll
0x000007fecfa60000 - 0x000007fed001c000 	C:\Xilinx\Vivado\2016.2\lib\win64.o\librdi_abc_nomp.dll
0x000007fecfa40000 - 0x000007fecfa59000 	C:\Xilinx\Vivado\2016.2\lib\win64.o\librdi_hmetis.dll
0x000007fece200000 - 0x000007fecfa31000 	C:\Xilinx\Vivado\2016.2\lib\win64.o\librdi_mig.dll
0x000007fecdc40000 - 0x000007fece1f8000 	C:\Xilinx\Vivado\2016.2\lib\win64.o\librdi_power.dll
0x000007fecd000000 - 0x000007fecdc36000 	C:\Xilinx\Vivado\2016.2\lib\win64.o\librdi_route.dll
0x000007feccb80000 - 0x000007feccffd000 	C:\Xilinx\Vivado\2016.2\lib\win64.o\librdi_project.dll
0x000007fecc4e0000 - 0x000007feccb74000 	C:\Xilinx\Vivado\2016.2\lib\win64.o\librdi_labtools.dll
0x000007fecc4b0000 - 0x000007fecc4d8000 	C:\Xilinx\Vivado\2016.2\lib\win64.o\librdi_commoncwebtalk.dll
0x000007fecc480000 - 0x000007fecc4aa000 	C:\Xilinx\Vivado\2016.2\lib\win64.o\librdi_hcp.dll
0x000007fecc210000 - 0x000007fecc477000 	C:\Xilinx\Vivado\2016.2\lib\win64.o\librdi_xicom_hw.dll

VM Arguments:
jvm_args: -Dsun.java2d.pmoffscreen=false -Dsun.java2d.d3d=false -Dsun.awt.nopixfmt=true -Xverify:none -Dswing.aatext=true -XX:-UsePerfData -Djdk.map.althashing.threshold=512 -XX:StringTableSize=4072 -XX:NewSize=60m -XX:MaxNewSize=60m -Xms128m -Xmx3072m -Xss5m 
java_command: <unknown>
java_class_path (initial): C:/Xilinx/Vivado/2016.2\lib\classes\alloy.jar;C:/Xilinx/Vivado/2016.2\lib\classes\batik-anim.jar;C:/Xilinx/Vivado/2016.2\lib\classes\batik-awt-util.jar;C:/Xilinx/Vivado/2016.2\lib\classes\batik-bridge.jar;C:/Xilinx/Vivado/2016.2\lib\classes\batik-codec.jar;C:/Xilinx/Vivado/2016.2\lib\classes\batik-css.jar;C:/Xilinx/Vivado/2016.2\lib\classes\batik-dom.jar;C:/Xilinx/Vivado/2016.2\lib\classes\batik-ext.jar;C:/Xilinx/Vivado/2016.2\lib\classes\batik-gui-util.jar;C:/Xilinx/Vivado/2016.2\lib\classes\batik-gvt.jar;C:/Xilinx/Vivado/2016.2\lib\classes\batik-parser.jar;C:/Xilinx/Vivado/2016.2\lib\classes\batik-script.jar;C:/Xilinx/Vivado/2016.2\lib\classes\batik-svg-dom.jar;C:/Xilinx/Vivado/2016.2\lib\classes\batik-swing.jar;C:/Xilinx/Vivado/2016.2\lib\classes\batik-transcoder.jar;C:/Xilinx/Vivado/2016.2\lib\classes\batik-util.jar;C:/Xilinx/Vivado/2016.2\lib\classes\batik-xml.jar;C:/Xilinx/Vivado/2016.2\lib\classes\commons-math-2.2.jar;C:/Xilinx/Vivado/2016.2\lib\classes\dom4j-1.6.1.jar;C:/Xilinx/Vivado/2016.2\lib\classes\forms.jar;C:/Xilinx/Vivado/2016.2\lib\classes\guava-18.0.jar;C:/Xilinx/Vivado/2016.2\lib\classes\help.jar;C:/Xilinx/Vivado/2016.2\lib\classes\hsqldb.jar;C:/Xilinx/Vivado/2016.2\lib\classes\jh.jar;C:/Xilinx/Vivado/2016.2\lib\classes\jide-action.jar;C:/Xilinx/Vivado/2016.2\lib\classes\jide-charts.jar;C:/Xilinx/Vivado/2016.2\lib\classes\jide-common.jar;C:/Xilinx/Vivado/2016.2\lib\classes\jide-components.jar;C:/Xilinx/Vivado/2016.2\lib\classes\jide-dashboard.jar;C:/Xilinx/Vivado/2016.2\lib\classes\jide-data.jar;C:/Xilinx/Vivado/2016.2\lib\classes\jide-dialogs.jar;C:/Xilinx/Vivado/2016.2\lib\classes\jide-diff.jar;C:/Xilinx/Vivado/2016.2\lib\classes\jide-dock.jar;C:/Xilinx/Vivado/2016.2\lib\classes\jide-editor.jar;C:/Xilinx/Vivado/2016.2\lib\classes\jide-gantt.jar;C:/Xilinx/Vivado/2016.2\lib\classes\jide-grids.jar;C:/Xilinx/Vivado/2016.2\lib\classes\jide-pivot.jar;C:/Xilinx/Vivado/2016.2\lib\classes\jide-plaf-jdk7.jar;C:/Xilinx/Vivado/2
Launcher Type: generic

Environment Variables:
PATH=C:/Xilinx/Vivado/2016.2/bin;C:/Xilinx/Vivado/2016.2/lib/win64.o;C:/Xilinx/Vivado/2016.2/tps/win64/jre/bin/server;C:/Xilinx/Vivado/2016.2/tps/win64/jre/bin;C:/Xilinx/SDK/2016.2/bin;C:/Xilinx/Vivado/2016.2/ids_lite/ISE/bin/nt64;C:/Xilinx/Vivado/2016.2/ids_lite/ISE/lib/nt64;C:/Xilinx/Vivado_HLS/2016.2/bin;C:\Windows\system32;C:\Windows;C:\Windows\System32\Wbem;C:\Windows\System32\WindowsPowerShell\v1.0\;C:\Program Files (x86)\Java\jre6\bin;C:\Program Files (x86)\eclipse;C:\altera\16.0\quartus\bin64;c:\altera\16.0\quartus\bin64\jre64\bin
USERNAME=milwidya
OS=Windows_NT
PROCESSOR_IDENTIFIER=Intel64 Family 6 Model 60 Stepping 3, GenuineIntel



---------------  S Y S T E M  ---------------

OS: Windows 7 , 64 bit Build 7601 (6.1.7601.23418)

CPU:total 8 (4 cores per cpu, 2 threads per core) family 6 model 60 stepping 3, cmov, cx8, fxsr, mmx, sse, sse2, sse3, ssse3, sse4.1, sse4.2, popcnt, avx, avx2, aes, clmul, erms, lzcnt, ht, tsc, tscinvbit, bmi1, bmi2

Memory: 4k page, physical 16683160k(12437288k free), swap 33364460k(28894032k free)

vm_info: Java HotSpot(TM) 64-Bit Server VM (25.66-b18) for windows-amd64 JRE (1.8.0_66-b18), built on Nov  9 2015 10:51:13 by "java_re" with MS VC++ 10.0 (VS2010)

time: Wed Mar 22 16:06:27 2017
elapsed time: 322 seconds (0d 0h 5m 22s)

