#
# A fatal error has been detected by the Java Runtime Environment:
#
#  EXCEPTION_UNCAUGHT_CXX_EXCEPTION (0xe06d7363) at pc=0x000007fefd66a06d, pid=884, tid=4068
#
# JRE version: Java(TM) SE Runtime Environment (8.0_66-b18) (build 1.8.0_66-b18)
# Java VM: Java HotSpot(TM) 64-Bit Server VM (25.66-b18 mixed mode windows-amd64 compressed oops)
# Problematic frame:
# C  [KERNELBASE.dll+0x1a06d]
#
# Failed to write core dump. Minidumps are not enabled by default on client versions of Windows
#
# If you would like to submit a bug report, please visit:
#   http://bugreport.java.com/bugreport/crash.jsp
#

---------------  T H R E A D  ---------------

Current thread (0x0000000014f92800):  VMThread [stack: 0x0000000015ee0000,0x0000000015fe0000] [id=4068]

siginfo: ExceptionCode=0xe06d7363, ExceptionInformation=0x0000000019930520 0x0000000015fdf4c8 0x000007feebff2cb8 0x000007feebf40000 

Registers:
RAX=0x0000000061fab7bd, RBX=0x000007feebff2cb8, RCX=0x0000000015fded10, RDX=0x00000000000000d0
RSP=0x0000000015fdf320, RBP=0x0000000015fdf450, RSI=0x00000000ffffffff, RDI=0x00000000174df7b0
R8 =0x0000000000000000, R9 =0x0000000000000000, R10=0x000007feebf40000, R11=0x0000000015fdf360
R12=0x0000000000000001, R13=0x0000000000000008, R14=0x0000000000000000, R15=0xffffffffffffffff
RIP=0x000007fefd66a06d, EFLAGS=0x0000000000000206

Top of Stack: (sp=0x0000000015fdf320)
0x0000000015fdf320:   000007feebff2cb8 00000000ffffffff
0x0000000015fdf330:   00000000174df7b0 0000000000258ef0
0x0000000015fdf340:   00000001e06d7363 0000000000000000
0x0000000015fdf350:   000007fefd66a06d 000007fe00000004
0x0000000015fdf360:   0000000019930520 0000000015fdf4c8
0x0000000015fdf370:   000007feebff2cb8 000007feebf40000
0x0000000015fdf380:   0000000000000000 0000000015fdf408
0x0000000015fdf390:   0000000000000028 00000000174df7a0
0x0000000015fdf3a0:   00000000174e3d80 0000000000000000
0x0000000015fdf3b0:   000007fffffa6000 00000000776ef2d3
0x0000000015fdf3c0:   0000000000000000 0000000000000008
0x0000000015fdf3d0:   0000000000000001 00000000174df7b0
0x0000000015fdf3e0:   00000000ffffffff 000007feebf9e92c
0x0000000015fdf3f0:   000007feebff2cb8 0000000015fdf460
0x0000000015fdf400:   0000000000000001 000007feebf400f8
0x0000000015fdf410:   00000001e06d7363 0000000000000000 

Instructions: (pc=0x000007fefd66a06d)
0x000007fefd66a04d:   54 24 24 48 89 4c 24 28 4d 85 c9 0f 85 6a 03 00
0x000007fefd66a05d:   00 89 4c 24 38 48 8d 4c 24 20 ff 15 33 02 03 00
0x000007fefd66a06d:   48 81 c4 c8 00 00 00 c3 90 90 90 90 90 90 90 90
0x000007fefd66a07d:   90 90 90 48 83 ec 28 65 48 8b 04 25 30 00 00 00 


Register to memory mapping:

RAX=0x0000000061fab7bd is an unknown value
RBX=0x000007feebff2cb8 is an unknown value
RCX=0x0000000015fded10 is an unknown value
RDX=0x00000000000000d0 is an unknown value
RSP=0x0000000015fdf320 is an unknown value
RBP=0x0000000015fdf450 is an unknown value
RSI=0x00000000ffffffff is an unallocated location in the heap
RDI=0x00000000174df7b0 is an unknown value
R8 =0x0000000000000000 is an unknown value
R9 =0x0000000000000000 is an unknown value
R10=0x000007feebf40000 is an unknown value
R11=0x0000000015fdf360 is an unknown value
R12=0x0000000000000001 is an unknown value
R13=0x0000000000000008 is an unknown value
R14=0x0000000000000000 is an unknown value
R15=0xffffffffffffffff is an unknown value


Stack: [0x0000000015ee0000,0x0000000015fe0000],  sp=0x0000000015fdf320,  free space=1020k
Native frames: (J=compiled Java code, j=interpreted, Vv=VM code, C=native code)
C  [KERNELBASE.dll+0x1a06d]
C  [MSVCR110.dll+0x5e92c]
C  [MSVCR110.dll+0x1315c]
C  [MSVCR110.dll+0x136a9]
C  [MSVCR110.dll+0x13e9c]
C  [MSVCR110.dll+0x239e]
C  [MSVCR110.dll+0xaf9e]
C  [MSVCP110.dll+0x397b9]
C  [librdi_common.dll+0x182316]
C  [librdi_common.dll+0x180fab]
C  [librdi_target_manager.dll+0x2400]
C  [librdi_target_manager.dll+0x2682]
C  [ntdll.dll+0x229b1]
C  [ntdll.dll+0x227c0]
C  [MSVCR100.dll+0x20ccd]
V  [jvm.dll+0x210cc5]
V  [jvm.dll+0x249897]
V  [jvm.dll+0x248b36]
V  [jvm.dll+0x248fd1]
V  [jvm.dll+0x2491ee]
V  [jvm.dll+0x29a0fa]
C  [MSVCR100.dll+0x21d9f]
C  [MSVCR100.dll+0x21e3b]
C  [kernel32.dll+0x159bd]
C  [ntdll.dll+0x2a2e1]

VM_Operation (0x000000000012f4c0): Exit, mode: safepoint, requested by thread 0x0000000002348000


---------------  P R O C E S S  ---------------

Java Threads: ( => current thread )
  0x0000000016f88000 JavaThread "Thread-304" [_thread_in_native, id=4904, stack(0x0000000028ae0000,0x0000000028be0000)]
  0x000000001a63f000 JavaThread "pool-2-thread-10" [_thread_blocked, id=2128, stack(0x00000000296e0000,0x00000000297e0000)]
  0x000000001a642000 JavaThread "pool-2-thread-9" [_thread_blocked, id=3796, stack(0x00000000295e0000,0x00000000296e0000)]
  0x000000001a641800 JavaThread "pool-2-thread-8" [_thread_blocked, id=3408, stack(0x00000000293e0000,0x00000000294e0000)]
  0x000000001a640800 JavaThread "pool-2-thread-7" [_thread_blocked, id=4336, stack(0x00000000292e0000,0x00000000293e0000)]
  0x000000001a63e800 JavaThread "pool-2-thread-6" [_thread_blocked, id=596, stack(0x00000000276f0000,0x00000000277f0000)]
  0x0000000016b25000 JavaThread "pool-2-thread-5" [_thread_blocked, id=4176, stack(0x00000000288e0000,0x00000000289e0000)]
  0x000000001720e000 JavaThread "pool-2-thread-4" [_thread_blocked, id=3552, stack(0x00000000291e0000,0x00000000292e0000)]
  0x000000001720b000 JavaThread "pool-2-thread-3" [_thread_blocked, id=1224, stack(0x0000000028fe0000,0x00000000290e0000)]
  0x000000001ff5d000 JavaThread "pool-2-thread-2" [_thread_blocked, id=1808, stack(0x0000000028de0000,0x0000000028ee0000)]
  0x000000001ff5b000 JavaThread "pool-2-thread-1" [_thread_blocked, id=1216, stack(0x00000000289e0000,0x0000000028ae0000)]
  0x000000001ff59800 JavaThread "Thread-97" daemon [_thread_blocked, id=2864, stack(0x00000000287e0000,0x00000000288e0000)]
  0x0000000016b23800 JavaThread "TCF Channel Transmitter" daemon [_thread_blocked, id=4196, stack(0x00000000270f0000,0x00000000271f0000)]
  0x0000000016b22800 JavaThread "TCF Channel Receiver" daemon [_thread_in_native, id=2724, stack(0x00000000266d0000,0x00000000267d0000)]
  0x0000000016b20800 JavaThread "Process monitor" daemon [_thread_in_native, id=2944, stack(0x0000000025b00000,0x0000000025c00000)]
  0x0000000016b1f800 JavaThread "Input Stream Monitor" daemon [_thread_blocked, id=5104, stack(0x0000000025a00000,0x0000000025b00000)]
  0x0000000016c38800 JavaThread "Output Stream Monitor" daemon [_thread_in_native, id=4228, stack(0x0000000024e70000,0x0000000024f70000)]
  0x0000000016c38000 JavaThread "Output Stream Monitor" daemon [_thread_in_native, id=3400, stack(0x0000000024780000,0x0000000024880000)]
  0x0000000016c30000 JavaThread "TCF Locator DNS Lookup" daemon [_thread_blocked, id=5004, stack(0x0000000023ee0000,0x0000000023fe0000)]
  0x0000000016c2f800 JavaThread "TCF Locator Timer" daemon [_thread_blocked, id=4972, stack(0x0000000023de0000,0x0000000023ee0000)]
  0x0000000016c2e800 JavaThread "TCF Locator Receiver" daemon [_thread_blocked, id=2756, stack(0x0000000023ce0000,0x0000000023de0000)]
  0x0000000016c2d000 JavaThread "TCF Timer Dispatcher" daemon [_thread_blocked, id=4456, stack(0x000000001ef70000,0x000000001f070000)]
  0x0000000017a31000 JavaThread "EMF Reference Cleaner" daemon [_thread_blocked, id=2644, stack(0x0000000019600000,0x0000000019700000)]
  0x000000001507a000 JavaThread "Service Thread" daemon [_thread_blocked, id=3368, stack(0x00000000168a0000,0x00000000169a0000)]
  0x0000000014ff9000 JavaThread "C1 CompilerThread3" daemon [_thread_blocked, id=3252, stack(0x00000000167a0000,0x00000000168a0000)]
  0x0000000013e2f000 JavaThread "C2 CompilerThread2" daemon [_thread_blocked, id=3604, stack(0x00000000166a0000,0x00000000167a0000)]
  0x0000000013e2c000 JavaThread "C2 CompilerThread1" daemon [_thread_blocked, id=4948, stack(0x00000000165a0000,0x00000000166a0000)]
  0x0000000014fe4800 JavaThread "C2 CompilerThread0" daemon [_thread_blocked, id=4360, stack(0x00000000164a0000,0x00000000165a0000)]
  0x0000000014fe0800 JavaThread "Attach Listener" daemon [_thread_blocked, id=2432, stack(0x00000000163a0000,0x00000000164a0000)]
  0x0000000014fe0000 JavaThread "Signal Dispatcher" daemon [_thread_blocked, id=4684, stack(0x00000000162a0000,0x00000000163a0000)]
  0x0000000013e1f000 JavaThread "Finalizer" daemon [_thread_blocked, id=3088, stack(0x00000000160e0000,0x00000000161e0000)]
  0x0000000013e18800 JavaThread "Reference Handler" daemon [_thread_blocked, id=4044, stack(0x0000000015fe0000,0x00000000160e0000)]
  0x0000000002348000 JavaThread "main" [_thread_blocked, id=3344, stack(0x0000000000030000,0x0000000000130000)]

Other Threads:
=>0x0000000014f92800 VMThread [stack: 0x0000000015ee0000,0x0000000015fe0000] [id=4068]

VM state:at safepoint (shutting down)

VM Mutex/Monitor currently owned by a thread:  ([mutex/lock_event])
[0x00000000003ae3b0] Threads_lock - owner thread: 0x0000000014f92800

Heap:
 PSYoungGen      total 109568K, used 76899K [0x00000000f5580000, 0x00000000fc980000, 0x0000000100000000)
  eden space 107008K, 69% used [0x00000000f5580000,0x00000000f9e1ea50,0x00000000fbe00000)
  from space 2560K, 99% used [0x00000000fc700000,0x00000000fc97a388,0x00000000fc980000)
  to   space 5120K, 0% used [0x00000000fbf80000,0x00000000fbf80000,0x00000000fc480000)
 ParOldGen       total 87552K, used 58468K [0x00000000e0000000, 0x00000000e5580000, 0x00000000f5580000)
  object space 87552K, 66% used [0x00000000e0000000,0x00000000e39193f0,0x00000000e5580000)
 Metaspace       used 94250K, capacity 101990K, committed 102168K, reserved 1138688K
  class space    used 10889K, capacity 13310K, committed 13344K, reserved 1048576K

Card table byte_map: [0x00000000024a0000,0x00000000025b0000] byte_map_base: 0x0000000001da0000

Marking Bits: (ParMarkBitMap*) 0x000000007080a5b0
 Begin Bits: [0x0000000012330000, 0x0000000012b30000)
 End Bits:   [0x0000000012b30000, 0x0000000013330000)

Polling page: 0x00000000001b0000

CodeCache: size=245760Kb used=64213Kb max_used=64263Kb free=181546Kb
 bounds [0x00000000026c0000, 0x0000000006600000, 0x00000000116c0000]
 total_blobs=16766 nmethods=15853 adapters=818
 compilation: enabled

Compilation events (10 events):
Event: 1161.793 Thread 0x0000000014ff9000 nmethod 20784 0x00000000062097d0 code [0x0000000006209940, 0x0000000006209b90]
Event: 1161.793 Thread 0x0000000014ff9000 20785       3       java.util.concurrent.atomic.AtomicReference::getAndSet (12 bytes)
Event: 1161.794 Thread 0x0000000014ff9000 nmethod 20785 0x00000000035a5d50 code [0x00000000035a5ea0, 0x00000000035a6010]
Event: 1161.794 Thread 0x0000000014ff9000 20786       3       sun.misc.Unsafe::getAndSetObject (24 bytes)
Event: 1161.794 Thread 0x0000000014ff9000 nmethod 20786 0x0000000006158c10 code [0x0000000006158d80, 0x0000000006158f90]
Event: 1161.794 Thread 0x0000000014ff9000 20787       3       org.eclipse.osgi.internal.framework.EquinoxContainerAdaptor::invalidateWiring (186 bytes)
Event: 1161.795 Thread 0x0000000013e2c000 nmethod 20791 0x0000000003a6fe10 code [0x0000000003a6ffa0, 0x0000000003a70390]
Event: 1161.796 Thread 0x0000000014ff9000 nmethod 20787 0x0000000006350d10 code [0x00000000063510e0, 0x0000000006353a58]
Event: 1161.796 Thread 0x0000000014ff9000 20788   !   3       org.eclipse.osgi.container.ModuleDatabase::getRevisionsTimestamp (25 bytes)
Event: 1161.796 Thread 0x0000000014ff9000 nmethod 20788 0x0000000003d4a890 code [0x0000000003d4aaa0, 0x0000000003d4b7d8]

GC Heap History (10 events):
Event: 1022.467 GC heap before
{Heap before GC invocations=114 (full 9):
 PSYoungGen      total 107520K, used 106901K [0x00000000f5580000, 0x00000000fce80000, 0x0000000100000000)
  eden space 105472K, 99% used [0x00000000f5580000,0x00000000fbc34540,0x00000000fbc80000)
  from space 2048K, 84% used [0x00000000fcc80000,0x00000000fce30ec8,0x00000000fce80000)
  to   space 4608K, 0% used [0x00000000fc580000,0x00000000fc580000,0x00000000fca00000)
 ParOldGen       total 87552K, used 63346K [0x00000000e0000000, 0x00000000e5580000, 0x00000000f5580000)
  object space 87552K, 72% used [0x00000000e0000000,0x00000000e3ddca90,0x00000000e5580000)
 Metaspace       used 93100K, capacity 100576K, committed 100760K, reserved 1136640K
  class space    used 10785K, capacity 13180K, committed 13216K, reserved 1048576K
Event: 1022.471 GC heap after
Heap after GC invocations=114 (full 9):
 PSYoungGen      total 107520K, used 1818K [0x00000000f5580000, 0x00000000fcd00000, 0x0000000100000000)
  eden space 105472K, 0% used [0x00000000f5580000,0x00000000f5580000,0x00000000fbc80000)
  from space 2048K, 88% used [0x00000000fc580000,0x00000000fc746a10,0x00000000fc780000)
  to   space 4096K, 0% used [0x00000000fc900000,0x00000000fc900000,0x00000000fcd00000)
 ParOldGen       total 87552K, used 63346K [0x00000000e0000000, 0x00000000e5580000, 0x00000000f5580000)
  object space 87552K, 72% used [0x00000000e0000000,0x00000000e3ddca90,0x00000000e5580000)
 Metaspace       used 93100K, capacity 100576K, committed 100760K, reserved 1136640K
  class space    used 10785K, capacity 13180K, committed 13216K, reserved 1048576K
}
Event: 1022.471 GC heap before
{Heap before GC invocations=115 (full 10):
 PSYoungGen      total 107520K, used 1818K [0x00000000f5580000, 0x00000000fcd00000, 0x0000000100000000)
  eden space 105472K, 0% used [0x00000000f5580000,0x00000000f5580000,0x00000000fbc80000)
  from space 2048K, 88% used [0x00000000fc580000,0x00000000fc746a10,0x00000000fc780000)
  to   space 4096K, 0% used [0x00000000fc900000,0x00000000fc900000,0x00000000fcd00000)
 ParOldGen       total 87552K, used 63346K [0x00000000e0000000, 0x00000000e5580000, 0x00000000f5580000)
  object space 87552K, 72% used [0x00000000e0000000,0x00000000e3ddca90,0x00000000e5580000)
 Metaspace       used 93100K, capacity 100576K, committed 100760K, reserved 1136640K
  class space    used 10785K, capacity 13180K, committed 13216K, reserved 1048576K
Event: 1022.774 GC heap after
Heap after GC invocations=115 (full 10):
 PSYoungGen      total 107520K, used 0K [0x00000000f5580000, 0x00000000fcd00000, 0x0000000100000000)
  eden space 105472K, 0% used [0x00000000f5580000,0x00000000f5580000,0x00000000fbc80000)
  from space 2048K, 0% used [0x00000000fc580000,0x00000000fc580000,0x00000000fc780000)
  to   space 4096K, 0% used [0x00000000fc900000,0x00000000fc900000,0x00000000fcd00000)
 ParOldGen       total 87552K, used 57516K [0x00000000e0000000, 0x00000000e5580000, 0x00000000f5580000)
  object space 87552K, 65% used [0x00000000e0000000,0x00000000e382b3e0,0x00000000e5580000)
 Metaspace       used 93090K, capacity 100558K, committed 100760K, reserved 1136640K
  class space    used 10784K, capacity 13177K, committed 13216K, reserved 1048576K
}
Event: 1098.698 GC heap before
{Heap before GC invocations=116 (full 10):
 PSYoungGen      total 107520K, used 105472K [0x00000000f5580000, 0x00000000fcd00000, 0x0000000100000000)
  eden space 105472K, 100% used [0x00000000f5580000,0x00000000fbc80000,0x00000000fbc80000)
  from space 2048K, 0% used [0x00000000fc580000,0x00000000fc580000,0x00000000fc780000)
  to   space 4096K, 0% used [0x00000000fc900000,0x00000000fc900000,0x00000000fcd00000)
 ParOldGen       total 87552K, used 57516K [0x00000000e0000000, 0x00000000e5580000, 0x00000000f5580000)
  object space 87552K, 65% used [0x00000000e0000000,0x00000000e382b3e0,0x00000000e5580000)
 Metaspace       used 93164K, capacity 100750K, committed 101016K, reserved 1136640K
  class space    used 10784K, capacity 13177K, committed 13216K, reserved 1048576K
Event: 1098.703 GC heap after
Heap after GC invocations=116 (full 10):
 PSYoungGen      total 108544K, used 2392K [0x00000000f5580000, 0x00000000fcb80000, 0x0000000100000000)
  eden space 105984K, 0% used [0x00000000f5580000,0x00000000f5580000,0x00000000fbd00000)
  from space 2560K, 93% used [0x00000000fc900000,0x00000000fcb56088,0x00000000fcb80000)
  to   space 4096K, 0% used [0x00000000fc380000,0x00000000fc380000,0x00000000fc780000)
 ParOldGen       total 87552K, used 57524K [0x00000000e0000000, 0x00000000e5580000, 0x00000000f5580000)
  object space 87552K, 65% used [0x00000000e0000000,0x00000000e382d3e0,0x00000000e5580000)
 Metaspace       used 93164K, capacity 100750K, committed 101016K, reserved 1136640K
  class space    used 10784K, capacity 13177K, committed 13216K, reserved 1048576K
}
Event: 1138.451 GC heap before
{Heap before GC invocations=117 (full 10):
 PSYoungGen      total 108544K, used 108376K [0x00000000f5580000, 0x00000000fcb80000, 0x0000000100000000)
  eden space 105984K, 100% used [0x00000000f5580000,0x00000000fbd00000,0x00000000fbd00000)
  from space 2560K, 93% used [0x00000000fc900000,0x00000000fcb56088,0x00000000fcb80000)
  to   space 4096K, 0% used [0x00000000fc380000,0x00000000fc380000,0x00000000fc780000)
 ParOldGen       total 87552K, used 57524K [0x00000000e0000000, 0x00000000e5580000, 0x00000000f5580000)
  object space 87552K, 65% used [0x00000000e0000000,0x00000000e382d3e0,0x00000000e5580000)
 Metaspace       used 93356K, capacity 100814K, committed 101016K, reserved 1136640K
  class space    used 10789K, capacity 13177K, committed 13216K, reserved 1048576K
Event: 1138.456 GC heap after
Heap after GC invocations=117 (full 10):
 PSYoungGen      total 110080K, used 3420K [0x00000000f5580000, 0x00000000fc980000, 0x0000000100000000)
  eden space 106496K, 0% used [0x00000000f5580000,0x00000000f5580000,0x00000000fbd80000)
  from space 3584K, 95% used [0x00000000fc380000,0x00000000fc6d7198,0x00000000fc700000)
  to   space 2560K, 0% used [0x00000000fc700000,0x00000000fc700000,0x00000000fc980000)
 ParOldGen       total 87552K, used 57524K [0x00000000e0000000, 0x00000000e5580000, 0x00000000f5580000)
  object space 87552K, 65% used [0x00000000e0000000,0x00000000e382d3e0,0x00000000e5580000)
 Metaspace       used 93356K, capacity 100814K, committed 101016K, reserved 1136640K
  class space    used 10789K, capacity 13177K, committed 13216K, reserved 1048576K
}
Event: 1156.617 GC heap before
{Heap before GC invocations=118 (full 10):
 PSYoungGen      total 110080K, used 109916K [0x00000000f5580000, 0x00000000fc980000, 0x0000000100000000)
  eden space 106496K, 100% used [0x00000000f5580000,0x00000000fbd80000,0x00000000fbd80000)
  from space 3584K, 95% used [0x00000000fc380000,0x00000000fc6d7198,0x00000000fc700000)
  to   space 2560K, 0% used [0x00000000fc700000,0x00000000fc700000,0x00000000fc980000)
 ParOldGen       total 87552K, used 57524K [0x00000000e0000000, 0x00000000e5580000, 0x00000000f5580000)
  object space 87552K, 65% used [0x00000000e0000000,0x00000000e382d3e0,0x00000000e5580000)
 Metaspace       used 93431K, capacity 100816K, committed 101016K, reserved 1136640K
  class space    used 10796K, capacity 13179K, committed 13216K, reserved 1048576K
Event: 1156.622 GC heap after
Heap after GC invocations=118 (full 10):
 PSYoungGen      total 109568K, used 2536K [0x00000000f5580000, 0x00000000fc980000, 0x0000000100000000)
  eden space 107008K, 0% used [0x00000000f5580000,0x00000000f5580000,0x00000000fbe00000)
  from space 2560K, 99% used [0x00000000fc700000,0x00000000fc97a388,0x00000000fc980000)
  to   space 5120K, 0% used [0x00000000fbf80000,0x00000000fbf80000,0x00000000fc480000)
 ParOldGen       total 87552K, used 58468K [0x00000000e0000000, 0x00000000e5580000, 0x00000000f5580000)
  object space 87552K, 66% used [0x00000000e0000000,0x00000000e39193f0,0x00000000e5580000)
 Metaspace       used 93431K, capacity 100816K, committed 101016K, reserved 1136640K
  class space    used 10796K, capacity 13179K, committed 13216K, reserved 1048576K
}

Deoptimization events (10 events):
Event: 1161.772 Thread 0x0000000016c34800 Uncommon trap: reason=unstable_if action=reinterpret pc=0x00000000061bf7a4 method=org.eclipse.core.internal.jobs.WorkerPool.startJob(Lorg/eclipse/core/internal/jobs/Worker;)Lorg/eclipse/core/internal/jobs/InternalJob; @ 177
Event: 1161.772 Thread 0x0000000016c35800 Uncommon trap: reason=unstable_if action=reinterpret pc=0x00000000061bf7a4 method=org.eclipse.core.internal.jobs.WorkerPool.startJob(Lorg/eclipse/core/internal/jobs/Worker;)Lorg/eclipse/core/internal/jobs/InternalJob; @ 177
Event: 1161.772 Thread 0x0000000016c36000 Uncommon trap: reason=unstable_if action=reinterpret pc=0x00000000061bf7a4 method=org.eclipse.core.internal.jobs.WorkerPool.startJob(Lorg/eclipse/core/internal/jobs/Worker;)Lorg/eclipse/core/internal/jobs/InternalJob; @ 177
Event: 1161.773 Thread 0x0000000016c32800 Uncommon trap: reason=unstable_if action=reinterpret pc=0x00000000061bf7a4 method=org.eclipse.core.internal.jobs.WorkerPool.startJob(Lorg/eclipse/core/internal/jobs/Worker;)Lorg/eclipse/core/internal/jobs/InternalJob; @ 177
Event: 1161.773 Thread 0x0000000016c34000 Uncommon trap: reason=unstable_if action=reinterpret pc=0x00000000061bf7a4 method=org.eclipse.core.internal.jobs.WorkerPool.startJob(Lorg/eclipse/core/internal/jobs/Worker;)Lorg/eclipse/core/internal/jobs/InternalJob; @ 177
Event: 1161.773 Thread 0x000000001a640000 Uncommon trap: reason=unstable_if action=reinterpret pc=0x00000000061bf7a4 method=org.eclipse.core.internal.jobs.WorkerPool.startJob(Lorg/eclipse/core/internal/jobs/Worker;)Lorg/eclipse/core/internal/jobs/InternalJob; @ 177
Event: 1161.775 Thread 0x0000000016c37000 Uncommon trap: reason=unstable_if action=reinterpret pc=0x00000000061bf7a4 method=org.eclipse.core.internal.jobs.WorkerPool.startJob(Lorg/eclipse/core/internal/jobs/Worker;)Lorg/eclipse/core/internal/jobs/InternalJob; @ 177
Event: 1161.775 Thread 0x0000000016f82000 Uncommon trap: reason=unstable_if action=reinterpret pc=0x00000000061bf7a4 method=org.eclipse.core.internal.jobs.WorkerPool.startJob(Lorg/eclipse/core/internal/jobs/Worker;)Lorg/eclipse/core/internal/jobs/InternalJob; @ 177
Event: 1161.782 Thread 0x0000000016c31000 Uncommon trap: reason=unstable_if action=reinterpret pc=0x00000000044525b8 method=sun.reflect.UnsafeStaticObjectFieldAccessorImpl.set(Ljava/lang/Object;Ljava/lang/Object;)V @ 13
Event: 1161.783 Thread 0x0000000016cdd800 Uncommon trap: reason=unstable_if action=reinterpret pc=0x0000000003f0bd60 method=org.eclipse.osgi.framework.eventmgr.EventManager$EventThread.getNextEvent()Lorg/eclipse/osgi/framework/eventmgr/EventManager$EventThread$Queued; @ 15

Internal exceptions (10 events):
Event: 1161.106 Thread 0x0000000002348000 Implicit null exception at 0x0000000002acd569 to 0x0000000002acfe79
Event: 1161.138 Thread 0x0000000016c32800 Implicit null exception at 0x0000000005d4b917 to 0x0000000005d4d03d
Event: 1161.139 Thread 0x000000001ff57000 Exception <a 'java/lang/InterruptedException'> (0x00000000f9827620) thrown at [C:\re\workspace\8-2-build-windows-amd64-cygwin\jdk8u66\5298\hotspot\src\share\vm\runtime\objectMonitor.cpp, line 1683]
Event: 1161.731 Thread 0x0000000016c31000 Implicit null exception at 0x00000000050b77c4 to 0x00000000050b82cd
Event: 1161.731 Thread 0x0000000016c31000 Exception <a 'java/lang/NullPointerException'> (0x00000000f9a6f2a0) thrown at [C:\re\workspace\8-2-build-windows-amd64-cygwin\jdk8u66\5298\hotspot\src\share\vm\prims\jvm.cpp, line 1390]
Event: 1161.766 Thread 0x0000000016c2a000 Exception <a 'java/lang/InterruptedException'> (0x00000000f9434b00) thrown at [C:\re\workspace\8-2-build-windows-amd64-cygwin\jdk8u66\5298\hotspot\src\share\vm\runtime\objectMonitor.cpp, line 1683]
Event: 1161.782 Thread 0x0000000016c31000 Implicit null exception at 0x00000000044521d7 to 0x00000000044525a5
Event: 1161.783 Thread 0x0000000016cdd800 Exception <a 'java/lang/InterruptedException'> (0x00000000f9ba1140) thrown at [C:\re\workspace\8-2-build-windows-amd64-cygwin\jdk8u66\5298\hotspot\src\share\vm\runtime\objectMonitor.cpp, line 1683]
Event: 1161.789 Thread 0x0000000017ec8800 Exception <a 'java/lang/InterruptedException'> (0x00000000f9d98d58) thrown at [C:\re\workspace\8-2-build-windows-amd64-cygwin\jdk8u66\5298\hotspot\src\share\vm\runtime\objectMonitor.cpp, line 1683]
Event: 1161.797 Thread 0x0000000016c2b000 Exception <a 'java/lang/InterruptedException'> (0x00000000f90af430) thrown at [C:\re\workspace\8-2-build-windows-amd64-cygwin\jdk8u66\5298\hotspot\src\share\vm\runtime\objectMonitor.cpp, line 1683]

Events (10 events):
Event: 1161.797 Thread 0x0000000016c2b000 Thread exited: 0x0000000016c2b000
Event: 1161.797 Thread 0x0000000016c2b000 Thread added: 0x0000000016c2b000
Event: 1161.797 Executing VM operation: RevokeBias
Event: 1161.797 Executing VM operation: RevokeBias done
Event: 1161.797 Executing VM operation: RevokeBias
Event: 1161.797 Executing VM operation: RevokeBias done
Event: 1161.797 Executing VM operation: RevokeBias
Event: 1161.797 Executing VM operation: RevokeBias done
Event: 1161.797 Thread 0x0000000016c2b000 Thread exited: 0x0000000016c2b000
Event: 1161.798 Executing VM operation: Exit


Dynamic libraries:
0x0000000000400000 - 0x000000000044f000 	C:\Xilinx\SDK\2016.2\eclipse\win64.o\eclipse.exe
0x00000000776a0000 - 0x000000007784a000 	C:\Windows\SYSTEM32\ntdll.dll
0x0000000077580000 - 0x000000007769f000 	C:\Windows\system32\kernel32.dll
0x000007fefd650000 - 0x000007fefd6ba000 	C:\Windows\system32\KERNELBASE.dll
0x0000000077480000 - 0x000000007757a000 	C:\Windows\system32\USER32.dll
0x000007fefe510000 - 0x000007fefe577000 	C:\Windows\system32\GDI32.dll
0x000007fefe400000 - 0x000007fefe40e000 	C:\Windows\system32\LPK.dll
0x000007fefeb50000 - 0x000007fefec1a000 	C:\Windows\system32\USP10.dll
0x000007fefd7a0000 - 0x000007fefd83f000 	C:\Windows\system32\msvcrt.dll
0x000007fefbcf0000 - 0x000007fefbee4000 	C:\Windows\WinSxS\amd64_microsoft.windows.common-controls_6595b64144ccf1df_6.0.7601.18837_none_fa3b1e3d17594757\COMCTL32.dll
0x000007fefe1f0000 - 0x000007fefe261000 	C:\Windows\system32\SHLWAPI.dll
0x000007fefdde0000 - 0x000007fefde0e000 	C:\Windows\system32\IMM32.DLL
0x000007fefe0e0000 - 0x000007fefe1e9000 	C:\Windows\system32\MSCTF.dll
0x0000000072000000 - 0x0000000072012000 	C:\Xilinx\SDK\2016.2\eclipse\win64.o\plugins\org.eclipse.equinox.launcher.win32.win32.x86_64_1.1.300.v20150602-1417\eclipse_1611.dll
0x000007fefe410000 - 0x000007fefe4eb000 	C:\Windows\system32\ADVAPI32.dll
0x000007fefe0c0000 - 0x000007fefe0df000 	C:\Windows\SYSTEM32\sechost.dll
0x000007fefdb70000 - 0x000007fefdc9d000 	C:\Windows\system32\RPCRT4.dll
0x000007fefc470000 - 0x000007fefc47c000 	C:\Windows\system32\VERSION.dll
0x000007fefbc90000 - 0x000007fefbce6000 	C:\Windows\system32\UxTheme.dll
0x0000000070000000 - 0x0000000070889000 	C:\Xilinx\SDK\2016.2\tps\win64\jre\bin\server\jvm.dll
0x000007fefb560000 - 0x000007fefb569000 	C:\Windows\system32\WSOCK32.dll
0x000007fefdb20000 - 0x000007fefdb6d000 	C:\Windows\system32\WS2_32.dll
0x000007fefdb10000 - 0x000007fefdb18000 	C:\Windows\system32\NSI.dll
0x000007fefa170000 - 0x000007fefa1ab000 	C:\Windows\system32\WINMM.dll
0x0000000077870000 - 0x0000000077877000 	C:\Windows\system32\PSAPI.DLL
0x0000000071910000 - 0x00000000719e2000 	C:\Windows\system32\MSVCR100.dll
0x00000000739f0000 - 0x00000000739ff000 	C:\Xilinx\SDK\2016.2\tps\win64\jre\bin\verify.dll
0x00000000739c0000 - 0x00000000739e9000 	C:\Xilinx\SDK\2016.2\tps\win64\jre\bin\java.dll
0x00000000739a0000 - 0x00000000739b6000 	C:\Xilinx\SDK\2016.2\tps\win64\jre\bin\zip.dll
0x000007fefec20000 - 0x000007feff9a9000 	C:\Windows\system32\SHELL32.dll
0x000007fefde10000 - 0x000007fefe013000 	C:\Windows\system32\ole32.dll
0x000007fefd3f0000 - 0x000007fefd3ff000 	C:\Windows\system32\profapi.dll
0x000007fefcbe0000 - 0x000007fefcbf8000 	C:\Windows\system32\CRYPTSP.dll
0x000007fefc8e0000 - 0x000007fefc927000 	C:\Windows\system32\rsaenh.dll
0x000007fefd740000 - 0x000007fefd75e000 	C:\Windows\system32\USERENV.dll
0x000007fefd240000 - 0x000007fefd24f000 	C:\Windows\system32\CRYPTBASE.dll
0x0000000073980000 - 0x000000007399a000 	C:\Xilinx\SDK\2016.2\tps\win64\jre\bin\net.dll
0x000007fefcb80000 - 0x000007fefcbd5000 	C:\Windows\system32\mswsock.dll
0x000007fefcb70000 - 0x000007fefcb77000 	C:\Windows\System32\wship6.dll
0x000007fefad20000 - 0x000007fefad47000 	C:\Windows\system32\IPHLPAPI.DLL
0x000007fefad00000 - 0x000007fefad0b000 	C:\Windows\system32\WINNSI.DLL
0x000007fefab30000 - 0x000007fefab41000 	C:\Windows\system32\dhcpcsvc6.DLL
0x000007fefab10000 - 0x000007fefab28000 	C:\Windows\system32\dhcpcsvc.DLL
0x00000000737f0000 - 0x0000000073801000 	C:\Xilinx\SDK\2016.2\tps\win64\jre\bin\nio.dll
0x000007fef9e80000 - 0x000007fef9e95000 	C:\Windows\system32\NLAapi.dll
0x000007fefa280000 - 0x000007fefa295000 	C:\Windows\system32\napinsp.dll
0x000007fefa2a0000 - 0x000007fefa2b9000 	C:\Windows\system32\pnrpnsp.dll
0x000007fefca00000 - 0x000007fefca5b000 	C:\Windows\system32\DNSAPI.dll
0x000007fefa440000 - 0x000007fefa44b000 	C:\Windows\System32\winrnr.dll
0x000007fefc540000 - 0x000007fefc547000 	C:\Windows\System32\wshtcpip.dll
0x000007fefa4e0000 - 0x000007fefa4e8000 	C:\Windows\system32\rasadhlp.dll
0x000007fefabc0000 - 0x000007fefac13000 	C:\Windows\System32\fwpuclnt.dll
0x00000000188a0000 - 0x0000000018948000 	C:\Users\milwidya\.Xilinx\SDK\2016.2\org.eclipse.osgi\312\0\.cp\swt-win32-4527.dll
0x000007fefdd00000 - 0x000007fefddd8000 	C:\Windows\system32\OLEAUT32.dll
0x000007fefe020000 - 0x000007fefe0b7000 	C:\Windows\system32\comdlg32.dll
0x000007fef6320000 - 0x000007fef6391000 	C:\Windows\system32\WINSPOOL.DRV
0x000007fefe880000 - 0x000007fefeb45000 	C:\Windows\system32\WININET.dll
0x000007fefd730000 - 0x000007fefd734000 	C:\Windows\system32\api-ms-win-downlevel-user32-l1-1-0.dll
0x000007fefd5a0000 - 0x000007fefd5a4000 	C:\Windows\system32\api-ms-win-downlevel-shlwapi-l1-1-0.dll
0x000007fefd720000 - 0x000007fefd724000 	C:\Windows\system32\api-ms-win-downlevel-version-l1-1-0.dll
0x000007fefd6c0000 - 0x000007fefd6c3000 	C:\Windows\system32\api-ms-win-downlevel-normaliz-l1-1-0.dll
0x0000000077860000 - 0x0000000077863000 	C:\Windows\system32\normaliz.DLL
0x000007fefd840000 - 0x000007fefdb09000 	C:\Windows\system32\iertutil.dll
0x000007fefd6d0000 - 0x000007fefd6d5000 	C:\Windows\system32\api-ms-win-downlevel-advapi32-l1-1-0.dll
0x000007fefd400000 - 0x000007fefd56d000 	C:\Windows\system32\CRYPT32.dll
0x000007fefd3e0000 - 0x000007fefd3ef000 	C:\Windows\system32\MSASN1.dll
0x000007fefb760000 - 0x000007fefb88c000 	C:\Windows\system32\propsys.dll
0x000007fefe580000 - 0x000007fefe619000 	C:\Windows\system32\CLBCatQ.DLL
0x00000000003b0000 - 0x00000000003ce000 	C:\Users\milwidya\.Xilinx\SDK\2016.2\org.eclipse.osgi\312\0\.cp\swt-gdip-win32-4527.dll
0x000007fefba70000 - 0x000007fefbc86000 	C:\Windows\WinSxS\amd64_microsoft.windows.gdiplus_6595b64144ccf1df_1.1.7601.23508_none_145555328b95eaaa\gdiplus.dll
0x000007fefb590000 - 0x000007fefb6f1000 	C:\Windows\system32\WindowsCodecs.dll
0x0000000180000000 - 0x0000000180012000 	C:\Users\milwidya\.Xilinx\SDK\2016.2\org.eclipse.osgi\126\0\.cp\os\win32\x86_64\localfile_1_0_0.dll
0x000007fef16c0000 - 0x000007fef1714000 	C:\Windows\system32\oleacc.dll
0x000007fef9170000 - 0x000007fef9177000 	C:\Windows\system32\msimg32.dll
0x000007fefd330000 - 0x000007fefd344000 	C:\Windows\system32\RpcRtRemote.dll
0x000007fefd1e0000 - 0x000007fefd237000 	C:\Windows\system32\apphelp.dll
0x000007fefb4e0000 - 0x000007fefb4f1000 	C:\Users\milwidya\.Xilinx\SDK\2016.2\org.eclipse.osgi\129\0\.cp\jWinHttp-1.0.0.dll
0x000007fef98b0000 - 0x000007fef9921000 	C:\Windows\system32\WINHTTP.dll
0x000007fef9840000 - 0x000007fef98a4000 	C:\Windows\system32\webio.dll
0x000007fefd1b0000 - 0x000007fefd1d5000 	C:\Windows\system32\SspiCli.dll
0x000007fefc7a0000 - 0x000007fefc7aa000 	C:\Windows\system32\credssp.dll
0x000007fefd6e0000 - 0x000007fefd716000 	C:\Windows\system32\CFGMGR32.dll
0x000007fefb4c0000 - 0x000007fefb4cf000 	C:\Xilinx\SDK\2016.2\lib\win64.o\librdi_repo_manager.dll
0x000007fef3db0000 - 0x000007fef3dda000 	C:\Xilinx\SDK\2016.2\lib\win64.o\libisl_sysinfo.dll
0x000007feebf40000 - 0x000007feec014000 	C:\Windows\system32\MSVCR110.dll
0x000007feebe60000 - 0x000007feebf07000 	C:\Windows\system32\MSVCP110.dll
0x000007fec2330000 - 0x000007fec2d70000 	C:\Xilinx\SDK\2016.2\lib\win64.o\librdi_common.dll
0x000007fef3a40000 - 0x000007fef3dae000 	C:\Xilinx\SDK\2016.2\lib\win64.o\libCOIN-all.dll
0x000007fef3820000 - 0x000007fef3a3f000 	C:\Xilinx\SDK\2016.2\lib\win64.o\libXil_lmgr11.dll
0x000007fefb450000 - 0x000007fefb466000 	C:\Windows\system32\NETAPI32.dll
0x000007fefc810000 - 0x000007fefc81c000 	C:\Windows\system32\netutils.dll
0x000007fefce60000 - 0x000007fefce83000 	C:\Windows\system32\srvcli.dll
0x000007fefb430000 - 0x000007fefb445000 	C:\Windows\system32\wkscli.dll
0x000007fefd760000 - 0x000007fefd79b000 	C:\Windows\system32\WINTRUST.dll
0x000007fefa2d0000 - 0x000007fefa2e0000 	C:\Xilinx\SDK\2016.2\lib\win64.o\libboost_date_time.dll
0x000007fef37f0000 - 0x000007fef3814000 	C:\Xilinx\SDK\2016.2\lib\win64.o\libboost_filesystem.dll
0x000007fef8760000 - 0x000007fef8769000 	C:\Xilinx\SDK\2016.2\lib\win64.o\libboost_system.dll
0x000007fef3770000 - 0x000007fef37e7000 	C:\Xilinx\SDK\2016.2\lib\win64.o\libboost_program_options.dll
0x000007fef3660000 - 0x000007fef3766000 	C:\Xilinx\SDK\2016.2\lib\win64.o\libboost_regex.dll
0x000007fef3640000 - 0x000007fef3653000 	C:\Xilinx\SDK\2016.2\lib\win64.o\libboost_signals.dll
0x000007fef3620000 - 0x000007fef363d000 	C:\Xilinx\SDK\2016.2\lib\win64.o\libboost_thread.dll
0x000007fef4c10000 - 0x000007fef4c1b000 	C:\Xilinx\SDK\2016.2\lib\win64.o\libboost_chrono.dll
0x000007fef3610000 - 0x000007fef361b000 	C:\Xilinx\SDK\2016.2\lib\win64.o\libboost_xilinx.dll
0x000007fef3510000 - 0x000007fef3590000 	C:\Xilinx\SDK\2016.2\lib\win64.o\libhdlpsolve.dll
0x000007fef3470000 - 0x000007fef350a000 	C:\Xilinx\SDK\2016.2\lib\win64.o\libhdxml.dll
0x000007fec42f0000 - 0x000007fec4755e00 	C:\Xilinx\SDK\2016.2\lib\win64.o\libisl_iostreams.dll
0x000007fef35f0000 - 0x000007fef3606000 	C:\Xilinx\SDK\2016.2\lib\win64.o\libboost_iostreams.dll
0x000007fef35c0000 - 0x000007fef35e3000 	C:\Xilinx\SDK\2016.2\lib\win64.o\librdizlib.dll
0x000007fef3440000 - 0x000007fef3463000 	C:\Xilinx\SDK\2016.2\lib\win64.o\libisl_iosutils.dll
0x000007fef3420000 - 0x000007fef3435000 	C:\Xilinx\SDK\2016.2\lib\win64.o\pthreadVC2.dll
0x000007fef33c0000 - 0x000007fef3414000 	C:\Xilinx\SDK\2016.2\lib\win64.o\librdi_commonxillic.dll
0x000007feeaeb0000 - 0x000007feeafe0000 	C:\Xilinx\SDK\2016.2\lib\win64.o\librdi_curl.dll
0x000007fef0960000 - 0x000007fef0978000 	C:\Xilinx\SDK\2016.2\lib\win64.o\librdiconfig.dll
0x0000000061fc0000 - 0x00000000620e7000 	C:\Xilinx\SDK\2016.2\lib\win64.o\tcl85t.dll
0x0000000025c20000 - 0x0000000025e83000 	C:\Xilinx\SDK\2016.2\lib\win64.o\xerces-c_3_1.dll
0x000007fefe270000 - 0x000007fefe3f6000 	C:\Windows\system32\urlmon.dll
0x000007fefd590000 - 0x000007fefd594000 	C:\Windows\system32\api-ms-win-downlevel-ole32-l1-1-0.dll
0x000007fef0420000 - 0x000007fef0443000 	C:\Windows\system32\VCOMP110.DLL
0x000007fec4c00000 - 0x000007fec4df2000 	C:\Xilinx\SDK\2016.2\lib\win64.o\librdi_hsm.dll
0x000007fef08a0000 - 0x000007fef08e3000 	C:\Xilinx\SDK\2016.2\lib\win64.o\librdi_hdf.dll
0x000007fec3f20000 - 0x000007fec41a1000 	C:\Xilinx\SDK\2016.2\lib\win64.o\librdi_ippcw.dll
0x000007fef0830000 - 0x000007fef0846000 	C:\Xilinx\SDK\2016.2\eclipse\win64.o\plugins\org.eclipse.cdt.core.win32.x86_64_5.4.0.201509131935\os\win32\x86_64\spawner.dll
0x000007fefb4d0000 - 0x000007fefb4da000 	C:\Xilinx\SDK\2016.2\lib\win64.o\librdi_jtag_settings.dll
0x000007fef3390000 - 0x000007fef33b9000 	C:\Xilinx\SDK\2016.2\lib\win64.o\librdi_debug_dialog.dll
0x000007fef3590000 - 0x000007fef3598000 	C:\Xilinx\SDK\2016.2\lib\win64.o\librdi_target_manager.dll
0x0000000071080000 - 0x00000000710a6000 	C:\Xilinx\SDK\2016.2\eclipse\win64.o\plugins\gnu.io.rxtx.win32.x86_64_2.1.7.3_v20071015\os\win32\x86_64\rxtxSerial.dll
0x0000000071100000 - 0x0000000071125000 	C:\Users\milwidya\.jssc\windows\jSSC-2.8_x86_64.dll
0x000007feb40a0000 - 0x000007feb48b0000 	C:\Xilinx\SDK\2016.2\lib\win64.o\libXil_lmgr11FNP.dll

VM Arguments:
jvm_args: -Dcom.xilinx.sdk.args.hwspec=W:/temp532/project_1/project_1.sdk/design_1_wrapper.hdf -Xms64m -Xmx512m & 
java_command: <unknown>
java_class_path (initial): C:\Xilinx\SDK\2016.2\eclipse\win64.o\\plugins/org.eclipse.equinox.launcher_1.3.100.v20150511-1540.jar
Launcher Type: generic

Environment Variables:
PATH=C:/Xilinx/SDK/2016.2/tps/win64/jre/bin/server;C:/Xilinx/SDK/2016.2/tps/win64/jre/bin;C:/Xilinx/SDK/2016.2/tps/win64/jre/lib/amd64;C:\Xilinx\SDK\2016.2\gnuwin\bin;C:\Xilinx\SDK\2016.2\gnu\microblaze\nt\bin;C:\Xilinx\SDK\2016.2\gnu\microblaze\linux_toolchain\nt64_le\bin;C:\Xilinx\SDK\2016.2\gnu\microblaze\linux_toolchain\nt64_be\bin;C:\Xilinx\SDK\2016.2\gnu\arm\nt\bin;C:\Xilinx\SDK\2016.2\gnu\aarch64\nt\aarch64-none\bin;C:\Xilinx\SDK\2016.2\gnu\aarch64\nt\aarch64-linux\bin;C:\Xilinx\SDK\2016.2\gnu\armr5\nt\gcc-arm-none-eabi\bin;C:\Xilinx\SDK\2016.2\gnu\aarch32\nt\gcc-arm-none-eabi\bin;C:\Xilinx\SDK\2016.2\gnu\aarch32\nt\gcc-arm-linux-gnueabi\bin;C:\Xilinx\SDK\2016.2\tps\win64\cmake-3.3.2\bin;;C:\Xilinx\SDK\2016.2\bin;C:\Xilinx\SDK\2016.2\lib\win64.o;C:\Xilinx\SDK\2016.2\tps\win64\jre\bin\server;C:\Xilinx\SDK\2016.2\tps\win64\jre\bin;C:\Xilinx\Vivado\2016.2\ids_lite\ISE\bin\nt64;C:\Xilinx\Vivado\2016.2\ids_lite\ISE\lib\nt64;C:\Xilinx\Vivado\2016.2\bin;C:\Xilinx\Vivado\2016.2\lib\win64.o;C:\Xilinx\Vivado\2016.2\tps\win64\jre\bin\server;C:\Xilinx\Vivado\2016.2\tps\win64\jre\bin;C:\Xilinx\Vivado_HLS\2016.2\bin;C:\Windows\system32;C:\Windows;C:\Windows\System32\Wbem;C:\Windows\System32\WindowsPowerShell\v1.0\;C:\Program Files (x86)\Java\jre6\bin;C:\Program Files (x86)\eclipse;C:\altera\16.0\quartus\bin64;c:\altera\16.0\quartus\bin64\jre64\bin;w:\temp532\project_1;
USERNAME=milwidya
OS=Windows_NT
PROCESSOR_IDENTIFIER=Intel64 Family 6 Model 60 Stepping 3, GenuineIntel



---------------  S Y S T E M  ---------------

OS: Windows 7 , 64 bit Build 7601 (6.1.7601.23418)

CPU:total 8 (4 cores per cpu, 2 threads per core) family 6 model 60 stepping 3, cmov, cx8, fxsr, mmx, sse, sse2, sse3, ssse3, sse4.1, sse4.2, popcnt, avx, avx2, aes, clmul, erms, lzcnt, ht, tsc, tscinvbit, bmi1, bmi2

Memory: 4k page, physical 16683160k(8770884k free), swap 33364460k(24958444k free)

vm_info: Java HotSpot(TM) 64-Bit Server VM (25.66-b18) for windows-amd64 JRE (1.8.0_66-b18), built on Nov  9 2015 10:51:13 by "java_re" with MS VC++ 10.0 (VS2010)

time: Thu Mar 30 16:32:05 2017
elapsed time: 1162 seconds (0d 0h 19m 22s)

