#
# A fatal error has been detected by the Java Runtime Environment:
#
#  EXCEPTION_UNCAUGHT_CXX_EXCEPTION (0xe06d7363) at pc=0x000007fefd52a06d, pid=4428, tid=4204
#
# JRE version: Java(TM) SE Runtime Environment (8.0_66-b18) (build 1.8.0_66-b18)
# Java VM: Java HotSpot(TM) 64-Bit Server VM (25.66-b18 mixed mode windows-amd64 compressed oops)
# Problematic frame:
# C  [KERNELBASE.dll+0x1a06d]
#
# Failed to write core dump. Minidumps are not enabled by default on client versions of Windows
#
# If you would like to submit a bug report, please visit:
#   http://bugreport.java.com/bugreport/crash.jsp
#

---------------  T H R E A D  ---------------

Current thread (0x0000000014e62000):  VMThread [stack: 0x0000000015db0000,0x0000000015eb0000] [id=4204]

siginfo: ExceptionCode=0xe06d7363, ExceptionInformation=0x0000000019930520 0x0000000015eaf4c8 0x000007feebee2cb8 0x000007feebe30000 

Registers:
RAX=0x0000000061ff1ae4, RBX=0x000007feebee2cb8, RCX=0x0000000015eaed10, RDX=0x00000000000000d0
RSP=0x0000000015eaf320, RBP=0x0000000015eaf450, RSI=0x00000000ffffffff, RDI=0x0000000024988140
R8 =0x0000000000000000, R9 =0x0000000000000000, R10=0x000007feebe30000, R11=0x0000000015eaf360
R12=0x0000000000000001, R13=0x0000000000000008, R14=0x0000000000000000, R15=0xffffffffffffffff
RIP=0x000007fefd52a06d, EFLAGS=0x0000000000000206

Top of Stack: (sp=0x0000000015eaf320)
0x0000000015eaf320:   000007feebee2cb8 00000000ffffffff
0x0000000015eaf330:   0000000024988140 0000000000278f10
0x0000000015eaf340:   00000001e06d7363 0000000000000000
0x0000000015eaf350:   000007fefd52a06d 000007fe00000004
0x0000000015eaf360:   0000000019930520 0000000015eaf4c8
0x0000000015eaf370:   000007feebee2cb8 000007feebe30000
0x0000000015eaf380:   0000000000000000 0000000015eaf408
0x0000000015eaf390:   0000000000000028 0000000024988130
0x0000000015eaf3a0:   000000002498a060 0000000000000000
0x0000000015eaf3b0:   000007fffffa8000 00000000777ff2d3
0x0000000015eaf3c0:   0000000000000000 0000000000000008
0x0000000015eaf3d0:   0000000000000001 0000000024988140
0x0000000015eaf3e0:   00000000ffffffff 000007feebe8e92c
0x0000000015eaf3f0:   000007feebee2cb8 0000000015eaf460
0x0000000015eaf400:   0000000000000001 000007feebe300f8
0x0000000015eaf410:   00000001e06d7363 0000000000000000 

Instructions: (pc=0x000007fefd52a06d)
0x000007fefd52a04d:   54 24 24 48 89 4c 24 28 4d 85 c9 0f 85 6a 03 00
0x000007fefd52a05d:   00 89 4c 24 38 48 8d 4c 24 20 ff 15 33 02 03 00
0x000007fefd52a06d:   48 81 c4 c8 00 00 00 c3 90 90 90 90 90 90 90 90
0x000007fefd52a07d:   90 90 90 48 83 ec 28 65 48 8b 04 25 30 00 00 00 


Register to memory mapping:

RAX=0x0000000061ff1ae4 is an unknown value
RBX=0x000007feebee2cb8 is an unknown value
RCX=0x0000000015eaed10 is an unknown value
RDX=0x00000000000000d0 is an unknown value
RSP=0x0000000015eaf320 is an unknown value
RBP=0x0000000015eaf450 is an unknown value
RSI=0x00000000ffffffff is an unknown value
RDI=0x0000000024988140 is an unknown value
R8 =0x0000000000000000 is an unknown value
R9 =0x0000000000000000 is an unknown value
R10=0x000007feebe30000 is an unknown value
R11=0x0000000015eaf360 is an unknown value
R12=0x0000000000000001 is an unknown value
R13=0x0000000000000008 is an unknown value
R14=0x0000000000000000 is an unknown value
R15=0xffffffffffffffff is an unknown value


Stack: [0x0000000015db0000,0x0000000015eb0000],  sp=0x0000000015eaf320,  free space=1020k
Native frames: (J=compiled Java code, j=interpreted, Vv=VM code, C=native code)
C  [KERNELBASE.dll+0x1a06d]
C  [MSVCR110.dll+0x5e92c]
C  [MSVCR110.dll+0x1315c]
C  [MSVCR110.dll+0x136a9]
C  [MSVCR110.dll+0x13e9c]
C  [MSVCR110.dll+0x239e]
C  [MSVCR110.dll+0xaf9e]
C  [MSVCP110.dll+0x397b9]
C  [librdi_common.dll+0x182316]
C  [librdi_common.dll+0x180fab]
C  [librdi_target_manager.dll+0x2400]
C  [librdi_target_manager.dll+0x2682]
C  [ntdll.dll+0x229b1]
C  [ntdll.dll+0x227c0]
C  [MSVCR100.dll+0x20ccd]
V  [jvm.dll+0x210cc5]
V  [jvm.dll+0x249897]
V  [jvm.dll+0x248b36]
V  [jvm.dll+0x248fd1]
V  [jvm.dll+0x2491ee]
V  [jvm.dll+0x29a0fa]
C  [MSVCR100.dll+0x21d9f]
C  [MSVCR100.dll+0x21e3b]
C  [kernel32.dll+0x159bd]
C  [ntdll.dll+0x2a2e1]

VM_Operation (0x000000000012f4c0): Exit, mode: safepoint, requested by thread 0x00000000023e8000


---------------  P R O C E S S  ---------------

Java Threads: ( => current thread )
  0x000000002309d000 JavaThread "pool-2-thread-4" [_thread_blocked, id=4000, stack(0x00000000280a0000,0x00000000281a0000)]
  0x000000002309e800 JavaThread "pool-2-thread-3" [_thread_blocked, id=3956, stack(0x0000000028840000,0x0000000028940000)]
  0x000000002309c000 JavaThread "pool-2-thread-2" [_thread_blocked, id=4688, stack(0x00000000283a0000,0x00000000284a0000)]
  0x0000000023099000 JavaThread "pool-2-thread-1" [_thread_blocked, id=4384, stack(0x00000000281a0000,0x00000000282a0000)]
  0x0000000023097800 JavaThread "Thread-21" daemon [_thread_blocked, id=4548, stack(0x0000000027fa0000,0x00000000280a0000)]
  0x000000001fc52800 JavaThread "TCF Channel Transmitter" daemon [_thread_blocked, id=4716, stack(0x0000000026470000,0x0000000026570000)]
  0x000000001fc51800 JavaThread "TCF Channel Receiver" daemon [_thread_in_native, id=2736, stack(0x0000000025f30000,0x0000000026030000)]
  0x000000001fc51000 JavaThread "Process monitor" daemon [_thread_in_native, id=4328, stack(0x0000000025620000,0x0000000025720000)]
  0x000000001fc50000 JavaThread "Input Stream Monitor" daemon [_thread_blocked, id=4168, stack(0x0000000025520000,0x0000000025620000)]
  0x000000001fc4f800 JavaThread "Output Stream Monitor" daemon [_thread_in_native, id=3136, stack(0x0000000025420000,0x0000000025520000)]
  0x0000000017a21800 JavaThread "Output Stream Monitor" daemon [_thread_in_native, id=1600, stack(0x0000000025320000,0x0000000025420000)]
  0x0000000017a1a000 JavaThread "TCF Locator DNS Lookup" daemon [_thread_blocked, id=2164, stack(0x0000000021d40000,0x0000000021e40000)]
  0x0000000017a19000 JavaThread "TCF Locator Timer" daemon [_thread_blocked, id=4620, stack(0x0000000021c40000,0x0000000021d40000)]
  0x0000000017a17000 JavaThread "TCF Timer Dispatcher" daemon [_thread_blocked, id=3120, stack(0x0000000020570000,0x0000000020670000)]
  0x0000000017a60800 JavaThread "EMF Reference Cleaner" daemon [_thread_blocked, id=2248, stack(0x000000001a750000,0x000000001a850000)]
  0x0000000014f4f800 JavaThread "Service Thread" daemon [_thread_blocked, id=3456, stack(0x0000000016770000,0x0000000016870000)]
  0x0000000014ee9000 JavaThread "C1 CompilerThread3" daemon [_thread_blocked, id=2180, stack(0x0000000016670000,0x0000000016770000)]
  0x0000000014eb7000 JavaThread "C2 CompilerThread2" daemon [_thread_blocked, id=4156, stack(0x0000000016570000,0x0000000016670000)]
  0x0000000014eb6000 JavaThread "C2 CompilerThread1" daemon [_thread_blocked, id=1704, stack(0x0000000016470000,0x0000000016570000)]
  0x0000000014eb0800 JavaThread "C2 CompilerThread0" daemon [_thread_blocked, id=2044, stack(0x0000000016370000,0x0000000016470000)]
  0x0000000014ec0000 JavaThread "Attach Listener" daemon [_thread_blocked, id=5040, stack(0x0000000016270000,0x0000000016370000)]
  0x0000000014ebf000 JavaThread "Signal Dispatcher" daemon [_thread_blocked, id=3204, stack(0x0000000016170000,0x0000000016270000)]
  0x0000000013cf0000 JavaThread "Finalizer" daemon [_thread_blocked, id=1868, stack(0x0000000015fb0000,0x00000000160b0000)]
  0x0000000013ce9000 JavaThread "Reference Handler" daemon [_thread_blocked, id=2680, stack(0x0000000015eb0000,0x0000000015fb0000)]
  0x00000000023e8000 JavaThread "main" [_thread_blocked, id=5052, stack(0x0000000000030000,0x0000000000130000)]

Other Threads:
=>0x0000000014e62000 VMThread [stack: 0x0000000015db0000,0x0000000015eb0000] [id=4204]

VM state:at safepoint (shutting down)

VM Mutex/Monitor currently owned by a thread:  ([mutex/lock_event])
[0x000000000221e3b0] Threads_lock - owner thread: 0x0000000014e62000

Heap:
 PSYoungGen      total 143872K, used 76471K [0x00000000f5580000, 0x0000000100000000, 0x0000000100000000)
  eden space 113152K, 67% used [0x00000000f5580000,0x00000000fa02dca0,0x00000000fc400000)
  from space 30720K, 0% used [0x00000000fe200000,0x00000000fe200000,0x0000000100000000)
  to   space 30720K, 0% used [0x00000000fc400000,0x00000000fc400000,0x00000000fe200000)
 ParOldGen       total 115200K, used 64700K [0x00000000e0000000, 0x00000000e7080000, 0x00000000f5580000)
  object space 115200K, 56% used [0x00000000e0000000,0x00000000e3f2f348,0x00000000e7080000)
 Metaspace       used 87190K, capacity 94748K, committed 94936K, reserved 1130496K
  class space    used 10543K, capacity 12994K, committed 13056K, reserved 1048576K

Card table byte_map: [0x0000000011840000,0x0000000011950000] byte_map_base: 0x0000000011140000

Marking Bits: (ParMarkBitMap*) 0x000000007037a5b0
 Begin Bits: [0x0000000012200000, 0x0000000012a00000)
 End Bits:   [0x0000000012a00000, 0x0000000013200000)

Polling page: 0x0000000002170000

CodeCache: size=245760Kb used=33487Kb max_used=34139Kb free=212272Kb
 bounds [0x0000000002480000, 0x0000000004640000, 0x0000000011480000]
 total_blobs=10051 nmethods=9146 adapters=812
 compilation: enabled

Compilation events (10 events):
Event: 177.515 Thread 0x0000000014ee9000 nmethod 11443 0x000000000313a8d0 code [0x000000000313aa60, 0x000000000313b038]
Event: 177.516 Thread 0x0000000014eb7000 11444       4       java.util.ArrayDeque::pollFirst (42 bytes)
Event: 177.517 Thread 0x0000000014ee9000 11445   !   3       org.eclipse.osgi.storage.BundleInfo$Generation::close (34 bytes)
Event: 177.517 Thread 0x0000000014eb7000 nmethod 11444 0x0000000002b22b50 code [0x0000000002b22c80, 0x0000000002b22d38]
Event: 177.517 Thread 0x0000000014ee9000 nmethod 11445 0x00000000037c7e50 code [0x00000000037c7fc0, 0x00000000037c83e8]
Event: 177.519 Thread 0x0000000014ee9000 11446       3       java.util.TimSort::gallopRight (335 bytes)
Event: 177.519 Thread 0x0000000014ee9000 nmethod 11446 0x0000000002c891d0 code [0x0000000002c893c0, 0x0000000002c89eb8]
Event: 177.520 Thread 0x0000000014ee9000 11447       3       org.eclipse.osgi.container.Module::holdsTransitionEventLock (25 bytes)
Event: 177.520 Thread 0x0000000014ee9000 nmethod 11447 0x00000000033ef0d0 code [0x00000000033ef260, 0x00000000033ef988]
Event: 177.521 Thread 0x0000000014ee9000 11455       3       org.eclipse.osgi.internal.framework.EquinoxContainerAdaptor::clearManifestCache (84 bytes)

GC Heap History (10 events):
Event: 12.722 GC heap before
{Heap before GC invocations=16 (full 3):
 PSYoungGen      total 130048K, used 130016K [0x00000000f5580000, 0x0000000100000000, 0x0000000100000000)
  eden space 115200K, 100% used [0x00000000f5580000,0x00000000fc600000,0x00000000fc600000)
  from space 14848K, 99% used [0x00000000ff180000,0x00000000ffff8388,0x0000000100000000)
  to   space 29696K, 0% used [0x00000000fc600000,0x00000000fc600000,0x00000000fe300000)
 ParOldGen       total 115200K, used 71405K [0x00000000e0000000, 0x00000000e7080000, 0x00000000f5580000)
  object space 115200K, 61% used [0x00000000e0000000,0x00000000e45bb6c0,0x00000000e7080000)
 Metaspace       used 79596K, capacity 86730K, committed 86872K, reserved 1124352K
  class space    used 9752K, capacity 12068K, committed 12160K, reserved 1048576K
Event: 12.741 GC heap after
Heap after GC invocations=16 (full 3):
 PSYoungGen      total 134144K, used 18620K [0x00000000f5580000, 0x0000000100000000, 0x0000000100000000)
  eden space 115200K, 0% used [0x00000000f5580000,0x00000000f5580000,0x00000000fc600000)
  from space 18944K, 98% used [0x00000000fc600000,0x00000000fd82f098,0x00000000fd880000)
  to   space 30208K, 0% used [0x00000000fe280000,0x00000000fe280000,0x0000000100000000)
 ParOldGen       total 115200K, used 85534K [0x00000000e0000000, 0x00000000e7080000, 0x00000000f5580000)
  object space 115200K, 74% used [0x00000000e0000000,0x00000000e53878d8,0x00000000e7080000)
 Metaspace       used 79596K, capacity 86730K, committed 86872K, reserved 1124352K
  class space    used 9752K, capacity 12068K, committed 12160K, reserved 1048576K
}
Event: 64.131 GC heap before
{Heap before GC invocations=17 (full 3):
 PSYoungGen      total 134144K, used 133820K [0x00000000f5580000, 0x0000000100000000, 0x0000000100000000)
  eden space 115200K, 100% used [0x00000000f5580000,0x00000000fc600000,0x00000000fc600000)
  from space 18944K, 98% used [0x00000000fc600000,0x00000000fd82f098,0x00000000fd880000)
  to   space 30208K, 0% used [0x00000000fe280000,0x00000000fe280000,0x0000000100000000)
 ParOldGen       total 115200K, used 85534K [0x00000000e0000000, 0x00000000e7080000, 0x00000000f5580000)
  object space 115200K, 74% used [0x00000000e0000000,0x00000000e53878d8,0x00000000e7080000)
 Metaspace       used 83227K, capacity 90686K, committed 90968K, reserved 1128448K
  class space    used 10209K, capacity 12632K, committed 12672K, reserved 1048576K
Event: 64.143 GC heap after
Heap after GC invocations=17 (full 3):
 PSYoungGen      total 142336K, used 19345K [0x00000000f5580000, 0x0000000100000000, 0x0000000100000000)
  eden space 112128K, 0% used [0x00000000f5580000,0x00000000f5580000,0x00000000fc300000)
  from space 30208K, 64% used [0x00000000fe280000,0x00000000ff564440,0x0000000100000000)
  to   space 31232K, 0% used [0x00000000fc300000,0x00000000fc300000,0x00000000fe180000)
 ParOldGen       total 115200K, used 85542K [0x00000000e0000000, 0x00000000e7080000, 0x00000000f5580000)
  object space 115200K, 74% used [0x00000000e0000000,0x00000000e53898d8,0x00000000e7080000)
 Metaspace       used 83227K, capacity 90686K, committed 90968K, reserved 1128448K
  class space    used 10209K, capacity 12632K, committed 12672K, reserved 1048576K
}
Event: 127.422 GC heap before
{Heap before GC invocations=18 (full 3):
 PSYoungGen      total 142336K, used 131473K [0x00000000f5580000, 0x0000000100000000, 0x0000000100000000)
  eden space 112128K, 100% used [0x00000000f5580000,0x00000000fc300000,0x00000000fc300000)
  from space 30208K, 64% used [0x00000000fe280000,0x00000000ff564440,0x0000000100000000)
  to   space 31232K, 0% used [0x00000000fc300000,0x00000000fc300000,0x00000000fe180000)
 ParOldGen       total 115200K, used 85542K [0x00000000e0000000, 0x00000000e7080000, 0x00000000f5580000)
  object space 115200K, 74% used [0x00000000e0000000,0x00000000e53898d8,0x00000000e7080000)
 Metaspace       used 83940K, capacity 91542K, committed 91736K, reserved 1128448K
  class space    used 10232K, capacity 12636K, committed 12672K, reserved 1048576K
Event: 127.435 GC heap after
Heap after GC invocations=18 (full 3):
 PSYoungGen      total 143360K, used 17870K [0x00000000f5580000, 0x0000000100000000, 0x0000000100000000)
  eden space 112128K, 0% used [0x00000000f5580000,0x00000000f5580000,0x00000000fc300000)
  from space 31232K, 57% used [0x00000000fc300000,0x00000000fd4738d8,0x00000000fe180000)
  to   space 30720K, 0% used [0x00000000fe200000,0x00000000fe200000,0x0000000100000000)
 ParOldGen       total 115200K, used 85550K [0x00000000e0000000, 0x00000000e7080000, 0x00000000f5580000)
  object space 115200K, 74% used [0x00000000e0000000,0x00000000e538b8d8,0x00000000e7080000)
 Metaspace       used 83940K, capacity 91542K, committed 91736K, reserved 1128448K
  class space    used 10232K, capacity 12636K, committed 12672K, reserved 1048576K
}
Event: 164.914 GC heap before
{Heap before GC invocations=19 (full 3):
 PSYoungGen      total 143360K, used 79712K [0x00000000f5580000, 0x0000000100000000, 0x0000000100000000)
  eden space 112128K, 55% used [0x00000000f5580000,0x00000000f91e4a20,0x00000000fc300000)
  from space 31232K, 57% used [0x00000000fc300000,0x00000000fd4738d8,0x00000000fe180000)
  to   space 30720K, 0% used [0x00000000fe200000,0x00000000fe200000,0x0000000100000000)
 ParOldGen       total 115200K, used 85550K [0x00000000e0000000, 0x00000000e7080000, 0x00000000f5580000)
  object space 115200K, 74% used [0x00000000e0000000,0x00000000e538b8d8,0x00000000e7080000)
 Metaspace       used 84351K, capacity 91812K, committed 92120K, reserved 1128448K
  class space    used 10246K, capacity 12704K, committed 12800K, reserved 1048576K
Event: 164.925 GC heap after
Heap after GC invocations=19 (full 3):
 PSYoungGen      total 143872K, used 17414K [0x00000000f5580000, 0x0000000100000000, 0x0000000100000000)
  eden space 113152K, 0% used [0x00000000f5580000,0x00000000f5580000,0x00000000fc400000)
  from space 30720K, 56% used [0x00000000fe200000,0x00000000ff301928,0x0000000100000000)
  to   space 30720K, 0% used [0x00000000fc400000,0x00000000fc400000,0x00000000fe200000)
 ParOldGen       total 115200K, used 85558K [0x00000000e0000000, 0x00000000e7080000, 0x00000000f5580000)
  object space 115200K, 74% used [0x00000000e0000000,0x00000000e538d8d8,0x00000000e7080000)
 Metaspace       used 84351K, capacity 91812K, committed 92120K, reserved 1128448K
  class space    used 10246K, capacity 12704K, committed 12800K, reserved 1048576K
}
Event: 164.925 GC heap before
{Heap before GC invocations=20 (full 4):
 PSYoungGen      total 143872K, used 17414K [0x00000000f5580000, 0x0000000100000000, 0x0000000100000000)
  eden space 113152K, 0% used [0x00000000f5580000,0x00000000f5580000,0x00000000fc400000)
  from space 30720K, 56% used [0x00000000fe200000,0x00000000ff301928,0x0000000100000000)
  to   space 30720K, 0% used [0x00000000fc400000,0x00000000fc400000,0x00000000fe200000)
 ParOldGen       total 115200K, used 85558K [0x00000000e0000000, 0x00000000e7080000, 0x00000000f5580000)
  object space 115200K, 74% used [0x00000000e0000000,0x00000000e538d8d8,0x00000000e7080000)
 Metaspace       used 84351K, capacity 91812K, committed 92120K, reserved 1128448K
  class space    used 10246K, capacity 12704K, committed 12800K, reserved 1048576K
Event: 165.203 GC heap after
Heap after GC invocations=20 (full 4):
 PSYoungGen      total 143872K, used 0K [0x00000000f5580000, 0x0000000100000000, 0x0000000100000000)
  eden space 113152K, 0% used [0x00000000f5580000,0x00000000f5580000,0x00000000fc400000)
  from space 30720K, 0% used [0x00000000fe200000,0x00000000fe200000,0x0000000100000000)
  to   space 30720K, 0% used [0x00000000fc400000,0x00000000fc400000,0x00000000fe200000)
 ParOldGen       total 115200K, used 64700K [0x00000000e0000000, 0x00000000e7080000, 0x00000000f5580000)
  object space 115200K, 56% used [0x00000000e0000000,0x00000000e3f2f348,0x00000000e7080000)
 Metaspace       used 84351K, capacity 91812K, committed 92120K, reserved 1128448K
  class space    used 10246K, capacity 12704K, committed 12800K, reserved 1048576K
}

Deoptimization events (10 events):
Event: 176.837 Thread 0x0000000017a13000 Uncommon trap: reason=unstable_if action=reinterpret pc=0x0000000003da5a30 method=org.eclipse.e4.ui.internal.workbench.swt.E4Application$1.syncExec(Ljava/lang/Runnable;)V @ 14
Event: 176.852 Thread 0x0000000017a1a800 Uncommon trap: reason=unstable_if action=reinterpret pc=0x000000000453ad80 method=org.eclipse.equinox.internal.event.EventHandlerTracker.getHandlers(Ljava/lang/String;)Ljava/util/Set; @ 28
Event: 176.854 Thread 0x0000000017a1a800 Uncommon trap: reason=class_check action=maybe_recompile pc=0x000000000407b0d4 method=org.eclipse.e4.core.internal.contexts.TrackableComputationExt.update(Lorg/eclipse/e4/core/internal/contexts/ContextChangeEvent;)Z @ 62
Event: 176.854 Thread 0x0000000017a1a800 Uncommon trap: reason=class_check action=maybe_recompile pc=0x000000000407b0d4 method=org.eclipse.e4.core.internal.contexts.TrackableComputationExt.update(Lorg/eclipse/e4/core/internal/contexts/ContextChangeEvent;)Z @ 62
Event: 176.885 Thread 0x000000001fc56000 Uncommon trap: reason=unstable_if action=reinterpret pc=0x0000000002602724 method=sun.nio.cs.SingleByte$Encoder.encode(C)I @ 13
Event: 176.887 Thread 0x0000000017a1a800 Uncommon trap: reason=predicate action=maybe_recompile pc=0x000000000435a334 method=java.io.OutputStream.write([BII)V @ 62
Event: 176.903 Thread 0x0000000017a1a800 Uncommon trap: reason=unstable_if action=reinterpret pc=0x00000000040ad2f0 method=org.eclipse.core.internal.localstore.FileSystemResourceManager.getStoreRoot(Lorg/eclipse/core/resources/IResource;)Lorg/eclipse/core/internal/localstore/FileStoreRoot; @ 17
Event: 176.903 Thread 0x0000000017a1a800 Uncommon trap: reason=unstable_if action=reinterpret pc=0x0000000004171e9c method=org.eclipse.core.internal.localstore.FileStoreRoot.getManager(Lorg/eclipse/core/runtime/IPath;)Lorg/eclipse/core/resources/IPathVariableManager; @ 18
Event: 177.448 Thread 0x0000000017a1a800 Uncommon trap: reason=unstable_if action=reinterpret pc=0x000000000339f158 method=org.eclipse.osgi.internal.hooks.EclipseLazyStarter.shouldActivateFor(Ljava/lang/String;Lorg/eclipse/osgi/container/Module;Lorg/eclipse/osgi/container/ModuleRevision;Lorg/ecli
Event: 177.496 Thread 0x0000000016fc8000 Uncommon trap: reason=unstable_if action=reinterpret pc=0x0000000003259530 method=org.eclipse.osgi.internal.framework.BundleContextImpl.dispatchEvent(Ljava/lang/Object;Ljava/lang/Object;ILjava/lang/Object;)V @ 16

Internal exceptions (10 events):
Event: 67.128 Thread 0x0000000017a1d000 Exception <a 'java/io/FileNotFoundException'> (0x00000000f81e5628) thrown at [C:\re\workspace\8-2-build-windows-amd64-cygwin\jdk8u66\5298\hotspot\src\share\vm\prims\jni.cpp, line 709]
Event: 129.608 Thread 0x0000000017a20000 Exception <a 'java/io/FileNotFoundException'> (0x00000000f745c2a8) thrown at [C:\re\workspace\8-2-build-windows-amd64-cygwin\jdk8u66\5298\hotspot\src\share\vm\prims\jni.cpp, line 709]
Event: 129.905 Thread 0x0000000017a20000 Exception <a 'java/io/FileNotFoundException'> (0x00000000f7900098) thrown at [C:\re\workspace\8-2-build-windows-amd64-cygwin\jdk8u66\5298\hotspot\src\share\vm\prims\jni.cpp, line 709]
Event: 176.484 Thread 0x00000000023e8000 Implicit null exception at 0x00000000031b0415 to 0x00000000031b0841
Event: 176.603 Thread 0x0000000017a1a800 Implicit null exception at 0x00000000037c7fd9 to 0x00000000037c82b5
Event: 176.884 Thread 0x000000001fc54800 Exception <a 'java/lang/InterruptedException'> (0x00000000f9a2c918) thrown at [C:\re\workspace\8-2-build-windows-amd64-cygwin\jdk8u66\5298\hotspot\src\share\vm\runtime\objectMonitor.cpp, line 1683]
Event: 177.502 Thread 0x0000000017a13000 Exception <a 'java/lang/InterruptedException'> (0x00000000f59897d0) thrown at [C:\re\workspace\8-2-build-windows-amd64-cygwin\jdk8u66\5298\hotspot\src\share\vm\runtime\objectMonitor.cpp, line 1683]
Event: 177.515 Thread 0x0000000016fc8000 Exception <a 'java/lang/InterruptedException'> (0x00000000f9d6bd90) thrown at [C:\re\workspace\8-2-build-windows-amd64-cygwin\jdk8u66\5298\hotspot\src\share\vm\runtime\objectMonitor.cpp, line 1683]
Event: 177.519 Thread 0x0000000017a14000 Exception <a 'java/lang/InterruptedException'> (0x00000000f5a3fa38) thrown at [C:\re\workspace\8-2-build-windows-amd64-cygwin\jdk8u66\5298\hotspot\src\share\vm\runtime\objectMonitor.cpp, line 1683]
Event: 177.519 Thread 0x00000000177e6800 Exception <a 'java/lang/InterruptedException'> (0x00000000f9fc9ee0) thrown at [C:\re\workspace\8-2-build-windows-amd64-cygwin\jdk8u66\5298\hotspot\src\share\vm\runtime\objectMonitor.cpp, line 1683]

Events (10 events):
Event: 177.520 Thread 0x0000000014ee9000 flushing nmethod 0x0000000002919ad0
Event: 177.521 loading class java/util/IdentityHashMap$KeySet done
Event: 177.521 loading class java/util/IdentityHashMap$KeyIterator
Event: 177.521 loading class java/util/IdentityHashMap$IdentityHashMapIterator
Event: 177.521 Thread 0x0000000014ee9000 flushing nmethod 0x00000000029b5710
Event: 177.521 loading class java/util/IdentityHashMap$IdentityHashMapIterator done
Event: 177.521 loading class java/util/IdentityHashMap$KeyIterator done
Event: 177.521 Thread 0x0000000017a1a800 Thread added: 0x0000000017a1a800
Event: 177.521 Thread 0x0000000017a1a800 Thread exited: 0x0000000017a1a800
Event: 177.521 Executing VM operation: Exit


Dynamic libraries:
0x0000000000400000 - 0x000000000044f000 	C:\Xilinx\SDK\2016.2\eclipse\win64.o\eclipse.exe
0x00000000777b0000 - 0x000000007795a000 	C:\Windows\SYSTEM32\ntdll.dll
0x0000000077590000 - 0x00000000776af000 	C:\Windows\system32\kernel32.dll
0x000007fefd510000 - 0x000007fefd57a000 	C:\Windows\system32\KERNELBASE.dll
0x00000000776b0000 - 0x00000000777aa000 	C:\Windows\system32\USER32.dll
0x000007fefdb80000 - 0x000007fefdbe7000 	C:\Windows\system32\GDI32.dll
0x000007feff180000 - 0x000007feff18e000 	C:\Windows\system32\LPK.dll
0x000007fefdd80000 - 0x000007fefde4a000 	C:\Windows\system32\USP10.dll
0x000007fefef50000 - 0x000007fefefef000 	C:\Windows\system32\msvcrt.dll
0x000007fefbe00000 - 0x000007fefbff4000 	C:\Windows\WinSxS\amd64_microsoft.windows.common-controls_6595b64144ccf1df_6.0.7601.18837_none_fa3b1e3d17594757\COMCTL32.dll
0x000007fefdbf0000 - 0x000007fefdc61000 	C:\Windows\system32\SHLWAPI.dll
0x000007feffa90000 - 0x000007feffabe000 	C:\Windows\system32\IMM32.DLL
0x000007fefdc70000 - 0x000007fefdd79000 	C:\Windows\system32\MSCTF.dll
0x0000000072000000 - 0x0000000072012000 	C:\Xilinx\SDK\2016.2\eclipse\win64.o\plugins\org.eclipse.equinox.launcher.win32.win32.x86_64_1.1.300.v20150602-1417\eclipse_1611.dll
0x000007feff9b0000 - 0x000007feffa8b000 	C:\Windows\system32\ADVAPI32.dll
0x000007feff990000 - 0x000007feff9af000 	C:\Windows\SYSTEM32\sechost.dll
0x000007fefde50000 - 0x000007fefdf7d000 	C:\Windows\system32\RPCRT4.dll
0x000007fefc580000 - 0x000007fefc58c000 	C:\Windows\system32\VERSION.dll
0x000007fefbda0000 - 0x000007fefbdf6000 	C:\Windows\system32\UxTheme.dll
0x000000006fb70000 - 0x00000000703f9000 	C:\Xilinx\SDK\2016.2\tps\win64\jre\bin\server\jvm.dll
0x000007fefb5c0000 - 0x000007fefb5c9000 	C:\Windows\system32\WSOCK32.dll
0x000007fefeff0000 - 0x000007feff03d000 	C:\Windows\system32\WS2_32.dll
0x000007feff5b0000 - 0x000007feff5b8000 	C:\Windows\system32\NSI.dll
0x000007fefa220000 - 0x000007fefa25b000 	C:\Windows\system32\WINMM.dll
0x0000000077970000 - 0x0000000077977000 	C:\Windows\system32\PSAPI.DLL
0x0000000073110000 - 0x00000000731e2000 	C:\Windows\system32\MSVCR100.dll
0x00000000748c0000 - 0x00000000748cf000 	C:\Xilinx\SDK\2016.2\tps\win64\jre\bin\verify.dll
0x0000000074890000 - 0x00000000748b9000 	C:\Xilinx\SDK\2016.2\tps\win64\jre\bin\java.dll
0x0000000074870000 - 0x0000000074886000 	C:\Xilinx\SDK\2016.2\tps\win64\jre\bin\zip.dll
0x000007fefdfe0000 - 0x000007fefed69000 	C:\Windows\system32\SHELL32.dll
0x000007feff210000 - 0x000007feff413000 	C:\Windows\system32\ole32.dll
0x000007fefd4f0000 - 0x000007fefd4ff000 	C:\Windows\system32\profapi.dll
0x000007fefccf0000 - 0x000007fefcd08000 	C:\Windows\system32\CRYPTSP.dll
0x000007fefc9f0000 - 0x000007fefca37000 	C:\Windows\system32\rsaenh.dll
0x000007fefd810000 - 0x000007fefd82e000 	C:\Windows\system32\USERENV.dll
0x000007fefd350000 - 0x000007fefd35f000 	C:\Windows\system32\CRYPTBASE.dll
0x0000000072e70000 - 0x0000000072e8a000 	C:\Xilinx\SDK\2016.2\tps\win64\jre\bin\net.dll
0x000007fefcc90000 - 0x000007fefcce5000 	C:\Windows\system32\mswsock.dll
0x000007fefcc80000 - 0x000007fefcc87000 	C:\Windows\System32\wship6.dll
0x000007fefaa40000 - 0x000007fefaa67000 	C:\Windows\system32\IPHLPAPI.DLL
0x000007fefaa30000 - 0x000007fefaa3b000 	C:\Windows\system32\WINNSI.DLL
0x000007fefa1c0000 - 0x000007fefa1d1000 	C:\Windows\system32\dhcpcsvc6.DLL
0x000007fefa1a0000 - 0x000007fefa1b8000 	C:\Windows\system32\dhcpcsvc.DLL
0x0000000072e50000 - 0x0000000072e61000 	C:\Xilinx\SDK\2016.2\tps\win64\jre\bin\nio.dll
0x000007fefacd0000 - 0x000007feface5000 	C:\Windows\system32\NLAapi.dll
0x000007fef8bf0000 - 0x000007fef8c05000 	C:\Windows\system32\napinsp.dll
0x000007fef8c10000 - 0x000007fef8c29000 	C:\Windows\system32\pnrpnsp.dll
0x000007fefcb10000 - 0x000007fefcb6b000 	C:\Windows\system32\DNSAPI.dll
0x000007fef97e0000 - 0x000007fef97eb000 	C:\Windows\System32\winrnr.dll
0x000007fefc650000 - 0x000007fefc657000 	C:\Windows\System32\wshtcpip.dll
0x000007fef9db0000 - 0x000007fef9db8000 	C:\Windows\system32\rasadhlp.dll
0x000007fefa6a0000 - 0x000007fefa6f3000 	C:\Windows\System32\fwpuclnt.dll
0x0000000018650000 - 0x00000000186f8000 	C:\Users\milwidya\.Xilinx\SDK\2016.2\org.eclipse.osgi\312\0\.cp\swt-win32-4527.dll
0x000007feff8b0000 - 0x000007feff988000 	C:\Windows\system32\OLEAUT32.dll
0x000007feff040000 - 0x000007feff0d7000 	C:\Windows\system32\comdlg32.dll
0x000007fef6690000 - 0x000007fef6701000 	C:\Windows\system32\WINSPOOL.DRV
0x000007feff5c0000 - 0x000007feff885000 	C:\Windows\system32\WININET.dll
0x000007fefd640000 - 0x000007fefd644000 	C:\Windows\system32\api-ms-win-downlevel-user32-l1-1-0.dll
0x000007fefd830000 - 0x000007fefd834000 	C:\Windows\system32\api-ms-win-downlevel-shlwapi-l1-1-0.dll
0x000007fefd7c0000 - 0x000007fefd7c4000 	C:\Windows\system32\api-ms-win-downlevel-version-l1-1-0.dll
0x000007fefd590000 - 0x000007fefd593000 	C:\Windows\system32\api-ms-win-downlevel-normaliz-l1-1-0.dll
0x0000000077980000 - 0x0000000077983000 	C:\Windows\system32\normaliz.DLL
0x000007fefd8b0000 - 0x000007fefdb79000 	C:\Windows\system32\iertutil.dll
0x000007fefd860000 - 0x000007fefd865000 	C:\Windows\system32\api-ms-win-downlevel-advapi32-l1-1-0.dll
0x000007fefd650000 - 0x000007fefd7bd000 	C:\Windows\system32\CRYPT32.dll
0x000007fefd500000 - 0x000007fefd50f000 	C:\Windows\system32\MSASN1.dll
0x000007fefb870000 - 0x000007fefb99c000 	C:\Windows\system32\propsys.dll
0x000007feff0e0000 - 0x000007feff179000 	C:\Windows\system32\CLBCatQ.DLL
0x00000000021f0000 - 0x000000000220e000 	C:\Users\milwidya\.Xilinx\SDK\2016.2\org.eclipse.osgi\312\0\.cp\swt-gdip-win32-4527.dll
0x000007fefbb80000 - 0x000007fefbd96000 	C:\Windows\WinSxS\amd64_microsoft.windows.gdiplus_6595b64144ccf1df_1.1.7601.23508_none_145555328b95eaaa\gdiplus.dll
0x000007fefb6a0000 - 0x000007fefb801000 	C:\Windows\system32\WindowsCodecs.dll
0x0000000180000000 - 0x0000000180012000 	C:\Users\milwidya\.Xilinx\SDK\2016.2\org.eclipse.osgi\126\0\.cp\os\win32\x86_64\localfile_1_0_0.dll
0x000007feef340000 - 0x000007feef394000 	C:\Windows\system32\oleacc.dll
0x000007fef9040000 - 0x000007fef9047000 	C:\Windows\system32\msimg32.dll
0x000007fefd440000 - 0x000007fefd454000 	C:\Windows\system32\RpcRtRemote.dll
0x000007fefd2f0000 - 0x000007fefd347000 	C:\Windows\system32\apphelp.dll
0x000007fefb670000 - 0x000007fefb681000 	C:\Users\milwidya\.Xilinx\SDK\2016.2\org.eclipse.osgi\129\0\.cp\jWinHttp-1.0.0.dll
0x000007fef9880000 - 0x000007fef98f1000 	C:\Windows\system32\WINHTTP.dll
0x000007fef97f0000 - 0x000007fef9854000 	C:\Windows\system32\webio.dll
0x000007fefd2c0000 - 0x000007fefd2e5000 	C:\Windows\system32\SspiCli.dll
0x000007fefc8b0000 - 0x000007fefc8ba000 	C:\Windows\system32\credssp.dll
0x000007fefd870000 - 0x000007fefd8a6000 	C:\Windows\system32\CFGMGR32.dll
0x000007fefb4d0000 - 0x000007fefb4df000 	C:\Xilinx\SDK\2016.2\lib\win64.o\librdi_repo_manager.dll
0x000007fef1a50000 - 0x000007fef1a7a000 	C:\Xilinx\SDK\2016.2\lib\win64.o\libisl_sysinfo.dll
0x000007feebe30000 - 0x000007feebf04000 	C:\Windows\system32\MSVCR110.dll
0x000007feebd00000 - 0x000007feebda7000 	C:\Windows\system32\MSVCP110.dll
0x000007fec2db0000 - 0x000007fec37f0000 	C:\Xilinx\SDK\2016.2\lib\win64.o\librdi_common.dll
0x000007fec52b0000 - 0x000007fec561e000 	C:\Xilinx\SDK\2016.2\lib\win64.o\libCOIN-all.dll
0x000007fec5090000 - 0x000007fec52af000 	C:\Xilinx\SDK\2016.2\lib\win64.o\libXil_lmgr11.dll
0x000007fefb560000 - 0x000007fefb576000 	C:\Windows\system32\NETAPI32.dll
0x000007fefc920000 - 0x000007fefc92c000 	C:\Windows\system32\netutils.dll
0x000007fefcf00000 - 0x000007fefcf23000 	C:\Windows\system32\srvcli.dll
0x000007fefb540000 - 0x000007fefb555000 	C:\Windows\system32\wkscli.dll
0x000007fefd7d0000 - 0x000007fefd80b000 	C:\Windows\system32\WINTRUST.dll
0x000007fefb630000 - 0x000007fefb640000 	C:\Xilinx\SDK\2016.2\lib\win64.o\libboost_date_time.dll
0x000007feef510000 - 0x000007feef534000 	C:\Xilinx\SDK\2016.2\lib\win64.o\libboost_filesystem.dll
0x000007fefa5c0000 - 0x000007fefa5c9000 	C:\Xilinx\SDK\2016.2\lib\win64.o\libboost_system.dll
0x000007feee9f0000 - 0x000007feeea67000 	C:\Xilinx\SDK\2016.2\lib\win64.o\libboost_program_options.dll
0x000007fec88a0000 - 0x000007fec89a6000 	C:\Xilinx\SDK\2016.2\lib\win64.o\libboost_regex.dll
0x000007feef4f0000 - 0x000007feef503000 	C:\Xilinx\SDK\2016.2\lib\win64.o\libboost_signals.dll
0x000007fefa270000 - 0x000007fefa28d000 	C:\Xilinx\SDK\2016.2\lib\win64.o\libboost_thread.dll
0x000007fef9630000 - 0x000007fef963b000 	C:\Xilinx\SDK\2016.2\lib\win64.o\libboost_chrono.dll
0x000007fef9080000 - 0x000007fef908b000 	C:\Xilinx\SDK\2016.2\lib\win64.o\libboost_xilinx.dll
0x000007feeddf0000 - 0x000007feede70000 	C:\Xilinx\SDK\2016.2\lib\win64.o\libhdlpsolve.dll
0x000007feed810000 - 0x000007feed8aa000 	C:\Xilinx\SDK\2016.2\lib\win64.o\libhdxml.dll
0x000007fec4c20000 - 0x000007fec5085e00 	C:\Xilinx\SDK\2016.2\lib\win64.o\libisl_iostreams.dll
0x000007feef4d0000 - 0x000007feef4e6000 	C:\Xilinx\SDK\2016.2\lib\win64.o\libboost_iostreams.dll
0x000007feef4a0000 - 0x000007feef4c3000 	C:\Xilinx\SDK\2016.2\lib\win64.o\librdizlib.dll
0x000007feeddc0000 - 0x000007feedde3000 	C:\Xilinx\SDK\2016.2\lib\win64.o\libisl_iosutils.dll
0x000007feedda0000 - 0x000007feeddb5000 	C:\Xilinx\SDK\2016.2\lib\win64.o\pthreadVC2.dll
0x000007fec8840000 - 0x000007fec8894000 	C:\Xilinx\SDK\2016.2\lib\win64.o\librdi_commonxillic.dll
0x000007fec4af0000 - 0x000007fec4c20000 	C:\Xilinx\SDK\2016.2\lib\win64.o\librdi_curl.dll
0x000007feedd80000 - 0x000007feedd98000 	C:\Xilinx\SDK\2016.2\lib\win64.o\librdiconfig.dll
0x00000000723c0000 - 0x00000000724e7000 	C:\Xilinx\SDK\2016.2\lib\win64.o\tcl85t.dll
0x00000000250b0000 - 0x0000000025313000 	C:\Xilinx\SDK\2016.2\lib\win64.o\xerces-c_3_1.dll
0x000007feff420000 - 0x000007feff5a6000 	C:\Windows\system32\urlmon.dll
0x000007fefd580000 - 0x000007fefd584000 	C:\Windows\system32\api-ms-win-downlevel-ole32-l1-1-0.dll
0x000007fef5850000 - 0x000007fef5873000 	C:\Windows\system32\VCOMP110.DLL
0x000007fec48f0000 - 0x000007fec4ae2000 	C:\Xilinx\SDK\2016.2\lib\win64.o\librdi_hsm.dll
0x000007fec87f0000 - 0x000007fec8833000 	C:\Xilinx\SDK\2016.2\lib\win64.o\librdi_hdf.dll
0x000007fec4660000 - 0x000007fec48e1000 	C:\Xilinx\SDK\2016.2\lib\win64.o\librdi_ippcw.dll
0x000007feed7f0000 - 0x000007feed806000 	C:\Xilinx\SDK\2016.2\eclipse\win64.o\plugins\org.eclipse.cdt.core.win32.x86_64_5.4.0.201509131935\os\win32\x86_64\spawner.dll
0x000007fef9050000 - 0x000007fef905a000 	C:\Xilinx\SDK\2016.2\lib\win64.o\librdi_jtag_settings.dll
0x000007fec4630000 - 0x000007fec4659000 	C:\Xilinx\SDK\2016.2\lib\win64.o\librdi_debug_dialog.dll
0x000007fef8ef0000 - 0x000007fef8ef8000 	C:\Xilinx\SDK\2016.2\lib\win64.o\librdi_target_manager.dll
0x0000000071100000 - 0x0000000071125000 	C:\Users\milwidya\.jssc\windows\jSSC-2.8_x86_64.dll
0x0000000071080000 - 0x00000000710a6000 	C:\Xilinx\SDK\2016.2\eclipse\win64.o\plugins\gnu.io.rxtx.win32.x86_64_2.1.7.3_v20071015\os\win32\x86_64\rxtxSerial.dll
0x000007feb7c80000 - 0x000007feb8490000 	C:\Xilinx\SDK\2016.2\lib\win64.o\libXil_lmgr11FNP.dll

VM Arguments:
jvm_args: -Dcom.xilinx.sdk.args.hwspec=D:/yy/project_1/project_1.sdk/design_1_wrapper.hdf -Xms64m -Xmx512m & 
java_command: <unknown>
java_class_path (initial): C:\Xilinx\SDK\2016.2\eclipse\win64.o\\plugins/org.eclipse.equinox.launcher_1.3.100.v20150511-1540.jar
Launcher Type: generic

Environment Variables:
PATH=C:/Xilinx/SDK/2016.2/tps/win64/jre/bin/server;C:/Xilinx/SDK/2016.2/tps/win64/jre/bin;C:/Xilinx/SDK/2016.2/tps/win64/jre/lib/amd64;C:\Xilinx\SDK\2016.2\gnuwin\bin;C:\Xilinx\SDK\2016.2\gnu\microblaze\nt\bin;C:\Xilinx\SDK\2016.2\gnu\microblaze\linux_toolchain\nt64_le\bin;C:\Xilinx\SDK\2016.2\gnu\microblaze\linux_toolchain\nt64_be\bin;C:\Xilinx\SDK\2016.2\gnu\arm\nt\bin;C:\Xilinx\SDK\2016.2\gnu\aarch64\nt\aarch64-none\bin;C:\Xilinx\SDK\2016.2\gnu\aarch64\nt\aarch64-linux\bin;C:\Xilinx\SDK\2016.2\gnu\armr5\nt\gcc-arm-none-eabi\bin;C:\Xilinx\SDK\2016.2\gnu\aarch32\nt\gcc-arm-none-eabi\bin;C:\Xilinx\SDK\2016.2\gnu\aarch32\nt\gcc-arm-linux-gnueabi\bin;C:\Xilinx\SDK\2016.2\tps\win64\cmake-3.3.2\bin;;C:\Xilinx\SDK\2016.2\bin;C:\Xilinx\SDK\2016.2\lib\win64.o;C:\Xilinx\SDK\2016.2\tps\win64\jre\bin\server;C:\Xilinx\SDK\2016.2\tps\win64\jre\bin;C:\Xilinx\Vivado\2016.2\ids_lite\ISE\bin\nt64;C:\Xilinx\Vivado\2016.2\ids_lite\ISE\lib\nt64;C:\Xilinx\Vivado\2016.2\bin;C:\Xilinx\Vivado\2016.2\lib\win64.o;C:\Xilinx\Vivado\2016.2\tps\win64\jre\bin\server;C:\Xilinx\Vivado\2016.2\tps\win64\jre\bin;C:\Xilinx\Vivado_HLS\2016.2\bin;C:\Windows\system32;C:\Windows;C:\Windows\System32\Wbem;C:\Windows\System32\WindowsPowerShell\v1.0\;C:\Program Files (x86)\Java\jre6\bin;C:\Program Files (x86)\eclipse;C:\altera\16.0\quartus\bin64;c:\altera\16.0\quartus\bin64\jre64\bin;d:\yy\project_1;
USERNAME=milwidya
OS=Windows_NT
PROCESSOR_IDENTIFIER=Intel64 Family 6 Model 60 Stepping 3, GenuineIntel



---------------  S Y S T E M  ---------------

OS: Windows 7 , 64 bit Build 7601 (6.1.7601.23418)

CPU:total 8 (4 cores per cpu, 2 threads per core) family 6 model 60 stepping 3, cmov, cx8, fxsr, mmx, sse, sse2, sse3, ssse3, sse4.1, sse4.2, popcnt, avx, avx2, aes, clmul, erms, lzcnt, ht, tsc, tscinvbit, bmi1, bmi2

Memory: 4k page, physical 16683160k(12186036k free), swap 33364460k(28582068k free)

vm_info: Java HotSpot(TM) 64-Bit Server VM (25.66-b18) for windows-amd64 JRE (1.8.0_66-b18), built on Nov  9 2015 10:51:13 by "java_re" with MS VC++ 10.0 (VS2010)

time: Wed Mar 22 16:52:17 2017
elapsed time: 178 seconds (0d 0h 2m 58s)

