#
# A fatal error has been detected by the Java Runtime Environment:
#
#  EXCEPTION_UNCAUGHT_CXX_EXCEPTION (0xe06d7363) at pc=0x000007fefd66a06d, pid=2700, tid=5008
#
# JRE version: Java(TM) SE Runtime Environment (8.0_66-b18) (build 1.8.0_66-b18)
# Java VM: Java HotSpot(TM) 64-Bit Server VM (25.66-b18 mixed mode windows-amd64 compressed oops)
# Problematic frame:
# C  [KERNELBASE.dll+0x1a06d]
#
# Failed to write core dump. Minidumps are not enabled by default on client versions of Windows
#
# If you would like to submit a bug report, please visit:
#   http://bugreport.java.com/bugreport/crash.jsp
#

---------------  T H R E A D  ---------------

Current thread (0x0000000014ee2800):  VMThread [stack: 0x0000000015e30000,0x0000000015f30000] [id=5008]

siginfo: ExceptionCode=0xe06d7363, ExceptionInformation=0x0000000019930520 0x0000000015f2f4c8 0x000007feebff2cb8 0x000007feebf40000 

Registers:
RAX=0x00000000601e2181, RBX=0x000007feebff2cb8, RCX=0x0000000015f2ed10, RDX=0x00000000000000d0
RSP=0x0000000015f2f320, RBP=0x0000000015f2f450, RSI=0x00000000ffffffff, RDI=0x00000000175da160
R8 =0x0000000000000000, R9 =0x0000000000000000, R10=0x000007feebf40000, R11=0x0000000015f2f360
R12=0x0000000000000001, R13=0x0000000000000008, R14=0x0000000000000000, R15=0xffffffffffffffff
RIP=0x000007fefd66a06d, EFLAGS=0x0000000000000206

Top of Stack: (sp=0x0000000015f2f320)
0x0000000015f2f320:   000007feebff2cb8 00000000ffffffff
0x0000000015f2f330:   00000000175da160 00000000006d8ef0
0x0000000015f2f340:   00000001e06d7363 0000000000000000
0x0000000015f2f350:   000007fefd66a06d 000007fe00000004
0x0000000015f2f360:   0000000019930520 0000000015f2f4c8
0x0000000015f2f370:   000007feebff2cb8 000007feebf40000
0x0000000015f2f380:   0000000000000000 0000000015f2f408
0x0000000015f2f390:   0000000000000028 00000000175da150
0x0000000015f2f3a0:   00000000175a7f70 0000000000000000
0x0000000015f2f3b0:   000007fffffa8000 00000000776ef2d3
0x0000000015f2f3c0:   0000000000000000 0000000000000008
0x0000000015f2f3d0:   0000000000000001 00000000175da160
0x0000000015f2f3e0:   00000000ffffffff 000007feebf9e92c
0x0000000015f2f3f0:   000007feebff2cb8 0000000015f2f460
0x0000000015f2f400:   0000000000000001 000007feebf400f8
0x0000000015f2f410:   00000001e06d7363 0000000000000000 

Instructions: (pc=0x000007fefd66a06d)
0x000007fefd66a04d:   54 24 24 48 89 4c 24 28 4d 85 c9 0f 85 6a 03 00
0x000007fefd66a05d:   00 89 4c 24 38 48 8d 4c 24 20 ff 15 33 02 03 00
0x000007fefd66a06d:   48 81 c4 c8 00 00 00 c3 90 90 90 90 90 90 90 90
0x000007fefd66a07d:   90 90 90 48 83 ec 28 65 48 8b 04 25 30 00 00 00 


Register to memory mapping:

RAX=0x00000000601e2181 is an unknown value
RBX=0x000007feebff2cb8 is an unknown value
RCX=0x0000000015f2ed10 is an unknown value
RDX=0x00000000000000d0 is an unknown value
RSP=0x0000000015f2f320 is an unknown value
RBP=0x0000000015f2f450 is an unknown value
RSI=0x00000000ffffffff is an unallocated location in the heap
RDI=0x00000000175da160 is an unknown value
R8 =0x0000000000000000 is an unknown value
R9 =0x0000000000000000 is an unknown value
R10=0x000007feebf40000 is an unknown value
R11=0x0000000015f2f360 is an unknown value
R12=0x0000000000000001 is an unknown value
R13=0x0000000000000008 is an unknown value
R14=0x0000000000000000 is an unknown value
R15=0xffffffffffffffff is an unknown value


Stack: [0x0000000015e30000,0x0000000015f30000],  sp=0x0000000015f2f320,  free space=1020k
Native frames: (J=compiled Java code, j=interpreted, Vv=VM code, C=native code)
C  [KERNELBASE.dll+0x1a06d]
C  [MSVCR110.dll+0x5e92c]
C  [MSVCR110.dll+0x1315c]
C  [MSVCR110.dll+0x136a9]
C  [MSVCR110.dll+0x13e9c]
C  [MSVCR110.dll+0x239e]
C  [MSVCR110.dll+0xaf9e]
C  [MSVCP110.dll+0x397b9]
C  [librdi_common.dll+0x182316]
C  [librdi_common.dll+0x180fab]
C  [librdi_target_manager.dll+0x2400]
C  [librdi_target_manager.dll+0x2682]
C  [ntdll.dll+0x229b1]
C  [ntdll.dll+0x227c0]
C  [MSVCR100.dll+0x20ccd]
V  [jvm.dll+0x210cc5]
V  [jvm.dll+0x249897]
V  [jvm.dll+0x248b36]
V  [jvm.dll+0x248fd1]
V  [jvm.dll+0x2491ee]
V  [jvm.dll+0x29a0fa]
C  [MSVCR100.dll+0x21d9f]
C  [MSVCR100.dll+0x21e3b]
C  [kernel32.dll+0x159bd]
C  [ntdll.dll+0x2a2e1]

VM_Operation (0x000000000012f4c0): Exit, mode: safepoint, requested by thread 0x0000000002308000


---------------  P R O C E S S  ---------------

Java Threads: ( => current thread )
  0x000000001c3c9800 JavaThread "EventThread COM3" [_thread_in_native, id=4368, stack(0x000000002c560000,0x000000002c660000)]
  0x000000001c3c9000 JavaThread "EventThread COM1" [_thread_in_native, id=2648, stack(0x000000002c760000,0x000000002c860000)]
  0x0000000017d6e800 JavaThread "pool-2-thread-10" [_thread_blocked, id=2216, stack(0x000000002c160000,0x000000002c260000)]
  0x0000000017d6f000 JavaThread "pool-2-thread-9" [_thread_blocked, id=4616, stack(0x000000002bf60000,0x000000002c060000)]
  0x0000000017d6d800 JavaThread "pool-2-thread-8" [_thread_blocked, id=2204, stack(0x000000002bd60000,0x000000002be60000)]
  0x0000000017d6c000 JavaThread "pool-2-thread-7" [_thread_blocked, id=2944, stack(0x000000002bc60000,0x000000002bd60000)]
  0x0000000017d6b800 JavaThread "pool-2-thread-6" [_thread_blocked, id=2320, stack(0x000000002ab90000,0x000000002ac90000)]
  0x000000001fd99000 JavaThread "pool-2-thread-5" [_thread_blocked, id=884, stack(0x0000000026c60000,0x0000000026d60000)]
  0x000000001fd9a000 JavaThread "pool-2-thread-4" [_thread_blocked, id=2776, stack(0x0000000024b80000,0x0000000024c80000)]
  0x000000001fd96000 JavaThread "pool-2-thread-3" [_thread_blocked, id=5108, stack(0x00000000264f0000,0x00000000265f0000)]
  0x000000001fd93000 JavaThread "pool-2-thread-2" [_thread_blocked, id=3832, stack(0x000000002a670000,0x000000002a770000)]
  0x000000001e0a4000 JavaThread "pool-2-thread-1" [_thread_blocked, id=4664, stack(0x0000000024860000,0x0000000024960000)]
  0x000000001e0a2800 JavaThread "Thread-76" daemon [_thread_blocked, id=4836, stack(0x000000002a140000,0x000000002a240000)]
  0x0000000022247000 JavaThread "TCF Channel Transmitter" daemon [_thread_blocked, id=4576, stack(0x00000000280a0000,0x00000000281a0000)]
  0x0000000022246800 JavaThread "TCF Channel Receiver" daemon [_thread_in_native, id=3848, stack(0x0000000027000000,0x0000000027100000)]
  0x0000000022245800 JavaThread "Process monitor" daemon [_thread_in_native, id=4036, stack(0x0000000025ec0000,0x0000000025fc0000)]
  0x0000000018155000 JavaThread "Input Stream Monitor" daemon [_thread_blocked, id=4296, stack(0x0000000024720000,0x0000000024820000)]
  0x0000000018154800 JavaThread "Output Stream Monitor" daemon [_thread_in_native, id=4084, stack(0x0000000024280000,0x0000000024380000)]
  0x0000000018153800 JavaThread "Output Stream Monitor" daemon [_thread_in_native, id=4948, stack(0x0000000024180000,0x0000000024280000)]
  0x000000001814d000 JavaThread "TCF Locator DNS Lookup" daemon [_thread_blocked, id=4168, stack(0x0000000023a10000,0x0000000023b10000)]
  0x000000001814c000 JavaThread "TCF Locator Timer" daemon [_thread_blocked, id=3900, stack(0x0000000023910000,0x0000000023a10000)]
  0x000000001814b800 JavaThread "TCF Locator Receiver" daemon [_thread_in_native, id=4492, stack(0x00000000236c0000,0x00000000237c0000)]
  0x000000001814a000 JavaThread "TCF Timer Dispatcher" daemon [_thread_blocked, id=4416, stack(0x0000000020b40000,0x0000000020c40000)]
  0x0000000017b2d000 JavaThread "EMF Reference Cleaner" daemon [_thread_blocked, id=2284, stack(0x000000001a660000,0x000000001a760000)]
  0x0000000014fd3000 JavaThread "Service Thread" daemon [_thread_blocked, id=4628, stack(0x00000000167f0000,0x00000000168f0000)]
  0x0000000014f6a000 JavaThread "C1 CompilerThread3" daemon [_thread_blocked, id=4148, stack(0x00000000166f0000,0x00000000167f0000)]
  0x0000000014f45800 JavaThread "C2 CompilerThread2" daemon [_thread_blocked, id=4736, stack(0x00000000165f0000,0x00000000166f0000)]
  0x0000000014f3a000 JavaThread "C2 CompilerThread1" daemon [_thread_blocked, id=1108, stack(0x00000000164f0000,0x00000000165f0000)]
  0x0000000014f2c800 JavaThread "C2 CompilerThread0" daemon [_thread_blocked, id=500, stack(0x00000000163f0000,0x00000000164f0000)]
  0x0000000014f28800 JavaThread "Attach Listener" daemon [_thread_blocked, id=1348, stack(0x00000000162f0000,0x00000000163f0000)]
  0x0000000014f39000 JavaThread "Signal Dispatcher" daemon [_thread_blocked, id=3524, stack(0x00000000161f0000,0x00000000162f0000)]
  0x0000000013d6c000 JavaThread "Finalizer" daemon [_thread_blocked, id=4504, stack(0x0000000016030000,0x0000000016130000)]
  0x0000000013d65000 JavaThread "Reference Handler" daemon [_thread_blocked, id=4172, stack(0x0000000015f30000,0x0000000016030000)]
  0x0000000002308000 JavaThread "main" [_thread_blocked, id=4516, stack(0x0000000000030000,0x0000000000130000)]

Other Threads:
=>0x0000000014ee2800 VMThread [stack: 0x0000000015e30000,0x0000000015f30000] [id=5008]

VM state:at safepoint (shutting down)

VM Mutex/Monitor currently owned by a thread:  ([mutex/lock_event])
[0x000000000032e3b0] Threads_lock - owner thread: 0x0000000014ee2800

Heap:
 PSYoungGen      total 54272K, used 13801K [0x00000000f5580000, 0x00000000f9100000, 0x0000000100000000)
  eden space 47616K, 22% used [0x00000000f5580000,0x00000000f601bbc8,0x00000000f8400000)
  from space 6656K, 44% used [0x00000000f8a80000,0x00000000f8d5eb80,0x00000000f9100000)
  to   space 6656K, 0% used [0x00000000f8400000,0x00000000f8400000,0x00000000f8a80000)
 ParOldGen       total 120320K, used 72355K [0x00000000e0000000, 0x00000000e7580000, 0x00000000f5580000)
  object space 120320K, 60% used [0x00000000e0000000,0x00000000e46a8ea8,0x00000000e7580000)
 Metaspace       used 108370K, capacity 116218K, committed 116520K, reserved 1150976K
  class space    used 12747K, capacity 15330K, committed 15408K, reserved 1048576K

Card table byte_map: [0x00000000024d0000,0x00000000025e0000] byte_map_base: 0x0000000001dd0000

Marking Bits: (ParMarkBitMap*) 0x0000000070ffa5b0
 Begin Bits: [0x0000000012280000, 0x0000000012a80000)
 End Bits:   [0x0000000012a80000, 0x0000000013280000)

Polling page: 0x0000000000330000

CodeCache: size=245760Kb used=75557Kb max_used=75613Kb free=170202Kb
 bounds [0x00000000026c0000, 0x0000000007130000, 0x00000000116c0000]
 total_blobs=19709 nmethods=18767 adapters=848
 compilation: enabled

Compilation events (10 events):
Event: 3683.168 Thread 0x0000000014f6a000 nmethod 24797 0x00000000065aba10 code [0x00000000065abbe0, 0x00000000065ac578]
Event: 3683.170 Thread 0x0000000014f6a000 24800       3       org.eclipse.osgi.storage.bundlefile.MRUBundleFileList::removeInternal (37 bytes)
Event: 3683.170 Thread 0x0000000014f6a000 nmethod 24800 0x0000000002be4410 code [0x0000000002be4580, 0x0000000002be49f0]
Event: 3683.171 Thread 0x0000000014f6a000 24801   !   3       org.eclipse.osgi.storage.BundleInfo$Generation::close (34 bytes)
Event: 3683.172 Thread 0x0000000014f6a000 nmethod 24801 0x0000000002b70190 code [0x0000000002b70300, 0x0000000002b70728]
Event: 3683.172 Thread 0x0000000014f2c800 24802       4       org.eclipse.osgi.container.ModuleDatabase::readLock (11 bytes)
Event: 3683.173 Thread 0x0000000014f6a000 24803       3       org.eclipse.osgi.container.Module::holdsTransitionEventLock (25 bytes)
Event: 3683.173 Thread 0x0000000014f6a000 nmethod 24803 0x00000000030abd50 code [0x00000000030abee0, 0x00000000030ac608]
Event: 3683.173 Thread 0x0000000014f2c800 nmethod 24802 0x00000000030ab990 code [0x00000000030abae0, 0x00000000030abba8]
Event: 3683.174 Thread 0x0000000014f6a000 24811       3       org.eclipse.osgi.internal.framework.EquinoxContainerAdaptor::clearManifestCache (84 bytes)

GC Heap History (10 events):
Event: 3650.367 GC heap before
{Heap before GC invocations=242 (full 48):
 PSYoungGen      total 54784K, used 51288K [0x00000000f5580000, 0x00000000f9280000, 0x0000000100000000)
  eden space 47616K, 100% used [0x00000000f5580000,0x00000000f8400000,0x00000000f8400000)
  from space 7168K, 51% used [0x00000000f8400000,0x00000000f87963b0,0x00000000f8b00000)
  to   space 7168K, 0% used [0x00000000f8b80000,0x00000000f8b80000,0x00000000f9280000)
 ParOldGen       total 120320K, used 72355K [0x00000000e0000000, 0x00000000e7580000, 0x00000000f5580000)
  object space 120320K, 60% used [0x00000000e0000000,0x00000000e46a8ea8,0x00000000e7580000)
 Metaspace       used 107777K, capacity 115726K, committed 116136K, reserved 1150976K
  class space    used 12687K, capacity 15260K, committed 15280K, reserved 1048576K
Event: 3650.372 GC heap after
Heap after GC invocations=242 (full 48):
 PSYoungGen      total 55296K, used 4101K [0x00000000f5580000, 0x00000000f9280000, 0x0000000100000000)
  eden space 48128K, 0% used [0x00000000f5580000,0x00000000f5580000,0x00000000f8480000)
  from space 7168K, 57% used [0x00000000f8b80000,0x00000000f8f81580,0x00000000f9280000)
  to   space 7168K, 0% used [0x00000000f8480000,0x00000000f8480000,0x00000000f8b80000)
 ParOldGen       total 120320K, used 72355K [0x00000000e0000000, 0x00000000e7580000, 0x00000000f5580000)
  object space 120320K, 60% used [0x00000000e0000000,0x00000000e46a8ea8,0x00000000e7580000)
 Metaspace       used 107777K, capacity 115726K, committed 116136K, reserved 1150976K
  class space    used 12687K, capacity 15260K, committed 15280K, reserved 1048576K
}
Event: 3654.946 GC heap before
{Heap before GC invocations=243 (full 48):
 PSYoungGen      total 55296K, used 52229K [0x00000000f5580000, 0x00000000f9280000, 0x0000000100000000)
  eden space 48128K, 100% used [0x00000000f5580000,0x00000000f8480000,0x00000000f8480000)
  from space 7168K, 57% used [0x00000000f8b80000,0x00000000f8f81580,0x00000000f9280000)
  to   space 7168K, 0% used [0x00000000f8480000,0x00000000f8480000,0x00000000f8b80000)
 ParOldGen       total 120320K, used 72355K [0x00000000e0000000, 0x00000000e7580000, 0x00000000f5580000)
  object space 120320K, 60% used [0x00000000e0000000,0x00000000e46a8ea8,0x00000000e7580000)
 Metaspace       used 107803K, capacity 115726K, committed 116136K, reserved 1150976K
  class space    used 12687K, capacity 15260K, committed 15280K, reserved 1048576K
Event: 3654.952 GC heap after
Heap after GC invocations=243 (full 48):
 PSYoungGen      total 55296K, used 4236K [0x00000000f5580000, 0x00000000f9300000, 0x0000000100000000)
  eden space 48128K, 0% used [0x00000000f5580000,0x00000000f5580000,0x00000000f8480000)
  from space 7168K, 59% used [0x00000000f8480000,0x00000000f88a3200,0x00000000f8b80000)
  to   space 7168K, 0% used [0x00000000f8c00000,0x00000000f8c00000,0x00000000f9300000)
 ParOldGen       total 120320K, used 72355K [0x00000000e0000000, 0x00000000e7580000, 0x00000000f5580000)
  object space 120320K, 60% used [0x00000000e0000000,0x00000000e46a8ea8,0x00000000e7580000)
 Metaspace       used 107803K, capacity 115726K, committed 116136K, reserved 1150976K
  class space    used 12687K, capacity 15260K, committed 15280K, reserved 1048576K
}
Event: 3672.302 GC heap before
{Heap before GC invocations=244 (full 48):
 PSYoungGen      total 55296K, used 52364K [0x00000000f5580000, 0x00000000f9300000, 0x0000000100000000)
  eden space 48128K, 100% used [0x00000000f5580000,0x00000000f8480000,0x00000000f8480000)
  from space 7168K, 59% used [0x00000000f8480000,0x00000000f88a3200,0x00000000f8b80000)
  to   space 7168K, 0% used [0x00000000f8c00000,0x00000000f8c00000,0x00000000f9300000)
 ParOldGen       total 120320K, used 72355K [0x00000000e0000000, 0x00000000e7580000, 0x00000000f5580000)
  object space 120320K, 60% used [0x00000000e0000000,0x00000000e46a8ea8,0x00000000e7580000)
 Metaspace       used 107832K, capacity 115790K, committed 116136K, reserved 1150976K
  class space    used 12687K, capacity 15260K, committed 15280K, reserved 1048576K
Event: 3672.307 GC heap after
Heap after GC invocations=244 (full 48):
 PSYoungGen      total 53760K, used 3813K [0x00000000f5580000, 0x00000000f9200000, 0x0000000100000000)
  eden space 47616K, 0% used [0x00000000f5580000,0x00000000f5580000,0x00000000f8400000)
  from space 6144K, 62% used [0x00000000f8c00000,0x00000000f8fb95a0,0x00000000f9200000)
  to   space 7168K, 0% used [0x00000000f8400000,0x00000000f8400000,0x00000000f8b00000)
 ParOldGen       total 120320K, used 72355K [0x00000000e0000000, 0x00000000e7580000, 0x00000000f5580000)
  object space 120320K, 60% used [0x00000000e0000000,0x00000000e46a8ea8,0x00000000e7580000)
 Metaspace       used 107832K, capacity 115790K, committed 116136K, reserved 1150976K
  class space    used 12687K, capacity 15260K, committed 15280K, reserved 1048576K
}
Event: 3681.258 GC heap before
{Heap before GC invocations=245 (full 48):
 PSYoungGen      total 53760K, used 51429K [0x00000000f5580000, 0x00000000f9200000, 0x0000000100000000)
  eden space 47616K, 100% used [0x00000000f5580000,0x00000000f8400000,0x00000000f8400000)
  from space 6144K, 62% used [0x00000000f8c00000,0x00000000f8fb95a0,0x00000000f9200000)
  to   space 7168K, 0% used [0x00000000f8400000,0x00000000f8400000,0x00000000f8b00000)
 ParOldGen       total 120320K, used 72355K [0x00000000e0000000, 0x00000000e7580000, 0x00000000f5580000)
  object space 120320K, 60% used [0x00000000e0000000,0x00000000e46a8ea8,0x00000000e7580000)
 Metaspace       used 107893K, capacity 115802K, committed 116136K, reserved 1150976K
  class space    used 12692K, capacity 15262K, committed 15280K, reserved 1048576K
Event: 3681.265 GC heap after
Heap after GC invocations=245 (full 48):
 PSYoungGen      total 51712K, used 4337K [0x00000000f5580000, 0x00000000f9180000, 0x0000000100000000)
  eden space 47104K, 0% used [0x00000000f5580000,0x00000000f5580000,0x00000000f8380000)
  from space 4608K, 94% used [0x00000000f8400000,0x00000000f883c7b0,0x00000000f8880000)
  to   space 7168K, 0% used [0x00000000f8a80000,0x00000000f8a80000,0x00000000f9180000)
 ParOldGen       total 120320K, used 72355K [0x00000000e0000000, 0x00000000e7580000, 0x00000000f5580000)
  object space 120320K, 60% used [0x00000000e0000000,0x00000000e46a8ea8,0x00000000e7580000)
 Metaspace       used 107893K, capacity 115802K, committed 116136K, reserved 1150976K
  class space    used 12692K, capacity 15262K, committed 15280K, reserved 1048576K
}
Event: 3682.272 GC heap before
{Heap before GC invocations=246 (full 48):
 PSYoungGen      total 51712K, used 51441K [0x00000000f5580000, 0x00000000f9180000, 0x0000000100000000)
  eden space 47104K, 100% used [0x00000000f5580000,0x00000000f8380000,0x00000000f8380000)
  from space 4608K, 94% used [0x00000000f8400000,0x00000000f883c7b0,0x00000000f8880000)
  to   space 7168K, 0% used [0x00000000f8a80000,0x00000000f8a80000,0x00000000f9180000)
 ParOldGen       total 120320K, used 72355K [0x00000000e0000000, 0x00000000e7580000, 0x00000000f5580000)
  object space 120320K, 60% used [0x00000000e0000000,0x00000000e46a8ea8,0x00000000e7580000)
 Metaspace       used 108062K, capacity 116050K, committed 116520K, reserved 1150976K
  class space    used 12712K, capacity 15298K, committed 15408K, reserved 1048576K
Event: 3682.283 GC heap after
Heap after GC invocations=246 (full 48):
 PSYoungGen      total 54272K, used 2938K [0x00000000f5580000, 0x00000000f9100000, 0x0000000100000000)
  eden space 47616K, 0% used [0x00000000f5580000,0x00000000f5580000,0x00000000f8400000)
  from space 6656K, 44% used [0x00000000f8a80000,0x00000000f8d5eb80,0x00000000f9100000)
  to   space 6656K, 0% used [0x00000000f8400000,0x00000000f8400000,0x00000000f8a80000)
 ParOldGen       total 120320K, used 72355K [0x00000000e0000000, 0x00000000e7580000, 0x00000000f5580000)
  object space 120320K, 60% used [0x00000000e0000000,0x00000000e46a8ea8,0x00000000e7580000)
 Metaspace       used 108062K, capacity 116050K, committed 116520K, reserved 1150976K
  class space    used 12712K, capacity 15298K, committed 15408K, reserved 1048576K
}

Deoptimization events (10 events):
Event: 3683.142 Thread 0x000000001fd98800 Uncommon trap: reason=unstable_if action=reinterpret pc=0x00000000041e618c method=org.eclipse.core.internal.jobs.WorkerPool.startJob(Lorg/eclipse/core/internal/jobs/Worker;)Lorg/eclipse/core/internal/jobs/InternalJob; @ 177
Event: 3683.142 Thread 0x0000000017d70000 Uncommon trap: reason=unstable_if action=reinterpret pc=0x00000000041e618c method=org.eclipse.core.internal.jobs.WorkerPool.startJob(Lorg/eclipse/core/internal/jobs/Worker;)Lorg/eclipse/core/internal/jobs/InternalJob; @ 177
Event: 3683.143 Thread 0x00000000226b2800 Uncommon trap: reason=unstable_if action=reinterpret pc=0x00000000041e618c method=org.eclipse.core.internal.jobs.WorkerPool.startJob(Lorg/eclipse/core/internal/jobs/Worker;)Lorg/eclipse/core/internal/jobs/InternalJob; @ 177
Event: 3683.143 Thread 0x000000001c3c7000 Uncommon trap: reason=unstable_if action=reinterpret pc=0x00000000041e618c method=org.eclipse.core.internal.jobs.WorkerPool.startJob(Lorg/eclipse/core/internal/jobs/Worker;)Lorg/eclipse/core/internal/jobs/InternalJob; @ 177
Event: 3683.143 Thread 0x000000001814f000 Uncommon trap: reason=unstable_if action=reinterpret pc=0x00000000041e618c method=org.eclipse.core.internal.jobs.WorkerPool.startJob(Lorg/eclipse/core/internal/jobs/Worker;)Lorg/eclipse/core/internal/jobs/InternalJob; @ 177
Event: 3683.143 Thread 0x000000002224b800 Uncommon trap: reason=unstable_if action=reinterpret pc=0x00000000041e618c method=org.eclipse.core.internal.jobs.WorkerPool.startJob(Lorg/eclipse/core/internal/jobs/Worker;)Lorg/eclipse/core/internal/jobs/InternalJob; @ 177
Event: 3683.143 Thread 0x00000000226b2000 Uncommon trap: reason=unstable_if action=reinterpret pc=0x00000000041e618c method=org.eclipse.core.internal.jobs.WorkerPool.startJob(Lorg/eclipse/core/internal/jobs/Worker;)Lorg/eclipse/core/internal/jobs/InternalJob; @ 177
Event: 3683.163 Thread 0x000000001c021000 Uncommon trap: reason=unstable_if action=reinterpret pc=0x00000000029efdac method=sun.reflect.UnsafeStaticObjectFieldAccessorImpl.set(Ljava/lang/Object;Ljava/lang/Object;)V @ 13
Event: 3683.163 Thread 0x00000000181fc000 Uncommon trap: reason=unstable_if action=reinterpret pc=0x000000000711b4e0 method=org.eclipse.osgi.framework.eventmgr.EventManager$EventThread.getNextEvent()Lorg/eclipse/osgi/framework/eventmgr/EventManager$EventThread$Queued; @ 15
Event: 3683.171 Thread 0x0000000018147800 Uncommon trap: reason=unstable_if action=reinterpret pc=0x000000000711b4e0 method=org.eclipse.osgi.framework.eventmgr.EventManager$EventThread.getNextEvent()Lorg/eclipse/osgi/framework/eventmgr/EventManager$EventThread$Queued; @ 15

Internal exceptions (10 events):
Event: 3682.325 Thread 0x0000000002308000 Implicit null exception at 0x000000000304ec26 to 0x000000000304efd1
Event: 3682.500 Thread 0x000000001c023800 Exception <a 'java/lang/InterruptedException'> (0x00000000f5a8ec60) thrown at [C:\re\workspace\8-2-build-windows-amd64-cygwin\jdk8u66\5298\hotspot\src\share\vm\runtime\objectMonitor.cpp, line 1683]
Event: 3683.092 Thread 0x00000000181fc000 Implicit null exception at 0x00000000040058a2 to 0x00000000040059f5
Event: 3683.109 Thread 0x000000001c021000 Implicit null exception at 0x0000000004edf6c7 to 0x0000000004ee1941
Event: 3683.109 Thread 0x000000001c021000 Exception <a 'java/lang/NullPointerException'> (0x00000000f5cf4408) thrown at [C:\re\workspace\8-2-build-windows-amd64-cygwin\jdk8u66\5298\hotspot\src\share\vm\prims\jvm.cpp, line 1390]
Event: 3683.140 Thread 0x0000000018147000 Exception <a 'java/lang/InterruptedException'> (0x00000000f5631e48) thrown at [C:\re\workspace\8-2-build-windows-amd64-cygwin\jdk8u66\5298\hotspot\src\share\vm\runtime\objectMonitor.cpp, line 1683]
Event: 3683.163 Thread 0x000000001c021000 Implicit null exception at 0x00000000029efab7 to 0x00000000029efd99
Event: 3683.163 Thread 0x00000000181fc000 Exception <a 'java/lang/InterruptedException'> (0x00000000f5e24040) thrown at [C:\re\workspace\8-2-build-windows-amd64-cygwin\jdk8u66\5298\hotspot\src\share\vm\runtime\objectMonitor.cpp, line 1683]
Event: 3683.171 Thread 0x0000000018147800 Exception <a 'java/lang/InterruptedException'> (0x00000000f5ba8a40) thrown at [C:\re\workspace\8-2-build-windows-amd64-cygwin\jdk8u66\5298\hotspot\src\share\vm\runtime\objectMonitor.cpp, line 1683]
Event: 3683.171 Thread 0x00000000177bd000 Exception <a 'java/lang/InterruptedException'> (0x00000000f5f903b0) thrown at [C:\re\workspace\8-2-build-windows-amd64-cygwin\jdk8u66\5298\hotspot\src\share\vm\runtime\objectMonitor.cpp, line 1683]

Events (10 events):
Event: 3683.174 Thread 0x000000001c021000 Thread exited: 0x000000001c021000
Event: 3683.174 loading class java/util/IdentityHashMap$KeyIterator
Event: 3683.174 Thread 0x0000000014f6a000 flushing nmethod 0x0000000003599b10
Event: 3683.174 loading class java/util/IdentityHashMap$IdentityHashMapIterator
Event: 3683.174 loading class java/util/IdentityHashMap$IdentityHashMapIterator done
Event: 3683.174 loading class java/util/IdentityHashMap$KeyIterator done
Event: 3683.174 Thread 0x0000000014f6a000 flushing nmethod 0x00000000036aff50
Event: 3683.174 Thread 0x000000001c021000 Thread added: 0x000000001c021000
Event: 3683.174 Thread 0x000000001c021000 Thread exited: 0x000000001c021000
Event: 3683.174 Executing VM operation: Exit


Dynamic libraries:
0x0000000000400000 - 0x000000000044f000 	C:\Xilinx\SDK\2016.2\eclipse\win64.o\eclipse.exe
0x00000000776a0000 - 0x000000007784a000 	C:\Windows\SYSTEM32\ntdll.dll
0x0000000077580000 - 0x000000007769f000 	C:\Windows\system32\kernel32.dll
0x000007fefd650000 - 0x000007fefd6ba000 	C:\Windows\system32\KERNELBASE.dll
0x0000000077480000 - 0x000000007757a000 	C:\Windows\system32\USER32.dll
0x000007fefe510000 - 0x000007fefe577000 	C:\Windows\system32\GDI32.dll
0x000007fefe400000 - 0x000007fefe40e000 	C:\Windows\system32\LPK.dll
0x000007fefeb50000 - 0x000007fefec1a000 	C:\Windows\system32\USP10.dll
0x000007fefd7a0000 - 0x000007fefd83f000 	C:\Windows\system32\msvcrt.dll
0x000007fefbcf0000 - 0x000007fefbee4000 	C:\Windows\WinSxS\amd64_microsoft.windows.common-controls_6595b64144ccf1df_6.0.7601.18837_none_fa3b1e3d17594757\COMCTL32.dll
0x000007fefe1f0000 - 0x000007fefe261000 	C:\Windows\system32\SHLWAPI.dll
0x000007fefdde0000 - 0x000007fefde0e000 	C:\Windows\system32\IMM32.DLL
0x000007fefe0e0000 - 0x000007fefe1e9000 	C:\Windows\system32\MSCTF.dll
0x0000000072000000 - 0x0000000072012000 	C:\Xilinx\SDK\2016.2\eclipse\win64.o\plugins\org.eclipse.equinox.launcher.win32.win32.x86_64_1.1.300.v20150602-1417\eclipse_1611.dll
0x000007fefe410000 - 0x000007fefe4eb000 	C:\Windows\system32\ADVAPI32.dll
0x000007fefe0c0000 - 0x000007fefe0df000 	C:\Windows\SYSTEM32\sechost.dll
0x000007fefdb70000 - 0x000007fefdc9d000 	C:\Windows\system32\RPCRT4.dll
0x000007fefc470000 - 0x000007fefc47c000 	C:\Windows\system32\VERSION.dll
0x000007fefbc90000 - 0x000007fefbce6000 	C:\Windows\system32\UxTheme.dll
0x00000000707f0000 - 0x0000000071079000 	C:\Xilinx\SDK\2016.2\tps\win64\jre\bin\server\jvm.dll
0x000007fefb560000 - 0x000007fefb569000 	C:\Windows\system32\WSOCK32.dll
0x000007fefdb20000 - 0x000007fefdb6d000 	C:\Windows\system32\WS2_32.dll
0x000007fefdb10000 - 0x000007fefdb18000 	C:\Windows\system32\NSI.dll
0x000007fefa170000 - 0x000007fefa1ab000 	C:\Windows\system32\WINMM.dll
0x0000000077870000 - 0x0000000077877000 	C:\Windows\system32\PSAPI.DLL
0x0000000071910000 - 0x00000000719e2000 	C:\Windows\system32\MSVCR100.dll
0x00000000739f0000 - 0x00000000739ff000 	C:\Xilinx\SDK\2016.2\tps\win64\jre\bin\verify.dll
0x00000000739c0000 - 0x00000000739e9000 	C:\Xilinx\SDK\2016.2\tps\win64\jre\bin\java.dll
0x00000000739a0000 - 0x00000000739b6000 	C:\Xilinx\SDK\2016.2\tps\win64\jre\bin\zip.dll
0x000007fefec20000 - 0x000007feff9a9000 	C:\Windows\system32\SHELL32.dll
0x000007fefde10000 - 0x000007fefe013000 	C:\Windows\system32\ole32.dll
0x000007fefd3f0000 - 0x000007fefd3ff000 	C:\Windows\system32\profapi.dll
0x000007fefcbe0000 - 0x000007fefcbf8000 	C:\Windows\system32\CRYPTSP.dll
0x000007fefc8e0000 - 0x000007fefc927000 	C:\Windows\system32\rsaenh.dll
0x000007fefd740000 - 0x000007fefd75e000 	C:\Windows\system32\USERENV.dll
0x000007fefd240000 - 0x000007fefd24f000 	C:\Windows\system32\CRYPTBASE.dll
0x0000000073980000 - 0x000000007399a000 	C:\Xilinx\SDK\2016.2\tps\win64\jre\bin\net.dll
0x000007fefcb80000 - 0x000007fefcbd5000 	C:\Windows\system32\mswsock.dll
0x000007fefcb70000 - 0x000007fefcb77000 	C:\Windows\System32\wship6.dll
0x000007fefad20000 - 0x000007fefad47000 	C:\Windows\system32\IPHLPAPI.DLL
0x000007fefad00000 - 0x000007fefad0b000 	C:\Windows\system32\WINNSI.DLL
0x000007fefab30000 - 0x000007fefab41000 	C:\Windows\system32\dhcpcsvc6.DLL
0x000007fefab10000 - 0x000007fefab28000 	C:\Windows\system32\dhcpcsvc.DLL
0x00000000706a0000 - 0x00000000706b1000 	C:\Xilinx\SDK\2016.2\tps\win64\jre\bin\nio.dll
0x000007fef9e80000 - 0x000007fef9e95000 	C:\Windows\system32\NLAapi.dll
0x000007fefa280000 - 0x000007fefa295000 	C:\Windows\system32\napinsp.dll
0x000007fefa2a0000 - 0x000007fefa2b9000 	C:\Windows\system32\pnrpnsp.dll
0x000007fefca00000 - 0x000007fefca5b000 	C:\Windows\system32\DNSAPI.dll
0x000007fefa440000 - 0x000007fefa44b000 	C:\Windows\System32\winrnr.dll
0x000007fefc540000 - 0x000007fefc547000 	C:\Windows\System32\wshtcpip.dll
0x000007fefa4e0000 - 0x000007fefa4e8000 	C:\Windows\system32\rasadhlp.dll
0x000007fefabc0000 - 0x000007fefac13000 	C:\Windows\System32\fwpuclnt.dll
0x000000001a960000 - 0x000000001aa08000 	C:\Users\milwidya\.Xilinx\SDK\2016.2\org.eclipse.osgi\312\0\.cp\swt-win32-4527.dll
0x000007fefdd00000 - 0x000007fefddd8000 	C:\Windows\system32\OLEAUT32.dll
0x000007fefe020000 - 0x000007fefe0b7000 	C:\Windows\system32\comdlg32.dll
0x000007fef6320000 - 0x000007fef6391000 	C:\Windows\system32\WINSPOOL.DRV
0x000007fefe880000 - 0x000007fefeb45000 	C:\Windows\system32\WININET.dll
0x000007fefd730000 - 0x000007fefd734000 	C:\Windows\system32\api-ms-win-downlevel-user32-l1-1-0.dll
0x000007fefd5a0000 - 0x000007fefd5a4000 	C:\Windows\system32\api-ms-win-downlevel-shlwapi-l1-1-0.dll
0x000007fefd720000 - 0x000007fefd724000 	C:\Windows\system32\api-ms-win-downlevel-version-l1-1-0.dll
0x000007fefd6c0000 - 0x000007fefd6c3000 	C:\Windows\system32\api-ms-win-downlevel-normaliz-l1-1-0.dll
0x0000000077860000 - 0x0000000077863000 	C:\Windows\system32\normaliz.DLL
0x000007fefd840000 - 0x000007fefdb09000 	C:\Windows\system32\iertutil.dll
0x000007fefd6d0000 - 0x000007fefd6d5000 	C:\Windows\system32\api-ms-win-downlevel-advapi32-l1-1-0.dll
0x000007fefd400000 - 0x000007fefd56d000 	C:\Windows\system32\CRYPT32.dll
0x000007fefd3e0000 - 0x000007fefd3ef000 	C:\Windows\system32\MSASN1.dll
0x000007fefb760000 - 0x000007fefb88c000 	C:\Windows\system32\propsys.dll
0x000007fefe580000 - 0x000007fefe619000 	C:\Windows\system32\CLBCatQ.DLL
0x00000000003d0000 - 0x00000000003ee000 	C:\Users\milwidya\.Xilinx\SDK\2016.2\org.eclipse.osgi\312\0\.cp\swt-gdip-win32-4527.dll
0x000007fefba70000 - 0x000007fefbc86000 	C:\Windows\WinSxS\amd64_microsoft.windows.gdiplus_6595b64144ccf1df_1.1.7601.23508_none_145555328b95eaaa\gdiplus.dll
0x000007fefb590000 - 0x000007fefb6f1000 	C:\Windows\system32\WindowsCodecs.dll
0x0000000180000000 - 0x0000000180012000 	C:\Users\milwidya\.Xilinx\SDK\2016.2\org.eclipse.osgi\126\0\.cp\os\win32\x86_64\localfile_1_0_0.dll
0x000007fef16c0000 - 0x000007fef1714000 	C:\Windows\system32\oleacc.dll
0x000007fef9170000 - 0x000007fef9177000 	C:\Windows\system32\msimg32.dll
0x000007fefd330000 - 0x000007fefd344000 	C:\Windows\system32\RpcRtRemote.dll
0x000007fefd1e0000 - 0x000007fefd237000 	C:\Windows\system32\apphelp.dll
0x000007fefb4e0000 - 0x000007fefb4f1000 	C:\Users\milwidya\.Xilinx\SDK\2016.2\org.eclipse.osgi\129\0\.cp\jWinHttp-1.0.0.dll
0x000007fef98b0000 - 0x000007fef9921000 	C:\Windows\system32\WINHTTP.dll
0x000007fef9840000 - 0x000007fef98a4000 	C:\Windows\system32\webio.dll
0x000007fefd1b0000 - 0x000007fefd1d5000 	C:\Windows\system32\SspiCli.dll
0x000007fefc7a0000 - 0x000007fefc7aa000 	C:\Windows\system32\credssp.dll
0x000007fefd6e0000 - 0x000007fefd716000 	C:\Windows\system32\CFGMGR32.dll
0x000007fef8760000 - 0x000007fef876f000 	C:\Xilinx\SDK\2016.2\lib\win64.o\librdi_repo_manager.dll
0x000007fec4c10000 - 0x000007fec4c3a000 	C:\Xilinx\SDK\2016.2\lib\win64.o\libisl_sysinfo.dll
0x000007feebf40000 - 0x000007feec014000 	C:\Windows\system32\MSVCR110.dll
0x000007feebe60000 - 0x000007feebf07000 	C:\Windows\system32\MSVCP110.dll
0x000007fec22e0000 - 0x000007fec2d20000 	C:\Xilinx\SDK\2016.2\lib\win64.o\librdi_common.dll
0x000007fec3060000 - 0x000007fec33ce000 	C:\Xilinx\SDK\2016.2\lib\win64.o\libCOIN-all.dll
0x000007fec4540000 - 0x000007fec475f000 	C:\Xilinx\SDK\2016.2\lib\win64.o\libXil_lmgr11.dll
0x000007fefb450000 - 0x000007fefb466000 	C:\Windows\system32\NETAPI32.dll
0x000007fefc810000 - 0x000007fefc81c000 	C:\Windows\system32\netutils.dll
0x000007fefce60000 - 0x000007fefce83000 	C:\Windows\system32\srvcli.dll
0x000007fefb430000 - 0x000007fefb445000 	C:\Windows\system32\wkscli.dll
0x000007fefd760000 - 0x000007fefd79b000 	C:\Windows\system32\WINTRUST.dll
0x000007fef4c10000 - 0x000007fef4c20000 	C:\Xilinx\SDK\2016.2\lib\win64.o\libboost_date_time.dll
0x000007fec4be0000 - 0x000007fec4c04000 	C:\Xilinx\SDK\2016.2\lib\win64.o\libboost_filesystem.dll
0x000007fef3dd0000 - 0x000007fef3dd9000 	C:\Xilinx\SDK\2016.2\lib\win64.o\libboost_system.dll
0x000007fec4b60000 - 0x000007fec4bd7000 	C:\Xilinx\SDK\2016.2\lib\win64.o\libboost_program_options.dll
0x000007fec3f60000 - 0x000007fec4066000 	C:\Xilinx\SDK\2016.2\lib\win64.o\libboost_regex.dll
0x000007fef0820000 - 0x000007fef0833000 	C:\Xilinx\SDK\2016.2\lib\win64.o\libboost_signals.dll
0x000007fef0780000 - 0x000007fef079d000 	C:\Xilinx\SDK\2016.2\lib\win64.o\libboost_thread.dll
0x000007fef17b0000 - 0x000007fef17bb000 	C:\Xilinx\SDK\2016.2\lib\win64.o\libboost_chrono.dll
0x000007fef0e80000 - 0x000007fef0e8b000 	C:\Xilinx\SDK\2016.2\lib\win64.o\libboost_xilinx.dll
0x000007fec44c0000 - 0x000007fec4540000 	C:\Xilinx\SDK\2016.2\lib\win64.o\libhdlpsolve.dll
0x000007fec40e0000 - 0x000007fec417a000 	C:\Xilinx\SDK\2016.2\lib\win64.o\libhdxml.dll
0x000007fec1e70000 - 0x000007fec22d5e00 	C:\Xilinx\SDK\2016.2\lib\win64.o\libisl_iostreams.dll
0x000007fec49f0000 - 0x000007fec4a06000 	C:\Xilinx\SDK\2016.2\lib\win64.o\libboost_iostreams.dll
0x000007fec4490000 - 0x000007fec44b3000 	C:\Xilinx\SDK\2016.2\lib\win64.o\librdizlib.dll
0x000007fec40b0000 - 0x000007fec40d3000 	C:\Xilinx\SDK\2016.2\lib\win64.o\libisl_iosutils.dll
0x000007fec4090000 - 0x000007fec40a5000 	C:\Xilinx\SDK\2016.2\lib\win64.o\pthreadVC2.dll
0x000007fec36e0000 - 0x000007fec3734000 	C:\Xilinx\SDK\2016.2\lib\win64.o\librdi_commonxillic.dll
0x000007fec35b0000 - 0x000007fec36e0000 	C:\Xilinx\SDK\2016.2\lib\win64.o\librdi_curl.dll
0x000007fec4470000 - 0x000007fec4488000 	C:\Xilinx\SDK\2016.2\lib\win64.o\librdiconfig.dll
0x0000000070570000 - 0x0000000070697000 	C:\Xilinx\SDK\2016.2\lib\win64.o\tcl85t.dll
0x00000000267f0000 - 0x0000000026a53000 	C:\Xilinx\SDK\2016.2\lib\win64.o\xerces-c_3_1.dll
0x000007fefe270000 - 0x000007fefe3f6000 	C:\Windows\system32\urlmon.dll
0x000007fefd590000 - 0x000007fefd594000 	C:\Windows\system32\api-ms-win-downlevel-ole32-l1-1-0.dll
0x000007fef0420000 - 0x000007fef0443000 	C:\Windows\system32\VCOMP110.DLL
0x000007fec2e60000 - 0x000007fec3052000 	C:\Xilinx\SDK\2016.2\lib\win64.o\librdi_hsm.dll
0x000007fec3560000 - 0x000007fec35a3000 	C:\Xilinx\SDK\2016.2\lib\win64.o\librdi_hdf.dll
0x000007fec1be0000 - 0x000007fec1e61000 	C:\Xilinx\SDK\2016.2\lib\win64.o\librdi_ippcw.dll
0x000007fec4070000 - 0x000007fec4086000 	C:\Xilinx\SDK\2016.2\eclipse\win64.o\plugins\org.eclipse.cdt.core.win32.x86_64_5.4.0.201509131935\os\win32\x86_64\spawner.dll
0x000007fef1830000 - 0x000007fef183a000 	C:\Xilinx\SDK\2016.2\lib\win64.o\librdi_jtag_settings.dll
0x000007fef07c0000 - 0x000007fef07e9000 	C:\Xilinx\SDK\2016.2\lib\win64.o\librdi_debug_dialog.dll
0x000007fef0900000 - 0x000007fef0908000 	C:\Xilinx\SDK\2016.2\lib\win64.o\librdi_target_manager.dll
0x0000000071080000 - 0x00000000710a6000 	C:\Xilinx\SDK\2016.2\eclipse\win64.o\plugins\gnu.io.rxtx.win32.x86_64_2.1.7.3_v20071015\os\win32\x86_64\rxtxSerial.dll
0x0000000071100000 - 0x0000000071125000 	C:\Users\milwidya\.jssc\windows\jSSC-2.8_x86_64.dll
0x000007fec3750000 - 0x000007fec3f60000 	C:\Xilinx\SDK\2016.2\lib\win64.o\libXil_lmgr11FNP.dll

VM Arguments:
jvm_args: -Dcom.xilinx.sdk.args.hwspec=W:/temp532/project_1/project_1.sdk/design_1_wrapper.hdf -Xms64m -Xmx512m & 
java_command: <unknown>
java_class_path (initial): C:\Xilinx\SDK\2016.2\eclipse\win64.o\\plugins/org.eclipse.equinox.launcher_1.3.100.v20150511-1540.jar
Launcher Type: generic

Environment Variables:
PATH=C:/Xilinx/SDK/2016.2/tps/win64/jre/bin/server;C:/Xilinx/SDK/2016.2/tps/win64/jre/bin;C:/Xilinx/SDK/2016.2/tps/win64/jre/lib/amd64;C:\Xilinx\SDK\2016.2\gnuwin\bin;C:\Xilinx\SDK\2016.2\gnu\microblaze\nt\bin;C:\Xilinx\SDK\2016.2\gnu\microblaze\linux_toolchain\nt64_le\bin;C:\Xilinx\SDK\2016.2\gnu\microblaze\linux_toolchain\nt64_be\bin;C:\Xilinx\SDK\2016.2\gnu\arm\nt\bin;C:\Xilinx\SDK\2016.2\gnu\aarch64\nt\aarch64-none\bin;C:\Xilinx\SDK\2016.2\gnu\aarch64\nt\aarch64-linux\bin;C:\Xilinx\SDK\2016.2\gnu\armr5\nt\gcc-arm-none-eabi\bin;C:\Xilinx\SDK\2016.2\gnu\aarch32\nt\gcc-arm-none-eabi\bin;C:\Xilinx\SDK\2016.2\gnu\aarch32\nt\gcc-arm-linux-gnueabi\bin;C:\Xilinx\SDK\2016.2\tps\win64\cmake-3.3.2\bin;;C:\Xilinx\SDK\2016.2\bin;C:\Xilinx\SDK\2016.2\lib\win64.o;C:\Xilinx\SDK\2016.2\tps\win64\jre\bin\server;C:\Xilinx\SDK\2016.2\tps\win64\jre\bin;C:\Xilinx\Vivado\2016.2\ids_lite\ISE\bin\nt64;C:\Xilinx\Vivado\2016.2\ids_lite\ISE\lib\nt64;C:\Xilinx\Vivado\2016.2\bin;C:\Xilinx\Vivado\2016.2\lib\win64.o;C:\Xilinx\Vivado\2016.2\tps\win64\jre\bin\server;C:\Xilinx\Vivado\2016.2\tps\win64\jre\bin;C:\Xilinx\Vivado_HLS\2016.2\bin;C:\Windows\system32;C:\Windows;C:\Windows\System32\Wbem;C:\Windows\System32\WindowsPowerShell\v1.0\;C:\Program Files (x86)\Java\jre6\bin;C:\Program Files (x86)\eclipse;C:\altera\16.0\quartus\bin64;c:\altera\16.0\quartus\bin64\jre64\bin;w:\temp532\project_1;
USERNAME=milwidya
OS=Windows_NT
PROCESSOR_IDENTIFIER=Intel64 Family 6 Model 60 Stepping 3, GenuineIntel



---------------  S Y S T E M  ---------------

OS: Windows 7 , 64 bit Build 7601 (6.1.7601.23418)

CPU:total 8 (4 cores per cpu, 2 threads per core) family 6 model 60 stepping 3, cmov, cx8, fxsr, mmx, sse, sse2, sse3, ssse3, sse4.1, sse4.2, popcnt, avx, avx2, aes, clmul, erms, lzcnt, ht, tsc, tscinvbit, bmi1, bmi2

Memory: 4k page, physical 16683160k(12352984k free), swap 33364460k(28734756k free)

vm_info: Java HotSpot(TM) 64-Bit Server VM (25.66-b18) for windows-amd64 JRE (1.8.0_66-b18), built on Nov  9 2015 10:51:13 by "java_re" with MS VC++ 10.0 (VS2010)

time: Thu Mar 30 13:00:15 2017
elapsed time: 3683 seconds (0d 1h 1m 23s)

