#
# A fatal error has been detected by the Java Runtime Environment:
#
#  EXCEPTION_ACCESS_VIOLATION (0xc0000005) at pc=0x000007fec1b3eb92, pid=10464, tid=4312
#
# JRE version: Java(TM) SE Runtime Environment (8.0_66-b18) (build 1.8.0_66-b18)
# Java VM: Java HotSpot(TM) 64-Bit Server VM (25.66-b18 mixed mode windows-amd64 compressed oops)
# Problematic frame:
# C  [librdi_filemgmt.dll+0x14eb92]
#
# Failed to write core dump. Minidumps are not enabled by default on client versions of Windows
#
# If you would like to submit a bug report, please visit:
#   http://bugreport.java.com/bugreport/crash.jsp
# The crash happened outside the Java Virtual Machine in native code.
# See problematic frame for where to report the bug.
#

---------------  T H R E A D  ---------------

Current thread (0x000000004dc38800):  JavaThread "Code Inspector" [_thread_in_native, id=4312, stack(0x000000006d270000,0x000000006d770000)]

siginfo: ExceptionCode=0xc0000005, reading address 0x0000000100000000

Registers:
RAX=0x0000000100000000, RBX=0x000000006d76db38, RCX=0x0000000057c60020, RDX=0x000000006d76d9f8
RSP=0x000000006d76da90, RBP=0x0000000057c60800, RSI=0x0000000000000000, RDI=0x0000000000000001
R8 =0x000000000a92f048, R9 =0x0000000057c60820, R10=0x0000000057c60830, R11=0x0000000000000000
R12=0x000000006d76f230, R13=0x000000006557a978, R14=0x0000000057c60800, R15=0x0000000000000045
RIP=0x000007fec1b3eb92, EFLAGS=0x0000000000010206

Top of Stack: (sp=0x000000006d76da90)
0x000000006d76da90:   0000000057c60830 0000000062e48340
0x000000006d76daa0:   fffffffffffffffe 0000000000000018
0x000000006d76dab0:   0000000057c60800 000007fec1bd4048
0x000000006d76dac0:   000000006d76dce0 000000006d76db38
0x000000006d76dad0:   000000006d76db38 0000000057c60800
0x000000006d76dae0:   fffffffffffffffe 0000000000000000
0x000000006d76daf0:   0000000000000000 0000000000000000
0x000000006d76db00:   0000000057c60800 000007fec1bd3d65
0x000000006d76db10:   000000006d76dce0 000000006d76db38
0x000000006d76db20:   000000006d76f1c0 000000006d76eee0
0x000000006d76db30:   fffffffffffffffe 000007fec1d11588
0x000000006d76db40:   000000005fc10550 000000005fc10550
0x000000006d76db50:   000000005fc10558 0000000100000000
0x000000006d76db60:   0000000057c60030 0000000000000000
0x000000006d76db70:   0000000000000000 0000000000000000
0x000000006d76db80:   0000000000000101 0000000000000000 

Instructions: (pc=0x000007fec1b3eb92)
0x000007fec1b3eb72:   48 8b 4b 30 33 f6 48 85 c9 74 11 e8 b0 42 0d 00
0x000007fec1b3eb82:   48 89 73 30 48 89 73 38 48 89 73 40 48 8b 43 20
0x000007fec1b3eb92:   48 8b 08 48 89 00 48 8b 43 20 48 89 40 08 48 89
0x000007fec1b3eba2:   73 28 48 3b 4b 20 74 17 66 0f 1f 44 00 00 48 8b 


Register to memory mapping:

RAX=0x0000000100000000 is an unknown value
RBX=0x000000006d76db38 is pointing into the stack for thread: 0x000000004dc38800
RCX=0x0000000057c60020 is an unknown value
RDX=0x000000006d76d9f8 is pointing into the stack for thread: 0x000000004dc38800
RSP=0x000000006d76da90 is pointing into the stack for thread: 0x000000004dc38800
RBP=0x0000000057c60800 is an unknown value
RSI=0x0000000000000000 is an unknown value
RDI=0x0000000000000001 is an unknown value
R8 =0x000000000a92f048 is an unknown value
R9 =0x0000000057c60820 is an unknown value
R10=0x0000000057c60830 is an unknown value
R11=0x0000000000000000 is an unknown value
R12=0x000000006d76f230 is pointing into the stack for thread: 0x000000004dc38800
R13=0x000000006557a978 is an unknown value
R14=0x0000000057c60800 is an unknown value
R15=0x0000000000000045 is an unknown value


Stack: [0x000000006d270000,0x000000006d770000],  sp=0x000000006d76da90,  free space=5110k
Native frames: (J=compiled Java code, j=interpreted, Vv=VM code, C=native code)
C  [librdi_filemgmt.dll+0x14eb92]
C  [librdi_filemgmt.dll+0x1e4048]
C  [librdi_filemgmt.dll+0x1e3d65]
C  [librdi_filemgmt.dll+0x21593e]
C  [librdi_filemgmt.dll+0x1e7ca9]
C  [librdi_filemgmt.dll+0x1ddeb0]
C  [librdi_filemgmt.dll+0x1ebd4f]
C  0x0000000012285e34

Java frames: (J=compiled Java code, j=interpreted, Vv=VM code)
j  ui.data.srcscan.srcscani.EditorAssist_refresh(J)V+0
j  ui.data.h.a.refresh(Ljava/lang/String;)V+4
j  ui.views.P.a.at.inspect(Lcom/jidesoft/editor/CodeEditor;Ljavax/swing/event/DocumentEvent;Lcom/jidesoft/marker/MarkerModel;)V+44
j  ui.views.P.a.ad.construct()Ljava/lang/Object;+90
j  ui.frmwork.D.run()V+23
j  java.lang.Thread.run()V+11
v  ~StubRoutines::call_stub

---------------  P R O C E S S  ---------------

Java Threads: ( => current thread )
  0x000000005fc47800 JavaThread "Image Fetcher 0" daemon [_thread_blocked, id=9044, stack(0x0000000072760000,0x0000000072c60000)]
=>0x000000004dc38800 JavaThread "Code Inspector" [_thread_in_native, id=4312, stack(0x000000006d270000,0x000000006d770000)]
  0x000000004c522800 JavaThread "hw_ila_monitor" [_thread_blocked, id=9664, stack(0x000000004d460000,0x000000004d960000)]
  0x000000000c607800 JavaThread "Update Runs" [_thread_in_native, id=11024, stack(0x000000004cc60000,0x000000004d160000)]
  0x000000000fc4d800 JavaThread "Refresh Filesets" [_thread_blocked, id=2436, stack(0x000000004c640000,0x000000004cb40000)]
  0x0000000029de2000 JavaThread "Swing-Shell" daemon [_thread_blocked, id=5320, stack(0x000000002afb0000,0x000000002b4b0000)]
  0x0000000029ae8000 JavaThread "Monitor File Timestamp" [_thread_blocked, id=8928, stack(0x000000002a1f0000,0x000000002a6f0000)]
  0x0000000006a7c800 JavaThread "AWT-EventQueue-1" [_thread_blocked, id=11468, stack(0x0000000011110000,0x0000000011610000)]
  0x0000000006a7d800 JavaThread "Process Messages" [_thread_blocked, id=11620, stack(0x0000000010ba0000,0x00000000110a0000)]
  0x0000000006a57000 JavaThread "Thread-3" [_thread_in_native, id=2348, stack(0x0000000002cf0000,0x00000000040f0000)]
  0x000000000f6f7800 JavaThread "AWT-EventQueue-0" [_thread_blocked, id=9900, stack(0x00000000105e0000,0x0000000010ae0000)]
  0x000000000c3f7800 JavaThread "AWT-Windows" daemon [_thread_in_native, id=11776, stack(0x000000000e1e0000,0x000000000e6e0000)]
  0x000000000c3d3800 JavaThread "AWT-Shutdown" [_thread_blocked, id=11708, stack(0x000000000dbd0000,0x000000000e0d0000)]
  0x000000000c3d1000 JavaThread "Java2D Disposer" daemon [_thread_blocked, id=9460, stack(0x000000000d6c0000,0x000000000dbc0000)]
  0x000000000c370800 JavaThread "TimerQueue" daemon [_thread_blocked, id=9364, stack(0x000000000cfd0000,0x000000000d4d0000)]
  0x0000000009b55800 JavaThread "Service Thread" daemon [_thread_blocked, id=9880, stack(0x000000000bc30000,0x000000000c130000)]
  0x0000000009a95800 JavaThread "C1 CompilerThread3" daemon [_thread_blocked, id=5796, stack(0x000000000a710000,0x000000000a810000)]
  0x0000000009a97000 JavaThread "C2 CompilerThread2" daemon [_thread_blocked, id=9452, stack(0x0000000009db0000,0x0000000009eb0000)]
  0x0000000009a98800 JavaThread "C2 CompilerThread1" daemon [_thread_blocked, id=1872, stack(0x000000000a540000,0x000000000a640000)]
  0x0000000009a9a000 JavaThread "C2 CompilerThread0" daemon [_thread_blocked, id=6484, stack(0x000000000a440000,0x000000000a540000)]
  0x0000000009a9c000 JavaThread "Attach Listener" daemon [_thread_blocked, id=8616, stack(0x000000000b6f0000,0x000000000bbf0000)]
  0x0000000009a9d800 JavaThread "Signal Dispatcher" daemon [_thread_blocked, id=10388, stack(0x000000000b080000,0x000000000b580000)]
  0x0000000008468800 JavaThread "Finalizer" daemon [_thread_blocked, id=8888, stack(0x000000000aa20000,0x000000000af20000)]
  0x0000000008469800 JavaThread "Reference Handler" daemon [_thread_blocked, id=6832, stack(0x0000000009f00000,0x000000000a400000)]
  0x0000000006b75000 JavaThread "main" [_thread_blocked, id=4904, stack(0x0000000006d90000,0x0000000006e90000)]

Other Threads:
  0x0000000008451000 VMThread [stack: 0x0000000009c70000,0x0000000009d70000] [id=4672]
  0x0000000009b52800 WatcherThread [stack: 0x000000000c180000,0x000000000c280000] [id=8840]

VM state:not at safepoint (normal execution)

VM Mutex/Monitor currently owned by a thread: None

Heap:
 PSYoungGen      total 44032K, used 29019K [0x00000007bc400000, 0x00000007c0000000, 0x00000007c0000000)
  eden space 26624K, 77% used [0x00000007bc400000,0x00000007bd81c7c0,0x00000007bde00000)
  from space 17408K, 48% used [0x00000007bde00000,0x00000007be63a4e0,0x00000007bef00000)
  to   space 17408K, 0% used [0x00000007bef00000,0x00000007bef00000,0x00000007c0000000)
 ParOldGen       total 175104K, used 99883K [0x0000000700000000, 0x000000070ab00000, 0x00000007bc400000)
  object space 175104K, 57% used [0x0000000700000000,0x000000070618ac48,0x000000070ab00000)
 Metaspace       used 65340K, capacity 65762K, committed 66432K, reserved 1105920K
  class space    used 9658K, capacity 9775K, committed 9856K, reserved 1048576K

Card table byte_map: [0x0000000007250000,0x0000000007860000] byte_map_base: 0x0000000003a50000

Marking Bits: (ParMarkBitMap*) 0x00000000706ba5b0
 Begin Bits: [0x0000000021270000, 0x0000000024270000)
 End Bits:   [0x0000000024270000, 0x0000000027270000)

Polling page: 0x0000000000360000

CodeCache: size=245760Kb used=48484Kb max_used=48494Kb free=197275Kb
 bounds [0x0000000012270000, 0x0000000015230000, 0x0000000021270000]
 total_blobs=13398 nmethods=12489 adapters=812
 compilation: enabled

Compilation events (10 events):
Event: 963.954 Thread 0x0000000009a95800 16534       3       ui.data.common.a.d::<init> (7 bytes)
Event: 963.955 Thread 0x0000000009a95800 nmethod 16534 0x00000000151f3210 code [0x00000000151f33c0, 0x00000000151f37e8]
Event: 964.065 Thread 0x0000000009a9a000 16535       4       ui.views.L.bS::Yp (52 bytes)
Event: 964.066 Thread 0x0000000009a95800 16536       3       ui.data.common.s::<init> (7 bytes)
Event: 964.066 Thread 0x0000000009a95800 nmethod 16536 0x000000001520d190 code [0x000000001520d340, 0x000000001520d768]
Event: 964.068 Thread 0x0000000009a95800 16537       3       ui.data.common.s::vm (55 bytes)
Event: 964.069 Thread 0x0000000009a95800 nmethod 16537 0x000000001521d7d0 code [0x000000001521da20, 0x000000001521e648]
Event: 964.069 Thread 0x0000000009a95800 16538       3       ui.data.common.s::kO (8 bytes)
Event: 964.069 Thread 0x0000000009a95800 nmethod 16538 0x0000000014d763d0 code [0x0000000014d76540, 0x0000000014d766c8]
Event: 964.078 Thread 0x0000000009a9a000 nmethod 16535 0x00000000152199d0 code [0x0000000015219c60, 0x000000001521a868]

GC Heap History (10 events):
Event: 953.752 GC heap before
{Heap before GC invocations=164 (full 11):
 PSYoungGen      total 44032K, used 39269K [0x00000007bc400000, 0x00000007c0000000, 0x00000007c0000000)
  eden space 26624K, 100% used [0x00000007bc400000,0x00000007bde00000,0x00000007bde00000)
  from space 17408K, 72% used [0x00000007bef00000,0x00000007bfb597f8,0x00000007c0000000)
  to   space 17408K, 0% used [0x00000007bde00000,0x00000007bde00000,0x00000007bef00000)
 ParOldGen       total 175104K, used 92870K [0x0000000700000000, 0x000000070ab00000, 0x00000007bc400000)
  object space 175104K, 53% used [0x0000000700000000,0x0000000705ab1bf8,0x000000070ab00000)
 Metaspace       used 65194K, capacity 65634K, committed 66176K, reserved 1105920K
  class space    used 9658K, capacity 9775K, committed 9856K, reserved 1048576K
Event: 953.759 GC heap after
Heap after GC invocations=164 (full 11):
 PSYoungGen      total 39424K, used 12346K [0x00000007bc400000, 0x00000007c0000000, 0x00000007c0000000)
  eden space 26624K, 0% used [0x00000007bc400000,0x00000007bc400000,0x00000007bde00000)
  from space 12800K, 96% used [0x00000007bde00000,0x00000007bea0e940,0x00000007bea80000)
  to   space 17920K, 0% used [0x00000007bee80000,0x00000007bee80000,0x00000007c0000000)
 ParOldGen       total 175104K, used 92878K [0x0000000700000000, 0x000000070ab00000, 0x00000007bc400000)
  object space 175104K, 53% used [0x0000000700000000,0x0000000705ab3bf8,0x000000070ab00000)
 Metaspace       used 65194K, capacity 65634K, committed 66176K, reserved 1105920K
  class space    used 9658K, capacity 9775K, committed 9856K, reserved 1048576K
}
Event: 954.064 GC heap before
{Heap before GC invocations=165 (full 11):
 PSYoungGen      total 39424K, used 38970K [0x00000007bc400000, 0x00000007c0000000, 0x00000007c0000000)
  eden space 26624K, 100% used [0x00000007bc400000,0x00000007bde00000,0x00000007bde00000)
  from space 12800K, 96% used [0x00000007bde00000,0x00000007bea0e940,0x00000007bea80000)
  to   space 17920K, 0% used [0x00000007bee80000,0x00000007bee80000,0x00000007c0000000)
 ParOldGen       total 175104K, used 92878K [0x0000000700000000, 0x000000070ab00000, 0x00000007bc400000)
  object space 175104K, 53% used [0x0000000700000000,0x0000000705ab3bf8,0x000000070ab00000)
 Metaspace       used 65216K, capacity 65634K, committed 66176K, reserved 1105920K
  class space    used 9658K, capacity 9775K, committed 9856K, reserved 1048576K
Event: 954.071 GC heap after
Heap after GC invocations=165 (full 11):
 PSYoungGen      total 43520K, used 13071K [0x00000007bc400000, 0x00000007c0000000, 0x00000007c0000000)
  eden space 25600K, 0% used [0x00000007bc400000,0x00000007bc400000,0x00000007bdd00000)
  from space 17920K, 72% used [0x00000007bee80000,0x00000007bfb43d40,0x00000007c0000000)
  to   space 17920K, 0% used [0x00000007bdd00000,0x00000007bdd00000,0x00000007bee80000)
 ParOldGen       total 175104K, used 93075K [0x0000000700000000, 0x000000070ab00000, 0x00000007bc400000)
  object space 175104K, 53% used [0x0000000700000000,0x0000000705ae4c28,0x000000070ab00000)
 Metaspace       used 65216K, capacity 65634K, committed 66176K, reserved 1105920K
  class space    used 9658K, capacity 9775K, committed 9856K, reserved 1048576K
}
Event: 954.557 GC heap before
{Heap before GC invocations=166 (full 11):
 PSYoungGen      total 43520K, used 38671K [0x00000007bc400000, 0x00000007c0000000, 0x00000007c0000000)
  eden space 25600K, 100% used [0x00000007bc400000,0x00000007bdd00000,0x00000007bdd00000)
  from space 17920K, 72% used [0x00000007bee80000,0x00000007bfb43d40,0x00000007c0000000)
  to   space 17920K, 0% used [0x00000007bdd00000,0x00000007bdd00000,0x00000007bee80000)
 ParOldGen       total 175104K, used 93075K [0x0000000700000000, 0x000000070ab00000, 0x00000007bc400000)
  object space 175104K, 53% used [0x0000000700000000,0x0000000705ae4c28,0x000000070ab00000)
 Metaspace       used 65221K, capacity 65634K, committed 66176K, reserved 1105920K
  class space    used 9658K, capacity 9775K, committed 9856K, reserved 1048576K
Event: 954.565 GC heap after
Heap after GC invocations=166 (full 11):
 PSYoungGen      total 43520K, used 8767K [0x00000007bc400000, 0x00000007c0000000, 0x00000007c0000000)
  eden space 25600K, 0% used [0x00000007bc400000,0x00000007bc400000,0x00000007bdd00000)
  from space 17920K, 48% used [0x00000007bdd00000,0x00000007be58ff48,0x00000007bee80000)
  to   space 17408K, 0% used [0x00000007bef00000,0x00000007bef00000,0x00000007c0000000)
 ParOldGen       total 175104K, used 97363K [0x0000000700000000, 0x000000070ab00000, 0x00000007bc400000)
  object space 175104K, 55% used [0x0000000700000000,0x0000000705f14c48,0x000000070ab00000)
 Metaspace       used 65221K, capacity 65634K, committed 66176K, reserved 1105920K
  class space    used 9658K, capacity 9775K, committed 9856K, reserved 1048576K
}
Event: 960.334 GC heap before
{Heap before GC invocations=167 (full 11):
 PSYoungGen      total 43520K, used 34367K [0x00000007bc400000, 0x00000007c0000000, 0x00000007c0000000)
  eden space 25600K, 100% used [0x00000007bc400000,0x00000007bdd00000,0x00000007bdd00000)
  from space 17920K, 48% used [0x00000007bdd00000,0x00000007be58ff48,0x00000007bee80000)
  to   space 17408K, 0% used [0x00000007bef00000,0x00000007bef00000,0x00000007c0000000)
 ParOldGen       total 175104K, used 97363K [0x0000000700000000, 0x000000070ab00000, 0x00000007bc400000)
  object space 175104K, 55% used [0x0000000700000000,0x0000000705f14c48,0x000000070ab00000)
 Metaspace       used 65232K, capacity 65634K, committed 66176K, reserved 1105920K
  class space    used 9658K, capacity 9775K, committed 9856K, reserved 1048576K
Event: 960.340 GC heap after
Heap after GC invocations=167 (full 11):
 PSYoungGen      total 44032K, used 6278K [0x00000007bc400000, 0x00000007c0000000, 0x00000007c0000000)
  eden space 26624K, 0% used [0x00000007bc400000,0x00000007bc400000,0x00000007bde00000)
  from space 17408K, 36% used [0x00000007bef00000,0x00000007bf521b80,0x00000007c0000000)
  to   space 17408K, 0% used [0x00000007bde00000,0x00000007bde00000,0x00000007bef00000)
 ParOldGen       total 175104K, used 99883K [0x0000000700000000, 0x000000070ab00000, 0x00000007bc400000)
  object space 175104K, 57% used [0x0000000700000000,0x000000070618ac48,0x000000070ab00000)
 Metaspace       used 65232K, capacity 65634K, committed 66176K, reserved 1105920K
  class space    used 9658K, capacity 9775K, committed 9856K, reserved 1048576K
}
Event: 962.474 GC heap before
{Heap before GC invocations=168 (full 11):
 PSYoungGen      total 44032K, used 32902K [0x00000007bc400000, 0x00000007c0000000, 0x00000007c0000000)
  eden space 26624K, 100% used [0x00000007bc400000,0x00000007bde00000,0x00000007bde00000)
  from space 17408K, 36% used [0x00000007bef00000,0x00000007bf521b80,0x00000007c0000000)
  to   space 17408K, 0% used [0x00000007bde00000,0x00000007bde00000,0x00000007bef00000)
 ParOldGen       total 175104K, used 99883K [0x0000000700000000, 0x000000070ab00000, 0x00000007bc400000)
  object space 175104K, 57% used [0x0000000700000000,0x000000070618ac48,0x000000070ab00000)
 Metaspace       used 65328K, capacity 65762K, committed 66432K, reserved 1105920K
  class space    used 9658K, capacity 9775K, committed 9856K, reserved 1048576K
Event: 962.481 GC heap after
Heap after GC invocations=168 (full 11):
 PSYoungGen      total 44032K, used 8425K [0x00000007bc400000, 0x00000007c0000000, 0x00000007c0000000)
  eden space 26624K, 0% used [0x00000007bc400000,0x00000007bc400000,0x00000007bde00000)
  from space 17408K, 48% used [0x00000007bde00000,0x00000007be63a4e0,0x00000007bef00000)
  to   space 17408K, 0% used [0x00000007bef00000,0x00000007bef00000,0x00000007c0000000)
 ParOldGen       total 175104K, used 99883K [0x0000000700000000, 0x000000070ab00000, 0x00000007bc400000)
  object space 175104K, 57% used [0x0000000700000000,0x000000070618ac48,0x000000070ab00000)
 Metaspace       used 65328K, capacity 65762K, committed 66432K, reserved 1105920K
  class space    used 9658K, capacity 9775K, committed 9856K, reserved 1048576K
}

Deoptimization events (10 events):
Event: 949.637 Thread 0x0000000006a7c800 Uncommon trap: reason=null_check action=make_not_entrant pc=0x0000000014070ecc method=com.jidesoft.grid.SortableTableModel.getSortableModel(Ljavax/swing/table/TableModel;)Lcom/jidesoft/grid/ISortableTableModel; @ 5
Event: 949.791 Thread 0x0000000006a7c800 Uncommon trap: reason=unstable_if action=reinterpret pc=0x0000000014dc93fc method=com.jidesoft.editor.folding.DefaultFoldingModel$b_.getOutermostSpanAtOffset(I)Lcom/jidesoft/editor/folding/FoldingSpan; @ 14
Event: 949.824 Thread 0x0000000006a7c800 Uncommon trap: reason=bimorphic action=maybe_recompile pc=0x000000001470c538 method=com.jidesoft.plaf.basic.BasicStyledLabelUI.getPreferredSize(Lcom/jidesoft/swing/StyledLabel;)Ljava/awt/Dimension; @ 697
Event: 949.825 Thread 0x0000000006a7c800 Uncommon trap: reason=bimorphic action=maybe_recompile pc=0x000000001470c538 method=com.jidesoft.plaf.basic.BasicStyledLabelUI.getPreferredSize(Lcom/jidesoft/swing/StyledLabel;)Ljava/awt/Dimension; @ 697
Event: 949.828 Thread 0x0000000006a7c800 Uncommon trap: reason=unstable_if action=reinterpret pc=0x000000001385713c method=ui.cL.bs()Z @ 4
Event: 949.828 Thread 0x0000000006a7c800 Uncommon trap: reason=null_check action=make_not_entrant pc=0x0000000014239d8c method=ui.g.m.at.e([Ljava/awt/Component;)V @ 95
Event: 949.835 Thread 0x0000000006a7c800 Uncommon trap: reason=unstable_if action=reinterpret pc=0x0000000012d3e9d4 method=ui.cL.bs()Z @ 4
Event: 949.853 Thread 0x0000000006a7c800 Uncommon trap: reason=unstable_if action=reinterpret pc=0x0000000012f556e0 method=java.awt.EventQueue.removeSourceEvents(Ljava/lang/Object;Z)V @ 99
Event: 949.986 Thread 0x0000000006a7c800 Uncommon trap: reason=unstable_if action=reinterpret pc=0x00000000128280dc method=com.jidesoft.editor.folding.DefaultFoldingModel$b_.getOutermostSpanAtOffset(I)Lcom/jidesoft/editor/folding/FoldingSpan; @ 14
Event: 950.424 Thread 0x0000000006a7c800 Uncommon trap: reason=unstable_if action=reinterpret pc=0x00000000146bde38 method=java.awt.Component.removePropertyChangeListener(Ljava/beans/PropertyChangeListener;)V @ 8

Internal exceptions (10 events):
Event: 949.637 Thread 0x0000000006a7c800 Implicit null exception at 0x0000000014070cbe to 0x0000000014070ebe
Event: 949.791 Thread 0x000000005ea25000 Exception <a 'java/lang/InterruptedException': sleep interrupted> (0x00000007bd979ef0) thrown at [C:\re\workspace\8-2-build-windows-amd64-cygwin\jdk8u66\5298\hotspot\src\share\vm\prims\jvm.cpp, line 3215]
Event: 949.828 Thread 0x0000000006a7c800 Implicit null exception at 0x00000000138570d3 to 0x000000001385712e
Event: 949.828 Thread 0x0000000006a7c800 Implicit null exception at 0x000000001423972a to 0x0000000014239d81
Event: 949.855 Thread 0x000000005ec56800 Exception <a 'java/lang/InterruptedException': sleep interrupted> (0x00000007bc471eb0) thrown at [C:\re\workspace\8-2-build-windows-amd64-cygwin\jdk8u66\5298\hotspot\src\share\vm\prims\jvm.cpp, line 3215]
Event: 950.424 Thread 0x0000000006a7c800 Implicit null exception at 0x00000000146bda6b to 0x00000000146bde21
Event: 953.364 Thread 0x0000000006a7c800 Exception <a 'java/io/FileNotFoundException'> (0x00000007bcd086a0) thrown at [C:\re\workspace\8-2-build-windows-amd64-cygwin\jdk8u66\5298\hotspot\src\share\vm\prims\jni.cpp, line 709]
Event: 957.860 Thread 0x0000000006a7c800 Exception <a 'java/io/FileNotFoundException'> (0x00000007bdbcd718) thrown at [C:\re\workspace\8-2-build-windows-amd64-cygwin\jdk8u66\5298\hotspot\src\share\vm\prims\jni.cpp, line 709]
Event: 962.221 Thread 0x0000000006a7c800 Exception <a 'ui/frmwork/CommandFailedException'> (0x00000007bd257c48) thrown at [C:\re\workspace\8-2-build-windows-amd64-cygwin\jdk8u66\5298\hotspot\src\share\vm\prims\jni.cpp, line 709]
Event: 962.860 Thread 0x0000000006a7c800 Exception <a 'java/io/FileNotFoundException'> (0x00000007bd37b808) thrown at [C:\re\workspace\8-2-build-windows-amd64-cygwin\jdk8u66\5298\hotspot\src\share\vm\prims\jni.cpp, line 709]

Events (10 events):
Event: 962.493 Thread 0x00000000659bc800 Thread added: 0x00000000659bc800
Event: 962.494 Executing VM operation: RevokeBias
Event: 962.494 Executing VM operation: RevokeBias done
Event: 962.718 Executing VM operation: RevokeBias
Event: 962.718 Executing VM operation: RevokeBias done
Event: 962.718 Thread 0x00000000659bc800 Thread exited: 0x00000000659bc800
Event: 962.718 Executing VM operation: RevokeBias
Event: 962.718 Executing VM operation: RevokeBias done
Event: 962.727 Thread 0x0000000009a95800 flushing nmethod 0x0000000012930550
Event: 964.067 Thread 0x0000000009a95800 flushing nmethod 0x0000000014d76150


Dynamic libraries:
0x000000013f1d0000 - 0x000000013f200000 	C:\Xilinx\Vivado\2016.2\bin\unwrapped\win64.o\vivado.exe
0x00000000776e0000 - 0x000000007788a000 	C:\windows\SYSTEM32\ntdll.dll
0x00000000775c0000 - 0x00000000776df000 	C:\windows\system32\kernel32.dll
0x000007fefd750000 - 0x000007fefd7ba000 	C:\windows\system32\KERNELBASE.dll
0x0000000075110000 - 0x0000000075199000 	C:\windows\System32\SYSFER.DLL
0x000000000a900000 - 0x000000000a98d000 	C:\Xilinx\Vivado\2016.2\lib\win64.o\SHSMP64.dll
0x00000000774c0000 - 0x00000000775ba000 	C:\windows\system32\USER32.dll
0x000007fefd850000 - 0x000007fefd8b7000 	C:\windows\system32\GDI32.dll
0x000007feff710000 - 0x000007feff71e000 	C:\windows\system32\LPK.dll
0x000007fefe6a0000 - 0x000007fefe76a000 	C:\windows\system32\USP10.dll
0x000007fefde80000 - 0x000007fefdf1f000 	C:\windows\system32\msvcrt.dll
0x000007fefe340000 - 0x000007fefe41b000 	C:\windows\system32\ADVAPI32.dll
0x000007fefda80000 - 0x000007fefda9f000 	C:\windows\SYSTEM32\sechost.dll
0x000007fefe210000 - 0x000007fefe33d000 	C:\windows\system32\RPCRT4.dll
0x000007fefc2e0000 - 0x000007fefc2ec000 	C:\windows\system32\VERSION.dll
0x000007fee1980000 - 0x000007fee1993000 	C:\Xilinx\Vivado\2016.2\lib\win64.o\libboost_signals.dll
0x000007fef9890000 - 0x000007fef9937000 	C:\windows\system32\MSVCP110.dll
0x000007fef9940000 - 0x000007fef9a14000 	C:\windows\system32\MSVCR110.dll
0x000007fed1190000 - 0x000007fed1bd0000 	C:\Xilinx\Vivado\2016.2\lib\win64.o\librdi_common.dll
0x000007fed22a0000 - 0x000007fed260e000 	C:\Xilinx\Vivado\2016.2\lib\win64.o\libCOIN-all.dll
0x000007fed2080000 - 0x000007fed229f000 	C:\Xilinx\Vivado\2016.2\lib\win64.o\libXil_lmgr11.dll
0x000007fefb220000 - 0x000007fefb236000 	C:\windows\system32\NETAPI32.dll
0x000007fefb0d0000 - 0x000007fefb0dc000 	C:\windows\system32\netutils.dll
0x000007fefce80000 - 0x000007fefcea3000 	C:\windows\system32\srvcli.dll
0x000007fefafe0000 - 0x000007fefaff5000 	C:\windows\system32\wkscli.dll
0x000007fefdb00000 - 0x000007fefdb97000 	C:\windows\system32\COMDLG32.dll
0x000007fefd7d0000 - 0x000007fefd841000 	C:\windows\system32\SHLWAPI.dll
0x000007fef9630000 - 0x000007fef96d0000 	C:\windows\WinSxS\amd64_microsoft.windows.common-controls_6595b64144ccf1df_5.82.7601.18837_none_a4d981ff711297b6\COMCTL32.dll
0x000007fefe770000 - 0x000007feff4f9000 	C:\windows\system32\SHELL32.dll
0x000007fef7c20000 - 0x000007fef7c29000 	C:\windows\system32\WSOCK32.dll
0x000007fefe420000 - 0x000007fefe46d000 	C:\windows\system32\WS2_32.dll
0x000007fefd9d0000 - 0x000007fefd9d8000 	C:\windows\system32\NSI.dll
0x000007fefd8f0000 - 0x000007fefd9ca000 	C:\windows\system32\OLEAUT32.dll
0x000007feff500000 - 0x000007feff703000 	C:\windows\system32\ole32.dll
0x000007fefd540000 - 0x000007fefd57b000 	C:\windows\system32\WINTRUST.dll
0x000007fefd5e0000 - 0x000007fefd74d000 	C:\windows\system32\CRYPT32.dll
0x000007fefd410000 - 0x000007fefd41f000 	C:\windows\system32\MSASN1.dll
0x000007fee2780000 - 0x000007fee2790000 	C:\Xilinx\Vivado\2016.2\lib\win64.o\libboost_date_time.dll
0x000007fed2cb0000 - 0x000007fed2cd4000 	C:\Xilinx\Vivado\2016.2\lib\win64.o\libboost_filesystem.dll
0x000007fee3350000 - 0x000007fee3359000 	C:\Xilinx\Vivado\2016.2\lib\win64.o\libboost_system.dll
0x000007fed2c30000 - 0x000007fed2ca7000 	C:\Xilinx\Vivado\2016.2\lib\win64.o\libboost_program_options.dll
0x000007fed2b20000 - 0x000007fed2c26000 	C:\Xilinx\Vivado\2016.2\lib\win64.o\libboost_regex.dll
0x000007fed2b00000 - 0x000007fed2b1d000 	C:\Xilinx\Vivado\2016.2\lib\win64.o\libboost_thread.dll
0x000007fee2770000 - 0x000007fee277b000 	C:\Xilinx\Vivado\2016.2\lib\win64.o\libboost_chrono.dll
0x000007fee2710000 - 0x000007fee271b000 	C:\Xilinx\Vivado\2016.2\lib\win64.o\libboost_xilinx.dll
0x000007fed2000000 - 0x000007fed2080000 	C:\Xilinx\Vivado\2016.2\lib\win64.o\libhdlpsolve.dll
0x000007fed1f60000 - 0x000007fed1ffa000 	C:\Xilinx\Vivado\2016.2\lib\win64.o\libhdxml.dll
0x000007fed0d20000 - 0x000007fed1185e00 	C:\Xilinx\Vivado\2016.2\lib\win64.o\libisl_iostreams.dll
0x000007fed1f40000 - 0x000007fed1f56000 	C:\Xilinx\Vivado\2016.2\lib\win64.o\libboost_iostreams.dll
0x000007fed1f10000 - 0x000007fed1f33000 	C:\Xilinx\Vivado\2016.2\lib\win64.o\librdizlib.dll
0x000007fed1ee0000 - 0x000007fed1f03000 	C:\Xilinx\Vivado\2016.2\lib\win64.o\libisl_iosutils.dll
0x000007fed1eb0000 - 0x000007fed1eda000 	C:\Xilinx\Vivado\2016.2\lib\win64.o\libisl_sysinfo.dll
0x000000006feb0000 - 0x0000000070739000 	C:\Xilinx\Vivado\2016.2\tps\win64\jre\bin\server\jvm.dll
0x000007fefa8e0000 - 0x000007fefa91b000 	C:\windows\system32\WINMM.dll
0x00000000778b0000 - 0x00000000778b7000 	C:\windows\system32\PSAPI.DLL
0x0000000075020000 - 0x00000000750f2000 	C:\windows\system32\MSVCR100.dll
0x000007fed1e90000 - 0x000007fed1ea5000 	C:\Xilinx\Vivado\2016.2\lib\win64.o\pthreadVC2.dll
0x000007fed1e30000 - 0x000007fed1e84000 	C:\Xilinx\Vivado\2016.2\lib\win64.o\librdi_commonxillic.dll
0x000007fed1d00000 - 0x000007fed1e30000 	C:\Xilinx\Vivado\2016.2\lib\win64.o\librdi_curl.dll
0x000007fed1ce0000 - 0x000007fed1cf8000 	C:\Xilinx\Vivado\2016.2\lib\win64.o\librdiconfig.dll
0x000000000f300000 - 0x000000000f427000 	C:\Xilinx\Vivado\2016.2\lib\win64.o\tcl85t.dll
0x0000000012000000 - 0x0000000012263000 	C:\Xilinx\Vivado\2016.2\lib\win64.o\xerces-c_3_1.dll
0x000007fefdba0000 - 0x000007fefde72000 	C:\windows\system32\WININET.dll
0x000007fefd580000 - 0x000007fefd584000 	C:\windows\system32\api-ms-win-downlevel-user32-l1-1-0.dll
0x000007fefd4d0000 - 0x000007fefd4d4000 	C:\windows\system32\api-ms-win-downlevel-shlwapi-l1-1-0.dll
0x000007fefd500000 - 0x000007fefd504000 	C:\windows\system32\api-ms-win-downlevel-version-l1-1-0.dll
0x000007fefd530000 - 0x000007fefd533000 	C:\windows\system32\api-ms-win-downlevel-normaliz-l1-1-0.dll
0x00000000778a0000 - 0x00000000778a3000 	C:\windows\system32\normaliz.DLL
0x000007feff720000 - 0x000007feff9ea000 	C:\windows\system32\iertutil.dll
0x000007fefd7c0000 - 0x000007fefd7c5000 	C:\windows\system32\api-ms-win-downlevel-advapi32-l1-1-0.dll
0x000007fefd4e0000 - 0x000007fefd4fe000 	C:\windows\system32\USERENV.dll
0x000007fefd420000 - 0x000007fefd42f000 	C:\windows\system32\profapi.dll
0x000007fef0560000 - 0x000007fef05d1000 	C:\windows\system32\WINHTTP.dll
0x000007fef0400000 - 0x000007fef0464000 	C:\windows\system32\webio.dll
0x000007fefe470000 - 0x000007fefe5f4000 	C:\windows\system32\urlmon.dll
0x000007fefd5d0000 - 0x000007fefd5d4000 	C:\windows\system32\api-ms-win-downlevel-ole32-l1-1-0.dll
0x000007fed1cb0000 - 0x000007fed1cd3000 	C:\windows\system32\VCOMP110.DLL
0x000007fed1c90000 - 0x000007fed1ca1000 	C:\Xilinx\Vivado\2016.2\lib\win64.o\librdi_commonmain.dll
0x000007fee1970000 - 0x000007fee1979000 	C:\Xilinx\Vivado\2016.2\lib\win64.o\librdi_commonversion.dll
0x000007fefd8c0000 - 0x000007fefd8ee000 	C:\windows\system32\IMM32.DLL
0x000007fefdf20000 - 0x000007fefe029000 	C:\windows\system32\MSCTF.dll
0x000007fefd340000 - 0x000007fefd371000 	C:\windows\system32\nvinitx.dll
0x000000000f000000 - 0x000000000f006000 	C:\Program Files\NVIDIA Corporation\CoProcManager\detoured.dll
0x000007fef9ef0000 - 0x000007fef9f22000 	C:\Program Files\NVIDIA Corporation\CoProcManager\nvd3d9wrapx.dll
0x000007fefe030000 - 0x000007fefe207000 	C:\windows\system32\SETUPAPI.dll
0x000007fefd590000 - 0x000007fefd5c6000 	C:\windows\system32\CFGMGR32.dll
0x000007fefd510000 - 0x000007fefd52a000 	C:\windows\system32\DEVOBJ.dll
0x000007fef9ec0000 - 0x000007fef9ee2000 	C:\Program Files\NVIDIA Corporation\CoProcManager\nvdxgiwrapx.dll
0x000007fed07f0000 - 0x000007fed0c0e000 	C:\Xilinx\Vivado\2016.2\lib\win64.o\librdi_commontasks.dll
0x000007feceb90000 - 0x000007fed07e6000 	C:\Xilinx\Vivado\2016.2\lib\win64.o\librdi_tcltasks.dll
0x000007fece6d0000 - 0x000007fece947000 	C:\Xilinx\Vivado\2016.2\lib\win64.o\librdi_bitstream.dll
0x000007fec4760000 - 0x000007fecd621000 	C:\Xilinx\Vivado\2016.2\lib\win64.o\librdi_device.dll
0x000007fed1bd0000 - 0x000007fed1c17000 	C:\Xilinx\Vivado\2016.2\lib\win64.o\libboost_serialization.dll
0x000007fec35e0000 - 0x000007fec3f5f000 	C:\Xilinx\Vivado\2016.2\lib\win64.o\libverific.dll
0x000007fec34a0000 - 0x000007fec35df000 	C:\Xilinx\Vivado\2016.2\lib\win64.o\librdi_board.dll
0x000007fec3440000 - 0x000007fec349d000 	C:\Xilinx\Vivado\2016.2\lib\win64.o\librdi_boarddep.dll
0x000007fec3220000 - 0x000007fec3431000 	C:\Xilinx\Vivado\2016.2\lib\win64.o\librdi_chipscope.dll
0x000007fec31b0000 - 0x000007fec3213000 	C:\Xilinx\Vivado\2016.2\lib\win64.o\liblmx6.0.dll
0x000007fec1f40000 - 0x000007fec31ab000 	C:\Xilinx\Vivado\2016.2\lib\win64.o\librdi_constraints.dll
0x000007fec19f0000 - 0x000007fec1f3a000 	C:\Xilinx\Vivado\2016.2\lib\win64.o\librdi_filemgmt.dll
0x000007fec1800000 - 0x000007fec19f0000 	C:\Xilinx\Vivado\2016.2\lib\win64.o\librdi_sio.dll
0x000007fefad80000 - 0x000007fefada7000 	C:\windows\system32\IPHLPAPI.DLL
0x000007fefad60000 - 0x000007fefad6b000 	C:\windows\system32\WINNSI.DLL
0x000007fec0fa0000 - 0x000007fec13d4000 	C:\Xilinx\Vivado\2016.2\lib\win64.o\librdi_netlist.dll
0x000007fec0530000 - 0x000007fec0a01000 	C:\Xilinx\Vivado\2016.2\lib\win64.o\librdi_psta.dll
0x000007febbb90000 - 0x000007febe693000 	C:\Xilinx\Vivado\2016.2\lib\win64.o\librdi_coregen.dll
0x000007febb060000 - 0x000007febb713000 	C:\Xilinx\Vivado\2016.2\lib\win64.o\librdi_coregenipxact.dll
0x000007feb76e0000 - 0x000007febaf47000 	C:\Xilinx\Vivado\2016.2\lib\win64.o\librdi_designutils.dll
0x000007feb71a0000 - 0x000007feb76e0000 	C:\Xilinx\Vivado\2016.2\lib\win64.o\librdi_xdm.dll
0x000007feb6c10000 - 0x000007feb719d000 	C:\Xilinx\Vivado\2016.2\lib\win64.o\librdi_memdata.dll
0x000007feb6700000 - 0x000007feb6c03000 	C:\Xilinx\Vivado\2016.2\lib\win64.o\librdi_drc.dll
0x000007feb5c70000 - 0x000007feb66fe000 	C:\Xilinx\Vivado\2016.2\lib\win64.o\librdi_timing.dll
0x000007feb5a10000 - 0x000007feb5c30000 	C:\Xilinx\Vivado\2016.2\lib\win64.o\librdi_dlyest.dll
0x000007feb5970000 - 0x000007feb5a07000 	C:\Xilinx\Vivado\2016.2\lib\win64.o\libise.dll
0x000007feb5c30000 - 0x000007feb5c6b000 	C:\Xilinx\Vivado\2016.2\lib\win64.o\librdi_pfi.dll
0x000007feb5920000 - 0x000007feb5963000 	C:\Xilinx\Vivado\2016.2\lib\win64.o\librdi_hdf.dll
0x000007feb5720000 - 0x000007feb5912000 	C:\Xilinx\Vivado\2016.2\lib\win64.o\librdi_hsm.dll
0x000007feb5490000 - 0x000007feb5711000 	C:\Xilinx\Vivado\2016.2\lib\win64.o\librdi_ippcw.dll
0x000007feb53a0000 - 0x000007feb5483000 	C:\Xilinx\Vivado\2016.2\lib\win64.o\librdi_containers.dll
0x000007feb5240000 - 0x000007feb5300000 	C:\Xilinx\Vivado\2016.2\lib\win64.o\librdi_dsp.dll
0x000007feb50c0000 - 0x000007feb523d000 	C:\Xilinx\Vivado\2016.2\lib\win64.o\librdi_simdata.dll
0x000007feb4d10000 - 0x000007feb50b1000 	C:\Xilinx\Vivado\2016.2\lib\win64.o\librdi_wavedata.dll
0x000007feb4c90000 - 0x000007feb4d0f000 	C:\Xilinx\Vivado\2016.2\lib\win64.o\librdi_simbridge_kernel.dll
0x000007fec0410000 - 0x000007fec044a000 	C:\Xilinx\Vivado\2016.2\lib\win64.o\librdi_wavedata_SimpleApi.dll
0x000007feb4a50000 - 0x000007feb4c90000 	C:\Xilinx\Vivado\2016.2\lib\win64.o\librdi_guitools.dll
0x000007feb30b0000 - 0x000007feb4a4e000 	C:\Xilinx\Vivado\2016.2\lib\win64.o\librdi_place.dll
0x000007feb2af0000 - 0x000007feb30ac000 	C:\Xilinx\Vivado\2016.2\lib\win64.o\librdi_abc_nomp.dll
0x000007fee29b0000 - 0x000007fee29c9000 	C:\Xilinx\Vivado\2016.2\lib\win64.o\librdi_hmetis.dll

VM Arguments:
jvm_args: -Dsun.java2d.pmoffscreen=false -Dsun.java2d.d3d=false -Dsun.awt.nopixfmt=true -Xverify:none -Dswing.aatext=true -XX:-UsePerfData -Djdk.map.althashing.threshold=512 -XX:StringTableSize=4072 -XX:NewSize=60m -XX:MaxNewSize=60m -Xms128m -Xmx3072m -Xss5m 
java_command: <unknown>
java_class_path (initial): C:/Xilinx/Vivado/2016.2\lib\classes\alloy.jar;C:/Xilinx/Vivado/2016.2\lib\classes\batik-anim.jar;C:/Xilinx/Vivado/2016.2\lib\classes\batik-awt-util.jar;C:/Xilinx/Vivado/2016.2\lib\classes\batik-bridge.jar;C:/Xilinx/Vivado/2016.2\lib\classes\batik-codec.jar;C:/Xilinx/Vivado/2016.2\lib\classes\batik-css.jar;C:/Xilinx/Vivado/2016.2\lib\classes\batik-dom.jar;C:/Xilinx/Vivado/2016.2\lib\classes\batik-ext.jar;C:/Xilinx/Vivado/2016.2\lib\classes\batik-gui-util.jar;C:/Xilinx/Vivado/2016.2\lib\classes\batik-gvt.jar;C:/Xilinx/Vivado/2016.2\lib\classes\batik-parser.jar;C:/Xilinx/Vivado/2016.2\lib\classes\batik-script.jar;C:/Xilinx/Vivado/2016.2\lib\classes\batik-svg-dom.jar;C:/Xilinx/Vivado/2016.2\lib\classes\batik-swing.jar;C:/Xilinx/Vivado/2016.2\lib\classes\batik-transcoder.jar;C:/Xilinx/Vivado/2016.2\lib\classes\batik-util.jar;C:/Xilinx/Vivado/2016.2\lib\classes\batik-xml.jar;C:/Xilinx/Vivado/2016.2\lib\classes\commons-math-2.2.jar;C:/Xilinx/Vivado/2016.2\lib\classes\dom4j-1.6.1.jar;C:/Xilinx/Vivado/2016.2\lib\classes\forms.jar;C:/Xilinx/Vivado/2016.2\lib\classes\guava-18.0.jar;C:/Xilinx/Vivado/2016.2\lib\classes\help.jar;C:/Xilinx/Vivado/2016.2\lib\classes\hsqldb.jar;C:/Xilinx/Vivado/2016.2\lib\classes\jh.jar;C:/Xilinx/Vivado/2016.2\lib\classes\jide-action.jar;C:/Xilinx/Vivado/2016.2\lib\classes\jide-charts.jar;C:/Xilinx/Vivado/2016.2\lib\classes\jide-common.jar;C:/Xilinx/Vivado/2016.2\lib\classes\jide-components.jar;C:/Xilinx/Vivado/2016.2\lib\classes\jide-dashboard.jar;C:/Xilinx/Vivado/2016.2\lib\classes\jide-data.jar;C:/Xilinx/Vivado/2016.2\lib\classes\jide-dialogs.jar;C:/Xilinx/Vivado/2016.2\lib\classes\jide-diff.jar;C:/Xilinx/Vivado/2016.2\lib\classes\jide-dock.jar;C:/Xilinx/Vivado/2016.2\lib\classes\jide-editor.jar;C:/Xilinx/Vivado/2016.2\lib\classes\jide-gantt.jar;C:/Xilinx/Vivado/2016.2\lib\classes\jide-grids.jar;C:/Xilinx/Vivado/2016.2\lib\classes\jide-pivot.jar;C:/Xilinx/Vivado/2016.2\lib\classes\jide-plaf-jdk7.jar;C:/Xilinx/Vivado/2
Launcher Type: generic

Environment Variables:
PATH=C:/Xilinx/Vivado/2016.2/bin;C:/Xilinx/Vivado/2016.2/lib/win64.o;C:/Xilinx/Vivado/2016.2/tps/win64/jre/bin/server;C:/Xilinx/Vivado/2016.2/tps/win64/jre/bin;C:/Xilinx/SDK/2016.2/bin;C:/Xilinx/Vivado/2016.2/ids_lite/ISE/bin/nt64;C:/Xilinx/Vivado/2016.2/ids_lite/ISE/lib/nt64;C:/Xilinx/Vivado_HLS/2016.2/bin;C:\PROGRAM FILES (X86)\INTEL\ICLS CLIENT\;C:\PROGRAM FILES\INTEL\ICLS CLIENT\;C:\windows\SYSTEM32;C:\windows;C:\windows\SYSTEM32\WBEM;C:\windows\SYSTEM32\WINDOWSPOWERSHELL\V1.0\;C:\PROGRAM FILES\IBM\INFOPRINT SELECT;C:\PROGRAM FILES (X86)\IBM\PERSONAL COMMUNICATIONS\;C:\PROGRAM FILES (X86)\IBM\TRACE FACILITY\;C:\PROGRAM FILES (X86)\INTEL\OPENCL SDK\2.0\BIN\X86;C:\PROGRAM FILES (X86)\INTEL\OPENCL SDK\2.0\BIN\X64;C:\PROGRAM FILES\INTEL\INTEL(R) MANAGEMENT ENGINE COMPONENTS\DAL;C:\PROGRAM FILES\INTEL\INTEL(R) MANAGEMENT ENGINE COMPONENTS\IPT;C:\PROGRAM FILES (X86)\INTEL\INTEL(R) MANAGEMENT ENGINE COMPONENTS\DAL;C:\PROGRAM FILES (X86)\INTEL\INTEL(R) MANAGEMENT ENGINE COMPONENTS\IPT;C:\Program Files\ThinkPad\Bluetooth Software\;C:\Program Files\ThinkPad\Bluetooth Software\syswow64;d:\Program Files (x86)\ooRexx;C:\Program Files (x86)\Box\Box Edit\;C:\Program Files\Intel\WiFi\bin\;C:\Program Files\Common Files\Intel\WirelessCommon\;C:\Users\IBM_ADMIN\Anaconda2;C:\Users\IBM_ADMIN\Anaconda2\Scripts;C:\Users\IBM_ADMIN\Anaconda2\Library\bin;D:\bluerexx
USERNAME=gmilwid
OS=Windows_NT
PROCESSOR_IDENTIFIER=Intel64 Family 6 Model 58 Stepping 9, GenuineIntel



---------------  S Y S T E M  ---------------

OS: Windows 7 , 64 bit Build 7601 (6.1.7601.23569)

CPU:total 8 (4 cores per cpu, 2 threads per core) family 6 model 58 stepping 9, cmov, cx8, fxsr, mmx, sse, sse2, sse3, ssse3, sse4.1, sse4.2, popcnt, avx, aes, clmul, erms, ht, tsc, tscinvbit, tscinv

Memory: 4k page, physical 16333612k(9689548k free), swap 32665364k(24760460k free)

vm_info: Java HotSpot(TM) 64-Bit Server VM (25.66-b18) for windows-amd64 JRE (1.8.0_66-b18), built on Nov  9 2015 10:51:13 by "java_re" with MS VC++ 10.0 (VS2010)

time: Sat Mar 18 22:16:33 2017
elapsed time: 966 seconds (0d 0h 16m 6s)

