#
# A fatal error has been detected by the Java Runtime Environment:
#
#  EXCEPTION_UNCAUGHT_CXX_EXCEPTION (0xe06d7363) at pc=0x000007fefd66a06d, pid=4496, tid=4448
#
# JRE version: Java(TM) SE Runtime Environment (8.0_66-b18) (build 1.8.0_66-b18)
# Java VM: Java HotSpot(TM) 64-Bit Server VM (25.66-b18 mixed mode windows-amd64 compressed oops)
# Problematic frame:
# C  [KERNELBASE.dll+0x1a06d]
#
# Failed to write core dump. Minidumps are not enabled by default on client versions of Windows
#
# If you would like to submit a bug report, please visit:
#   http://bugreport.java.com/bugreport/crash.jsp
#

---------------  T H R E A D  ---------------

Current thread (0x0000000014f92800):  VMThread [stack: 0x0000000015ee0000,0x0000000015fe0000] [id=4448]

siginfo: ExceptionCode=0xe06d7363, ExceptionInformation=0x0000000019930520 0x0000000015fdf6c8 0x000007feebff2cb8 0x000007feebf40000 

Registers:
RAX=0x0000000060090b4c, RBX=0x000007feebff2cb8, RCX=0x0000000015fdef10, RDX=0x00000000000000d0
RSP=0x0000000015fdf520, RBP=0x0000000015fdf650, RSI=0x00000000ffffffff, RDI=0x000000001758ebd0
R8 =0x0000000000000000, R9 =0x0000000000000000, R10=0x000007feebf40000, R11=0x0000000015fdf560
R12=0x0000000000000001, R13=0x0000000000000008, R14=0x0000000000000000, R15=0xffffffffffffffff
RIP=0x000007fefd66a06d, EFLAGS=0x0000000000000202

Top of Stack: (sp=0x0000000015fdf520)
0x0000000015fdf520:   000007feebff2cb8 00000000ffffffff
0x0000000015fdf530:   000000001758ebd0 00000000002496f0
0x0000000015fdf540:   00000001e06d7363 0000000000000000
0x0000000015fdf550:   000007fefd66a06d 000007fe00000004
0x0000000015fdf560:   0000000019930520 0000000015fdf6c8
0x0000000015fdf570:   000007feebff2cb8 000007feebf40000
0x0000000015fdf580:   0000000000000000 0000000015fdf608
0x0000000015fdf590:   0000000000000028 000000001758ebc0
0x0000000015fdf5a0:   00000000175c8d60 0000000000000000
0x0000000015fdf5b0:   000007fffffa6000 00000000776ef2d3
0x0000000015fdf5c0:   0000000000000000 0000000000000008
0x0000000015fdf5d0:   0000000000000001 000000001758ebd0
0x0000000015fdf5e0:   00000000ffffffff 000007feebf9e92c
0x0000000015fdf5f0:   000007feebff2cb8 0000000015fdf660
0x0000000015fdf600:   0000000000000001 000007feebf400f8
0x0000000015fdf610:   00000001e06d7363 0000000000000000 

Instructions: (pc=0x000007fefd66a06d)
0x000007fefd66a04d:   54 24 24 48 89 4c 24 28 4d 85 c9 0f 85 6a 03 00
0x000007fefd66a05d:   00 89 4c 24 38 48 8d 4c 24 20 ff 15 33 02 03 00
0x000007fefd66a06d:   48 81 c4 c8 00 00 00 c3 90 90 90 90 90 90 90 90
0x000007fefd66a07d:   90 90 90 48 83 ec 28 65 48 8b 04 25 30 00 00 00 


Register to memory mapping:

RAX=0x0000000060090b4c is an unknown value
RBX=0x000007feebff2cb8 is an unknown value
RCX=0x0000000015fdef10 is an unknown value
RDX=0x00000000000000d0 is an unknown value
RSP=0x0000000015fdf520 is an unknown value
RBP=0x0000000015fdf650 is an unknown value
RSI=0x00000000ffffffff is an unallocated location in the heap
RDI=0x000000001758ebd0 is an unknown value
R8 =0x0000000000000000 is an unknown value
R9 =0x0000000000000000 is an unknown value
R10=0x000007feebf40000 is an unknown value
R11=0x0000000015fdf560 is an unknown value
R12=0x0000000000000001 is an unknown value
R13=0x0000000000000008 is an unknown value
R14=0x0000000000000000 is an unknown value
R15=0xffffffffffffffff is an unknown value


Stack: [0x0000000015ee0000,0x0000000015fe0000],  sp=0x0000000015fdf520,  free space=1021k
Native frames: (J=compiled Java code, j=interpreted, Vv=VM code, C=native code)
C  [KERNELBASE.dll+0x1a06d]
C  [MSVCR110.dll+0x5e92c]
C  [MSVCR110.dll+0x1315c]
C  [MSVCR110.dll+0x136a9]
C  [MSVCR110.dll+0x13e9c]
C  [MSVCR110.dll+0x239e]
C  [MSVCR110.dll+0xaf9e]
C  [MSVCP110.dll+0x397b9]
C  [librdi_common.dll+0x182316]
C  [librdi_common.dll+0x180fab]
C  [librdi_target_manager.dll+0x2400]
C  [librdi_target_manager.dll+0x2682]
C  [ntdll.dll+0x229b1]
C  [ntdll.dll+0x227c0]
C  [MSVCR100.dll+0x20ccd]
V  [jvm.dll+0x210cc5]
V  [jvm.dll+0x249897]
V  [jvm.dll+0x248b36]
V  [jvm.dll+0x248fd1]
V  [jvm.dll+0x2491ee]
V  [jvm.dll+0x29a0fa]
C  [MSVCR100.dll+0x21d9f]
C  [MSVCR100.dll+0x21e3b]
C  [kernel32.dll+0x159bd]
C  [ntdll.dll+0x2a2e1]

VM_Operation (0x000000000012f4c0): Exit, mode: safepoint, requested by thread 0x0000000002358000


---------------  P R O C E S S  ---------------

Java Threads: ( => current thread )
  0x000000001abac800 JavaThread "pool-2-thread-3" [_thread_blocked, id=4656, stack(0x000000002a850000,0x000000002a950000)]
  0x0000000021b47000 JavaThread "Thread-67" [_thread_in_native, id=4620, stack(0x00000000288f0000,0x00000000289f0000)]
  0x0000000021b4b000 JavaThread "pool-2-thread-2" [_thread_blocked, id=4768, stack(0x000000002a750000,0x000000002a850000)]
  0x0000000021b48000 JavaThread "pool-2-thread-1" [_thread_blocked, id=2320, stack(0x00000000289f0000,0x0000000028af0000)]
  0x0000000021b46800 JavaThread "Thread-44" daemon [_thread_blocked, id=2816, stack(0x00000000287f0000,0x00000000288f0000)]
  0x0000000021df6000 JavaThread "TCF Channel Transmitter" daemon [_thread_blocked, id=3880, stack(0x00000000266c0000,0x00000000267c0000)]
  0x0000000021df5800 JavaThread "TCF Channel Receiver" daemon [_thread_in_native, id=564, stack(0x00000000257b0000,0x00000000258b0000)]
  0x0000000021df4800 JavaThread "Process monitor" daemon [_thread_in_native, id=4696, stack(0x00000000256b0000,0x00000000257b0000)]
  0x0000000021df4000 JavaThread "Input Stream Monitor" daemon [_thread_blocked, id=4180, stack(0x00000000255b0000,0x00000000256b0000)]
  0x0000000019314800 JavaThread "Output Stream Monitor" daemon [_thread_in_native, id=4988, stack(0x00000000250a0000,0x00000000251a0000)]
  0x0000000019313800 JavaThread "Output Stream Monitor" daemon [_thread_in_native, id=4940, stack(0x0000000024fa0000,0x00000000250a0000)]
  0x000000001930e800 JavaThread "TCF Locator DNS Lookup" daemon [_thread_blocked, id=3868, stack(0x0000000024340000,0x0000000024440000)]
  0x000000001930d000 JavaThread "TCF Locator Receiver" daemon [_thread_in_native, id=4476, stack(0x0000000022830000,0x0000000022930000)]
  0x000000001930b800 JavaThread "TCF Timer Dispatcher" daemon [_thread_blocked, id=4568, stack(0x000000001feb0000,0x000000001ffb0000)]
  0x0000000019d08800 JavaThread "EMF Reference Cleaner" daemon [_thread_blocked, id=3268, stack(0x000000001c0e0000,0x000000001c1e0000)]
  0x0000000015082800 JavaThread "Service Thread" daemon [_thread_blocked, id=4424, stack(0x00000000168a0000,0x00000000169a0000)]
  0x000000001501a000 JavaThread "C1 CompilerThread3" daemon [_thread_blocked, id=4404, stack(0x00000000167a0000,0x00000000168a0000)]
  0x0000000014ff9000 JavaThread "C2 CompilerThread2" daemon [_thread_blocked, id=4632, stack(0x00000000166a0000,0x00000000167a0000)]
  0x0000000014fe4800 JavaThread "C2 CompilerThread1" daemon [_thread_blocked, id=4672, stack(0x00000000165a0000,0x00000000166a0000)]
  0x0000000014ff0000 JavaThread "C2 CompilerThread0" daemon [_thread_blocked, id=3112, stack(0x00000000164a0000,0x00000000165a0000)]
  0x0000000014fee800 JavaThread "Attach Listener" daemon [_thread_blocked, id=3052, stack(0x00000000163a0000,0x00000000164a0000)]
  0x0000000014fed800 JavaThread "Signal Dispatcher" daemon [_thread_blocked, id=1180, stack(0x00000000162a0000,0x00000000163a0000)]
  0x0000000013e1e800 JavaThread "Finalizer" daemon [_thread_blocked, id=3648, stack(0x00000000160e0000,0x00000000161e0000)]
  0x0000000013e18000 JavaThread "Reference Handler" daemon [_thread_blocked, id=4756, stack(0x0000000015fe0000,0x00000000160e0000)]
  0x0000000002358000 JavaThread "main" [_thread_blocked, id=4580, stack(0x0000000000030000,0x0000000000130000)]

Other Threads:
=>0x0000000014f92800 VMThread [stack: 0x0000000015ee0000,0x0000000015fe0000] [id=4448]

VM state:at safepoint (shutting down)

VM Mutex/Monitor currently owned by a thread:  ([mutex/lock_event])
[0x00000000026be3b0] Threads_lock - owner thread: 0x0000000014f92800

Heap:
 PSYoungGen      total 101376K, used 13597K [0x00000000f5580000, 0x00000000fcb80000, 0x0000000100000000)
  eden space 87040K, 8% used [0x00000000f5580000,0x00000000f5c63660,0x00000000faa80000)
  from space 14336K, 45% used [0x00000000fbd80000,0x00000000fc3e3dd8,0x00000000fcb80000)
  to   space 16896K, 0% used [0x00000000faa80000,0x00000000faa80000,0x00000000fbb00000)
 ParOldGen       total 117248K, used 67725K [0x00000000e0000000, 0x00000000e7280000, 0x00000000f5580000)
  object space 117248K, 57% used [0x00000000e0000000,0x00000000e4223450,0x00000000e7280000)
 Metaspace       used 92528K, capacity 100138K, committed 100352K, reserved 1136640K
  class space    used 11126K, capacity 13554K, committed 13568K, reserved 1048576K

Card table byte_map: [0x0000000002510000,0x0000000002620000] byte_map_base: 0x0000000001e10000

Marking Bits: (ParMarkBitMap*) 0x0000000070ffa5b0
 Begin Bits: [0x0000000012330000, 0x0000000012b30000)
 End Bits:   [0x0000000012b30000, 0x0000000013330000)

Polling page: 0x0000000000320000

CodeCache: size=245760Kb used=42121Kb max_used=42630Kb free=203638Kb
 bounds [0x00000000026c0000, 0x00000000050b0000, 0x00000000116c0000]
 total_blobs=11976 nmethods=11065 adapters=818
 compilation: enabled

Compilation events (10 events):
Event: 395.573 Thread 0x000000001501a000 14123       3       java.util.IdentityHashMap::remove (102 bytes)
Event: 395.574 Thread 0x000000001501a000 nmethod 14123 0x0000000003172690 code [0x0000000003172860, 0x0000000003172ff8]
Event: 395.576 Thread 0x000000001501a000 14124       3       java.util.TimSort::ensureCapacity (107 bytes)
Event: 395.576 Thread 0x000000001501a000 nmethod 14124 0x0000000003179450 code [0x00000000031795e0, 0x0000000003179bb8]
Event: 395.577 Thread 0x000000001501a000 14125   !   3       org.eclipse.osgi.storage.BundleInfo$Generation::close (34 bytes)
Event: 395.577 Thread 0x000000001501a000 nmethod 14125 0x0000000003178d10 code [0x0000000003178e80, 0x00000000031792a8]
Event: 395.580 Thread 0x000000001501a000 14126       3       org.eclipse.osgi.container.Module::holdsTransitionEventLock (25 bytes)
Event: 395.580 Thread 0x000000001501a000 nmethod 14126 0x0000000003896490 code [0x0000000003896620, 0x0000000003896d48]
Event: 395.581 Thread 0x000000001501a000 14135   !   3       org.eclipse.osgi.storage.BundleInfo$Generation::clearManifestCache (30 bytes)
Event: 395.581 Thread 0x000000001501a000 nmethod 14135 0x0000000003aa3c90 code [0x0000000003aa3e20, 0x0000000003aa4468]

GC Heap History (10 events):
Event: 341.028 GC heap before
{Heap before GC invocations=38 (full 4):
 PSYoungGen      total 113664K, used 113450K [0x00000000f5580000, 0x00000000fdb80000, 0x0000000100000000)
  eden space 101376K, 100% used [0x00000000f5580000,0x00000000fb880000,0x00000000fb880000)
  from space 12288K, 98% used [0x00000000fbb80000,0x00000000fc74ab88,0x00000000fc780000)
  to   space 17920K, 0% used [0x00000000fca00000,0x00000000fca00000,0x00000000fdb80000)
 ParOldGen       total 117248K, used 67677K [0x00000000e0000000, 0x00000000e7280000, 0x00000000f5580000)
  object space 117248K, 57% used [0x00000000e0000000,0x00000000e4217450,0x00000000e7280000)
 Metaspace       used 91230K, capacity 99056K, committed 99328K, reserved 1134592K
  class space    used 11013K, capacity 13455K, committed 13568K, reserved 1048576K
Event: 341.033 GC heap after
Heap after GC invocations=38 (full 4):
 PSYoungGen      total 112128K, used 8707K [0x00000000f5580000, 0x00000000fd780000, 0x0000000100000000)
  eden space 98304K, 0% used [0x00000000f5580000,0x00000000f5580000,0x00000000fb580000)
  from space 13824K, 62% used [0x00000000fca00000,0x00000000fd280fc8,0x00000000fd780000)
  to   space 17408K, 0% used [0x00000000fb580000,0x00000000fb580000,0x00000000fc680000)
 ParOldGen       total 117248K, used 67685K [0x00000000e0000000, 0x00000000e7280000, 0x00000000f5580000)
  object space 117248K, 57% used [0x00000000e0000000,0x00000000e4219450,0x00000000e7280000)
 Metaspace       used 91230K, capacity 99056K, committed 99328K, reserved 1134592K
  class space    used 11013K, capacity 13455K, committed 13568K, reserved 1048576K
}
Event: 344.167 GC heap before
{Heap before GC invocations=39 (full 4):
 PSYoungGen      total 112128K, used 106433K [0x00000000f5580000, 0x00000000fd780000, 0x0000000100000000)
  eden space 98304K, 99% used [0x00000000f5580000,0x00000000fb4ef5f8,0x00000000fb580000)
  from space 13824K, 62% used [0x00000000fca00000,0x00000000fd280fc8,0x00000000fd780000)
  to   space 17408K, 0% used [0x00000000fb580000,0x00000000fb580000,0x00000000fc680000)
 ParOldGen       total 117248K, used 67685K [0x00000000e0000000, 0x00000000e7280000, 0x00000000f5580000)
  object space 117248K, 57% used [0x00000000e0000000,0x00000000e4219450,0x00000000e7280000)
 Metaspace       used 91256K, capacity 99056K, committed 99328K, reserved 1134592K
  class space    used 11013K, capacity 13455K, committed 13568K, reserved 1048576K
Event: 344.171 GC heap after
Heap after GC invocations=39 (full 4):
 PSYoungGen      total 103936K, used 8437K [0x00000000f5580000, 0x00000000fd480000, 0x0000000100000000)
  eden space 95232K, 0% used [0x00000000f5580000,0x00000000f5580000,0x00000000fb280000)
  from space 8704K, 96% used [0x00000000fb580000,0x00000000fbdbd5b0,0x00000000fbe00000)
  to   space 17408K, 0% used [0x00000000fc380000,0x00000000fc380000,0x00000000fd480000)
 ParOldGen       total 117248K, used 67701K [0x00000000e0000000, 0x00000000e7280000, 0x00000000f5580000)
  object space 117248K, 57% used [0x00000000e0000000,0x00000000e421d450,0x00000000e7280000)
 Metaspace       used 91256K, capacity 99056K, committed 99328K, reserved 1134592K
  class space    used 11013K, capacity 13455K, committed 13568K, reserved 1048576K
}
Event: 345.248 GC heap before
{Heap before GC invocations=40 (full 4):
 PSYoungGen      total 103936K, used 103484K [0x00000000f5580000, 0x00000000fd480000, 0x0000000100000000)
  eden space 95232K, 99% used [0x00000000f5580000,0x00000000fb251dd0,0x00000000fb280000)
  from space 8704K, 96% used [0x00000000fb580000,0x00000000fbdbd5b0,0x00000000fbe00000)
  to   space 17408K, 0% used [0x00000000fc380000,0x00000000fc380000,0x00000000fd480000)
 ParOldGen       total 117248K, used 67701K [0x00000000e0000000, 0x00000000e7280000, 0x00000000f5580000)
  object space 117248K, 57% used [0x00000000e0000000,0x00000000e421d450,0x00000000e7280000)
 Metaspace       used 91361K, capacity 99120K, committed 99328K, reserved 1134592K
  class space    used 11016K, capacity 13455K, committed 13568K, reserved 1048576K
Event: 345.252 GC heap after
Heap after GC invocations=40 (full 4):
 PSYoungGen      total 105472K, used 11270K [0x00000000f5580000, 0x00000000fd080000, 0x0000000100000000)
  eden space 92160K, 0% used [0x00000000f5580000,0x00000000f5580000,0x00000000faf80000)
  from space 13312K, 84% used [0x00000000fc380000,0x00000000fce81890,0x00000000fd080000)
  to   space 16896K, 0% used [0x00000000faf80000,0x00000000faf80000,0x00000000fc000000)
 ParOldGen       total 117248K, used 67709K [0x00000000e0000000, 0x00000000e7280000, 0x00000000f5580000)
  object space 117248K, 57% used [0x00000000e0000000,0x00000000e421f450,0x00000000e7280000)
 Metaspace       used 91361K, capacity 99120K, committed 99328K, reserved 1134592K
  class space    used 11016K, capacity 13455K, committed 13568K, reserved 1048576K
}
Event: 374.668 GC heap before
{Heap before GC invocations=41 (full 4):
 PSYoungGen      total 105472K, used 103430K [0x00000000f5580000, 0x00000000fd080000, 0x0000000100000000)
  eden space 92160K, 100% used [0x00000000f5580000,0x00000000faf80000,0x00000000faf80000)
  from space 13312K, 84% used [0x00000000fc380000,0x00000000fce81890,0x00000000fd080000)
  to   space 16896K, 0% used [0x00000000faf80000,0x00000000faf80000,0x00000000fc000000)
 ParOldGen       total 117248K, used 67709K [0x00000000e0000000, 0x00000000e7280000, 0x00000000f5580000)
  object space 117248K, 57% used [0x00000000e0000000,0x00000000e421f450,0x00000000e7280000)
 Metaspace       used 91571K, capacity 99446K, committed 99584K, reserved 1134592K
  class space    used 11019K, capacity 13456K, committed 13568K, reserved 1048576K
Event: 374.674 GC heap after
Heap after GC invocations=41 (full 4):
 PSYoungGen      total 101888K, used 11965K [0x00000000f5580000, 0x00000000fce00000, 0x0000000100000000)
  eden space 89600K, 0% used [0x00000000f5580000,0x00000000f5580000,0x00000000fad00000)
  from space 12288K, 97% used [0x00000000faf80000,0x00000000fbb2f620,0x00000000fbb80000)
  to   space 16896K, 0% used [0x00000000fbd80000,0x00000000fbd80000,0x00000000fce00000)
 ParOldGen       total 117248K, used 67717K [0x00000000e0000000, 0x00000000e7280000, 0x00000000f5580000)
  object space 117248K, 57% used [0x00000000e0000000,0x00000000e4221450,0x00000000e7280000)
 Metaspace       used 91571K, capacity 99446K, committed 99584K, reserved 1134592K
  class space    used 11019K, capacity 13456K, committed 13568K, reserved 1048576K
}
Event: 394.945 GC heap before
{Heap before GC invocations=42 (full 4):
 PSYoungGen      total 101888K, used 101565K [0x00000000f5580000, 0x00000000fce00000, 0x0000000100000000)
  eden space 89600K, 100% used [0x00000000f5580000,0x00000000fad00000,0x00000000fad00000)
  from space 12288K, 97% used [0x00000000faf80000,0x00000000fbb2f620,0x00000000fbb80000)
  to   space 16896K, 0% used [0x00000000fbd80000,0x00000000fbd80000,0x00000000fce00000)
 ParOldGen       total 117248K, used 67717K [0x00000000e0000000, 0x00000000e7280000, 0x00000000f5580000)
  object space 117248K, 57% used [0x00000000e0000000,0x00000000e4221450,0x00000000e7280000)
 Metaspace       used 92269K, capacity 99946K, committed 100096K, reserved 1136640K
  class space    used 11097K, capacity 13554K, committed 13568K, reserved 1048576K
Event: 394.951 GC heap after
Heap after GC invocations=42 (full 4):
 PSYoungGen      total 101376K, used 6543K [0x00000000f5580000, 0x00000000fcb80000, 0x0000000100000000)
  eden space 87040K, 0% used [0x00000000f5580000,0x00000000f5580000,0x00000000faa80000)
  from space 14336K, 45% used [0x00000000fbd80000,0x00000000fc3e3dd8,0x00000000fcb80000)
  to   space 16896K, 0% used [0x00000000faa80000,0x00000000faa80000,0x00000000fbb00000)
 ParOldGen       total 117248K, used 67725K [0x00000000e0000000, 0x00000000e7280000, 0x00000000f5580000)
  object space 117248K, 57% used [0x00000000e0000000,0x00000000e4223450,0x00000000e7280000)
 Metaspace       used 92269K, capacity 99946K, committed 100096K, reserved 1136640K
  class space    used 11097K, capacity 13554K, committed 13568K, reserved 1048576K
}

Deoptimization events (10 events):
Event: 394.746 Thread 0x000000001e261000 Uncommon trap: reason=class_check action=maybe_recompile pc=0x0000000004fe6c54 method=org.eclipse.e4.core.internal.contexts.TrackableComputationExt.update(Lorg/eclipse/e4/core/internal/contexts/ContextChangeEvent;)Z @ 62
Event: 394.929 Thread 0x0000000021b45800 Uncommon trap: reason=unstable_if action=reinterpret pc=0x0000000002836724 method=sun.nio.cs.SingleByte$Encoder.encode(C)I @ 13
Event: 394.958 Thread 0x000000001e261000 Uncommon trap: reason=unstable_if action=reinterpret pc=0x0000000003daa464 method=org.eclipse.swt.graphics.Resource.dispose()V @ 15
Event: 394.985 Thread 0x0000000016d69000 Uncommon trap: reason=predicate action=maybe_recompile pc=0x00000000032ccbdc method=java.util.Arrays.fill([Ljava/lang/Object;Ljava/lang/Object;)V @ 10
Event: 394.986 Thread 0x0000000016d69000 Uncommon trap: reason=array_check action=maybe_recompile pc=0x00000000035db4b8 method=java.util.Arrays.fill([Ljava/lang/Object;Ljava/lang/Object;)V @ 13
Event: 394.986 Thread 0x0000000016d69000 Uncommon trap: reason=array_check action=maybe_recompile pc=0x00000000035db4b8 method=java.util.Arrays.fill([Ljava/lang/Object;Ljava/lang/Object;)V @ 13
Event: 394.986 Thread 0x0000000016d69000 Uncommon trap: reason=array_check action=maybe_recompile pc=0x00000000035db4b8 method=java.util.Arrays.fill([Ljava/lang/Object;Ljava/lang/Object;)V @ 13
Event: 394.987 Thread 0x0000000016d69000 Uncommon trap: reason=array_check action=maybe_recompile pc=0x00000000035db4b8 method=java.util.Arrays.fill([Ljava/lang/Object;Ljava/lang/Object;)V @ 13
Event: 395.500 Thread 0x000000001e261000 Uncommon trap: reason=unstable_if action=reinterpret pc=0x0000000003665950 method=org.eclipse.osgi.internal.hooks.EclipseLazyStarter.shouldActivateFor(Ljava/lang/String;Lorg/eclipse/osgi/container/Module;Lorg/eclipse/osgi/container/ModuleRevision;Lorg/ecliüx9∏x@
Event: 395.514 Thread 0x000000001e261000 Uncommon trap: reason=null_check action=maybe_recompile pc=0x00000000043fbd00 method=com.xilinx.sdk.targetmanager.internal.json.XMDJSONProcess.issueCommand(Ljava/lang/String;)Lcom/xilinx/sdk/targetmanager/internal/IXMDResult; @ 3

Internal exceptions (10 events):
Event: 392.672 Thread 0x0000000002358000 Implicit null exception at 0x0000000003eddc88 to 0x0000000003ede491
Event: 392.725 Thread 0x000000001e261000 Exception <a 'java/io/FileNotFoundException'> (0x00000000fa5ee4c0) thrown at [C:\re\workspace\8-2-build-windows-amd64-cygwin\jdk8u66\5298\hotspot\src\share\vm\prims\jni.cpp, line 709]
Event: 394.928 Thread 0x000000001e261800 Exception <a 'java/lang/InterruptedException'> (0x00000000fac99bd0) thrown at [C:\re\workspace\8-2-build-windows-amd64-cygwin\jdk8u66\5298\hotspot\src\share\vm\runtime\objectMonitor.cpp, line 1683]
Event: 395.514 Thread 0x000000001e261000 Implicit null exception at 0x00000000043f9b07 to 0x00000000043fbcf1
Event: 395.514 Thread 0x000000001e261000 Exception <a 'java/lang/NullPointerException'> (0x00000000f577bcd8) thrown at [C:\re\workspace\8-2-build-windows-amd64-cygwin\jdk8u66\5298\hotspot\src\share\vm\prims\jvm.cpp, line 1390]
Event: 395.517 Thread 0x000000001e261000 Exception <a 'java/io/FileNotFoundException'> (0x00000000f57c3478) thrown at [C:\re\workspace\8-2-build-windows-amd64-cygwin\jdk8u66\5298\hotspot\src\share\vm\prims\jni.cpp, line 709]
Event: 395.558 Thread 0x000000001930a000 Exception <a 'java/lang/InterruptedException'> (0x00000000f58d6958) thrown at [C:\re\workspace\8-2-build-windows-amd64-cygwin\jdk8u66\5298\hotspot\src\share\vm\runtime\objectMonitor.cpp, line 1683]
Event: 395.573 Thread 0x0000000016d69000 Exception <a 'java/lang/InterruptedException'> (0x00000000f58b0508) thrown at [C:\re\workspace\8-2-build-windows-amd64-cygwin\jdk8u66\5298\hotspot\src\share\vm\runtime\objectMonitor.cpp, line 1683]
Event: 395.579 Thread 0x0000000019307800 Exception <a 'java/lang/InterruptedException'> (0x00000000f567f600) thrown at [C:\re\workspace\8-2-build-windows-amd64-cygwin\jdk8u66\5298\hotspot\src\share\vm\runtime\objectMonitor.cpp, line 1683]
Event: 395.579 Thread 0x0000000017222800 Exception <a 'java/lang/InterruptedException'> (0x00000000f5a44130) thrown at [C:\re\workspace\8-2-build-windows-amd64-cygwin\jdk8u66\5298\hotspot\src\share\vm\runtime\objectMonitor.cpp, line 1683]

Events (10 events):
Event: 395.581 loading class java/util/IdentityHashMap$KeyIterator
Event: 395.581 Thread 0x000000001501a000 flushing nmethod 0x0000000003e78ed0
Event: 395.581 loading class java/util/IdentityHashMap$IdentityHashMapIterator
Event: 395.581 loading class java/util/IdentityHashMap$IdentityHashMapIterator done
Event: 395.581 loading class java/util/IdentityHashMap$KeyIterator done
Event: 395.581 Thread 0x000000001e261000 Thread added: 0x000000001e261000
Event: 395.581 Thread 0x000000001501a000 flushing nmethod 0x0000000003edd9d0
Event: 395.581 Thread 0x000000001e261000 Thread exited: 0x000000001e261000
Event: 395.581 Thread 0x000000001501a000 flushing nmethod 0x0000000003f23210
Event: 395.582 Executing VM operation: Exit


Dynamic libraries:
0x0000000000400000 - 0x000000000044f000 	C:\Xilinx\SDK\2016.2\eclipse\win64.o\eclipse.exe
0x00000000776a0000 - 0x000000007784a000 	C:\Windows\SYSTEM32\ntdll.dll
0x0000000077580000 - 0x000000007769f000 	C:\Windows\system32\kernel32.dll
0x000007fefd650000 - 0x000007fefd6ba000 	C:\Windows\system32\KERNELBASE.dll
0x0000000077480000 - 0x000000007757a000 	C:\Windows\system32\USER32.dll
0x000007fefe510000 - 0x000007fefe577000 	C:\Windows\system32\GDI32.dll
0x000007fefe400000 - 0x000007fefe40e000 	C:\Windows\system32\LPK.dll
0x000007fefeb50000 - 0x000007fefec1a000 	C:\Windows\system32\USP10.dll
0x000007fefd7a0000 - 0x000007fefd83f000 	C:\Windows\system32\msvcrt.dll
0x000007fefbcf0000 - 0x000007fefbee4000 	C:\Windows\WinSxS\amd64_microsoft.windows.common-controls_6595b64144ccf1df_6.0.7601.18837_none_fa3b1e3d17594757\COMCTL32.dll
0x000007fefe1f0000 - 0x000007fefe261000 	C:\Windows\system32\SHLWAPI.dll
0x000007fefdde0000 - 0x000007fefde0e000 	C:\Windows\system32\IMM32.DLL
0x000007fefe0e0000 - 0x000007fefe1e9000 	C:\Windows\system32\MSCTF.dll
0x0000000072000000 - 0x0000000072012000 	C:\Xilinx\SDK\2016.2\eclipse\win64.o\plugins\org.eclipse.equinox.launcher.win32.win32.x86_64_1.1.300.v20150602-1417\eclipse_1611.dll
0x000007fefe410000 - 0x000007fefe4eb000 	C:\Windows\system32\ADVAPI32.dll
0x000007fefe0c0000 - 0x000007fefe0df000 	C:\Windows\SYSTEM32\sechost.dll
0x000007fefdb70000 - 0x000007fefdc9d000 	C:\Windows\system32\RPCRT4.dll
0x000007fefc470000 - 0x000007fefc47c000 	C:\Windows\system32\VERSION.dll
0x000007fefbc90000 - 0x000007fefbce6000 	C:\Windows\system32\UxTheme.dll
0x00000000707f0000 - 0x0000000071079000 	C:\Xilinx\SDK\2016.2\tps\win64\jre\bin\server\jvm.dll
0x000007fefb560000 - 0x000007fefb569000 	C:\Windows\system32\WSOCK32.dll
0x000007fefdb20000 - 0x000007fefdb6d000 	C:\Windows\system32\WS2_32.dll
0x000007fefdb10000 - 0x000007fefdb18000 	C:\Windows\system32\NSI.dll
0x000007fefa170000 - 0x000007fefa1ab000 	C:\Windows\system32\WINMM.dll
0x0000000077870000 - 0x0000000077877000 	C:\Windows\system32\PSAPI.DLL
0x0000000071910000 - 0x00000000719e2000 	C:\Windows\system32\MSVCR100.dll
0x00000000739f0000 - 0x00000000739ff000 	C:\Xilinx\SDK\2016.2\tps\win64\jre\bin\verify.dll
0x00000000739c0000 - 0x00000000739e9000 	C:\Xilinx\SDK\2016.2\tps\win64\jre\bin\java.dll
0x00000000739a0000 - 0x00000000739b6000 	C:\Xilinx\SDK\2016.2\tps\win64\jre\bin\zip.dll
0x000007fefec20000 - 0x000007feff9a9000 	C:\Windows\system32\SHELL32.dll
0x000007fefde10000 - 0x000007fefe013000 	C:\Windows\system32\ole32.dll
0x000007fefd3f0000 - 0x000007fefd3ff000 	C:\Windows\system32\profapi.dll
0x000007fefcbe0000 - 0x000007fefcbf8000 	C:\Windows\system32\CRYPTSP.dll
0x000007fefc8e0000 - 0x000007fefc927000 	C:\Windows\system32\rsaenh.dll
0x000007fefd740000 - 0x000007fefd75e000 	C:\Windows\system32\USERENV.dll
0x000007fefd240000 - 0x000007fefd24f000 	C:\Windows\system32\CRYPTBASE.dll
0x00000000706a0000 - 0x00000000706ba000 	C:\Xilinx\SDK\2016.2\tps\win64\jre\bin\net.dll
0x000007fefcb80000 - 0x000007fefcbd5000 	C:\Windows\system32\mswsock.dll
0x000007fefcb70000 - 0x000007fefcb77000 	C:\Windows\System32\wship6.dll
0x000007fefad20000 - 0x000007fefad47000 	C:\Windows\system32\IPHLPAPI.DLL
0x000007fefad00000 - 0x000007fefad0b000 	C:\Windows\system32\WINNSI.DLL
0x000007fefab30000 - 0x000007fefab41000 	C:\Windows\system32\dhcpcsvc6.DLL
0x000007fefab10000 - 0x000007fefab28000 	C:\Windows\system32\dhcpcsvc.DLL
0x0000000073980000 - 0x0000000073991000 	C:\Xilinx\SDK\2016.2\tps\win64\jre\bin\nio.dll
0x000007fef9e80000 - 0x000007fef9e95000 	C:\Windows\system32\NLAapi.dll
0x000007fefa280000 - 0x000007fefa295000 	C:\Windows\system32\napinsp.dll
0x000007fefa2a0000 - 0x000007fefa2b9000 	C:\Windows\system32\pnrpnsp.dll
0x000007fefca00000 - 0x000007fefca5b000 	C:\Windows\system32\DNSAPI.dll
0x000007fefa440000 - 0x000007fefa44b000 	C:\Windows\System32\winrnr.dll
0x000007fefc540000 - 0x000007fefc547000 	C:\Windows\System32\wshtcpip.dll
0x000007fefa4e0000 - 0x000007fefa4e8000 	C:\Windows\system32\rasadhlp.dll
0x000007fefabc0000 - 0x000007fefac13000 	C:\Windows\System32\fwpuclnt.dll
0x00000000189b0000 - 0x0000000018a58000 	C:\Users\milwidya\.Xilinx\SDK\2016.2\org.eclipse.osgi\312\0\.cp\swt-win32-4527.dll
0x000007fefdd00000 - 0x000007fefddd8000 	C:\Windows\system32\OLEAUT32.dll
0x000007fefe020000 - 0x000007fefe0b7000 	C:\Windows\system32\comdlg32.dll
0x000007fef6320000 - 0x000007fef6391000 	C:\Windows\system32\WINSPOOL.DRV
0x000007fefe880000 - 0x000007fefeb45000 	C:\Windows\system32\WININET.dll
0x000007fefd730000 - 0x000007fefd734000 	C:\Windows\system32\api-ms-win-downlevel-user32-l1-1-0.dll
0x000007fefd5a0000 - 0x000007fefd5a4000 	C:\Windows\system32\api-ms-win-downlevel-shlwapi-l1-1-0.dll
0x000007fefd720000 - 0x000007fefd724000 	C:\Windows\system32\api-ms-win-downlevel-version-l1-1-0.dll
0x000007fefd6c0000 - 0x000007fefd6c3000 	C:\Windows\system32\api-ms-win-downlevel-normaliz-l1-1-0.dll
0x0000000077860000 - 0x0000000077863000 	C:\Windows\system32\normaliz.DLL
0x000007fefd840000 - 0x000007fefdb09000 	C:\Windows\system32\iertutil.dll
0x000007fefd6d0000 - 0x000007fefd6d5000 	C:\Windows\system32\api-ms-win-downlevel-advapi32-l1-1-0.dll
0x000007fefd400000 - 0x000007fefd56d000 	C:\Windows\system32\CRYPT32.dll
0x000007fefd3e0000 - 0x000007fefd3ef000 	C:\Windows\system32\MSASN1.dll
0x000007fefb760000 - 0x000007fefb88c000 	C:\Windows\system32\propsys.dll
0x000007fefe580000 - 0x000007fefe619000 	C:\Windows\system32\CLBCatQ.DLL
0x00000000003d0000 - 0x00000000003ee000 	C:\Users\milwidya\.Xilinx\SDK\2016.2\org.eclipse.osgi\312\0\.cp\swt-gdip-win32-4527.dll
0x000007fefba70000 - 0x000007fefbc86000 	C:\Windows\WinSxS\amd64_microsoft.windows.gdiplus_6595b64144ccf1df_1.1.7601.23508_none_145555328b95eaaa\gdiplus.dll
0x000007fefb590000 - 0x000007fefb6f1000 	C:\Windows\system32\WindowsCodecs.dll
0x0000000180000000 - 0x0000000180012000 	C:\Users\milwidya\.Xilinx\SDK\2016.2\org.eclipse.osgi\126\0\.cp\os\win32\x86_64\localfile_1_0_0.dll
0x000007fef3e40000 - 0x000007fef3e56000 	C:\Xilinx\SDK\2016.2\eclipse\win64.o\plugins\org.eclipse.cdt.core.win32.x86_64_5.4.0.201509131935\os\win32\x86_64\spawner.dll
0x000007fefd1e0000 - 0x000007fefd237000 	C:\Windows\system32\apphelp.dll
0x000007fef16c0000 - 0x000007fef1714000 	C:\Windows\system32\oleacc.dll
0x000007fef9170000 - 0x000007fef9177000 	C:\Windows\system32\msimg32.dll
0x000007fefd330000 - 0x000007fefd344000 	C:\Windows\system32\RpcRtRemote.dll
0x000007fefb4e0000 - 0x000007fefb4f1000 	C:\Users\milwidya\.Xilinx\SDK\2016.2\org.eclipse.osgi\129\0\.cp\jWinHttp-1.0.0.dll
0x000007fef98b0000 - 0x000007fef9921000 	C:\Windows\system32\WINHTTP.dll
0x000007fef9840000 - 0x000007fef98a4000 	C:\Windows\system32\webio.dll
0x000007fefd1b0000 - 0x000007fefd1d5000 	C:\Windows\system32\SspiCli.dll
0x000007fefc7a0000 - 0x000007fefc7aa000 	C:\Windows\system32\credssp.dll
0x000007fefd6e0000 - 0x000007fefd716000 	C:\Windows\system32\CFGMGR32.dll
0x000007fef4c10000 - 0x000007fef4c1f000 	C:\Xilinx\SDK\2016.2\lib\win64.o\librdi_repo_manager.dll
0x000007fef17f0000 - 0x000007fef181a000 	C:\Xilinx\SDK\2016.2\lib\win64.o\libisl_sysinfo.dll
0x000007feebf40000 - 0x000007feec014000 	C:\Windows\system32\MSVCR110.dll
0x000007feebe60000 - 0x000007feebf07000 	C:\Windows\system32\MSVCP110.dll
0x000007fec2d00000 - 0x000007fec3740000 	C:\Xilinx\SDK\2016.2\lib\win64.o\librdi_common.dll
0x000007fec2990000 - 0x000007fec2cfe000 	C:\Xilinx\SDK\2016.2\lib\win64.o\libCOIN-all.dll
0x000007fec4540000 - 0x000007fec475f000 	C:\Xilinx\SDK\2016.2\lib\win64.o\libXil_lmgr11.dll
0x000007fefb450000 - 0x000007fefb466000 	C:\Windows\system32\NETAPI32.dll
0x000007fefc810000 - 0x000007fefc81c000 	C:\Windows\system32\netutils.dll
0x000007fefce60000 - 0x000007fefce83000 	C:\Windows\system32\srvcli.dll
0x000007fefb430000 - 0x000007fefb445000 	C:\Windows\system32\wkscli.dll
0x000007fefd760000 - 0x000007fefd79b000 	C:\Windows\system32\WINTRUST.dll
0x000007fef8760000 - 0x000007fef8770000 	C:\Xilinx\SDK\2016.2\lib\win64.o\libboost_date_time.dll
0x000007fef17c0000 - 0x000007fef17e4000 	C:\Xilinx\SDK\2016.2\lib\win64.o\libboost_filesystem.dll
0x000007fef3dd0000 - 0x000007fef3dd9000 	C:\Xilinx\SDK\2016.2\lib\win64.o\libboost_system.dll
0x000007fec4ba0000 - 0x000007fec4c17000 	C:\Xilinx\SDK\2016.2\lib\win64.o\libboost_program_options.dll
0x000007fec4070000 - 0x000007fec4176000 	C:\Xilinx\SDK\2016.2\lib\win64.o\libboost_regex.dll
0x000007fef0860000 - 0x000007fef0873000 	C:\Xilinx\SDK\2016.2\lib\win64.o\libboost_signals.dll
0x000007fef0840000 - 0x000007fef085d000 	C:\Xilinx\SDK\2016.2\lib\win64.o\libboost_thread.dll
0x000007fef1830000 - 0x000007fef183b000 	C:\Xilinx\SDK\2016.2\lib\win64.o\libboost_chrono.dll
0x000007fef17b0000 - 0x000007fef17bb000 	C:\Xilinx\SDK\2016.2\lib\win64.o\libboost_xilinx.dll
0x000007fec44c0000 - 0x000007fec4540000 	C:\Xilinx\SDK\2016.2\lib\win64.o\libhdlpsolve.dll
0x000007fec3fd0000 - 0x000007fec406a000 	C:\Xilinx\SDK\2016.2\lib\win64.o\libhdxml.dll
0x000007fec2520000 - 0x000007fec2985e00 	C:\Xilinx\SDK\2016.2\lib\win64.o\libisl_iostreams.dll
0x000007fef0820000 - 0x000007fef0836000 	C:\Xilinx\SDK\2016.2\lib\win64.o\libboost_iostreams.dll
0x000007fec4b70000 - 0x000007fec4b93000 	C:\Xilinx\SDK\2016.2\lib\win64.o\librdizlib.dll
0x000007fec49e0000 - 0x000007fec4a03000 	C:\Xilinx\SDK\2016.2\lib\win64.o\libisl_iosutils.dll
0x000007fef0780000 - 0x000007fef0795000 	C:\Xilinx\SDK\2016.2\lib\win64.o\pthreadVC2.dll
0x000007fec3f70000 - 0x000007fec3fc4000 	C:\Xilinx\SDK\2016.2\lib\win64.o\librdi_commonxillic.dll
0x000007fec23f0000 - 0x000007fec2520000 	C:\Xilinx\SDK\2016.2\lib\win64.o\librdi_curl.dll
0x000007fec4b50000 - 0x000007fec4b68000 	C:\Xilinx\SDK\2016.2\lib\win64.o\librdiconfig.dll
0x0000000070570000 - 0x0000000070697000 	C:\Xilinx\SDK\2016.2\lib\win64.o\tcl85t.dll
0x0000000025ee0000 - 0x0000000026143000 	C:\Xilinx\SDK\2016.2\lib\win64.o\xerces-c_3_1.dll
0x000007fefe270000 - 0x000007fefe3f6000 	C:\Windows\system32\urlmon.dll
0x000007fefd590000 - 0x000007fefd594000 	C:\Windows\system32\api-ms-win-downlevel-ole32-l1-1-0.dll
0x000007fef0420000 - 0x000007fef0443000 	C:\Windows\system32\VCOMP110.DLL
0x000007fec21f0000 - 0x000007fec23e2000 	C:\Xilinx\SDK\2016.2\lib\win64.o\librdi_hsm.dll
0x000007fec4470000 - 0x000007fec44b3000 	C:\Xilinx\SDK\2016.2\lib\win64.o\librdi_hdf.dll
0x000007fec1f60000 - 0x000007fec21e1000 	C:\Xilinx\SDK\2016.2\lib\win64.o\librdi_ippcw.dll
0x0000000071080000 - 0x00000000710a6000 	C:\Xilinx\SDK\2016.2\eclipse\win64.o\plugins\gnu.io.rxtx.win32.x86_64_2.1.7.3_v20071015\os\win32\x86_64\rxtxSerial.dll
0x000007fef3e60000 - 0x000007fef3e6a000 	C:\Xilinx\SDK\2016.2\lib\win64.o\librdi_jtag_settings.dll
0x000007fec16b0000 - 0x000007fec16d9000 	C:\Xilinx\SDK\2016.2\lib\win64.o\librdi_debug_dialog.dll
0x000007fef0e80000 - 0x000007fef0e88000 	C:\Xilinx\SDK\2016.2\lib\win64.o\librdi_target_manager.dll
0x000007feb6de0000 - 0x000007feb75f0000 	C:\Xilinx\SDK\2016.2\lib\win64.o\libXil_lmgr11FNP.dll
0x000007fef5920000 - 0x000007fef592b000 	C:\Windows\system32\snmpapi.dll

VM Arguments:
jvm_args: -Dcom.xilinx.sdk.args.hwspec=W:/temp532/project_1/project_1.sdk/design_1_wrapper.hdf -Xms64m -Xmx512m & 
java_command: <unknown>
java_class_path (initial): C:\Xilinx\SDK\2016.2\eclipse\win64.o\\plugins/org.eclipse.equinox.launcher_1.3.100.v20150511-1540.jar
Launcher Type: generic

Environment Variables:
PATH=C:/Xilinx/SDK/2016.2/tps/win64/jre/bin/server;C:/Xilinx/SDK/2016.2/tps/win64/jre/bin;C:/Xilinx/SDK/2016.2/tps/win64/jre/lib/amd64;C:\Xilinx\SDK\2016.2\gnuwin\bin;C:\Xilinx\SDK\2016.2\gnu\microblaze\nt\bin;C:\Xilinx\SDK\2016.2\gnu\microblaze\linux_toolchain\nt64_le\bin;C:\Xilinx\SDK\2016.2\gnu\microblaze\linux_toolchain\nt64_be\bin;C:\Xilinx\SDK\2016.2\gnu\arm\nt\bin;C:\Xilinx\SDK\2016.2\gnu\aarch64\nt\aarch64-none\bin;C:\Xilinx\SDK\2016.2\gnu\aarch64\nt\aarch64-linux\bin;C:\Xilinx\SDK\2016.2\gnu\armr5\nt\gcc-arm-none-eabi\bin;C:\Xilinx\SDK\2016.2\gnu\aarch32\nt\gcc-arm-none-eabi\bin;C:\Xilinx\SDK\2016.2\gnu\aarch32\nt\gcc-arm-linux-gnueabi\bin;C:\Xilinx\SDK\2016.2\tps\win64\cmake-3.3.2\bin;;C:\Xilinx\SDK\2016.2\bin;C:\Xilinx\SDK\2016.2\lib\win64.o;C:\Xilinx\SDK\2016.2\tps\win64\jre\bin\server;C:\Xilinx\SDK\2016.2\tps\win64\jre\bin;C:\Xilinx\Vivado\2016.2\ids_lite\ISE\bin\nt64;C:\Xilinx\Vivado\2016.2\ids_lite\ISE\lib\nt64;C:\Xilinx\Vivado\2016.2\bin;C:\Xilinx\Vivado\2016.2\lib\win64.o;C:\Xilinx\Vivado\2016.2\tps\win64\jre\bin\server;C:\Xilinx\Vivado\2016.2\tps\win64\jre\bin;C:\Xilinx\Vivado_HLS\2016.2\bin;C:\Windows\system32;C:\Windows;C:\Windows\System32\Wbem;C:\Windows\System32\WindowsPowerShell\v1.0\;C:\Program Files (x86)\Java\jre6\bin;C:\Program Files (x86)\eclipse;C:\altera\16.0\quartus\bin64;c:\altera\16.0\quartus\bin64\jre64\bin;w:\temp532\project_1;
USERNAME=milwidya
OS=Windows_NT
PROCESSOR_IDENTIFIER=Intel64 Family 6 Model 60 Stepping 3, GenuineIntel



---------------  S Y S T E M  ---------------

OS: Windows 7 , 64 bit Build 7601 (6.1.7601.23418)

CPU:total 8 (4 cores per cpu, 2 threads per core) family 6 model 60 stepping 3, cmov, cx8, fxsr, mmx, sse, sse2, sse3, ssse3, sse4.1, sse4.2, popcnt, avx, avx2, aes, clmul, erms, lzcnt, ht, tsc, tscinvbit, bmi1, bmi2

Memory: 4k page, physical 16683160k(11951344k free), swap 33364460k(28333124k free)

vm_info: Java HotSpot(TM) 64-Bit Server VM (25.66-b18) for windows-amd64 JRE (1.8.0_66-b18), built on Nov  9 2015 10:51:13 by "java_re" with MS VC++ 10.0 (VS2010)

time: Thu Mar 30 11:56:37 2017
elapsed time: 396 seconds (0d 0h 6m 36s)

