#
# A fatal error has been detected by the Java Runtime Environment:
#
#  EXCEPTION_ACCESS_VIOLATION (0xc0000005) at pc=0x000007fedc30ebb0, pid=1932, tid=4904
#
# JRE version: Java(TM) SE Runtime Environment (8.0_66-b18) (build 1.8.0_66-b18)
# Java VM: Java HotSpot(TM) 64-Bit Server VM (25.66-b18 mixed mode windows-amd64 compressed oops)
# Problematic frame:
# C  [librdi_filemgmt.dll+0x14ebb0]
#
# Failed to write core dump. Minidumps are not enabled by default on client versions of Windows
#
# If you would like to submit a bug report, please visit:
#   http://bugreport.java.com/bugreport/crash.jsp
# The crash happened outside the Java Virtual Machine in native code.
# See problematic frame for where to report the bug.
#

---------------  T H R E A D  ---------------

Current thread (0x0000000042bd4000):  JavaThread "Code Inspector" [_thread_in_native, id=4904, stack(0x000000004e150000,0x000000004e650000)]

siginfo: ExceptionCode=0xc0000005, reading address 0xffffffffffffffff

Registers:
RAX=0x0000000040874b00, RBX=0x000000004e64d808, RCX=0x00746c7561666564, RDX=0x000000004e64d828
RSP=0x000000004e64d760, RBP=0x0000000007680200, RSI=0x0000000000000000, RDI=0x0000000000000001
R8 =0x000000004e64d838, R9 =0x0000000007680220, R10=0x0000000007680230, R11=0x0000000000000000
R12=0x000000004e64ef00, R13=0x0000000042c20428, R14=0x00000000378302c0, R15=0x000000000000002b
RIP=0x000007fedc30ebb0, EFLAGS=0x0000000000010202

Top of Stack: (sp=0x000000004e64d760)
0x000000004e64d760:   00000000416f4180 000000004f06ea00
0x000000004e64d770:   fffffffffffffffe 0000000000000018
0x000000004e64d780:   0000000007680200 000007fedc3a4048
0x000000004e64d790:   000000004e64d9b0 000000004e64d808
0x000000004e64d7a0:   000000004e64d808 0000000007680200
0x000000004e64d7b0:   fffffffffffffffe 0000000000000000
0x000000004e64d7c0:   0000000000000000 0000000000000000
0x000000004e64d7d0:   0000000007680200 000007fedc3a3d65
0x000000004e64d7e0:   000000004e64d9b0 000000004e64d808
0x000000004e64d7f0:   000000004e64ee90 000000004e64ebb0
0x000000004e64d800:   fffffffffffffffe 000007fedc4e1588
0x000000004e64d810:   0000000047f9f720 0000000047f9f720
0x000000004e64d820:   0000000047f9f728 0000000040874b00
0x000000004e64d830:   0000000000000000 0000000000000000
0x000000004e64d840:   0000000000000000 0000000000000000
0x000000004e64d850:   000000000000003f 0000000000000040 

Instructions: (pc=0x000007fedc30ebb0)
0x000007fedc30eb90:   43 20 48 8b 08 48 89 00 48 8b 43 20 48 89 40 08
0x000007fedc30eba0:   48 89 73 28 48 3b 4b 20 74 17 66 0f 1f 44 00 00
0x000007fedc30ebb0:   48 8b 39 e8 7a 42 0d 00 48 8b cf 48 3b 7b 20 75
0x000007fedc30ebc0:   ef 48 8b 4b 20 e8 68 42 0d 00 48 8b 4b 08 48 85 


Register to memory mapping:

RAX=0x0000000040874b00 is an unknown value
RBX=0x000000004e64d808 is pointing into the stack for thread: 0x0000000042bd4000
RCX=0x00746c7561666564 is an unknown value
RDX=0x000000004e64d828 is pointing into the stack for thread: 0x0000000042bd4000
RSP=0x000000004e64d760 is pointing into the stack for thread: 0x0000000042bd4000
RBP=0x0000000007680200 is an unknown value
RSI=0x0000000000000000 is an unknown value
RDI=0x0000000000000001 is an unknown value
R8 =0x000000004e64d838 is pointing into the stack for thread: 0x0000000042bd4000
R9 =0x0000000007680220 is an unknown value
R10=0x0000000007680230 is an unknown value
R11=0x0000000000000000 is an unknown value
R12=0x000000004e64ef00 is pointing into the stack for thread: 0x0000000042bd4000
R13=0x0000000042c20428 is an unknown value
R14=0x00000000378302c0 is an unknown value
R15=0x000000000000002b is an unknown value


Stack: [0x000000004e150000,0x000000004e650000],  sp=0x000000004e64d760,  free space=5109k
Native frames: (J=compiled Java code, j=interpreted, Vv=VM code, C=native code)
C  [librdi_filemgmt.dll+0x14ebb0]
C  [librdi_filemgmt.dll+0x1e4048]
C  [librdi_filemgmt.dll+0x1e3d65]
C  [librdi_filemgmt.dll+0x21593e]
C  [librdi_filemgmt.dll+0x1e7ca9]
C  [librdi_filemgmt.dll+0x1ddeb0]
C  [librdi_filemgmt.dll+0x1ebd4f]
C  0x0000000012285e34

Java frames: (J=compiled Java code, j=interpreted, Vv=VM code)
j  ui.data.srcscan.srcscani.EditorAssist_refresh(J)V+0
j  ui.data.h.a.refresh(Ljava/lang/String;)V+4
j  ui.views.P.a.at.inspect(Lcom/jidesoft/editor/CodeEditor;Ljavax/swing/event/DocumentEvent;Lcom/jidesoft/marker/MarkerModel;)V+44
j  ui.views.P.a.ad.construct()Ljava/lang/Object;+90
j  ui.frmwork.D.run()V+23
j  java.lang.Thread.run()V+11
v  ~StubRoutines::call_stub

---------------  P R O C E S S  ---------------

Java Threads: ( => current thread )
  0x000000003d5ea800 JavaThread "Image Fetcher 1" daemon [_thread_blocked, id=5012, stack(0x0000000044d30000,0x0000000045230000)]
  0x000000003d5ed000 JavaThread "Image Fetcher 0" daemon [_thread_blocked, id=5008, stack(0x0000000048380000,0x0000000048880000)]
  0x0000000042d83800 JavaThread "Package IP" [_thread_in_native, id=4996, stack(0x0000000052c60000,0x0000000053160000)]
  0x0000000045ae7000 JavaThread "Image Fetcher 3" daemon [_thread_blocked, id=4936, stack(0x0000000053200000,0x0000000053700000)]
  0x0000000040a55800 JavaThread "Image Fetcher 2" daemon [_thread_blocked, id=4928, stack(0x0000000052650000,0x0000000052b50000)]
=>0x0000000042bd4000 JavaThread "Code Inspector" [_thread_in_native, id=4904, stack(0x000000004e150000,0x000000004e650000)]
  0x000000003ba0b000 JavaThread "Monitor File Timestamp" [_thread_blocked, id=4524, stack(0x00000000446a0000,0x0000000044ba0000)]
  0x0000000026a30800 JavaThread "hw_ila_monitor" [_thread_blocked, id=4384, stack(0x0000000036a70000,0x0000000036f70000)]
  0x000000002b3ec000 JavaThread "Update Runs" [_thread_blocked, id=4380, stack(0x0000000036380000,0x0000000036880000)]
  0x000000002a10d800 JavaThread "Refresh Filesets" [_thread_blocked, id=4376, stack(0x0000000026b40000,0x0000000027040000)]
  0x0000000028ebd800 JavaThread "Swing-Shell" daemon [_thread_blocked, id=4212, stack(0x000000002a6a0000,0x000000002aba0000)]
  0x0000000027b33800 JavaThread "Monitor File Timestamp" [_thread_blocked, id=4204, stack(0x00000000298d0000,0x0000000029dd0000)]
  0x0000000024641000 JavaThread "AWT-EventQueue-1" [_thread_in_native, id=4172, stack(0x0000000026290000,0x0000000026790000)]
  0x000000002464f000 JavaThread "Process Messages" [_thread_blocked, id=4168, stack(0x0000000025bf0000,0x00000000260f0000)]
  0x00000000074bb000 JavaThread "Thread-3" [_thread_in_native, id=2760, stack(0x0000000002620000,0x0000000003a20000)]
  0x0000000023587800 JavaThread "AWT-EventQueue-0" [_thread_blocked, id=4164, stack(0x0000000025580000,0x0000000025a80000)]
  0x0000000021f61000 JavaThread "AWT-Windows" daemon [_thread_in_native, id=4156, stack(0x0000000023b80000,0x0000000024080000)]
  0x0000000021f62000 JavaThread "AWT-Shutdown" [_thread_blocked, id=4152, stack(0x0000000023640000,0x0000000023b40000)]
  0x0000000021f63800 JavaThread "Java2D Disposer" daemon [_thread_blocked, id=4148, stack(0x0000000022f90000,0x0000000023490000)]
  0x0000000021ed6000 JavaThread "TimerQueue" daemon [_thread_blocked, id=4144, stack(0x0000000022a20000,0x0000000022f20000)]
  0x000000000a805800 JavaThread "Service Thread" daemon [_thread_blocked, id=4136, stack(0x00000000214b0000,0x00000000219b0000)]
  0x000000000a3c6000 JavaThread "C1 CompilerThread3" daemon [_thread_blocked, id=4132, stack(0x000000000a560000,0x000000000a660000)]
  0x000000000a3c7800 JavaThread "C2 CompilerThread2" daemon [_thread_blocked, id=4128, stack(0x00000000213b0000,0x00000000214b0000)]
  0x000000000a3c9000 JavaThread "C2 CompilerThread1" daemon [_thread_blocked, id=4124, stack(0x0000000021280000,0x0000000021380000)]
  0x000000000a3ca000 JavaThread "C2 CompilerThread0" daemon [_thread_blocked, id=4120, stack(0x000000000a6e0000,0x000000000a7e0000)]
  0x000000000a3cc000 JavaThread "Attach Listener" daemon [_thread_blocked, id=4116, stack(0x0000000011a40000,0x0000000011f40000)]
  0x000000000a3cd800 JavaThread "Signal Dispatcher" daemon [_thread_blocked, id=4112, stack(0x00000000114b0000,0x00000000119b0000)]
  0x0000000008e38800 JavaThread "Finalizer" daemon [_thread_blocked, id=4108, stack(0x0000000010ef0000,0x00000000113f0000)]
  0x0000000008e39800 JavaThread "Reference Handler" daemon [_thread_blocked, id=4104, stack(0x00000000109e0000,0x0000000010ee0000)]
  0x00000000074f5800 JavaThread "main" [_thread_blocked, id=3380, stack(0x00000000076b0000,0x00000000077b0000)]

Other Threads:
  0x0000000008e21000 VMThread [stack: 0x000000000a420000,0x000000000a520000] [id=4100]
  0x000000000a802800 WatcherThread [stack: 0x0000000021bc0000,0x0000000021cc0000] [id=4140]

VM state:not at safepoint (normal execution)

VM Mutex/Monitor currently owned by a thread: None

Heap:
 PSYoungGen      total 48128K, used 43749K [0x00000007bc400000, 0x00000007c0000000, 0x00000007c0000000)
  eden space 34816K, 87% used [0x00000007bc400000,0x00000007be1bae48,0x00000007be600000)
  from space 13312K, 99% used [0x00000007be600000,0x00000007bf2fe740,0x00000007bf300000)
  to   space 13312K, 0% used [0x00000007bf300000,0x00000007bf300000,0x00000007c0000000)
 ParOldGen       total 175104K, used 92918K [0x0000000700000000, 0x000000070ab00000, 0x00000007bc400000)
  object space 175104K, 53% used [0x0000000700000000,0x0000000705abd9a0,0x000000070ab00000)
 Metaspace       used 63015K, capacity 63454K, committed 63872K, reserved 1103872K
  class space    used 9229K, capacity 9325K, committed 9344K, reserved 1048576K

Card table byte_map: [0x0000000007b70000,0x0000000008180000] byte_map_base: 0x0000000004370000

Marking Bits: (ParMarkBitMap*) 0x000000007302a5b0
 Begin Bits: [0x000000000a990000, 0x000000000d990000)
 End Bits:   [0x000000000d990000, 0x0000000010990000)

Polling page: 0x0000000000250000

CodeCache: size=245760Kb used=43038Kb max_used=43776Kb free=202721Kb
 bounds [0x0000000012270000, 0x0000000014dc0000, 0x0000000021270000]
 total_blobs=11943 nmethods=11034 adapters=815
 compilation: enabled

Compilation events (10 events):
Event: 161.362 Thread 0x000000000a3c6000 14277       3       java.awt.event.ComponentAdapter::componentResized (1 bytes)
Event: 161.362 Thread 0x000000000a3c6000 nmethod 14277 0x00000000131aead0 code [0x00000000131aec20, 0x00000000131aed70]
Event: 161.363 Thread 0x000000000a3c6000 14278       3       com.jidesoft.editor.CodeEditorMarginSupport$0::foldingSpanChanged (17 bytes)
Event: 161.363 Thread 0x000000000a3c6000 nmethod 14278 0x000000001473f750 code [0x000000001473f900, 0x000000001473fe08]
Event: 161.391 Thread 0x000000000a3c6000 14281       3       ui.views.P.V::hdQ (59 bytes)
Event: 161.392 Thread 0x000000000a3c6000 nmethod 14281 0x0000000014d488d0 code [0x0000000014d48b20, 0x0000000014d49a78]
Event: 161.404 Thread 0x000000000a3c6000 14282       3       ui.data.experiment.f::R (37 bytes)
Event: 161.405 Thread 0x000000000a3c6000 nmethod 14282 0x0000000014a5d150 code [0x0000000014a5d420, 0x0000000014a5e588]
Event: 161.419 Thread 0x000000000a3ca000 14283       4       java.awt.image.Raster::createPackedRaster (151 bytes)
Event: 161.437 Thread 0x000000000a3ca000 nmethod 14283 0x0000000014018ed0 code [0x00000000140190c0, 0x000000001401a018]

GC Heap History (10 events):
Event: 158.833 GC heap before
{Heap before GC invocations=85 (full 8):
 PSYoungGen      total 48128K, used 4074K [0x00000007bc400000, 0x00000007c0000000, 0x00000007c0000000)
  eden space 35328K, 0% used [0x00000007bc400000,0x00000007bc400000,0x00000007be680000)
  from space 12800K, 31% used [0x00000007be680000,0x00000007bea7a9d0,0x00000007bf300000)
  to   space 12800K, 0% used [0x00000007bf380000,0x00000007bf380000,0x00000007c0000000)
 ParOldGen       total 175104K, used 95454K [0x0000000700000000, 0x000000070ab00000, 0x00000007bc400000)
  object space 175104K, 54% used [0x0000000700000000,0x0000000705d37b50,0x000000070ab00000)
 Metaspace       used 62952K, capacity 63390K, committed 63872K, reserved 1103872K
  class space    used 9220K, capacity 9325K, committed 9344K, reserved 1048576K
Event: 159.029 GC heap after
Heap after GC invocations=85 (full 8):
 PSYoungGen      total 48128K, used 0K [0x00000007bc400000, 0x00000007c0000000, 0x00000007c0000000)
  eden space 35328K, 0% used [0x00000007bc400000,0x00000007bc400000,0x00000007be680000)
  from space 12800K, 0% used [0x00000007be680000,0x00000007be680000,0x00000007bf300000)
  to   space 12800K, 0% used [0x00000007bf380000,0x00000007bf380000,0x00000007c0000000)
 ParOldGen       total 175104K, used 92222K [0x0000000700000000, 0x000000070ab00000, 0x00000007bc400000)
  object space 175104K, 52% used [0x0000000700000000,0x0000000705a0f9a0,0x000000070ab00000)
 Metaspace       used 62952K, capacity 63390K, committed 63872K, reserved 1103872K
  class space    used 9220K, capacity 9325K, committed 9344K, reserved 1048576K
}
Event: 159.230 GC heap before
{Heap before GC invocations=86 (full 8):
 PSYoungGen      total 48128K, used 35328K [0x00000007bc400000, 0x00000007c0000000, 0x00000007c0000000)
  eden space 35328K, 100% used [0x00000007bc400000,0x00000007be680000,0x00000007be680000)
  from space 12800K, 0% used [0x00000007be680000,0x00000007be680000,0x00000007bf300000)
  to   space 12800K, 0% used [0x00000007bf380000,0x00000007bf380000,0x00000007c0000000)
 ParOldGen       total 175104K, used 92222K [0x0000000700000000, 0x000000070ab00000, 0x00000007bc400000)
  object space 175104K, 52% used [0x0000000700000000,0x0000000705a0f9a0,0x000000070ab00000)
 Metaspace       used 62996K, capacity 63390K, committed 63872K, reserved 1103872K
  class space    used 9227K, capacity 9325K, committed 9344K, reserved 1048576K
Event: 159.234 GC heap after
Heap after GC invocations=86 (full 8):
 PSYoungGen      total 49152K, used 3961K [0x00000007bc400000, 0x00000007c0000000, 0x00000007c0000000)
  eden space 36352K, 0% used [0x00000007bc400000,0x00000007bc400000,0x00000007be780000)
  from space 12800K, 30% used [0x00000007bf380000,0x00000007bf75e760,0x00000007c0000000)
  to   space 12288K, 0% used [0x00000007be780000,0x00000007be780000,0x00000007bf380000)
 ParOldGen       total 175104K, used 92222K [0x0000000700000000, 0x000000070ab00000, 0x00000007bc400000)
  object space 175104K, 52% used [0x0000000700000000,0x0000000705a0f9a0,0x000000070ab00000)
 Metaspace       used 62996K, capacity 63390K, committed 63872K, reserved 1103872K
  class space    used 9227K, capacity 9325K, committed 9344K, reserved 1048576K
}
Event: 159.343 GC heap before
{Heap before GC invocations=87 (full 8):
 PSYoungGen      total 49152K, used 40313K [0x00000007bc400000, 0x00000007c0000000, 0x00000007c0000000)
  eden space 36352K, 100% used [0x00000007bc400000,0x00000007be780000,0x00000007be780000)
  from space 12800K, 30% used [0x00000007bf380000,0x00000007bf75e760,0x00000007c0000000)
  to   space 12288K, 0% used [0x00000007be780000,0x00000007be780000,0x00000007bf380000)
 ParOldGen       total 175104K, used 92222K [0x0000000700000000, 0x000000070ab00000, 0x00000007bc400000)
  object space 175104K, 52% used [0x0000000700000000,0x0000000705a0f9a0,0x000000070ab00000)
 Metaspace       used 62997K, capacity 63390K, committed 63872K, reserved 1103872K
  class space    used 9227K, capacity 9325K, committed 9344K, reserved 1048576K
Event: 159.354 GC heap after
Heap after GC invocations=87 (full 8):
 PSYoungGen      total 48640K, used 7897K [0x00000007bc400000, 0x00000007c0000000, 0x00000007c0000000)
  eden space 36352K, 0% used [0x00000007bc400000,0x00000007bc400000,0x00000007be780000)
  from space 12288K, 64% used [0x00000007be780000,0x00000007bef36740,0x00000007bf380000)
  to   space 12800K, 0% used [0x00000007bf380000,0x00000007bf380000,0x00000007c0000000)
 ParOldGen       total 175104K, used 92222K [0x0000000700000000, 0x000000070ab00000, 0x00000007bc400000)
  object space 175104K, 52% used [0x0000000700000000,0x0000000705a0f9a0,0x000000070ab00000)
 Metaspace       used 62997K, capacity 63390K, committed 63872K, reserved 1103872K
  class space    used 9227K, capacity 9325K, committed 9344K, reserved 1048576K
}
Event: 159.538 GC heap before
{Heap before GC invocations=88 (full 8):
 PSYoungGen      total 48640K, used 44249K [0x00000007bc400000, 0x00000007c0000000, 0x00000007c0000000)
  eden space 36352K, 100% used [0x00000007bc400000,0x00000007be780000,0x00000007be780000)
  from space 12288K, 64% used [0x00000007be780000,0x00000007bef36740,0x00000007bf380000)
  to   space 12800K, 0% used [0x00000007bf380000,0x00000007bf380000,0x00000007c0000000)
 ParOldGen       total 175104K, used 92222K [0x0000000700000000, 0x000000070ab00000, 0x00000007bc400000)
  object space 175104K, 52% used [0x0000000700000000,0x0000000705a0f9a0,0x000000070ab00000)
 Metaspace       used 62997K, capacity 63390K, committed 63872K, reserved 1103872K
  class space    used 9227K, capacity 9325K, committed 9344K, reserved 1048576K
Event: 159.547 GC heap after
Heap after GC invocations=88 (full 8):
 PSYoungGen      total 47616K, used 10233K [0x00000007bc400000, 0x00000007c0000000, 0x00000007c0000000)
  eden space 34816K, 0% used [0x00000007bc400000,0x00000007bc400000,0x00000007be600000)
  from space 12800K, 79% used [0x00000007bf380000,0x00000007bfd7e740,0x00000007c0000000)
  to   space 13312K, 0% used [0x00000007be600000,0x00000007be600000,0x00000007bf300000)
 ParOldGen       total 175104K, used 92222K [0x0000000700000000, 0x000000070ab00000, 0x00000007bc400000)
  object space 175104K, 52% used [0x0000000700000000,0x0000000705a0f9a0,0x000000070ab00000)
 Metaspace       used 62997K, capacity 63390K, committed 63872K, reserved 1103872K
  class space    used 9227K, capacity 9325K, committed 9344K, reserved 1048576K
}
Event: 159.702 GC heap before
{Heap before GC invocations=89 (full 8):
 PSYoungGen      total 47616K, used 45049K [0x00000007bc400000, 0x00000007c0000000, 0x00000007c0000000)
  eden space 34816K, 100% used [0x00000007bc400000,0x00000007be600000,0x00000007be600000)
  from space 12800K, 79% used [0x00000007bf380000,0x00000007bfd7e740,0x00000007c0000000)
  to   space 13312K, 0% used [0x00000007be600000,0x00000007be600000,0x00000007bf300000)
 ParOldGen       total 175104K, used 92222K [0x0000000700000000, 0x000000070ab00000, 0x00000007bc400000)
  object space 175104K, 52% used [0x0000000700000000,0x0000000705a0f9a0,0x000000070ab00000)
 Metaspace       used 62999K, capacity 63390K, committed 63872K, reserved 1103872K
  class space    used 9227K, capacity 9325K, committed 9344K, reserved 1048576K
Event: 159.729 GC heap after
Heap after GC invocations=89 (full 8):
 PSYoungGen      total 48128K, used 13305K [0x00000007bc400000, 0x00000007c0000000, 0x00000007c0000000)
  eden space 34816K, 0% used [0x00000007bc400000,0x00000007bc400000,0x00000007be600000)
  from space 13312K, 99% used [0x00000007be600000,0x00000007bf2fe740,0x00000007bf300000)
  to   space 13312K, 0% used [0x00000007bf300000,0x00000007bf300000,0x00000007c0000000)
 ParOldGen       total 175104K, used 92918K [0x0000000700000000, 0x000000070ab00000, 0x00000007bc400000)
  object space 175104K, 53% used [0x0000000700000000,0x0000000705abd9a0,0x000000070ab00000)
 Metaspace       used 62999K, capacity 63390K, committed 63872K, reserved 1103872K
  class space    used 9227K, capacity 9325K, committed 9344K, reserved 1048576K
}

Deoptimization events (10 events):
Event: 158.788 Thread 0x0000000024641000 Uncommon trap: reason=bimorphic action=maybe_recompile pc=0x00000000146fa6e0 method=com.jidesoft.plaf.basic.BasicStyledLabelUI.layoutCompoundLabelImpl(Ljavax/swing/JComponent;Ljava/awt/FontMetrics;Ljava/lang/String;Ljavax/swing/Icon;IIIILjava/awt/RectangleËn»9Ùc@
Event: 158.788 Thread 0x0000000024641000 Uncommon trap: reason=null_check action=make_not_entrant pc=0x000000001280b8f4 method=ui.g.m.at.e([Ljava/awt/Component;)V @ 95
Event: 158.798 Thread 0x0000000024641000 Uncommon trap: reason=class_check action=maybe_recompile pc=0x00000000132a08c8 method=java.awt.Component.removeNotify()V @ 305
Event: 158.798 Thread 0x0000000024641000 Uncommon trap: reason=class_check action=maybe_recompile pc=0x00000000132a08c8 method=java.awt.Component.removeNotify()V @ 305
Event: 158.800 Thread 0x0000000024641000 Uncommon trap: reason=unstable_if action=reinterpret pc=0x000000001358b0e8 method=java.awt.EventQueue.removeSourceEvents(Ljava/lang/Object;Z)V @ 99
Event: 159.032 Thread 0x0000000024641000 Uncommon trap: reason=unstable_if action=reinterpret pc=0x0000000012f7f8b8 method=java.awt.Component.removePropertyChangeListener(Ljava/beans/PropertyChangeListener;)V @ 8
Event: 159.155 Thread 0x0000000024641000 Uncommon trap: reason=class_check action=maybe_recompile pc=0x000000001402d7cc method=javax.swing.text.StyleContext.getFont(Ljava/lang/String;II)Ljava/awt/Font; @ 21
Event: 159.874 Thread 0x0000000024641000 Uncommon trap: reason=bimorphic action=maybe_recompile pc=0x0000000013f42e60 method=java.util.Collections.eq(Ljava/lang/Object;Ljava/lang/Object;)Z @ 18
Event: 159.874 Thread 0x0000000024641000 Uncommon trap: reason=bimorphic action=maybe_recompile pc=0x0000000013f42e60 method=java.util.Collections.eq(Ljava/lang/Object;Ljava/lang/Object;)Z @ 18
Event: 159.874 Thread 0x0000000024641000 Uncommon trap: reason=bimorphic action=maybe_recompile pc=0x0000000013f42e60 method=java.util.Collections.eq(Ljava/lang/Object;Ljava/lang/Object;)Z @ 18

Internal exceptions (10 events):
Event: 157.285 Thread 0x0000000024641000 Exception <a 'de/concept/nlview/NlviewException'> (0x00000007bd923848) thrown at [C:\re\workspace\8-2-build-windows-amd64-cygwin\jdk8u66\5298\hotspot\src\share\vm\prims\jni.cpp, line 709]
Event: 157.285 Thread 0x0000000024641000 Exception <a 'de/concept/nlview/NlviewException'> (0x00000007bd924510) thrown at [C:\re\workspace\8-2-build-windows-amd64-cygwin\jdk8u66\5298\hotspot\src\share\vm\prims\jni.cpp, line 709]
Event: 158.660 Thread 0x0000000042c21000 Exception <a 'java/lang/InterruptedException': sleep interrupted> (0x00000007bc9ca330) thrown at [C:\re\workspace\8-2-build-windows-amd64-cygwin\jdk8u66\5298\hotspot\src\share\vm\prims\jvm.cpp, line 3215]
Event: 158.660 Thread 0x000000003d00f800 Exception <a 'java/lang/InterruptedException': sleep interrupted> (0x00000007bc9ce598) thrown at [C:\re\workspace\8-2-build-windows-amd64-cygwin\jdk8u66\5298\hotspot\src\share\vm\prims\jvm.cpp, line 3215]
Event: 158.660 Thread 0x0000000024641000 Implicit null exception at 0x00000000149c3850 to 0x00000000149c387d
Event: 158.668 Thread 0x0000000024641000 Implicit null exception at 0x00000000131c1250 to 0x00000000131c127d
Event: 158.760 Thread 0x0000000040e01000 Exception <a 'java/lang/InterruptedException': sleep interrupted> (0x00000007bdad5058) thrown at [C:\re\workspace\8-2-build-windows-amd64-cygwin\jdk8u66\5298\hotspot\src\share\vm\prims\jvm.cpp, line 3215]
Event: 158.788 Thread 0x0000000024641000 Implicit null exception at 0x000000001280b1b8 to 0x000000001280b8e9
Event: 158.800 Thread 0x0000000040a57800 Exception <a 'java/lang/InterruptedException': sleep interrupted> (0x00000007bde1eb90) thrown at [C:\re\workspace\8-2-build-windows-amd64-cygwin\jdk8u66\5298\hotspot\src\share\vm\prims\jvm.cpp, line 3215]
Event: 159.031 Thread 0x0000000024641000 Implicit null exception at 0x0000000012f7f4eb to 0x0000000012f7f8a1

Events (10 events):
Event: 161.406 Thread 0x000000000a3c6000 flushing nmethod 0x00000000142cab10
Event: 161.406 Thread 0x000000000a3c6000 flushing nmethod 0x000000001442e850
Event: 161.421 Thread 0x000000003d5ed000 Thread added: 0x000000003d5ed000
Event: 161.421 Thread 0x000000003d5ea800 Thread added: 0x000000003d5ea800
Event: 161.437 Thread 0x000000000a3ca000 flushing nmethod 0x00000000145d1990
Event: 161.437 Thread 0x000000000a3ca000 flushing nmethod 0x0000000014682890
Event: 161.437 Thread 0x000000000a3ca000 flushing nmethod 0x00000000146959d0
Event: 161.438 Thread 0x000000000a3ca000 flushing nmethod 0x00000000146d1d50
Event: 161.438 Thread 0x000000000a3ca000 flushing nmethod 0x00000000146e1a50
Event: 161.438 Thread 0x000000000a3ca000 flushing nmethod 0x000000001472c650


Dynamic libraries:
0x000000013f7f0000 - 0x000000013f820000 	C:\Xilinx\Vivado\2016.2\bin\unwrapped\win64.o\vivado.exe
0x0000000077c70000 - 0x0000000077e1a000 	C:\Windows\SYSTEM32\ntdll.dll
0x0000000077b50000 - 0x0000000077c6f000 	C:\Windows\system32\kernel32.dll
0x000007fefdb80000 - 0x000007fefdbea000 	C:\Windows\system32\KERNELBASE.dll
0x000000000a900000 - 0x000000000a98d000 	C:\Xilinx\Vivado\2016.2\lib\win64.o\SHSMP64.dll
0x0000000077a50000 - 0x0000000077b4a000 	C:\Windows\system32\USER32.dll
0x000007feffcc0000 - 0x000007feffd27000 	C:\Windows\system32\GDI32.dll
0x000007feffb00000 - 0x000007feffb0e000 	C:\Windows\system32\LPK.dll
0x000007feff2f0000 - 0x000007feff3ba000 	C:\Windows\system32\USP10.dll
0x000007feff7e0000 - 0x000007feff87f000 	C:\Windows\system32\msvcrt.dll
0x000007feff6f0000 - 0x000007feff7cb000 	C:\Windows\system32\ADVAPI32.dll
0x000007feff9d0000 - 0x000007feff9ef000 	C:\Windows\SYSTEM32\sechost.dll
0x000007fefeef0000 - 0x000007feff01d000 	C:\Windows\system32\RPCRT4.dll
0x000007fefca40000 - 0x000007fefca4c000 	C:\Windows\system32\VERSION.dll
0x000007fefbab0000 - 0x000007fefbac3000 	C:\Xilinx\Vivado\2016.2\lib\win64.o\libboost_signals.dll
0x000007feec4b0000 - 0x000007feec557000 	C:\Windows\system32\MSVCP110.dll
0x000007feec590000 - 0x000007feec664000 	C:\Windows\system32\MSVCR110.dll
0x000007fee9960000 - 0x000007feea3a0000 	C:\Xilinx\Vivado\2016.2\lib\win64.o\librdi_common.dll
0x000007feeaa70000 - 0x000007feeadde000 	C:\Xilinx\Vivado\2016.2\lib\win64.o\libCOIN-all.dll
0x000007feebbd0000 - 0x000007feebdef000 	C:\Xilinx\Vivado\2016.2\lib\win64.o\libXil_lmgr11.dll
0x000007fefba20000 - 0x000007fefba36000 	C:\Windows\system32\NETAPI32.dll
0x000007fefcde0000 - 0x000007fefcdec000 	C:\Windows\system32\netutils.dll
0x000007fefd3c0000 - 0x000007fefd3e3000 	C:\Windows\system32\srvcli.dll
0x000007fefba00000 - 0x000007fefba15000 	C:\Windows\system32\wkscli.dll
0x000007feffee0000 - 0x000007fefff77000 	C:\Windows\system32\COMDLG32.dll
0x000007feff950000 - 0x000007feff9c1000 	C:\Windows\system32\SHLWAPI.dll
0x000007fef5910000 - 0x000007fef59b0000 	C:\Windows\WinSxS\amd64_microsoft.windows.common-controls_6595b64144ccf1df_5.82.7601.18837_none_a4d981ff711297b6\COMCTL32.dll
0x000007fefdd70000 - 0x000007fefeaf9000 	C:\Windows\system32\SHELL32.dll
0x000007fefb000000 - 0x000007fefb009000 	C:\Windows\system32\WSOCK32.dll
0x000007feff880000 - 0x000007feff8cd000 	C:\Windows\system32\WS2_32.dll
0x000007feff7d0000 - 0x000007feff7d8000 	C:\Windows\system32\NSI.dll
0x000007feffd60000 - 0x000007feffe38000 	C:\Windows\system32\OLEAUT32.dll
0x000007fefece0000 - 0x000007fefeee3000 	C:\Windows\system32\ole32.dll
0x000007fefda00000 - 0x000007fefda3b000 	C:\Windows\system32\WINTRUST.dll
0x000007fefdc00000 - 0x000007fefdd6d000 	C:\Windows\system32\CRYPT32.dll
0x000007fefd9c0000 - 0x000007fefd9cf000 	C:\Windows\system32\MSASN1.dll
0x000007fefbaa0000 - 0x000007fefbab0000 	C:\Xilinx\Vivado\2016.2\lib\win64.o\libboost_date_time.dll
0x000007fefba70000 - 0x000007fefba94000 	C:\Xilinx\Vivado\2016.2\lib\win64.o\libboost_filesystem.dll
0x000007fefba60000 - 0x000007fefba69000 	C:\Xilinx\Vivado\2016.2\lib\win64.o\libboost_system.dll
0x000007fef2a30000 - 0x000007fef2aa7000 	C:\Xilinx\Vivado\2016.2\lib\win64.o\libboost_program_options.dll
0x000007feea960000 - 0x000007feeaa66000 	C:\Xilinx\Vivado\2016.2\lib\win64.o\libboost_regex.dll
0x000007fefb350000 - 0x000007fefb36d000 	C:\Xilinx\Vivado\2016.2\lib\win64.o\libboost_thread.dll
0x000007fefa460000 - 0x000007fefa46b000 	C:\Xilinx\Vivado\2016.2\lib\win64.o\libboost_chrono.dll
0x000007fefb970000 - 0x000007fefb97b000 	C:\Xilinx\Vivado\2016.2\lib\win64.o\libboost_xilinx.dll
0x000007feee550000 - 0x000007feee5d0000 	C:\Xilinx\Vivado\2016.2\lib\win64.o\libhdlpsolve.dll
0x000007feea8c0000 - 0x000007feea95a000 	C:\Xilinx\Vivado\2016.2\lib\win64.o\libhdxml.dll
0x000007feea450000 - 0x000007feea8b5e00 	C:\Xilinx\Vivado\2016.2\lib\win64.o\libisl_iostreams.dll
0x000007fef7960000 - 0x000007fef7976000 	C:\Xilinx\Vivado\2016.2\lib\win64.o\libboost_iostreams.dll
0x000007fef6ea0000 - 0x000007fef6ec3000 	C:\Xilinx\Vivado\2016.2\lib\win64.o\librdizlib.dll
0x000007fef2a00000 - 0x000007fef2a23000 	C:\Xilinx\Vivado\2016.2\lib\win64.o\libisl_iosutils.dll
0x000007fef29d0000 - 0x000007fef29fa000 	C:\Xilinx\Vivado\2016.2\lib\win64.o\libisl_sysinfo.dll
0x0000000072820000 - 0x00000000730a9000 	C:\Xilinx\Vivado\2016.2\tps\win64\jre\bin\server\jvm.dll
0x000007fefa780000 - 0x000007fefa7bb000 	C:\Windows\system32\WINMM.dll
0x0000000077e40000 - 0x0000000077e47000 	C:\Windows\system32\PSAPI.DLL
0x0000000072740000 - 0x0000000072812000 	C:\Windows\system32\MSVCR100.dll
0x000007fef7940000 - 0x000007fef7955000 	C:\Xilinx\Vivado\2016.2\lib\win64.o\pthreadVC2.dll
0x000007feee480000 - 0x000007feee4d4000 	C:\Xilinx\Vivado\2016.2\lib\win64.o\librdi_commonxillic.dll
0x000007fee9830000 - 0x000007fee9960000 	C:\Xilinx\Vivado\2016.2\lib\win64.o\librdi_curl.dll
0x000007fef2710000 - 0x000007fef2728000 	C:\Xilinx\Vivado\2016.2\lib\win64.o\librdiconfig.dll
0x0000000072610000 - 0x0000000072737000 	C:\Xilinx\Vivado\2016.2\lib\win64.o\tcl85t.dll
0x0000000012000000 - 0x0000000012263000 	C:\Xilinx\Vivado\2016.2\lib\win64.o\xerces-c_3_1.dll
0x000007feff020000 - 0x000007feff2e5000 	C:\Windows\system32\WININET.dll
0x000007fefd9d0000 - 0x000007fefd9d4000 	C:\Windows\system32\api-ms-win-downlevel-user32-l1-1-0.dll
0x000007fefda50000 - 0x000007fefda54000 	C:\Windows\system32\api-ms-win-downlevel-shlwapi-l1-1-0.dll
0x000007fefda40000 - 0x000007fefda44000 	C:\Windows\system32\api-ms-win-downlevel-version-l1-1-0.dll
0x000007fefd9f0000 - 0x000007fefd9f3000 	C:\Windows\system32\api-ms-win-downlevel-normaliz-l1-1-0.dll
0x0000000077e30000 - 0x0000000077e33000 	C:\Windows\system32\normaliz.DLL
0x000007feff3c0000 - 0x000007feff689000 	C:\Windows\system32\iertutil.dll
0x000007fefd9e0000 - 0x000007fefd9e5000 	C:\Windows\system32\api-ms-win-downlevel-advapi32-l1-1-0.dll
0x000007fefda80000 - 0x000007fefda9e000 	C:\Windows\system32\USERENV.dll
0x000007fefd9b0000 - 0x000007fefd9bf000 	C:\Windows\system32\profapi.dll
0x000007fef9540000 - 0x000007fef95b1000 	C:\Windows\system32\WINHTTP.dll
0x000007fef94d0000 - 0x000007fef9534000 	C:\Windows\system32\webio.dll
0x000007feffb30000 - 0x000007feffcb6000 	C:\Windows\system32\urlmon.dll
0x000007fefdbf0000 - 0x000007fefdbf4000 	C:\Windows\system32\api-ms-win-downlevel-ole32-l1-1-0.dll
0x000007fef20b0000 - 0x000007fef20d3000 	C:\Windows\system32\VCOMP110.DLL
0x000007fef2090000 - 0x000007fef20a1000 	C:\Xilinx\Vivado\2016.2\lib\win64.o\librdi_commonmain.dll
0x000007fefa3d0000 - 0x000007fefa3d9000 	C:\Xilinx\Vivado\2016.2\lib\win64.o\librdi_commonversion.dll
0x000007feffd30000 - 0x000007feffd5e000 	C:\Windows\system32\IMM32.DLL
0x000007feff9f0000 - 0x000007feffaf9000 	C:\Windows\system32\MSCTF.dll
0x000007fee9410000 - 0x000007fee982e000 	C:\Xilinx\Vivado\2016.2\lib\win64.o\librdi_commontasks.dll
0x000007fee77b0000 - 0x000007fee9406000 	C:\Xilinx\Vivado\2016.2\lib\win64.o\librdi_tcltasks.dll
0x000007fee7530000 - 0x000007fee77a7000 	C:\Xilinx\Vivado\2016.2\lib\win64.o\librdi_bitstream.dll
0x000007fede660000 - 0x000007fee7521000 	C:\Xilinx\Vivado\2016.2\lib\win64.o\librdi_device.dll
0x000007feee430000 - 0x000007feee477000 	C:\Xilinx\Vivado\2016.2\lib\win64.o\libboost_serialization.dll
0x000007feddce0000 - 0x000007fede65f000 	C:\Xilinx\Vivado\2016.2\lib\win64.o\libverific.dll
0x000007feddba0000 - 0x000007feddcdf000 	C:\Xilinx\Vivado\2016.2\lib\win64.o\librdi_board.dll
0x000007feeae70000 - 0x000007feeaecd000 	C:\Xilinx\Vivado\2016.2\lib\win64.o\librdi_boarddep.dll
0x000007fedd980000 - 0x000007feddb91000 	C:\Xilinx\Vivado\2016.2\lib\win64.o\librdi_chipscope.dll
0x000007feea3e0000 - 0x000007feea443000 	C:\Xilinx\Vivado\2016.2\lib\win64.o\liblmx6.0.dll
0x000007fedc710000 - 0x000007fedd97b000 	C:\Xilinx\Vivado\2016.2\lib\win64.o\librdi_constraints.dll
0x000007fedc1c0000 - 0x000007fedc70a000 	C:\Xilinx\Vivado\2016.2\lib\win64.o\librdi_filemgmt.dll
0x000007fedbfd0000 - 0x000007fedc1c0000 	C:\Xilinx\Vivado\2016.2\lib\win64.o\librdi_sio.dll
0x000007fefa340000 - 0x000007fefa367000 	C:\Windows\system32\IPHLPAPI.DLL
0x000007fefa330000 - 0x000007fefa33b000 	C:\Windows\system32\WINNSI.DLL
0x000007fedbb90000 - 0x000007fedbfc4000 	C:\Xilinx\Vivado\2016.2\lib\win64.o\librdi_netlist.dll
0x000007fedb6b0000 - 0x000007fedbb81000 	C:\Xilinx\Vivado\2016.2\lib\win64.o\librdi_psta.dll
0x000007fed8ba0000 - 0x000007fedb6a3000 	C:\Xilinx\Vivado\2016.2\lib\win64.o\librdi_coregen.dll
0x000007fed84e0000 - 0x000007fed8b93000 	C:\Xilinx\Vivado\2016.2\lib\win64.o\librdi_coregenipxact.dll
0x000007fed4c70000 - 0x000007fed84d7000 	C:\Xilinx\Vivado\2016.2\lib\win64.o\librdi_designutils.dll
0x000007fed4730000 - 0x000007fed4c70000 	C:\Xilinx\Vivado\2016.2\lib\win64.o\librdi_xdm.dll
0x000007fed41a0000 - 0x000007fed472d000 	C:\Xilinx\Vivado\2016.2\lib\win64.o\librdi_memdata.dll
0x000007fed3c90000 - 0x000007fed4193000 	C:\Xilinx\Vivado\2016.2\lib\win64.o\librdi_drc.dll
0x000007fed3200000 - 0x000007fed3c8e000 	C:\Xilinx\Vivado\2016.2\lib\win64.o\librdi_timing.dll
0x000007fed2fe0000 - 0x000007fed3200000 	C:\Xilinx\Vivado\2016.2\lib\win64.o\librdi_dlyest.dll
0x000007fed2f40000 - 0x000007fed2fd7000 	C:\Xilinx\Vivado\2016.2\lib\win64.o\libise.dll
0x000007feee510000 - 0x000007feee54b000 	C:\Xilinx\Vivado\2016.2\lib\win64.o\librdi_pfi.dll
0x000007feebee0000 - 0x000007feebf23000 	C:\Xilinx\Vivado\2016.2\lib\win64.o\librdi_hdf.dll
0x000007fed2d40000 - 0x000007fed2f32000 	C:\Xilinx\Vivado\2016.2\lib\win64.o\librdi_hsm.dll
0x000007fed2ab0000 - 0x000007fed2d31000 	C:\Xilinx\Vivado\2016.2\lib\win64.o\librdi_ippcw.dll
0x000007fed29c0000 - 0x000007fed2aa3000 	C:\Xilinx\Vivado\2016.2\lib\win64.o\librdi_containers.dll
0x000007fed2900000 - 0x000007fed29c0000 	C:\Xilinx\Vivado\2016.2\lib\win64.o\librdi_dsp.dll
0x000007fed2780000 - 0x000007fed28fd000 	C:\Xilinx\Vivado\2016.2\lib\win64.o\librdi_simdata.dll
0x000007fed23d0000 - 0x000007fed2771000 	C:\Xilinx\Vivado\2016.2\lib\win64.o\librdi_wavedata.dll
0x000007fed2350000 - 0x000007fed23cf000 	C:\Xilinx\Vivado\2016.2\lib\win64.o\librdi_simbridge_kernel.dll
0x000007feee3f0000 - 0x000007feee42a000 	C:\Xilinx\Vivado\2016.2\lib\win64.o\librdi_wavedata_SimpleApi.dll
0x000007fed2110000 - 0x000007fed2350000 	C:\Xilinx\Vivado\2016.2\lib\win64.o\librdi_guitools.dll
0x000007fed0770000 - 0x000007fed210e000 	C:\Xilinx\Vivado\2016.2\lib\win64.o\librdi_place.dll
0x000007fed01b0000 - 0x000007fed076c000 	C:\Xilinx\Vivado\2016.2\lib\win64.o\librdi_abc_nomp.dll
0x000007feeec60000 - 0x000007feeec79000 	C:\Xilinx\Vivado\2016.2\lib\win64.o\librdi_hmetis.dll
0x000007fece970000 - 0x000007fed01a1000 	C:\Xilinx\Vivado\2016.2\lib\win64.o\librdi_mig.dll
0x000007fece3b0000 - 0x000007fece968000 	C:\Xilinx\Vivado\2016.2\lib\win64.o\librdi_power.dll
0x000007fecd770000 - 0x000007fece3a6000 	C:\Xilinx\Vivado\2016.2\lib\win64.o\librdi_route.dll
0x000007fecd2f0000 - 0x000007fecd76d000 	C:\Xilinx\Vivado\2016.2\lib\win64.o\librdi_project.dll
0x000007feccc50000 - 0x000007fecd2e4000 	C:\Xilinx\Vivado\2016.2\lib\win64.o\librdi_labtools.dll
0x000007feebe70000 - 0x000007feebe98000 	C:\Xilinx\Vivado\2016.2\lib\win64.o\librdi_commoncwebtalk.dll
0x000007feeb990000 - 0x000007feeb9ba000 	C:\Xilinx\Vivado\2016.2\lib\win64.o\librdi_hcp.dll
0x000007fecc9e0000 - 0x000007feccc47000 	C:\Xilinx\Vivado\2016.2\lib\win64.o\librdi_xicom_hw.dll

VM Arguments:
jvm_args: -Dsun.java2d.pmoffscreen=false -Dsun.java2d.d3d=false -Dsun.awt.nopixfmt=true -Xverify:none -Dswing.aatext=true -XX:-UsePerfData -Djdk.map.althashing.threshold=512 -XX:StringTableSize=4072 -XX:NewSize=60m -XX:MaxNewSize=60m -Xms128m -Xmx3072m -Xss5m 
java_command: <unknown>
java_class_path (initial): C:/Xilinx/Vivado/2016.2\lib\classes\alloy.jar;C:/Xilinx/Vivado/2016.2\lib\classes\batik-anim.jar;C:/Xilinx/Vivado/2016.2\lib\classes\batik-awt-util.jar;C:/Xilinx/Vivado/2016.2\lib\classes\batik-bridge.jar;C:/Xilinx/Vivado/2016.2\lib\classes\batik-codec.jar;C:/Xilinx/Vivado/2016.2\lib\classes\batik-css.jar;C:/Xilinx/Vivado/2016.2\lib\classes\batik-dom.jar;C:/Xilinx/Vivado/2016.2\lib\classes\batik-ext.jar;C:/Xilinx/Vivado/2016.2\lib\classes\batik-gui-util.jar;C:/Xilinx/Vivado/2016.2\lib\classes\batik-gvt.jar;C:/Xilinx/Vivado/2016.2\lib\classes\batik-parser.jar;C:/Xilinx/Vivado/2016.2\lib\classes\batik-script.jar;C:/Xilinx/Vivado/2016.2\lib\classes\batik-svg-dom.jar;C:/Xilinx/Vivado/2016.2\lib\classes\batik-swing.jar;C:/Xilinx/Vivado/2016.2\lib\classes\batik-transcoder.jar;C:/Xilinx/Vivado/2016.2\lib\classes\batik-util.jar;C:/Xilinx/Vivado/2016.2\lib\classes\batik-xml.jar;C:/Xilinx/Vivado/2016.2\lib\classes\commons-math-2.2.jar;C:/Xilinx/Vivado/2016.2\lib\classes\dom4j-1.6.1.jar;C:/Xilinx/Vivado/2016.2\lib\classes\forms.jar;C:/Xilinx/Vivado/2016.2\lib\classes\guava-18.0.jar;C:/Xilinx/Vivado/2016.2\lib\classes\help.jar;C:/Xilinx/Vivado/2016.2\lib\classes\hsqldb.jar;C:/Xilinx/Vivado/2016.2\lib\classes\jh.jar;C:/Xilinx/Vivado/2016.2\lib\classes\jide-action.jar;C:/Xilinx/Vivado/2016.2\lib\classes\jide-charts.jar;C:/Xilinx/Vivado/2016.2\lib\classes\jide-common.jar;C:/Xilinx/Vivado/2016.2\lib\classes\jide-components.jar;C:/Xilinx/Vivado/2016.2\lib\classes\jide-dashboard.jar;C:/Xilinx/Vivado/2016.2\lib\classes\jide-data.jar;C:/Xilinx/Vivado/2016.2\lib\classes\jide-dialogs.jar;C:/Xilinx/Vivado/2016.2\lib\classes\jide-diff.jar;C:/Xilinx/Vivado/2016.2\lib\classes\jide-dock.jar;C:/Xilinx/Vivado/2016.2\lib\classes\jide-editor.jar;C:/Xilinx/Vivado/2016.2\lib\classes\jide-gantt.jar;C:/Xilinx/Vivado/2016.2\lib\classes\jide-grids.jar;C:/Xilinx/Vivado/2016.2\lib\classes\jide-pivot.jar;C:/Xilinx/Vivado/2016.2\lib\classes\jide-plaf-jdk7.jar;C:/Xilinx/Vivado/2
Launcher Type: generic

Environment Variables:
PATH=C:/Xilinx/Vivado/2016.2/bin;C:/Xilinx/Vivado/2016.2/lib/win64.o;C:/Xilinx/Vivado/2016.2/tps/win64/jre/bin/server;C:/Xilinx/Vivado/2016.2/tps/win64/jre/bin;C:/Xilinx/SDK/2016.2/bin;C:/Xilinx/Vivado/2016.2/ids_lite/ISE/bin/nt64;C:/Xilinx/Vivado/2016.2/ids_lite/ISE/lib/nt64;C:/Xilinx/Vivado_HLS/2016.2/bin;C:\Windows\system32;C:\Windows;C:\Windows\System32\Wbem;C:\Windows\System32\WindowsPowerShell\v1.0\;C:\Program Files (x86)\Java\jre6\bin;C:\Program Files (x86)\eclipse;C:\altera\16.0\quartus\bin64;c:\altera\16.0\quartus\bin64\jre64\bin
USERNAME=milwidya
OS=Windows_NT
PROCESSOR_IDENTIFIER=Intel64 Family 6 Model 60 Stepping 3, GenuineIntel



---------------  S Y S T E M  ---------------

OS: Windows 7 , 64 bit Build 7601 (6.1.7601.23418)

CPU:total 8 (4 cores per cpu, 2 threads per core) family 6 model 60 stepping 3, cmov, cx8, fxsr, mmx, sse, sse2, sse3, ssse3, sse4.1, sse4.2, popcnt, avx, avx2, aes, clmul, erms, lzcnt, ht, tsc, tscinvbit, bmi1, bmi2

Memory: 4k page, physical 16683160k(11590168k free), swap 33364460k(27661220k free)

vm_info: Java HotSpot(TM) 64-Bit Server VM (25.66-b18) for windows-amd64 JRE (1.8.0_66-b18), built on Nov  9 2015 10:51:13 by "java_re" with MS VC++ 10.0 (VS2010)

time: Wed Mar 22 10:47:30 2017
elapsed time: 161 seconds (0d 0h 2m 41s)

