#
# A fatal error has been detected by the Java Runtime Environment:
#
#  EXCEPTION_UNCAUGHT_CXX_EXCEPTION (0xe06d7363) at pc=0x000007fefdaea06d, pid=3844, tid=2920
#
# JRE version: Java(TM) SE Runtime Environment (8.0_66-b18) (build 1.8.0_66-b18)
# Java VM: Java HotSpot(TM) 64-Bit Server VM (25.66-b18 mixed mode windows-amd64 compressed oops)
# Problematic frame:
# C  [KERNELBASE.dll+0x1a06d]
#
# Failed to write core dump. Minidumps are not enabled by default on client versions of Windows
#
# If you would like to submit a bug report, please visit:
#   http://bugreport.java.com/bugreport/crash.jsp
#

---------------  T H R E A D  ---------------

Current thread (0x0000000014f12800):  VMThread [stack: 0x0000000015e60000,0x0000000015f60000] [id=2920]

siginfo: ExceptionCode=0xe06d7363, ExceptionInformation=0x0000000019930520 0x0000000015f5f4c8 0x000007feec702cb8 0x000007feec650000 

Registers:
RAX=0x000000006123f4f5, RBX=0x000007feec702cb8, RCX=0x0000000015f5ed10, RDX=0x00000000000000d0
RSP=0x0000000015f5f320, RBP=0x0000000015f5f450, RSI=0x00000000ffffffff, RDI=0x0000000017507b30
R8 =0x0000000000000000, R9 =0x0000000000000000, R10=0x000007feec650000, R11=0x0000000015f5f360
R12=0x0000000000000001, R13=0x0000000000000008, R14=0x0000000000000000, R15=0xffffffffffffffff
RIP=0x000007fefdaea06d, EFLAGS=0x0000000000000206

Top of Stack: (sp=0x0000000015f5f320)
0x0000000015f5f320:   000007feec702cb8 00000000ffffffff
0x0000000015f5f330:   0000000017507b30 00000000006c91f0
0x0000000015f5f340:   00000001e06d7363 0000000000000000
0x0000000015f5f350:   000007fefdaea06d 000007fe00000004
0x0000000015f5f360:   0000000019930520 0000000015f5f4c8
0x0000000015f5f370:   000007feec702cb8 000007feec650000
0x0000000015f5f380:   0000000000000000 0000000015f5f408
0x0000000015f5f390:   0000000000000028 0000000017507b20
0x0000000015f5f3a0:   00000000006e53a0 0000000000000000
0x0000000015f5f3b0:   000007fffffa6000 0000000077cdf2d3
0x0000000015f5f3c0:   0000000000000000 0000000000000008
0x0000000015f5f3d0:   0000000000000001 0000000017507b30
0x0000000015f5f3e0:   00000000ffffffff 000007feec6ae92c
0x0000000015f5f3f0:   000007feec702cb8 0000000015f5f460
0x0000000015f5f400:   0000000000000001 000007feec6500f8
0x0000000015f5f410:   00000001e06d7363 0000000000000000 

Instructions: (pc=0x000007fefdaea06d)
0x000007fefdaea04d:   54 24 24 48 89 4c 24 28 4d 85 c9 0f 85 6a 03 00
0x000007fefdaea05d:   00 89 4c 24 38 48 8d 4c 24 20 ff 15 33 02 03 00
0x000007fefdaea06d:   48 81 c4 c8 00 00 00 c3 90 90 90 90 90 90 90 90
0x000007fefdaea07d:   90 90 90 48 83 ec 28 65 48 8b 04 25 30 00 00 00 


Register to memory mapping:

RAX=0x000000006123f4f5 is an unknown value
RBX=0x000007feec702cb8 is an unknown value
RCX=0x0000000015f5ed10 is an unknown value
RDX=0x00000000000000d0 is an unknown value
RSP=0x0000000015f5f320 is an unknown value
RBP=0x0000000015f5f450 is an unknown value
RSI=0x00000000ffffffff is an unallocated location in the heap
RDI=0x0000000017507b30 is an unknown value
R8 =0x0000000000000000 is an unknown value
R9 =0x0000000000000000 is an unknown value
R10=0x000007feec650000 is an unknown value
R11=0x0000000015f5f360 is an unknown value
R12=0x0000000000000001 is an unknown value
R13=0x0000000000000008 is an unknown value
R14=0x0000000000000000 is an unknown value
R15=0xffffffffffffffff is an unknown value


Stack: [0x0000000015e60000,0x0000000015f60000],  sp=0x0000000015f5f320,  free space=1020k
Native frames: (J=compiled Java code, j=interpreted, Vv=VM code, C=native code)
C  [KERNELBASE.dll+0x1a06d]
C  [MSVCR110.dll+0x5e92c]
C  [MSVCR110.dll+0x1315c]
C  [MSVCR110.dll+0x136a9]
C  [MSVCR110.dll+0x13e9c]
C  [MSVCR110.dll+0x239e]
C  [MSVCR110.dll+0xaf9e]
C  [MSVCP110.dll+0x397b9]
C  [librdi_common.dll+0x182316]
C  [librdi_common.dll+0x180fab]
C  [librdi_target_manager.dll+0x2400]
C  [librdi_target_manager.dll+0x2682]
C  [ntdll.dll+0x229b1]
C  [ntdll.dll+0x227c0]
C  [MSVCR100.dll+0x20ccd]
V  [jvm.dll+0x210cc5]
V  [jvm.dll+0x249897]
V  [jvm.dll+0x248b36]
V  [jvm.dll+0x248fd1]
V  [jvm.dll+0x2491ee]
V  [jvm.dll+0x29a0fa]
C  [MSVCR100.dll+0x21d9f]
C  [MSVCR100.dll+0x21e3b]
C  [kernel32.dll+0x159bd]
C  [ntdll.dll+0x2a2e1]

VM_Operation (0x000000000012f4c0): Exit, mode: safepoint, requested by thread 0x0000000002548000


---------------  P R O C E S S  ---------------

Java Threads: ( => current thread )
  0x0000000018112800 JavaThread "pool-2-thread-10" [_thread_blocked, id=4240, stack(0x000000002acd0000,0x000000002add0000)]
  0x0000000018113800 JavaThread "pool-2-thread-9" [_thread_blocked, id=4272, stack(0x000000002a9d0000,0x000000002aad0000)]
  0x0000000019093000 JavaThread "pool-2-thread-8" [_thread_blocked, id=4812, stack(0x00000000298a0000,0x00000000299a0000)]
  0x0000000018110000 JavaThread "pool-2-thread-7" [_thread_blocked, id=4996, stack(0x000000002a8d0000,0x000000002a9d0000)]
  0x000000001810e000 JavaThread "pool-2-thread-6" [_thread_blocked, id=4276, stack(0x000000002a310000,0x000000002a410000)]
  0x00000000150c8000 JavaThread "pool-2-thread-5" [_thread_blocked, id=4608, stack(0x000000002a210000,0x000000002a310000)]
  0x00000000150c6800 JavaThread "pool-2-thread-4" [_thread_blocked, id=4368, stack(0x0000000028cf0000,0x0000000028df0000)]
  0x0000000018f56000 JavaThread "pool-2-thread-3" [_thread_blocked, id=4928, stack(0x0000000027730000,0x0000000027830000)]
  0x000000001908e800 JavaThread "pool-2-thread-2" [_thread_blocked, id=1568, stack(0x0000000028730000,0x0000000028830000)]
  0x0000000018f54000 JavaThread "pool-2-thread-1" [_thread_blocked, id=4028, stack(0x0000000028530000,0x0000000028630000)]
  0x0000000018f52800 JavaThread "Thread-35" daemon [_thread_blocked, id=1596, stack(0x0000000028130000,0x0000000028230000)]
  0x000000001510b800 JavaThread "TCF Channel Transmitter" daemon [_thread_blocked, id=3964, stack(0x00000000261d0000,0x00000000262d0000)]
  0x000000001510c800 JavaThread "TCF Channel Receiver" daemon [_thread_in_native, id=2996, stack(0x00000000260d0000,0x00000000261d0000)]
  0x000000001510a000 JavaThread "Process monitor" daemon [_thread_in_native, id=3896, stack(0x0000000024650000,0x0000000024750000)]
  0x0000000015109800 JavaThread "Input Stream Monitor" daemon [_thread_blocked, id=3720, stack(0x0000000024550000,0x0000000024650000)]
  0x0000000015108000 JavaThread "Output Stream Monitor" daemon [_thread_in_native, id=2676, stack(0x00000000239b0000,0x0000000023ab0000)]
  0x00000000188ff000 JavaThread "Output Stream Monitor" daemon [_thread_in_native, id=4064, stack(0x0000000023590000,0x0000000023690000)]
  0x00000000188fe000 JavaThread "TCF Locator DNS Lookup" daemon [_thread_blocked, id=1548, stack(0x0000000022370000,0x0000000022470000)]
  0x00000000188fd800 JavaThread "TCF Locator Timer" daemon [_thread_blocked, id=1776, stack(0x0000000022270000,0x0000000022370000)]
  0x00000000188fc800 JavaThread "TCF Locator Receiver" daemon [_thread_blocked, id=3584, stack(0x0000000022120000,0x0000000022220000)]
  0x00000000188fb000 JavaThread "TCF Timer Dispatcher" daemon [_thread_blocked, id=3804, stack(0x0000000021e30000,0x0000000021f30000)]
  0x00000000188f5000 JavaThread "EMF Reference Cleaner" daemon [_thread_blocked, id=3588, stack(0x000000001d730000,0x000000001d830000)]
  0x0000000014fca800 JavaThread "Service Thread" daemon [_thread_blocked, id=3688, stack(0x0000000016820000,0x0000000016920000)]
  0x0000000013daf000 JavaThread "C1 CompilerThread3" daemon [_thread_blocked, id=3048, stack(0x0000000016720000,0x0000000016820000)]
  0x0000000013dae800 JavaThread "C2 CompilerThread2" daemon [_thread_blocked, id=3340, stack(0x0000000016620000,0x0000000016720000)]
  0x0000000013dab000 JavaThread "C2 CompilerThread1" daemon [_thread_blocked, id=3704, stack(0x0000000016520000,0x0000000016620000)]
  0x0000000014f67000 JavaThread "C2 CompilerThread0" daemon [_thread_blocked, id=2476, stack(0x0000000016420000,0x0000000016520000)]
  0x0000000014f5f800 JavaThread "Attach Listener" daemon [_thread_blocked, id=828, stack(0x0000000016320000,0x0000000016420000)]
  0x0000000014f70000 JavaThread "Signal Dispatcher" daemon [_thread_blocked, id=2748, stack(0x0000000016220000,0x0000000016320000)]
  0x0000000013d9c000 JavaThread "Finalizer" daemon [_thread_blocked, id=220, stack(0x0000000016060000,0x0000000016160000)]
  0x0000000013d95000 JavaThread "Reference Handler" daemon [_thread_blocked, id=3180, stack(0x0000000015f60000,0x0000000016060000)]
  0x0000000002548000 JavaThread "main" [_thread_blocked, id=1624, stack(0x0000000000030000,0x0000000000130000)]

Other Threads:
=>0x0000000014f12800 VMThread [stack: 0x0000000015e60000,0x0000000015f60000] [id=2920]

VM state:at safepoint (shutting down)

VM Mutex/Monitor currently owned by a thread:  ([mutex/lock_event])
[0x00000000003ae3b0] Threads_lock - owner thread: 0x0000000014f12800

Heap:
 PSYoungGen      total 100864K, used 74435K [0x00000000f5580000, 0x00000000fbf80000, 0x0000000100000000)
  eden space 93184K, 74% used [0x00000000f5580000,0x00000000f99aa218,0x00000000fb080000)
  from space 7680K, 60% used [0x00000000fb800000,0x00000000fbc86b90,0x00000000fbf80000)
  to   space 7680K, 0% used [0x00000000fb080000,0x00000000fb080000,0x00000000fb800000)
 ParOldGen       total 126976K, used 86696K [0x00000000e0000000, 0x00000000e7c00000, 0x00000000f5580000)
  object space 126976K, 68% used [0x00000000e0000000,0x00000000e54aa130,0x00000000e7c00000)
 Metaspace       used 95214K, capacity 102878K, committed 103000K, reserved 1138688K
  class space    used 11026K, capacity 13409K, committed 13440K, reserved 1048576K

Card table byte_map: [0x00000000119a0000,0x0000000011ab0000] byte_map_base: 0x00000000112a0000

Marking Bits: (ParMarkBitMap*) 0x00000000717ea5b0
 Begin Bits: [0x00000000122b0000, 0x0000000012ab0000)
 End Bits:   [0x0000000012ab0000, 0x00000000132b0000)

Polling page: 0x0000000000320000

CodeCache: size=245760Kb used=57958Kb max_used=58433Kb free=187801Kb
 bounds [0x00000000025e0000, 0x0000000005f60000, 0x00000000115e0000]
 total_blobs=15774 nmethods=14860 adapters=820
 compilation: enabled

Compilation events (10 events):
Event: 1027.694 Thread 0x0000000013daf000 nmethod 19611 0x0000000002f94750 code [0x0000000002f948c0, 0x0000000002f94d90]
Event: 1027.695 Thread 0x0000000013daf000 19612   !   3       org.eclipse.osgi.container.ModuleDatabase::getRevisionsTimestamp (25 bytes)
Event: 1027.696 Thread 0x0000000013daf000 nmethod 19612 0x0000000003057c50 code [0x0000000003057e60, 0x0000000003058b98]
Event: 1027.696 Thread 0x0000000013daf000 19613       3       org.eclipse.osgi.container.Module::holdsTransitionEventLock (25 bytes)
Event: 1027.697 Thread 0x0000000013daf000 nmethod 19613 0x0000000002cef850 code [0x0000000002cef9e0, 0x0000000002cf0108]
Event: 1027.698 Thread 0x0000000013daf000 19614   !   3       org.eclipse.osgi.storage.BundleInfo$Generation::clearManifestCache (30 bytes)
Event: 1027.698 Thread 0x0000000013daf000 nmethod 19614 0x0000000004f483d0 code [0x0000000004f48560, 0x0000000004f48ba8]
Event: 1027.699 Thread 0x0000000013daf000 19615   !   3       org.eclipse.osgi.storage.ManifestLocalization::clearCache (28 bytes)
Event: 1027.699 Thread 0x0000000013daf000 nmethod 19615 0x0000000002f7f610 code [0x0000000002f7f780, 0x0000000002f7fb68]
Event: 1027.699 Thread 0x0000000014f67000 nmethod 19607 0x0000000004aa9210 code [0x0000000004aa9420, 0x0000000004aaa450]

GC Heap History (10 events):
Event: 968.969 GC heap before
{Heap before GC invocations=180 (full 6):
 PSYoungGen      total 99328K, used 98163K [0x00000000f5580000, 0x00000000fbf80000, 0x0000000100000000)
  eden space 91648K, 100% used [0x00000000f5580000,0x00000000faf00000,0x00000000faf00000)
  from space 7680K, 84% used [0x00000000faf00000,0x00000000fb55cd08,0x00000000fb680000)
  to   space 8192K, 0% used [0x00000000fb780000,0x00000000fb780000,0x00000000fbf80000)
 ParOldGen       total 126976K, used 85302K [0x00000000e0000000, 0x00000000e7c00000, 0x00000000f5580000)
  object space 126976K, 67% used [0x00000000e0000000,0x00000000e534d910,0x00000000e7c00000)
 Metaspace       used 94083K, capacity 101512K, committed 101848K, reserved 1138688K
  class space    used 10906K, capacity 13214K, committed 13312K, reserved 1048576K
Event: 968.973 GC heap after
Heap after GC invocations=180 (full 6):
 PSYoungGen      total 100352K, used 5812K [0x00000000f5580000, 0x00000000fbf80000, 0x0000000100000000)
  eden space 92160K, 0% used [0x00000000f5580000,0x00000000f5580000,0x00000000faf80000)
  from space 8192K, 70% used [0x00000000fb780000,0x00000000fbd2d318,0x00000000fbf80000)
  to   space 8192K, 0% used [0x00000000faf80000,0x00000000faf80000,0x00000000fb780000)
 ParOldGen       total 126976K, used 85310K [0x00000000e0000000, 0x00000000e7c00000, 0x00000000f5580000)
  object space 126976K, 67% used [0x00000000e0000000,0x00000000e534f910,0x00000000e7c00000)
 Metaspace       used 94083K, capacity 101512K, committed 101848K, reserved 1138688K
  class space    used 10906K, capacity 13214K, committed 13312K, reserved 1048576K
}
Event: 980.776 GC heap before
{Heap before GC invocations=181 (full 6):
 PSYoungGen      total 100352K, used 97972K [0x00000000f5580000, 0x00000000fbf80000, 0x0000000100000000)
  eden space 92160K, 100% used [0x00000000f5580000,0x00000000faf80000,0x00000000faf80000)
  from space 8192K, 70% used [0x00000000fb780000,0x00000000fbd2d318,0x00000000fbf80000)
  to   space 8192K, 0% used [0x00000000faf80000,0x00000000faf80000,0x00000000fb780000)
 ParOldGen       total 126976K, used 85310K [0x00000000e0000000, 0x00000000e7c00000, 0x00000000f5580000)
  object space 126976K, 67% used [0x00000000e0000000,0x00000000e534f910,0x00000000e7c00000)
 Metaspace       used 94083K, capacity 101512K, committed 101848K, reserved 1138688K
  class space    used 10906K, capacity 13214K, committed 13312K, reserved 1048576K
Event: 980.780 GC heap after
Heap after GC invocations=181 (full 6):
 PSYoungGen      total 100352K, used 4821K [0x00000000f5580000, 0x00000000fc000000, 0x0000000100000000)
  eden space 92160K, 0% used [0x00000000f5580000,0x00000000f5580000,0x00000000faf80000)
  from space 8192K, 58% used [0x00000000faf80000,0x00000000fb435510,0x00000000fb780000)
  to   space 8192K, 0% used [0x00000000fb800000,0x00000000fb800000,0x00000000fc000000)
 ParOldGen       total 126976K, used 86470K [0x00000000e0000000, 0x00000000e7c00000, 0x00000000f5580000)
  object space 126976K, 68% used [0x00000000e0000000,0x00000000e5471920,0x00000000e7c00000)
 Metaspace       used 94083K, capacity 101512K, committed 101848K, reserved 1138688K
  class space    used 10906K, capacity 13214K, committed 13312K, reserved 1048576K
}
Event: 993.623 GC heap before
{Heap before GC invocations=182 (full 6):
 PSYoungGen      total 100352K, used 96981K [0x00000000f5580000, 0x00000000fc000000, 0x0000000100000000)
  eden space 92160K, 100% used [0x00000000f5580000,0x00000000faf80000,0x00000000faf80000)
  from space 8192K, 58% used [0x00000000faf80000,0x00000000fb435510,0x00000000fb780000)
  to   space 8192K, 0% used [0x00000000fb800000,0x00000000fb800000,0x00000000fc000000)
 ParOldGen       total 126976K, used 86470K [0x00000000e0000000, 0x00000000e7c00000, 0x00000000f5580000)
  object space 126976K, 68% used [0x00000000e0000000,0x00000000e5471920,0x00000000e7c00000)
 Metaspace       used 94084K, capacity 101512K, committed 101848K, reserved 1138688K
  class space    used 10906K, capacity 13214K, committed 13312K, reserved 1048576K
Event: 993.627 GC heap after
Heap after GC invocations=182 (full 6):
 PSYoungGen      total 99840K, used 4982K [0x00000000f5580000, 0x00000000fbf00000, 0x0000000100000000)
  eden space 92672K, 0% used [0x00000000f5580000,0x00000000f5580000,0x00000000fb000000)
  from space 7168K, 69% used [0x00000000fb800000,0x00000000fbcdd920,0x00000000fbf00000)
  to   space 7680K, 0% used [0x00000000fb000000,0x00000000fb000000,0x00000000fb780000)
 ParOldGen       total 126976K, used 86486K [0x00000000e0000000, 0x00000000e7c00000, 0x00000000f5580000)
  object space 126976K, 68% used [0x00000000e0000000,0x00000000e5475920,0x00000000e7c00000)
 Metaspace       used 94084K, capacity 101512K, committed 101848K, reserved 1138688K
  class space    used 10906K, capacity 13214K, committed 13312K, reserved 1048576K
}
Event: 1001.879 GC heap before
{Heap before GC invocations=183 (full 6):
 PSYoungGen      total 99840K, used 97569K [0x00000000f5580000, 0x00000000fbf00000, 0x0000000100000000)
  eden space 92672K, 99% used [0x00000000f5580000,0x00000000fafeae30,0x00000000fb000000)
  from space 7168K, 69% used [0x00000000fb800000,0x00000000fbcdd920,0x00000000fbf00000)
  to   space 7680K, 0% used [0x00000000fb000000,0x00000000fb000000,0x00000000fb780000)
 ParOldGen       total 126976K, used 86486K [0x00000000e0000000, 0x00000000e7c00000, 0x00000000f5580000)
  object space 126976K, 68% used [0x00000000e0000000,0x00000000e5475920,0x00000000e7c00000)
 Metaspace       used 94138K, capacity 101768K, committed 102104K, reserved 1138688K
  class space    used 10909K, capacity 13214K, committed 13312K, reserved 1048576K
Event: 1001.885 GC heap after
Heap after GC invocations=183 (full 6):
 PSYoungGen      total 100352K, used 5538K [0x00000000f5580000, 0x00000000fbf80000, 0x0000000100000000)
  eden space 92672K, 0% used [0x00000000f5580000,0x00000000f5580000,0x00000000fb000000)
  from space 7680K, 72% used [0x00000000fb000000,0x00000000fb568af0,0x00000000fb780000)
  to   space 7680K, 0% used [0x00000000fb800000,0x00000000fb800000,0x00000000fbf80000)
 ParOldGen       total 126976K, used 86494K [0x00000000e0000000, 0x00000000e7c00000, 0x00000000f5580000)
  object space 126976K, 68% used [0x00000000e0000000,0x00000000e5477920,0x00000000e7c00000)
 Metaspace       used 94138K, capacity 101768K, committed 102104K, reserved 1138688K
  class space    used 10909K, capacity 13214K, committed 13312K, reserved 1048576K
}
Event: 1018.517 GC heap before
{Heap before GC invocations=184 (full 6):
 PSYoungGen      total 100352K, used 98210K [0x00000000f5580000, 0x00000000fbf80000, 0x0000000100000000)
  eden space 92672K, 100% used [0x00000000f5580000,0x00000000fb000000,0x00000000fb000000)
  from space 7680K, 72% used [0x00000000fb000000,0x00000000fb568af0,0x00000000fb780000)
  to   space 7680K, 0% used [0x00000000fb800000,0x00000000fb800000,0x00000000fbf80000)
 ParOldGen       total 126976K, used 86494K [0x00000000e0000000, 0x00000000e7c00000, 0x00000000f5580000)
  object space 126976K, 68% used [0x00000000e0000000,0x00000000e5477920,0x00000000e7c00000)
 Metaspace       used 94152K, capacity 101768K, committed 102104K, reserved 1138688K
  class space    used 10910K, capacity 13214K, committed 13312K, reserved 1048576K
Event: 1018.522 GC heap after
Heap after GC invocations=184 (full 6):
 PSYoungGen      total 100864K, used 4634K [0x00000000f5580000, 0x00000000fbf80000, 0x0000000100000000)
  eden space 93184K, 0% used [0x00000000f5580000,0x00000000f5580000,0x00000000fb080000)
  from space 7680K, 60% used [0x00000000fb800000,0x00000000fbc86b90,0x00000000fbf80000)
  to   space 7680K, 0% used [0x00000000fb080000,0x00000000fb080000,0x00000000fb800000)
 ParOldGen       total 126976K, used 86696K [0x00000000e0000000, 0x00000000e7c00000, 0x00000000f5580000)
  object space 126976K, 68% used [0x00000000e0000000,0x00000000e54aa130,0x00000000e7c00000)
 Metaspace       used 94152K, capacity 101768K, committed 102104K, reserved 1138688K
  class space    used 10910K, capacity 13214K, committed 13312K, reserved 1048576K
}

Deoptimization events (10 events):
Event: 1027.032 Thread 0x0000000018f54800 Uncommon trap: reason=bimorphic action=maybe_recompile pc=0x0000000004a2d328 method=org.eclipse.core.internal.dtree.AbstractDataTreeNode.assembleWith([Lorg/eclipse/core/internal/dtree/AbstractDataTreeNode;[Lorg/eclipse/core/internal/dtree/AbstractDataTreeN≤û∏i ê@
Event: 1027.032 Thread 0x0000000018f54800 Uncommon trap: reason=bimorphic action=maybe_recompile pc=0x0000000004a2d328 method=org.eclipse.core.internal.dtree.AbstractDataTreeNode.assembleWith([Lorg/eclipse/core/internal/dtree/AbstractDataTreeNode;[Lorg/eclipse/core/internal/dtree/AbstractDataTreeNÖ|l ê@
Event: 1027.032 Thread 0x0000000018f54800 Uncommon trap: reason=bimorphic action=maybe_recompile pc=0x0000000004a2d328 method=org.eclipse.core.internal.dtree.AbstractDataTreeNode.assembleWith([Lorg/eclipse/core/internal/dtree/AbstractDataTreeNode;[Lorg/eclipse/core/internal/dtree/AbstractDataTreeNÀo ê@
Event: 1027.032 Thread 0x0000000018f54800 Uncommon trap: reason=bimorphic action=maybe_recompile pc=0x0000000004a2d328 method=org.eclipse.core.internal.dtree.AbstractDataTreeNode.assembleWith([Lorg/eclipse/core/internal/dtree/AbstractDataTreeNode;[Lorg/eclipse/core/internal/dtree/AbstractDataTreeN¢¬¨?ê@
Event: 1027.062 Thread 0x0000000018f54800 Uncommon trap: reason=unstable_if action=reinterpret pc=0x00000000032fe3e0 method=org.eclipse.osgi.internal.serviceregistry.FilteredServiceListener.serviceChanged(Lorg/osgi/framework/ServiceEvent;)V @ 179
Event: 1027.668 Thread 0x0000000015108800 Uncommon trap: reason=unstable_if action=reinterpret pc=0x0000000004435d7c method=org.eclipse.core.internal.jobs.JobManager.nextJob()Lorg/eclipse/core/runtime/jobs/Job; @ 80
Event: 1027.672 Thread 0x0000000018f54800 Uncommon trap: reason=null_check action=make_not_entrant pc=0x0000000005f4fb08 method=org.eclipse.osgi.internal.container.ComputeNodeOrder$Digraph.addEdge(Ljava/lang/Object;Ljava/lang/Object;)V @ 39
Event: 1027.689 Thread 0x0000000018f54800 Uncommon trap: reason=unstable_if action=reinterpret pc=0x00000000028a53dc method=sun.reflect.UnsafeStaticObjectFieldAccessorImpl.set(Ljava/lang/Object;Ljava/lang/Object;)V @ 13
Event: 1027.690 Thread 0x0000000016e99000 Uncommon trap: reason=unstable_if action=reinterpret pc=0x0000000002b4121c method=org.eclipse.osgi.framework.eventmgr.EventManager$EventThread.getNextEvent()Lorg/eclipse/osgi/framework/eventmgr/EventManager$EventThread$Queued; @ 15
Event: 1027.692 Thread 0x00000000171f3800 Uncommon trap: reason=unstable_if action=reinterpret pc=0x0000000002b4121c method=org.eclipse.osgi.framework.eventmgr.EventManager$EventThread.getNextEvent()Lorg/eclipse/osgi/framework/eventmgr/EventManager$EventThread$Queued; @ 15

Internal exceptions (10 events):
Event: 1026.237 Thread 0x0000000018f50000 Exception <a 'java/lang/InterruptedException'> (0x00000000f90a9d48) thrown at [C:\re\workspace\8-2-build-windows-amd64-cygwin\jdk8u66\5298\hotspot\src\share\vm\runtime\objectMonitor.cpp, line 1683]
Event: 1027.029 Thread 0x0000000018f54800 Implicit null exception at 0x00000000042c5d87 to 0x00000000042cb2fd
Event: 1027.029 Thread 0x0000000018f54800 Exception <a 'java/lang/NullPointerException'> (0x00000000f9301e98) thrown at [C:\re\workspace\8-2-build-windows-amd64-cygwin\jdk8u66\5298\hotspot\src\share\vm\prims\jvm.cpp, line 1390]
Event: 1027.668 Thread 0x00000000188f8000 Exception <a 'java/lang/InterruptedException'> (0x00000000f8dd21a8) thrown at [C:\re\workspace\8-2-build-windows-amd64-cygwin\jdk8u66\5298\hotspot\src\share\vm\runtime\objectMonitor.cpp, line 1683]
Event: 1027.672 Thread 0x0000000018f54800 Implicit null exception at 0x0000000005f4f2ab to 0x0000000005f4fafd
Event: 1027.689 Thread 0x0000000018f54800 Implicit null exception at 0x00000000028a4fd7 to 0x00000000028a53c9
Event: 1027.690 Thread 0x0000000016e99000 Exception <a 'java/lang/InterruptedException'> (0x00000000f964f138) thrown at [C:\re\workspace\8-2-build-windows-amd64-cygwin\jdk8u66\5298\hotspot\src\share\vm\runtime\objectMonitor.cpp, line 1683]
Event: 1027.691 Thread 0x0000000016b12000 Exception <a 'java/lang/InterruptedException'> (0x00000000f97cb590) thrown at [C:\re\workspace\8-2-build-windows-amd64-cygwin\jdk8u66\5298\hotspot\src\share\vm\runtime\objectMonitor.cpp, line 1683]
Event: 1027.692 Thread 0x00000000171f3800 Exception <a 'java/lang/InterruptedException'> (0x00000000f82ca4d0) thrown at [C:\re\workspace\8-2-build-windows-amd64-cygwin\jdk8u66\5298\hotspot\src\share\vm\runtime\objectMonitor.cpp, line 1683]
Event: 1027.692 Thread 0x000000001720b000 Exception <a 'java/lang/InterruptedException'> (0x00000000f982e4c8) thrown at [C:\re\workspace\8-2-build-windows-amd64-cygwin\jdk8u66\5298\hotspot\src\share\vm\runtime\objectMonitor.cpp, line 1683]

Events (10 events):
Event: 1027.710 loading class java/util/IdentityHashMap$IdentityHashMapIterator
Event: 1027.719 loading class java/util/IdentityHashMap$IdentityHashMapIterator done
Event: 1027.719 loading class java/util/IdentityHashMap$KeyIterator done
Event: 1027.719 Thread 0x0000000018f54800 Thread added: 0x0000000018f54800
Event: 1027.720 Executing VM operation: RevokeBias
Event: 1027.720 Executing VM operation: RevokeBias done
Event: 1027.720 Executing VM operation: RevokeBias
Event: 1027.720 Executing VM operation: RevokeBias done
Event: 1027.720 Thread 0x0000000018f54800 Thread exited: 0x0000000018f54800
Event: 1027.720 Executing VM operation: Exit


Dynamic libraries:
0x0000000000400000 - 0x000000000044f000 	C:\Xilinx\SDK\2016.2\eclipse\win64.o\eclipse.exe
0x0000000077c90000 - 0x0000000077e3a000 	C:\Windows\SYSTEM32\ntdll.dll
0x0000000077a70000 - 0x0000000077b8f000 	C:\Windows\system32\kernel32.dll
0x000007fefdad0000 - 0x000007fefdb3a000 	C:\Windows\system32\KERNELBASE.dll
0x0000000077b90000 - 0x0000000077c8a000 	C:\Windows\system32\USER32.dll
0x000007feff1a0000 - 0x000007feff207000 	C:\Windows\system32\GDI32.dll
0x000007fefe9a0000 - 0x000007fefe9ae000 	C:\Windows\system32\LPK.dll
0x000007fefefa0000 - 0x000007feff06a000 	C:\Windows\system32\USP10.dll
0x000007feff080000 - 0x000007feff11f000 	C:\Windows\system32\msvcrt.dll
0x000007fefc2e0000 - 0x000007fefc4d4000 	C:\Windows\WinSxS\amd64_microsoft.windows.common-controls_6595b64144ccf1df_6.0.7601.18837_none_fa3b1e3d17594757\COMCTL32.dll
0x000007feff120000 - 0x000007feff191000 	C:\Windows\system32\SHLWAPI.dll
0x000007fefe7f0000 - 0x000007fefe81e000 	C:\Windows\system32\IMM32.DLL
0x000007fefe240000 - 0x000007fefe349000 	C:\Windows\system32\MSCTF.dll
0x0000000072000000 - 0x0000000072012000 	C:\Xilinx\SDK\2016.2\eclipse\win64.o\plugins\org.eclipse.equinox.launcher.win32.win32.x86_64_1.1.300.v20150602-1417\eclipse_1611.dll
0x000007fefdf20000 - 0x000007fefdffb000 	C:\Windows\system32\ADVAPI32.dll
0x000007fefe350000 - 0x000007fefe36f000 	C:\Windows\SYSTEM32\sechost.dll
0x000007fefe640000 - 0x000007fefe76d000 	C:\Windows\system32\RPCRT4.dll
0x000007fefca60000 - 0x000007fefca6c000 	C:\Windows\system32\VERSION.dll
0x000007fefc280000 - 0x000007fefc2d6000 	C:\Windows\system32\UxTheme.dll
0x0000000070fe0000 - 0x0000000071869000 	C:\Xilinx\SDK\2016.2\tps\win64\jre\bin\server\jvm.dll
0x000007fefaef0000 - 0x000007fefaef9000 	C:\Windows\system32\WSOCK32.dll
0x000007fefeeb0000 - 0x000007fefeefd000 	C:\Windows\system32\WS2_32.dll
0x000007feff070000 - 0x000007feff078000 	C:\Windows\system32\NSI.dll
0x000007fefa7a0000 - 0x000007fefa7db000 	C:\Windows\system32\WINMM.dll
0x0000000077e50000 - 0x0000000077e57000 	C:\Windows\system32\PSAPI.DLL
0x0000000073860000 - 0x0000000073932000 	C:\Windows\system32\MSVCR100.dll
0x0000000075050000 - 0x000000007505f000 	C:\Xilinx\SDK\2016.2\tps\win64\jre\bin\verify.dll
0x0000000073420000 - 0x0000000073449000 	C:\Xilinx\SDK\2016.2\tps\win64\jre\bin\java.dll
0x0000000073400000 - 0x0000000073416000 	C:\Xilinx\SDK\2016.2\tps\win64\jre\bin\zip.dll
0x000007feff210000 - 0x000007fefff99000 	C:\Windows\system32\SHELL32.dll
0x000007fefe9b0000 - 0x000007fefebb3000 	C:\Windows\system32\ole32.dll
0x000007fefd9d0000 - 0x000007fefd9df000 	C:\Windows\system32\profapi.dll
0x000007fefd1d0000 - 0x000007fefd1e8000 	C:\Windows\system32\CRYPTSP.dll
0x000007fefced0000 - 0x000007fefcf17000 	C:\Windows\system32\rsaenh.dll
0x000007fefdaa0000 - 0x000007fefdabe000 	C:\Windows\system32\USERENV.dll
0x000007fefd830000 - 0x000007fefd83f000 	C:\Windows\system32\CRYPTBASE.dll
0x00000000733e0000 - 0x00000000733fa000 	C:\Xilinx\SDK\2016.2\tps\win64\jre\bin\net.dll
0x000007fefd170000 - 0x000007fefd1c5000 	C:\Windows\system32\mswsock.dll
0x000007fefd160000 - 0x000007fefd167000 	C:\Windows\System32\wship6.dll
0x000007fefa340000 - 0x000007fefa367000 	C:\Windows\system32\IPHLPAPI.DLL
0x000007fefa330000 - 0x000007fefa33b000 	C:\Windows\system32\WINNSI.DLL
0x000007fef99b0000 - 0x000007fef99c1000 	C:\Windows\system32\dhcpcsvc6.DLL
0x000007fef9990000 - 0x000007fef99a8000 	C:\Windows\system32\dhcpcsvc.DLL
0x00000000733c0000 - 0x00000000733d1000 	C:\Xilinx\SDK\2016.2\tps\win64\jre\bin\nio.dll
0x000007fef9fe0000 - 0x000007fef9ff5000 	C:\Windows\system32\NLAapi.dll
0x000007fef94a0000 - 0x000007fef94b5000 	C:\Windows\system32\napinsp.dll
0x000007fef94c0000 - 0x000007fef94d9000 	C:\Windows\system32\pnrpnsp.dll
0x000007fefcff0000 - 0x000007fefd04b000 	C:\Windows\system32\DNSAPI.dll
0x000007fef9490000 - 0x000007fef949b000 	C:\Windows\System32\winrnr.dll
0x000007fefcb30000 - 0x000007fefcb37000 	C:\Windows\System32\wshtcpip.dll
0x000007fef94e0000 - 0x000007fef94e8000 	C:\Windows\system32\rasadhlp.dll
0x000007fef9a30000 - 0x000007fef9a83000 	C:\Windows\System32\fwpuclnt.dll
0x000000001da30000 - 0x000000001dad8000 	C:\Users\veiranei\.Xilinx\SDK\2016.2\org.eclipse.osgi\312\0\.cp\swt-win32-4527.dll
0x000007fefe8c0000 - 0x000007fefe998000 	C:\Windows\system32\OLEAUT32.dll
0x000007fefe820000 - 0x000007fefe8b7000 	C:\Windows\system32\comdlg32.dll
0x000007fef7940000 - 0x000007fef79b1000 	C:\Windows\system32\WINSPOOL.DRV
0x000007fefebe0000 - 0x000007fefeea5000 	C:\Windows\system32\WININET.dll
0x000007fefdcf0000 - 0x000007fefdcf4000 	C:\Windows\system32\api-ms-win-downlevel-user32-l1-1-0.dll
0x000007fefdb70000 - 0x000007fefdb74000 	C:\Windows\system32\api-ms-win-downlevel-shlwapi-l1-1-0.dll
0x000007fefdac0000 - 0x000007fefdac4000 	C:\Windows\system32\api-ms-win-downlevel-version-l1-1-0.dll
0x000007fefdb60000 - 0x000007fefdb63000 	C:\Windows\system32\api-ms-win-downlevel-normaliz-l1-1-0.dll
0x0000000077e60000 - 0x0000000077e63000 	C:\Windows\system32\normaliz.DLL
0x000007fefe370000 - 0x000007fefe639000 	C:\Windows\system32\iertutil.dll
0x000007fefd9f0000 - 0x000007fefd9f5000 	C:\Windows\system32\api-ms-win-downlevel-advapi32-l1-1-0.dll
0x000007fefdb80000 - 0x000007fefdced000 	C:\Windows\system32\CRYPT32.dll
0x000007fefd9e0000 - 0x000007fefd9ef000 	C:\Windows\system32\MSASN1.dll
0x000007fefbd50000 - 0x000007fefbe7c000 	C:\Windows\system32\propsys.dll
0x000007fefef00000 - 0x000007fefef99000 	C:\Windows\system32\CLBCatQ.DLL
0x00000000003c0000 - 0x00000000003de000 	C:\Users\veiranei\.Xilinx\SDK\2016.2\org.eclipse.osgi\312\0\.cp\swt-gdip-win32-4527.dll
0x000007fefc060000 - 0x000007fefc276000 	C:\Windows\WinSxS\amd64_microsoft.windows.gdiplus_6595b64144ccf1df_1.1.7601.23508_none_145555328b95eaaa\gdiplus.dll
0x000007fefbb80000 - 0x000007fefbce1000 	C:\Windows\system32\WindowsCodecs.dll
0x0000000180000000 - 0x0000000180012000 	C:\Users\veiranei\.Xilinx\SDK\2016.2\org.eclipse.osgi\126\0\.cp\os\win32\x86_64\localfile_1_0_0.dll
0x000007feeef40000 - 0x000007feeef94000 	C:\Windows\system32\oleacc.dll
0x000007fefb390000 - 0x000007fefb3a6000 	C:\Xilinx\SDK\2016.2\eclipse\win64.o\plugins\org.eclipse.cdt.core.win32.x86_64_5.4.0.201509131935\os\win32\x86_64\spawner.dll
0x000007fefd7d0000 - 0x000007fefd827000 	C:\Windows\system32\apphelp.dll
0x000007fef9e30000 - 0x000007fef9e37000 	C:\Windows\system32\msimg32.dll
0x000007fefd920000 - 0x000007fefd934000 	C:\Windows\system32\RpcRtRemote.dll
0x000007fef5b70000 - 0x000007fef5b81000 	C:\Users\veiranei\.Xilinx\SDK\2016.2\org.eclipse.osgi\129\0\.cp\jWinHttp-1.0.0.dll
0x000007fef9b90000 - 0x000007fef9c01000 	C:\Windows\system32\WINHTTP.dll
0x000007fef9b20000 - 0x000007fef9b84000 	C:\Windows\system32\webio.dll
0x000007fefd7a0000 - 0x000007fefd7c5000 	C:\Windows\system32\SspiCli.dll
0x000007fefcd90000 - 0x000007fefcd9a000 	C:\Windows\system32\credssp.dll
0x000007fefdd40000 - 0x000007fefdd76000 	C:\Windows\system32\CFGMGR32.dll
0x000007fef9e90000 - 0x000007fef9e9f000 	C:\Xilinx\SDK\2016.2\lib\win64.o\librdi_repo_manager.dll
0x000007fef2830000 - 0x000007fef285a000 	C:\Xilinx\SDK\2016.2\lib\win64.o\libisl_sysinfo.dll
0x000007feec650000 - 0x000007feec724000 	C:\Windows\system32\MSVCR110.dll
0x000007feec520000 - 0x000007feec5c7000 	C:\Windows\system32\MSVCP110.dll
0x000007fec3600000 - 0x000007fec4040000 	C:\Xilinx\SDK\2016.2\lib\win64.o\librdi_common.dll
0x000007fec4710000 - 0x000007fec4a7e000 	C:\Xilinx\SDK\2016.2\lib\win64.o\libCOIN-all.dll
0x000007fec44f0000 - 0x000007fec470f000 	C:\Xilinx\SDK\2016.2\lib\win64.o\libXil_lmgr11.dll
0x000007fefba40000 - 0x000007fefba56000 	C:\Windows\system32\NETAPI32.dll
0x000007fefce00000 - 0x000007fefce0c000 	C:\Windows\system32\netutils.dll
0x000007fefd3e0000 - 0x000007fefd403000 	C:\Windows\system32\srvcli.dll
0x000007fefba20000 - 0x000007fefba35000 	C:\Windows\system32\wkscli.dll
0x000007fefdd00000 - 0x000007fefdd3b000 	C:\Windows\system32\WINTRUST.dll
0x000007fef8af0000 - 0x000007fef8b00000 	C:\Xilinx\SDK\2016.2\lib\win64.o\libboost_date_time.dll
0x000007fef2800000 - 0x000007fef2824000 	C:\Xilinx\SDK\2016.2\lib\win64.o\libboost_filesystem.dll
0x000007fef8350000 - 0x000007fef8359000 	C:\Xilinx\SDK\2016.2\lib\win64.o\libboost_system.dll
0x000007feee1a0000 - 0x000007feee217000 	C:\Xilinx\SDK\2016.2\lib\win64.o\libboost_program_options.dll
0x000007fec4e00000 - 0x000007fec4f06000 	C:\Xilinx\SDK\2016.2\lib\win64.o\libboost_regex.dll
0x000007fef5ac0000 - 0x000007fef5ad3000 	C:\Xilinx\SDK\2016.2\lib\win64.o\libboost_signals.dll
0x000007fef27e0000 - 0x000007fef27fd000 	C:\Xilinx\SDK\2016.2\lib\win64.o\libboost_thread.dll
0x000007fef79c0000 - 0x000007fef79cb000 	C:\Xilinx\SDK\2016.2\lib\win64.o\libboost_chrono.dll
0x000007fef6aa0000 - 0x000007fef6aab000 	C:\Xilinx\SDK\2016.2\lib\win64.o\libboost_xilinx.dll
0x000007feee120000 - 0x000007feee1a0000 	C:\Xilinx\SDK\2016.2\lib\win64.o\libhdlpsolve.dll
0x000007feedfa0000 - 0x000007feee03a000 	C:\Xilinx\SDK\2016.2\lib\win64.o\libhdxml.dll
0x000007fec4080000 - 0x000007fec44e5e00 	C:\Xilinx\SDK\2016.2\lib\win64.o\libisl_iostreams.dll
0x000007feee100000 - 0x000007feee116000 	C:\Xilinx\SDK\2016.2\lib\win64.o\libboost_iostreams.dll
0x000007feee0d0000 - 0x000007feee0f3000 	C:\Xilinx\SDK\2016.2\lib\win64.o\librdizlib.dll
0x000007feedf70000 - 0x000007feedf93000 	C:\Xilinx\SDK\2016.2\lib\win64.o\libisl_iosutils.dll
0x000007feee790000 - 0x000007feee7a5000 	C:\Xilinx\SDK\2016.2\lib\win64.o\pthreadVC2.dll
0x000007fec4da0000 - 0x000007fec4df4000 	C:\Xilinx\SDK\2016.2\lib\win64.o\librdi_commonxillic.dll
0x000007fec34d0000 - 0x000007fec3600000 	C:\Xilinx\SDK\2016.2\lib\win64.o\librdi_curl.dll
0x000007feee0b0000 - 0x000007feee0c8000 	C:\Xilinx\SDK\2016.2\lib\win64.o\librdiconfig.dll
0x0000000070d80000 - 0x0000000070ea7000 	C:\Xilinx\SDK\2016.2\lib\win64.o\tcl85t.dll
0x0000000023320000 - 0x0000000023583000 	C:\Xilinx\SDK\2016.2\lib\win64.o\xerces-c_3_1.dll
0x000007fefdd90000 - 0x000007fefdf16000 	C:\Windows\system32\urlmon.dll
0x000007fefdd80000 - 0x000007fefdd84000 	C:\Windows\system32\api-ms-win-downlevel-ole32-l1-1-0.dll
0x000007feeb300000 - 0x000007feeb323000 	C:\Windows\system32\VCOMP110.DLL
0x000007fec32d0000 - 0x000007fec34c2000 	C:\Xilinx\SDK\2016.2\lib\win64.o\librdi_hsm.dll
0x000007fec3280000 - 0x000007fec32c3000 	C:\Xilinx\SDK\2016.2\lib\win64.o\librdi_hdf.dll
0x000007fec2ff0000 - 0x000007fec3271000 	C:\Xilinx\SDK\2016.2\lib\win64.o\librdi_ippcw.dll
0x000007fef5f00000 - 0x000007fef5f0a000 	C:\Xilinx\SDK\2016.2\lib\win64.o\librdi_jtag_settings.dll
0x000007feeb240000 - 0x000007feeb269000 	C:\Xilinx\SDK\2016.2\lib\win64.o\librdi_debug_dialog.dll
0x000007fef41e0000 - 0x000007fef41e8000 	C:\Xilinx\SDK\2016.2\lib\win64.o\librdi_target_manager.dll
0x0000000023280000 - 0x00000000232a5000 	C:\Users\veiranei\.jssc\windows\jSSC-2.8_x86_64.dll
0x0000000023b00000 - 0x0000000023b26000 	C:\Xilinx\SDK\2016.2\eclipse\win64.o\plugins\gnu.io.rxtx.win32.x86_64_2.1.7.3_v20071015\os\win32\x86_64\rxtxSerial.dll
0x000007feb7640000 - 0x000007feb7e50000 	C:\Xilinx\SDK\2016.2\lib\win64.o\libXil_lmgr11FNP.dll

VM Arguments:
jvm_args: -Dcom.xilinx.sdk.args.hwspec=W:/temp532/project_1/project_1.sdk/design_1_wrapper.hdf -Xms64m -Xmx512m & 
java_command: <unknown>
java_class_path (initial): C:\Xilinx\SDK\2016.2\eclipse\win64.o\\plugins/org.eclipse.equinox.launcher_1.3.100.v20150511-1540.jar
Launcher Type: generic

Environment Variables:
PATH=C:/Xilinx/SDK/2016.2/tps/win64/jre/bin/server;C:/Xilinx/SDK/2016.2/tps/win64/jre/bin;C:/Xilinx/SDK/2016.2/tps/win64/jre/lib/amd64;C:\Xilinx\SDK\2016.2\gnuwin\bin;C:\Xilinx\SDK\2016.2\gnu\microblaze\nt\bin;C:\Xilinx\SDK\2016.2\gnu\microblaze\linux_toolchain\nt64_le\bin;C:\Xilinx\SDK\2016.2\gnu\microblaze\linux_toolchain\nt64_be\bin;C:\Xilinx\SDK\2016.2\gnu\arm\nt\bin;C:\Xilinx\SDK\2016.2\gnu\aarch64\nt\aarch64-none\bin;C:\Xilinx\SDK\2016.2\gnu\aarch64\nt\aarch64-linux\bin;C:\Xilinx\SDK\2016.2\gnu\armr5\nt\gcc-arm-none-eabi\bin;C:\Xilinx\SDK\2016.2\gnu\aarch32\nt\gcc-arm-none-eabi\bin;C:\Xilinx\SDK\2016.2\gnu\aarch32\nt\gcc-arm-linux-gnueabi\bin;C:\Xilinx\SDK\2016.2\tps\win64\cmake-3.3.2\bin;;C:\Xilinx\SDK\2016.2\bin;C:\Xilinx\SDK\2016.2\lib\win64.o;C:\Xilinx\SDK\2016.2\tps\win64\jre\bin\server;C:\Xilinx\SDK\2016.2\tps\win64\jre\bin;C:\Xilinx\Vivado\2016.2\ids_lite\ISE\bin\nt64;C:\Xilinx\Vivado\2016.2\ids_lite\ISE\lib\nt64;C:\Xilinx\Vivado\2016.2\bin;C:\Xilinx\Vivado\2016.2\lib\win64.o;C:\Xilinx\Vivado\2016.2\tps\win64\jre\bin\server;C:\Xilinx\Vivado\2016.2\tps\win64\jre\bin;C:\Xilinx\Vivado_HLS\2016.2\bin;C:\Windows\system32;C:\Windows;C:\Windows\System32\Wbem;C:\Windows\System32\WindowsPowerShell\v1.0\;C:\Program Files (x86)\Java\jre6\bin;C:\Program Files (x86)\eclipse;C:\altera\16.0\quartus\bin64;c:\altera\16.0\quartus\bin64\jre64\bin;w:\temp532\project_1;
USERNAME=veiranei
OS=Windows_NT
PROCESSOR_IDENTIFIER=Intel64 Family 6 Model 60 Stepping 3, GenuineIntel



---------------  S Y S T E M  ---------------

OS: Windows 7 , 64 bit Build 7601 (6.1.7601.23418)

CPU:total 8 (4 cores per cpu, 2 threads per core) family 6 model 60 stepping 3, cmov, cx8, fxsr, mmx, sse, sse2, sse3, ssse3, sse4.1, sse4.2, popcnt, avx, avx2, aes, clmul, erms, lzcnt, ht, tsc, tscinvbit, bmi1, bmi2

Memory: 4k page, physical 16683160k(9722812k free), swap 33364460k(25956700k free)

vm_info: Java HotSpot(TM) 64-Bit Server VM (25.66-b18) for windows-amd64 JRE (1.8.0_66-b18), built on Nov  9 2015 10:51:13 by "java_re" with MS VC++ 10.0 (VS2010)

time: Thu Mar 30 18:27:35 2017
elapsed time: 1028 seconds (0d 0h 17m 8s)

