#-----------------------------------------------------------
# Vivado v2016.2 (64-bit)
# SW Build 1577090 on Thu Jun  2 16:32:40 MDT 2016
# IP Build 1577682 on Fri Jun  3 12:00:54 MDT 2016
# Start of session at: Thu Mar 30 21:39:28 2017
# Process ID: 7992
# Current directory: E:/to_be_sped_up/v2/temp532/project_1
# Command line: vivado.exe -gui_launcher_event rodinguilauncherevent5416 E:\to_be_sped_up\v2\temp532\project_1\project_1.xpr
# Log file: E:/to_be_sped_up/v2/temp532/project_1/vivado.log
# Journal file: E:/to_be_sped_up/v2/temp532/project_1\vivado.jou
#-----------------------------------------------------------
start_gui
open_project E:/to_be_sped_up/v2/temp532/project_1/project_1.xpr
INFO: [Project 1-313] Project file moved from 'W:/temp532/project_1' since last save.
Scanning sources...
Finished scanning sources
WARNING: [filemgmt 56-2] IP Repository Path: Could not find the directory 'E:/to_be_sped_up/v2/vivado-library-master/if/pmod_v1_0', nor could it be found using path 'W:/vivado-library-master/if/pmod_v1_0'.
WARNING: [filemgmt 56-2] IP Repository Path: Could not find the directory 'E:/to_be_sped_up/v2/vivado-library-master/ip/Pmods/PmodWIFI_v1_0', nor could it be found using path 'W:/vivado-library-master/ip/Pmods/PmodWIFI_v1_0'.
WARNING: [filemgmt 56-2] IP Repository Path: Could not find the directory 'E:/to_be_sped_up/v2/temp532/project_1/Downloads/vivado-library-master/if/pmod_v1_0', nor could it be found using path 'W:/temp532/project_1/Downloads/vivado-library-master/if/pmod_v1_0'.
WARNING: [filemgmt 56-2] IP Repository Path: Could not find the directory 'E:/to_be_sped_up/v2/temp532/project_1/Downloads/vivado-library-master/ip/Pmods/Pmod_Bridge_v1_0', nor could it be found using path 'W:/temp532/project_1/Downloads/vivado-library-master/ip/Pmods/Pmod_Bridge_v1_0'.
WARNING: [filemgmt 56-2] IP Repository Path: Could not find the directory 'E:/to_be_sped_up/v2/temp532/project_1/Downloads/vivado-library-master/ip/Pmods/PmodWIFI_v1_0', nor could it be found using path 'W:/temp532/project_1/Downloads/vivado-library-master/ip/Pmods/PmodWIFI_v1_0'.
INFO: [IP_Flow 19-234] Refreshing IP repositories
WARNING: [IP_Flow 19-2248] Failed to load user IP repository 'e:/to_be_sped_up/v2/vivado-library-master/if/pmod_v1_0'; Can't find the specified path.
If this directory should no longer be in your list of user repositories, go to the IP Settings dialog and remove it.
WARNING: [IP_Flow 19-2248] Failed to load user IP repository 'e:/to_be_sped_up/v2/vivado-library-master/ip/Pmods/PmodWIFI_v1_0'; Can't find the specified path.
If this directory should no longer be in your list of user repositories, go to the IP Settings dialog and remove it.
INFO: [IP_Flow 19-1700] Loaded user IP repository 'e:/to_be_sped_up/v2/temp532/img_proc_full'.
INFO: [IP_Flow 19-1700] Loaded user IP repository 'e:/to_be_sped_up/v2/temp532/vivado-library-master/if/pmod_v1_0'.
INFO: [IP_Flow 19-1700] Loaded user IP repository 'e:/to_be_sped_up/v2/temp532/vivado-library-master/ip/Pmods/PmodWIFI_v1_0'.
INFO: [IP_Flow 19-1700] Loaded user IP repository 'e:/to_be_sped_up/v2/temp532/vivado-library-master/ip/Pmods/Pmod_Bridge_v1_0'.
WARNING: [IP_Flow 19-2248] Failed to load user IP repository 'e:/to_be_sped_up/v2/temp532/project_1/Downloads/vivado-library-master/if/pmod_v1_0'; Can't find the specified path.
If this directory should no longer be in your list of user repositories, go to the IP Settings dialog and remove it.
WARNING: [IP_Flow 19-2248] Failed to load user IP repository 'e:/to_be_sped_up/v2/temp532/project_1/Downloads/vivado-library-master/ip/Pmods/Pmod_Bridge_v1_0'; Can't find the specified path.
If this directory should no longer be in your list of user repositories, go to the IP Settings dialog and remove it.
WARNING: [IP_Flow 19-2248] Failed to load user IP repository 'e:/to_be_sped_up/v2/temp532/project_1/Downloads/vivado-library-master/ip/Pmods/PmodWIFI_v1_0'; Can't find the specified path.
If this directory should no longer be in your list of user repositories, go to the IP Settings dialog and remove it.
INFO: [IP_Flow 19-1700] Loaded user IP repository 'e:/to_be_sped_up/v2/temp532/PWM'.
INFO: [IP_Flow 19-2313] Loaded Vivado IP repository 'C:/Xilinx/Vivado/2016.2/data/ip'.
open_project: Time (s): cpu = 00:00:58 ; elapsed = 00:00:58 . Memory (MB): peak = 1181.727 ; gain = 546.336
file copy -force E:/to_be_sped_up/v2/temp532/project_1/project_1.runs/impl_1/design_1_wrapper.sysdef E:/to_be_sped_up/v2/temp532/project_1/project_1.sdk/design_1_wrapper.hdf

launch_sdk -workspace E:/to_be_sped_up/v2/temp532/project_1/project_1.sdk -hwspec E:/to_be_sped_up/v2/temp532/project_1/project_1.sdk/design_1_wrapper.hdf
INFO: [Vivado 12-393] Launching SDK...
INFO: [Vivado 12-417] Running xsdk -workspace E:/to_be_sped_up/v2/temp532/project_1/project_1.sdk -hwspec E:/to_be_sped_up/v2/temp532/project_1/project_1.sdk/design_1_wrapper.hdf
INFO: [Vivado 12-3157] SDK launch initiated. Please check console for any further messages.
launch_sdk -workspace E:/to_be_sped_up/v2/temp532/project_1/project_1.sdk -hwspec E:/to_be_sped_up/v2/temp532/project_1/project_1.sdk/design_1_wrapper.hdf
INFO: [Vivado 12-393] Launching SDK...
INFO: [Vivado 12-417] Running xsdk -workspace E:/to_be_sped_up/v2/temp532/project_1/project_1.sdk -hwspec E:/to_be_sped_up/v2/temp532/project_1/project_1.sdk/design_1_wrapper.hdf
INFO: [Vivado 12-3157] SDK launch initiated. Please check console for any further messages.
exit
INFO: [Common 17-206] Exiting Vivado at Thu Mar 30 21:52:49 2017...
