#-----------------------------------------------------------
# Vivado v2016.2 (64-bit)
# SW Build 1577090 on Thu Jun  2 16:32:40 MDT 2016
# IP Build 1577682 on Fri Jun  3 12:00:54 MDT 2016
# Start of session at: Sun Feb 05 12:56:03 2017
# Process ID: 9096
# Current directory: E:/ECE532/PWM/IP/ip_repo
# Command line: vivado.exe -gui_launcher_event rodinguilauncherevent11724 E:\ECE532\PWM\IP\ip_repo\edit_PWM_v1_0.xpr
# Log file: E:/ECE532/PWM/IP/ip_repo/vivado.log
# Journal file: E:/ECE532/PWM/IP/ip_repo\vivado.jou
#-----------------------------------------------------------
start_gui
open_project E:/ECE532/PWM/IP/ip_repo/edit_PWM_v1_0.xpr
Scanning sources...
Finished scanning sources
INFO: [IP_Flow 19-234] Refreshing IP repositories
INFO: [IP_Flow 19-1700] Loaded user IP repository 'e:/ECE532/PWM/IP/ip_repo/PWM_1.0'.
WARNING: [IP_Flow 19-2207] Repository 'e:/ECE532/PWM/IP/ip_repo/PWM_1.0' already exists; ignoring attempt to add it again.
INFO: [IP_Flow 19-1700] Loaded user IP repository 'e:/ECE532/PWM/IP/ip_repo/PWM_1.0'.
INFO: [IP_Flow 19-2313] Loaded Vivado IP repository 'E:/Xilinx/Vivado/2016.2/data/ip'.
open_project: Time (s): cpu = 00:00:18 ; elapsed = 00:00:23 . Memory (MB): peak = 756.281 ; gain = 138.609
update_compile_order -fileset sources_1
ipx::open_ipxact_file E:/ECE532/PWM/IP/ip_repo/PWM_1.0/component.xml
WARNING: [IP_Flow 19-4308] Project file 'E:/ECE532/PWM/IP/ip_repo/edit_PWM_v1_0.srcs/sources_1/new/PWM_Module.v' is not found in the component files. Please add the packaging file if necessary.
WARNING: [IP_Flow 19-3898] File Group 'xilinx_verilogsynthesis (Verilog Synthesis)': File '../edit_PWM_v1_0.srcs/sources_1/new/PWM_Module.v' is no longer found in the project sources. Please remove the packaging file if necessary.
WARNING: [IP_Flow 19-4308] Project file 'E:/ECE532/PWM/IP/ip_repo/edit_PWM_v1_0.srcs/sources_1/new/PWM_Module.v' is not found in the component files. Please add the packaging file if necessary.
WARNING: [IP_Flow 19-3898] File Group 'xilinx_verilogbehavioralsimulation (Verilog Simulation)': File 'e:/ece532/pwm/ip/ip_repo/edit_PWM_v1_0.srcs/sources_1/new/PWM_Module.v' is no longer found in the project sources. Please remove the packaging file if necessary.
ipx::open_ipxact_file: Time (s): cpu = 00:00:03 ; elapsed = 00:00:06 . Memory (MB): peak = 757.570 ; gain = 1.289
ipx::merge_project_changes files [ipx::current_core]
ipx::merge_project_changes hdl_parameters [ipx::current_core]
set_property core_revision 9 [ipx::current_core]
ipx::create_xgui_files [ipx::current_core]
ipx::update_checksums [ipx::current_core]
ipx::save_core [ipx::current_core]
update_ip_catalog -rebuild -repo_path e:/ECE532/PWM/IP/ip_repo/PWM_1.0
INFO: [IP_Flow 19-725] Reloaded user IP repository 'e:/ECE532/PWM/IP/ip_repo/PWM_1.0'
set_property core_revision 10 [ipx::current_core]
ipx::create_xgui_files [ipx::current_core]
ipx::update_checksums [ipx::current_core]
ipx::save_core [ipx::current_core]
update_ip_catalog -rebuild -repo_path e:/ECE532/PWM/IP/ip_repo/PWM_1.0
INFO: [IP_Flow 19-725] Reloaded user IP repository 'e:/ECE532/PWM/IP/ip_repo/PWM_1.0'
set_property core_revision 11 [ipx::current_core]
ipx::create_xgui_files [ipx::current_core]
ipx::update_checksums [ipx::current_core]
ipx::save_core [ipx::current_core]
update_ip_catalog -rebuild -repo_path e:/ECE532/PWM/IP/ip_repo/PWM_1.0
INFO: [IP_Flow 19-725] Reloaded user IP repository 'e:/ECE532/PWM/IP/ip_repo/PWM_1.0'
set_property core_revision 12 [ipx::current_core]
ipx::create_xgui_files [ipx::current_core]
ipx::update_checksums [ipx::current_core]
ipx::save_core [ipx::current_core]
update_ip_catalog -rebuild -repo_path e:/ECE532/PWM/IP/ip_repo/PWM_1.0
INFO: [IP_Flow 19-725] Reloaded user IP repository 'e:/ECE532/PWM/IP/ip_repo/PWM_1.0'
set_property core_revision 13 [ipx::current_core]
ipx::create_xgui_files [ipx::current_core]
ipx::update_checksums [ipx::current_core]
ipx::save_core [ipx::current_core]
update_ip_catalog -rebuild -repo_path e:/ECE532/PWM/IP/ip_repo/PWM_1.0
INFO: [IP_Flow 19-725] Reloaded user IP repository 'e:/ECE532/PWM/IP/ip_repo/PWM_1.0'
