Copyright 1986-2016 Xilinx, Inc. All Rights Reserved.
------------------------------------------------------------------------------------
| Tool Version : Vivado v.2016.4 (win64) Build 1733598 Wed Dec 14 22:35:39 MST 2016
| Date         : Wed Mar 15 16:44:18 2017
| Host         : yy_ideapad running 64-bit major release  (build 9200)
| Command      : upgrade_ip
| Device       : xc7a100tcsg324-1
------------------------------------------------------------------------------------

Upgrade Log for IP 'fifo_generator_0'

1. Summary
----------

SUCCESS in the upgrade of fifo_generator_0 (xilinx.com:ip:fifo_generator:13.1) from (Rev. 1) to (Rev. 3)






Copyright 1986-2016 Xilinx, Inc. All Rights Reserved.
------------------------------------------------------------------------------------
| Tool Version : Vivado v.2016.4 (win64) Build 1733598 Wed Dec 14 22:35:39 MST 2016
| Date         : Wed Mar 15 16:44:17 2017
| Host         : yy_ideapad running 64-bit major release  (build 9200)
| Command      : upgrade_ip
| Device       : xc7a100tcsg324-1
------------------------------------------------------------------------------------

Upgrade Log for IP 'clk_wiz_0'

1. Summary
----------

SUCCESS in the upgrade of clk_wiz_0 (xilinx.com:ip:clk_wiz:5.3) from (Rev. 1) to (Rev. 3)






Copyright 1986-2016 Xilinx, Inc. All Rights Reserved.
------------------------------------------------------------------------------------
| Tool Version : Vivado v.2016.4 (win64) Build 1733598 Wed Dec 14 22:35:39 MST 2016
| Date         : Wed Mar 15 16:44:11 2017
| Host         : yy_ideapad running 64-bit major release  (build 9200)
| Command      : upgrade_ip
| Device       : xc7a100tcsg324-1
------------------------------------------------------------------------------------

Upgrade Log for IP 'blk_mem_gen_4'

1. Summary
----------

SUCCESS in the upgrade of blk_mem_gen_4 (xilinx.com:ip:blk_mem_gen:8.3) from (Rev. 3) to (Rev. 5)






Copyright 1986-2016 Xilinx, Inc. All Rights Reserved.
------------------------------------------------------------------------------------
| Tool Version : Vivado v.2016.4 (win64) Build 1733598 Wed Dec 14 22:35:39 MST 2016
| Date         : Wed Mar 15 16:44:08 2017
| Host         : yy_ideapad running 64-bit major release  (build 9200)
| Command      : upgrade_ip
| Device       : xc7a100tcsg324-1
------------------------------------------------------------------------------------

Upgrade Log for IP 'blk_mem_gen_3'

1. Summary
----------

SUCCESS in the upgrade of blk_mem_gen_3 (xilinx.com:ip:blk_mem_gen:8.3) from (Rev. 3) to (Rev. 5)






Copyright 1986-2016 Xilinx, Inc. All Rights Reserved.
------------------------------------------------------------------------------------
| Tool Version : Vivado v.2016.4 (win64) Build 1733598 Wed Dec 14 22:35:39 MST 2016
| Date         : Wed Mar 15 16:44:02 2017
| Host         : yy_ideapad running 64-bit major release  (build 9200)
| Command      : upgrade_ip
| Device       : xc7a100tcsg324-1
------------------------------------------------------------------------------------

Upgrade Log for IP 'blk_mem_gen_2'

1. Summary
----------

SUCCESS in the upgrade of blk_mem_gen_2 (xilinx.com:ip:blk_mem_gen:8.3) from (Rev. 3) to (Rev. 5)






Copyright 1986-2016 Xilinx, Inc. All Rights Reserved.
------------------------------------------------------------------------------------
| Tool Version : Vivado v.2016.4 (win64) Build 1733598 Wed Dec 14 22:35:39 MST 2016
| Date         : Wed Mar 15 16:43:58 2017
| Host         : yy_ideapad running 64-bit major release  (build 9200)
| Command      : upgrade_ip
| Device       : xc7a100tcsg324-1
------------------------------------------------------------------------------------

Upgrade Log for IP 'blk_mem_gen_1'

1. Summary
----------

SUCCESS in the upgrade of blk_mem_gen_1 (xilinx.com:ip:blk_mem_gen:8.3) from (Rev. 3) to (Rev. 5)






Copyright 1986-2016 Xilinx, Inc. All Rights Reserved.
------------------------------------------------------------------------------------
| Tool Version : Vivado v.2016.4 (win64) Build 1733598 Wed Dec 14 22:35:39 MST 2016
| Date         : Wed Mar 15 16:43:52 2017
| Host         : yy_ideapad running 64-bit major release  (build 9200)
| Command      : upgrade_ip
| Device       : xc7a100tcsg324-1
------------------------------------------------------------------------------------

Upgrade Log for IP 'blk_mem_gen_0'

1. Summary
----------

SUCCESS in the upgrade of blk_mem_gen_0 (xilinx.com:ip:blk_mem_gen:8.3) from (Rev. 3) to (Rev. 5)

