Release 14.7 - ngc2edif P_INT.20160526 (nt64)
Copyright (c) 1995-2013 Xilinx, Inc.  All rights reserved.
Reading design jpeg_input_fifo_fifo_generator_v2_3_xst_1.ngc ...
WARNING:NetListWriters:298 - No output is written to
   jpeg_input_fifo_fifo_generator_v2_3_xst_1.xncf, ignored.
Processing design ...
   Preping design's networks ...
   Preping design's macros ...
  finished :Prep
Writing EDIF netlist file jpeg_input_fifo_fifo_generator_v2_3_xst_1.edif ...
ngc2edif: Total memory usage is 86952 kilobytes

Release 14.7 - ngc2edif P_INT.20160526 (nt64)
Copyright (c) 1995-2013 Xilinx, Inc.  All rights reserved.
Reading design jpeg_checkff_fifo_fifo_generator_v2_3_xst_1.ngc ...
WARNING:NetListWriters:298 - No output is written to
   jpeg_checkff_fifo_fifo_generator_v2_3_xst_1.xncf, ignored.
Processing design ...
   Preping design's networks ...
   Preping design's macros ...
  finished :Prep
Writing EDIF netlist file jpeg_checkff_fifo_fifo_generator_v2_3_xst_1.edif ...
ngc2edif: Total memory usage is 87016 kilobytes

Release 14.7 - ngc2edif P_INT.20160526 (nt64)
Copyright (c) 1995-2013 Xilinx, Inc.  All rights reserved.
Reading design jpeg_ht_tables.ngc ...
WARNING:NetListWriters:298 - No output is written to jpeg_ht_tables.xncf,
   ignored.
Processing design ...
   Preping design's networks ...
   Preping design's macros ...
  finished :Prep
Writing EDIF netlist file jpeg_ht_tables.edif ...
ngc2edif: Total memory usage is 85928 kilobytes

Release 14.7 - ngc2edif P_INT.20160526 (nt64)
Copyright (c) 1995-2013 Xilinx, Inc.  All rights reserved.
Reading design jpeg_dequant_multiplier_mult_gen_v8_0_xst_1.ngc ...
WARNING:NetListWriters:298 - No output is written to
   jpeg_dequant_multiplier_mult_gen_v8_0_xst_1.xncf, ignored.
Processing design ...
   Preping design's networks ...
   Preping design's macros ...
  finished :Prep
Writing EDIF netlist file jpeg_dequant_multiplier_mult_gen_v8_0_xst_1.edif ...
ngc2edif: Total memory usage is 85928 kilobytes

Release 14.7 - ngc2edif P_INT.20160526 (nt64)
Copyright (c) 1995-2013 Xilinx, Inc.  All rights reserved.
Reading design jpeg_qt_sr_c_shift_ram_v8_0_xst_1.ngc ...
WARNING:NetListWriters:298 - No output is written to
   jpeg_qt_sr_c_shift_ram_v8_0_xst_1.xncf, ignored.
Processing design ...
   Preping design's networks ...
   Preping design's macros ...
  finished :Prep
Writing EDIF netlist file jpeg_qt_sr_c_shift_ram_v8_0_xst_1.edif ...
ngc2edif: Total memory usage is 86696 kilobytes

Release 14.7 - ngc2edif P_INT.20160526 (nt64)
Copyright (c) 1995-2013 Xilinx, Inc.  All rights reserved.
Reading design jpeg_upsampling_buffer.ngc ...
WARNING:NetListWriters:298 - No output is written to
   jpeg_upsampling_buffer.xncf, ignored.
Processing design ...
   Preping design's networks ...
   Preping design's macros ...
  finished :Prep
Writing EDIF netlist file jpeg_upsampling_buffer.edif ...
ngc2edif: Total memory usage is 86376 kilobytes

Release 14.7 - ngc2edif P_INT.20160526 (nt64)
Copyright (c) 1995-2013 Xilinx, Inc.  All rights reserved.
Reading design jpeg_input_fifo_fifo_generator_v2_3_xst_1.ngc ...
WARNING:NetListWriters:298 - No output is written to
   jpeg_input_fifo_fifo_generator_v2_3_xst_1.xncf, ignored.
Processing design ...
   Preping design's networks ...
   Preping design's macros ...
  finished :Prep
Writing EDIF netlist file jpeg_input_fifo_fifo_generator_v2_3_xst_1.edif ...
ngc2edif: Total memory usage is 88436 kilobytes

Release 14.7 - ngc2edif P_INT.20160526 (nt64)
Copyright (c) 1995-2013 Xilinx, Inc.  All rights reserved.
Reading design jpeg_checkff_fifo_fifo_generator_v2_3_xst_1.ngc ...
WARNING:NetListWriters:298 - No output is written to
   jpeg_checkff_fifo_fifo_generator_v2_3_xst_1.xncf, ignored.
Processing design ...
   Preping design's networks ...
   Preping design's macros ...
  finished :Prep
Writing EDIF netlist file jpeg_checkff_fifo_fifo_generator_v2_3_xst_1.edif ...
ngc2edif: Total memory usage is 88436 kilobytes

Release 14.7 - ngc2edif P_INT.20160526 (nt64)
Copyright (c) 1995-2013 Xilinx, Inc.  All rights reserved.
Reading design jpeg_ht_tables.ngc ...
WARNING:NetListWriters:298 - No output is written to jpeg_ht_tables.xncf,
   ignored.
Processing design ...
   Preping design's networks ...
   Preping design's macros ...
  finished :Prep
Writing EDIF netlist file jpeg_ht_tables.edif ...
ngc2edif: Total memory usage is 87348 kilobytes

Release 14.7 - ngc2edif P_INT.20160526 (nt64)
Copyright (c) 1995-2013 Xilinx, Inc.  All rights reserved.
Reading design jpeg_dequant_multiplier_mult_gen_v8_0_xst_1.ngc ...
WARNING:NetListWriters:298 - No output is written to
   jpeg_dequant_multiplier_mult_gen_v8_0_xst_1.xncf, ignored.
Processing design ...
   Preping design's networks ...
   Preping design's macros ...
  finished :Prep
Writing EDIF netlist file jpeg_dequant_multiplier_mult_gen_v8_0_xst_1.edif ...
ngc2edif: Total memory usage is 87412 kilobytes

Release 14.7 - ngc2edif P_INT.20160526 (nt64)
Copyright (c) 1995-2013 Xilinx, Inc.  All rights reserved.
Reading design jpeg_qt_sr_c_shift_ram_v8_0_xst_1.ngc ...
WARNING:NetListWriters:298 - No output is written to
   jpeg_qt_sr_c_shift_ram_v8_0_xst_1.xncf, ignored.
Processing design ...
   Preping design's networks ...
   Preping design's macros ...
  finished :Prep
Writing EDIF netlist file jpeg_qt_sr_c_shift_ram_v8_0_xst_1.edif ...
ngc2edif: Total memory usage is 88436 kilobytes

Release 14.7 - ngc2edif P_INT.20160526 (nt64)
Copyright (c) 1995-2013 Xilinx, Inc.  All rights reserved.
Reading design jpeg_upsampling_buffer.ngc ...
WARNING:NetListWriters:298 - No output is written to
   jpeg_upsampling_buffer.xncf, ignored.
Processing design ...
   Preping design's networks ...
   Preping design's macros ...
  finished :Prep
Writing EDIF netlist file jpeg_upsampling_buffer.edif ...
ngc2edif: Total memory usage is 87412 kilobytes

