#
# A fatal error has been detected by the Java Runtime Environment:
#
#  EXCEPTION_UNCAUGHT_CXX_EXCEPTION (0xe06d7363) at pc=0x00007ffbcd007788, pid=12976, tid=6028
#
# JRE version: Java(TM) SE Runtime Environment (8.0_66-b18) (build 1.8.0_66-b18)
# Java VM: Java HotSpot(TM) 64-Bit Server VM (25.66-b18 mixed mode windows-amd64 compressed oops)
# Problematic frame:
# C  [KERNELBASE.dll+0x17788]
#
# Failed to write core dump. Minidumps are not enabled by default on client versions of Windows
#
# If you would like to submit a bug report, please visit:
#   http://bugreport.java.com/bugreport/crash.jsp
#

---------------  T H R E A D  ---------------

Current thread (0x0000000013b07000):  VMThread [stack: 0x0000000014b90000,0x0000000014c90000] [id=6028]

siginfo: ExceptionCode=0xe06d7363, ExceptionInformation=0x0000000019930520 0x0000000014c8f448 0x00007ffbad112cb8 0x00007ffbad060000 

Registers:
RAX=0x004c0044002e006c, RBX=0x00007ffbad112cb8, RCX=0x000000000000004c, RDX=0x0000000000000000
RSP=0x0000000014c8f290, RBP=0x0000000014c8f3d0, RSI=0x00000000ffffffff, RDI=0x00000000006da3d0
R8 =0x0000000000000000, R9 =0x0000000000000000, R10=0x0000000000000000, R11=0x0000000000000000
R12=0x0000000000000001, R13=0x0000000000000008, R14=0x0000000000000000, R15=0xffffffffffffffff
RIP=0x00007ffbcd007788, EFLAGS=0x0000000000000206

Top of Stack: (sp=0x0000000014c8f290)
0x0000000014c8f290:   0000000000000000 00007ffbad112cb8
0x0000000014c8f2a0:   00000000ffffffff 00000000006da3d0
0x0000000014c8f2b0:   00000001e06d7363 0000000000000000
0x0000000014c8f2c0:   00007ffbcd007788 0000000000000004
0x0000000014c8f2d0:   0000000019930520 0000000014c8f448
0x0000000014c8f2e0:   00007ffbad112cb8 00007ffbad060000
0x0000000014c8f2f0:   0000000000000008 0000000000000001
0x0000000014c8f300:   00000000006da3d0 00000000ffffffff
0x0000000014c8f310:   0000000014c8f3d0 00007ffbd0a7c26f
0x0000000014c8f320:   0000000014c8f3e0 0000000000000000
0x0000000014c8f330:   0000e15032469093 0000000000000001
0x0000000014c8f340:   00007ffbad129000 00007ffbad060000
0x0000000014c8f350:   0000174256076917 000000000000003f
0x0000000014c8f360:   00007ffbad112cb8 00007ffbad0be92c
0x0000000014c8f370:   000000000000001f 0000000000000008
0x0000000014c8f380:   0000000000000001 00000000006da3d0 

Instructions: (pc=0x00007ffbcd007788)
0x00007ffbcd007768:   49 8b d1 44 0f 47 c0 44 89 44 24 38 49 c1 e0 03
0x00007ffbcd007778:   e8 07 55 06 00 48 8d 4c 24 20 ff 15 d0 08 13 00
0x00007ffbcd007788:   48 8b 8c 24 c0 00 00 00 48 33 cc e8 98 1a 06 00
0x00007ffbcd007798:   48 81 c4 d8 00 00 00 c3 83 64 24 38 00 eb d6 cc 


Register to memory mapping:

RAX=0x004c0044002e006c is an unknown value
RBX=0x00007ffbad112cb8 is an unknown value
RCX=0x000000000000004c is an unknown value
RDX=0x0000000000000000 is an unknown value
RSP=0x0000000014c8f290 is an unknown value
RBP=0x0000000014c8f3d0 is an unknown value
RSI=0x00000000ffffffff is an unallocated location in the heap
RDI=0x00000000006da3d0 is an unknown value
R8 =0x0000000000000000 is an unknown value
R9 =0x0000000000000000 is an unknown value
R10=0x0000000000000000 is an unknown value
R11=0x0000000000000000 is an unknown value
R12=0x0000000000000001 is an unknown value
R13=0x0000000000000008 is an unknown value
R14=0x0000000000000000 is an unknown value
R15=0xffffffffffffffff is an unknown value


Stack: [0x0000000014b90000,0x0000000014c90000],  sp=0x0000000014c8f290,  free space=1020k
Native frames: (J=compiled Java code, j=interpreted, Vv=VM code, C=native code)
C  [KERNELBASE.dll+0x17788]
C  [MSVCR110.dll+0x5e92c]
C  [MSVCR110.dll+0x1315c]
C  [MSVCR110.dll+0x136a9]
C  [MSVCR110.dll+0x13e9c]
C  [MSVCR110.dll+0x239e]
C  [MSVCR110.dll+0xaf9e]
C  [MSVCP110.dll+0x397b9]
C  [librdi_common.dll+0x182316]
C  [librdi_common.dll+0x180fab]
C  [librdi_target_manager.dll+0x2400]
C  [librdi_target_manager.dll+0x2682]
C  [ntdll.dll+0x2a35f]
C  [ntdll.dll+0x806b]
C  [ntdll.dll+0x7d94]
C  [KERNEL32.DLL+0x1ce6a]
C  [MSVCR100.dll+0x20ccd]
V  [jvm.dll+0x210cc5]
V  [jvm.dll+0x249897]
V  [jvm.dll+0x248b36]
V  [jvm.dll+0x248fd1]
V  [jvm.dll+0x2491ee]
V  [jvm.dll+0x29a0fa]
C  [MSVCR100.dll+0x21d9f]
C  [MSVCR100.dll+0x21e3b]
C  [KERNEL32.DLL+0x8364]
C  [ntdll.dll+0x670d1]

VM_Operation (0x000000000014f4c0): Exit, mode: safepoint, requested by thread 0x000000000220e800


---------------  P R O C E S S  ---------------

Java Threads: ( => current thread )
  0x000000001dbaf000 JavaThread "pool-2-thread-2" [_thread_blocked, id=6664, stack(0x000000002a910000,0x000000002aa10000)]
  0x000000001dbaa800 JavaThread "pool-2-thread-1" [_thread_blocked, id=10560, stack(0x0000000029810000,0x0000000029910000)]
  0x000000001dba9000 JavaThread "Thread-35" daemon [_thread_blocked, id=7772, stack(0x0000000029710000,0x0000000029810000)]
  0x00000000172ab800 JavaThread "TCF Channel Transmitter" daemon [_thread_blocked, id=10920, stack(0x0000000024a90000,0x0000000024b90000)]
  0x00000000172ad000 JavaThread "TCF Channel Receiver" daemon [_thread_in_native, id=13024, stack(0x0000000024990000,0x0000000024a90000)]
  0x00000000172b2800 JavaThread "Process monitor" daemon [_thread_in_native, id=12076, stack(0x0000000024390000,0x0000000024490000)]
  0x00000000172b1800 JavaThread "Input Stream Monitor" daemon [_thread_blocked, id=7048, stack(0x0000000024290000,0x0000000024390000)]
  0x00000000172b1000 JavaThread "Output Stream Monitor" daemon [_thread_in_native, id=5572, stack(0x0000000024190000,0x0000000024290000)]
  0x00000000172aa800 JavaThread "Output Stream Monitor" daemon [_thread_in_native, id=4828, stack(0x0000000024090000,0x0000000024190000)]
  0x00000000172a5800 JavaThread "TCF Locator DNS Lookup" daemon [_thread_blocked, id=15012, stack(0x00000000207b0000,0x00000000208b0000)]
  0x0000000016ef7800 JavaThread "TCF Locator Timer" daemon [_thread_blocked, id=8388, stack(0x00000000206b0000,0x00000000207b0000)]
  0x0000000016ef7000 JavaThread "TCF Locator Receiver" daemon [_thread_in_native, id=8400, stack(0x00000000205b0000,0x00000000206b0000)]
  0x0000000016ef5800 JavaThread "TCF Timer Dispatcher" daemon [_thread_blocked, id=6772, stack(0x000000001f7d0000,0x000000001f8d0000)]
  0x0000000016ef1800 JavaThread "EMF Reference Cleaner" daemon [_thread_blocked, id=1064, stack(0x00000000184b0000,0x00000000185b0000)]
  0x00000000154c3800 JavaThread "Service Thread" daemon [_thread_blocked, id=13388, stack(0x0000000015890000,0x0000000015990000)]
  0x0000000013b45800 JavaThread "C1 CompilerThread2" daemon [_thread_blocked, id=11876, stack(0x0000000015390000,0x0000000015490000)]
  0x0000000013b43000 JavaThread "C2 CompilerThread1" daemon [_thread_blocked, id=6020, stack(0x0000000015290000,0x0000000015390000)]
  0x0000000013b4b000 JavaThread "C2 CompilerThread0" daemon [_thread_blocked, id=11820, stack(0x0000000015190000,0x0000000015290000)]
  0x0000000013b49800 JavaThread "Attach Listener" daemon [_thread_blocked, id=2236, stack(0x0000000015090000,0x0000000015190000)]
  0x0000000013b48000 JavaThread "Signal Dispatcher" daemon [_thread_blocked, id=1232, stack(0x0000000014f90000,0x0000000015090000)]
  0x0000000002717800 JavaThread "Finalizer" daemon [_thread_blocked, id=12844, stack(0x0000000014d90000,0x0000000014e90000)]
  0x0000000013b08800 JavaThread "Reference Handler" daemon [_thread_blocked, id=7348, stack(0x0000000014c90000,0x0000000014d90000)]
  0x000000000220e800 JavaThread "main" [_thread_blocked, id=712, stack(0x0000000000050000,0x0000000000150000)]

Other Threads:
=>0x0000000013b07000 VMThread [stack: 0x0000000014b90000,0x0000000014c90000] [id=6028]

VM state:at safepoint (shutting down)

VM Mutex/Monitor currently owned by a thread:  ([mutex/lock_event])
[0x000000000220d1a0] Threads_lock - owner thread: 0x0000000013b07000

Heap:
 PSYoungGen      total 103424K, used 60990K [0x00000000f5580000, 0x00000000fd900000, 0x0000000100000000)
  eden space 79872K, 68% used [0x00000000f5580000,0x00000000f8b30b18,0x00000000fa380000)
  from space 23552K, 25% used [0x00000000fa380000,0x00000000fa95ef60,0x00000000fba80000)
  to   space 23552K, 0% used [0x00000000fc200000,0x00000000fc200000,0x00000000fd900000)
 ParOldGen       total 115200K, used 48975K [0x00000000e0000000, 0x00000000e7080000, 0x00000000f5580000)
  object space 115200K, 42% used [0x00000000e0000000,0x00000000e2fd3cd0,0x00000000e7080000)
 Metaspace       used 83912K, capacity 91104K, committed 91304K, reserved 1128448K
  class space    used 10152K, capacity 12449K, committed 12464K, reserved 1048576K

Card table byte_map: [0x0000000011ae0000,0x0000000011bf0000] byte_map_base: 0x00000000113e0000

Marking Bits: (ParMarkBitMap*) 0x00000000593fa5b0
 Begin Bits: [0x00000000120a0000, 0x00000000128a0000)
 End Bits:   [0x00000000128a0000, 0x00000000130a0000)

Polling page: 0x00000000021c0000

CodeCache: size=245760Kb used=30459Kb max_used=30890Kb free=215300Kb
 bounds [0x0000000002720000, 0x00000000045a0000, 0x0000000011720000]
 total_blobs=9092 nmethods=8209 adapters=791
 compilation: enabled

Compilation events (10 events):
Event: 362.844 Thread 0x0000000013b45800 nmethod 9903 0x00000000030b1b90 code [0x00000000030b1d00, 0x00000000030b1f10]
Event: 362.844 Thread 0x0000000013b45800 9904       3       org.eclipse.osgi.internal.framework.EquinoxContainerAdaptor::invalidateWiring (186 bytes)
Event: 362.844 Thread 0x0000000013b43000 nmethod 9908 0x0000000003369ad0 code [0x0000000003369c20, 0x0000000003369ce8]
Event: 362.846 Thread 0x0000000013b45800 nmethod 9904 0x000000000451f650 code [0x000000000451fa20, 0x0000000004522398]
Event: 362.846 Thread 0x0000000013b45800 9906       3       org.eclipse.osgi.internal.framework.EquinoxContainerAdaptor::clearManifestCache (84 bytes)
Event: 362.847 Thread 0x0000000013b45800 nmethod 9906 0x0000000003e2ea10 code [0x0000000003e2ec60, 0x0000000003e30378]
Event: 362.847 Thread 0x0000000013b45800 9901       3       org.eclipse.osgi.internal.container.AtomicLazyInitializer::getAndClear (9 bytes)
Event: 362.848 Thread 0x0000000013b45800 nmethod 9901 0x00000000030c6910 code [0x00000000030c6a80, 0x00000000030c6cd0]
Event: 362.848 Thread 0x0000000013b45800 9902       3       java.util.concurrent.atomic.AtomicReference::getAndSet (12 bytes)
Event: 362.848 Thread 0x0000000013b45800 nmethod 9902 0x000000000373cf50 code [0x000000000373d0a0, 0x000000000373d210]

GC Heap History (10 events):
Event: 19.846 GC heap before
{Heap before GC invocations=13 (full 3):
 PSYoungGen      total 81920K, used 62976K [0x00000000f5580000, 0x00000000fc680000, 0x0000000100000000)
  eden space 62976K, 100% used [0x00000000f5580000,0x00000000f9300000,0x00000000f9300000)
  from space 18944K, 0% used [0x00000000f9300000,0x00000000f9300000,0x00000000fa580000)
  to   space 21504K, 0% used [0x00000000fb180000,0x00000000fb180000,0x00000000fc680000)
 ParOldGen       total 115200K, used 42393K [0x00000000e0000000, 0x00000000e7080000, 0x00000000f5580000)
  object space 115200K, 36% used [0x00000000e0000000,0x00000000e29665f0,0x00000000e7080000)
 Metaspace       used 67106K, capacity 72660K, committed 72744K, reserved 1112064K
  class space    used 8083K, capacity 9700K, committed 9776K, reserved 1048576K
Event: 19.870 GC heap after
Heap after GC invocations=13 (full 3):
 PSYoungGen      total 93184K, used 16695K [0x00000000f5580000, 0x00000000fc800000, 0x0000000100000000)
  eden space 71680K, 0% used [0x00000000f5580000,0x00000000f5580000,0x00000000f9b80000)
  from space 21504K, 77% used [0x00000000fb180000,0x00000000fc1cddd8,0x00000000fc680000)
  to   space 22528K, 0% used [0x00000000f9b80000,0x00000000f9b80000,0x00000000fb180000)
 ParOldGen       total 115200K, used 42401K [0x00000000e0000000, 0x00000000e7080000, 0x00000000f5580000)
  object space 115200K, 36% used [0x00000000e0000000,0x00000000e29685f0,0x00000000e7080000)
 Metaspace       used 67106K, capacity 72660K, committed 72744K, reserved 1112064K
  class space    used 8083K, capacity 9700K, committed 9776K, reserved 1048576K
}
Event: 105.960 GC heap before
{Heap before GC invocations=14 (full 3):
 PSYoungGen      total 93184K, used 88375K [0x00000000f5580000, 0x00000000fc800000, 0x0000000100000000)
  eden space 71680K, 100% used [0x00000000f5580000,0x00000000f9b80000,0x00000000f9b80000)
  from space 21504K, 77% used [0x00000000fb180000,0x00000000fc1cddd8,0x00000000fc680000)
  to   space 22528K, 0% used [0x00000000f9b80000,0x00000000f9b80000,0x00000000fb180000)
 ParOldGen       total 115200K, used 42401K [0x00000000e0000000, 0x00000000e7080000, 0x00000000f5580000)
  object space 115200K, 36% used [0x00000000e0000000,0x00000000e29685f0,0x00000000e7080000)
 Metaspace       used 76517K, capacity 82686K, committed 82984K, reserved 1120256K
  class space    used 9310K, capacity 11255K, committed 11312K, reserved 1048576K
Event: 106.054 GC heap after
Heap after GC invocations=14 (full 3):
 PSYoungGen      total 94208K, used 18372K [0x00000000f5580000, 0x00000000fd280000, 0x0000000100000000)
  eden space 71680K, 0% used [0x00000000f5580000,0x00000000f5580000,0x00000000f9b80000)
  from space 22528K, 81% used [0x00000000f9b80000,0x00000000fad71220,0x00000000fb180000)
  to   space 24064K, 0% used [0x00000000fbb00000,0x00000000fbb00000,0x00000000fd280000)
 ParOldGen       total 115200K, used 42409K [0x00000000e0000000, 0x00000000e7080000, 0x00000000f5580000)
  object space 115200K, 36% used [0x00000000e0000000,0x00000000e296a5f0,0x00000000e7080000)
 Metaspace       used 76517K, capacity 82686K, committed 82984K, reserved 1120256K
  class space    used 9310K, capacity 11255K, committed 11312K, reserved 1048576K
}
Event: 114.140 GC heap before
{Heap before GC invocations=15 (full 3):
 PSYoungGen      total 94208K, used 40978K [0x00000000f5580000, 0x00000000fd280000, 0x0000000100000000)
  eden space 71680K, 31% used [0x00000000f5580000,0x00000000f6b93720,0x00000000f9b80000)
  from space 22528K, 81% used [0x00000000f9b80000,0x00000000fad71220,0x00000000fb180000)
  to   space 24064K, 0% used [0x00000000fbb00000,0x00000000fbb00000,0x00000000fd280000)
 ParOldGen       total 115200K, used 42409K [0x00000000e0000000, 0x00000000e7080000, 0x00000000f5580000)
  object space 115200K, 36% used [0x00000000e0000000,0x00000000e296a5f0,0x00000000e7080000)
 Metaspace       used 78020K, capacity 84540K, committed 84904K, reserved 1122304K
  class space    used 9508K, capacity 11570K, committed 11696K, reserved 1048576K
Event: 114.161 GC heap after
Heap after GC invocations=15 (full 3):
 PSYoungGen      total 102912K, used 13213K [0x00000000f5580000, 0x00000000fd180000, 0x0000000100000000)
  eden space 79872K, 0% used [0x00000000f5580000,0x00000000f5580000,0x00000000fa380000)
  from space 23040K, 57% used [0x00000000fbb00000,0x00000000fc7e7418,0x00000000fd180000)
  to   space 23552K, 0% used [0x00000000fa380000,0x00000000fa380000,0x00000000fba80000)
 ParOldGen       total 115200K, used 42417K [0x00000000e0000000, 0x00000000e7080000, 0x00000000f5580000)
  object space 115200K, 36% used [0x00000000e0000000,0x00000000e296c5f0,0x00000000e7080000)
 Metaspace       used 78020K, capacity 84540K, committed 84904K, reserved 1122304K
  class space    used 9508K, capacity 11570K, committed 11696K, reserved 1048576K
}
Event: 114.161 GC heap before
{Heap before GC invocations=16 (full 4):
 PSYoungGen      total 102912K, used 13213K [0x00000000f5580000, 0x00000000fd180000, 0x0000000100000000)
  eden space 79872K, 0% used [0x00000000f5580000,0x00000000f5580000,0x00000000fa380000)
  from space 23040K, 57% used [0x00000000fbb00000,0x00000000fc7e7418,0x00000000fd180000)
  to   space 23552K, 0% used [0x00000000fa380000,0x00000000fa380000,0x00000000fba80000)
 ParOldGen       total 115200K, used 42417K [0x00000000e0000000, 0x00000000e7080000, 0x00000000f5580000)
  object space 115200K, 36% used [0x00000000e0000000,0x00000000e296c5f0,0x00000000e7080000)
 Metaspace       used 78020K, capacity 84540K, committed 84904K, reserved 1122304K
  class space    used 9508K, capacity 11570K, committed 11696K, reserved 1048576K
Event: 114.719 GC heap after
Heap after GC invocations=16 (full 4):
 PSYoungGen      total 102912K, used 0K [0x00000000f5580000, 0x00000000fd180000, 0x0000000100000000)
  eden space 79872K, 0% used [0x00000000f5580000,0x00000000f5580000,0x00000000fa380000)
  from space 23040K, 0% used [0x00000000fbb00000,0x00000000fbb00000,0x00000000fd180000)
  to   space 23552K, 0% used [0x00000000fa380000,0x00000000fa380000,0x00000000fba80000)
 ParOldGen       total 115200K, used 48967K [0x00000000e0000000, 0x00000000e7080000, 0x00000000f5580000)
  object space 115200K, 42% used [0x00000000e0000000,0x00000000e2fd1cd0,0x00000000e7080000)
 Metaspace       used 78020K, capacity 84540K, committed 84904K, reserved 1122304K
  class space    used 9508K, capacity 11570K, committed 11696K, reserved 1048576K
}
Event: 171.740 GC heap before
{Heap before GC invocations=17 (full 4):
 PSYoungGen      total 102912K, used 79872K [0x00000000f5580000, 0x00000000fd180000, 0x0000000100000000)
  eden space 79872K, 100% used [0x00000000f5580000,0x00000000fa380000,0x00000000fa380000)
  from space 23040K, 0% used [0x00000000fbb00000,0x00000000fbb00000,0x00000000fd180000)
  to   space 23552K, 0% used [0x00000000fa380000,0x00000000fa380000,0x00000000fba80000)
 ParOldGen       total 115200K, used 48967K [0x00000000e0000000, 0x00000000e7080000, 0x00000000f5580000)
  object space 115200K, 42% used [0x00000000e0000000,0x00000000e2fd1cd0,0x00000000e7080000)
 Metaspace       used 82164K, capacity 89282K, committed 89384K, reserved 1126400K
  class space    used 9990K, capacity 12251K, committed 12336K, reserved 1048576K
Event: 171.751 GC heap after
Heap after GC invocations=17 (full 4):
 PSYoungGen      total 103424K, used 6011K [0x00000000f5580000, 0x00000000fd900000, 0x0000000100000000)
  eden space 79872K, 0% used [0x00000000f5580000,0x00000000f5580000,0x00000000fa380000)
  from space 23552K, 25% used [0x00000000fa380000,0x00000000fa95ef60,0x00000000fba80000)
  to   space 23552K, 0% used [0x00000000fc200000,0x00000000fc200000,0x00000000fd900000)
 ParOldGen       total 115200K, used 48975K [0x00000000e0000000, 0x00000000e7080000, 0x00000000f5580000)
  object space 115200K, 42% used [0x00000000e0000000,0x00000000e2fd3cd0,0x00000000e7080000)
 Metaspace       used 82164K, capacity 89282K, committed 89384K, reserved 1126400K
  class space    used 9990K, capacity 12251K, committed 12336K, reserved 1048576K
}

Deoptimization events (10 events):
Event: 359.390 Thread 0x000000000220e800 Uncommon trap: reason=unstable_if action=reinterpret pc=0x00000000031dab04 method=java.lang.reflect.Executable.equalParamTypes([Ljava/lang/Class;[Ljava/lang/Class;)Z @ 12
Event: 359.392 Thread 0x000000000220e800 Uncommon trap: reason=bimorphic action=maybe_recompile pc=0x000000000391d748 method=java.util.HashMap.removeNode(ILjava/lang/Object;Ljava/lang/Object;ZZ)Ljava/util/HashMap$Node; @ 143
Event: 359.717 Thread 0x000000000220e800 Uncommon trap: reason=unstable_if action=reinterpret pc=0x0000000003bce3d8 method=org.eclipse.swt.widgets.Display.drawMenuBars()V @ 4
Event: 359.717 Thread 0x000000000220e800 Uncommon trap: reason=unstable_if action=reinterpret pc=0x0000000003474b10 method=org.eclipse.swt.widgets.Display.runDeferredLayouts()Z @ 42
Event: 360.610 Thread 0x000000000220e800 Uncommon trap: reason=unstable_if action=reinterpret pc=0x00000000043f46dc method=org.eclipse.emf.ecore.impl.MinimalEObjectImpl.setField(ILjava/lang/Object;)V @ 9
Event: 360.610 Thread 0x000000000220e800 Uncommon trap: reason=unstable_if action=reinterpret pc=0x00000000043ac25c method=org.eclipse.emf.ecore.impl.MinimalEObjectImpl.setField(ILjava/lang/Object;)V @ 9
Event: 360.881 Thread 0x0000000016ef4000 Uncommon trap: reason=unstable_if action=reinterpret pc=0x00000000028baac8 method=org.eclipse.e4.ui.internal.workbench.swt.E4Application$1.syncExec(Ljava/lang/Runnable;)V @ 14
Event: 361.247 Thread 0x000000001dba9800 Uncommon trap: reason=unstable_if action=reinterpret pc=0x00000000028a4724 method=sun.nio.cs.SingleByte$Encoder.encode(C)I @ 13
Event: 362.437 Thread 0x000000001dbaf800 Uncommon trap: reason=unstable_if action=reinterpret pc=0x00000000034646b0 method=org.eclipse.osgi.internal.hooks.EclipseLazyStarter.shouldActivateFor(Ljava/lang/String;Lorg/eclipse/osgi/container/Module;Lorg/eclipse/osgi/container/ModuleRevision;Lorg/ecli7a™BÎ¨v@
Event: 362.550 Thread 0x000000001dbaf800 Uncommon trap: reason=null_check action=maybe_recompile pc=0x000000000409c434 method=com.xilinx.sdk.targetmanager.internal.json.XMDJSONProcess.issueCommand(Ljava/lang/String;)Lcom/xilinx/sdk/targetmanager/internal/IXMDResult; @ 3

Internal exceptions (10 events):
Event: 360.840 Thread 0x000000000220e800 Exception <a 'java/io/FileNotFoundException'> (0x00000000f81ac1c0) thrown at [C:\re\workspace\8-2-build-windows-amd64-cygwin\jdk8u66\5298\hotspot\src\share\vm\prims\jni.cpp, line 709]
Event: 360.840 Thread 0x000000000220e800 Exception <a 'java/io/FileNotFoundException'> (0x00000000f81add68) thrown at [C:\re\workspace\8-2-build-windows-amd64-cygwin\jdk8u66\5298\hotspot\src\share\vm\prims\jni.cpp, line 709]
Event: 360.840 Thread 0x000000000220e800 Exception <a 'java/io/FileNotFoundException'> (0x00000000f81afa48) thrown at [C:\re\workspace\8-2-build-windows-amd64-cygwin\jdk8u66\5298\hotspot\src\share\vm\prims\jni.cpp, line 709]
Event: 361.243 Thread 0x000000001dba7800 Exception <a 'java/lang/InterruptedException'> (0x00000000f8578208) thrown at [C:\re\workspace\8-2-build-windows-amd64-cygwin\jdk8u66\5298\hotspot\src\share\vm\runtime\objectMonitor.cpp, line 1683]
Event: 362.550 Thread 0x000000001dbaf800 Implicit null exception at 0x0000000004099707 to 0x000000000409c425
Event: 362.550 Thread 0x000000001dbaf800 Exception <a 'java/lang/NullPointerException'> (0x00000000f87bb598) thrown at [C:\re\workspace\8-2-build-windows-amd64-cygwin\jdk8u66\5298\hotspot\src\share\vm\prims\jvm.cpp, line 1390]
Event: 362.762 Thread 0x0000000016ef4000 Exception <a 'java/lang/InterruptedException'> (0x00000000f5ed5960) thrown at [C:\re\workspace\8-2-build-windows-amd64-cygwin\jdk8u66\5298\hotspot\src\share\vm\runtime\objectMonitor.cpp, line 1683]
Event: 362.818 Thread 0x0000000016527800 Exception <a 'java/lang/InterruptedException'> (0x00000000f88e0728) thrown at [C:\re\workspace\8-2-build-windows-amd64-cygwin\jdk8u66\5298\hotspot\src\share\vm\runtime\objectMonitor.cpp, line 1683]
Event: 362.837 Thread 0x0000000016ef3000 Exception <a 'java/lang/InterruptedException'> (0x00000000f61074d0) thrown at [C:\re\workspace\8-2-build-windows-amd64-cygwin\jdk8u66\5298\hotspot\src\share\vm\runtime\objectMonitor.cpp, line 1683]
Event: 362.839 Thread 0x000000001675d000 Exception <a 'java/lang/InterruptedException'> (0x00000000f8acd9e8) thrown at [C:\re\workspace\8-2-build-windows-amd64-cygwin\jdk8u66\5298\hotspot\src\share\vm\runtime\objectMonitor.cpp, line 1683]

Events (10 events):
Event: 362.839 Executing VM operation: RevokeBias done
Event: 362.840 Thread 0x000000001675d000 Thread exited: 0x000000001675d000
Event: 362.843 Thread 0x000000001dbaf800 Thread exited: 0x000000001dbaf800
Event: 362.856 loading class java/util/IdentityHashMap$KeyIterator
Event: 362.870 loading class java/util/IdentityHashMap$IdentityHashMapIterator
Event: 362.883 loading class java/util/IdentityHashMap$IdentityHashMapIterator done
Event: 362.883 loading class java/util/IdentityHashMap$KeyIterator done
Event: 362.883 Thread 0x000000001dba9800 Thread added: 0x000000001dba9800
Event: 362.883 Thread 0x000000001dba9800 Thread exited: 0x000000001dba9800
Event: 362.893 Executing VM operation: Exit


Dynamic libraries:
0x0000000000400000 - 0x000000000044f000 	E:\Xilinx\SDK\2016.2\eclipse\win64.o\eclipse.exe
0x00007ffbd0a30000 - 0x00007ffbd0c01000 	C:\WINDOWS\SYSTEM32\ntdll.dll
0x00007ffbce350000 - 0x00007ffbce3fb000 	C:\WINDOWS\System32\KERNEL32.DLL
0x00007ffbccff0000 - 0x00007ffbcd20d000 	C:\WINDOWS\System32\KERNELBASE.dll
0x00007ffbd0570000 - 0x00007ffbd06d5000 	C:\WINDOWS\System32\USER32.dll
0x00007ffbcd650000 - 0x00007ffbcd66e000 	C:\WINDOWS\System32\win32u.dll
0x00007ffbd0930000 - 0x00007ffbd0964000 	C:\WINDOWS\System32\GDI32.dll
0x00007ffbcd210000 - 0x00007ffbcd392000 	C:\WINDOWS\System32\gdi32full.dll
0x00007ffbce290000 - 0x00007ffbce32e000 	C:\WINDOWS\System32\msvcrt.dll
0x00007ffbc0f00000 - 0x00007ffbc1179000 	C:\WINDOWS\WinSxS\amd64_microsoft.windows.common-controls_6595b64144ccf1df_6.0.14393.447_none_42191651c6827bb3\COMCTL32.dll
0x00007ffbcdfc0000 - 0x00007ffbce288000 	C:\WINDOWS\System32\combase.dll
0x00007ffbcd550000 - 0x00007ffbcd645000 	C:\WINDOWS\System32\ucrtbase.dll
0x00007ffbd06e0000 - 0x00007ffbd0801000 	C:\WINDOWS\System32\RPCRT4.dll
0x00007ffbccf20000 - 0x00007ffbccf8a000 	C:\WINDOWS\System32\bcryptPrimitives.dll
0x00007ffbd09e0000 - 0x00007ffbd0a0e000 	C:\WINDOWS\System32\IMM32.DLL
0x0000000072000000 - 0x0000000072012000 	E:\Xilinx\SDK\2016.2\eclipse\win64.o\plugins\org.eclipse.equinox.launcher.win32.win32.x86_64_1.1.300.v20150602-1417\eclipse_1611.dll
0x00007ffbd04c0000 - 0x00007ffbd0562000 	C:\WINDOWS\System32\ADVAPI32.dll
0x00007ffbd08d0000 - 0x00007ffbd0929000 	C:\WINDOWS\System32\sechost.dll
0x00007ffbbeba0000 - 0x00007ffbbebaa000 	C:\WINDOWS\SYSTEM32\VERSION.dll
0x00007ffbcb620000 - 0x00007ffbcb6b5000 	C:\WINDOWS\system32\uxtheme.dll
0x00007ffbcead0000 - 0x00007ffbcec2b000 	C:\WINDOWS\System32\MSCTF.dll
0x00007ffbd0810000 - 0x00007ffbd08cf000 	C:\WINDOWS\System32\OLEAUT32.dll
0x00007ffbcd670000 - 0x00007ffbcd70c000 	C:\WINDOWS\System32\msvcp_win.dll
0x0000000058bf0000 - 0x0000000059479000 	E:\Xilinx\SDK\2016.2\tps\win64\jre\bin\server\jvm.dll
0x00007ffbd0a20000 - 0x00007ffbd0a28000 	C:\WINDOWS\System32\PSAPI.DLL
0x00007ffbbce90000 - 0x00007ffbbce99000 	C:\WINDOWS\SYSTEM32\WSOCK32.dll
0x000000005ad30000 - 0x000000005ae02000 	C:\WINDOWS\SYSTEM32\MSVCR100.dll
0x00007ffbcb320000 - 0x00007ffbcb343000 	C:\WINDOWS\SYSTEM32\WINMM.dll
0x00007ffbcec30000 - 0x00007ffbcec9a000 	C:\WINDOWS\System32\WS2_32.dll
0x0000000002190000 - 0x00000000021bb000 	C:\WINDOWS\SYSTEM32\WINMMBASE.dll
0x00007ffbcd3a0000 - 0x00007ffbcd3e2000 	C:\WINDOWS\System32\cfgmgr32.dll
0x0000000058ab0000 - 0x0000000058abf000 	E:\Xilinx\SDK\2016.2\tps\win64\jre\bin\verify.dll
0x0000000058a80000 - 0x0000000058aa9000 	E:\Xilinx\SDK\2016.2\tps\win64\jre\bin\java.dll
0x0000000058a60000 - 0x0000000058a76000 	E:\Xilinx\SDK\2016.2\tps\win64\jre\bin\zip.dll
0x00007ffbcef50000 - 0x00007ffbd0459000 	C:\WINDOWS\System32\SHELL32.dll
0x00007ffbcd710000 - 0x00007ffbcddea000 	C:\WINDOWS\System32\windows.storage.dll
0x00007ffbccec0000 - 0x00007ffbccf0c000 	C:\WINDOWS\System32\powrprof.dll
0x00007ffbd0460000 - 0x00007ffbd04b2000 	C:\WINDOWS\System32\shlwapi.dll
0x00007ffbccf10000 - 0x00007ffbccf1f000 	C:\WINDOWS\System32\kernel.appcore.dll
0x00007ffbcd4a0000 - 0x00007ffbcd549000 	C:\WINDOWS\System32\shcore.dll
0x00007ffbccea0000 - 0x00007ffbcceb4000 	C:\WINDOWS\System32\profapi.dll
0x00007ffbcc900000 - 0x00007ffbcc917000 	C:\WINDOWS\SYSTEM32\CRYPTSP.dll
0x00007ffbcc370000 - 0x00007ffbcc3a3000 	C:\WINDOWS\system32\rsaenh.dll
0x00007ffbccdd0000 - 0x00007ffbccdfb000 	C:\WINDOWS\SYSTEM32\bcrypt.dll
0x00007ffbcc5e0000 - 0x00007ffbcc5ff000 	C:\WINDOWS\SYSTEM32\USERENV.dll
0x00007ffbcc920000 - 0x00007ffbcc92b000 	C:\WINDOWS\SYSTEM32\CRYPTBASE.dll
0x0000000058a40000 - 0x0000000058a5a000 	E:\Xilinx\SDK\2016.2\tps\win64\jre\bin\net.dll
0x00007ffbcc760000 - 0x00007ffbcc7bc000 	C:\WINDOWS\system32\mswsock.dll
0x00007ffbcc4f0000 - 0x00007ffbcc528000 	C:\WINDOWS\SYSTEM32\IPHLPAPI.DLL
0x00007ffbcef40000 - 0x00007ffbcef48000 	C:\WINDOWS\System32\NSI.dll
0x00007ffbc6780000 - 0x00007ffbc6796000 	C:\WINDOWS\SYSTEM32\dhcpcsvc6.DLL
0x00007ffbc68f0000 - 0x00007ffbc690a000 	C:\WINDOWS\SYSTEM32\dhcpcsvc.DLL
0x0000000058a20000 - 0x0000000058a31000 	E:\Xilinx\SDK\2016.2\tps\win64\jre\bin\nio.dll
0x00007ffbc0390000 - 0x00007ffbc03a6000 	C:\WINDOWS\system32\napinsp.dll
0x00007ffbc03b0000 - 0x00007ffbc03ca000 	C:\WINDOWS\system32\pnrpnsp.dll
0x00007ffbca840000 - 0x00007ffbca858000 	C:\WINDOWS\system32\NLAapi.dll
0x00007ffbcc540000 - 0x00007ffbcc5e0000 	C:\WINDOWS\SYSTEM32\DNSAPI.dll
0x00007ffbc0740000 - 0x00007ffbc074e000 	C:\WINDOWS\System32\winrnr.dll
0x000000005aeb0000 - 0x000000005aed6000 	C:\Program Files\Bonjour\mdnsNSP.dll
0x00007ffbc1180000 - 0x00007ffbc118a000 	C:\Windows\System32\rasadhlp.dll
0x00007ffbc51f0000 - 0x00007ffbc525a000 	C:\WINDOWS\System32\fwpuclnt.dll
0x00000000181b0000 - 0x0000000018258000 	C:\Users\Mixi\.Xilinx\SDK\2016.2\org.eclipse.osgi\312\0\.cp\swt-win32-4527.dll
0x00007ffbce400000 - 0x00007ffbce537000 	C:\WINDOWS\System32\ole32.dll
0x00007ffbce540000 - 0x00007ffbce63a000 	C:\WINDOWS\System32\comdlg32.dll
0x00007ffbcddf0000 - 0x00007ffbcdfb9000 	C:\WINDOWS\System32\CRYPT32.dll
0x00007ffbcce90000 - 0x00007ffbccea0000 	C:\WINDOWS\System32\MSASN1.dll
0x00007ffbc73f0000 - 0x00007ffbc7475000 	C:\WINDOWS\SYSTEM32\WINSPOOL.DRV
0x00007ffbc5ab0000 - 0x00007ffbc5ac9000 	C:\WINDOWS\SYSTEM32\USP10.dll
0x00007ffbc1490000 - 0x00007ffbc1723000 	C:\WINDOWS\SYSTEM32\WININET.dll
0x00007ffbcaf10000 - 0x00007ffbcaf36000 	C:\WINDOWS\system32\dwmapi.dll
0x00007ffbca980000 - 0x00007ffbcab05000 	C:\WINDOWS\SYSTEM32\propsys.dll
0x00007ffbceca0000 - 0x00007ffbced3f000 	C:\WINDOWS\System32\clbcatq.dll
0x00000000187e0000 - 0x00000000187fe000 	C:\Users\Mixi\.Xilinx\SDK\2016.2\org.eclipse.osgi\312\0\.cp\swt-gdip-win32-4527.dll
0x00007ffbbd000000 - 0x00007ffbbd19a000 	C:\WINDOWS\WinSxS\amd64_microsoft.windows.gdiplus_6595b64144ccf1df_1.1.14393.321_none_72fe05dd211a5fae\gdiplus.dll
0x00007ffbca2f0000 - 0x00007ffbca498000 	C:\WINDOWS\SYSTEM32\WindowsCodecs.dll
0x0000000180000000 - 0x0000000180012000 	C:\Users\Mixi\.Xilinx\SDK\2016.2\org.eclipse.osgi\126\0\.cp\os\win32\x86_64\localfile_1_0_0.dll
0x00007ffbb3da0000 - 0x00007ffbb3e05000 	C:\WINDOWS\SYSTEM32\oleacc.dll
0x00007ffbc0250000 - 0x00007ffbc0257000 	C:\WINDOWS\SYSTEM32\msimg32.dll
0x00007ffbbf890000 - 0x00007ffbbf8a1000 	C:\Users\Mixi\.Xilinx\SDK\2016.2\org.eclipse.osgi\129\0\.cp\jWinHttp-1.0.0.dll
0x00007ffbc97a0000 - 0x00007ffbc986d000 	C:\WINDOWS\SYSTEM32\WINHTTP.dll
0x00007ffbc0730000 - 0x00007ffbc073f000 	E:\Xilinx\SDK\2016.2\lib\win64.o\librdi_repo_manager.dll
0x00007ffbba8a0000 - 0x00007ffbba8ca000 	E:\Xilinx\SDK\2016.2\lib\win64.o\libisl_sysinfo.dll
0x00007ffbaf9b0000 - 0x00007ffbafa04000 	E:\Xilinx\SDK\2016.2\lib\win64.o\librdi_commonxillic.dll
0x00007ffb72fd0000 - 0x00007ffb73a10000 	E:\Xilinx\SDK\2016.2\lib\win64.o\librdi_common.dll
0x00007ffbaecb0000 - 0x00007ffbaed57000 	C:\WINDOWS\SYSTEM32\MSVCP110.dll
0x00007ffbad060000 - 0x00007ffbad134000 	C:\WINDOWS\SYSTEM32\MSVCR110.dll
0x00007ffbad670000 - 0x00007ffbad88f000 	E:\Xilinx\SDK\2016.2\lib\win64.o\libXil_lmgr11.dll
0x00007ffbba870000 - 0x00007ffbba894000 	E:\Xilinx\SDK\2016.2\lib\win64.o\libboost_filesystem.dll
0x00007ffbad560000 - 0x00007ffbad666000 	E:\Xilinx\SDK\2016.2\lib\win64.o\libboost_regex.dll
0x00007ffbccf90000 - 0x00007ffbccfe5000 	C:\WINDOWS\System32\WINTRUST.dll
0x00007ffbc02a0000 - 0x00007ffbc02a9000 	E:\Xilinx\SDK\2016.2\lib\win64.o\libboost_system.dll
0x00007ffb75530000 - 0x00007ffb7589e000 	E:\Xilinx\SDK\2016.2\lib\win64.o\libCOIN-all.dll
0x00007ffbbf370000 - 0x00007ffbbf380000 	E:\Xilinx\SDK\2016.2\lib\win64.o\libboost_date_time.dll
0x00007ffbaf930000 - 0x00007ffbaf9a7000 	E:\Xilinx\SDK\2016.2\lib\win64.o\libboost_program_options.dll
0x00007ffbba800000 - 0x00007ffbba81d000 	E:\Xilinx\SDK\2016.2\lib\win64.o\libboost_thread.dll
0x00007ffbaf910000 - 0x00007ffbaf923000 	E:\Xilinx\SDK\2016.2\lib\win64.o\libboost_signals.dll
0x00007ffbbf360000 - 0x00007ffbbf36b000 	E:\Xilinx\SDK\2016.2\lib\win64.o\libboost_xilinx.dll
0x00007ffbad4c0000 - 0x00007ffbad55a000 	E:\Xilinx\SDK\2016.2\lib\win64.o\libhdxml.dll
0x00007ffbad440000 - 0x00007ffbad4c0000 	E:\Xilinx\SDK\2016.2\lib\win64.o\libhdlpsolve.dll
0x00007ffb72b60000 - 0x00007ffb72fc5e00 	E:\Xilinx\SDK\2016.2\lib\win64.o\libisl_iostreams.dll
0x00007ffba5e50000 - 0x00007ffba5f80000 	E:\Xilinx\SDK\2016.2\lib\win64.o\librdi_curl.dll
0x00007ffbaf380000 - 0x00007ffbaf398000 	E:\Xilinx\SDK\2016.2\lib\win64.o\librdiconfig.dll
0x00007ffbaeb50000 - 0x00007ffbaeb73000 	E:\Xilinx\SDK\2016.2\lib\win64.o\librdizlib.dll
0x0000000058ac0000 - 0x0000000058be7000 	E:\Xilinx\SDK\2016.2\lib\win64.o\tcl85t.dll
0x00007ffbc1730000 - 0x00007ffbc18f2000 	C:\WINDOWS\SYSTEM32\urlmon.dll
0x0000000023590000 - 0x00000000237f3000 	E:\Xilinx\SDK\2016.2\lib\win64.o\xerces-c_3_1.dll
0x00007ffbb8bd0000 - 0x00007ffbb8bf3000 	C:\WINDOWS\SYSTEM32\VCOMP110.DLL
0x00007ffbc0710000 - 0x00007ffbc0728000 	C:\WINDOWS\SYSTEM32\NETAPI32.dll
0x00007ffbbdfc0000 - 0x00007ffbbdfcb000 	E:\Xilinx\SDK\2016.2\lib\win64.o\libboost_chrono.dll
0x00007ffbaec90000 - 0x00007ffbaeca6000 	E:\Xilinx\SDK\2016.2\lib\win64.o\libboost_iostreams.dll
0x00007ffbad410000 - 0x00007ffbad433000 	E:\Xilinx\SDK\2016.2\lib\win64.o\libisl_iosutils.dll
0x00007ffbc3230000 - 0x00007ffbc34d3000 	C:\WINDOWS\SYSTEM32\iertutil.dll
0x00007ffb7f720000 - 0x00007ffb7f912000 	E:\Xilinx\SDK\2016.2\lib\win64.o\librdi_hsm.dll
0x00007ffbae030000 - 0x00007ffbae045000 	E:\Xilinx\SDK\2016.2\lib\win64.o\pthreadVC2.dll
0x00007ffbad3c0000 - 0x00007ffbad403000 	E:\Xilinx\SDK\2016.2\lib\win64.o\librdi_hdf.dll
0x00007ffb728d0000 - 0x00007ffb72b51000 	E:\Xilinx\SDK\2016.2\lib\win64.o\librdi_ippcw.dll
0x00007ffbb2910000 - 0x00007ffbb2952000 	C:\WINDOWS\SYSTEM32\edputil.dll
0x00007ffbad360000 - 0x00007ffbad376000 	E:\Xilinx\SDK\2016.2\eclipse\win64.o\plugins\org.eclipse.cdt.core.win32.x86_64_5.4.0.201509131935\os\win32\x86_64\spawner.dll
0x0000000071080000 - 0x00000000710a6000 	E:\Xilinx\SDK\2016.2\eclipse\win64.o\plugins\gnu.io.rxtx.win32.x86_64_2.1.7.3_v20071015\os\win32\x86_64\rxtxSerial.dll
0x00007ffbbd9b0000 - 0x00007ffbbd9ba000 	E:\Xilinx\SDK\2016.2\lib\win64.o\librdi_jtag_settings.dll
0x00007ffbab700000 - 0x00007ffbab729000 	E:\Xilinx\SDK\2016.2\lib\win64.o\librdi_debug_dialog.dll
0x00007ffbbc680000 - 0x00007ffbbc688000 	E:\Xilinx\SDK\2016.2\lib\win64.o\librdi_target_manager.dll
0x00007ffb677d0000 - 0x00007ffb67fe0000 	E:\Xilinx\SDK\2016.2\lib\win64.o\libXil_lmgr11FNP.dll
0x00007ffbce640000 - 0x00007ffbcea69000 	C:\WINDOWS\System32\SETUPAPI.dll
0x00007ffbc60d0000 - 0x00007ffbc60dc000 	C:\WINDOWS\SYSTEM32\snmpapi.dll
0x00007ffbcbb60000 - 0x00007ffbcbb88000 	C:\WINDOWS\SYSTEM32\DEVOBJ.dll
0x00007ffbccb00000 - 0x00007ffbccb2c000 	C:\WINDOWS\SYSTEM32\SspiCli.dll
0x000000001cb70000 - 0x000000001cb73000 	C:\WINDOWS\SYSTEM32\icmp.Dll

VM Arguments:
jvm_args: -Dcom.xilinx.sdk.args.hwspec=E:/ECE532/PWM/Project/Project.sdk/design_1_wrapper.hdf -Xms64m -Xmx512m & 
java_command: <unknown>
java_class_path (initial): E:\Xilinx\SDK\2016.2\eclipse\win64.o\\plugins/org.eclipse.equinox.launcher_1.3.100.v20150511-1540.jar
Launcher Type: generic

Environment Variables:
USERNAME=Mixi
OS=Windows_NT
PROCESSOR_IDENTIFIER=Intel64 Family 6 Model 58 Stepping 9, GenuineIntel



---------------  S Y S T E M  ---------------

OS: Windows 10.0 , 64 bit Build 14393 (10.0.14393.0)

CPU:total 4 (2 cores per cpu, 2 threads per core) family 6 model 58 stepping 9, cmov, cx8, fxsr, mmx, sse, sse2, sse3, ssse3, sse4.1, sse4.2, popcnt, avx, aes, clmul, erms, ht, tsc, tscinvbit, tscinv

Memory: 4k page, physical 3882792k(430388k free), swap 11656964k(1983440k free)

vm_info: Java HotSpot(TM) 64-Bit Server VM (25.66-b18) for windows-amd64 JRE (1.8.0_66-b18), built on Nov  9 2015 10:51:13 by "java_re" with MS VC++ 10.0 (VS2010)

time: Sun Feb 05 13:29:35 2017
elapsed time: 363 seconds (0d 0h 6m 3s)

