#-----------------------------------------------------------
# Vivado v2016.4 (64-bit)
# SW Build 1733598 on Wed Dec 14 22:35:39 MST 2016
# IP Build 1731160 on Wed Dec 14 23:47:21 MST 2016
# Start of session at: Thu Mar 16 09:02:58 2017
# Process ID: 6516
# Current directory: C:/Users/yy/Desktop/ece532_debug/img_proc_full/ip
# Command line: vivado.exe -gui_launcher_event rodinguilauncherevent6728 C:\Users\yy\Desktop\ece532_debug\img_proc_full\ip\ip.xpr
# Log file: C:/Users/yy/Desktop/ece532_debug/img_proc_full/ip/vivado.log
# Journal file: C:/Users/yy/Desktop/ece532_debug/img_proc_full/ip\vivado.jou
#-----------------------------------------------------------
start_gui
open_project C:/Users/yy/Desktop/ece532_debug/img_proc_full/ip/ip.xpr
Scanning sources...
Finished scanning sources
CRITICAL WARNING: [Project 1-564] A project save was requested while parsing the project. To prevent a partially loaded project from being committed to disk, this save will not occur.
INFO: [IP_Flow 19-234] Refreshing IP repositories
INFO: [IP_Flow 19-1700] Loaded user IP repository 'c:/users/yy/desktop/ece532_debug/img_proc_full'.
INFO: [IP_Flow 19-2313] Loaded Vivado IP repository 'C:/Xilinx/Vivado/2016.4/data/ip'.
WARNING: [IP_Flow 19-3664] IP 'clk_wiz_0' generated file not found 'c:/Users/yy/Desktop/ece532_debug/img_proc_full/ip/ip.srcs/sources_1/ip/clk_wiz_0/clk_wiz_0.veo'. Please regenerate to continue.
WARNING: [IP_Flow 19-3664] IP 'clk_wiz_0' generated file not found 'c:/Users/yy/Desktop/ece532_debug/img_proc_full/ip/ip.srcs/sources_1/ip/clk_wiz_0/doc/clk_wiz_v5_3_changelog.txt'. Please regenerate to continue.
WARNING: [IP_Flow 19-2162] IP 'clk_wiz_0' is locked:
* This IP has board specific outputs. Current project board 'unset' and the board 'digilentinc.com:nexys4_ddr:part0:1.1' used to customize the IP 'clk_wiz_0' do not match.
Please select 'Report IP Status' from the 'Tools/Report' menu or run Tcl command 'report_ip_status' for more information.
open_project: Time (s): cpu = 00:00:39 ; elapsed = 00:00:24 . Memory (MB): peak = 823.109 ; gain = 177.230
ipx::open_ipxact_file C:/users/yy/desktop/ece532_debug/img_proc_full/component.xml
WARNING: [IP_Flow 19-4963] blk_mem_gen_3 has board value specified. The packaged IP will be restricted to usage with board 'digilentinc.com:nexys4_ddr:part0:1.1'
WARNING: [IP_Flow 19-4963] blk_mem_gen_2 has board value specified. The packaged IP will be restricted to usage with board 'digilentinc.com:nexys4_ddr:part0:1.1'
WARNING: [IP_Flow 19-4963] fifo_generator_0 has board value specified. The packaged IP will be restricted to usage with board 'digilentinc.com:nexys4_ddr:part0:1.1'
WARNING: [IP_Flow 19-4963] blk_mem_gen_0 has board value specified. The packaged IP will be restricted to usage with board 'digilentinc.com:nexys4_ddr:part0:1.1'
WARNING: [IP_Flow 19-3833] Unreferenced file from the top module is not packaged: 'C:/Users/yy/Desktop/ece532_debug/img_proc_full/ip/ip.srcs/sources_1/image_processor_wrapper.v'.
WARNING: [IP_Flow 19-4963] clk_wiz_0 has board value specified. The packaged IP will be restricted to usage with board 'digilentinc.com:nexys4_ddr:part0:1.1'
WARNING: [IP_Flow 19-4963] blk_mem_gen_4 has board value specified. The packaged IP will be restricted to usage with board 'digilentinc.com:nexys4_ddr:part0:1.1'
WARNING: [IP_Flow 19-4308] Project file 'ip/ip.srcs/sources_1/img.mif' is not found in the component files. Please add the packaging file if necessary.
WARNING: [IP_Flow 19-4308] Project file 'ip/ip.srcs/sources_1/imports/mjpeg/coregen/ht_nr_of_symbols/jpeg_ht_nr_of_symbols.mif' is not found in the component files. Please add the packaging file if necessary.
WARNING: [IP_Flow 19-4308] Project file 'ip/ip.srcs/sources_1/imports/mjpeg/pcores/myipif/hdl/vhdl/jpeg_upsampling_buffer.vhd' is not found in the component files. Please add the packaging file if necessary.
WARNING: [IP_Flow 19-4308] Project file 'ip/ip.srcs/sources_1/imports/mjpeg/pcores/myipif/hdl/vhdl/jpeg_qt_sr.vhd' is not found in the component files. Please add the packaging file if necessary.
WARNING: [IP_Flow 19-4308] Project file 'ip/ip.srcs/sources_1/imports/mjpeg/pcores/myipif/hdl/vhdl/jpeg_idct_core_12.vhd' is not found in the component files. Please add the packaging file if necessary.
WARNING: [IP_Flow 19-4308] Project file 'ip/ip.srcs/sources_1/imports/mjpeg/pcores/myipif/hdl/vhdl/jpeg_huffman_input_sr.vhd' is not found in the component files. Please add the packaging file if necessary.
WARNING: [IP_Flow 19-4308] Project file 'ip/ip.srcs/sources_1/imports/mjpeg/pcores/myipif/hdl/vhdl/jpeg_ht_tables.vhd' is not found in the component files. Please add the packaging file if necessary.
WARNING: [IP_Flow 19-4308] Project file 'ip/ip.srcs/sources_1/imports/mjpeg/pcores/myipif/hdl/vhdl/jpeg_ht_nr_of_symbols.vhd' is not found in the component files. Please add the packaging file if necessary.
WARNING: [IP_Flow 19-4308] Project file 'ip/ip.srcs/sources_1/imports/mjpeg/pcores/myipif/hdl/vhdl/jpeg_dequant_multiplier.vhd' is not found in the component files. Please add the packaging file if necessary.
WARNING: [IP_Flow 19-4308] Project file 'ip/ip.srcs/sources_1/imports/mjpeg/coregen/upsampling_buffer/jpeg_upsampling_buffer.vhd' is not found in the component files. Please add the packaging file if necessary.
WARNING: [IP_Flow 19-4308] Project file 'ip/ip.srcs/sources_1/imports/mjpeg/coregen/upsampling_buffer/jpeg_upsampling_buffer.ngc' is not found in the component files. Please add the packaging file if necessary.
WARNING: [IP_Flow 19-4308] Project file 'ip/ip.srcs/sources_1/imports/mjpeg/coregen/qt_table/jpeg_qt_sr.vhd' is not found in the component files. Please add the packaging file if necessary.
WARNING: [IP_Flow 19-4308] Project file 'ip/ip.srcs/sources_1/imports/mjpeg/coregen/qt_table/jpeg_qt_sr.edn' is not found in the component files. Please add the packaging file if necessary.
WARNING: [IP_Flow 19-4308] Project file 'ip/ip.srcs/sources_1/imports/mjpeg/coregen/idct/jpeg_idct_core_12.vhd' is not found in the component files. Please add the packaging file if necessary.
WARNING: [IP_Flow 19-4308] Project file 'ip/ip.srcs/sources_1/imports/mjpeg/coregen/idct/jpeg_idct_core_12.edn' is not found in the component files. Please add the packaging file if necessary.
WARNING: [IP_Flow 19-4308] Project file 'ip/ip.srcs/sources_1/imports/mjpeg/coregen/huffman_input_sr/jpeg_huffman_input_sr.vhd' is not found in the component files. Please add the packaging file if necessary.
WARNING: [IP_Flow 19-4308] Project file 'ip/ip.srcs/sources_1/imports/mjpeg/coregen/huffman_input_sr/jpeg_huffman_input_sr.edn' is not found in the component files. Please add the packaging file if necessary.
WARNING: [IP_Flow 19-4308] Project file 'ip/ip.srcs/sources_1/imports/mjpeg/coregen/ht_tables/jpeg_ht_tables.vhd' is not found in the component files. Please add the packaging file if necessary.
WARNING: [IP_Flow 19-4308] Project file 'ip/ip.srcs/sources_1/imports/mjpeg/coregen/ht_tables/jpeg_ht_tables.ngc' is not found in the component files. Please add the packaging file if necessary.
WARNING: [IP_Flow 19-4308] Project file 'ip/ip.srcs/sources_1/imports/mjpeg/coregen/ht_nr_of_symbols/jpeg_ht_nr_of_symbols.vhd' is not found in the component files. Please add the packaging file if necessary.
WARNING: [IP_Flow 19-4308] Project file 'ip/ip.srcs/sources_1/imports/mjpeg/coregen/ht_nr_of_symbols/jpeg_ht_nr_of_symbols.edn' is not found in the component files. Please add the packaging file if necessary.
WARNING: [IP_Flow 19-4308] Project file 'ip/ip.srcs/sources_1/imports/mjpeg/coregen/dequantize_multiplier/jpeg_dequant_multiplier.vhd' is not found in the component files. Please add the packaging file if necessary.
WARNING: [IP_Flow 19-4308] Project file 'ip/ip.srcs/sources_1/imports/mjpeg/coregen/dequantize_multiplier/jpeg_dequant_multiplier.edn' is not found in the component files. Please add the packaging file if necessary.
WARNING: [IP_Flow 19-4308] Project file 'ip/ip.srcs/sources_1/imports/mjpeg/pcores/myipif/hdl/vhdl/jpeg_YCbCr2RGB.vhd' is not found in the component files. Please add the packaging file if necessary.
WARNING: [IP_Flow 19-4308] Project file 'ip/ip.srcs/sources_1/imports/mjpeg/pcores/myipif/hdl/vhdl/jpeg_upsampling.vhd' is not found in the component files. Please add the packaging file if necessary.
WARNING: [IP_Flow 19-4308] Project file 'ip/ip.srcs/sources_1/imports/mjpeg/pcores/myipif/hdl/vhdl/jpeg_input_fifo.vhd' is not found in the component files. Please add the packaging file if necessary.
WARNING: [IP_Flow 19-4308] Project file 'ip/ip.srcs/sources_1/imports/mjpeg/pcores/myipif/hdl/vhdl/jpeg_idct.vhd' is not found in the component files. Please add the packaging file if necessary.
WARNING: [IP_Flow 19-4308] Project file 'ip/ip.srcs/sources_1/imports/mjpeg/pcores/myipif/hdl/vhdl/jpeg_huffman.vhd' is not found in the component files. Please add the packaging file if necessary.
WARNING: [IP_Flow 19-4308] Project file 'ip/ip.srcs/sources_1/imports/mjpeg/pcores/myipif/hdl/vhdl/jpeg_header.vhd' is not found in the component files. Please add the packaging file if necessary.
WARNING: [IP_Flow 19-4308] Project file 'ip/ip.srcs/sources_1/imports/mjpeg/pcores/myipif/hdl/vhdl/jpeg_dezigzag.vhd' is not found in the component files. Please add the packaging file if necessary.
WARNING: [IP_Flow 19-4308] Project file 'ip/ip.srcs/sources_1/imports/mjpeg/pcores/myipif/hdl/vhdl/jpeg_dequantize.vhd' is not found in the component files. Please add the packaging file if necessary.
WARNING: [IP_Flow 19-4308] Project file 'ip/ip.srcs/sources_1/imports/mjpeg/pcores/myipif/hdl/vhdl/jpeg_check_FF.vhd' is not found in the component files. Please add the packaging file if necessary.
WARNING: [IP_Flow 19-4308] Project file 'ip/ip.srcs/sources_1/imports/mjpeg/pcores/myipif/hdl/vhdl/jpeg_checkff_fifo.vhd' is not found in the component files. Please add the packaging file if necessary.
WARNING: [IP_Flow 19-4308] Project file 'ip/ip.srcs/sources_1/imports/mjpeg/coregen/input_fifo/jpeg_input_fifo.vhd' is not found in the component files. Please add the packaging file if necessary.
WARNING: [IP_Flow 19-4308] Project file 'ip/ip.srcs/sources_1/imports/mjpeg/coregen/input_fifo/jpeg_input_fifo.edn' is not found in the component files. Please add the packaging file if necessary.
WARNING: [IP_Flow 19-4308] Project file 'ip/ip.srcs/sources_1/imports/mjpeg/coregen/check_FF_fifo/jpeg_checkff_fifo.vhd' is not found in the component files. Please add the packaging file if necessary.
WARNING: [IP_Flow 19-4308] Project file 'ip/ip.srcs/sources_1/imports/mjpeg/coregen/check_FF_fifo/jpeg_checkff_fifo.edn' is not found in the component files. Please add the packaging file if necessary.
WARNING: [IP_Flow 19-4308] Project file 'ip/ip.srcs/sources_1/vga_driver.vhd' is not found in the component files. Please add the packaging file if necessary.
WARNING: [IP_Flow 19-4308] Project file 'ip/ip.srcs/sources_1/imports/mjpeg/pcores/myipif/hdl/vhdl/jpeg.vhd' is not found in the component files. Please add the packaging file if necessary.
WARNING: [IP_Flow 19-4308] Project file 'ip/ip.srcs/sources_1/edge_detector.v' is not found in the component files. Please add the packaging file if necessary.
WARNING: [IP_Flow 19-4308] Project file 'ip/ip.srcs/sources_1/vga_controller.v' is not found in the component files. Please add the packaging file if necessary.
WARNING: [IP_Flow 19-4308] Project file 'ip/ip.srcs/sources_1/image_processor.v' is not found in the component files. Please add the packaging file if necessary.
WARNING: [IP_Flow 19-4308] Project file 'ip/ip.srcs/sources_1/stream_jpg_yy_nv_mn_v1_0.v' is not found in the component files. Please add the packaging file if necessary.
WARNING: [IP_Flow 19-4308] Project file 'ip/ip.srcs/sources_1/imports/mjpeg/coregen/check_FF_fifo/jpeg_checkff_fifo_fifo_generator_v2_3_xst_1.ngc' is not found in the component files. Please add the packaging file if necessary.
WARNING: [IP_Flow 19-4308] Project file 'ip/ip.srcs/sources_1/imports/mjpeg/coregen/check_FF_fifo/jpeg_checkff_fifo_fifo_generator_v2_3_xst_1_blkmemdp_v6_2_xst.edn' is not found in the component files. Please add the packaging file if necessary.
WARNING: [IP_Flow 19-4308] Project file 'ip/ip.srcs/sources_1/imports/mjpeg/pcores/myipif/hdl/vhdl/jpeg_qt_tables.vhd' is not found in the component files. Please add the packaging file if necessary.
WARNING: [IP_Flow 19-4308] Project file 'ip/ip.srcs/sources_1/imports/mjpeg/coregen/qt_table/jpeg_qt_sr_c_shift_ram_v8_0_xst_1.ngc' is not found in the component files. Please add the packaging file if necessary.
WARNING: [IP_Flow 19-4308] Project file 'ip/ip.srcs/sources_1/imports/mjpeg/coregen/input_fifo/jpeg_input_fifo_fifo_generator_v2_3_xst_1_blkmemdp_v6_2_xst.edn' is not found in the component files. Please add the packaging file if necessary.
WARNING: [IP_Flow 19-4308] Project file 'ip/ip.srcs/sources_1/imports/mjpeg/coregen/input_fifo/jpeg_input_fifo_fifo_generator_v2_3_xst_1.ngc' is not found in the component files. Please add the packaging file if necessary.
WARNING: [IP_Flow 19-4308] Project file 'ip/ip.srcs/sources_1/imports/mjpeg/coregen/idct/jpeg_idct_core_6.vhd' is not found in the component files. Please add the packaging file if necessary.
WARNING: [IP_Flow 19-4308] Project file 'ip/ip.srcs/sources_1/imports/mjpeg/coregen/idct/jpeg_idct_core_6.edn' is not found in the component files. Please add the packaging file if necessary.
WARNING: [IP_Flow 19-4308] Project file 'ip/ip.srcs/sources_1/imports/mjpeg/coregen/dequantize_multiplier/jpeg_dequant_multiplier_mult_gen_v8_0_xst_1.ngc' is not found in the component files. Please add the packaging file if necessary.
WARNING: [IP_Flow 19-4308] Project file 'ip/ip.srcs/sources_1/imports/mjpeg/pcores/myipif/hdl/vhdl/fifo_sim32.vhd' is not found in the component files. Please add the packaging file if necessary.
WARNING: [IP_Flow 19-4308] Project file 'ip/ip.srcs/sources_1/stream_jpg_yy_nv_mn_v1_0_S00_AXIS.v' is not found in the component files. Please add the packaging file if necessary.
WARNING: [IP_Flow 19-3898] File Group 'xilinx_anylanguagesynthesis (Synthesis)': File 'jpeg.srcs/sources_1/stream_jpg_yy_nv_mn_v1_0.v' is no longer found in the project sources. Please remove the packaging file if necessary.
WARNING: [IP_Flow 19-3898] File Group 'xilinx_anylanguagesynthesis (Synthesis)': File 'jpeg.srcs/sources_1/image_processor.v' is no longer found in the project sources. Please remove the packaging file if necessary.
WARNING: [IP_Flow 19-3898] File Group 'xilinx_anylanguagesynthesis (Synthesis)': File 'jpeg.srcs/sources_1/vga_controller.v' is no longer found in the project sources. Please remove the packaging file if necessary.
WARNING: [IP_Flow 19-3898] File Group 'xilinx_anylanguagesynthesis (Synthesis)': File 'jpeg.srcs/sources_1/edge_detector.v' is no longer found in the project sources. Please remove the packaging file if necessary.
WARNING: [IP_Flow 19-3898] File Group 'xilinx_anylanguagesynthesis (Synthesis)': File 'jpeg.srcs/sources_1/imports/mjpeg/pcores/myipif/hdl/vhdl/jpeg.vhd' is no longer found in the project sources. Please remove the packaging file if necessary.
WARNING: [IP_Flow 19-3898] File Group 'xilinx_anylanguagesynthesis (Synthesis)': File 'jpeg.srcs/sources_1/vga_driver.vhd' is no longer found in the project sources. Please remove the packaging file if necessary.
WARNING: [IP_Flow 19-3898] File Group 'xilinx_anylanguagesynthesis (Synthesis)': File 'jpeg.srcs/sources_1/imports/mjpeg/coregen/check_FF_fifo/jpeg_checkff_fifo.edn' is no longer found in the project sources. Please remove the packaging file if necessary.
WARNING: [IP_Flow 19-3898] File Group 'xilinx_anylanguagesynthesis (Synthesis)': File 'jpeg.srcs/sources_1/imports/mjpeg/coregen/check_FF_fifo/jpeg_checkff_fifo.vhd' is no longer found in the project sources. Please remove the packaging file if necessary.
WARNING: [IP_Flow 19-3898] File Group 'xilinx_anylanguagesynthesis (Synthesis)': File 'jpeg.srcs/sources_1/imports/mjpeg/coregen/input_fifo/jpeg_input_fifo.edn' is no longer found in the project sources. Please remove the packaging file if necessary.
WARNING: [IP_Flow 19-3898] File Group 'xilinx_anylanguagesynthesis (Synthesis)': File 'jpeg.srcs/sources_1/imports/mjpeg/coregen/input_fifo/jpeg_input_fifo.vhd' is no longer found in the project sources. Please remove the packaging file if necessary.
WARNING: [IP_Flow 19-3898] File Group 'xilinx_anylanguagesynthesis (Synthesis)': File 'jpeg.srcs/sources_1/imports/mjpeg/pcores/myipif/hdl/vhdl/jpeg_checkff_fifo.vhd' is no longer found in the project sources. Please remove the packaging file if necessary.
WARNING: [IP_Flow 19-3898] File Group 'xilinx_anylanguagesynthesis (Synthesis)': File 'jpeg.srcs/sources_1/imports/mjpeg/pcores/myipif/hdl/vhdl/jpeg_check_FF.vhd' is no longer found in the project sources. Please remove the packaging file if necessary.
WARNING: [IP_Flow 19-3898] File Group 'xilinx_anylanguagesynthesis (Synthesis)': File 'jpeg.srcs/sources_1/imports/mjpeg/pcores/myipif/hdl/vhdl/jpeg_dequantize.vhd' is no longer found in the project sources. Please remove the packaging file if necessary.
WARNING: [IP_Flow 19-3898] File Group 'xilinx_anylanguagesynthesis (Synthesis)': File 'jpeg.srcs/sources_1/imports/mjpeg/pcores/myipif/hdl/vhdl/jpeg_dezigzag.vhd' is no longer found in the project sources. Please remove the packaging file if necessary.
WARNING: [IP_Flow 19-3898] File Group 'xilinx_anylanguagesynthesis (Synthesis)': File 'jpeg.srcs/sources_1/imports/mjpeg/pcores/myipif/hdl/vhdl/jpeg_header.vhd' is no longer found in the project sources. Please remove the packaging file if necessary.
WARNING: [IP_Flow 19-3898] File Group 'xilinx_anylanguagesynthesis (Synthesis)': File 'jpeg.srcs/sources_1/imports/mjpeg/pcores/myipif/hdl/vhdl/jpeg_huffman.vhd' is no longer found in the project sources. Please remove the packaging file if necessary.
WARNING: [IP_Flow 19-3898] File Group 'xilinx_anylanguagesynthesis (Synthesis)': File 'jpeg.srcs/sources_1/imports/mjpeg/pcores/myipif/hdl/vhdl/jpeg_idct.vhd' is no longer found in the project sources. Please remove the packaging file if necessary.
WARNING: [IP_Flow 19-3898] File Group 'xilinx_anylanguagesynthesis (Synthesis)': File 'jpeg.srcs/sources_1/imports/mjpeg/pcores/myipif/hdl/vhdl/jpeg_input_fifo.vhd' is no longer found in the project sources. Please remove the packaging file if necessary.
WARNING: [IP_Flow 19-3898] File Group 'xilinx_anylanguagesynthesis (Synthesis)': File 'jpeg.srcs/sources_1/imports/mjpeg/pcores/myipif/hdl/vhdl/jpeg_upsampling.vhd' is no longer found in the project sources. Please remove the packaging file if necessary.
WARNING: [IP_Flow 19-3898] File Group 'xilinx_anylanguagesynthesis (Synthesis)': File 'jpeg.srcs/sources_1/imports/mjpeg/pcores/myipif/hdl/vhdl/jpeg_YCbCr2RGB.vhd' is no longer found in the project sources. Please remove the packaging file if necessary.
WARNING: [IP_Flow 19-3898] File Group 'xilinx_anylanguagesynthesis (Synthesis)': File 'jpeg.srcs/sources_1/imports/mjpeg/coregen/dequantize_multiplier/jpeg_dequant_multiplier.edn' is no longer found in the project sources. Please remove the packaging file if necessary.
WARNING: [IP_Flow 19-3898] File Group 'xilinx_anylanguagesynthesis (Synthesis)': File 'jpeg.srcs/sources_1/imports/mjpeg/coregen/dequantize_multiplier/jpeg_dequant_multiplier.vhd' is no longer found in the project sources. Please remove the packaging file if necessary.
WARNING: [IP_Flow 19-3898] File Group 'xilinx_anylanguagesynthesis (Synthesis)': File 'jpeg.srcs/sources_1/imports/mjpeg/coregen/ht_nr_of_symbols/jpeg_ht_nr_of_symbols.edn' is no longer found in the project sources. Please remove the packaging file if necessary.
WARNING: [IP_Flow 19-3898] File Group 'xilinx_anylanguagesynthesis (Synthesis)': File 'jpeg.srcs/sources_1/imports/mjpeg/coregen/ht_nr_of_symbols/jpeg_ht_nr_of_symbols.vhd' is no longer found in the project sources. Please remove the packaging file if necessary.
WARNING: [IP_Flow 19-3898] File Group 'xilinx_anylanguagesynthesis (Synthesis)': File 'jpeg.srcs/sources_1/imports/mjpeg/coregen/ht_tables/jpeg_ht_tables.ngc' is no longer found in the project sources. Please remove the packaging file if necessary.
WARNING: [IP_Flow 19-3898] File Group 'xilinx_anylanguagesynthesis (Synthesis)': File 'jpeg.srcs/sources_1/imports/mjpeg/coregen/ht_tables/jpeg_ht_tables.vhd' is no longer found in the project sources. Please remove the packaging file if necessary.
WARNING: [IP_Flow 19-3898] File Group 'xilinx_anylanguagesynthesis (Synthesis)': File 'jpeg.srcs/sources_1/imports/mjpeg/coregen/huffman_input_sr/jpeg_huffman_input_sr.edn' is no longer found in the project sources. Please remove the packaging file if necessary.
WARNING: [IP_Flow 19-3898] File Group 'xilinx_anylanguagesynthesis (Synthesis)': File 'jpeg.srcs/sources_1/imports/mjpeg/coregen/huffman_input_sr/jpeg_huffman_input_sr.vhd' is no longer found in the project sources. Please remove the packaging file if necessary.
WARNING: [IP_Flow 19-3898] File Group 'xilinx_anylanguagesynthesis (Synthesis)': File 'jpeg.srcs/sources_1/imports/mjpeg/coregen/idct/jpeg_idct_core_12.edn' is no longer found in the project sources. Please remove the packaging file if necessary.
WARNING: [IP_Flow 19-3898] File Group 'xilinx_anylanguagesynthesis (Synthesis)': File 'jpeg.srcs/sources_1/imports/mjpeg/coregen/idct/jpeg_idct_core_12.vhd' is no longer found in the project sources. Please remove the packaging file if necessary.
WARNING: [IP_Flow 19-3898] File Group 'xilinx_anylanguagesynthesis (Synthesis)': File 'jpeg.srcs/sources_1/imports/mjpeg/coregen/qt_table/jpeg_qt_sr.edn' is no longer found in the project sources. Please remove the packaging file if necessary.
WARNING: [IP_Flow 19-3898] File Group 'xilinx_anylanguagesynthesis (Synthesis)': File 'jpeg.srcs/sources_1/imports/mjpeg/coregen/qt_table/jpeg_qt_sr.vhd' is no longer found in the project sources. Please remove the packaging file if necessary.
WARNING: [IP_Flow 19-3898] File Group 'xilinx_anylanguagesynthesis (Synthesis)': File 'jpeg.srcs/sources_1/imports/mjpeg/coregen/upsampling_buffer/jpeg_upsampling_buffer.ngc' is no longer found in the project sources. Please remove the packaging file if necessary.
WARNING: [IP_Flow 19-3898] File Group 'xilinx_anylanguagesynthesis (Synthesis)': File 'jpeg.srcs/sources_1/imports/mjpeg/coregen/upsampling_buffer/jpeg_upsampling_buffer.vhd' is no longer found in the project sources. Please remove the packaging file if necessary.
WARNING: [IP_Flow 19-3898] File Group 'xilinx_anylanguagesynthesis (Synthesis)': File 'jpeg.srcs/sources_1/imports/mjpeg/pcores/myipif/hdl/vhdl/jpeg_dequant_multiplier.vhd' is no longer found in the project sources. Please remove the packaging file if necessary.
WARNING: [IP_Flow 19-3898] File Group 'xilinx_anylanguagesynthesis (Synthesis)': File 'jpeg.srcs/sources_1/imports/mjpeg/pcores/myipif/hdl/vhdl/jpeg_ht_nr_of_symbols.vhd' is no longer found in the project sources. Please remove the packaging file if necessary.
WARNING: [IP_Flow 19-3898] File Group 'xilinx_anylanguagesynthesis (Synthesis)': File 'jpeg.srcs/sources_1/imports/mjpeg/pcores/myipif/hdl/vhdl/jpeg_ht_tables.vhd' is no longer found in the project sources. Please remove the packaging file if necessary.
WARNING: [IP_Flow 19-3898] File Group 'xilinx_anylanguagesynthesis (Synthesis)': File 'jpeg.srcs/sources_1/imports/mjpeg/pcores/myipif/hdl/vhdl/jpeg_huffman_input_sr.vhd' is no longer found in the project sources. Please remove the packaging file if necessary.
WARNING: [IP_Flow 19-3898] File Group 'xilinx_anylanguagesynthesis (Synthesis)': File 'jpeg.srcs/sources_1/imports/mjpeg/pcores/myipif/hdl/vhdl/jpeg_idct_core_12.vhd' is no longer found in the project sources. Please remove the packaging file if necessary.
WARNING: [IP_Flow 19-3898] File Group 'xilinx_anylanguagesynthesis (Synthesis)': File 'jpeg.srcs/sources_1/imports/mjpeg/pcores/myipif/hdl/vhdl/jpeg_qt_sr.vhd' is no longer found in the project sources. Please remove the packaging file if necessary.
WARNING: [IP_Flow 19-3898] File Group 'xilinx_anylanguagesynthesis (Synthesis)': File 'jpeg.srcs/sources_1/imports/mjpeg/pcores/myipif/hdl/vhdl/jpeg_upsampling_buffer.vhd' is no longer found in the project sources. Please remove the packaging file if necessary.
WARNING: [IP_Flow 19-3898] File Group 'xilinx_anylanguagesynthesis (Synthesis)': File 'jpeg.srcs/sources_1/imports/mjpeg/coregen/ht_nr_of_symbols/jpeg_ht_nr_of_symbols.mif' is no longer found in the project sources. Please remove the packaging file if necessary.
WARNING: [IP_Flow 19-3898] File Group 'xilinx_anylanguagesynthesis (Synthesis)': File 'jpeg.srcs/sources_1/img.mif' is no longer found in the project sources. Please remove the packaging file if necessary.
WARNING: [IP_Flow 19-4308] Project file 'ip/ip.srcs/sources_1/img.mif' is not found in the component files. Please add the packaging file if necessary.
WARNING: [IP_Flow 19-4308] Project file 'ip/ip.srcs/sources_1/imports/mjpeg/coregen/ht_nr_of_symbols/jpeg_ht_nr_of_symbols.mif' is not found in the component files. Please add the packaging file if necessary.
WARNING: [IP_Flow 19-4308] Project file 'ip/ip.srcs/sources_1/imports/mjpeg/pcores/myipif/hdl/vhdl/jpeg_upsampling_buffer.vhd' is not found in the component files. Please add the packaging file if necessary.
WARNING: [IP_Flow 19-4308] Project file 'ip/ip.srcs/sources_1/imports/mjpeg/pcores/myipif/hdl/vhdl/jpeg_qt_sr.vhd' is not found in the component files. Please add the packaging file if necessary.
WARNING: [IP_Flow 19-4308] Project file 'ip/ip.srcs/sources_1/imports/mjpeg/pcores/myipif/hdl/vhdl/jpeg_idct_core_12.vhd' is not found in the component files. Please add the packaging file if necessary.
WARNING: [IP_Flow 19-4308] Project file 'ip/ip.srcs/sources_1/imports/mjpeg/pcores/myipif/hdl/vhdl/jpeg_huffman_input_sr.vhd' is not found in the component files. Please add the packaging file if necessary.
WARNING: [IP_Flow 19-4308] Project file 'ip/ip.srcs/sources_1/imports/mjpeg/pcores/myipif/hdl/vhdl/jpeg_ht_tables.vhd' is not found in the component files. Please add the packaging file if necessary.
WARNING: [IP_Flow 19-4308] Project file 'ip/ip.srcs/sources_1/imports/mjpeg/pcores/myipif/hdl/vhdl/jpeg_ht_nr_of_symbols.vhd' is not found in the component files. Please add the packaging file if necessary.
WARNING: [IP_Flow 19-4308] Project file 'ip/ip.srcs/sources_1/imports/mjpeg/pcores/myipif/hdl/vhdl/jpeg_dequant_multiplier.vhd' is not found in the component files. Please add the packaging file if necessary.
WARNING: [IP_Flow 19-4308] Project file 'ip/ip.srcs/sources_1/imports/mjpeg/coregen/upsampling_buffer/jpeg_upsampling_buffer.vhd' is not found in the component files. Please add the packaging file if necessary.
WARNING: [IP_Flow 19-4308] Project file 'ip/ip.srcs/sources_1/imports/mjpeg/coregen/qt_table/jpeg_qt_sr.vhd' is not found in the component files. Please add the packaging file if necessary.
WARNING: [IP_Flow 19-4308] Project file 'ip/ip.srcs/sources_1/imports/mjpeg/coregen/idct/jpeg_idct_core_12.vhd' is not found in the component files. Please add the packaging file if necessary.
WARNING: [IP_Flow 19-4308] Project file 'ip/ip.srcs/sources_1/imports/mjpeg/coregen/huffman_input_sr/jpeg_huffman_input_sr.vhd' is not found in the component files. Please add the packaging file if necessary.
WARNING: [IP_Flow 19-4308] Project file 'ip/ip.srcs/sources_1/imports/mjpeg/coregen/ht_tables/jpeg_ht_tables.vhd' is not found in the component files. Please add the packaging file if necessary.
WARNING: [IP_Flow 19-4308] Project file 'ip/ip.srcs/sources_1/imports/mjpeg/coregen/ht_nr_of_symbols/jpeg_ht_nr_of_symbols.vhd' is not found in the component files. Please add the packaging file if necessary.
WARNING: [IP_Flow 19-4308] Project file 'ip/ip.srcs/sources_1/imports/mjpeg/coregen/dequantize_multiplier/jpeg_dequant_multiplier.vhd' is not found in the component files. Please add the packaging file if necessary.
WARNING: [IP_Flow 19-4308] Project file 'ip/ip.srcs/sources_1/imports/mjpeg/pcores/myipif/hdl/vhdl/jpeg_YCbCr2RGB.vhd' is not found in the component files. Please add the packaging file if necessary.
WARNING: [IP_Flow 19-4308] Project file 'ip/ip.srcs/sources_1/imports/mjpeg/pcores/myipif/hdl/vhdl/jpeg_upsampling.vhd' is not found in the component files. Please add the packaging file if necessary.
WARNING: [IP_Flow 19-4308] Project file 'ip/ip.srcs/sources_1/imports/mjpeg/pcores/myipif/hdl/vhdl/jpeg_input_fifo.vhd' is not found in the component files. Please add the packaging file if necessary.
WARNING: [IP_Flow 19-4308] Project file 'ip/ip.srcs/sources_1/imports/mjpeg/pcores/myipif/hdl/vhdl/jpeg_idct.vhd' is not found in the component files. Please add the packaging file if necessary.
WARNING: [IP_Flow 19-4308] Project file 'ip/ip.srcs/sources_1/imports/mjpeg/pcores/myipif/hdl/vhdl/jpeg_huffman.vhd' is not found in the component files. Please add the packaging file if necessary.
WARNING: [IP_Flow 19-4308] Project file 'ip/ip.srcs/sources_1/imports/mjpeg/pcores/myipif/hdl/vhdl/jpeg_header.vhd' is not found in the component files. Please add the packaging file if necessary.
WARNING: [IP_Flow 19-4308] Project file 'ip/ip.srcs/sources_1/imports/mjpeg/pcores/myipif/hdl/vhdl/jpeg_dezigzag.vhd' is not found in the component files. Please add the packaging file if necessary.
WARNING: [IP_Flow 19-4308] Project file 'ip/ip.srcs/sources_1/imports/mjpeg/pcores/myipif/hdl/vhdl/jpeg_dequantize.vhd' is not found in the component files. Please add the packaging file if necessary.
WARNING: [IP_Flow 19-4308] Project file 'ip/ip.srcs/sources_1/imports/mjpeg/pcores/myipif/hdl/vhdl/jpeg_check_FF.vhd' is not found in the component files. Please add the packaging file if necessary.
WARNING: [IP_Flow 19-4308] Project file 'ip/ip.srcs/sources_1/imports/mjpeg/pcores/myipif/hdl/vhdl/jpeg_checkff_fifo.vhd' is not found in the component files. Please add the packaging file if necessary.
WARNING: [IP_Flow 19-4308] Project file 'ip/ip.srcs/sources_1/imports/mjpeg/coregen/input_fifo/jpeg_input_fifo.vhd' is not found in the component files. Please add the packaging file if necessary.
WARNING: [IP_Flow 19-4308] Project file 'ip/ip.srcs/sources_1/imports/mjpeg/coregen/check_FF_fifo/jpeg_checkff_fifo.vhd' is not found in the component files. Please add the packaging file if necessary.
WARNING: [IP_Flow 19-4308] Project file 'ip/ip.srcs/sources_1/vga_driver.vhd' is not found in the component files. Please add the packaging file if necessary.
WARNING: [IP_Flow 19-4308] Project file 'ip/ip.srcs/sources_1/imports/mjpeg/pcores/myipif/hdl/vhdl/jpeg.vhd' is not found in the component files. Please add the packaging file if necessary.
WARNING: [IP_Flow 19-4308] Project file 'ip/ip.srcs/sources_1/edge_detector.v' is not found in the component files. Please add the packaging file if necessary.
WARNING: [IP_Flow 19-4308] Project file 'ip/ip.srcs/sources_1/vga_controller.v' is not found in the component files. Please add the packaging file if necessary.
WARNING: [IP_Flow 19-4308] Project file 'ip/ip.srcs/sources_1/image_processor.v' is not found in the component files. Please add the packaging file if necessary.
WARNING: [IP_Flow 19-4308] Project file 'ip/ip.srcs/sources_1/stream_jpg_yy_nv_mn_v1_0.v' is not found in the component files. Please add the packaging file if necessary.
WARNING: [IP_Flow 19-4308] Project file 'ip/ip.srcs/sources_1/imports/mjpeg/pcores/myipif/hdl/vhdl/jpeg_qt_tables.vhd' is not found in the component files. Please add the packaging file if necessary.
WARNING: [IP_Flow 19-4308] Project file 'ip/ip.srcs/sources_1/imports/mjpeg/coregen/idct/jpeg_idct_core_6.vhd' is not found in the component files. Please add the packaging file if necessary.
WARNING: [IP_Flow 19-4308] Project file 'ip/ip.srcs/sources_1/imports/mjpeg/pcores/myipif/hdl/vhdl/fifo_sim32.vhd' is not found in the component files. Please add the packaging file if necessary.
WARNING: [IP_Flow 19-4308] Project file 'ip/ip.srcs/sources_1/stream_jpg_yy_nv_mn_v1_0_S00_AXIS.v' is not found in the component files. Please add the packaging file if necessary.
WARNING: [IP_Flow 19-3898] File Group 'xilinx_anylanguagebehavioralsimulation (Simulation)': File 'jpeg.srcs/sources_1/stream_jpg_yy_nv_mn_v1_0.v' is no longer found in the project sources. Please remove the packaging file if necessary.
WARNING: [IP_Flow 19-3898] File Group 'xilinx_anylanguagebehavioralsimulation (Simulation)': File 'jpeg.srcs/sources_1/image_processor.v' is no longer found in the project sources. Please remove the packaging file if necessary.
WARNING: [IP_Flow 19-3898] File Group 'xilinx_anylanguagebehavioralsimulation (Simulation)': File 'jpeg.srcs/sources_1/vga_controller.v' is no longer found in the project sources. Please remove the packaging file if necessary.
WARNING: [IP_Flow 19-3898] File Group 'xilinx_anylanguagebehavioralsimulation (Simulation)': File 'jpeg.srcs/sources_1/edge_detector.v' is no longer found in the project sources. Please remove the packaging file if necessary.
WARNING: [IP_Flow 19-3898] File Group 'xilinx_anylanguagebehavioralsimulation (Simulation)': File 'jpeg.srcs/sources_1/imports/mjpeg/pcores/myipif/hdl/vhdl/jpeg.vhd' is no longer found in the project sources. Please remove the packaging file if necessary.
WARNING: [IP_Flow 19-3898] File Group 'xilinx_anylanguagebehavioralsimulation (Simulation)': File 'jpeg.srcs/sources_1/vga_driver.vhd' is no longer found in the project sources. Please remove the packaging file if necessary.
WARNING: [IP_Flow 19-3898] File Group 'xilinx_anylanguagebehavioralsimulation (Simulation)': File 'jpeg.srcs/sources_1/imports/mjpeg/coregen/check_FF_fifo/jpeg_checkff_fifo.vhd' is no longer found in the project sources. Please remove the packaging file if necessary.
WARNING: [IP_Flow 19-3898] File Group 'xilinx_anylanguagebehavioralsimulation (Simulation)': File 'jpeg.srcs/sources_1/imports/mjpeg/coregen/input_fifo/jpeg_input_fifo.vhd' is no longer found in the project sources. Please remove the packaging file if necessary.
WARNING: [IP_Flow 19-3898] File Group 'xilinx_anylanguagebehavioralsimulation (Simulation)': File 'jpeg.srcs/sources_1/imports/mjpeg/pcores/myipif/hdl/vhdl/jpeg_checkff_fifo.vhd' is no longer found in the project sources. Please remove the packaging file if necessary.
WARNING: [IP_Flow 19-3898] File Group 'xilinx_anylanguagebehavioralsimulation (Simulation)': File 'jpeg.srcs/sources_1/imports/mjpeg/pcores/myipif/hdl/vhdl/jpeg_check_FF.vhd' is no longer found in the project sources. Please remove the packaging file if necessary.
WARNING: [IP_Flow 19-3898] File Group 'xilinx_anylanguagebehavioralsimulation (Simulation)': File 'jpeg.srcs/sources_1/imports/mjpeg/pcores/myipif/hdl/vhdl/jpeg_dequantize.vhd' is no longer found in the project sources. Please remove the packaging file if necessary.
WARNING: [IP_Flow 19-3898] File Group 'xilinx_anylanguagebehavioralsimulation (Simulation)': File 'jpeg.srcs/sources_1/imports/mjpeg/pcores/myipif/hdl/vhdl/jpeg_dezigzag.vhd' is no longer found in the project sources. Please remove the packaging file if necessary.
WARNING: [IP_Flow 19-3898] File Group 'xilinx_anylanguagebehavioralsimulation (Simulation)': File 'jpeg.srcs/sources_1/imports/mjpeg/pcores/myipif/hdl/vhdl/jpeg_header.vhd' is no longer found in the project sources. Please remove the packaging file if necessary.
WARNING: [IP_Flow 19-3898] File Group 'xilinx_anylanguagebehavioralsimulation (Simulation)': File 'jpeg.srcs/sources_1/imports/mjpeg/pcores/myipif/hdl/vhdl/jpeg_huffman.vhd' is no longer found in the project sources. Please remove the packaging file if necessary.
WARNING: [IP_Flow 19-3898] File Group 'xilinx_anylanguagebehavioralsimulation (Simulation)': File 'jpeg.srcs/sources_1/imports/mjpeg/pcores/myipif/hdl/vhdl/jpeg_idct.vhd' is no longer found in the project sources. Please remove the packaging file if necessary.
WARNING: [IP_Flow 19-3898] File Group 'xilinx_anylanguagebehavioralsimulation (Simulation)': File 'jpeg.srcs/sources_1/imports/mjpeg/pcores/myipif/hdl/vhdl/jpeg_input_fifo.vhd' is no longer found in the project sources. Please remove the packaging file if necessary.
WARNING: [IP_Flow 19-3898] File Group 'xilinx_anylanguagebehavioralsimulation (Simulation)': File 'jpeg.srcs/sources_1/imports/mjpeg/pcores/myipif/hdl/vhdl/jpeg_upsampling.vhd' is no longer found in the project sources. Please remove the packaging file if necessary.
WARNING: [IP_Flow 19-3898] File Group 'xilinx_anylanguagebehavioralsimulation (Simulation)': File 'jpeg.srcs/sources_1/imports/mjpeg/pcores/myipif/hdl/vhdl/jpeg_YCbCr2RGB.vhd' is no longer found in the project sources. Please remove the packaging file if necessary.
WARNING: [IP_Flow 19-3898] File Group 'xilinx_anylanguagebehavioralsimulation (Simulation)': File 'jpeg.srcs/sources_1/imports/mjpeg/coregen/dequantize_multiplier/jpeg_dequant_multiplier.vhd' is no longer found in the project sources. Please remove the packaging file if necessary.
WARNING: [IP_Flow 19-3898] File Group 'xilinx_anylanguagebehavioralsimulation (Simulation)': File 'jpeg.srcs/sources_1/imports/mjpeg/coregen/ht_nr_of_symbols/jpeg_ht_nr_of_symbols.vhd' is no longer found in the project sources. Please remove the packaging file if necessary.
WARNING: [IP_Flow 19-3898] File Group 'xilinx_anylanguagebehavioralsimulation (Simulation)': File 'jpeg.srcs/sources_1/imports/mjpeg/coregen/ht_tables/jpeg_ht_tables.vhd' is no longer found in the project sources. Please remove the packaging file if necessary.
WARNING: [IP_Flow 19-3898] File Group 'xilinx_anylanguagebehavioralsimulation (Simulation)': File 'jpeg.srcs/sources_1/imports/mjpeg/coregen/huffman_input_sr/jpeg_huffman_input_sr.vhd' is no longer found in the project sources. Please remove the packaging file if necessary.
WARNING: [IP_Flow 19-3898] File Group 'xilinx_anylanguagebehavioralsimulation (Simulation)': File 'jpeg.srcs/sources_1/imports/mjpeg/coregen/idct/jpeg_idct_core_12.vhd' is no longer found in the project sources. Please remove the packaging file if necessary.
WARNING: [IP_Flow 19-3898] File Group 'xilinx_anylanguagebehavioralsimulation (Simulation)': File 'jpeg.srcs/sources_1/imports/mjpeg/coregen/qt_table/jpeg_qt_sr.vhd' is no longer found in the project sources. Please remove the packaging file if necessary.
WARNING: [IP_Flow 19-3898] File Group 'xilinx_anylanguagebehavioralsimulation (Simulation)': File 'jpeg.srcs/sources_1/imports/mjpeg/coregen/upsampling_buffer/jpeg_upsampling_buffer.vhd' is no longer found in the project sources. Please remove the packaging file if necessary.
WARNING: [IP_Flow 19-3898] File Group 'xilinx_anylanguagebehavioralsimulation (Simulation)': File 'jpeg.srcs/sources_1/imports/mjpeg/pcores/myipif/hdl/vhdl/jpeg_dequant_multiplier.vhd' is no longer found in the project sources. Please remove the packaging file if necessary.
WARNING: [IP_Flow 19-3898] File Group 'xilinx_anylanguagebehavioralsimulation (Simulation)': File 'jpeg.srcs/sources_1/imports/mjpeg/pcores/myipif/hdl/vhdl/jpeg_ht_nr_of_symbols.vhd' is no longer found in the project sources. Please remove the packaging file if necessary.
WARNING: [IP_Flow 19-3898] File Group 'xilinx_anylanguagebehavioralsimulation (Simulation)': File 'jpeg.srcs/sources_1/imports/mjpeg/pcores/myipif/hdl/vhdl/jpeg_ht_tables.vhd' is no longer found in the project sources. Please remove the packaging file if necessary.
WARNING: [IP_Flow 19-3898] File Group 'xilinx_anylanguagebehavioralsimulation (Simulation)': File 'jpeg.srcs/sources_1/imports/mjpeg/pcores/myipif/hdl/vhdl/jpeg_huffman_input_sr.vhd' is no longer found in the project sources. Please remove the packaging file if necessary.
WARNING: [IP_Flow 19-3898] File Group 'xilinx_anylanguagebehavioralsimulation (Simulation)': File 'jpeg.srcs/sources_1/imports/mjpeg/pcores/myipif/hdl/vhdl/jpeg_idct_core_12.vhd' is no longer found in the project sources. Please remove the packaging file if necessary.
WARNING: [IP_Flow 19-3898] File Group 'xilinx_anylanguagebehavioralsimulation (Simulation)': File 'jpeg.srcs/sources_1/imports/mjpeg/pcores/myipif/hdl/vhdl/jpeg_qt_sr.vhd' is no longer found in the project sources. Please remove the packaging file if necessary.
WARNING: [IP_Flow 19-3898] File Group 'xilinx_anylanguagebehavioralsimulation (Simulation)': File 'jpeg.srcs/sources_1/imports/mjpeg/pcores/myipif/hdl/vhdl/jpeg_upsampling_buffer.vhd' is no longer found in the project sources. Please remove the packaging file if necessary.
WARNING: [IP_Flow 19-3898] File Group 'xilinx_anylanguagebehavioralsimulation (Simulation)': File 'jpeg.srcs/sources_1/imports/mjpeg/coregen/ht_nr_of_symbols/jpeg_ht_nr_of_symbols.mif' is no longer found in the project sources. Please remove the packaging file if necessary.
WARNING: [IP_Flow 19-3898] File Group 'xilinx_anylanguagebehavioralsimulation (Simulation)': File 'jpeg.srcs/sources_1/img.mif' is no longer found in the project sources. Please remove the packaging file if necessary.
WARNING: [IP_Flow 19-4308] Project file 'ip/ip.srcs/sim_1/imports/vhdl/jpeg_testbench.vhd' is not found in the component files. Please add the packaging file if necessary.
WARNING: [IP_Flow 19-3898] File Group 'xilinx_testbench (Test Bench)': File 'jpeg.srcs/sim_1/imports/vhdl/jpeg_testbench.vhd' is no longer found in the project sources. Please remove the packaging file if necessary.
WARNING: [IP_Flow 19-4308] Project file 'ip/ip.srcs/sources_1/imports/mjpeg/coregen/upsampling_buffer/jpeg_upsampling_buffer.ngc' is not found in the component files. Please add the packaging file if necessary.
WARNING: [IP_Flow 19-4308] Project file 'ip/ip.srcs/sources_1/imports/mjpeg/coregen/qt_table/jpeg_qt_sr.edn' is not found in the component files. Please add the packaging file if necessary.
WARNING: [IP_Flow 19-4308] Project file 'ip/ip.srcs/sources_1/imports/mjpeg/coregen/idct/jpeg_idct_core_12.edn' is not found in the component files. Please add the packaging file if necessary.
WARNING: [IP_Flow 19-4308] Project file 'ip/ip.srcs/sources_1/imports/mjpeg/coregen/huffman_input_sr/jpeg_huffman_input_sr.edn' is not found in the component files. Please add the packaging file if necessary.
WARNING: [IP_Flow 19-4308] Project file 'ip/ip.srcs/sources_1/imports/mjpeg/coregen/ht_tables/jpeg_ht_tables.ngc' is not found in the component files. Please add the packaging file if necessary.
WARNING: [IP_Flow 19-4308] Project file 'ip/ip.srcs/sources_1/imports/mjpeg/coregen/ht_nr_of_symbols/jpeg_ht_nr_of_symbols.edn' is not found in the component files. Please add the packaging file if necessary.
WARNING: [IP_Flow 19-4308] Project file 'ip/ip.srcs/sources_1/imports/mjpeg/coregen/dequantize_multiplier/jpeg_dequant_multiplier.edn' is not found in the component files. Please add the packaging file if necessary.
INFO: [Common 17-14] Message 'IP_Flow 19-4308' appears 100 times and further instances of the messages will be disabled. Use the Tcl command set_msg_config to change the current settings.
WARNING: [IP_Flow 19-3898] File Group 'xilinx_implementation (Implementation)': File 'jpeg.srcs/sources_1/imports/mjpeg/coregen/check_FF_fifo/jpeg_checkff_fifo.edn' is no longer found in the project sources. Please remove the packaging file if necessary.
WARNING: [IP_Flow 19-3898] File Group 'xilinx_implementation (Implementation)': File 'jpeg.srcs/sources_1/imports/mjpeg/coregen/input_fifo/jpeg_input_fifo.edn' is no longer found in the project sources. Please remove the packaging file if necessary.
WARNING: [IP_Flow 19-3898] File Group 'xilinx_implementation (Implementation)': File 'jpeg.srcs/sources_1/imports/mjpeg/coregen/dequantize_multiplier/jpeg_dequant_multiplier.edn' is no longer found in the project sources. Please remove the packaging file if necessary.
WARNING: [IP_Flow 19-3898] File Group 'xilinx_implementation (Implementation)': File 'jpeg.srcs/sources_1/imports/mjpeg/coregen/ht_nr_of_symbols/jpeg_ht_nr_of_symbols.edn' is no longer found in the project sources. Please remove the packaging file if necessary.
WARNING: [IP_Flow 19-3898] File Group 'xilinx_implementation (Implementation)': File 'jpeg.srcs/sources_1/imports/mjpeg/coregen/ht_tables/jpeg_ht_tables.ngc' is no longer found in the project sources. Please remove the packaging file if necessary.
WARNING: [IP_Flow 19-3898] File Group 'xilinx_implementation (Implementation)': File 'jpeg.srcs/sources_1/imports/mjpeg/coregen/huffman_input_sr/jpeg_huffman_input_sr.edn' is no longer found in the project sources. Please remove the packaging file if necessary.
WARNING: [IP_Flow 19-3898] File Group 'xilinx_implementation (Implementation)': File 'jpeg.srcs/sources_1/imports/mjpeg/coregen/idct/jpeg_idct_core_12.edn' is no longer found in the project sources. Please remove the packaging file if necessary.
WARNING: [IP_Flow 19-3898] File Group 'xilinx_implementation (Implementation)': File 'jpeg.srcs/sources_1/imports/mjpeg/coregen/qt_table/jpeg_qt_sr.edn' is no longer found in the project sources. Please remove the packaging file if necessary.
WARNING: [IP_Flow 19-3898] File Group 'xilinx_implementation (Implementation)': File 'jpeg.srcs/sources_1/imports/mjpeg/coregen/upsampling_buffer/jpeg_upsampling_buffer.ngc' is no longer found in the project sources. Please remove the packaging file if necessary.
ipx::open_ipxact_file: Time (s): cpu = 00:00:13 ; elapsed = 00:00:05 . Memory (MB): peak = 823.219 ; gain = 0.109
set_property taxonomy {/Embedded_Processing/AXI_Peripheral /UserIP} [ipx::current_core]
ipx::merge_project_changes hdl_parameters [ipx::current_core]
INFO: [Ipptcl 7-560] Setting top module name 'jpeg_testbench' for file group 'xilinx_testbench'.
WARNING: [IP_Flow 19-4963] blk_mem_gen_3 has board value specified. The packaged IP will be restricted to usage with board 'digilentinc.com:nexys4_ddr:part0:1.1'
WARNING: [IP_Flow 19-4963] blk_mem_gen_2 has board value specified. The packaged IP will be restricted to usage with board 'digilentinc.com:nexys4_ddr:part0:1.1'
WARNING: [IP_Flow 19-4963] fifo_generator_0 has board value specified. The packaged IP will be restricted to usage with board 'digilentinc.com:nexys4_ddr:part0:1.1'
WARNING: [IP_Flow 19-4963] blk_mem_gen_0 has board value specified. The packaged IP will be restricted to usage with board 'digilentinc.com:nexys4_ddr:part0:1.1'
WARNING: [IP_Flow 19-3833] Unreferenced file from the top module is not packaged: 'C:/Users/yy/Desktop/ece532_debug/img_proc_full/ip/ip.srcs/sources_1/image_processor_wrapper.v'.
WARNING: [IP_Flow 19-4963] clk_wiz_0 has board value specified. The packaged IP will be restricted to usage with board 'digilentinc.com:nexys4_ddr:part0:1.1'
WARNING: [IP_Flow 19-4963] blk_mem_gen_4 has board value specified. The packaged IP will be restricted to usage with board 'digilentinc.com:nexys4_ddr:part0:1.1'
ERROR: [IP_Flow 19-262] [HDL Parser] Failed to parse top module entity.  This can result from an empty entity or module declaration (i.e. no ports or parameters/generics).  Check that design unit "stream_jpg_yy_nv_mn_v1_0" of HDL file "c:/users/yy/desktop/ece532_debug/img_proc_full\jpeg.srcs/sources_1/ip/blk_mem_gen_0/synth/blk_mem_gen_0.vhd" is not empty.
ERROR: [IP_Flow 19-258] [HDL Parser] Error parsing HDL file 'jpeg.srcs/sources_1/ip/blk_mem_gen_0/synth/blk_mem_gen_0.vhd'.
ipx::merge_project_changes: Time (s): cpu = 00:02:04 ; elapsed = 00:02:07 . Memory (MB): peak = 952.195 ; gain = 106.891
ERROR: [Common 17-39] 'ipx::merge_project_changes' failed due to earlier errors.
ipx::merge_project_changes files [ipx::current_core]
WARNING: [IP_Flow 19-4963] blk_mem_gen_3 has board value specified. The packaged IP will be restricted to usage with board 'digilentinc.com:nexys4_ddr:part0:1.1'
WARNING: [IP_Flow 19-4963] blk_mem_gen_2 has board value specified. The packaged IP will be restricted to usage with board 'digilentinc.com:nexys4_ddr:part0:1.1'
WARNING: [IP_Flow 19-4963] fifo_generator_0 has board value specified. The packaged IP will be restricted to usage with board 'digilentinc.com:nexys4_ddr:part0:1.1'
WARNING: [IP_Flow 19-4963] blk_mem_gen_0 has board value specified. The packaged IP will be restricted to usage with board 'digilentinc.com:nexys4_ddr:part0:1.1'
WARNING: [IP_Flow 19-3833] Unreferenced file from the top module is not packaged: 'C:/Users/yy/Desktop/ece532_debug/img_proc_full/ip/ip.srcs/sources_1/image_processor_wrapper.v'.
WARNING: [IP_Flow 19-4963] clk_wiz_0 has board value specified. The packaged IP will be restricted to usage with board 'digilentinc.com:nexys4_ddr:part0:1.1'
WARNING: [IP_Flow 19-4963] blk_mem_gen_4 has board value specified. The packaged IP will be restricted to usage with board 'digilentinc.com:nexys4_ddr:part0:1.1'
exit
INFO: [Common 17-206] Exiting Vivado at Thu Mar 16 09:09:52 2017...
